{"target": -0.40313216261565205, "params": {"bus_acc": 1.9147, "bus_dcc": 3.5541, "bus_lcAssertive": 49.5408, "bus_lcCooperative": 0.2875, "bus_lcLookaheadLeft": 27.6086, "bus_lcPushy": 0.9869, "bus_lcSigma": 0.1217, "bus_lcSpeedGainRight": 0.0214, "bus_lcSublane": 0.008, "bus_sigma": 0.4475, "bus_tau_mean": 3.9771, "bus_tau_std": 3.2971, "bus_v_mean": 9.9934, "bus_v_std": 6.1409, "car_acc": 1.5342, "car_dcc": 3.9163, "car_lcAssertive": 42.0041, "car_lcCooperative": 0.3832, "car_lcLookaheadLeft": 53.7202, "car_lcPushy": 0.5318, "car_lcSigma": 0.1655, "car_lcSpeedGainRight": 3.7042, "car_lcSublane": 0.723, "car_sigma": 0.9803, "car_tau_mean": 3.4017, "car_tau_std": 3.0787, "car_v_mean": 24.6389, "car_v_std": 8.304}, "datetime": {"datetime": "2024-08-11 19:04:03", "elapsed": 4914.508091, "delta": 4.242578}}
{"target": -0.3659806026304722, "params": {"bus_acc": 2.1892, "bus_dcc": 2.5355, "bus_lcAssertive": 96.2674, "bus_lcCooperative": 0.3257, "bus_lcLookaheadLeft": 71.0318, "bus_lcPushy": 0.319, "bus_lcSigma": 0.0931, "bus_lcSpeedGainRight": 4.6497, "bus_lcSublane": 0.0105, "bus_sigma": 0.9385, "bus_tau_mean": 1.4777, "bus_tau_std": 1.8588, "bus_v_mean": 9.0802, "bus_v_std": 14.5902, "car_acc": 2.1943, "car_dcc": 3.8665, "car_lcAssertive": 28.569, "car_lcCooperative": 0.281, "car_lcLookaheadLeft": 6.6227, "car_lcPushy": 0.9637, "car_lcSigma": 0.7193, "car_lcSpeedGainRight": 3.7044, "car_lcSublane": 0.6142, "car_sigma": 0.0802, "car_tau_mean": 3.3066, "car_tau_std": 8.4674, "car_v_mean": 11.1473, "car_v_std": 0.1314}, "datetime": {"datetime": "2024-08-11 19:04:10", "elapsed": 4921.208533, "delta": 6.700442}}
{"target": -0.438401918549612, "params": {"bus_acc": 1.282, "bus_dcc": 1.6027, "bus_lcAssertive": 50.0829, "bus_lcCooperative": 0.1483, "bus_lcLookaheadLeft": 68.509, "bus_lcPushy": 0.5183, "bus_lcSigma": 0.419, "bus_lcSpeedGainRight": 4.7019, "bus_lcSublane": 0.7026, "bus_sigma": 0.8933, "bus_tau_mean": 2.1636, "bus_tau_std": 3.6512, "bus_v_mean": 18.2209, "bus_v_std": 4.0933, "car_acc": 3.5357, "car_dcc": 1.1462, "car_lcAssertive": 89.9283, "car_lcCooperative": 0.6547, "car_lcLookaheadLeft": 58.7932, "car_lcPushy": 0.9256, "car_lcSigma": 0.9389, "car_lcSpeedGainRight": 1.3892, "car_lcSublane": 0.0093, "car_sigma": 0.7982, "car_tau_mean": 2.8134, "car_tau_std": 9.7044, "car_v_mean": 18.1285, "car_v_std": 13.7659}, "datetime": {"datetime": "2024-08-11 19:04:13", "elapsed": 4924.418337, "delta": 3.209804}}
{"target": -0.25007197243141854, "params": {"bus_acc": 0.6612, "bus_dcc": 1.2349, "bus_lcAssertive": 70.9284, "bus_lcCooperative": 0.7808, "bus_lcLookaheadLeft": 34.9935, "bus_lcPushy": 0.8143, "bus_lcSigma": 0.2724, "bus_lcSpeedGainRight": 1.3262, "bus_lcSublane": 0.4039, "bus_sigma": 0.8458, "bus_tau_mean": 2.9674, "bus_tau_std": 6.9955, "bus_v_mean": 13.4295, "bus_v_std": 10.8336, "car_acc": 0.2078, "car_dcc": 3.2508, "car_lcAssertive": 32.4406, "car_lcCooperative": 0.4806, "car_lcLookaheadLeft": 17.5554, "car_lcPushy": 0.7863, "car_lcSigma": 0.3425, "car_lcSpeedGainRight": 1.1182, "car_lcSublane": 0.2424, "car_sigma": 0.0565, "car_tau_mean": 2.0792, "car_tau_std": 9.0155, "car_v_mean": 19.8001, "car_v_std": 15.1965}, "datetime": {"datetime": "2024-08-11 19:04:19", "elapsed": 4930.619139, "delta": 6.200802}}
{"target": -0.4647519562722537, "params": {"bus_acc": 1.3383, "bus_dcc": 1.8888, "bus_lcAssertive": 53.5199, "bus_lcCooperative": 0.086, "bus_lcLookaheadLeft": 24.0399, "bus_lcPushy": 0.1332, "bus_lcSigma": 0.3058, "bus_lcSpeedGainRight": 2.3193, "bus_lcSublane": 0.554, "bus_sigma": 0.1487, "bus_tau_mean": 0.7077, "bus_tau_std": 9.4291, "bus_v_mean": 24.8669, "bus_v_std": 1.5649, "car_acc": 2.5447, "car_dcc": 0.3635, "car_lcAssertive": 80.6572, "car_lcCooperative": 0.5634, "car_lcLookaheadLeft": 5.6424, "car_lcPushy": 0.2716, "car_lcSigma": 0.7252, "car_lcSpeedGainRight": 3.8223, "car_lcSublane": 0.1786, "car_sigma": 0.4048, "car_tau_mean": 1.048, "car_tau_std": 8.4425, "car_v_mean": 24.0725, "car_v_std": 14.6285}, "datetime": {"datetime": "2024-08-11 19:04:26", "elapsed": 4937.316625, "delta": 6.697486}}
{"target": -0.40709657884377565, "params": {"bus_acc": 1.4908, "bus_dcc": 3.0927, "bus_lcAssertive": 31.0609, "bus_lcCooperative": 0.7042, "bus_lcLookaheadLeft": 31.0754, "bus_lcPushy": 0.3131, "bus_lcSigma": 0.9434, "bus_lcSpeedGainRight": 3.5904, "bus_lcSublane": 0.8873, "bus_sigma": 0.5269, "bus_tau_mean": 1.3026, "bus_tau_std": 4.6931, "bus_v_mean": 8.0236, "bus_v_std": 18.8723, "car_acc": 1.5478, "car_dcc": 3.2044, "car_lcAssertive": 9.2369, "car_lcCooperative": 0.8645, "car_lcLookaheadLeft": 59.0012, "car_lcPushy": 0.825, "car_lcSigma": 0.8838, "car_lcSpeedGainRight": 0.627, "car_lcSublane": 0.1692, "car_sigma": 0.6859, "car_tau_mean": 1.1862, "car_tau_std": 5.6254, "car_v_mean": 19.2314, "car_v_std": 4.7303}, "datetime": {"datetime": "2024-08-11 19:04:34", "elapsed": 4944.78675, "delta": 7.470125}}
{"target": -0.3945016068591059, "params": {"bus_acc": 2.8194, "bus_dcc": 3.4819, "bus_lcAssertive": 56.3543, "bus_lcCooperative": 0.739, "bus_lcLookaheadLeft": 21.3691, "bus_lcPushy": 0.2241, "bus_lcSigma": 0.5422, "bus_lcSpeedGainRight": 3.8743, "bus_lcSublane": 0.0243, "bus_sigma": 0.0606, "bus_tau_mean": 2.8242, "bus_tau_std": 0.3543, "bus_v_mean": 11.0043, "bus_v_std": 16.3088, "car_acc": 0.6926, "car_dcc": 1.9859, "car_lcAssertive": 33.9116, "car_lcCooperative": 0.4336, "car_lcLookaheadLeft": 76.4911, "car_lcPushy": 0.5537, "car_lcSigma": 0.0429, "car_lcSpeedGainRight": 1.7897, "car_lcSublane": 0.5363, "car_sigma": 0.8785, "car_tau_mean": 3.8177, "car_tau_std": 0.5199, "car_v_mean": 11.5084, "car_v_std": 12.0756}, "datetime": {"datetime": "2024-08-11 19:04:38", "elapsed": 4948.706462, "delta": 3.919712}}
{"target": -0.265984245491842, "params": {"bus_acc": 1.8487, "bus_dcc": 2.9944, "bus_lcAssertive": 52.8205, "bus_lcCooperative": 0.8607, "bus_lcLookaheadLeft": 72.6124, "bus_lcPushy": 0.4149, "bus_lcSigma": 0.0405, "bus_lcSpeedGainRight": 2.9911, "bus_lcSublane": 0.1191, "bus_sigma": 0.342, "bus_tau_mean": 1.1774, "bus_tau_std": 6.6985, "bus_v_mean": 25.3653, "bus_v_std": 16.3767, "car_acc": 0.3592, "car_dcc": 3.9693, "car_lcAssertive": 85.2216, "car_lcCooperative": 0.8292, "car_lcLookaheadLeft": 38.9346, "car_lcPushy": 0.5383, "car_lcSigma": 0.2988, "car_lcSpeedGainRight": 0.759, "car_lcSublane": 0.1896, "car_sigma": 0.548, "car_tau_mean": 2.7389, "car_tau_std": 1.6361, "car_v_mean": 18.0423, "car_v_std": 4.2739}, "datetime": {"datetime": "2024-08-11 19:04:41", "elapsed": 4952.583545, "delta": 3.877083}}
{"target": -0.4441874215890746, "params": {"bus_acc": 3.8941, "bus_dcc": 0.7075, "bus_lcAssertive": 62.2317, "bus_lcCooperative": 0.8419, "bus_lcLookaheadLeft": 47.7346, "bus_lcPushy": 0.0566, "bus_lcSigma": 0.0531, "bus_lcSpeedGainRight": 1.5199, "bus_lcSublane": 0.0319, "bus_sigma": 0.4004, "bus_tau_mean": 2.6929, "bus_tau_std": 5.4186, "bus_v_mean": 9.2328, "bus_v_std": 10.8356, "car_acc": 1.9456, "car_dcc": 1.1196, "car_lcAssertive": 71.8152, "car_lcCooperative": 0.1506, "car_lcLookaheadLeft": 31.3947, "car_lcPushy": 0.3434, "car_lcSigma": 0.5783, "car_lcSpeedGainRight": 1.9939, "car_lcSublane": 0.4305, "car_sigma": 0.9407, "car_tau_mean": 1.2779, "car_tau_std": 8.8277, "car_v_mean": 9.7178, "car_v_std": 6.9318}, "datetime": {"datetime": "2024-08-11 19:04:46", "elapsed": 4956.678702, "delta": 4.095157}}
{"target": -0.5229099178331285, "params": {"bus_acc": 0.9376, "bus_dcc": 3.8643, "bus_lcAssertive": 4.9179, "bus_lcCooperative": 0.4591, "bus_lcLookaheadLeft": 78.6878, "bus_lcPushy": 0.1647, "bus_lcSigma": 0.6773, "bus_lcSpeedGainRight": 3.8843, "bus_lcSublane": 0.189, "bus_sigma": 0.8437, "bus_tau_mean": 3.4494, "bus_tau_std": 4.261, "bus_v_mean": 21.3882, "bus_v_std": 13.7617, "car_acc": 0.43, "car_dcc": 0.354, "car_lcAssertive": 65.1244, "car_lcCooperative": 0.6218, "car_lcLookaheadLeft": 46.5457, "car_lcPushy": 0.028, "car_lcSigma": 0.3859, "car_lcSpeedGainRight": 1.2664, "car_lcSublane": 0.5485, "car_sigma": 0.7499, "car_tau_mean": 2.9014, "car_tau_std": 2.5546, "car_v_mean": 18.6354, "car_v_std": 10.9565}, "datetime": {"datetime": "2024-08-11 19:04:55", "elapsed": 4966.217373, "delta": 9.538671}}
{"target": -0.26394030878103486, "params": {"bus_acc": 3.9696, "bus_dcc": 0.7464, "bus_lcAssertive": 81.7495, "bus_lcCooperative": 0.7462, "bus_lcLookaheadLeft": 29.0805, "bus_lcPushy": 0.5193, "bus_lcSigma": 0.0883, "bus_lcSpeedGainRight": 1.5267, "bus_lcSublane": 0.4821, "bus_sigma": 0.7573, "bus_tau_mean": 2.9739, "bus_tau_std": 8.3489, "bus_v_mean": 9.4627, "bus_v_std": 10.6044, "car_acc": 0.2509, "car_dcc": 0.4783, "car_lcAssertive": 93.1762, "car_lcCooperative": 0.2272, "car_lcLookaheadLeft": 51.5584, "car_lcPushy": 0.3421, "car_lcSigma": 0.4207, "car_lcSpeedGainRight": 0.6194, "car_lcSublane": 0.7525, "car_sigma": 0.9199, "car_tau_mean": 0.8611, "car_tau_std": 4.963, "car_v_mean": 16.293, "car_v_std": 12.9414}, "datetime": {"datetime": "2024-08-11 19:05:00", "elapsed": 4970.876867, "delta": 4.659494}}
{"target": -0.6392397818601068, "params": {"bus_acc": 3.8718, "bus_dcc": 1.8849, "bus_lcAssertive": 70.4111, "bus_lcCooperative": 0.0109, "bus_lcLookaheadLeft": 34.0393, "bus_lcPushy": 0.3903, "bus_lcSigma": 0.9821, "bus_lcSpeedGainRight": 0.3295, "bus_lcSublane": 0.5822, "bus_sigma": 0.44, "bus_tau_mean": 1.2376, "bus_tau_std": 5.5446, "bus_v_mean": 24.7021, "bus_v_std": 10.7916, "car_acc": 1.8459, "car_dcc": 0.9998, "car_lcAssertive": 2.1833, "car_lcCooperative": 0.3641, "car_lcLookaheadLeft": 9.8023, "car_lcPushy": 0.569, "car_lcSigma": 0.9978, "car_lcSpeedGainRight": 2.4955, "car_lcSublane": 0.6236, "car_sigma": 0.0508, "car_tau_mean": 3.0944, "car_tau_std": 1.8888, "car_v_mean": 19.7627, "car_v_std": 16.4596}, "datetime": {"datetime": "2024-08-11 19:05:03", "elapsed": 4974.530986, "delta": 3.654119}}
{"target": -0.5877437092361403, "params": {"bus_acc": 3.9687, "bus_dcc": 0.5049, "bus_lcAssertive": 58.2562, "bus_lcCooperative": 0.1805, "bus_lcLookaheadLeft": 80.957, "bus_lcPushy": 0.0016, "bus_lcSigma": 0.9343, "bus_lcSpeedGainRight": 1.1764, "bus_lcSublane": 0.9006, "bus_sigma": 0.9579, "bus_tau_mean": 1.1902, "bus_tau_std": 0.2526, "bus_v_mean": 14.2621, "bus_v_std": 12.4227, "car_acc": 3.8627, "car_dcc": 0.9105, "car_lcAssertive": 5.4467, "car_lcCooperative": 0.0721, "car_lcLookaheadLeft": 2.0907, "car_lcPushy": 0.2836, "car_lcSigma": 0.2688, "car_lcSpeedGainRight": 3.8002, "car_lcSublane": 0.4427, "car_sigma": 0.4191, "car_tau_mean": 2.0051, "car_tau_std": 4.5752, "car_v_mean": 17.8466, "car_v_std": 12.774}, "datetime": {"datetime": "2024-08-11 19:05:10", "elapsed": 4980.978891, "delta": 6.447905}}
{"target": -0.5069093461696798, "params": {"bus_acc": 2.705, "bus_dcc": 1.697, "bus_lcAssertive": 84.361, "bus_lcCooperative": 0.3199, "bus_lcLookaheadLeft": 68.2606, "bus_lcPushy": 0.8589, "bus_lcSigma": 0.9713, "bus_lcSpeedGainRight": 1.8397, "bus_lcSublane": 0.8266, "bus_sigma": 0.7283, "bus_tau_mean": 3.8698, "bus_tau_std": 0.8939, "bus_v_mean": 23.1839, "bus_v_std": 10.5576, "car_acc": 3.7367, "car_dcc": 0.3929, "car_lcAssertive": 72.2591, "car_lcCooperative": 0.1585, "car_lcLookaheadLeft": 80.6887, "car_lcPushy": 0.313, "car_lcSigma": 0.3787, "car_lcSpeedGainRight": 0.948, "car_lcSublane": 0.7673, "car_sigma": 0.7655, "car_tau_mean": 0.9153, "car_tau_std": 6.2388, "car_v_mean": 16.5714, "car_v_std": 17.7523}, "datetime": {"datetime": "2024-08-11 19:05:17", "elapsed": 4987.776336, "delta": 6.797445}}
{"target": -0.38090748226270715, "params": {"bus_acc": 0.4842, "bus_dcc": 0.4715, "bus_lcAssertive": 5.9982, "bus_lcCooperative": 0.3264, "bus_lcLookaheadLeft": 83.809, "bus_lcPushy": 0.0575, "bus_lcSigma": 0.2466, "bus_lcSpeedGainRight": 0.708, "bus_lcSublane": 0.5552, "bus_sigma": 0.3782, "bus_tau_mean": 3.4833, "bus_tau_std": 8.8745, "bus_v_mean": 20.3383, "bus_v_std": 4.5251, "car_acc": 0.8817, "car_dcc": 3.1071, "car_lcAssertive": 25.3935, "car_lcCooperative": 0.5455, "car_lcLookaheadLeft": 40.7405, "car_lcPushy": 0.5349, "car_lcSigma": 0.571, "car_lcSpeedGainRight": 1.0925, "car_lcSublane": 0.9662, "car_sigma": 0.4507, "car_tau_mean": 3.4473, "car_tau_std": 4.485, "car_v_mean": 11.5332, "car_v_std": 3.7819}, "datetime": {"datetime": "2024-08-11 19:05:21", "elapsed": 4991.79045, "delta": 4.014114}}
{"target": -0.3395067597681824, "params": {"bus_acc": 0.7817, "bus_dcc": 1.0454, "bus_lcAssertive": 31.9443, "bus_lcCooperative": 0.9519, "bus_lcLookaheadLeft": 86.6369, "bus_lcPushy": 0.6781, "bus_lcSigma": 0.0726, "bus_lcSpeedGainRight": 1.0883, "bus_lcSublane": 0.4168, "bus_sigma": 0.4212, "bus_tau_mean": 3.6122, "bus_tau_std": 7.9651, "bus_v_mean": 21.1954, "bus_v_std": 14.3457, "car_acc": 2.4366, "car_dcc": 1.4266, "car_lcAssertive": 59.9038, "car_lcCooperative": 0.1293, "car_lcLookaheadLeft": 63.9734, "car_lcPushy": 0.3751, "car_lcSigma": 0.2595, "car_lcSpeedGainRight": 3.5267, "car_lcSublane": 0.0343, "car_sigma": 0.9101, "car_tau_mean": 2.3684, "car_tau_std": 4.9745, "car_v_mean": 25.1559, "car_v_std": 8.5235}, "datetime": {"datetime": "2024-08-11 19:05:27", "elapsed": 4997.819112, "delta": 6.028662}}
{"target": -0.46750395767296715, "params": {"bus_acc": 3.4353, "bus_dcc": 1.654, "bus_lcAssertive": 82.1909, "bus_lcCooperative": 0.8792, "bus_lcLookaheadLeft": 31.7312, "bus_lcPushy": 0.5828, "bus_lcSigma": 0.1871, "bus_lcSpeedGainRight": 2.1981, "bus_lcSublane": 0.195, "bus_sigma": 0.45, "bus_tau_mean": 1.5812, "bus_tau_std": 0.1366, "bus_v_mean": 22.8795, "bus_v_std": 15.0308, "car_acc": 2.1611, "car_dcc": 0.5353, "car_lcAssertive": 20.052, "car_lcCooperative": 0.0075, "car_lcLookaheadLeft": 70.8281, "car_lcPushy": 0.1589, "car_lcSigma": 0.4885, "car_lcSpeedGainRight": 2.4841, "car_lcSublane": 0.7243, "car_sigma": 0.5982, "car_tau_mean": 2.1955, "car_tau_std": 3.6162, "car_v_mean": 21.4068, "car_v_std": 5.2692}, "datetime": {"datetime": "2024-08-11 19:05:31", "elapsed": 5001.967933, "delta": 4.148821}}
{"target": -0.38196443871431357, "params": {"bus_acc": 3.9331, "bus_dcc": 0.6782, "bus_lcAssertive": 25.286, "bus_lcCooperative": 0.5257, "bus_lcLookaheadLeft": 94.5755, "bus_lcPushy": 0.398, "bus_lcSigma": 0.8205, "bus_lcSpeedGainRight": 0.9196, "bus_lcSublane": 0.3269, "bus_sigma": 0.2793, "bus_tau_mean": 3.7388, "bus_tau_std": 7.1393, "bus_v_mean": 25.93, "bus_v_std": 4.074, "car_acc": 1.874, "car_dcc": 3.2948, "car_lcAssertive": 65.5982, "car_lcCooperative": 0.6922, "car_lcLookaheadLeft": 89.8883, "car_lcPushy": 0.5714, "car_lcSigma": 0.9416, "car_lcSpeedGainRight": 1.9496, "car_lcSublane": 0.5314, "car_sigma": 0.8068, "car_tau_mean": 0.7366, "car_tau_std": 7.4897, "car_v_mean": 18.3222, "car_v_std": 3.3183}, "datetime": {"datetime": "2024-08-11 19:05:35", "elapsed": 5006.17801, "delta": 4.210077}}
{"target": -0.45371666923988546, "params": {"bus_acc": 2.4136, "bus_dcc": 3.2793, "bus_lcAssertive": 64.2232, "bus_lcCooperative": 0.2064, "bus_lcLookaheadLeft": 47.0616, "bus_lcPushy": 0.0152, "bus_lcSigma": 0.0814, "bus_lcSpeedGainRight": 0.6529, "bus_lcSublane": 0.142, "bus_sigma": 0.7577, "bus_tau_mean": 2.7667, "bus_tau_std": 4.1911, "bus_v_mean": 16.0334, "bus_v_std": 16.4893, "car_acc": 3.9707, "car_dcc": 1.1225, "car_lcAssertive": 43.2389, "car_lcCooperative": 0.4152, "car_lcLookaheadLeft": 75.8169, "car_lcPushy": 0.3171, "car_lcSigma": 0.8947, "car_lcSpeedGainRight": 0.1601, "car_lcSublane": 0.8547, "car_sigma": 0.7512, "car_tau_mean": 3.7208, "car_tau_std": 8.295, "car_v_mean": 15.6539, "car_v_std": 10.9242}, "datetime": {"datetime": "2024-08-11 19:05:44", "elapsed": 5014.645436, "delta": 8.467426}}
{"target": -0.39770855528906585, "params": {"bus_acc": 2.6415, "bus_dcc": 2.7837, "bus_lcAssertive": 58.4626, "bus_lcCooperative": 0.4163, "bus_lcLookaheadLeft": 61.9054, "bus_lcPushy": 0.8544, "bus_lcSigma": 0.2144, "bus_lcSpeedGainRight": 0.8433, "bus_lcSublane": 0.4647, "bus_sigma": 0.6856, "bus_tau_mean": 1.7371, "bus_tau_std": 7.15, "bus_v_mean": 24.8837, "bus_v_std": 17.0855, "car_acc": 1.7699, "car_dcc": 3.5119, "car_lcAssertive": 92.9616, "car_lcCooperative": 0.8552, "car_lcLookaheadLeft": 35.7686, "car_lcPushy": 0.9396, "car_lcSigma": 0.9897, "car_lcSpeedGainRight": 0.2245, "car_lcSublane": 0.9778, "car_sigma": 0.6499, "car_tau_mean": 1.7274, "car_tau_std": 9.2879, "car_v_mean": 24.0842, "car_v_std": 10.6778}, "datetime": {"datetime": "2024-08-11 19:05:47", "elapsed": 5018.364264, "delta": 3.718828}}
{"target": -0.41748516653962, "params": {"bus_acc": 2.1971, "bus_dcc": 2.678, "bus_lcAssertive": 34.7064, "bus_lcCooperative": 0.9575, "bus_lcLookaheadLeft": 28.7361, "bus_lcPushy": 0.6085, "bus_lcSigma": 0.1937, "bus_lcSpeedGainRight": 4.8329, "bus_lcSublane": 0.9911, "bus_sigma": 0.9894, "bus_tau_mean": 3.5692, "bus_tau_std": 8.3587, "bus_v_mean": 18.413, "bus_v_std": 12.2096, "car_acc": 3.2194, "car_dcc": 1.8184, "car_lcAssertive": 50.7786, "car_lcCooperative": 0.4925, "car_lcLookaheadLeft": 61.247, "car_lcPushy": 0.2028, "car_lcSigma": 0.5667, "car_lcSpeedGainRight": 4.6091, "car_lcSublane": 0.2817, "car_sigma": 0.0427, "car_tau_mean": 3.7229, "car_tau_std": 5.9198, "car_v_mean": 19.2239, "car_v_std": 15.1943}, "datetime": {"datetime": "2024-08-11 19:05:52", "elapsed": 5022.994744, "delta": 4.63048}}
{"target": -0.37119093399063346, "params": {"bus_acc": 1.8239, "bus_dcc": 3.1354, "bus_lcAssertive": 55.2934, "bus_lcCooperative": 0.7666, "bus_lcLookaheadLeft": 48.4641, "bus_lcPushy": 0.5158, "bus_lcSigma": 0.3774, "bus_lcSpeedGainRight": 4.3817, "bus_lcSublane": 0.8473, "bus_sigma": 0.2482, "bus_tau_mean": 3.3231, "bus_tau_std": 5.2341, "bus_v_mean": 21.688, "bus_v_std": 17.5338, "car_acc": 3.3172, "car_dcc": 1.8793, "car_lcAssertive": 67.6079, "car_lcCooperative": 0.9845, "car_lcLookaheadLeft": 28.8591, "car_lcPushy": 0.6806, "car_lcSigma": 0.3885, "car_lcSpeedGainRight": 1.754, "car_lcSublane": 0.0882, "car_sigma": 0.6657, "car_tau_mean": 1.5454, "car_tau_std": 2.9263, "car_v_mean": 15.8898, "car_v_std": 11.3256}, "datetime": {"datetime": "2024-08-11 19:05:55", "elapsed": 5026.51895, "delta": 3.524206}}
{"target": -0.421658629727953, "params": {"bus_acc": 2.3018, "bus_dcc": 0.5113, "bus_lcAssertive": 55.449, "bus_lcCooperative": 0.9805, "bus_lcLookaheadLeft": 92.2696, "bus_lcPushy": 0.6952, "bus_lcSigma": 0.6275, "bus_lcSpeedGainRight": 3.2495, "bus_lcSublane": 0.899, "bus_sigma": 0.2182, "bus_tau_mean": 2.9317, "bus_tau_std": 0.9474, "bus_v_mean": 21.03, "bus_v_std": 19.468, "car_acc": 3.0117, "car_dcc": 1.9345, "car_lcAssertive": 83.2204, "car_lcCooperative": 0.9423, "car_lcLookaheadLeft": 95.9784, "car_lcPushy": 0.391, "car_lcSigma": 0.3666, "car_lcSpeedGainRight": 3.7817, "car_lcSublane": 0.2492, "car_sigma": 0.7494, "car_tau_mean": 2.8749, "car_tau_std": 8.3585, "car_v_mean": 11.274, "car_v_std": 1.6488}, "datetime": {"datetime": "2024-08-11 19:06:00", "elapsed": 5031.573773, "delta": 5.054823}}
{"target": -0.3921288413175856, "params": {"bus_acc": 2.6322, "bus_dcc": 2.3712, "bus_lcAssertive": 88.9104, "bus_lcCooperative": 0.0047, "bus_lcLookaheadLeft": 19.1585, "bus_lcPushy": 0.5605, "bus_lcSigma": 0.1984, "bus_lcSpeedGainRight": 1.6275, "bus_lcSublane": 0.6223, "bus_sigma": 0.4348, "bus_tau_mean": 3.527, "bus_tau_std": 5.182, "bus_v_mean": 13.187, "bus_v_std": 3.322, "car_acc": 0.8361, "car_dcc": 0.878, "car_lcAssertive": 22.3225, "car_lcCooperative": 0.9709, "car_lcLookaheadLeft": 50.0005, "car_lcPushy": 0.4615, "car_lcSigma": 0.946, "car_lcSpeedGainRight": 4.6343, "car_lcSublane": 0.1991, "car_sigma": 0.2513, "car_tau_mean": 1.2764, "car_tau_std": 5.3704, "car_v_mean": 23.1565, "car_v_std": 5.9453}, "datetime": {"datetime": "2024-08-11 19:06:07", "elapsed": 5038.320604, "delta": 6.746831}}
{"target": -0.442118665225072, "params": {"bus_acc": 1.5442, "bus_dcc": 0.8183, "bus_lcAssertive": 10.3499, "bus_lcCooperative": 0.644, "bus_lcLookaheadLeft": 41.7402, "bus_lcPushy": 0.534, "bus_lcSigma": 0.4061, "bus_lcSpeedGainRight": 1.5525, "bus_lcSublane": 0.731, "bus_sigma": 0.1312, "bus_tau_mean": 1.04, "bus_tau_std": 3.3773, "bus_v_mean": 13.2535, "bus_v_std": 16.1462, "car_acc": 1.4583, "car_dcc": 3.8643, "car_lcAssertive": 21.3891, "car_lcCooperative": 0.0065, "car_lcLookaheadLeft": 38.3948, "car_lcPushy": 0.7332, "car_lcSigma": 0.9413, "car_lcSpeedGainRight": 0.2482, "car_lcSublane": 0.7172, "car_sigma": 0.1832, "car_tau_mean": 3.5308, "car_tau_std": 3.5232, "car_v_mean": 8.6514, "car_v_std": 2.791}, "datetime": {"datetime": "2024-08-11 19:06:11", "elapsed": 5041.94633, "delta": 3.625726}}
{"target": -0.25994855660591826, "params": {"bus_acc": 0.3401, "bus_dcc": 1.0306, "bus_lcAssertive": 36.5316, "bus_lcCooperative": 0.9905, "bus_lcLookaheadLeft": 61.5577, "bus_lcPushy": 0.4969, "bus_lcSigma": 0.4027, "bus_lcSpeedGainRight": 3.8807, "bus_lcSublane": 0.7373, "bus_sigma": 0.033, "bus_tau_mean": 0.6762, "bus_tau_std": 4.5938, "bus_v_mean": 16.9149, "bus_v_std": 15.2771, "car_acc": 0.2176, "car_dcc": 3.3908, "car_lcAssertive": 66.5808, "car_lcCooperative": 0.9099, "car_lcLookaheadLeft": 83.103, "car_lcPushy": 0.2287, "car_lcSigma": 0.5941, "car_lcSpeedGainRight": 4.5107, "car_lcSublane": 0.1229, "car_sigma": 0.0048, "car_tau_mean": 1.841, "car_tau_std": 1.4501, "car_v_mean": 16.7176, "car_v_std": 6.3461}, "datetime": {"datetime": "2024-08-11 19:06:15", "elapsed": 5046.514281, "delta": 4.567951}}
