{"target": -0.48401824143200534, "params": {"bus_acc": 1.5657, "bus_dcc": 2.0252, "bus_lcAssertive": 52.1485, "bus_lcCooperative": 0.7361, "bus_lcLookaheadLeft": 77.6103, "bus_lcPushy": 0.318, "bus_lcSigma": 0.366, "bus_lcSpeedGainRight": 2.4612, "bus_lcSublane": 0.0768, "bus_sigma": 0.2012, "bus_tau_mean": 2.1383, "bus_tau_std": 7.9373, "bus_v_mean": 18.1645, "bus_v_std": 19.8763, "car_acc": 2.6015, "car_dcc": 0.3421, "car_lcAssertive": 4.7687, "car_lcCooperative": 0.6492, "car_lcLookaheadLeft": 73.6895, "car_lcPushy": 0.4318, "car_lcSigma": 0.3846, "car_lcSpeedGainRight": 3.9289, "car_lcSublane": 0.6807, "car_sigma": 0.5168, "car_tau_mean": 3.5475, "car_tau_std": 5.4354, "car_v_mean": 24.5597, "car_v_std": 11.4448}, "datetime": {"datetime": "2024-08-11 20:46:29", "elapsed": 11060.296338, "delta": 11.960798}}
{"target": -0.6333421620089579, "params": {"bus_acc": 3.5381, "bus_dcc": 3.8354, "bus_lcAssertive": 61.7092, "bus_lcCooperative": 0.6673, "bus_lcLookaheadLeft": 30.8489, "bus_lcPushy": 0.3705, "bus_lcSigma": 0.6471, "bus_lcSpeedGainRight": 2.4039, "bus_lcSublane": 0.0162, "bus_sigma": 0.055, "bus_tau_mean": 3.9106, "bus_tau_std": 2.861, "bus_v_mean": 25.9825, "bus_v_std": 13.8313, "car_acc": 2.0159, "car_dcc": 2.3372, "car_lcAssertive": 2.3981, "car_lcCooperative": 0.7303, "car_lcLookaheadLeft": 21.0382, "car_lcPushy": 0.5724, "car_lcSigma": 0.0804, "car_lcSpeedGainRight": 1.0358, "car_lcSublane": 0.6191, "car_sigma": 0.4067, "car_tau_mean": 3.6651, "car_tau_std": 8.7515, "car_v_mean": 24.9165, "car_v_std": 8.7472}, "datetime": {"datetime": "2024-08-11 20:46:39", "elapsed": 11070.287657, "delta": 9.991319}}
{"target": -0.49274326491251585, "params": {"bus_acc": 1.7748, "bus_dcc": 2.6405, "bus_lcAssertive": 61.0478, "bus_lcCooperative": 0.7682, "bus_lcLookaheadLeft": 10.2524, "bus_lcPushy": 0.2554, "bus_lcSigma": 0.6096, "bus_lcSpeedGainRight": 0.3993, "bus_lcSublane": 0.3642, "bus_sigma": 0.4267, "bus_tau_mean": 1.3829, "bus_tau_std": 2.1435, "bus_v_mean": 18.6566, "bus_v_std": 3.7197, "car_acc": 2.8958, "car_dcc": 2.1279, "car_lcAssertive": 21.0669, "car_lcCooperative": 0.245, "car_lcLookaheadLeft": 49.0952, "car_lcPushy": 0.9785, "car_lcSigma": 0.4119, "car_lcSpeedGainRight": 4.0399, "car_lcSublane": 0.9178, "car_sigma": 0.52, "car_tau_mean": 1.2046, "car_tau_std": 1.6484, "car_v_mean": 16.4675, "car_v_std": 12.6447}, "datetime": {"datetime": "2024-08-11 20:46:50", "elapsed": 11080.72375, "delta": 10.436093}}
{"target": -0.45120821837234115, "params": {"bus_acc": 1.3454, "bus_dcc": 1.7018, "bus_lcAssertive": 61.1269, "bus_lcCooperative": 0.3088, "bus_lcLookaheadLeft": 72.6501, "bus_lcPushy": 0.7474, "bus_lcSigma": 0.4044, "bus_lcSpeedGainRight": 2.8541, "bus_lcSublane": 0.1503, "bus_sigma": 0.743, "bus_tau_mean": 3.1524, "bus_tau_std": 9.6866, "bus_v_mean": 23.6945, "bus_v_std": 13.6646, "car_acc": 1.85, "car_dcc": 1.2287, "car_lcAssertive": 73.8963, "car_lcCooperative": 0.2975, "car_lcLookaheadLeft": 93.599, "car_lcPushy": 0.4527, "car_lcSigma": 0.3075, "car_lcSpeedGainRight": 2.0314, "car_lcSublane": 0.3258, "car_sigma": 0.039, "car_tau_mean": 3.6743, "car_tau_std": 6.5925, "car_v_mean": 18.1597, "car_v_std": 9.9314}, "datetime": {"datetime": "2024-08-11 20:47:01", "elapsed": 11092.062328, "delta": 11.338578}}
{"target": -0.44366759392668786, "params": {"bus_acc": 2.1088, "bus_dcc": 2.2377, "bus_lcAssertive": 69.4906, "bus_lcCooperative": 0.9573, "bus_lcLookaheadLeft": 12.3219, "bus_lcPushy": 0.6112, "bus_lcSigma": 0.9295, "bus_lcSpeedGainRight": 3.5258, "bus_lcSublane": 0.267, "bus_sigma": 0.5598, "bus_tau_mean": 1.7795, "bus_tau_std": 6.4639, "bus_v_mean": 22.6916, "bus_v_std": 17.4987, "car_acc": 2.901, "car_dcc": 0.2547, "car_lcAssertive": 70.1507, "car_lcCooperative": 0.2899, "car_lcLookaheadLeft": 17.0526, "car_lcPushy": 0.9107, "car_lcSigma": 0.1768, "car_lcSpeedGainRight": 1.8293, "car_lcSublane": 0.2862, "car_sigma": 0.7482, "car_tau_mean": 3.1487, "car_tau_std": 8.396, "car_v_mean": 10.9371, "car_v_std": 16.9379}, "datetime": {"datetime": "2024-08-11 20:47:12", "elapsed": 11103.480574, "delta": 11.418246}}
{"target": -0.3810038526648338, "params": {"bus_acc": 1.5015, "bus_dcc": 3.0516, "bus_lcAssertive": 91.7878, "bus_lcCooperative": 0.8732, "bus_lcLookaheadLeft": 32.9905, "bus_lcPushy": 0.8255, "bus_lcSigma": 0.9327, "bus_lcSpeedGainRight": 1.2356, "bus_lcSublane": 0.7053, "bus_sigma": 0.9275, "bus_tau_mean": 2.7124, "bus_tau_std": 1.7849, "bus_v_mean": 22.4588, "bus_v_std": 16.8016, "car_acc": 1.3381, "car_dcc": 2.955, "car_lcAssertive": 31.4397, "car_lcCooperative": 0.8065, "car_lcLookaheadLeft": 67.5261, "car_lcPushy": 0.1014, "car_lcSigma": 0.778, "car_lcSpeedGainRight": 4.8178, "car_lcSublane": 0.6635, "car_sigma": 0.9561, "car_tau_mean": 3.3501, "car_tau_std": 6.7106, "car_v_mean": 15.8952, "car_v_std": 8.049}, "datetime": {"datetime": "2024-08-11 20:47:21", "elapsed": 11112.260072, "delta": 8.779498}}
{"target": -0.4083918423846083, "params": {"bus_acc": 0.8336, "bus_dcc": 1.925, "bus_lcAssertive": 4.771, "bus_lcCooperative": 0.6163, "bus_lcLookaheadLeft": 99.985, "bus_lcPushy": 0.2159, "bus_lcSigma": 0.3607, "bus_lcSpeedGainRight": 2.8084, "bus_lcSublane": 0.8206, "bus_sigma": 0.1699, "bus_tau_mean": 2.8132, "bus_tau_std": 1.5288, "bus_v_mean": 10.6418, "bus_v_std": 19.767, "car_acc": 1.8678, "car_dcc": 2.5266, "car_lcAssertive": 75.2952, "car_lcCooperative": 0.9088, "car_lcLookaheadLeft": 57.6244, "car_lcPushy": 0.2997, "car_lcSigma": 0.0874, "car_lcSpeedGainRight": 3.1978, "car_lcSublane": 0.0122, "car_sigma": 0.2995, "car_tau_mean": 3.1105, "car_tau_std": 9.4466, "car_v_mean": 18.3137, "car_v_std": 18.0249}, "datetime": {"datetime": "2024-08-11 20:47:35", "elapsed": 11125.760733, "delta": 13.500661}}
{"target": -0.4365546598225669, "params": {"bus_acc": 2.8494, "bus_dcc": 2.9183, "bus_lcAssertive": 61.7622, "bus_lcCooperative": 0.4028, "bus_lcLookaheadLeft": 34.9352, "bus_lcPushy": 0.0152, "bus_lcSigma": 0.0198, "bus_lcSpeedGainRight": 0.3027, "bus_lcSublane": 0.5282, "bus_sigma": 0.967, "bus_tau_mean": 2.2206, "bus_tau_std": 6.79, "bus_v_mean": 19.9392, "bus_v_std": 15.7392, "car_acc": 2.5616, "car_dcc": 3.1871, "car_lcAssertive": 33.5626, "car_lcCooperative": 0.1216, "car_lcLookaheadLeft": 61.9909, "car_lcPushy": 0.525, "car_lcSigma": 0.2618, "car_lcSpeedGainRight": 0.3795, "car_lcSublane": 0.7101, "car_sigma": 0.582, "car_tau_mean": 3.9014, "car_tau_std": 6.4141, "car_v_mean": 13.5873, "car_v_std": 5.087}, "datetime": {"datetime": "2024-08-11 20:47:43", "elapsed": 11133.649932, "delta": 7.889199}}
{"target": -0.4320923327159842, "params": {"bus_acc": 3.2703, "bus_dcc": 2.9482, "bus_lcAssertive": 29.7907, "bus_lcCooperative": 0.8857, "bus_lcLookaheadLeft": 92.2563, "bus_lcPushy": 0.2554, "bus_lcSigma": 0.1837, "bus_lcSpeedGainRight": 3.4173, "bus_lcSublane": 0.5222, "bus_sigma": 0.0997, "bus_tau_mean": 1.534, "bus_tau_std": 1.1723, "bus_v_mean": 23.1661, "bus_v_std": 14.0232, "car_acc": 0.7803, "car_dcc": 0.869, "car_lcAssertive": 67.7041, "car_lcCooperative": 0.8936, "car_lcLookaheadLeft": 24.6392, "car_lcPushy": 0.8987, "car_lcSigma": 0.4663, "car_lcSpeedGainRight": 3.9497, "car_lcSublane": 0.5273, "car_sigma": 0.4575, "car_tau_mean": 0.6215, "car_tau_std": 3.8514, "car_v_mean": 15.1495, "car_v_std": 11.1059}, "datetime": {"datetime": "2024-08-11 20:47:50", "elapsed": 11141.247523, "delta": 7.597591}}
{"target": -0.531635846598649, "params": {"bus_acc": 0.3551, "bus_dcc": 0.278, "bus_lcAssertive": 1.8523, "bus_lcCooperative": 0.0476, "bus_lcLookaheadLeft": 86.614, "bus_lcPushy": 0.6575, "bus_lcSigma": 0.4393, "bus_lcSpeedGainRight": 1.8014, "bus_lcSublane": 0.0656, "bus_sigma": 0.4093, "bus_tau_mean": 0.5892, "bus_tau_std": 9.9606, "bus_v_mean": 22.424, "bus_v_std": 19.9228, "car_acc": 2.8589, "car_dcc": 3.0787, "car_lcAssertive": 18.6243, "car_lcCooperative": 0.4525, "car_lcLookaheadLeft": 81.4927, "car_lcPushy": 0.2363, "car_lcSigma": 0.5881, "car_lcSpeedGainRight": 3.9072, "car_lcSublane": 0.3616, "car_sigma": 0.4345, "car_tau_mean": 0.856, "car_tau_std": 7.553, "car_v_mean": 24.2746, "car_v_std": 15.8082}, "datetime": {"datetime": "2024-08-11 20:48:05", "elapsed": 11156.031731, "delta": 14.784208}}
{"target": -0.35167262265071536, "params": {"bus_acc": 2.1397, "bus_dcc": 3.8909, "bus_lcAssertive": 52.174, "bus_lcCooperative": 0.2709, "bus_lcLookaheadLeft": 50.482, "bus_lcPushy": 0.1091, "bus_lcSigma": 0.1739, "bus_lcSpeedGainRight": 4.9474, "bus_lcSublane": 0.9809, "bus_sigma": 0.6717, "bus_tau_mean": 0.7326, "bus_tau_std": 7.9942, "bus_v_mean": 8.1752, "bus_v_std": 18.0607, "car_acc": 1.5721, "car_dcc": 1.1863, "car_lcAssertive": 22.8163, "car_lcCooperative": 0.0944, "car_lcLookaheadLeft": 41.3378, "car_lcPushy": 0.5945, "car_lcSigma": 0.1681, "car_lcSpeedGainRight": 2.7907, "car_lcSublane": 0.9098, "car_sigma": 0.054, "car_tau_mean": 3.2399, "car_tau_std": 5.7032, "car_v_mean": 22.8205, "car_v_std": 11.5495}, "datetime": {"datetime": "2024-08-11 20:48:13", "elapsed": 11164.081616, "delta": 8.049885}}
{"target": -0.47593974458368976, "params": {"bus_acc": 2.7716, "bus_dcc": 2.3879, "bus_lcAssertive": 19.4102, "bus_lcCooperative": 0.2987, "bus_lcLookaheadLeft": 75.4035, "bus_lcPushy": 0.7559, "bus_lcSigma": 0.2475, "bus_lcSpeedGainRight": 0.5305, "bus_lcSublane": 0.3084, "bus_sigma": 0.2192, "bus_tau_mean": 3.459, "bus_tau_std": 4.4795, "bus_v_mean": 23.0528, "bus_v_std": 14.3172, "car_acc": 3.7336, "car_dcc": 1.7345, "car_lcAssertive": 68.3539, "car_lcCooperative": 0.437, "car_lcLookaheadLeft": 6.9303, "car_lcPushy": 0.3104, "car_lcSigma": 0.525, "car_lcSpeedGainRight": 0.6575, "car_lcSublane": 0.5844, "car_sigma": 0.0427, "car_tau_mean": 3.6745, "car_tau_std": 7.9543, "car_v_mean": 9.9629, "car_v_std": 2.0892}, "datetime": {"datetime": "2024-08-11 20:48:23", "elapsed": 11174.432622, "delta": 10.351006}}
{"target": -0.37893353025148685, "params": {"bus_acc": 1.8599, "bus_dcc": 2.0262, "bus_lcAssertive": 47.9949, "bus_lcCooperative": 0.719, "bus_lcLookaheadLeft": 89.0967, "bus_lcPushy": 0.903, "bus_lcSigma": 0.2416, "bus_lcSpeedGainRight": 1.7315, "bus_lcSublane": 0.6763, "bus_sigma": 0.6529, "bus_tau_mean": 3.2593, "bus_tau_std": 7.2067, "bus_v_mean": 21.5457, "bus_v_std": 19.3913, "car_acc": 3.1059, "car_dcc": 1.0133, "car_lcAssertive": 95.2178, "car_lcCooperative": 0.0748, "car_lcLookaheadLeft": 97.8298, "car_lcPushy": 0.0975, "car_lcSigma": 0.7562, "car_lcSpeedGainRight": 0.9154, "car_lcSublane": 0.9195, "car_sigma": 0.0407, "car_tau_mean": 0.771, "car_tau_std": 2.2544, "car_v_mean": 20.4767, "car_v_std": 18.6081}, "datetime": {"datetime": "2024-08-11 20:48:32", "elapsed": 11182.798767, "delta": 8.366145}}
{"target": -0.4760333482033366, "params": {"bus_acc": 3.828, "bus_dcc": 3.2791, "bus_lcAssertive": 34.5851, "bus_lcCooperative": 0.5656, "bus_lcLookaheadLeft": 81.6421, "bus_lcPushy": 0.0763, "bus_lcSigma": 0.3056, "bus_lcSpeedGainRight": 3.9069, "bus_lcSublane": 0.6232, "bus_sigma": 0.2376, "bus_tau_mean": 2.1475, "bus_tau_std": 2.4604, "bus_v_mean": 15.2912, "bus_v_std": 6.9431, "car_acc": 1.4301, "car_dcc": 1.6028, "car_lcAssertive": 15.5676, "car_lcCooperative": 0.3329, "car_lcLookaheadLeft": 94.5958, "car_lcPushy": 0.0362, "car_lcSigma": 0.74, "car_lcSpeedGainRight": 0.0556, "car_lcSublane": 0.0424, "car_sigma": 0.0951, "car_tau_mean": 1.9568, "car_tau_std": 9.5313, "car_v_mean": 13.3698, "car_v_std": 7.5162}, "datetime": {"datetime": "2024-08-11 20:48:44", "elapsed": 11195.489188, "delta": 12.690421}}
{"target": -0.3306272865821888, "params": {"bus_acc": 1.2005, "bus_dcc": 2.3884, "bus_lcAssertive": 41.5464, "bus_lcCooperative": 0.6819, "bus_lcLookaheadLeft": 88.1788, "bus_lcPushy": 0.4304, "bus_lcSigma": 0.7494, "bus_lcSpeedGainRight": 1.6455, "bus_lcSublane": 0.1647, "bus_sigma": 0.9707, "bus_tau_mean": 1.4571, "bus_tau_std": 5.9225, "bus_v_mean": 8.0431, "bus_v_std": 2.2619, "car_acc": 3.7071, "car_dcc": 3.0546, "car_lcAssertive": 91.3471, "car_lcCooperative": 0.9248, "car_lcLookaheadLeft": 83.4764, "car_lcPushy": 0.719, "car_lcSigma": 0.1295, "car_lcSpeedGainRight": 4.284, "car_lcSublane": 0.2148, "car_sigma": 0.2456, "car_tau_mean": 3.55, "car_tau_std": 6.5389, "car_v_mean": 19.3318, "car_v_std": 8.9228}, "datetime": {"datetime": "2024-08-11 20:48:56", "elapsed": 11206.727032, "delta": 11.237844}}
{"target": -0.4178331038679434, "params": {"bus_acc": 2.3636, "bus_dcc": 2.9492, "bus_lcAssertive": 71.0307, "bus_lcCooperative": 0.7331, "bus_lcLookaheadLeft": 37.7812, "bus_lcPushy": 0.6643, "bus_lcSigma": 0.8367, "bus_lcSpeedGainRight": 2.6824, "bus_lcSublane": 0.07, "bus_sigma": 0.4626, "bus_tau_mean": 3.0494, "bus_tau_std": 7.1468, "bus_v_mean": 20.3254, "bus_v_std": 16.3858, "car_acc": 0.6387, "car_dcc": 1.1986, "car_lcAssertive": 93.9105, "car_lcCooperative": 0.5673, "car_lcLookaheadLeft": 39.4686, "car_lcPushy": 0.599, "car_lcSigma": 0.2169, "car_lcSpeedGainRight": 4.7808, "car_lcSublane": 0.5593, "car_sigma": 0.1919, "car_tau_mean": 2.6318, "car_tau_std": 7.3794, "car_v_mean": 12.2356, "car_v_std": 13.6215}, "datetime": {"datetime": "2024-08-11 20:49:06", "elapsed": 11217.62331, "delta": 10.896278}}
{"target": -0.4198647384733552, "params": {"bus_acc": 1.7693, "bus_dcc": 0.2898, "bus_lcAssertive": 34.6435, "bus_lcCooperative": 0.9785, "bus_lcLookaheadLeft": 5.1153, "bus_lcPushy": 0.3938, "bus_lcSigma": 0.6237, "bus_lcSpeedGainRight": 4.5848, "bus_lcSublane": 0.7769, "bus_sigma": 0.8661, "bus_tau_mean": 2.7109, "bus_tau_std": 0.6404, "bus_v_mean": 9.5231, "bus_v_std": 3.191, "car_acc": 0.9665, "car_dcc": 3.9667, "car_lcAssertive": 75.7529, "car_lcCooperative": 0.4887, "car_lcLookaheadLeft": 61.0035, "car_lcPushy": 0.037, "car_lcSigma": 0.3906, "car_lcSpeedGainRight": 4.6537, "car_lcSublane": 0.4494, "car_sigma": 0.4655, "car_tau_mean": 2.2841, "car_tau_std": 8.4812, "car_v_mean": 9.2238, "car_v_std": 0.9529}, "datetime": {"datetime": "2024-08-11 20:49:20", "elapsed": 11231.15019, "delta": 13.52688}}
{"target": -0.45237001967297247, "params": {"bus_acc": 2.4592, "bus_dcc": 1.8135, "bus_lcAssertive": 70.5527, "bus_lcCooperative": 0.2303, "bus_lcLookaheadLeft": 64.7028, "bus_lcPushy": 0.3915, "bus_lcSigma": 0.1188, "bus_lcSpeedGainRight": 4.3089, "bus_lcSublane": 0.3376, "bus_sigma": 0.8284, "bus_tau_mean": 3.9378, "bus_tau_std": 0.0971, "bus_v_mean": 14.6405, "bus_v_std": 3.0912, "car_acc": 3.7476, "car_dcc": 2.7711, "car_lcAssertive": 80.9313, "car_lcCooperative": 0.0568, "car_lcLookaheadLeft": 28.1496, "car_lcPushy": 0.4509, "car_lcSigma": 0.6183, "car_lcSpeedGainRight": 4.5514, "car_lcSublane": 0.4687, "car_sigma": 0.7712, "car_tau_mean": 3.4002, "car_tau_std": 8.8499, "car_v_mean": 9.3767, "car_v_std": 15.9465}, "datetime": {"datetime": "2024-08-11 20:49:34", "elapsed": 11244.717281, "delta": 13.567091}}
{"target": -0.39173741571262727, "params": {"bus_acc": 3.6156, "bus_dcc": 1.9396, "bus_lcAssertive": 78.9434, "bus_lcCooperative": 0.6198, "bus_lcLookaheadLeft": 79.7189, "bus_lcPushy": 0.1148, "bus_lcSigma": 0.8738, "bus_lcSpeedGainRight": 0.952, "bus_lcSublane": 0.988, "bus_sigma": 0.3734, "bus_tau_mean": 3.3807, "bus_tau_std": 3.9069, "bus_v_mean": 24.8729, "bus_v_std": 5.8166, "car_acc": 1.8463, "car_dcc": 1.5091, "car_lcAssertive": 27.3754, "car_lcCooperative": 0.9523, "car_lcLookaheadLeft": 83.9077, "car_lcPushy": 0.7155, "car_lcSigma": 0.4965, "car_lcSpeedGainRight": 1.9757, "car_lcSublane": 0.6399, "car_sigma": 0.8843, "car_tau_mean": 3.2298, "car_tau_std": 8.8646, "car_v_mean": 24.6626, "car_v_std": 12.6551}, "datetime": {"datetime": "2024-08-11 20:49:52", "elapsed": 11262.921429, "delta": 18.204148}}
{"target": -0.350950559141418, "params": {"bus_acc": 2.5152, "bus_dcc": 2.9987, "bus_lcAssertive": 11.5752, "bus_lcCooperative": 0.6397, "bus_lcLookaheadLeft": 21.2032, "bus_lcPushy": 0.3603, "bus_lcSigma": 0.9257, "bus_lcSpeedGainRight": 4.7271, "bus_lcSublane": 0.44, "bus_sigma": 0.3482, "bus_tau_mean": 2.0027, "bus_tau_std": 7.7305, "bus_v_mean": 8.3269, "bus_v_std": 13.7892, "car_acc": 1.8614, "car_dcc": 3.2543, "car_lcAssertive": 30.035, "car_lcCooperative": 0.4561, "car_lcLookaheadLeft": 68.766, "car_lcPushy": 0.9699, "car_lcSigma": 0.8462, "car_lcSpeedGainRight": 4.0811, "car_lcSublane": 0.2651, "car_sigma": 0.8281, "car_tau_mean": 1.2524, "car_tau_std": 5.4207, "car_v_mean": 20.9476, "car_v_std": 1.3055}, "datetime": {"datetime": "2024-08-11 20:50:02", "elapsed": 11272.696779, "delta": 9.77535}}
{"target": -0.4544559655927234, "params": {"bus_acc": 2.3891, "bus_dcc": 2.259, "bus_lcAssertive": 58.1349, "bus_lcCooperative": 0.733, "bus_lcLookaheadLeft": 51.1153, "bus_lcPushy": 0.4052, "bus_lcSigma": 0.4479, "bus_lcSpeedGainRight": 3.325, "bus_lcSublane": 0.9009, "bus_sigma": 0.2371, "bus_tau_mean": 2.574, "bus_tau_std": 1.2969, "bus_v_mean": 11.0002, "bus_v_std": 6.3806, "car_acc": 0.9915, "car_dcc": 1.2933, "car_lcAssertive": 48.229, "car_lcCooperative": 0.8576, "car_lcLookaheadLeft": 6.0044, "car_lcPushy": 0.9123, "car_lcSigma": 0.4199, "car_lcSpeedGainRight": 0.9616, "car_lcSublane": 0.63, "car_sigma": 0.5932, "car_tau_mean": 3.9873, "car_tau_std": 1.1236, "car_v_mean": 11.0522, "car_v_std": 6.5067}, "datetime": {"datetime": "2024-08-11 20:50:10", "elapsed": 11281.384853, "delta": 8.688074}}
{"target": -0.47677297790349327, "params": {"bus_acc": 1.1475, "bus_dcc": 3.0358, "bus_lcAssertive": 48.4104, "bus_lcCooperative": 0.6669, "bus_lcLookaheadLeft": 57.7571, "bus_lcPushy": 0.8624, "bus_lcSigma": 0.2782, "bus_lcSpeedGainRight": 2.1272, "bus_lcSublane": 0.8545, "bus_sigma": 0.2979, "bus_tau_mean": 0.6439, "bus_tau_std": 6.0873, "bus_v_mean": 16.0009, "bus_v_std": 10.0602, "car_acc": 2.3483, "car_dcc": 3.7823, "car_lcAssertive": 31.5808, "car_lcCooperative": 0.2455, "car_lcLookaheadLeft": 65.6411, "car_lcPushy": 0.9248, "car_lcSigma": 0.4398, "car_lcSpeedGainRight": 0.748, "car_lcSublane": 0.4138, "car_sigma": 0.9827, "car_tau_mean": 2.1103, "car_tau_std": 2.731, "car_v_mean": 8.4897, "car_v_std": 18.7399}, "datetime": {"datetime": "2024-08-11 20:50:23", "elapsed": 11293.687268, "delta": 12.302415}}
{"target": -0.3831801102373171, "params": {"bus_acc": 1.2383, "bus_dcc": 2.137, "bus_lcAssertive": 83.5479, "bus_lcCooperative": 0.7836, "bus_lcLookaheadLeft": 73.3592, "bus_lcPushy": 0.0409, "bus_lcSigma": 0.1836, "bus_lcSpeedGainRight": 4.7054, "bus_lcSublane": 0.9962, "bus_sigma": 0.0937, "bus_tau_mean": 0.7748, "bus_tau_std": 6.6966, "bus_v_mean": 22.4302, "bus_v_std": 13.3136, "car_acc": 0.3103, "car_dcc": 0.4174, "car_lcAssertive": 60.5981, "car_lcCooperative": 0.4182, "car_lcLookaheadLeft": 79.5529, "car_lcPushy": 0.2642, "car_lcSigma": 0.6343, "car_lcSpeedGainRight": 3.3714, "car_lcSublane": 0.2817, "car_sigma": 0.299, "car_tau_mean": 1.0666, "car_tau_std": 2.0854, "car_v_mean": 18.0158, "car_v_std": 2.7344}, "datetime": {"datetime": "2024-08-11 20:50:39", "elapsed": 11310.266322, "delta": 16.579054}}
{"target": -0.48103247676645533, "params": {"bus_acc": 1.4772, "bus_dcc": 3.8177, "bus_lcAssertive": 42.335, "bus_lcCooperative": 0.8594, "bus_lcLookaheadLeft": 51.7915, "bus_lcPushy": 0.0734, "bus_lcSigma": 0.1047, "bus_lcSpeedGainRight": 3.5737, "bus_lcSublane": 0.1984, "bus_sigma": 0.6181, "bus_tau_mean": 0.6164, "bus_tau_std": 8.0735, "bus_v_mean": 8.0431, "bus_v_std": 13.0143, "car_acc": 3.6706, "car_dcc": 0.7631, "car_lcAssertive": 10.8719, "car_lcCooperative": 0.5265, "car_lcLookaheadLeft": 34.8971, "car_lcPushy": 0.888, "car_lcSigma": 0.6787, "car_lcSpeedGainRight": 1.2363, "car_lcSublane": 0.9436, "car_sigma": 0.5495, "car_tau_mean": 0.5186, "car_tau_std": 6.6101, "car_v_mean": 19.2411, "car_v_std": 17.2588}, "datetime": {"datetime": "2024-08-11 20:50:48", "elapsed": 11318.711171, "delta": 8.444849}}
{"target": -0.5710007996766645, "params": {"bus_acc": 0.4863, "bus_dcc": 3.8653, "bus_lcAssertive": 7.639, "bus_lcCooperative": 0.425, "bus_lcLookaheadLeft": 93.8557, "bus_lcPushy": 0.5723, "bus_lcSigma": 0.0059, "bus_lcSpeedGainRight": 4.4613, "bus_lcSublane": 0.9483, "bus_sigma": 0.3379, "bus_tau_mean": 3.2276, "bus_tau_std": 2.2167, "bus_v_mean": 17.7789, "bus_v_std": 1.5518, "car_acc": 2.5559, "car_dcc": 2.5044, "car_lcAssertive": 1.3475, "car_lcCooperative": 0.0254, "car_lcLookaheadLeft": 42.6047, "car_lcPushy": 0.5196, "car_lcSigma": 0.6435, "car_lcSpeedGainRight": 3.841, "car_lcSublane": 0.665, "car_sigma": 0.352, "car_tau_mean": 2.8307, "car_tau_std": 5.0712, "car_v_mean": 21.7982, "car_v_std": 18.9577}, "datetime": {"datetime": "2024-08-11 20:50:57", "elapsed": 11327.987552, "delta": 9.276381}}
{"target": -0.38603832792438336, "params": {"bus_acc": 2.6478, "bus_dcc": 2.0657, "bus_lcAssertive": 24.7703, "bus_lcCooperative": 0.4361, "bus_lcLookaheadLeft": 72.4379, "bus_lcPushy": 0.5973, "bus_lcSigma": 0.1877, "bus_lcSpeedGainRight": 1.0813, "bus_lcSublane": 0.1981, "bus_sigma": 0.8836, "bus_tau_mean": 3.0685, "bus_tau_std": 6.3596, "bus_v_mean": 19.1158, "bus_v_std": 9.0104, "car_acc": 3.9685, "car_dcc": 2.928, "car_lcAssertive": 40.6913, "car_lcCooperative": 0.9136, "car_lcLookaheadLeft": 98.09, "car_lcPushy": 0.6002, "car_lcSigma": 0.7357, "car_lcSpeedGainRight": 1.0675, "car_lcSublane": 0.3853, "car_sigma": 0.8755, "car_tau_mean": 2.5669, "car_tau_std": 3.3982, "car_v_mean": 13.935, "car_v_std": 16.2716}, "datetime": {"datetime": "2024-08-11 20:51:12", "elapsed": 11343.591228, "delta": 15.603676}}
