{"target": -0.22375953727356632, "params": {"bus_acc": 3.6871, "bus_dcc": 1.2149, "bus_lcAssertive": 8.9062, "bus_lcCooperative": 0.4869, "bus_lcLookaheadLeft": 3.8443, "bus_lcPushy": 0.2185, "bus_lcSigma": 0.3503, "bus_lcSpeedGainRight": 1.7605, "bus_lcSublane": 0.3053, "bus_sigma": 0.2248, "bus_tau_mean": 2.9909, "bus_tau_std": 0.5961, "bus_v_mean": 9.6295, "bus_v_std": 12.9067, "car_acc": 0.3783, "car_dcc": 0.731, "car_lcAssertive": 32.7434, "car_lcCooperative": 0.0458, "car_lcLookaheadLeft": 68.8049, "car_lcPushy": 0.942, "car_lcSigma": 0.7235, "car_lcSpeedGainRight": 0.1151, "car_lcSublane": 0.0577, "car_sigma": 0.0687, "car_tau_mean": 0.8761, "car_tau_std": 8.1553, "car_v_mean": 13.549, "car_v_std": 11.8945}, "datetime": {"datetime": "2024-09-05 11:59:19", "elapsed": 4214.767229, "delta": 4.870054}}
{"target": -0.1973044378117216, "params": {"bus_acc": 2.0536, "bus_dcc": 2.1789, "bus_lcAssertive": 33.4708, "bus_lcCooperative": 0.6459, "bus_lcLookaheadLeft": 44.7613, "bus_lcPushy": 0.7741, "bus_lcSigma": 0.8151, "bus_lcSpeedGainRight": 0.482, "bus_lcSublane": 0.3059, "bus_sigma": 0.1261, "bus_tau_mean": 2.2939, "bus_tau_std": 5.879, "bus_v_mean": 23.4418, "bus_v_std": 5.1261, "car_acc": 1.8723, "car_dcc": 2.2155, "car_lcAssertive": 24.7536, "car_lcCooperative": 0.2396, "car_lcLookaheadLeft": 24.8117, "car_lcPushy": 0.2466, "car_lcSigma": 0.7242, "car_lcSpeedGainRight": 2.789, "car_lcSublane": 0.5822, "car_sigma": 0.0136, "car_tau_mean": 3.9754, "car_tau_std": 9.3548, "car_v_mean": 12.6518, "car_v_std": 6.5493}, "datetime": {"datetime": "2024-09-05 11:59:22", "elapsed": 4217.718468, "delta": 2.951239}}
{"target": -0.18033187395965108, "params": {"bus_acc": 2.0252, "bus_dcc": 3.4299, "bus_lcAssertive": 25.1853, "bus_lcCooperative": 0.5007, "bus_lcLookaheadLeft": 56.4596, "bus_lcPushy": 0.2945, "bus_lcSigma": 0.712, "bus_lcSpeedGainRight": 1.9753, "bus_lcSublane": 0.822, "bus_sigma": 0.5022, "bus_tau_mean": 0.6262, "bus_tau_std": 7.8909, "bus_v_mean": 18.6131, "bus_v_std": 7.6015, "car_acc": 3.432, "car_dcc": 3.0636, "car_lcAssertive": 50.5356, "car_lcCooperative": 0.0494, "car_lcLookaheadLeft": 35.0769, "car_lcPushy": 0.2725, "car_lcSigma": 0.5941, "car_lcSpeedGainRight": 0.5502, "car_lcSublane": 0.2929, "car_sigma": 0.1692, "car_tau_mean": 1.6214, "car_tau_std": 4.5656, "car_v_mean": 19.0023, "car_v_std": 9.4012}, "datetime": {"datetime": "2024-09-05 11:59:32", "elapsed": 4227.936692, "delta": 10.218224}}
{"target": -0.6487261030099822, "params": {"bus_acc": 2.8183, "bus_dcc": 0.9654, "bus_lcAssertive": 34.3074, "bus_lcCooperative": 0.8617, "bus_lcLookaheadLeft": 32.3454, "bus_lcPushy": 0.2837, "bus_lcSigma": 0.5543, "bus_lcSpeedGainRight": 3.3725, "bus_lcSublane": 0.0921, "bus_sigma": 0.8876, "bus_tau_mean": 1.3323, "bus_tau_std": 1.4782, "bus_v_mean": 16.2068, "bus_v_std": 11.6128, "car_acc": 1.6759, "car_dcc": 3.492, "car_lcAssertive": 54.7716, "car_lcCooperative": 0.4251, "car_lcLookaheadLeft": 96.9515, "car_lcPushy": 0.2015, "car_lcSigma": 0.7775, "car_lcSpeedGainRight": 2.8525, "car_lcSublane": 0.6615, "car_sigma": 0.0077, "car_tau_mean": 3.8858, "car_tau_std": 0.3798, "car_v_mean": 13.5472, "car_v_std": 9.7536}, "datetime": {"datetime": "2024-09-05 11:59:35", "elapsed": 4231.146653, "delta": 3.209961}}
{"target": -0.19466896043548423, "params": {"bus_acc": 1.083, "bus_dcc": 1.901, "bus_lcAssertive": 54.9419, "bus_lcCooperative": 0.2402, "bus_lcLookaheadLeft": 64.1816, "bus_lcPushy": 0.6529, "bus_lcSigma": 0.4658, "bus_lcSpeedGainRight": 3.3267, "bus_lcSublane": 0.1952, "bus_sigma": 0.8071, "bus_tau_mean": 1.3718, "bus_tau_std": 9.9781, "bus_v_mean": 9.6048, "bus_v_std": 19.2155, "car_acc": 1.5411, "car_dcc": 3.7974, "car_lcAssertive": 88.6454, "car_lcCooperative": 0.4371, "car_lcLookaheadLeft": 72.8163, "car_lcPushy": 0.0338, "car_lcSigma": 0.5712, "car_lcSpeedGainRight": 2.4423, "car_lcSublane": 0.1955, "car_sigma": 0.7551, "car_tau_mean": 3.5382, "car_tau_std": 1.199, "car_v_mean": 9.0076, "car_v_std": 15.7411}, "datetime": {"datetime": "2024-09-05 11:59:38", "elapsed": 4234.045158, "delta": 2.898505}}
{"target": -0.19930081819776369, "params": {"bus_acc": 3.0041, "bus_dcc": 2.2452, "bus_lcAssertive": 92.6648, "bus_lcCooperative": 0.9395, "bus_lcLookaheadLeft": 86.891, "bus_lcPushy": 0.2447, "bus_lcSigma": 0.6145, "bus_lcSpeedGainRight": 2.7369, "bus_lcSublane": 0.0986, "bus_sigma": 0.7862, "bus_tau_mean": 1.4799, "bus_tau_std": 4.8281, "bus_v_mean": 20.6041, "bus_v_std": 16.5628, "car_acc": 3.9479, "car_dcc": 1.4088, "car_lcAssertive": 37.5185, "car_lcCooperative": 0.1048, "car_lcLookaheadLeft": 41.876, "car_lcPushy": 0.445, "car_lcSigma": 0.9702, "car_lcSpeedGainRight": 1.4155, "car_lcSublane": 0.0705, "car_sigma": 0.0345, "car_tau_mean": 0.8299, "car_tau_std": 7.277, "car_v_mean": 22.2858, "car_v_std": 8.2294}, "datetime": {"datetime": "2024-09-05 11:59:41", "elapsed": 4236.498203, "delta": 2.453045}}
{"target": -0.18248778486027326, "params": {"bus_acc": 0.7074, "bus_dcc": 3.7237, "bus_lcAssertive": 84.6938, "bus_lcCooperative": 0.9171, "bus_lcLookaheadLeft": 52.2704, "bus_lcPushy": 0.258, "bus_lcSigma": 0.7992, "bus_lcSpeedGainRight": 0.9292, "bus_lcSublane": 0.0398, "bus_sigma": 0.3597, "bus_tau_mean": 0.8251, "bus_tau_std": 2.0326, "bus_v_mean": 8.8835, "bus_v_std": 14.9573, "car_acc": 2.3842, "car_dcc": 2.4079, "car_lcAssertive": 30.1276, "car_lcCooperative": 0.3966, "car_lcLookaheadLeft": 52.4215, "car_lcPushy": 0.1381, "car_lcSigma": 0.0884, "car_lcSpeedGainRight": 0.1453, "car_lcSublane": 0.0712, "car_sigma": 0.845, "car_tau_mean": 2.7397, "car_tau_std": 0.1538, "car_v_mean": 19.3896, "car_v_std": 14.6613}, "datetime": {"datetime": "2024-09-05 11:59:44", "elapsed": 4239.664598, "delta": 3.166395}}
{"target": -0.17988567607486836, "params": {"bus_acc": 3.6994, "bus_dcc": 3.3665, "bus_lcAssertive": 22.6348, "bus_lcCooperative": 0.878, "bus_lcLookaheadLeft": 88.6734, "bus_lcPushy": 0.1226, "bus_lcSigma": 0.7514, "bus_lcSpeedGainRight": 2.0783, "bus_lcSublane": 0.0138, "bus_sigma": 0.1742, "bus_tau_mean": 1.051, "bus_tau_std": 2.7198, "bus_v_mean": 14.0263, "bus_v_std": 5.0018, "car_acc": 0.4862, "car_dcc": 1.6829, "car_lcAssertive": 80.187, "car_lcCooperative": 0.7892, "car_lcLookaheadLeft": 50.4445, "car_lcPushy": 0.7361, "car_lcSigma": 0.2146, "car_lcSpeedGainRight": 4.6243, "car_lcSublane": 0.9215, "car_sigma": 0.7989, "car_tau_mean": 2.4576, "car_tau_std": 5.8438, "car_v_mean": 15.3717, "car_v_std": 1.3337}, "datetime": {"datetime": "2024-09-05 12:00:01", "elapsed": 4256.950957, "delta": 17.286359}}
{"target": -0.22273624851909415, "params": {"bus_acc": 1.756, "bus_dcc": 0.2765, "bus_lcAssertive": 69.6284, "bus_lcCooperative": 0.678, "bus_lcLookaheadLeft": 37.3735, "bus_lcPushy": 0.1732, "bus_lcSigma": 0.0326, "bus_lcSpeedGainRight": 2.7768, "bus_lcSublane": 0.9018, "bus_sigma": 0.6824, "bus_tau_mean": 2.3352, "bus_tau_std": 0.4582, "bus_v_mean": 17.0979, "bus_v_std": 16.785, "car_acc": 1.856, "car_dcc": 1.1668, "car_lcAssertive": 56.4685, "car_lcCooperative": 0.6939, "car_lcLookaheadLeft": 94.8036, "car_lcPushy": 0.4173, "car_lcSigma": 0.2699, "car_lcSpeedGainRight": 0.3349, "car_lcSublane": 0.5478, "car_sigma": 0.8672, "car_tau_mean": 1.5528, "car_tau_std": 3.0305, "car_v_mean": 18.3574, "car_v_std": 13.0495}, "datetime": {"datetime": "2024-09-05 12:00:09", "elapsed": 4264.968281, "delta": 8.017324}}
{"target": -0.1858845856157235, "params": {"bus_acc": 0.4561, "bus_dcc": 1.8986, "bus_lcAssertive": 20.1135, "bus_lcCooperative": 0.5975, "bus_lcLookaheadLeft": 62.7987, "bus_lcPushy": 0.0053, "bus_lcSigma": 0.2265, "bus_lcSpeedGainRight": 2.6012, "bus_lcSublane": 0.3029, "bus_sigma": 0.7918, "bus_tau_mean": 3.7456, "bus_tau_std": 3.0438, "bus_v_mean": 18.1252, "bus_v_std": 15.5468, "car_acc": 1.5522, "car_dcc": 1.3312, "car_lcAssertive": 83.3132, "car_lcCooperative": 0.7071, "car_lcLookaheadLeft": 59.8637, "car_lcPushy": 0.8581, "car_lcSigma": 0.4049, "car_lcSpeedGainRight": 4.0778, "car_lcSublane": 0.4962, "car_sigma": 0.4242, "car_tau_mean": 2.7607, "car_tau_std": 2.9884, "car_v_mean": 16.8248, "car_v_std": 11.4679}, "datetime": {"datetime": "2024-09-05 12:00:14", "elapsed": 4269.530818, "delta": 4.562537}}
{"target": -0.2359237753673613, "params": {"bus_acc": 2.1673, "bus_dcc": 0.3075, "bus_lcAssertive": 28.2214, "bus_lcCooperative": 0.0314, "bus_lcLookaheadLeft": 81.8177, "bus_lcPushy": 0.8594, "bus_lcSigma": 0.3768, "bus_lcSpeedGainRight": 1.6131, "bus_lcSublane": 0.7429, "bus_sigma": 0.4533, "bus_tau_mean": 3.7987, "bus_tau_std": 0.5563, "bus_v_mean": 17.1843, "bus_v_std": 1.9058, "car_acc": 1.7413, "car_dcc": 1.0367, "car_lcAssertive": 32.0803, "car_lcCooperative": 0.0846, "car_lcLookaheadLeft": 96.6071, "car_lcPushy": 0.1764, "car_lcSigma": 0.1459, "car_lcSpeedGainRight": 1.0392, "car_lcSublane": 0.6967, "car_sigma": 0.7983, "car_tau_mean": 1.8288, "car_tau_std": 9.8397, "car_v_mean": 17.2654, "car_v_std": 10.5835}, "datetime": {"datetime": "2024-09-05 12:00:17", "elapsed": 4273.223393, "delta": 3.692575}}
{"target": -0.36528864601978706, "params": {"bus_acc": 3.7552, "bus_dcc": 2.6802, "bus_lcAssertive": 64.5682, "bus_lcCooperative": 0.1038, "bus_lcLookaheadLeft": 48.3541, "bus_lcPushy": 0.9591, "bus_lcSigma": 0.5128, "bus_lcSpeedGainRight": 0.0005, "bus_lcSublane": 0.3495, "bus_sigma": 0.5306, "bus_tau_mean": 1.9582, "bus_tau_std": 0.7283, "bus_v_mean": 16.8542, "bus_v_std": 14.6929, "car_acc": 3.6119, "car_dcc": 0.5582, "car_lcAssertive": 10.7436, "car_lcCooperative": 0.3254, "car_lcLookaheadLeft": 20.3139, "car_lcPushy": 0.8456, "car_lcSigma": 0.5159, "car_lcSpeedGainRight": 1.7337, "car_lcSublane": 0.8012, "car_sigma": 0.8628, "car_tau_mean": 2.5535, "car_tau_std": 5.3648, "car_v_mean": 10.3355, "car_v_std": 4.78}, "datetime": {"datetime": "2024-09-05 12:00:39", "elapsed": 4294.781872, "delta": 21.558479}}
{"target": -0.2665638371420848, "params": {"bus_acc": 0.3773, "bus_dcc": 1.2879, "bus_lcAssertive": 23.554, "bus_lcCooperative": 0.0301, "bus_lcLookaheadLeft": 79.2694, "bus_lcPushy": 0.2326, "bus_lcSigma": 0.4129, "bus_lcSpeedGainRight": 1.9072, "bus_lcSublane": 0.1601, "bus_sigma": 0.3488, "bus_tau_mean": 2.9415, "bus_tau_std": 8.4742, "bus_v_mean": 12.8705, "bus_v_std": 9.3395, "car_acc": 0.4435, "car_dcc": 1.4166, "car_lcAssertive": 84.9391, "car_lcCooperative": 0.6637, "car_lcLookaheadLeft": 24.3477, "car_lcPushy": 0.328, "car_lcSigma": 0.6979, "car_lcSpeedGainRight": 1.7153, "car_lcSublane": 0.6524, "car_sigma": 0.5257, "car_tau_mean": 0.9064, "car_tau_std": 3.3425, "car_v_mean": 15.2968, "car_v_std": 14.0829}, "datetime": {"datetime": "2024-09-05 12:00:43", "elapsed": 4298.563698, "delta": 3.781826}}
{"target": -0.19514862558627102, "params": {"bus_acc": 1.6566, "bus_dcc": 1.5448, "bus_lcAssertive": 7.6317, "bus_lcCooperative": 0.8623, "bus_lcLookaheadLeft": 18.3692, "bus_lcPushy": 0.1755, "bus_lcSigma": 0.4486, "bus_lcSpeedGainRight": 2.3438, "bus_lcSublane": 0.21, "bus_sigma": 0.6676, "bus_tau_mean": 0.5141, "bus_tau_std": 4.5222, "bus_v_mean": 18.4465, "bus_v_std": 8.9712, "car_acc": 1.3045, "car_dcc": 0.9301, "car_lcAssertive": 10.8645, "car_lcCooperative": 0.1922, "car_lcLookaheadLeft": 52.3673, "car_lcPushy": 0.2127, "car_lcSigma": 0.9784, "car_lcSpeedGainRight": 1.8111, "car_lcSublane": 0.6067, "car_sigma": 0.5917, "car_tau_mean": 3.2758, "car_tau_std": 1.0232, "car_v_mean": 12.8223, "car_v_std": 0.2665}, "datetime": {"datetime": "2024-09-05 12:00:45", "elapsed": 4300.991226, "delta": 2.427528}}
{"target": -0.1837417567628987, "params": {"bus_acc": 1.6302, "bus_dcc": 0.4114, "bus_lcAssertive": 14.6931, "bus_lcCooperative": 0.4213, "bus_lcLookaheadLeft": 60.2545, "bus_lcPushy": 0.6026, "bus_lcSigma": 0.7146, "bus_lcSpeedGainRight": 2.9298, "bus_lcSublane": 0.1406, "bus_sigma": 0.2403, "bus_tau_mean": 2.3991, "bus_tau_std": 6.5733, "bus_v_mean": 25.8441, "bus_v_std": 19.014, "car_acc": 2.6875, "car_dcc": 2.739, "car_lcAssertive": 66.0202, "car_lcCooperative": 0.6803, "car_lcLookaheadLeft": 91.5512, "car_lcPushy": 0.2777, "car_lcSigma": 0.9148, "car_lcSpeedGainRight": 3.275, "car_lcSublane": 0.6846, "car_sigma": 0.7711, "car_tau_mean": 1.0729, "car_tau_std": 4.3567, "car_v_mean": 11.8157, "car_v_std": 6.5737}, "datetime": {"datetime": "2024-09-05 12:00:52", "elapsed": 4307.511493, "delta": 6.520267}}
{"target": -0.22038728757137435, "params": {"bus_acc": 2.1202, "bus_dcc": 1.7078, "bus_lcAssertive": 6.1655, "bus_lcCooperative": 0.7591, "bus_lcLookaheadLeft": 2.0688, "bus_lcPushy": 0.3157, "bus_lcSigma": 0.6679, "bus_lcSpeedGainRight": 2.2044, "bus_lcSublane": 0.1679, "bus_sigma": 0.8861, "bus_tau_mean": 3.5529, "bus_tau_std": 2.5722, "bus_v_mean": 15.9202, "bus_v_std": 0.6348, "car_acc": 2.6216, "car_dcc": 1.9101, "car_lcAssertive": 67.8599, "car_lcCooperative": 0.6991, "car_lcLookaheadLeft": 15.2129, "car_lcPushy": 0.4054, "car_lcSigma": 0.0571, "car_lcSpeedGainRight": 3.3, "car_lcSublane": 0.2484, "car_sigma": 0.6974, "car_tau_mean": 2.2924, "car_tau_std": 6.4349, "car_v_mean": 19.9355, "car_v_std": 5.3671}, "datetime": {"datetime": "2024-09-05 12:01:05", "elapsed": 4321.153432, "delta": 13.641939}}
{"target": -0.22109495916708277, "params": {"bus_acc": 1.3428, "bus_dcc": 1.6099, "bus_lcAssertive": 76.8559, "bus_lcCooperative": 0.3162, "bus_lcLookaheadLeft": 72.7436, "bus_lcPushy": 0.624, "bus_lcSigma": 0.1105, "bus_lcSpeedGainRight": 4.3206, "bus_lcSublane": 0.8672, "bus_sigma": 0.0431, "bus_tau_mean": 3.7495, "bus_tau_std": 8.0433, "bus_v_mean": 10.0215, "bus_v_std": 0.3628, "car_acc": 0.7579, "car_dcc": 0.5206, "car_lcAssertive": 9.5859, "car_lcCooperative": 0.3849, "car_lcLookaheadLeft": 57.3325, "car_lcPushy": 0.8493, "car_lcSigma": 0.1189, "car_lcSpeedGainRight": 2.2834, "car_lcSublane": 0.3276, "car_sigma": 0.2356, "car_tau_mean": 0.5691, "car_tau_std": 7.1053, "car_v_mean": 9.554, "car_v_std": 15.099}, "datetime": {"datetime": "2024-09-05 12:01:13", "elapsed": 4329.299623, "delta": 8.146191}}
{"target": -0.2090272687833069, "params": {"bus_acc": 0.8878, "bus_dcc": 3.1669, "bus_lcAssertive": 2.2863, "bus_lcCooperative": 0.0387, "bus_lcLookaheadLeft": 97.4208, "bus_lcPushy": 0.6073, "bus_lcSigma": 0.155, "bus_lcSpeedGainRight": 2.3493, "bus_lcSublane": 0.9026, "bus_sigma": 0.592, "bus_tau_mean": 1.757, "bus_tau_std": 0.4978, "bus_v_mean": 25.115, "bus_v_std": 15.9828, "car_acc": 0.3461, "car_dcc": 3.8063, "car_lcAssertive": 67.3035, "car_lcCooperative": 0.7378, "car_lcLookaheadLeft": 20.2068, "car_lcPushy": 0.8489, "car_lcSigma": 0.4809, "car_lcSpeedGainRight": 2.5792, "car_lcSublane": 0.8012, "car_sigma": 0.9529, "car_tau_mean": 3.8332, "car_tau_std": 8.2815, "car_v_mean": 13.2187, "car_v_std": 12.9926}, "datetime": {"datetime": "2024-09-05 12:01:30", "elapsed": 4346.081137, "delta": 16.781514}}
{"target": -0.1810949833684008, "params": {"bus_acc": 3.5961, "bus_dcc": 3.9506, "bus_lcAssertive": 10.9568, "bus_lcCooperative": 0.7943, "bus_lcLookaheadLeft": 70.3796, "bus_lcPushy": 0.9466, "bus_lcSigma": 0.0583, "bus_lcSpeedGainRight": 1.1984, "bus_lcSublane": 0.4945, "bus_sigma": 0.5651, "bus_tau_mean": 1.7857, "bus_tau_std": 7.1184, "bus_v_mean": 9.0479, "bus_v_std": 4.91, "car_acc": 3.5978, "car_dcc": 3.6196, "car_lcAssertive": 33.0576, "car_lcCooperative": 0.2261, "car_lcLookaheadLeft": 50.315, "car_lcPushy": 0.6123, "car_lcSigma": 0.5498, "car_lcSpeedGainRight": 1.8812, "car_lcSublane": 0.5189, "car_sigma": 0.5599, "car_tau_mean": 3.6147, "car_tau_std": 2.8157, "car_v_mean": 12.4709, "car_v_std": 7.4699}, "datetime": {"datetime": "2024-09-05 12:01:51", "elapsed": 4366.738221, "delta": 20.657084}}
{"target": -0.19653628938505383, "params": {"bus_acc": 1.0752, "bus_dcc": 1.3606, "bus_lcAssertive": 54.2706, "bus_lcCooperative": 0.0634, "bus_lcLookaheadLeft": 54.5615, "bus_lcPushy": 0.569, "bus_lcSigma": 0.4286, "bus_lcSpeedGainRight": 4.7669, "bus_lcSublane": 0.0426, "bus_sigma": 0.8772, "bus_tau_mean": 2.7932, "bus_tau_std": 8.6373, "bus_v_mean": 19.7781, "bus_v_std": 19.2424, "car_acc": 1.9318, "car_dcc": 1.8292, "car_lcAssertive": 29.535, "car_lcCooperative": 0.1058, "car_lcLookaheadLeft": 8.8387, "car_lcPushy": 0.0782, "car_lcSigma": 0.3806, "car_lcSpeedGainRight": 2.9223, "car_lcSublane": 0.5782, "car_sigma": 0.3418, "car_tau_mean": 2.1576, "car_tau_std": 8.2607, "car_v_mean": 13.3415, "car_v_std": 12.2849}, "datetime": {"datetime": "2024-09-05 12:01:55", "elapsed": 4371.115315, "delta": 4.377094}}
{"target": -0.21003873612411295, "params": {"bus_acc": 0.3989, "bus_dcc": 3.5676, "bus_lcAssertive": 92.6691, "bus_lcCooperative": 0.7472, "bus_lcLookaheadLeft": 90.3898, "bus_lcPushy": 0.6445, "bus_lcSigma": 0.6785, "bus_lcSpeedGainRight": 2.2713, "bus_lcSublane": 0.8809, "bus_sigma": 0.2157, "bus_tau_mean": 1.4113, "bus_tau_std": 9.3829, "bus_v_mean": 12.8679, "bus_v_std": 6.1841, "car_acc": 2.6786, "car_dcc": 3.4607, "car_lcAssertive": 8.1193, "car_lcCooperative": 0.1603, "car_lcLookaheadLeft": 21.9272, "car_lcPushy": 0.1457, "car_lcSigma": 0.9591, "car_lcSpeedGainRight": 2.9843, "car_lcSublane": 0.8489, "car_sigma": 0.3479, "car_tau_mean": 2.7014, "car_tau_std": 5.6359, "car_v_mean": 24.3515, "car_v_std": 7.6951}, "datetime": {"datetime": "2024-09-05 12:02:00", "elapsed": 4375.475292, "delta": 4.359977}}
{"target": -0.2769286395765867, "params": {"bus_acc": 0.7146, "bus_dcc": 2.988, "bus_lcAssertive": 18.14, "bus_lcCooperative": 0.015, "bus_lcLookaheadLeft": 94.8464, "bus_lcPushy": 0.0767, "bus_lcSigma": 0.3317, "bus_lcSpeedGainRight": 1.3726, "bus_lcSublane": 0.0816, "bus_sigma": 0.7716, "bus_tau_mean": 1.7492, "bus_tau_std": 6.601, "bus_v_mean": 11.3985, "bus_v_std": 16.5189, "car_acc": 0.5993, "car_dcc": 2.9474, "car_lcAssertive": 34.3986, "car_lcCooperative": 0.7939, "car_lcLookaheadLeft": 99.9173, "car_lcPushy": 0.4146, "car_lcSigma": 0.7268, "car_lcSpeedGainRight": 1.5558, "car_lcSublane": 0.3003, "car_sigma": 0.4106, "car_tau_mean": 2.482, "car_tau_std": 3.499, "car_v_mean": 19.7181, "car_v_std": 4.2185}, "datetime": {"datetime": "2024-09-05 12:02:11", "elapsed": 4386.998401, "delta": 11.523109}}
{"target": -0.19135251289216124, "params": {"bus_acc": 2.8126, "bus_dcc": 0.6089, "bus_lcAssertive": 85.038, "bus_lcCooperative": 0.8915, "bus_lcLookaheadLeft": 88.0735, "bus_lcPushy": 0.7673, "bus_lcSigma": 0.9029, "bus_lcSpeedGainRight": 2.7897, "bus_lcSublane": 0.6784, "bus_sigma": 0.2663, "bus_tau_mean": 3.8618, "bus_tau_std": 4.3433, "bus_v_mean": 9.928, "bus_v_std": 6.1768, "car_acc": 2.1558, "car_dcc": 2.0792, "car_lcAssertive": 68.431, "car_lcCooperative": 0.8505, "car_lcLookaheadLeft": 90.1537, "car_lcPushy": 0.8159, "car_lcSigma": 0.9403, "car_lcSpeedGainRight": 2.9845, "car_lcSublane": 0.7564, "car_sigma": 0.8466, "car_tau_mean": 2.4682, "car_tau_std": 3.3968, "car_v_mean": 18.5806, "car_v_std": 7.9744}, "datetime": {"datetime": "2024-09-05 12:02:18", "elapsed": 4393.881271, "delta": 6.88287}}
{"target": -0.2909610856700916, "params": {"bus_acc": 0.7654, "bus_dcc": 3.9894, "bus_lcAssertive": 30.6239, "bus_lcCooperative": 0.3758, "bus_lcLookaheadLeft": 85.783, "bus_lcPushy": 0.0069, "bus_lcSigma": 0.9143, "bus_lcSpeedGainRight": 4.4261, "bus_lcSublane": 0.0461, "bus_sigma": 0.6951, "bus_tau_mean": 1.1725, "bus_tau_std": 7.2545, "bus_v_mean": 21.2378, "bus_v_std": 0.2653, "car_acc": 1.4604, "car_dcc": 3.7469, "car_lcAssertive": 59.0483, "car_lcCooperative": 0.8681, "car_lcLookaheadLeft": 66.3375, "car_lcPushy": 0.5093, "car_lcSigma": 0.9306, "car_lcSpeedGainRight": 3.1607, "car_lcSublane": 0.3049, "car_sigma": 0.1796, "car_tau_mean": 1.9549, "car_tau_std": 5.1177, "car_v_mean": 24.4025, "car_v_std": 12.4263}, "datetime": {"datetime": "2024-09-05 12:02:34", "elapsed": 4409.487871, "delta": 15.6066}}
{"target": -0.19809932902982277, "params": {"bus_acc": 3.1363, "bus_dcc": 1.0355, "bus_lcAssertive": 10.4707, "bus_lcCooperative": 0.0151, "bus_lcLookaheadLeft": 84.3127, "bus_lcPushy": 0.8723, "bus_lcSigma": 0.8131, "bus_lcSpeedGainRight": 2.8431, "bus_lcSublane": 0.2555, "bus_sigma": 0.1153, "bus_tau_mean": 1.4914, "bus_tau_std": 3.1182, "bus_v_mean": 14.9765, "bus_v_std": 19.7413, "car_acc": 1.9315, "car_dcc": 2.8621, "car_lcAssertive": 33.298, "car_lcCooperative": 0.1689, "car_lcLookaheadLeft": 87.6101, "car_lcPushy": 0.1625, "car_lcSigma": 0.1583, "car_lcSpeedGainRight": 2.4192, "car_lcSublane": 0.8299, "car_sigma": 0.9805, "car_tau_mean": 0.6914, "car_tau_std": 4.0398, "car_v_mean": 19.923, "car_v_std": 9.9515}, "datetime": {"datetime": "2024-09-05 12:02:37", "elapsed": 4413.113116, "delta": 3.625245}}
{"target": -0.21392699680561, "params": {"bus_acc": 0.6917, "bus_dcc": 1.0436, "bus_lcAssertive": 43.0076, "bus_lcCooperative": 0.1849, "bus_lcLookaheadLeft": 75.4881, "bus_lcPushy": 0.5373, "bus_lcSigma": 0.9018, "bus_lcSpeedGainRight": 3.394, "bus_lcSublane": 0.2937, "bus_sigma": 0.1729, "bus_tau_mean": 0.8538, "bus_tau_std": 0.4904, "bus_v_mean": 15.918, "bus_v_std": 0.3166, "car_acc": 1.9824, "car_dcc": 3.1167, "car_lcAssertive": 14.105, "car_lcCooperative": 0.4957, "car_lcLookaheadLeft": 79.911, "car_lcPushy": 0.4565, "car_lcSigma": 0.2205, "car_lcSpeedGainRight": 0.9443, "car_lcSublane": 0.8696, "car_sigma": 0.289, "car_tau_mean": 1.9151, "car_tau_std": 2.0039, "car_v_mean": 24.6956, "car_v_std": 5.4192}, "datetime": {"datetime": "2024-09-05 12:02:47", "elapsed": 4422.488613, "delta": 9.375497}}
