{"target": -0.37800162752248995, "params": {"bus_acc": 1.9227, "bus_dcc": 3.7038, "bus_lcAssertive": 74.8324, "bus_lcCooperative": 0.1858, "bus_lcLookaheadLeft": 32.2365, "bus_lcPushy": 0.149, "bus_lcSigma": 0.1427, "bus_lcSpeedGainRight": 2.8441, "bus_lcSublane": 0.7599, "bus_sigma": 0.2135, "bus_tau_mean": 1.9962, "bus_tau_std": 6.5825, "bus_v_mean": 10.3743, "bus_v_std": 3.9175, "car_acc": 1.6917, "car_dcc": 1.5451, "car_lcAssertive": 53.0026, "car_lcCooperative": 0.9938, "car_lcLookaheadLeft": 82.3295, "car_lcPushy": 0.5236, "car_lcSigma": 0.6171, "car_lcSpeedGainRight": 0.5151, "car_lcSublane": 0.1656, "car_sigma": 0.8566, "car_tau_mean": 2.3459, "car_tau_std": 4.2912, "car_v_mean": 17.94, "car_v_std": 9.3666}, "datetime": {"datetime": "2024-08-11 21:23:20", "elapsed": 13270.864243, "delta": 18.34389}}
{"target": -0.36995654969707975, "params": {"bus_acc": 0.3162, "bus_dcc": 2.3994, "bus_lcAssertive": 50.4388, "bus_lcCooperative": 0.463, "bus_lcLookaheadLeft": 24.4947, "bus_lcPushy": 0.7002, "bus_lcSigma": 0.9118, "bus_lcSpeedGainRight": 3.081, "bus_lcSublane": 0.043, "bus_sigma": 0.4803, "bus_tau_mean": 2.374, "bus_tau_std": 5.0315, "bus_v_mean": 21.9688, "bus_v_std": 8.6271, "car_acc": 2.2829, "car_dcc": 1.6148, "car_lcAssertive": 69.6855, "car_lcCooperative": 0.789, "car_lcLookaheadLeft": 46.4307, "car_lcPushy": 0.9226, "car_lcSigma": 0.5401, "car_lcSpeedGainRight": 1.1174, "car_lcSublane": 0.6369, "car_sigma": 0.3438, "car_tau_mean": 1.0288, "car_tau_std": 7.9058, "car_v_mean": 25.6252, "car_v_std": 16.1822}, "datetime": {"datetime": "2024-08-11 21:23:29", "elapsed": 13279.651854, "delta": 8.787611}}
{"target": -0.38313448965753444, "params": {"bus_acc": 3.5175, "bus_dcc": 0.7352, "bus_lcAssertive": 46.2395, "bus_lcCooperative": 0.091, "bus_lcLookaheadLeft": 93.3959, "bus_lcPushy": 0.6459, "bus_lcSigma": 0.5858, "bus_lcSpeedGainRight": 1.5259, "bus_lcSublane": 0.8458, "bus_sigma": 0.4262, "bus_tau_mean": 2.5608, "bus_tau_std": 6.8983, "bus_v_mean": 14.3566, "bus_v_std": 17.2994, "car_acc": 2.1101, "car_dcc": 2.0722, "car_lcAssertive": 59.245, "car_lcCooperative": 0.8299, "car_lcLookaheadLeft": 84.7003, "car_lcPushy": 0.6236, "car_lcSigma": 0.6717, "car_lcSpeedGainRight": 2.3376, "car_lcSublane": 0.4266, "car_sigma": 0.7041, "car_tau_mean": 0.6428, "car_tau_std": 3.3632, "car_v_mean": 23.6114, "car_v_std": 3.6923}, "datetime": {"datetime": "2024-08-11 21:23:50", "elapsed": 13301.224471, "delta": 21.572617}}
{"target": -0.46788473519314006, "params": {"bus_acc": 3.8554, "bus_dcc": 1.8281, "bus_lcAssertive": 69.5525, "bus_lcCooperative": 0.3468, "bus_lcLookaheadLeft": 10.1103, "bus_lcPushy": 0.4057, "bus_lcSigma": 0.6383, "bus_lcSpeedGainRight": 2.0346, "bus_lcSublane": 0.0525, "bus_sigma": 0.9697, "bus_tau_mean": 2.6447, "bus_tau_std": 3.6762, "bus_v_mean": 9.0681, "bus_v_std": 12.0879, "car_acc": 2.7318, "car_dcc": 1.1369, "car_lcAssertive": 65.0548, "car_lcCooperative": 0.9156, "car_lcLookaheadLeft": 44.5924, "car_lcPushy": 0.7356, "car_lcSigma": 0.6618, "car_lcSpeedGainRight": 1.798, "car_lcSublane": 0.7715, "car_sigma": 0.4391, "car_tau_mean": 2.9913, "car_tau_std": 6.8235, "car_v_mean": 11.4164, "car_v_std": 9.5813}, "datetime": {"datetime": "2024-08-11 21:24:05", "elapsed": 13316.599368, "delta": 15.374897}}
{"target": -0.4998134466170883, "params": {"bus_acc": 2.753, "bus_dcc": 1.25, "bus_lcAssertive": 43.2391, "bus_lcCooperative": 0.0505, "bus_lcLookaheadLeft": 25.4571, "bus_lcPushy": 0.1446, "bus_lcSigma": 0.1328, "bus_lcSpeedGainRight": 2.1624, "bus_lcSublane": 0.7706, "bus_sigma": 0.4043, "bus_tau_mean": 1.6184, "bus_tau_std": 1.9208, "bus_v_mean": 11.4128, "bus_v_std": 9.5585, "car_acc": 0.8056, "car_dcc": 1.0631, "car_lcAssertive": 19.2791, "car_lcCooperative": 0.8198, "car_lcLookaheadLeft": 24.3779, "car_lcPushy": 0.6339, "car_lcSigma": 0.3029, "car_lcSpeedGainRight": 0.0549, "car_lcSublane": 0.8247, "car_sigma": 0.0571, "car_tau_mean": 2.5882, "car_tau_std": 3.6403, "car_v_mean": 21.5856, "car_v_std": 11.9759}, "datetime": {"datetime": "2024-08-11 21:24:26", "elapsed": 13336.911927, "delta": 20.312559}}
{"target": -0.44028229592476453, "params": {"bus_acc": 3.1426, "bus_dcc": 2.1458, "bus_lcAssertive": 86.8016, "bus_lcCooperative": 0.3552, "bus_lcLookaheadLeft": 78.7303, "bus_lcPushy": 0.6073, "bus_lcSigma": 0.6799, "bus_lcSpeedGainRight": 0.4069, "bus_lcSublane": 0.5781, "bus_sigma": 0.9454, "bus_tau_mean": 0.8963, "bus_tau_std": 1.9421, "bus_v_mean": 25.6272, "bus_v_std": 12.6745, "car_acc": 2.7605, "car_dcc": 0.2516, "car_lcAssertive": 25.8561, "car_lcCooperative": 0.8561, "car_lcLookaheadLeft": 80.2493, "car_lcPushy": 0.234, "car_lcSigma": 0.0576, "car_lcSpeedGainRight": 1.9561, "car_lcSublane": 0.0738, "car_sigma": 0.4138, "car_tau_mean": 3.6401, "car_tau_std": 6.401, "car_v_mean": 24.5622, "car_v_std": 7.4048}, "datetime": {"datetime": "2024-08-11 21:24:35", "elapsed": 13345.900773, "delta": 8.988846}}
{"target": -0.42407864173888726, "params": {"bus_acc": 1.0915, "bus_dcc": 2.6283, "bus_lcAssertive": 77.61, "bus_lcCooperative": 0.8574, "bus_lcLookaheadLeft": 20.3443, "bus_lcPushy": 0.0001, "bus_lcSigma": 0.0899, "bus_lcSpeedGainRight": 4.8737, "bus_lcSublane": 0.0662, "bus_sigma": 0.4181, "bus_tau_mean": 2.9222, "bus_tau_std": 6.5065, "bus_v_mean": 12.7541, "bus_v_std": 19.7649, "car_acc": 2.9092, "car_dcc": 2.5295, "car_lcAssertive": 14.3552, "car_lcCooperative": 0.9784, "car_lcLookaheadLeft": 40.0085, "car_lcPushy": 0.3853, "car_lcSigma": 0.6461, "car_lcSpeedGainRight": 0.9703, "car_lcSublane": 0.2918, "car_sigma": 0.1473, "car_tau_mean": 3.5159, "car_tau_std": 1.44, "car_v_mean": 20.5844, "car_v_std": 6.6399}, "datetime": {"datetime": "2024-08-11 21:24:44", "elapsed": 13355.115164, "delta": 9.214391}}
{"target": -0.4669175161881247, "params": {"bus_acc": 0.9408, "bus_dcc": 3.6744, "bus_lcAssertive": 59.7404, "bus_lcCooperative": 0.211, "bus_lcLookaheadLeft": 93.0821, "bus_lcPushy": 0.8832, "bus_lcSigma": 0.7703, "bus_lcSpeedGainRight": 1.458, "bus_lcSublane": 0.4018, "bus_sigma": 0.6337, "bus_tau_mean": 3.9146, "bus_tau_std": 5.7468, "bus_v_mean": 16.3932, "bus_v_std": 17.9968, "car_acc": 1.4063, "car_dcc": 2.8627, "car_lcAssertive": 50.9213, "car_lcCooperative": 0.0045, "car_lcLookaheadLeft": 88.1485, "car_lcPushy": 0.7288, "car_lcSigma": 0.484, "car_lcSpeedGainRight": 0.2219, "car_lcSublane": 0.3333, "car_sigma": 0.6464, "car_tau_mean": 2.6368, "car_tau_std": 9.7374, "car_v_mean": 25.9414, "car_v_std": 19.2383}, "datetime": {"datetime": "2024-08-11 21:25:01", "elapsed": 13372.238168, "delta": 17.123004}}
{"target": -0.38610026922771107, "params": {"bus_acc": 3.0965, "bus_dcc": 2.4992, "bus_lcAssertive": 92.9033, "bus_lcCooperative": 0.0938, "bus_lcLookaheadLeft": 23.927, "bus_lcPushy": 0.7522, "bus_lcSigma": 0.1104, "bus_lcSpeedGainRight": 0.5593, "bus_lcSublane": 0.1798, "bus_sigma": 0.2703, "bus_tau_mean": 0.8005, "bus_tau_std": 8.4787, "bus_v_mean": 12.0953, "bus_v_std": 6.0605, "car_acc": 1.0567, "car_dcc": 2.3537, "car_lcAssertive": 28.992, "car_lcCooperative": 0.5937, "car_lcLookaheadLeft": 46.3403, "car_lcPushy": 0.0984, "car_lcSigma": 0.8803, "car_lcSpeedGainRight": 1.2665, "car_lcSublane": 0.5754, "car_sigma": 0.6471, "car_tau_mean": 2.7411, "car_tau_std": 9.3463, "car_v_mean": 10.609, "car_v_std": 3.2189}, "datetime": {"datetime": "2024-08-11 21:25:10", "elapsed": 13381.221916, "delta": 8.983748}}
{"target": -0.2704520317950681, "params": {"bus_acc": 0.9276, "bus_dcc": 3.4221, "bus_lcAssertive": 40.4832, "bus_lcCooperative": 0.2362, "bus_lcLookaheadLeft": 3.0201, "bus_lcPushy": 0.5477, "bus_lcSigma": 0.7181, "bus_lcSpeedGainRight": 4.7852, "bus_lcSublane": 0.5515, "bus_sigma": 0.6466, "bus_tau_mean": 3.3673, "bus_tau_std": 6.6108, "bus_v_mean": 17.8263, "bus_v_std": 15.0206, "car_acc": 0.2594, "car_dcc": 1.6526, "car_lcAssertive": 12.0576, "car_lcCooperative": 0.6156, "car_lcLookaheadLeft": 41.4821, "car_lcPushy": 0.0102, "car_lcSigma": 0.1062, "car_lcSpeedGainRight": 4.532, "car_lcSublane": 0.8993, "car_sigma": 0.0094, "car_tau_mean": 2.4047, "car_tau_std": 6.5508, "car_v_mean": 15.385, "car_v_std": 3.155}, "datetime": {"datetime": "2024-08-11 21:25:19", "elapsed": 13390.321577, "delta": 9.099661}}
{"target": -0.5305772568366246, "params": {"bus_acc": 3.6932, "bus_dcc": 3.9476, "bus_lcAssertive": 36.4907, "bus_lcCooperative": 0.7925, "bus_lcLookaheadLeft": 74.5434, "bus_lcPushy": 0.3173, "bus_lcSigma": 0.2919, "bus_lcSpeedGainRight": 1.641, "bus_lcSublane": 0.8867, "bus_sigma": 0.1238, "bus_tau_mean": 2.902, "bus_tau_std": 1.5228, "bus_v_mean": 18.2262, "bus_v_std": 9.9058, "car_acc": 3.7424, "car_dcc": 3.2924, "car_lcAssertive": 39.5458, "car_lcCooperative": 0.4291, "car_lcLookaheadLeft": 54.7163, "car_lcPushy": 0.2395, "car_lcSigma": 0.4089, "car_lcSpeedGainRight": 0.3896, "car_lcSublane": 0.6845, "car_sigma": 0.3303, "car_tau_mean": 3.8963, "car_tau_std": 9.9665, "car_v_mean": 9.8963, "car_v_std": 8.3949}, "datetime": {"datetime": "2024-08-11 21:25:28", "elapsed": 13399.511352, "delta": 9.189775}}
{"target": -0.3981964992778549, "params": {"bus_acc": 1.2189, "bus_dcc": 2.4455, "bus_lcAssertive": 44.3063, "bus_lcCooperative": 0.1321, "bus_lcLookaheadLeft": 5.4746, "bus_lcPushy": 0.0652, "bus_lcSigma": 0.9337, "bus_lcSpeedGainRight": 3.8648, "bus_lcSublane": 0.8038, "bus_sigma": 0.4712, "bus_tau_mean": 1.4744, "bus_tau_std": 8.7067, "bus_v_mean": 10.5237, "bus_v_std": 15.145, "car_acc": 1.8853, "car_dcc": 0.9043, "car_lcAssertive": 98.3181, "car_lcCooperative": 0.3528, "car_lcLookaheadLeft": 73.0041, "car_lcPushy": 0.9251, "car_lcSigma": 0.4942, "car_lcSpeedGainRight": 0.77, "car_lcSublane": 0.7295, "car_sigma": 0.2845, "car_tau_mean": 3.3712, "car_tau_std": 7.0241, "car_v_mean": 22.8219, "car_v_std": 0.5615}, "datetime": {"datetime": "2024-08-11 21:25:38", "elapsed": 13408.697111, "delta": 9.185759}}
{"target": -0.39730472471540074, "params": {"bus_acc": 3.8946, "bus_dcc": 0.9869, "bus_lcAssertive": 51.0862, "bus_lcCooperative": 0.1044, "bus_lcLookaheadLeft": 22.6654, "bus_lcPushy": 0.1757, "bus_lcSigma": 0.7481, "bus_lcSpeedGainRight": 1.0607, "bus_lcSublane": 0.8636, "bus_sigma": 0.9212, "bus_tau_mean": 2.4506, "bus_tau_std": 9.9796, "bus_v_mean": 19.1852, "bus_v_std": 17.2733, "car_acc": 2.5427, "car_dcc": 1.4496, "car_lcAssertive": 31.3755, "car_lcCooperative": 0.1729, "car_lcLookaheadLeft": 33.0908, "car_lcPushy": 0.4309, "car_lcSigma": 0.0677, "car_lcSpeedGainRight": 2.6849, "car_lcSublane": 0.2166, "car_sigma": 0.9926, "car_tau_mean": 1.613, "car_tau_std": 3.4302, "car_v_mean": 15.549, "car_v_std": 12.9629}, "datetime": {"datetime": "2024-08-11 21:25:53", "elapsed": 13424.034922, "delta": 15.337811}}
{"target": -0.4263907878710529, "params": {"bus_acc": 3.0111, "bus_dcc": 2.4776, "bus_lcAssertive": 83.4901, "bus_lcCooperative": 0.8488, "bus_lcLookaheadLeft": 13.6422, "bus_lcPushy": 0.3719, "bus_lcSigma": 0.2313, "bus_lcSpeedGainRight": 0.1242, "bus_lcSublane": 0.2203, "bus_sigma": 0.6468, "bus_tau_mean": 1.2595, "bus_tau_std": 6.5961, "bus_v_mean": 9.2137, "bus_v_std": 13.4427, "car_acc": 0.4152, "car_dcc": 0.5742, "car_lcAssertive": 49.5237, "car_lcCooperative": 0.8073, "car_lcLookaheadLeft": 75.5003, "car_lcPushy": 0.8479, "car_lcSigma": 0.6002, "car_lcSpeedGainRight": 1.9249, "car_lcSublane": 0.836, "car_sigma": 0.5947, "car_tau_mean": 2.7635, "car_tau_std": 5.6579, "car_v_mean": 25.6134, "car_v_std": 16.7185}, "datetime": {"datetime": "2024-08-11 21:26:08", "elapsed": 13439.218322, "delta": 15.1834}}
{"target": -0.4831210836620081, "params": {"bus_acc": 2.8691, "bus_dcc": 1.9457, "bus_lcAssertive": 53.7647, "bus_lcCooperative": 0.491, "bus_lcLookaheadLeft": 28.2605, "bus_lcPushy": 0.4068, "bus_lcSigma": 0.1032, "bus_lcSpeedGainRight": 4.5244, "bus_lcSublane": 0.4589, "bus_sigma": 0.763, "bus_tau_mean": 3.3911, "bus_tau_std": 7.6463, "bus_v_mean": 15.2654, "bus_v_std": 9.3551, "car_acc": 0.8951, "car_dcc": 2.0617, "car_lcAssertive": 58.4459, "car_lcCooperative": 0.1452, "car_lcLookaheadLeft": 55.6156, "car_lcPushy": 0.8574, "car_lcSigma": 0.9266, "car_lcSpeedGainRight": 4.6133, "car_lcSublane": 0.122, "car_sigma": 0.3847, "car_tau_mean": 1.2923, "car_tau_std": 0.7398, "car_v_mean": 18.1005, "car_v_std": 7.1932}, "datetime": {"datetime": "2024-08-11 21:26:25", "elapsed": 13455.801675, "delta": 16.583353}}
{"target": -0.3104668125151111, "params": {"bus_acc": 0.206, "bus_dcc": 3.5681, "bus_lcAssertive": 33.0978, "bus_lcCooperative": 0.0389, "bus_lcLookaheadLeft": 75.1643, "bus_lcPushy": 0.7363, "bus_lcSigma": 0.5903, "bus_lcSpeedGainRight": 3.8934, "bus_lcSublane": 0.8089, "bus_sigma": 0.2507, "bus_tau_mean": 2.88, "bus_tau_std": 8.8154, "bus_v_mean": 19.5244, "bus_v_std": 3.3618, "car_acc": 1.7905, "car_dcc": 2.565, "car_lcAssertive": 31.0212, "car_lcCooperative": 0.8401, "car_lcLookaheadLeft": 77.2394, "car_lcPushy": 0.9808, "car_lcSigma": 0.4042, "car_lcSpeedGainRight": 1.7833, "car_lcSublane": 0.7361, "car_sigma": 0.6894, "car_tau_mean": 1.705, "car_tau_std": 4.2056, "car_v_mean": 12.0385, "car_v_std": 19.1903}, "datetime": {"datetime": "2024-08-11 21:26:39", "elapsed": 13469.689825, "delta": 13.88815}}
{"target": -0.4827365716098429, "params": {"bus_acc": 2.1637, "bus_dcc": 0.2707, "bus_lcAssertive": 55.5531, "bus_lcCooperative": 0.5922, "bus_lcLookaheadLeft": 51.8786, "bus_lcPushy": 0.2826, "bus_lcSigma": 0.5551, "bus_lcSpeedGainRight": 0.4127, "bus_lcSublane": 0.6912, "bus_sigma": 0.08, "bus_tau_mean": 1.1069, "bus_tau_std": 6.5296, "bus_v_mean": 13.3757, "bus_v_std": 5.0134, "car_acc": 1.5974, "car_dcc": 3.2474, "car_lcAssertive": 42.953, "car_lcCooperative": 0.0714, "car_lcLookaheadLeft": 53.8987, "car_lcPushy": 0.8301, "car_lcSigma": 0.999, "car_lcSpeedGainRight": 1.9253, "car_lcSublane": 0.5204, "car_sigma": 0.3142, "car_tau_mean": 3.2452, "car_tau_std": 8.1061, "car_v_mean": 23.7068, "car_v_std": 16.8985}, "datetime": {"datetime": "2024-08-11 21:26:52", "elapsed": 13482.646338, "delta": 12.956513}}
{"target": -0.527169757025508, "params": {"bus_acc": 3.9281, "bus_dcc": 2.5057, "bus_lcAssertive": 90.8249, "bus_lcCooperative": 0.4978, "bus_lcLookaheadLeft": 34.2, "bus_lcPushy": 0.6811, "bus_lcSigma": 0.3191, "bus_lcSpeedGainRight": 1.4539, "bus_lcSublane": 0.6287, "bus_sigma": 0.0817, "bus_tau_mean": 1.2371, "bus_tau_std": 7.1357, "bus_v_mean": 24.1403, "bus_v_std": 10.2443, "car_acc": 1.5078, "car_dcc": 1.1686, "car_lcAssertive": 48.1499, "car_lcCooperative": 0.7924, "car_lcLookaheadLeft": 54.7949, "car_lcPushy": 0.7752, "car_lcSigma": 0.7194, "car_lcSpeedGainRight": 4.2322, "car_lcSublane": 0.8073, "car_sigma": 0.5091, "car_tau_mean": 3.1283, "car_tau_std": 5.0024, "car_v_mean": 10.2618, "car_v_std": 3.1366}, "datetime": {"datetime": "2024-08-11 21:27:05", "elapsed": 13495.750705, "delta": 13.104367}}
{"target": -0.3368784030848972, "params": {"bus_acc": 1.2305, "bus_dcc": 1.5639, "bus_lcAssertive": 47.4874, "bus_lcCooperative": 0.3087, "bus_lcLookaheadLeft": 37.7005, "bus_lcPushy": 0.8669, "bus_lcSigma": 0.7168, "bus_lcSpeedGainRight": 2.2218, "bus_lcSublane": 0.4025, "bus_sigma": 0.6615, "bus_tau_mean": 3.6886, "bus_tau_std": 2.1854, "bus_v_mean": 21.5373, "bus_v_std": 11.5228, "car_acc": 1.267, "car_dcc": 2.1364, "car_lcAssertive": 61.6852, "car_lcCooperative": 0.297, "car_lcLookaheadLeft": 3.0211, "car_lcPushy": 0.8761, "car_lcSigma": 0.2211, "car_lcSpeedGainRight": 2.7011, "car_lcSublane": 0.6042, "car_sigma": 0.5093, "car_tau_mean": 3.1579, "car_tau_std": 9.0518, "car_v_mean": 15.1145, "car_v_std": 15.8837}, "datetime": {"datetime": "2024-08-11 21:27:15", "elapsed": 13505.684393, "delta": 9.933688}}
{"target": -0.2714792951391432, "params": {"bus_acc": 2.3209, "bus_dcc": 3.8985, "bus_lcAssertive": 14.2467, "bus_lcCooperative": 0.8264, "bus_lcLookaheadLeft": 8.1493, "bus_lcPushy": 0.7272, "bus_lcSigma": 0.8228, "bus_lcSpeedGainRight": 1.1794, "bus_lcSublane": 0.9912, "bus_sigma": 0.0643, "bus_tau_mean": 2.6228, "bus_tau_std": 8.8897, "bus_v_mean": 23.6121, "bus_v_std": 8.5637, "car_acc": 0.3899, "car_dcc": 1.7458, "car_lcAssertive": 61.487, "car_lcCooperative": 0.6414, "car_lcLookaheadLeft": 35.1161, "car_lcPushy": 0.7791, "car_lcSigma": 0.4603, "car_lcSpeedGainRight": 0.4741, "car_lcSublane": 0.4369, "car_sigma": 0.3444, "car_tau_mean": 3.8022, "car_tau_std": 8.5725, "car_v_mean": 25.1704, "car_v_std": 8.6637}, "datetime": {"datetime": "2024-08-11 21:27:24", "elapsed": 13515.260369, "delta": 9.575976}}
{"target": -0.4835084647529316, "params": {"bus_acc": 3.8764, "bus_dcc": 0.9831, "bus_lcAssertive": 86.2589, "bus_lcCooperative": 0.2971, "bus_lcLookaheadLeft": 31.873, "bus_lcPushy": 0.8099, "bus_lcSigma": 0.6466, "bus_lcSpeedGainRight": 3.3215, "bus_lcSublane": 0.5494, "bus_sigma": 0.8641, "bus_tau_mean": 3.8636, "bus_tau_std": 8.6806, "bus_v_mean": 17.2381, "bus_v_std": 8.0816, "car_acc": 3.9302, "car_dcc": 0.4946, "car_lcAssertive": 76.8045, "car_lcCooperative": 0.4494, "car_lcLookaheadLeft": 51.1369, "car_lcPushy": 0.5879, "car_lcSigma": 0.1942, "car_lcSpeedGainRight": 0.2811, "car_lcSublane": 0.2076, "car_sigma": 0.7065, "car_tau_mean": 1.1111, "car_tau_std": 1.7859, "car_v_mean": 25.772, "car_v_std": 13.6934}, "datetime": {"datetime": "2024-08-11 21:27:34", "elapsed": 13524.718363, "delta": 9.457994}}
{"target": -0.2974387667928678, "params": {"bus_acc": 1.5845, "bus_dcc": 1.1911, "bus_lcAssertive": 65.8861, "bus_lcCooperative": 0.1513, "bus_lcLookaheadLeft": 96.5648, "bus_lcPushy": 0.2638, "bus_lcSigma": 0.6344, "bus_lcSpeedGainRight": 2.9803, "bus_lcSublane": 0.4573, "bus_sigma": 0.1736, "bus_tau_mean": 0.7551, "bus_tau_std": 3.8385, "bus_v_mean": 10.4595, "bus_v_std": 12.9597, "car_acc": 3.5291, "car_dcc": 2.3732, "car_lcAssertive": 57.1735, "car_lcCooperative": 0.0223, "car_lcLookaheadLeft": 76.8763, "car_lcPushy": 0.8888, "car_lcSigma": 0.8942, "car_lcSpeedGainRight": 4.1563, "car_lcSublane": 0.5587, "car_sigma": 0.2745, "car_tau_mean": 2.409, "car_tau_std": 8.5872, "car_v_mean": 24.4195, "car_v_std": 0.0613}, "datetime": {"datetime": "2024-08-11 21:27:43", "elapsed": 13534.311593, "delta": 9.59323}}
{"target": -0.6127684451710734, "params": {"bus_acc": 3.6723, "bus_dcc": 1.204, "bus_lcAssertive": 81.5574, "bus_lcCooperative": 0.2152, "bus_lcLookaheadLeft": 69.9951, "bus_lcPushy": 0.2506, "bus_lcSigma": 0.277, "bus_lcSpeedGainRight": 1.1019, "bus_lcSublane": 0.0738, "bus_sigma": 0.232, "bus_tau_mean": 1.7164, "bus_tau_std": 3.1024, "bus_v_mean": 23.0871, "bus_v_std": 13.8402, "car_acc": 2.2239, "car_dcc": 2.4162, "car_lcAssertive": 2.3811, "car_lcCooperative": 0.9463, "car_lcLookaheadLeft": 69.6916, "car_lcPushy": 0.0393, "car_lcSigma": 0.9209, "car_lcSpeedGainRight": 2.0654, "car_lcSublane": 0.5974, "car_sigma": 0.2515, "car_tau_mean": 3.3684, "car_tau_std": 0.9616, "car_v_mean": 25.7132, "car_v_std": 6.9783}, "datetime": {"datetime": "2024-08-11 21:27:58", "elapsed": 13549.390442, "delta": 15.078849}}
{"target": -0.36176061782936303, "params": {"bus_acc": 1.7841, "bus_dcc": 1.0465, "bus_lcAssertive": 94.9482, "bus_lcCooperative": 0.8367, "bus_lcLookaheadLeft": 49.0876, "bus_lcPushy": 0.4923, "bus_lcSigma": 0.7231, "bus_lcSpeedGainRight": 4.0072, "bus_lcSublane": 0.601, "bus_sigma": 0.0566, "bus_tau_mean": 1.771, "bus_tau_std": 4.2812, "bus_v_mean": 10.2527, "bus_v_std": 0.7124, "car_acc": 1.2789, "car_dcc": 1.0525, "car_lcAssertive": 92.0324, "car_lcCooperative": 0.1994, "car_lcLookaheadLeft": 66.254, "car_lcPushy": 0.5067, "car_lcSigma": 0.0966, "car_lcSpeedGainRight": 4.888, "car_lcSublane": 0.4204, "car_sigma": 0.9911, "car_tau_mean": 3.7596, "car_tau_std": 1.4787, "car_v_mean": 24.9607, "car_v_std": 15.3737}, "datetime": {"datetime": "2024-08-11 21:28:23", "elapsed": 13574.540858, "delta": 25.150416}}
{"target": -0.7511910165245822, "params": {"bus_acc": 1.5502, "bus_dcc": 2.8457, "bus_lcAssertive": 2.9067, "bus_lcCooperative": 0.3939, "bus_lcLookaheadLeft": 41.0456, "bus_lcPushy": 0.3889, "bus_lcSigma": 0.7707, "bus_lcSpeedGainRight": 3.6751, "bus_lcSublane": 0.7559, "bus_sigma": 0.3606, "bus_tau_mean": 3.2751, "bus_tau_std": 7.4819, "bus_v_mean": 21.1627, "bus_v_std": 12.5158, "car_acc": 2.8693, "car_dcc": 3.3011, "car_lcAssertive": 1.4382, "car_lcCooperative": 0.2403, "car_lcLookaheadLeft": 68.3172, "car_lcPushy": 0.8266, "car_lcSigma": 0.9553, "car_lcSpeedGainRight": 3.4349, "car_lcSublane": 0.3215, "car_sigma": 0.2271, "car_tau_mean": 3.2055, "car_tau_std": 8.5276, "car_v_mean": 10.3677, "car_v_std": 3.2339}, "datetime": {"datetime": "2024-08-11 21:28:38", "elapsed": 13589.048201, "delta": 14.507343}}
{"target": -0.32697240193212834, "params": {"bus_acc": 0.7091, "bus_dcc": 2.6561, "bus_lcAssertive": 73.0994, "bus_lcCooperative": 0.0133, "bus_lcLookaheadLeft": 10.4012, "bus_lcPushy": 0.2406, "bus_lcSigma": 0.2315, "bus_lcSpeedGainRight": 2.189, "bus_lcSublane": 0.2137, "bus_sigma": 0.4302, "bus_tau_mean": 1.8508, "bus_tau_std": 7.9725, "bus_v_mean": 17.388, "bus_v_std": 6.7361, "car_acc": 0.6976, "car_dcc": 3.1008, "car_lcAssertive": 15.6249, "car_lcCooperative": 0.0291, "car_lcLookaheadLeft": 24.004, "car_lcPushy": 0.8919, "car_lcSigma": 0.2184, "car_lcSpeedGainRight": 0.6971, "car_lcSublane": 0.335, "car_sigma": 0.3067, "car_tau_mean": 3.9355, "car_tau_std": 8.9651, "car_v_mean": 10.0888, "car_v_std": 7.1886}, "datetime": {"datetime": "2024-08-11 21:28:47", "elapsed": 13597.727081, "delta": 8.67888}}
