{"target": -0.37529130657853166, "params": {"bus_acc": 1.455, "bus_dcc": 3.6298, "bus_lcAssertive": 28.2827, "bus_lcCooperative": 0.7749, "bus_lcLookaheadLeft": 49.6954, "bus_lcPushy": 0.6377, "bus_lcSigma": 0.4294, "bus_lcSpeedGainRight": 0.5416, "bus_lcSublane": 0.5336, "bus_sigma": 0.2483, "bus_tau_mean": 1.987, "bus_tau_std": 5.1847, "bus_v_mean": 9.5723, "bus_v_std": 14.9697, "car_acc": 3.748, "car_dcc": 3.2076, "car_lcAssertive": 91.7785, "car_lcCooperative": 0.3395, "car_lcLookaheadLeft": 57.2598, "car_lcPushy": 0.6085, "car_lcSigma": 0.4747, "car_lcSpeedGainRight": 2.5593, "car_lcSublane": 0.0705, "car_sigma": 0.1359, "car_tau_mean": 2.8246, "car_tau_std": 4.7036, "car_v_mean": 12.6244, "car_v_std": 16.5115}, "datetime": {"datetime": "2024-08-11 19:43:45", "elapsed": 7296.35269, "delta": 5.953872}}
{"target": -0.3784137878074514, "params": {"bus_acc": 1.1875, "bus_dcc": 3.6146, "bus_lcAssertive": 46.7022, "bus_lcCooperative": 0.8634, "bus_lcLookaheadLeft": 41.831, "bus_lcPushy": 0.9969, "bus_lcSigma": 0.2936, "bus_lcSpeedGainRight": 3.3694, "bus_lcSublane": 0.2886, "bus_sigma": 0.516, "bus_tau_mean": 1.8295, "bus_tau_std": 7.0452, "bus_v_mean": 12.1505, "bus_v_std": 19.123, "car_acc": 2.3425, "car_dcc": 2.3817, "car_lcAssertive": 68.9881, "car_lcCooperative": 0.8479, "car_lcLookaheadLeft": 40.7404, "car_lcPushy": 0.2325, "car_lcSigma": 0.4152, "car_lcSpeedGainRight": 2.8674, "car_lcSublane": 0.5536, "car_sigma": 0.5591, "car_tau_mean": 3.6402, "car_tau_std": 6.2388, "car_v_mean": 22.6493, "car_v_std": 8.8071}, "datetime": {"datetime": "2024-08-11 19:43:50", "elapsed": 7300.698144, "delta": 4.345454}}
{"target": -0.35470095358062537, "params": {"bus_acc": 1.5136, "bus_dcc": 2.1218, "bus_lcAssertive": 16.9522, "bus_lcCooperative": 0.3744, "bus_lcLookaheadLeft": 48.562, "bus_lcPushy": 0.0258, "bus_lcSigma": 0.4784, "bus_lcSpeedGainRight": 2.5813, "bus_lcSublane": 0.5685, "bus_sigma": 0.6, "bus_tau_mean": 1.2533, "bus_tau_std": 9.6176, "bus_v_mean": 25.7802, "bus_v_std": 5.1822, "car_acc": 1.8937, "car_dcc": 3.3623, "car_lcAssertive": 64.1031, "car_lcCooperative": 0.504, "car_lcLookaheadLeft": 96.4127, "car_lcPushy": 0.6718, "car_lcSigma": 0.584, "car_lcSpeedGainRight": 2.0631, "car_lcSublane": 0.5567, "car_sigma": 0.2057, "car_tau_mean": 3.9014, "car_tau_std": 1.1274, "car_v_mean": 18.0935, "car_v_std": 15.416}, "datetime": {"datetime": "2024-08-11 19:43:54", "elapsed": 7305.237337, "delta": 4.539193}}
{"target": -0.37274572839395476, "params": {"bus_acc": 3.739, "bus_dcc": 1.0961, "bus_lcAssertive": 8.4475, "bus_lcCooperative": 0.7483, "bus_lcLookaheadLeft": 48.3087, "bus_lcPushy": 0.1809, "bus_lcSigma": 0.8123, "bus_lcSpeedGainRight": 0.4055, "bus_lcSublane": 0.7425, "bus_sigma": 0.0537, "bus_tau_mean": 3.1519, "bus_tau_std": 1.5441, "bus_v_mean": 25.3586, "bus_v_std": 4.6386, "car_acc": 2.0056, "car_dcc": 3.8549, "car_lcAssertive": 45.7374, "car_lcCooperative": 0.9512, "car_lcLookaheadLeft": 60.3875, "car_lcPushy": 0.0676, "car_lcSigma": 0.9691, "car_lcSpeedGainRight": 2.159, "car_lcSublane": 0.1792, "car_sigma": 0.9874, "car_tau_mean": 1.0723, "car_tau_std": 7.3384, "car_v_mean": 18.4782, "car_v_std": 9.0121}, "datetime": {"datetime": "2024-08-11 19:43:59", "elapsed": 7310.206999, "delta": 4.969662}}
{"target": -0.4048078250086396, "params": {"bus_acc": 2.7457, "bus_dcc": 2.0701, "bus_lcAssertive": 54.3871, "bus_lcCooperative": 0.9448, "bus_lcLookaheadLeft": 5.7816, "bus_lcPushy": 0.565, "bus_lcSigma": 0.1249, "bus_lcSpeedGainRight": 0.7343, "bus_lcSublane": 0.2431, "bus_sigma": 0.6746, "bus_tau_mean": 0.698, "bus_tau_std": 9.953, "bus_v_mean": 17.5492, "bus_v_std": 13.0131, "car_acc": 3.5776, "car_dcc": 0.4333, "car_lcAssertive": 39.4585, "car_lcCooperative": 0.1744, "car_lcLookaheadLeft": 58.8327, "car_lcPushy": 0.2816, "car_lcSigma": 0.5447, "car_lcSpeedGainRight": 1.9932, "car_lcSublane": 0.9507, "car_sigma": 0.7734, "car_tau_mean": 2.3426, "car_tau_std": 5.6227, "car_v_mean": 22.3011, "car_v_std": 12.2875}, "datetime": {"datetime": "2024-08-11 19:44:04", "elapsed": 7315.458685, "delta": 5.251686}}
{"target": -0.4215986763511233, "params": {"bus_acc": 2.4589, "bus_dcc": 3.2671, "bus_lcAssertive": 49.8245, "bus_lcCooperative": 0.7538, "bus_lcLookaheadLeft": 60.7712, "bus_lcPushy": 0.7667, "bus_lcSigma": 0.4429, "bus_lcSpeedGainRight": 0.6444, "bus_lcSublane": 0.0336, "bus_sigma": 0.6184, "bus_tau_mean": 3.2918, "bus_tau_std": 9.7698, "bus_v_mean": 8.0349, "bus_v_std": 14.193, "car_acc": 2.1586, "car_dcc": 0.9186, "car_lcAssertive": 18.4914, "car_lcCooperative": 0.3744, "car_lcLookaheadLeft": 92.9424, "car_lcPushy": 0.4275, "car_lcSigma": 0.2175, "car_lcSpeedGainRight": 4.0182, "car_lcSublane": 0.2546, "car_sigma": 0.1113, "car_tau_mean": 0.8221, "car_tau_std": 1.8093, "car_v_mean": 10.1152, "car_v_std": 1.3212}, "datetime": {"datetime": "2024-08-11 19:44:11", "elapsed": 7322.572518, "delta": 7.113833}}
{"target": -0.4196302418641955, "params": {"bus_acc": 1.8797, "bus_dcc": 2.9241, "bus_lcAssertive": 34.4213, "bus_lcCooperative": 0.2611, "bus_lcLookaheadLeft": 94.3373, "bus_lcPushy": 0.0944, "bus_lcSigma": 0.6274, "bus_lcSpeedGainRight": 2.1784, "bus_lcSublane": 0.8471, "bus_sigma": 0.2871, "bus_tau_mean": 2.4396, "bus_tau_std": 0.4295, "bus_v_mean": 12.8223, "bus_v_std": 5.3878, "car_acc": 3.1588, "car_dcc": 2.8962, "car_lcAssertive": 74.3819, "car_lcCooperative": 0.4794, "car_lcLookaheadLeft": 38.2543, "car_lcPushy": 0.6511, "car_lcSigma": 0.7148, "car_lcSpeedGainRight": 3.7564, "car_lcSublane": 0.1912, "car_sigma": 0.759, "car_tau_mean": 3.1924, "car_tau_std": 5.44, "car_v_mean": 24.0958, "car_v_std": 18.084}, "datetime": {"datetime": "2024-08-11 19:44:17", "elapsed": 7327.969772, "delta": 5.397254}}
{"target": -0.3514727857005144, "params": {"bus_acc": 2.6687, "bus_dcc": 2.9714, "bus_lcAssertive": 14.9107, "bus_lcCooperative": 0.0958, "bus_lcLookaheadLeft": 54.1471, "bus_lcPushy": 0.0479, "bus_lcSigma": 0.241, "bus_lcSpeedGainRight": 4.1567, "bus_lcSublane": 0.4564, "bus_sigma": 0.5186, "bus_tau_mean": 2.4093, "bus_tau_std": 1.5721, "bus_v_mean": 8.0806, "bus_v_std": 15.6061, "car_acc": 0.8454, "car_dcc": 2.9123, "car_lcAssertive": 47.4506, "car_lcCooperative": 0.4839, "car_lcLookaheadLeft": 33.9229, "car_lcPushy": 0.1546, "car_lcSigma": 0.8429, "car_lcSpeedGainRight": 4.7317, "car_lcSublane": 0.3795, "car_sigma": 0.963, "car_tau_mean": 0.6791, "car_tau_std": 7.4251, "car_v_mean": 25.3095, "car_v_std": 7.2718}, "datetime": {"datetime": "2024-08-11 19:44:25", "elapsed": 7335.906706, "delta": 7.936934}}
{"target": -0.2847550535195356, "params": {"bus_acc": 0.4484, "bus_dcc": 1.7714, "bus_lcAssertive": 83.0766, "bus_lcCooperative": 0.1754, "bus_lcLookaheadLeft": 22.1032, "bus_lcPushy": 0.3205, "bus_lcSigma": 0.1464, "bus_lcSpeedGainRight": 3.8344, "bus_lcSublane": 0.2719, "bus_sigma": 0.3447, "bus_tau_mean": 3.3718, "bus_tau_std": 4.4951, "bus_v_mean": 13.4624, "bus_v_std": 2.3478, "car_acc": 3.7977, "car_dcc": 2.2499, "car_lcAssertive": 87.295, "car_lcCooperative": 0.3249, "car_lcLookaheadLeft": 85.7563, "car_lcPushy": 0.7299, "car_lcSigma": 0.1167, "car_lcSpeedGainRight": 0.5446, "car_lcSublane": 0.4793, "car_sigma": 0.1269, "car_tau_mean": 2.0379, "car_tau_std": 2.1703, "car_v_mean": 10.7912, "car_v_std": 0.6683}, "datetime": {"datetime": "2024-08-11 19:44:32", "elapsed": 7342.655948, "delta": 6.749242}}
{"target": -0.26808739821626504, "params": {"bus_acc": 2.488, "bus_dcc": 0.405, "bus_lcAssertive": 3.783, "bus_lcCooperative": 0.4638, "bus_lcLookaheadLeft": 88.5616, "bus_lcPushy": 0.5841, "bus_lcSigma": 0.9818, "bus_lcSpeedGainRight": 2.6901, "bus_lcSublane": 0.5653, "bus_sigma": 0.5556, "bus_tau_mean": 1.2304, "bus_tau_std": 2.0532, "bus_v_mean": 10.8709, "bus_v_std": 1.7695, "car_acc": 0.6989, "car_dcc": 2.005, "car_lcAssertive": 94.9508, "car_lcCooperative": 0.4274, "car_lcLookaheadLeft": 29.4786, "car_lcPushy": 0.6492, "car_lcSigma": 0.832, "car_lcSpeedGainRight": 4.1504, "car_lcSublane": 0.9615, "car_sigma": 0.3726, "car_tau_mean": 3.6808, "car_tau_std": 1.9705, "car_v_mean": 15.7612, "car_v_std": 0.7389}, "datetime": {"datetime": "2024-08-11 19:44:38", "elapsed": 7349.107689, "delta": 6.451741}}
{"target": -0.5924593359695788, "params": {"bus_acc": 1.6231, "bus_dcc": 0.3781, "bus_lcAssertive": 41.0908, "bus_lcCooperative": 0.538, "bus_lcLookaheadLeft": 81.9026, "bus_lcPushy": 0.4154, "bus_lcSigma": 0.4935, "bus_lcSpeedGainRight": 2.6661, "bus_lcSublane": 0.8404, "bus_sigma": 0.814, "bus_tau_mean": 2.4808, "bus_tau_std": 7.524, "bus_v_mean": 13.4755, "bus_v_std": 2.6226, "car_acc": 1.955, "car_dcc": 1.8827, "car_lcAssertive": 62.9567, "car_lcCooperative": 0.9035, "car_lcLookaheadLeft": 37.5006, "car_lcPushy": 0.6491, "car_lcSigma": 0.6899, "car_lcSpeedGainRight": 0.0131, "car_lcSublane": 0.3648, "car_sigma": 0.5831, "car_tau_mean": 0.6586, "car_tau_std": 3.6011, "car_v_mean": 15.2518, "car_v_std": 3.7864}, "datetime": {"datetime": "2024-08-11 19:44:45", "elapsed": 7356.136477, "delta": 7.028788}}
{"target": -0.3542060913484453, "params": {"bus_acc": 3.791, "bus_dcc": 3.0118, "bus_lcAssertive": 37.0707, "bus_lcCooperative": 0.2466, "bus_lcLookaheadLeft": 28.3856, "bus_lcPushy": 0.4599, "bus_lcSigma": 0.178, "bus_lcSpeedGainRight": 2.7769, "bus_lcSublane": 0.4003, "bus_sigma": 0.4035, "bus_tau_mean": 3.3992, "bus_tau_std": 9.1212, "bus_v_mean": 24.2333, "bus_v_std": 6.5211, "car_acc": 2.7281, "car_dcc": 2.7916, "car_lcAssertive": 68.4916, "car_lcCooperative": 0.4818, "car_lcLookaheadLeft": 74.5143, "car_lcPushy": 0.9975, "car_lcSigma": 0.673, "car_lcSpeedGainRight": 2.3471, "car_lcSublane": 0.2195, "car_sigma": 0.6613, "car_tau_mean": 3.8009, "car_tau_std": 3.423, "car_v_mean": 22.7443, "car_v_std": 19.4014}, "datetime": {"datetime": "2024-08-11 19:44:55", "elapsed": 7366.116508, "delta": 9.980031}}
{"target": -0.417218477007425, "params": {"bus_acc": 2.7123, "bus_dcc": 2.7165, "bus_lcAssertive": 23.6624, "bus_lcCooperative": 0.4434, "bus_lcLookaheadLeft": 97.7368, "bus_lcPushy": 0.2893, "bus_lcSigma": 0.8015, "bus_lcSpeedGainRight": 2.9544, "bus_lcSublane": 0.9378, "bus_sigma": 0.4146, "bus_tau_mean": 2.4701, "bus_tau_std": 1.6773, "bus_v_mean": 13.1511, "bus_v_std": 11.5189, "car_acc": 0.2744, "car_dcc": 3.2309, "car_lcAssertive": 77.8558, "car_lcCooperative": 0.1614, "car_lcLookaheadLeft": 24.4679, "car_lcPushy": 0.5258, "car_lcSigma": 0.2243, "car_lcSpeedGainRight": 4.3275, "car_lcSublane": 0.2247, "car_sigma": 0.8492, "car_tau_mean": 1.5348, "car_tau_std": 0.1012, "car_v_mean": 11.514, "car_v_std": 11.232}, "datetime": {"datetime": "2024-08-11 19:45:00", "elapsed": 7371.408275, "delta": 5.291767}}
{"target": -0.49382898058891495, "params": {"bus_acc": 3.3154, "bus_dcc": 0.848, "bus_lcAssertive": 58.3954, "bus_lcCooperative": 0.7791, "bus_lcLookaheadLeft": 38.5906, "bus_lcPushy": 0.7858, "bus_lcSigma": 0.9219, "bus_lcSpeedGainRight": 4.1504, "bus_lcSublane": 0.6916, "bus_sigma": 0.4182, "bus_tau_mean": 1.075, "bus_tau_std": 9.9862, "bus_v_mean": 25.6614, "bus_v_std": 17.6464, "car_acc": 0.9149, "car_dcc": 1.7062, "car_lcAssertive": 13.9239, "car_lcCooperative": 0.4568, "car_lcLookaheadLeft": 90.4598, "car_lcPushy": 0.5286, "car_lcSigma": 0.6646, "car_lcSpeedGainRight": 4.6224, "car_lcSublane": 0.507, "car_sigma": 0.4101, "car_tau_mean": 3.4759, "car_tau_std": 6.8858, "car_v_mean": 22.4903, "car_v_std": 14.4141}, "datetime": {"datetime": "2024-08-11 19:45:05", "elapsed": 7376.054483, "delta": 4.646208}}
{"target": -0.41112378529915916, "params": {"bus_acc": 3.6545, "bus_dcc": 1.9253, "bus_lcAssertive": 22.1939, "bus_lcCooperative": 0.6778, "bus_lcLookaheadLeft": 20.8162, "bus_lcPushy": 0.8644, "bus_lcSigma": 0.2724, "bus_lcSpeedGainRight": 4.9725, "bus_lcSublane": 0.8652, "bus_sigma": 0.0806, "bus_tau_mean": 3.3623, "bus_tau_std": 7.7073, "bus_v_mean": 14.5578, "bus_v_std": 10.7379, "car_acc": 1.1033, "car_dcc": 3.1711, "car_lcAssertive": 59.7229, "car_lcCooperative": 0.148, "car_lcLookaheadLeft": 52.3454, "car_lcPushy": 0.8907, "car_lcSigma": 0.0848, "car_lcSpeedGainRight": 0.5081, "car_lcSublane": 0.5387, "car_sigma": 0.3831, "car_tau_mean": 1.6611, "car_tau_std": 1.1877, "car_v_mean": 9.7145, "car_v_std": 19.4841}, "datetime": {"datetime": "2024-08-11 19:45:10", "elapsed": 7381.503272, "delta": 5.448789}}
{"target": -0.39108624317926893, "params": {"bus_acc": 2.4227, "bus_dcc": 2.9243, "bus_lcAssertive": 99.7415, "bus_lcCooperative": 0.8852, "bus_lcLookaheadLeft": 35.6695, "bus_lcPushy": 0.3557, "bus_lcSigma": 0.2168, "bus_lcSpeedGainRight": 2.2905, "bus_lcSublane": 0.9579, "bus_sigma": 0.9069, "bus_tau_mean": 2.5653, "bus_tau_std": 1.2981, "bus_v_mean": 15.8689, "bus_v_std": 10.0221, "car_acc": 2.583, "car_dcc": 2.2773, "car_lcAssertive": 73.9133, "car_lcCooperative": 0.9584, "car_lcLookaheadLeft": 87.9983, "car_lcPushy": 0.2399, "car_lcSigma": 0.327, "car_lcSpeedGainRight": 3.9026, "car_lcSublane": 0.0371, "car_sigma": 0.7262, "car_tau_mean": 0.7304, "car_tau_std": 1.1806, "car_v_mean": 23.5042, "car_v_std": 6.9306}, "datetime": {"datetime": "2024-08-11 19:45:15", "elapsed": 7386.294685, "delta": 4.791413}}
{"target": -0.42986325968584027, "params": {"bus_acc": 2.5863, "bus_dcc": 2.8916, "bus_lcAssertive": 79.8041, "bus_lcCooperative": 0.2258, "bus_lcLookaheadLeft": 12.3698, "bus_lcPushy": 0.2445, "bus_lcSigma": 0.3708, "bus_lcSpeedGainRight": 0.3067, "bus_lcSublane": 0.8182, "bus_sigma": 0.4452, "bus_tau_mean": 3.1452, "bus_tau_std": 9.2155, "bus_v_mean": 15.9252, "bus_v_std": 3.8733, "car_acc": 2.7656, "car_dcc": 1.9561, "car_lcAssertive": 21.8415, "car_lcCooperative": 0.9982, "car_lcLookaheadLeft": 18.3616, "car_lcPushy": 0.0869, "car_lcSigma": 0.5503, "car_lcSpeedGainRight": 2.1564, "car_lcSublane": 0.6861, "car_sigma": 0.0677, "car_tau_mean": 2.3897, "car_tau_std": 1.8785, "car_v_mean": 13.1617, "car_v_std": 15.6779}, "datetime": {"datetime": "2024-08-11 19:45:21", "elapsed": 7391.649315, "delta": 5.35463}}
{"target": -0.43958104996189745, "params": {"bus_acc": 2.8342, "bus_dcc": 2.1121, "bus_lcAssertive": 52.1905, "bus_lcCooperative": 0.949, "bus_lcLookaheadLeft": 78.1329, "bus_lcPushy": 0.2914, "bus_lcSigma": 0.7678, "bus_lcSpeedGainRight": 4.159, "bus_lcSublane": 0.214, "bus_sigma": 0.6492, "bus_tau_mean": 1.853, "bus_tau_std": 7.4376, "bus_v_mean": 9.8945, "bus_v_std": 12.693, "car_acc": 3.7204, "car_dcc": 0.9762, "car_lcAssertive": 40.8809, "car_lcCooperative": 0.9432, "car_lcLookaheadLeft": 13.521, "car_lcPushy": 0.1903, "car_lcSigma": 0.0394, "car_lcSpeedGainRight": 4.0271, "car_lcSublane": 0.4413, "car_sigma": 0.1031, "car_tau_mean": 3.5896, "car_tau_std": 6.9498, "car_v_mean": 8.1175, "car_v_std": 0.1597}, "datetime": {"datetime": "2024-08-11 19:45:29", "elapsed": 7399.861459, "delta": 8.212144}}
{"target": -0.3633400687190273, "params": {"bus_acc": 3.0964, "bus_dcc": 0.2045, "bus_lcAssertive": 83.9668, "bus_lcCooperative": 0.1728, "bus_lcLookaheadLeft": 25.4427, "bus_lcPushy": 0.9921, "bus_lcSigma": 0.2612, "bus_lcSpeedGainRight": 0.2444, "bus_lcSublane": 0.5174, "bus_sigma": 0.7418, "bus_tau_mean": 3.85, "bus_tau_std": 4.1622, "bus_v_mean": 21.0214, "bus_v_std": 15.9795, "car_acc": 1.7652, "car_dcc": 3.2516, "car_lcAssertive": 44.4215, "car_lcCooperative": 0.3664, "car_lcLookaheadLeft": 51.8831, "car_lcPushy": 0.4591, "car_lcSigma": 0.6297, "car_lcSpeedGainRight": 1.5439, "car_lcSublane": 0.981, "car_sigma": 0.6047, "car_tau_mean": 2.9357, "car_tau_std": 1.7351, "car_v_mean": 23.9103, "car_v_std": 8.6039}, "datetime": {"datetime": "2024-08-11 19:45:34", "elapsed": 7405.240294, "delta": 5.378835}}
{"target": -0.41172881250048093, "params": {"bus_acc": 1.461, "bus_dcc": 1.8517, "bus_lcAssertive": 90.8126, "bus_lcCooperative": 0.9976, "bus_lcLookaheadLeft": 53.066, "bus_lcPushy": 0.0529, "bus_lcSigma": 0.831, "bus_lcSpeedGainRight": 0.9693, "bus_lcSublane": 0.4023, "bus_sigma": 0.289, "bus_tau_mean": 3.4732, "bus_tau_std": 5.5537, "bus_v_mean": 14.4207, "bus_v_std": 11.2632, "car_acc": 2.4647, "car_dcc": 2.7204, "car_lcAssertive": 57.8002, "car_lcCooperative": 0.511, "car_lcLookaheadLeft": 19.3099, "car_lcPushy": 0.0661, "car_lcSigma": 0.9683, "car_lcSpeedGainRight": 4.995, "car_lcSublane": 0.9803, "car_sigma": 0.7018, "car_tau_mean": 3.7671, "car_tau_std": 4.3183, "car_v_mean": 13.1437, "car_v_std": 13.3971}, "datetime": {"datetime": "2024-08-11 19:45:41", "elapsed": 7412.476036, "delta": 7.235742}}
{"target": -0.3299450588876795, "params": {"bus_acc": 3.6517, "bus_dcc": 0.6622, "bus_lcAssertive": 30.9733, "bus_lcCooperative": 0.2679, "bus_lcLookaheadLeft": 87.5258, "bus_lcPushy": 0.4587, "bus_lcSigma": 0.1984, "bus_lcSpeedGainRight": 3.4686, "bus_lcSublane": 0.5213, "bus_sigma": 0.6221, "bus_tau_mean": 3.1091, "bus_tau_std": 5.5924, "bus_v_mean": 8.1863, "bus_v_std": 12.2347, "car_acc": 0.9849, "car_dcc": 1.6572, "car_lcAssertive": 92.293, "car_lcCooperative": 0.1469, "car_lcLookaheadLeft": 17.845, "car_lcPushy": 0.1026, "car_lcSigma": 0.4689, "car_lcSpeedGainRight": 1.3847, "car_lcSublane": 0.8529, "car_sigma": 0.2, "car_tau_mean": 2.7119, "car_tau_std": 8.1683, "car_v_mean": 14.8679, "car_v_std": 16.7336}, "datetime": {"datetime": "2024-08-11 19:45:50", "elapsed": 7421.270266, "delta": 8.79423}}
{"target": -0.34498149290354885, "params": {"bus_acc": 2.0358, "bus_dcc": 2.3361, "bus_lcAssertive": 59.9432, "bus_lcCooperative": 0.6319, "bus_lcLookaheadLeft": 3.4441, "bus_lcPushy": 0.2758, "bus_lcSigma": 0.8194, "bus_lcSpeedGainRight": 4.8585, "bus_lcSublane": 0.2366, "bus_sigma": 0.5551, "bus_tau_mean": 3.3583, "bus_tau_std": 2.7804, "bus_v_mean": 19.3278, "bus_v_std": 12.3595, "car_acc": 0.5153, "car_dcc": 3.4315, "car_lcAssertive": 46.0994, "car_lcCooperative": 0.3509, "car_lcLookaheadLeft": 60.9652, "car_lcPushy": 0.9883, "car_lcSigma": 0.1344, "car_lcSpeedGainRight": 3.3105, "car_lcSublane": 0.0843, "car_sigma": 0.3658, "car_tau_mean": 0.6498, "car_tau_std": 7.007, "car_v_mean": 14.4953, "car_v_std": 19.9237}, "datetime": {"datetime": "2024-08-11 19:45:58", "elapsed": 7429.195866, "delta": 7.9256}}
{"target": -0.5198749870541696, "params": {"bus_acc": 2.4076, "bus_dcc": 3.4301, "bus_lcAssertive": 9.491, "bus_lcCooperative": 0.7219, "bus_lcLookaheadLeft": 80.9108, "bus_lcPushy": 0.5449, "bus_lcSigma": 0.5667, "bus_lcSpeedGainRight": 3.5071, "bus_lcSublane": 0.4367, "bus_sigma": 0.2315, "bus_tau_mean": 3.8974, "bus_tau_std": 7.5622, "bus_v_mean": 20.9323, "bus_v_std": 0.7974, "car_acc": 2.9152, "car_dcc": 1.1684, "car_lcAssertive": 21.8032, "car_lcCooperative": 0.6687, "car_lcLookaheadLeft": 92.9964, "car_lcPushy": 0.4892, "car_lcSigma": 0.601, "car_lcSpeedGainRight": 3.9766, "car_lcSublane": 0.6796, "car_sigma": 0.9712, "car_tau_mean": 0.9167, "car_tau_std": 8.2223, "car_v_mean": 8.3147, "car_v_std": 4.2969}, "datetime": {"datetime": "2024-08-11 19:46:05", "elapsed": 7436.067594, "delta": 6.871728}}
{"target": -0.42342808167572965, "params": {"bus_acc": 3.8697, "bus_dcc": 2.1227, "bus_lcAssertive": 87.7188, "bus_lcCooperative": 0.7596, "bus_lcLookaheadLeft": 35.6206, "bus_lcPushy": 0.4519, "bus_lcSigma": 0.1336, "bus_lcSpeedGainRight": 4.0184, "bus_lcSublane": 0.0034, "bus_sigma": 0.7093, "bus_tau_mean": 1.8358, "bus_tau_std": 0.8179, "bus_v_mean": 18.342, "bus_v_std": 8.2647, "car_acc": 3.4955, "car_dcc": 1.2821, "car_lcAssertive": 11.5699, "car_lcCooperative": 0.6051, "car_lcLookaheadLeft": 22.0495, "car_lcPushy": 0.8917, "car_lcSigma": 0.4017, "car_lcSpeedGainRight": 2.2938, "car_lcSublane": 0.0479, "car_sigma": 0.8864, "car_tau_mean": 2.6064, "car_tau_std": 9.3561, "car_v_mean": 12.1662, "car_v_std": 13.0439}, "datetime": {"datetime": "2024-08-11 19:46:10", "elapsed": 7440.939801, "delta": 4.872207}}
{"target": -0.3219587512081203, "params": {"bus_acc": 1.2669, "bus_dcc": 3.2562, "bus_lcAssertive": 51.9728, "bus_lcCooperative": 0.3244, "bus_lcLookaheadLeft": 96.4366, "bus_lcPushy": 0.8032, "bus_lcSigma": 0.4362, "bus_lcSpeedGainRight": 1.0896, "bus_lcSublane": 0.3926, "bus_sigma": 0.9822, "bus_tau_mean": 1.1296, "bus_tau_std": 8.9912, "bus_v_mean": 11.6985, "bus_v_std": 18.5585, "car_acc": 3.2519, "car_dcc": 3.222, "car_lcAssertive": 76.3027, "car_lcCooperative": 0.8261, "car_lcLookaheadLeft": 33.1667, "car_lcPushy": 0.4995, "car_lcSigma": 0.2315, "car_lcSpeedGainRight": 0.1854, "car_lcSublane": 0.3085, "car_sigma": 0.2981, "car_tau_mean": 1.2073, "car_tau_std": 1.5301, "car_v_mean": 16.9041, "car_v_std": 6.1693}, "datetime": {"datetime": "2024-08-11 19:46:15", "elapsed": 7446.164527, "delta": 5.224726}}
{"target": -0.3325931710245124, "params": {"bus_acc": 1.2677, "bus_dcc": 1.4652, "bus_lcAssertive": 26.2261, "bus_lcCooperative": 0.1846, "bus_lcLookaheadLeft": 33.6261, "bus_lcPushy": 0.854, "bus_lcSigma": 0.3798, "bus_lcSpeedGainRight": 4.1118, "bus_lcSublane": 0.6952, "bus_sigma": 0.949, "bus_tau_mean": 1.7358, "bus_tau_std": 7.9662, "bus_v_mean": 23.2065, "bus_v_std": 8.5086, "car_acc": 1.3106, "car_dcc": 2.3455, "car_lcAssertive": 14.0982, "car_lcCooperative": 0.737, "car_lcLookaheadLeft": 26.9172, "car_lcPushy": 0.4175, "car_lcSigma": 0.9527, "car_lcSpeedGainRight": 4.8316, "car_lcSublane": 0.6454, "car_sigma": 0.5939, "car_tau_mean": 1.8713, "car_tau_std": 5.798, "car_v_mean": 18.853, "car_v_std": 2.6812}, "datetime": {"datetime": "2024-08-11 19:46:21", "elapsed": 7451.7927, "delta": 5.628173}}
