{"target": -0.19703270743044898, "params": {"bus_acc": 3.3521, "bus_dcc": 3.0049, "bus_lcAssertive": 35.4832, "bus_lcCooperative": 0.5313, "bus_lcLookaheadLeft": 86.1131, "bus_lcPushy": 0.5546, "bus_lcSigma": 0.6544, "bus_lcSpeedGainRight": 0.9075, "bus_lcSublane": 0.9333, "bus_sigma": 0.6634, "bus_tau_mean": 1.4143, "bus_tau_std": 5.3349, "bus_v_mean": 22.0152, "bus_v_std": 1.5719, "car_acc": 1.248, "car_dcc": 3.9799, "car_lcAssertive": 74.2128, "car_lcCooperative": 0.3183, "car_lcLookaheadLeft": 96.8439, "car_lcPushy": 0.6337, "car_lcSigma": 0.5319, "car_lcSpeedGainRight": 1.469, "car_lcSublane": 0.0115, "car_sigma": 0.7614, "car_tau_mean": 3.363, "car_tau_std": 2.7532, "car_v_mean": 19.1965, "car_v_std": 8.7935}, "datetime": {"datetime": "2024-09-05 12:02:54", "elapsed": 4429.804056, "delta": 7.315443}}
{"target": -0.22094241416127913, "params": {"bus_acc": 0.342, "bus_dcc": 2.2002, "bus_lcAssertive": 7.7121, "bus_lcCooperative": 0.3423, "bus_lcLookaheadLeft": 83.3767, "bus_lcPushy": 0.7723, "bus_lcSigma": 0.6949, "bus_lcSpeedGainRight": 1.4917, "bus_lcSublane": 0.6889, "bus_sigma": 0.2944, "bus_tau_mean": 3.6135, "bus_tau_std": 2.4368, "bus_v_mean": 18.3129, "bus_v_std": 16.6498, "car_acc": 0.4776, "car_dcc": 0.5439, "car_lcAssertive": 19.587, "car_lcCooperative": 0.4447, "car_lcLookaheadLeft": 63.6253, "car_lcPushy": 0.3211, "car_lcSigma": 0.9674, "car_lcSpeedGainRight": 2.6623, "car_lcSublane": 0.1349, "car_sigma": 0.5404, "car_tau_mean": 1.6871, "car_tau_std": 2.1849, "car_v_mean": 8.634, "car_v_std": 11.346}, "datetime": {"datetime": "2024-09-05 12:02:59", "elapsed": 4435.322863, "delta": 5.518807}}
{"target": -0.16468779523762755, "params": {"bus_acc": 2.82, "bus_dcc": 3.583, "bus_lcAssertive": 25.7264, "bus_lcCooperative": 0.3715, "bus_lcLookaheadLeft": 66.1346, "bus_lcPushy": 0.4101, "bus_lcSigma": 0.5901, "bus_lcSpeedGainRight": 2.4487, "bus_lcSublane": 0.9903, "bus_sigma": 0.5771, "bus_tau_mean": 2.9882, "bus_tau_std": 0.6408, "bus_v_mean": 23.6085, "bus_v_std": 10.7165, "car_acc": 2.6643, "car_dcc": 0.9099, "car_lcAssertive": 21.0956, "car_lcCooperative": 0.2169, "car_lcLookaheadLeft": 60.0636, "car_lcPushy": 0.7236, "car_lcSigma": 0.1941, "car_lcSpeedGainRight": 1.8649, "car_lcSublane": 0.5389, "car_sigma": 0.2673, "car_tau_mean": 3.0242, "car_tau_std": 3.2043, "car_v_mean": 18.2879, "car_v_std": 13.8819}, "datetime": {"datetime": "2024-09-05 12:03:06", "elapsed": 4441.743903, "delta": 6.42104}}
{"target": -0.1933345676502932, "params": {"bus_acc": 3.5522, "bus_dcc": 1.8386, "bus_lcAssertive": 94.5916, "bus_lcCooperative": 0.0345, "bus_lcLookaheadLeft": 69.2747, "bus_lcPushy": 0.1364, "bus_lcSigma": 0.1459, "bus_lcSpeedGainRight": 0.6046, "bus_lcSublane": 0.806, "bus_sigma": 0.0991, "bus_tau_mean": 1.3744, "bus_tau_std": 0.3473, "bus_v_mean": 12.5613, "bus_v_std": 3.7464, "car_acc": 2.4891, "car_dcc": 2.449, "car_lcAssertive": 3.4319, "car_lcCooperative": 0.263, "car_lcLookaheadLeft": 77.8996, "car_lcPushy": 0.3121, "car_lcSigma": 0.2117, "car_lcSpeedGainRight": 1.0118, "car_lcSublane": 0.5865, "car_sigma": 0.9222, "car_tau_mean": 2.6717, "car_tau_std": 6.5337, "car_v_mean": 20.2827, "car_v_std": 2.3869}, "datetime": {"datetime": "2024-09-05 12:03:10", "elapsed": 4445.857011, "delta": 4.113108}}
{"target": -0.18845635264439564, "params": {"bus_acc": 2.9805, "bus_dcc": 3.4992, "bus_lcAssertive": 96.2391, "bus_lcCooperative": 0.8139, "bus_lcLookaheadLeft": 44.3608, "bus_lcPushy": 0.4251, "bus_lcSigma": 0.4956, "bus_lcSpeedGainRight": 2.0464, "bus_lcSublane": 0.9922, "bus_sigma": 0.2541, "bus_tau_mean": 0.8679, "bus_tau_std": 2.5302, "bus_v_mean": 25.7228, "bus_v_std": 7.0075, "car_acc": 0.9409, "car_dcc": 0.7607, "car_lcAssertive": 46.6324, "car_lcCooperative": 0.0714, "car_lcLookaheadLeft": 77.9558, "car_lcPushy": 0.2666, "car_lcSigma": 0.7034, "car_lcSpeedGainRight": 4.0503, "car_lcSublane": 0.8227, "car_sigma": 0.4315, "car_tau_mean": 3.1423, "car_tau_std": 7.7977, "car_v_mean": 25.7756, "car_v_std": 18.4347}, "datetime": {"datetime": "2024-09-05 12:03:15", "elapsed": 4451.184537, "delta": 5.327526}}
{"target": -0.1960796949424478, "params": {"bus_acc": 3.7998, "bus_dcc": 2.3001, "bus_lcAssertive": 87.3075, "bus_lcCooperative": 0.353, "bus_lcLookaheadLeft": 9.116, "bus_lcPushy": 0.6496, "bus_lcSigma": 0.614, "bus_lcSpeedGainRight": 1.0445, "bus_lcSublane": 0.5531, "bus_sigma": 0.8973, "bus_tau_mean": 3.9549, "bus_tau_std": 7.851, "bus_v_mean": 19.9974, "bus_v_std": 10.5803, "car_acc": 1.4899, "car_dcc": 2.0172, "car_lcAssertive": 85.6293, "car_lcCooperative": 0.7556, "car_lcLookaheadLeft": 67.2019, "car_lcPushy": 0.2618, "car_lcSigma": 0.2191, "car_lcSpeedGainRight": 2.9045, "car_lcSublane": 0.8369, "car_sigma": 0.6137, "car_tau_mean": 2.7361, "car_tau_std": 7.3654, "car_v_mean": 11.5894, "car_v_std": 3.4353}, "datetime": {"datetime": "2024-09-05 12:03:23", "elapsed": 4459.311069, "delta": 8.126532}}
{"target": -0.20973670255047908, "params": {"bus_acc": 3.8568, "bus_dcc": 1.4448, "bus_lcAssertive": 29.0336, "bus_lcCooperative": 0.0028, "bus_lcLookaheadLeft": 61.9018, "bus_lcPushy": 0.3423, "bus_lcSigma": 0.8874, "bus_lcSpeedGainRight": 3.5124, "bus_lcSublane": 0.6643, "bus_sigma": 0.0337, "bus_tau_mean": 3.2961, "bus_tau_std": 2.7783, "bus_v_mean": 10.4273, "bus_v_std": 16.6284, "car_acc": 1.3822, "car_dcc": 1.9895, "car_lcAssertive": 6.1291, "car_lcCooperative": 0.8685, "car_lcLookaheadLeft": 46.6922, "car_lcPushy": 0.3883, "car_lcSigma": 0.5361, "car_lcSpeedGainRight": 1.4603, "car_lcSublane": 0.7173, "car_sigma": 0.4581, "car_tau_mean": 3.0288, "car_tau_std": 6.7918, "car_v_mean": 14.3967, "car_v_std": 14.2007}, "datetime": {"datetime": "2024-09-05 12:03:30", "elapsed": 4465.92104, "delta": 6.609971}}
{"target": -0.29664072332130875, "params": {"bus_acc": 3.823, "bus_dcc": 0.9446, "bus_lcAssertive": 63.5044, "bus_lcCooperative": 0.0117, "bus_lcLookaheadLeft": 17.2205, "bus_lcPushy": 0.4119, "bus_lcSigma": 0.7201, "bus_lcSpeedGainRight": 3.4426, "bus_lcSublane": 0.1391, "bus_sigma": 0.4955, "bus_tau_mean": 3.853, "bus_tau_std": 6.1843, "bus_v_mean": 19.2142, "bus_v_std": 16.4897, "car_acc": 3.0874, "car_dcc": 0.9852, "car_lcAssertive": 77.6864, "car_lcCooperative": 0.3393, "car_lcLookaheadLeft": 77.7238, "car_lcPushy": 0.782, "car_lcSigma": 0.4584, "car_lcSpeedGainRight": 4.3992, "car_lcSublane": 0.8686, "car_sigma": 0.1822, "car_tau_mean": 3.2055, "car_tau_std": 3.034, "car_v_mean": 25.4262, "car_v_std": 4.1257}, "datetime": {"datetime": "2024-09-05 12:03:34", "elapsed": 4469.908746, "delta": 3.987706}}
{"target": -0.16421376228784118, "params": {"bus_acc": 1.1323, "bus_dcc": 1.7586, "bus_lcAssertive": 16.4219, "bus_lcCooperative": 0.203, "bus_lcLookaheadLeft": 74.3841, "bus_lcPushy": 0.0911, "bus_lcSigma": 0.6696, "bus_lcSpeedGainRight": 4.7118, "bus_lcSublane": 0.8035, "bus_sigma": 0.5535, "bus_tau_mean": 3.9929, "bus_tau_std": 3.3831, "bus_v_mean": 24.5861, "bus_v_std": 9.7195, "car_acc": 2.1674, "car_dcc": 3.65, "car_lcAssertive": 10.4945, "car_lcCooperative": 0.421, "car_lcLookaheadLeft": 52.1207, "car_lcPushy": 0.602, "car_lcSigma": 0.309, "car_lcSpeedGainRight": 4.2525, "car_lcSublane": 0.7687, "car_sigma": 0.5359, "car_tau_mean": 2.263, "car_tau_std": 0.9744, "car_v_mean": 18.9428, "car_v_std": 18.7167}, "datetime": {"datetime": "2024-09-05 12:03:47", "elapsed": 4483.196331, "delta": 13.287585}}
{"target": -0.19571133697032417, "params": {"bus_acc": 1.4591, "bus_dcc": 2.3808, "bus_lcAssertive": 44.6782, "bus_lcCooperative": 0.8609, "bus_lcLookaheadLeft": 80.4526, "bus_lcPushy": 0.4831, "bus_lcSigma": 0.1131, "bus_lcSpeedGainRight": 4.4479, "bus_lcSublane": 0.8975, "bus_sigma": 0.6276, "bus_tau_mean": 1.2717, "bus_tau_std": 6.0746, "bus_v_mean": 12.6874, "bus_v_std": 4.878, "car_acc": 2.0482, "car_dcc": 3.3185, "car_lcAssertive": 61.7713, "car_lcCooperative": 0.6831, "car_lcLookaheadLeft": 80.2534, "car_lcPushy": 0.157, "car_lcSigma": 0.4413, "car_lcSpeedGainRight": 0.1416, "car_lcSublane": 0.8542, "car_sigma": 0.1323, "car_tau_mean": 3.8269, "car_tau_std": 9.6699, "car_v_mean": 20.6229, "car_v_std": 0.1287}, "datetime": {"datetime": "2024-09-05 12:03:53", "elapsed": 4488.903519, "delta": 5.707188}}
{"target": -0.2622970172706785, "params": {"bus_acc": 3.1385, "bus_dcc": 2.0801, "bus_lcAssertive": 93.5214, "bus_lcCooperative": 0.4767, "bus_lcLookaheadLeft": 79.9609, "bus_lcPushy": 0.3752, "bus_lcSigma": 0.2694, "bus_lcSpeedGainRight": 0.9168, "bus_lcSublane": 0.1338, "bus_sigma": 0.3492, "bus_tau_mean": 3.2962, "bus_tau_std": 5.284, "bus_v_mean": 18.5206, "bus_v_std": 16.3207, "car_acc": 1.2779, "car_dcc": 2.6191, "car_lcAssertive": 52.7387, "car_lcCooperative": 0.6374, "car_lcLookaheadLeft": 77.8571, "car_lcPushy": 0.0801, "car_lcSigma": 0.2884, "car_lcSpeedGainRight": 3.9019, "car_lcSublane": 0.0597, "car_sigma": 0.3866, "car_tau_mean": 0.5467, "car_tau_std": 0.5797, "car_v_mean": 18.451, "car_v_std": 18.1395}, "datetime": {"datetime": "2024-09-05 12:03:57", "elapsed": 4492.524067, "delta": 3.620548}}
{"target": -0.18128587757216796, "params": {"bus_acc": 2.2803, "bus_dcc": 3.8364, "bus_lcAssertive": 16.434, "bus_lcCooperative": 0.9496, "bus_lcLookaheadLeft": 98.9375, "bus_lcPushy": 0.7238, "bus_lcSigma": 0.9916, "bus_lcSpeedGainRight": 4.8652, "bus_lcSublane": 0.6988, "bus_sigma": 0.3472, "bus_tau_mean": 3.4977, "bus_tau_std": 0.8368, "bus_v_mean": 19.6036, "bus_v_std": 5.3484, "car_acc": 2.321, "car_dcc": 3.5961, "car_lcAssertive": 66.0556, "car_lcCooperative": 0.8663, "car_lcLookaheadLeft": 8.9392, "car_lcPushy": 0.6741, "car_lcSigma": 0.5781, "car_lcSpeedGainRight": 2.8449, "car_lcSublane": 0.3272, "car_sigma": 0.8899, "car_tau_mean": 3.5197, "car_tau_std": 3.776, "car_v_mean": 13.5737, "car_v_std": 18.9872}, "datetime": {"datetime": "2024-09-05 12:04:26", "elapsed": 4521.589266, "delta": 29.065199}}
{"target": -0.14997950497246867, "params": {"bus_acc": 0.626, "bus_dcc": 2.3059, "bus_lcAssertive": 31.0743, "bus_lcCooperative": 0.7533, "bus_lcLookaheadLeft": 15.3464, "bus_lcPushy": 0.4276, "bus_lcSigma": 0.8775, "bus_lcSpeedGainRight": 1.6567, "bus_lcSublane": 0.1643, "bus_sigma": 0.8277, "bus_tau_mean": 2.0619, "bus_tau_std": 9.1746, "bus_v_mean": 16.3305, "bus_v_std": 9.4112, "car_acc": 3.4715, "car_dcc": 3.1136, "car_lcAssertive": 17.3998, "car_lcCooperative": 0.046, "car_lcLookaheadLeft": 87.6691, "car_lcPushy": 0.9729, "car_lcSigma": 0.5627, "car_lcSpeedGainRight": 4.7317, "car_lcSublane": 0.1365, "car_sigma": 0.4737, "car_tau_mean": 3.7334, "car_tau_std": 1.7129, "car_v_mean": 8.2365, "car_v_std": 1.8534}, "datetime": {"datetime": "2024-09-05 12:04:37", "elapsed": 4533.016867, "delta": 11.427601}}
{"target": -0.18913774311610218, "params": {"bus_acc": 2.6023, "bus_dcc": 3.0613, "bus_lcAssertive": 76.3805, "bus_lcCooperative": 0.4605, "bus_lcLookaheadLeft": 26.0981, "bus_lcPushy": 0.5774, "bus_lcSigma": 0.2129, "bus_lcSpeedGainRight": 2.4675, "bus_lcSublane": 0.938, "bus_sigma": 0.8052, "bus_tau_mean": 2.1854, "bus_tau_std": 4.2791, "bus_v_mean": 18.3903, "bus_v_std": 10.677, "car_acc": 1.7582, "car_dcc": 0.7197, "car_lcAssertive": 70.7008, "car_lcCooperative": 0.398, "car_lcLookaheadLeft": 85.4136, "car_lcPushy": 0.0992, "car_lcSigma": 0.6164, "car_lcSpeedGainRight": 4.2527, "car_lcSublane": 0.2547, "car_sigma": 0.4149, "car_tau_mean": 2.6334, "car_tau_std": 3.5815, "car_v_mean": 19.9403, "car_v_std": 6.308}, "datetime": {"datetime": "2024-09-05 12:04:49", "elapsed": 4544.777338, "delta": 11.760471}}
{"target": -0.20596842076194877, "params": {"bus_acc": 3.0661, "bus_dcc": 2.6821, "bus_lcAssertive": 9.3, "bus_lcCooperative": 0.6405, "bus_lcLookaheadLeft": 8.8033, "bus_lcPushy": 0.3423, "bus_lcSigma": 0.6249, "bus_lcSpeedGainRight": 3.5586, "bus_lcSublane": 0.1245, "bus_sigma": 0.6398, "bus_tau_mean": 1.9245, "bus_tau_std": 9.2149, "bus_v_mean": 25.2422, "bus_v_std": 18.3514, "car_acc": 0.3801, "car_dcc": 2.6809, "car_lcAssertive": 73.3994, "car_lcCooperative": 0.403, "car_lcLookaheadLeft": 10.1169, "car_lcPushy": 0.0006, "car_lcSigma": 0.0274, "car_lcSpeedGainRight": 1.0267, "car_lcSublane": 0.4277, "car_sigma": 0.3911, "car_tau_mean": 2.8083, "car_tau_std": 5.397, "car_v_mean": 17.2231, "car_v_std": 12.5815}, "datetime": {"datetime": "2024-09-05 12:05:06", "elapsed": 4562.074482, "delta": 17.297144}}
{"target": -0.20590015419509536, "params": {"bus_acc": 1.0668, "bus_dcc": 3.2252, "bus_lcAssertive": 56.2532, "bus_lcCooperative": 0.9134, "bus_lcLookaheadLeft": 22.8739, "bus_lcPushy": 0.7061, "bus_lcSigma": 0.9051, "bus_lcSpeedGainRight": 0.4029, "bus_lcSublane": 0.8702, "bus_sigma": 0.5626, "bus_tau_mean": 0.9158, "bus_tau_std": 3.7835, "bus_v_mean": 15.3913, "bus_v_std": 16.7345, "car_acc": 3.2023, "car_dcc": 1.4441, "car_lcAssertive": 7.0439, "car_lcCooperative": 0.2064, "car_lcLookaheadLeft": 26.0689, "car_lcPushy": 0.1331, "car_lcSigma": 0.3314, "car_lcSpeedGainRight": 2.7113, "car_lcSublane": 0.6834, "car_sigma": 0.6825, "car_tau_mean": 3.7494, "car_tau_std": 1.4069, "car_v_mean": 19.7075, "car_v_std": 12.0704}, "datetime": {"datetime": "2024-09-05 12:05:10", "elapsed": 4565.638487, "delta": 3.564005}}
{"target": -0.2978655948407039, "params": {"bus_acc": 0.3962, "bus_dcc": 2.7324, "bus_lcAssertive": 36.897, "bus_lcCooperative": 0.256, "bus_lcLookaheadLeft": 32.9995, "bus_lcPushy": 0.252, "bus_lcSigma": 0.5295, "bus_lcSpeedGainRight": 3.2391, "bus_lcSublane": 0.9119, "bus_sigma": 0.8213, "bus_tau_mean": 2.2395, "bus_tau_std": 4.2506, "bus_v_mean": 25.0254, "bus_v_std": 4.1265, "car_acc": 0.9506, "car_dcc": 3.6947, "car_lcAssertive": 84.1278, "car_lcCooperative": 0.2864, "car_lcLookaheadLeft": 72.2606, "car_lcPushy": 0.8402, "car_lcSigma": 0.7498, "car_lcSpeedGainRight": 4.5067, "car_lcSublane": 0.8644, "car_sigma": 0.0624, "car_tau_mean": 1.8404, "car_tau_std": 5.6549, "car_v_mean": 15.5243, "car_v_std": 9.324}, "datetime": {"datetime": "2024-09-05 12:05:27", "elapsed": 4583.161705, "delta": 17.523218}}
{"target": -0.19217575933632583, "params": {"bus_acc": 1.8956, "bus_dcc": 2.1388, "bus_lcAssertive": 24.4919, "bus_lcCooperative": 0.9812, "bus_lcLookaheadLeft": 45.0407, "bus_lcPushy": 0.3841, "bus_lcSigma": 0.3324, "bus_lcSpeedGainRight": 2.0793, "bus_lcSublane": 0.6192, "bus_sigma": 0.5069, "bus_tau_mean": 1.8431, "bus_tau_std": 0.6425, "bus_v_mean": 22.9033, "bus_v_std": 18.9972, "car_acc": 2.6648, "car_dcc": 3.8202, "car_lcAssertive": 5.7311, "car_lcCooperative": 0.818, "car_lcLookaheadLeft": 44.1122, "car_lcPushy": 0.412, "car_lcSigma": 0.0493, "car_lcSpeedGainRight": 2.2027, "car_lcSublane": 0.6801, "car_sigma": 0.4723, "car_tau_mean": 2.7717, "car_tau_std": 0.845, "car_v_mean": 13.8387, "car_v_std": 6.8106}, "datetime": {"datetime": "2024-09-05 12:05:34", "elapsed": 4589.549914, "delta": 6.388209}}
{"target": -0.20685218322573395, "params": {"bus_acc": 2.0202, "bus_dcc": 3.9293, "bus_lcAssertive": 50.5225, "bus_lcCooperative": 0.0195, "bus_lcLookaheadLeft": 48.5648, "bus_lcPushy": 0.1917, "bus_lcSigma": 0.823, "bus_lcSpeedGainRight": 1.1304, "bus_lcSublane": 0.7876, "bus_sigma": 0.2883, "bus_tau_mean": 1.5907, "bus_tau_std": 1.7681, "bus_v_mean": 11.28, "bus_v_std": 14.8868, "car_acc": 3.5335, "car_dcc": 1.2029, "car_lcAssertive": 13.7125, "car_lcCooperative": 0.6393, "car_lcLookaheadLeft": 99.0531, "car_lcPushy": 0.96, "car_lcSigma": 0.7404, "car_lcSpeedGainRight": 1.6298, "car_lcSublane": 0.1752, "car_sigma": 0.757, "car_tau_mean": 1.5195, "car_tau_std": 0.0369, "car_v_mean": 25.484, "car_v_std": 0.8919}, "datetime": {"datetime": "2024-09-05 12:05:38", "elapsed": 4594.058426, "delta": 4.508512}}
{"target": -0.21879009099179822, "params": {"bus_acc": 3.2609, "bus_dcc": 1.1972, "bus_lcAssertive": 9.8851, "bus_lcCooperative": 0.4187, "bus_lcLookaheadLeft": 4.8587, "bus_lcPushy": 0.7622, "bus_lcSigma": 0.5017, "bus_lcSpeedGainRight": 2.3105, "bus_lcSublane": 0.1696, "bus_sigma": 0.4691, "bus_tau_mean": 1.4962, "bus_tau_std": 1.7455, "bus_v_mean": 18.9779, "bus_v_std": 17.3422, "car_acc": 2.3801, "car_dcc": 0.9532, "car_lcAssertive": 39.2395, "car_lcCooperative": 0.8093, "car_lcLookaheadLeft": 49.2185, "car_lcPushy": 0.953, "car_lcSigma": 0.2965, "car_lcSpeedGainRight": 0.5309, "car_lcSublane": 0.6067, "car_sigma": 0.0875, "car_tau_mean": 3.4654, "car_tau_std": 5.0331, "car_v_mean": 10.3592, "car_v_std": 19.0377}, "datetime": {"datetime": "2024-09-05 12:05:52", "elapsed": 4607.709782, "delta": 13.651356}}
{"target": -0.1960960623641835, "params": {"bus_acc": 2.8463, "bus_dcc": 2.8848, "bus_lcAssertive": 35.4767, "bus_lcCooperative": 0.8056, "bus_lcLookaheadLeft": 85.793, "bus_lcPushy": 0.4339, "bus_lcSigma": 0.6581, "bus_lcSpeedGainRight": 3.5038, "bus_lcSublane": 0.1248, "bus_sigma": 0.869, "bus_tau_mean": 1.8402, "bus_tau_std": 4.2171, "bus_v_mean": 11.8224, "bus_v_std": 2.2713, "car_acc": 0.6337, "car_dcc": 0.9658, "car_lcAssertive": 71.4164, "car_lcCooperative": 0.4807, "car_lcLookaheadLeft": 92.4169, "car_lcPushy": 0.9544, "car_lcSigma": 0.1311, "car_lcSpeedGainRight": 2.4187, "car_lcSublane": 0.2927, "car_sigma": 0.4997, "car_tau_mean": 3.3615, "car_tau_std": 7.4843, "car_v_mean": 14.5795, "car_v_std": 3.0775}, "datetime": {"datetime": "2024-09-05 12:05:58", "elapsed": 4614.336771, "delta": 6.626989}}
{"target": -0.1954267858396979, "params": {"bus_acc": 1.6346, "bus_dcc": 1.1753, "bus_lcAssertive": 65.6102, "bus_lcCooperative": 0.5872, "bus_lcLookaheadLeft": 46.6956, "bus_lcPushy": 0.2122, "bus_lcSigma": 0.7515, "bus_lcSpeedGainRight": 3.8212, "bus_lcSublane": 0.7525, "bus_sigma": 0.9279, "bus_tau_mean": 2.33, "bus_tau_std": 7.0654, "bus_v_mean": 20.4777, "bus_v_std": 16.7431, "car_acc": 3.7434, "car_dcc": 2.6027, "car_lcAssertive": 12.1902, "car_lcCooperative": 0.259, "car_lcLookaheadLeft": 30.1282, "car_lcPushy": 0.6077, "car_lcSigma": 0.0757, "car_lcSpeedGainRight": 0.6568, "car_lcSublane": 0.7564, "car_sigma": 0.5495, "car_tau_mean": 2.2045, "car_tau_std": 6.7, "car_v_mean": 17.2989, "car_v_std": 3.7993}, "datetime": {"datetime": "2024-09-05 12:06:05", "elapsed": 4621.344759, "delta": 7.007988}}
{"target": -0.20202892081176793, "params": {"bus_acc": 0.3617, "bus_dcc": 1.6043, "bus_lcAssertive": 46.8219, "bus_lcCooperative": 0.6645, "bus_lcLookaheadLeft": 21.6568, "bus_lcPushy": 0.5767, "bus_lcSigma": 0.7521, "bus_lcSpeedGainRight": 4.3667, "bus_lcSublane": 0.4383, "bus_sigma": 0.4493, "bus_tau_mean": 0.9362, "bus_tau_std": 2.2133, "bus_v_mean": 25.5073, "bus_v_std": 5.7471, "car_acc": 2.8179, "car_dcc": 1.7658, "car_lcAssertive": 47.5069, "car_lcCooperative": 0.4579, "car_lcLookaheadLeft": 21.7417, "car_lcPushy": 0.8737, "car_lcSigma": 0.4781, "car_lcSpeedGainRight": 0.7105, "car_lcSublane": 0.771, "car_sigma": 0.7557, "car_tau_mean": 3.5962, "car_tau_std": 0.0465, "car_v_mean": 24.8864, "car_v_std": 5.2973}, "datetime": {"datetime": "2024-09-05 12:06:15", "elapsed": 4630.653423, "delta": 9.308664}}
{"target": -0.17957480700769876, "params": {"bus_acc": 2.2313, "bus_dcc": 2.4453, "bus_lcAssertive": 82.1472, "bus_lcCooperative": 0.0595, "bus_lcLookaheadLeft": 80.6778, "bus_lcPushy": 0.2611, "bus_lcSigma": 0.1203, "bus_lcSpeedGainRight": 0.2375, "bus_lcSublane": 0.5381, "bus_sigma": 0.7171, "bus_tau_mean": 3.4909, "bus_tau_std": 8.3286, "bus_v_mean": 12.3295, "bus_v_std": 10.6328, "car_acc": 3.0813, "car_dcc": 2.4636, "car_lcAssertive": 46.6138, "car_lcCooperative": 0.0035, "car_lcLookaheadLeft": 3.7163, "car_lcPushy": 0.5042, "car_lcSigma": 0.7806, "car_lcSpeedGainRight": 3.8893, "car_lcSublane": 0.5022, "car_sigma": 0.5929, "car_tau_mean": 3.5055, "car_tau_std": 4.9643, "car_v_mean": 15.4647, "car_v_std": 2.4716}, "datetime": {"datetime": "2024-09-05 12:06:19", "elapsed": 4635.1, "delta": 4.446577}}
{"target": -0.1737621035722222, "params": {"bus_acc": 2.1137, "bus_dcc": 2.521, "bus_lcAssertive": 94.102, "bus_lcCooperative": 0.0455, "bus_lcLookaheadLeft": 20.7276, "bus_lcPushy": 0.7021, "bus_lcSigma": 0.587, "bus_lcSpeedGainRight": 0.6013, "bus_lcSublane": 0.3437, "bus_sigma": 0.6738, "bus_tau_mean": 2.8491, "bus_tau_std": 3.5389, "bus_v_mean": 14.7028, "bus_v_std": 8.9789, "car_acc": 2.2275, "car_dcc": 3.8757, "car_lcAssertive": 37.273, "car_lcCooperative": 0.3786, "car_lcLookaheadLeft": 73.8915, "car_lcPushy": 0.2926, "car_lcSigma": 0.226, "car_lcSpeedGainRight": 4.2328, "car_lcSublane": 0.3271, "car_sigma": 0.7277, "car_tau_mean": 0.6849, "car_tau_std": 8.4331, "car_v_mean": 15.3092, "car_v_std": 8.5685}, "datetime": {"datetime": "2024-09-05 12:06:29", "elapsed": 4644.54292, "delta": 9.44292}}
{"target": -0.19369656047259953, "params": {"bus_acc": 1.7708, "bus_dcc": 3.3387, "bus_lcAssertive": 95.5001, "bus_lcCooperative": 0.3024, "bus_lcLookaheadLeft": 13.9019, "bus_lcPushy": 0.8547, "bus_lcSigma": 0.8671, "bus_lcSpeedGainRight": 4.1292, "bus_lcSublane": 0.7895, "bus_sigma": 0.2198, "bus_tau_mean": 1.0553, "bus_tau_std": 8.2861, "bus_v_mean": 19.5943, "bus_v_std": 3.478, "car_acc": 1.3923, "car_dcc": 1.8441, "car_lcAssertive": 24.8989, "car_lcCooperative": 0.7581, "car_lcLookaheadLeft": 21.4533, "car_lcPushy": 0.353, "car_lcSigma": 0.7544, "car_lcSpeedGainRight": 0.2473, "car_lcSublane": 0.7671, "car_sigma": 0.3788, "car_tau_mean": 2.0453, "car_tau_std": 8.2191, "car_v_mean": 15.8528, "car_v_std": 8.5896}, "datetime": {"datetime": "2024-09-05 12:06:35", "elapsed": 4651.261646, "delta": 6.718726}}
