{"target": -0.4726111773946264, "params": {"bus_acc": 1.7958033667273303, "bus_dcc": 2.4905896965207255, "bus_lcAssertive": 72.21453795488647, "bus_lcCooperative": 0.8573003334512307, "bus_lcLookaheadLeft": 68.74892410492416, "bus_lcPushy": 0.23698206447169834, "bus_lcSigma": 0.92572053533626, "bus_lcSpeedGainRight": 3.9059770033788306, "bus_lcSublane": 0.3073814804278443, "bus_sigma": 0.3049656416420632, "bus_tau_mean": 3.5840891145011664, "bus_tau_std": 1.260784803971985, "bus_v_mean": 19.40229501624306, "bus_v_std": 5.554254649468485, "car_acc": 3.3433612355293634, "car_dcc": 1.5851891007123753, "car_lcAssertive": 73.60324335241457, "car_lcCooperative": 0.1924178904137388, "car_lcLookaheadLeft": 49.18169795899246, "car_lcPushy": 0.8035946264310272, "car_lcSigma": 0.39698821167237397, "car_lcSpeedGainRight": 0.8078701992804493, "car_lcSublane": 0.6489822226486474, "car_sigma": 0.7533258058943924, "car_tau_mean": 1.480674223805828, "car_tau_std": 4.5136186123240165, "car_v_mean": 24.208080422949173, "car_v_std": 17.43971262381837}, "datetime": {"datetime": "2024-08-11 17:42:59", "elapsed": 50.394499, "delta": 2.685471}}
{"target": -0.7339232906219674, "params": {"bus_acc": 1.873674127907728, "bus_dcc": 3.0658650967296057, "bus_lcAssertive": 92.07540412447102, "bus_lcCooperative": 0.4413517453158379, "bus_lcLookaheadLeft": 53.74061744716068, "bus_lcPushy": 0.06603558401663734, "bus_lcSigma": 0.3907730736706927, "bus_lcSpeedGainRight": 2.3361928316662297, "bus_lcSublane": 0.8951377108035733, "bus_sigma": 0.11055744025544123, "bus_tau_mean": 3.058981611196383, "bus_tau_std": 5.454711685487195, "bus_v_mean": 18.917637749297782, "bus_v_std": 0.5956588825912057, "car_acc": 0.7576400430909622, "car_dcc": 1.2791362567715034, "car_lcAssertive": 1.4823327474070012, "car_lcCooperative": 0.6691577977971368, "car_lcLookaheadLeft": 87.28527899441463, "car_lcPushy": 0.5469683092712408, "car_lcSigma": 0.5431640475192038, "car_lcSpeedGainRight": 3.0786296430651867, "car_lcSublane": 0.30218150041580416, "car_sigma": 0.3667319816609417, "car_tau_mean": 2.512289045472183, "car_tau_std": 8.092165837173445, "car_v_mean": 11.628739419347081, "car_v_std": 6.550481116965782}, "datetime": {"datetime": "2024-08-11 17:43:00", "elapsed": 50.943728, "delta": 0.549229}}
{"target": -0.2474020315094252, "params": {"bus_acc": 3.49698339653766, "bus_dcc": 3.4295131494732627, "bus_lcAssertive": 81.03272430400804, "bus_lcCooperative": 0.13069282439738805, "bus_lcLookaheadLeft": 54.52825233253759, "bus_lcPushy": 0.900783114706916, "bus_lcSigma": 0.7708318305538303, "bus_lcSpeedGainRight": 2.103565995125959, "bus_lcSublane": 0.9778803933599658, "bus_sigma": 0.25077315667300226, "bus_tau_mean": 1.667635800967642, "bus_tau_std": 9.54200507429589, "bus_v_mean": 22.556876267335213, "bus_v_std": 18.006800090213236, "car_acc": 0.2440404397576017, "car_dcc": 1.64310484552918, "car_lcAssertive": 24.31667370437706, "car_lcCooperative": 0.2959350518874113, "car_lcLookaheadLeft": 74.3235586475764, "car_lcPushy": 0.7240848448640741, "car_lcSigma": 0.46179941019906146, "car_lcSpeedGainRight": 1.8263723060354686, "car_lcSublane": 0.5846916130045258, "car_sigma": 0.5337077546342763, "car_tau_mean": 2.427028456527517, "car_tau_std": 6.154770711146577, "car_v_mean": 15.12166890081588, "car_v_std": 15.434369648309168}, "datetime": {"datetime": "2024-08-11 17:43:00", "elapsed": 51.263212, "delta": 0.319484}}
{"target": -0.32745853558658955, "params": {"bus_acc": 0.2870774990250507, "bus_dcc": 2.17251282440556, "bus_lcAssertive": 81.18888235557921, "bus_lcCooperative": 0.012603767029876312, "bus_lcLookaheadLeft": 67.90204477606592, "bus_lcPushy": 0.6868082266569918, "bus_lcSigma": 0.44924675358663757, "bus_lcSpeedGainRight": 4.573943433709672, "bus_lcSublane": 0.6443610847569929, "bus_sigma": 0.005239837651465851, "bus_tau_mean": 2.1954995593003144, "bus_tau_std": 8.593178060976, "bus_v_mean": 22.94719226067211, "bus_v_std": 12.983083942249557, "car_acc": 2.7600540108148004, "car_dcc": 2.3982984031989623, "car_lcAssertive": 28.137857741518363, "car_lcCooperative": 0.5605299905360588, "car_lcLookaheadLeft": 67.82951891210719, "car_lcPushy": 0.35242963021640883, "car_lcSigma": 0.8558283672539277, "car_lcSpeedGainRight": 0.9751874300435365, "car_lcSublane": 0.7473208103319232, "car_sigma": 0.2896027461868774, "car_tau_mean": 3.208297505354637, "car_tau_std": 4.277373293360762, "car_v_mean": 22.53857136401977, "car_v_std": 7.070697253359808}, "datetime": {"datetime": "2024-08-11 17:43:01", "elapsed": 51.804459, "delta": 0.541247}}
{"target": -0.3732959707901891, "params": {"bus_acc": 1.7322377940022269, "bus_dcc": 3.083238337884879, "bus_lcAssertive": 71.97597116755452, "bus_lcCooperative": 0.9873261748084265, "bus_lcLookaheadLeft": 29.252334764072312, "bus_lcPushy": 0.0037936724093425855, "bus_lcSigma": 0.9339026083148878, "bus_lcSpeedGainRight": 4.2894855226894695, "bus_lcSublane": 0.7288508775192559, "bus_sigma": 0.5166887829215384, "bus_tau_mean": 2.9743468583706636, "bus_tau_std": 7.805295568767427, "bus_v_mean": 14.74776698366347, "bus_v_std": 15.406450506599151, "car_acc": 3.052372412865666, "car_dcc": 2.530202603868187, "car_lcAssertive": 40.7847264728159, "car_lcCooperative": 0.6973080192643409, "car_lcLookaheadLeft": 2.305060066868826, "car_lcPushy": 0.7748966467245978, "car_lcSigma": 0.896416602456847, "car_lcSpeedGainRight": 1.196578537187523, "car_lcSublane": 0.12076718430922972, "car_sigma": 0.2202839877937276, "car_tau_mean": 1.557338559515344, "car_tau_std": 8.830285085638343, "car_v_mean": 17.7769957442857, "car_v_std": 5.734232992128612}, "datetime": {"datetime": "2024-08-11 17:43:01", "elapsed": 52.301523, "delta": 0.497064}}
{"target": -0.4074245656668878, "params": {"bus_acc": 0.9029352690931534, "bus_dcc": 3.408188019285374, "bus_lcAssertive": 98.27638914120345, "bus_lcCooperative": 0.9137396248416316, "bus_lcLookaheadLeft": 36.04220319653566, "bus_lcPushy": 0.7802245796913637, "bus_lcSigma": 0.5464545907014307, "bus_lcSpeedGainRight": 4.082211987779688, "bus_lcSublane": 0.48372695118890585, "bus_sigma": 0.5899512982994037, "bus_tau_mean": 3.255422066334915, "bus_tau_std": 1.0023464310313235, "bus_v_mean": 17.666128103129733, "bus_v_std": 7.319666933393085, "car_acc": 2.4963660059417143, "car_dcc": 3.843449559420602, "car_lcAssertive": 39.889471554699284, "car_lcCooperative": 0.39297299794161644, "car_lcLookaheadLeft": 79.48242537178068, "car_lcPushy": 0.6450783990854264, "car_lcSigma": 0.3938840078553765, "car_lcSpeedGainRight": 3.444775241151257, "car_lcSublane": 0.404001609054379, "car_sigma": 0.1361131542481221, "car_tau_mean": 2.0772514403524704, "car_tau_std": 3.344193926972726, "car_v_mean": 11.923440741101022, "car_v_std": 18.515496032728798}, "datetime": {"datetime": "2024-08-11 17:43:02", "elapsed": 52.84209, "delta": 0.540567}}
{"target": -0.37963773236031056, "params": {"bus_acc": 0.615597090926044, "bus_dcc": 0.8594620580015058, "bus_lcAssertive": 58.11907672232824, "bus_lcCooperative": 0.25165697350014493, "bus_lcLookaheadLeft": 31.416839657132748, "bus_lcPushy": 0.17098734894301837, "bus_lcSigma": 0.18959171907276484, "bus_lcSpeedGainRight": 2.317105771952257, "bus_lcSublane": 0.5098739726284359, "bus_sigma": 0.5115798896647326, "bus_tau_mean": 3.989985797784223, "bus_tau_std": 1.295958172701398, "bus_v_mean": 21.611057990979237, "bus_v_std": 15.875134944497852, "car_acc": 2.4225538753279783, "car_dcc": 1.9584050850234358, "car_lcAssertive": 89.44923709767765, "car_lcCooperative": 0.8281802190731247, "car_lcLookaheadLeft": 6.928511730812964, "car_lcPushy": 0.962983753087854, "car_lcSigma": 0.007339891753643801, "car_lcSpeedGainRight": 2.8656610234197095, "car_lcSublane": 0.5724308169270726, "car_sigma": 0.8343796647905168, "car_tau_mean": 1.8465062377388146, "car_tau_std": 0.9104086904598219, "car_v_mean": 18.47037084864065, "car_v_std": 0.4969172072746253}, "datetime": {"datetime": "2024-08-11 17:43:05", "elapsed": 55.650844, "delta": 2.808754}}
{"target": -0.44698540997717195, "params": {"bus_acc": 0.9517645816620934, "bus_dcc": 1.8314567459426707, "bus_lcAssertive": 34.33785387141556, "bus_lcCooperative": 0.991945011907281, "bus_lcLookaheadLeft": 39.263176619491944, "bus_lcPushy": 0.992700873664818, "bus_lcSigma": 0.5188042507334142, "bus_lcSpeedGainRight": 0.8613985073856273, "bus_lcSublane": 0.07457407125147986, "bus_sigma": 0.37030569377388767, "bus_tau_mean": 0.9319660093515546, "bus_tau_std": 6.345187162918417, "bus_v_mean": 15.45055722312936, "bus_v_std": 19.818312650509004, "car_acc": 3.733831369882608, "car_dcc": 0.7670969227770501, "car_lcAssertive": 40.09334399114325, "car_lcCooperative": 0.46157971096238615, "car_lcLookaheadLeft": 56.97297800195063, "car_lcPushy": 0.7803635232892685, "car_lcSigma": 0.48719390907342375, "car_lcSpeedGainRight": 2.099967760051204, "car_lcSublane": 0.26199970471933565, "car_sigma": 0.9108061390867584, "car_tau_mean": 0.5779502903648146, "car_tau_std": 8.211218982189646, "car_v_mean": 11.392431193995533, "car_v_std": 13.715137983450944}, "datetime": {"datetime": "2024-08-11 17:43:05", "elapsed": 56.237784, "delta": 0.58694}}
{"target": -0.3903657727986989, "params": {"bus_acc": 3.7645084639941393, "bus_dcc": 0.9044459936616487, "bus_lcAssertive": 93.38242051949933, "bus_lcCooperative": 0.9357532076921331, "bus_lcLookaheadLeft": 29.787362333158143, "bus_lcPushy": 0.27463424842386297, "bus_lcSigma": 0.5514315736733725, "bus_lcSpeedGainRight": 0.9264461968427617, "bus_lcSublane": 0.4421011106267658, "bus_sigma": 0.1853176459376844, "bus_tau_mean": 3.8158157128388575, "bus_tau_std": 4.938246574910856, "bus_v_mean": 25.350519813631962, "bus_v_std": 12.898833450244236, "car_acc": 2.0403999375230653, "car_dcc": 3.8772419346525506, "car_lcAssertive": 15.175788389167522, "car_lcCooperative": 0.6323298746664966, "car_lcLookaheadLeft": 66.86506004800617, "car_lcPushy": 0.43383982715272595, "car_lcSigma": 0.05935722533895749, "car_lcSpeedGainRight": 2.463613005830166, "car_lcSublane": 0.46513394351807746, "car_sigma": 0.8067468107748635, "car_tau_mean": 1.398313464835417, "car_tau_std": 3.914303629842686, "car_v_mean": 12.32309972998479, "car_v_std": 13.728868303447282}, "datetime": {"datetime": "2024-08-11 17:43:09", "elapsed": 59.972716, "delta": 3.734932}}
{"target": -0.33396361118116785, "params": {"bus_acc": 0.44601193707788567, "bus_dcc": 3.9671167331808745, "bus_lcAssertive": 6.246459724130964, "bus_lcCooperative": 0.19949554613856135, "bus_lcLookaheadLeft": 43.429760841166974, "bus_lcPushy": 0.10750887618516769, "bus_lcSigma": 0.6236704109977018, "bus_lcSpeedGainRight": 0.23996282024433657, "bus_lcSublane": 0.28462388100694214, "bus_sigma": 0.06103668111967109, "bus_tau_mean": 2.962317658867784, "bus_tau_std": 6.68456167589482, "bus_v_mean": 14.814450678510841, "bus_v_std": 3.763885200596424, "car_acc": 3.038618350313792, "car_dcc": 1.4934413049087754, "car_lcAssertive": 79.73481557315864, "car_lcCooperative": 0.4879009391796203, "car_lcLookaheadLeft": 53.51560554639598, "car_lcPushy": 0.028490849491567216, "car_lcSigma": 0.6442320198790318, "car_lcSpeedGainRight": 1.7532825121608369, "car_lcSublane": 0.2292050272920657, "car_sigma": 0.4338833762117006, "car_tau_mean": 1.8386361004482115, "car_tau_std": 4.697890400863603, "car_v_mean": 25.630700375236515, "car_v_std": 7.287561407364609}, "datetime": {"datetime": "2024-08-11 17:43:09", "elapsed": 60.329093, "delta": 0.356377}}
{"target": -0.3452572053411003, "params": {"bus_acc": 1.2351232304916522, "bus_dcc": 2.475397888055, "bus_lcAssertive": 87.43526623016912, "bus_lcCooperative": 0.1282309388454863, "bus_lcLookaheadLeft": 95.90249668805981, "bus_lcPushy": 0.6831708438541465, "bus_lcSigma": 0.7419642356783802, "bus_lcSpeedGainRight": 4.914403929604953, "bus_lcSublane": 0.41610077261814205, "bus_sigma": 0.5315834658959018, "bus_tau_mean": 2.8772453256850152, "bus_tau_std": 5.128751425899914, "bus_v_mean": 13.38402220389504, "bus_v_std": 2.1076934546007853, "car_acc": 1.28274215374415, "car_dcc": 3.1216408234934803, "car_lcAssertive": 64.43748774073276, "car_lcCooperative": 0.8013307032031926, "car_lcLookaheadLeft": 52.67781213310181, "car_lcPushy": 0.23210002184633505, "car_lcSigma": 0.6279619269819027, "car_lcSpeedGainRight": 1.5200274501115159, "car_lcSublane": 0.029528744942020957, "car_sigma": 0.9033311768168756, "car_tau_mean": 1.9712934908097477, "car_tau_std": 4.261307804247122, "car_v_mean": 21.342531235973464, "car_v_std": 18.96916808611587}, "datetime": {"datetime": "2024-08-11 17:43:12", "elapsed": 62.958078, "delta": 2.628985}}
{"target": -0.3586605018876457, "params": {"bus_acc": 2.792438433801012, "bus_dcc": 1.3805182450426523, "bus_lcAssertive": 47.76497077930874, "bus_lcCooperative": 0.5992558738787634, "bus_lcLookaheadLeft": 38.639120062403535, "bus_lcPushy": 0.874487796621177, "bus_lcSigma": 0.7261725883076274, "bus_lcSpeedGainRight": 4.771703523121056, "bus_lcSublane": 0.3510655228482117, "bus_sigma": 0.9371740887217811, "bus_tau_mean": 2.176852009790104, "bus_tau_std": 6.423226386484714, "bus_v_mean": 21.259649685587974, "bus_v_std": 16.186759380113603, "car_acc": 1.7057855956742365, "car_dcc": 1.9021947183561303, "car_lcAssertive": 81.91042558516232, "car_lcCooperative": 0.7175572030909549, "car_lcLookaheadLeft": 94.20322251871511, "car_lcPushy": 0.9795978714178412, "car_lcSigma": 0.1789133363658466, "car_lcSpeedGainRight": 1.139597059063776, "car_lcSublane": 0.7159864472790468, "car_sigma": 0.7473827346542434, "car_tau_mean": 2.611128439813839, "car_tau_std": 8.772997642215113, "car_v_mean": 12.535828317993293, "car_v_std": 6.789747885935848}, "datetime": {"datetime": "2024-08-11 17:43:12", "elapsed": 63.518624, "delta": 0.560546}}
{"target": -0.42939941788980285, "params": {"bus_acc": 1.3298592497276345, "bus_dcc": 0.30490284542711377, "bus_lcAssertive": 59.749812496997485, "bus_lcCooperative": 0.8438404289311888, "bus_lcLookaheadLeft": 39.33958015809699, "bus_lcPushy": 0.7498583107261434, "bus_lcSigma": 0.5111414782971282, "bus_lcSpeedGainRight": 2.704759024810943, "bus_lcSublane": 0.9594343210617524, "bus_sigma": 0.8039608914986468, "bus_tau_mean": 0.6131307331825089, "bus_tau_std": 7.0938725123129505, "bus_v_mean": 16.37002666814311, "bus_v_std": 18.950978827901995, "car_acc": 1.0414443904292556, "car_dcc": 1.21487367480059, "car_lcAssertive": 9.065922522848938, "car_lcCooperative": 0.42861882866378653, "car_lcLookaheadLeft": 12.683838873868693, "car_lcPushy": 0.6337867606119179, "car_lcSigma": 0.8029632373737379, "car_lcSpeedGainRight": 3.4840024806008922, "car_lcSublane": 0.7662113810757705, "car_sigma": 0.3424541198435198, "car_tau_mean": 3.4604801905968716, "car_tau_std": 4.287687749994426, "car_v_mean": 22.83217766742174, "car_v_std": 12.529923172485875}, "datetime": {"datetime": "2024-08-11 17:43:13", "elapsed": 64.128658, "delta": 0.610034}}
{"target": -0.3346692036430918, "params": {"bus_acc": 2.182768595089422, "bus_dcc": 3.1962207068193575, "bus_lcAssertive": 94.31724512520901, "bus_lcCooperative": 0.49728979211666346, "bus_lcLookaheadLeft": 60.18787811883346, "bus_lcPushy": 0.2908599378104706, "bus_lcSigma": 0.1491595089201888, "bus_lcSpeedGainRight": 0.6593584536422054, "bus_lcSublane": 0.7323607758695577, "bus_sigma": 0.7344694353499344, "bus_tau_mean": 1.1277250582282232, "bus_tau_std": 4.135603797757918, "bus_v_mean": 18.69459790204771, "bus_v_std": 2.505638923722975, "car_acc": 3.18440200950169, "car_dcc": 2.5559703726169083, "car_lcAssertive": 61.906947459337, "car_lcCooperative": 0.7012080919186323, "car_lcLookaheadLeft": 98.74394204250468, "car_lcPushy": 0.5623944559571782, "car_lcSigma": 0.864416261698348, "car_lcSpeedGainRight": 2.0935433752858295, "car_lcSublane": 0.6544693512274343, "car_sigma": 0.9252611878587662, "car_tau_mean": 2.8245278547542636, "car_tau_std": 3.030806759430662, "car_v_mean": 19.15902248950934, "car_v_std": 7.0263664071638505}, "datetime": {"datetime": "2024-08-11 17:43:16", "elapsed": 67.594026, "delta": 3.465368}}
{"target": -0.28594433065348757, "params": {"bus_acc": 2.529826874394647, "bus_dcc": 3.755797813111159, "bus_lcAssertive": 60.09196396965134, "bus_lcCooperative": 0.9795901743594252, "bus_lcLookaheadLeft": 45.218648800069374, "bus_lcPushy": 0.7396119625075467, "bus_lcSigma": 0.03760387864960013, "bus_lcSpeedGainRight": 3.8236331950024303, "bus_lcSublane": 0.5182815803268124, "bus_sigma": 0.0053165329611032375, "bus_tau_mean": 1.4702003667390948, "bus_tau_std": 5.348322325198115, "bus_v_mean": 21.82333180906361, "bus_v_std": 1.0618519090505019, "car_acc": 2.286403086631975, "car_dcc": 3.2437793120337526, "car_lcAssertive": 65.3087224329694, "car_lcCooperative": 0.9314470149929107, "car_lcLookaheadLeft": 9.323681611446592, "car_lcPushy": 0.2768064626005866, "car_lcSigma": 0.9192375042561725, "car_lcSpeedGainRight": 3.8250257414907147, "car_lcSublane": 0.5997403444720987, "car_sigma": 0.8329681438370704, "car_tau_mean": 3.636152220512507, "car_tau_std": 9.727203528528248, "car_v_mean": 25.973369127616508, "car_v_std": 2.7929866736820697}, "datetime": {"datetime": "2024-08-11 17:43:17", "elapsed": 68.212721, "delta": 0.618695}}
{"target": -0.404575158037707, "params": {"bus_acc": 0.5435569196402348, "bus_dcc": 0.6901087397406491, "bus_lcAssertive": 11.420990139615903, "bus_lcCooperative": 0.17272746332288003, "bus_lcLookaheadLeft": 14.390227248389131, "bus_lcPushy": 0.7783008900676276, "bus_lcSigma": 0.039411512184444275, "bus_lcSpeedGainRight": 1.2077920867043201, "bus_lcSublane": 0.8790664013584655, "bus_sigma": 0.9735188608362936, "bus_tau_mean": 2.6189770270446684, "bus_tau_std": 9.762382645603884, "bus_v_mean": 8.782127750869583, "bus_v_std": 18.97145536752015, "car_acc": 1.382925113333435, "car_dcc": 3.2360967933740534, "car_lcAssertive": 81.25228124124325, "car_lcCooperative": 0.8599985915803449, "car_lcLookaheadLeft": 46.9379794684451, "car_lcPushy": 0.9306443921654484, "car_lcSigma": 0.2578929844270399, "car_lcSpeedGainRight": 4.672227462647923, "car_lcSublane": 0.6191196332516605, "car_sigma": 0.9854449149448306, "car_tau_mean": 0.6142535308690733, "car_tau_std": 7.251666588327083, "car_v_mean": 18.17997623684686, "car_v_std": 9.848480947966392}, "datetime": {"datetime": "2024-08-11 17:43:18", "elapsed": 69.020521, "delta": 0.8078}}
{"target": -0.2899318557982086, "params": {"bus_acc": 1.7846836178697811, "bus_dcc": 2.9372330750802007, "bus_lcAssertive": 1.0113231069171438, "bus_lcCooperative": 0.30233257263183977, "bus_lcLookaheadLeft": 16.38207730007708, "bus_lcPushy": 0.0923385947687978, "bus_lcSigma": 0.1862602113776709, "bus_lcSpeedGainRight": 1.7278036352152388, "bus_lcSublane": 0.39676747423066994, "bus_sigma": 0.538816734003357, "bus_tau_mean": 1.9671808004115319, "bus_tau_std": 6.852195003967595, "bus_v_mean": 11.680140495167315, "bus_v_std": 17.562348727818907, "car_acc": 0.30407285415211943, "car_dcc": 2.7477765386779285, "car_lcAssertive": 42.31317543434557, "car_lcCooperative": 0.5586898284457517, "car_lcLookaheadLeft": 15.75791998233291, "car_lcPushy": 0.1981014890848788, "car_lcSigma": 0.8007445686755367, "car_lcSpeedGainRight": 4.841307878596988, "car_lcSublane": 0.31342417815924284, "car_sigma": 0.6923226156693141, "car_tau_mean": 3.567362033036134, "car_tau_std": 8.946066635038473, "car_v_mean": 9.530795804656002, "car_v_std": 0.7810956646576472}, "datetime": {"datetime": "2024-08-11 17:43:18", "elapsed": 69.624059, "delta": 0.603538}}
{"target": -0.34535079765106974, "params": {"bus_acc": 1.7151190657902318, "bus_dcc": 3.8731274720401396, "bus_lcAssertive": 16.253838011403385, "bus_lcCooperative": 0.8950868086486484, "bus_lcLookaheadLeft": 32.479280652714465, "bus_lcPushy": 0.548489089666104, "bus_lcSigma": 0.6820662584328149, "bus_lcSpeedGainRight": 1.1823482566307768, "bus_lcSublane": 0.16773668505027162, "bus_sigma": 0.508482013429616, "bus_tau_mean": 3.2715235645463507, "bus_tau_std": 6.924144621670756, "bus_v_mean": 10.141520069114268, "bus_v_std": 18.01484430143466, "car_acc": 2.023002754786789, "car_dcc": 3.797371381110661, "car_lcAssertive": 55.789936918578306, "car_lcCooperative": 0.08480182166035288, "car_lcLookaheadLeft": 21.84137749610449, "car_lcPushy": 0.8542379729163827, "car_lcSigma": 0.7059273667647191, "car_lcSpeedGainRight": 4.474697600764621, "car_lcSublane": 0.32914600179429976, "car_sigma": 0.5280013966376261, "car_tau_mean": 2.7763934636944194, "car_tau_std": 5.9429085358666445, "car_v_mean": 12.16633283961646, "car_v_std": 8.536426988964712}, "datetime": {"datetime": "2024-08-11 17:43:22", "elapsed": 73.437814, "delta": 3.813755}}
{"target": -0.5710581772342521, "params": {"bus_acc": 3.7662311890555893, "bus_dcc": 1.5035068173555448, "bus_lcAssertive": 78.19468525277739, "bus_lcCooperative": 0.17473631282740743, "bus_lcLookaheadLeft": 35.51137795764034, "bus_lcPushy": 0.14459772083809674, "bus_lcSigma": 0.716770814146376, "bus_lcSpeedGainRight": 3.496538118484071, "bus_lcSublane": 0.6884973179489188, "bus_sigma": 0.25339603448629966, "bus_tau_mean": 2.923260425681931, "bus_tau_std": 2.2729754091594954, "bus_v_mean": 15.643684086764114, "bus_v_std": 7.438442433353744, "car_acc": 1.5501700641564642, "car_dcc": 0.41908826751677425, "car_lcAssertive": 63.53301605972803, "car_lcCooperative": 0.7073166026816995, "car_lcLookaheadLeft": 62.13169206127789, "car_lcPushy": 0.6483127561631246, "car_lcSigma": 0.16994071421725776, "car_lcSpeedGainRight": 0.7472339946943124, "car_lcSublane": 0.5141750435258828, "car_sigma": 0.8753327263545391, "car_tau_mean": 1.143837045415277, "car_tau_std": 4.628391187082599, "car_v_mean": 15.720782012538253, "car_v_std": 9.945783718390327}, "datetime": {"datetime": "2024-08-11 17:43:23", "elapsed": 74.165924, "delta": 0.72811}}
