{"target": -0.18259871319805257, "params": {"bus_acc": 3.398, "bus_dcc": 3.777, "bus_lcAssertive": 92.9191, "bus_lcCooperative": 0.9914, "bus_lcLookaheadLeft": 28.9765, "bus_lcPushy": 0.3542, "bus_lcSigma": 0.9184, "bus_lcSpeedGainRight": 0.0432, "bus_lcSublane": 0.6523, "bus_sigma": 0.2231, "bus_tau_mean": 1.4965, "bus_tau_std": 2.0193, "bus_v_mean": 18.6049, "bus_v_std": 12.4311, "car_acc": 1.9673, "car_dcc": 2.9804, "car_lcAssertive": 80.8712, "car_lcCooperative": 0.1928, "car_lcLookaheadLeft": 21.7522, "car_lcPushy": 0.5736, "car_lcSigma": 0.6185, "car_lcSpeedGainRight": 3.1338, "car_lcSublane": 0.9868, "car_sigma": 0.2447, "car_tau_mean": 2.3769, "car_tau_std": 9.3483, "car_v_mean": 15.2917, "car_v_std": 1.3498}, "datetime": {"datetime": "2024-09-05 10:54:38", "elapsed": 334.303915, "delta": 3.314531}}
{"target": -0.17833188278492138, "params": {"bus_acc": 3.9917, "bus_dcc": 2.3858, "bus_lcAssertive": 10.2013, "bus_lcCooperative": 0.2976, "bus_lcLookaheadLeft": 75.6186, "bus_lcPushy": 0.38, "bus_lcSigma": 0.7182, "bus_lcSpeedGainRight": 0.9917, "bus_lcSublane": 0.8307, "bus_sigma": 0.439, "bus_tau_mean": 1.9909, "bus_tau_std": 6.1346, "bus_v_mean": 24.2674, "bus_v_std": 9.7159, "car_acc": 3.8325, "car_dcc": 3.3228, "car_lcAssertive": 11.543, "car_lcCooperative": 0.6019, "car_lcLookaheadLeft": 57.5591, "car_lcPushy": 0.8976, "car_lcSigma": 0.7423, "car_lcSpeedGainRight": 3.2748, "car_lcSublane": 0.6733, "car_sigma": 0.8857, "car_tau_mean": 0.9808, "car_tau_std": 6.4209, "car_v_mean": 22.274, "car_v_std": 7.6739}, "datetime": {"datetime": "2024-09-05 10:54:41", "elapsed": 337.441227, "delta": 3.137312}}
{"target": -0.20396977442840014, "params": {"bus_acc": 3.807, "bus_dcc": 3.204, "bus_lcAssertive": 79.6474, "bus_lcCooperative": 0.5212, "bus_lcLookaheadLeft": 60.1342, "bus_lcPushy": 0.2119, "bus_lcSigma": 0.5595, "bus_lcSpeedGainRight": 1.9523, "bus_lcSublane": 0.5896, "bus_sigma": 0.6728, "bus_tau_mean": 0.6045, "bus_tau_std": 3.0982, "bus_v_mean": 11.882, "bus_v_std": 4.1347, "car_acc": 3.6558, "car_dcc": 3.0828, "car_lcAssertive": 98.6518, "car_lcCooperative": 0.796, "car_lcLookaheadLeft": 39.0437, "car_lcPushy": 0.4669, "car_lcSigma": 0.0662, "car_lcSpeedGainRight": 3.9327, "car_lcSublane": 0.3553, "car_sigma": 0.72, "car_tau_mean": 2.4531, "car_tau_std": 1.9882, "car_v_mean": 11.3858, "car_v_std": 9.4615}, "datetime": {"datetime": "2024-09-05 10:54:50", "elapsed": 346.010583, "delta": 8.569356}}
{"target": -0.1926964721382676, "params": {"bus_acc": 3.1377, "bus_dcc": 1.9294, "bus_lcAssertive": 97.3483, "bus_lcCooperative": 0.3112, "bus_lcLookaheadLeft": 50.9894, "bus_lcPushy": 0.2076, "bus_lcSigma": 0.6588, "bus_lcSpeedGainRight": 2.8493, "bus_lcSublane": 0.6151, "bus_sigma": 0.6659, "bus_tau_mean": 0.5678, "bus_tau_std": 5.6243, "bus_v_mean": 17.4805, "bus_v_std": 13.157, "car_acc": 0.6892, "car_dcc": 3.9207, "car_lcAssertive": 50.8252, "car_lcCooperative": 0.5814, "car_lcLookaheadLeft": 94.9297, "car_lcPushy": 0.285, "car_lcSigma": 0.2715, "car_lcSpeedGainRight": 2.5567, "car_lcSublane": 0.8772, "car_sigma": 0.5878, "car_tau_mean": 2.4376, "car_tau_std": 8.503, "car_v_mean": 24.8429, "car_v_std": 17.3025}, "datetime": {"datetime": "2024-09-05 10:54:56", "elapsed": 351.606712, "delta": 5.596129}}
{"target": -0.1835917929479947, "params": {"bus_acc": 3.046, "bus_dcc": 3.116, "bus_lcAssertive": 58.5313, "bus_lcCooperative": 0.2648, "bus_lcLookaheadLeft": 61.8931, "bus_lcPushy": 0.3473, "bus_lcSigma": 0.0746, "bus_lcSpeedGainRight": 4.5847, "bus_lcSublane": 0.0113, "bus_sigma": 0.0616, "bus_tau_mean": 1.3241, "bus_tau_std": 4.6212, "bus_v_mean": 24.1936, "bus_v_std": 5.5089, "car_acc": 0.8917, "car_dcc": 1.8638, "car_lcAssertive": 38.1039, "car_lcCooperative": 0.8691, "car_lcLookaheadLeft": 34.2096, "car_lcPushy": 0.8395, "car_lcSigma": 0.8217, "car_lcSpeedGainRight": 1.1509, "car_lcSublane": 0.2525, "car_sigma": 0.7333, "car_tau_mean": 2.6115, "car_tau_std": 3.6023, "car_v_mean": 17.225, "car_v_std": 16.2146}, "datetime": {"datetime": "2024-09-05 10:55:04", "elapsed": 360.306392, "delta": 8.69968}}
{"target": -0.1808615043353162, "params": {"bus_acc": 4.0, "bus_dcc": 1.323, "bus_lcAssertive": 87.7524, "bus_lcCooperative": 0.6752, "bus_lcLookaheadLeft": 79.3198, "bus_lcPushy": 0.0, "bus_lcSigma": 0.0066, "bus_lcSpeedGainRight": 0.0, "bus_lcSublane": 1.0, "bus_sigma": 1.0, "bus_tau_mean": 4.0, "bus_tau_std": 10.0, "bus_v_mean": 8.0, "bus_v_std": 7.8952, "car_acc": 0.9722, "car_dcc": 3.3948, "car_lcAssertive": 100.0, "car_lcCooperative": 0.0, "car_lcLookaheadLeft": 55.6118, "car_lcPushy": 0.0, "car_lcSigma": 0.0, "car_lcSpeedGainRight": 0.0, "car_lcSublane": 0.0375, "car_sigma": 0.0, "car_tau_mean": 0.5, "car_tau_std": 0.9177, "car_v_mean": 14.1732, "car_v_std": 14.9913}, "datetime": {"datetime": "2024-09-05 10:55:19", "elapsed": 374.739212, "delta": 14.43282}}
{"target": -0.7438910981392252, "params": {"bus_acc": 0.4137, "bus_dcc": 2.6542, "bus_lcAssertive": 27.391, "bus_lcCooperative": 0.622, "bus_lcLookaheadLeft": 48.8916, "bus_lcPushy": 0.6229, "bus_lcSigma": 0.0432, "bus_lcSpeedGainRight": 4.3133, "bus_lcSublane": 0.0754, "bus_sigma": 0.2569, "bus_tau_mean": 0.5191, "bus_tau_std": 4.3886, "bus_v_mean": 25.9454, "bus_v_std": 9.7994, "car_acc": 2.3283, "car_dcc": 0.9025, "car_lcAssertive": 74.4569, "car_lcCooperative": 0.3593, "car_lcLookaheadLeft": 54.1686, "car_lcPushy": 0.1443, "car_lcSigma": 0.0695, "car_lcSpeedGainRight": 1.3923, "car_lcSublane": 0.3286, "car_sigma": 0.5046, "car_tau_mean": 2.7986, "car_tau_std": 2.685, "car_v_mean": 17.8957, "car_v_std": 1.3868}, "datetime": {"datetime": "2024-09-05 10:55:27", "elapsed": 383.271429, "delta": 8.532217}}
{"target": -0.25713413069170205, "params": {"bus_acc": 4.0, "bus_dcc": 1.2, "bus_lcAssertive": 87.2421, "bus_lcCooperative": 0.2892, "bus_lcLookaheadLeft": 80.2119, "bus_lcPushy": 0.0, "bus_lcSigma": 0.0, "bus_lcSpeedGainRight": 0.0, "bus_lcSublane": 1.0, "bus_sigma": 1.0, "bus_tau_mean": 4.0, "bus_tau_std": 10.0, "bus_v_mean": 8.0, "bus_v_std": 8.3718, "car_acc": 2.967, "car_dcc": 3.1701, "car_lcAssertive": 100.0, "car_lcCooperative": 0.0, "car_lcLookaheadLeft": 56.1995, "car_lcPushy": 0.0, "car_lcSigma": 0.0, "car_lcSpeedGainRight": 0.0, "car_lcSublane": 0.2158, "car_sigma": 0.0, "car_tau_mean": 0.5, "car_tau_std": 0.0979, "car_v_mean": 14.3779, "car_v_std": 15.842}, "datetime": {"datetime": "2024-09-05 10:55:34", "elapsed": 389.983977, "delta": 6.712548}}
{"target": -0.2388692617518505, "params": {"bus_acc": 4.0, "bus_dcc": 1.0185, "bus_lcAssertive": 91.7947, "bus_lcCooperative": 0.2693, "bus_lcLookaheadLeft": 78.7254, "bus_lcPushy": 0.0, "bus_lcSigma": 0.0, "bus_lcSpeedGainRight": 0.0, "bus_lcSublane": 1.0, "bus_sigma": 1.0, "bus_tau_mean": 4.0, "bus_tau_std": 10.0, "bus_v_mean": 8.0, "bus_v_std": 8.5766, "car_acc": 3.4524, "car_dcc": 3.0652, "car_lcAssertive": 100.0, "car_lcCooperative": 0.0, "car_lcLookaheadLeft": 55.5892, "car_lcPushy": 0.0, "car_lcSigma": 0.0, "car_lcSpeedGainRight": 0.0, "car_lcSublane": 0.3288, "car_sigma": 0.0, "car_tau_mean": 0.5, "car_tau_std": 0.5068, "car_v_mean": 13.8593, "car_v_std": 17.0543}, "datetime": {"datetime": "2024-09-05 10:55:36", "elapsed": 391.772578, "delta": 1.788601}}
{"target": -0.21795571703361435, "params": {"bus_acc": 4.0, "bus_dcc": 1.0987, "bus_lcAssertive": 88.4054, "bus_lcCooperative": 0.286, "bus_lcLookaheadLeft": 81.6967, "bus_lcPushy": 0.0, "bus_lcSigma": 0.0, "bus_lcSpeedGainRight": 0.0343, "bus_lcSublane": 1.0, "bus_sigma": 1.0, "bus_tau_mean": 4.0, "bus_tau_std": 10.0, "bus_v_mean": 8.0, "bus_v_std": 8.3472, "car_acc": 3.3575, "car_dcc": 3.0304, "car_lcAssertive": 100.0, "car_lcCooperative": 0.0, "car_lcLookaheadLeft": 55.9402, "car_lcPushy": 0.0, "car_lcSigma": 0.0, "car_lcSpeedGainRight": 0.0, "car_lcSublane": 0.2817, "car_sigma": 0.0, "car_tau_mean": 0.5, "car_tau_std": 0.5716, "car_v_mean": 13.6034, "car_v_std": 17.2231}, "datetime": {"datetime": "2024-09-05 10:55:39", "elapsed": 394.80115, "delta": 3.028572}}
{"target": -0.24420485508843284, "params": {"bus_acc": 4.0, "bus_dcc": 0.6986, "bus_lcAssertive": 92.323, "bus_lcCooperative": 0.2037, "bus_lcLookaheadLeft": 79.0893, "bus_lcPushy": 0.0, "bus_lcSigma": 0.0, "bus_lcSpeedGainRight": 0.0433, "bus_lcSublane": 1.0, "bus_sigma": 1.0, "bus_tau_mean": 4.0, "bus_tau_std": 10.0, "bus_v_mean": 8.0, "bus_v_std": 8.3436, "car_acc": 3.7398, "car_dcc": 3.1776, "car_lcAssertive": 100.0, "car_lcCooperative": 0.0, "car_lcLookaheadLeft": 55.4952, "car_lcPushy": 0.0, "car_lcSigma": 0.0, "car_lcSpeedGainRight": 0.0, "car_lcSublane": 0.3939, "car_sigma": 0.0, "car_tau_mean": 0.5, "car_tau_std": 0.5535, "car_v_mean": 13.5188, "car_v_std": 17.6267}, "datetime": {"datetime": "2024-09-05 10:55:48", "elapsed": 404.358165, "delta": 9.557015}}
{"target": -0.4234259473797832, "params": {"bus_acc": 2.3797, "bus_dcc": 3.2994, "bus_lcAssertive": 9.1445, "bus_lcCooperative": 0.8631, "bus_lcLookaheadLeft": 70.8001, "bus_lcPushy": 0.4044, "bus_lcSigma": 0.3966, "bus_lcSpeedGainRight": 1.0267, "bus_lcSublane": 0.3199, "bus_sigma": 0.3133, "bus_tau_mean": 3.2419, "bus_tau_std": 5.8065, "bus_v_mean": 25.5445, "bus_v_std": 4.49, "car_acc": 0.3775, "car_dcc": 3.6614, "car_lcAssertive": 14.1859, "car_lcCooperative": 0.199, "car_lcLookaheadLeft": 63.8674, "car_lcPushy": 0.1596, "car_lcSigma": 0.4418, "car_lcSpeedGainRight": 2.0288, "car_lcSublane": 0.4727, "car_sigma": 0.6262, "car_tau_mean": 3.4301, "car_tau_std": 5.9365, "car_v_mean": 21.9154, "car_v_std": 14.4193}, "datetime": {"datetime": "2024-09-05 10:56:09", "elapsed": 425.246419, "delta": 20.888254}}
{"target": -0.8544421379711101, "params": {"bus_acc": 1.8698, "bus_dcc": 1.3253, "bus_lcAssertive": 60.9333, "bus_lcCooperative": 0.8024, "bus_lcLookaheadLeft": 35.0864, "bus_lcPushy": 0.3616, "bus_lcSigma": 0.4551, "bus_lcSpeedGainRight": 0.1336, "bus_lcSublane": 0.0303, "bus_sigma": 0.3647, "bus_tau_mean": 3.139, "bus_tau_std": 8.1846, "bus_v_mean": 12.1242, "bus_v_std": 19.1047, "car_acc": 0.6569, "car_dcc": 1.9645, "car_lcAssertive": 9.5844, "car_lcCooperative": 0.1753, "car_lcLookaheadLeft": 17.1743, "car_lcPushy": 0.0367, "car_lcSigma": 0.1008, "car_lcSpeedGainRight": 4.4208, "car_lcSublane": 0.2098, "car_sigma": 0.8359, "car_tau_mean": 1.8103, "car_tau_std": 5.7794, "car_v_mean": 22.6348, "car_v_std": 11.5838}, "datetime": {"datetime": "2024-09-05 10:56:29", "elapsed": 445.338669, "delta": 20.09225}}
{"target": -0.7777433461209672, "params": {"bus_acc": 4.0, "bus_dcc": 1.1142, "bus_lcAssertive": 87.6666, "bus_lcCooperative": 0.3095, "bus_lcLookaheadLeft": 80.0982, "bus_lcPushy": 0.0, "bus_lcSigma": 0.0, "bus_lcSpeedGainRight": 0.0, "bus_lcSublane": 1.0, "bus_sigma": 1.0, "bus_tau_mean": 4.0, "bus_tau_std": 10.0, "bus_v_mean": 8.0, "bus_v_std": 8.338, "car_acc": 2.9927, "car_dcc": 3.187, "car_lcAssertive": 100.0, "car_lcCooperative": 0.0, "car_lcLookaheadLeft": 56.0998, "car_lcPushy": 0.0, "car_lcSigma": 0.0, "car_lcSpeedGainRight": 0.0, "car_lcSublane": 0.1944, "car_sigma": 0.0, "car_tau_mean": 0.5, "car_tau_std": 0.0854, "car_v_mean": 14.3501, "car_v_std": 15.8089}, "datetime": {"datetime": "2024-09-05 10:56:37", "elapsed": 452.530791, "delta": 7.192122}}
{"target": -0.20633755909262566, "params": {"bus_acc": 4.0, "bus_dcc": 0.9265, "bus_lcAssertive": 92.4596, "bus_lcCooperative": 0.1965, "bus_lcLookaheadLeft": 79.1618, "bus_lcPushy": 0.0, "bus_lcSigma": 0.0, "bus_lcSpeedGainRight": 0.1256, "bus_lcSublane": 1.0, "bus_sigma": 1.0, "bus_tau_mean": 4.0, "bus_tau_std": 10.0, "bus_v_mean": 8.0, "bus_v_std": 8.6827, "car_acc": 3.7959, "car_dcc": 3.1334, "car_lcAssertive": 100.0, "car_lcCooperative": 0.0, "car_lcLookaheadLeft": 55.5073, "car_lcPushy": 0.0, "car_lcSigma": 0.0, "car_lcSpeedGainRight": 0.0, "car_lcSublane": 0.3389, "car_sigma": 0.0, "car_tau_mean": 0.5, "car_tau_std": 0.6827, "car_v_mean": 13.5071, "car_v_std": 17.6785}, "datetime": {"datetime": "2024-09-05 10:56:55", "elapsed": 471.31128, "delta": 18.780489}}
{"target": -0.21370678205733526, "params": {"bus_acc": 0.6546, "bus_dcc": 0.3305, "bus_lcAssertive": 10.9169, "bus_lcCooperative": 0.5843, "bus_lcLookaheadLeft": 76.6957, "bus_lcPushy": 0.1172, "bus_lcSigma": 0.461, "bus_lcSpeedGainRight": 2.8947, "bus_lcSublane": 0.0006, "bus_sigma": 0.8818, "bus_tau_mean": 1.5886, "bus_tau_std": 3.8788, "bus_v_mean": 25.2227, "bus_v_std": 7.1415, "car_acc": 2.5571, "car_dcc": 0.232, "car_lcAssertive": 14.5661, "car_lcCooperative": 0.134, "car_lcLookaheadLeft": 60.7725, "car_lcPushy": 0.7914, "car_lcSigma": 0.0189, "car_lcSpeedGainRight": 1.7743, "car_lcSublane": 0.0712, "car_sigma": 0.3411, "car_tau_mean": 3.5536, "car_tau_std": 4.0388, "car_v_mean": 10.5603, "car_v_std": 13.3302}, "datetime": {"datetime": "2024-09-05 10:57:12", "elapsed": 488.057406, "delta": 16.746126}}
{"target": -0.21142523355305673, "params": {"bus_acc": 2.5902, "bus_dcc": 0.5197, "bus_lcAssertive": 11.8229, "bus_lcCooperative": 0.1573, "bus_lcLookaheadLeft": 70.167, "bus_lcPushy": 0.4619, "bus_lcSigma": 0.4038, "bus_lcSpeedGainRight": 2.0791, "bus_lcSublane": 0.3122, "bus_sigma": 0.4608, "bus_tau_mean": 0.852, "bus_tau_std": 4.5635, "bus_v_mean": 18.2038, "bus_v_std": 13.1284, "car_acc": 3.8447, "car_dcc": 2.119, "car_lcAssertive": 10.6051, "car_lcCooperative": 0.9872, "car_lcLookaheadLeft": 53.5467, "car_lcPushy": 0.7733, "car_lcSigma": 0.5607, "car_lcSpeedGainRight": 2.0476, "car_lcSublane": 0.2603, "car_sigma": 0.0529, "car_tau_mean": 0.7257, "car_tau_std": 2.9345, "car_v_mean": 18.9626, "car_v_std": 5.7883}, "datetime": {"datetime": "2024-09-05 10:57:16", "elapsed": 491.52725, "delta": 3.469844}}
{"target": -0.19305362755451974, "params": {"bus_acc": 0.7116, "bus_dcc": 1.8426, "bus_lcAssertive": 4.0389, "bus_lcCooperative": 0.8718, "bus_lcLookaheadLeft": 72.7134, "bus_lcPushy": 0.8861, "bus_lcSigma": 0.2219, "bus_lcSpeedGainRight": 0.4689, "bus_lcSublane": 0.4118, "bus_sigma": 0.7513, "bus_tau_mean": 3.228, "bus_tau_std": 4.781, "bus_v_mean": 23.0957, "bus_v_std": 4.9657, "car_acc": 0.894, "car_dcc": 3.6663, "car_lcAssertive": 11.299, "car_lcCooperative": 0.7966, "car_lcLookaheadLeft": 55.9591, "car_lcPushy": 0.8949, "car_lcSigma": 0.4821, "car_lcSpeedGainRight": 0.7424, "car_lcSublane": 0.8542, "car_sigma": 0.52, "car_tau_mean": 3.5013, "car_tau_std": 8.3794, "car_v_mean": 24.6763, "car_v_std": 19.8695}, "datetime": {"datetime": "2024-09-05 10:57:34", "elapsed": 509.91043, "delta": 18.38318}}
{"target": -0.27015341306677526, "params": {"bus_acc": 4.0, "bus_dcc": 0.2, "bus_lcAssertive": 82.8429, "bus_lcCooperative": 0.9225, "bus_lcLookaheadLeft": 83.8241, "bus_lcPushy": 0.0, "bus_lcSigma": 1.0, "bus_lcSpeedGainRight": 0.0, "bus_lcSublane": 1.0, "bus_sigma": 0.8404, "bus_tau_mean": 4.0, "bus_tau_std": 3.4884, "bus_v_mean": 8.0, "bus_v_std": 7.0142, "car_acc": 3.9288, "car_dcc": 4.0, "car_lcAssertive": 97.9865, "car_lcCooperative": 0.0, "car_lcLookaheadLeft": 52.9057, "car_lcPushy": 0.0, "car_lcSigma": 0.5818, "car_lcSpeedGainRight": 0.0, "car_lcSublane": 0.7319, "car_sigma": 0.1032, "car_tau_mean": 0.5, "car_tau_std": 0.1104, "car_v_mean": 20.3573, "car_v_std": 20.0}, "datetime": {"datetime": "2024-09-05 10:57:41", "elapsed": 516.723702, "delta": 6.813272}}
{"target": -0.3333242412660558, "params": {"bus_acc": 4.0, "bus_dcc": 0.2, "bus_lcAssertive": 81.7395, "bus_lcCooperative": 0.0, "bus_lcLookaheadLeft": 86.0011, "bus_lcPushy": 0.0, "bus_lcSigma": 1.0, "bus_lcSpeedGainRight": 0.0, "bus_lcSublane": 1.0, "bus_sigma": 0.0, "bus_tau_mean": 4.0, "bus_tau_std": 0.0, "bus_v_mean": 8.0, "bus_v_std": 19.4215, "car_acc": 4.0, "car_dcc": 4.0, "car_lcAssertive": 100.0, "car_lcCooperative": 0.0, "car_lcLookaheadLeft": 47.6238, "car_lcPushy": 0.9387, "car_lcSigma": 1.0, "car_lcSpeedGainRight": 0.0, "car_lcSublane": 1.0, "car_sigma": 1.0, "car_tau_mean": 0.5, "car_tau_std": 0.0, "car_v_mean": 26.0, "car_v_std": 20.0}, "datetime": {"datetime": "2024-09-05 10:57:48", "elapsed": 523.648935, "delta": 6.925233}}
{"target": -0.2086338719510081, "params": {"bus_acc": 1.747, "bus_dcc": 0.5703, "bus_lcAssertive": 84.8617, "bus_lcCooperative": 0.9124, "bus_lcLookaheadLeft": 69.451, "bus_lcPushy": 0.8892, "bus_lcSigma": 0.7519, "bus_lcSpeedGainRight": 0.1877, "bus_lcSublane": 0.3315, "bus_sigma": 0.439, "bus_tau_mean": 2.1458, "bus_tau_std": 2.374, "bus_v_mean": 9.114, "bus_v_std": 1.5158, "car_acc": 2.4939, "car_dcc": 2.4, "car_lcAssertive": 94.4989, "car_lcCooperative": 0.3813, "car_lcLookaheadLeft": 37.6556, "car_lcPushy": 0.2145, "car_lcSigma": 0.1956, "car_lcSpeedGainRight": 2.9921, "car_lcSublane": 0.5462, "car_sigma": 0.758, "car_tau_mean": 1.679, "car_tau_std": 3.5689, "car_v_mean": 8.3369, "car_v_std": 4.488}, "datetime": {"datetime": "2024-09-05 10:57:49", "elapsed": 525.312151, "delta": 1.663216}}
{"target": -0.2490890685225914, "params": {"bus_acc": 4.0, "bus_dcc": 0.2, "bus_lcAssertive": 86.5405, "bus_lcCooperative": 0.0, "bus_lcLookaheadLeft": 77.8597, "bus_lcPushy": 0.0, "bus_lcSigma": 1.0, "bus_lcSpeedGainRight": 0.0, "bus_lcSublane": 1.0, "bus_sigma": 0.0, "bus_tau_mean": 4.0, "bus_tau_std": 0.0, "bus_v_mean": 8.0, "bus_v_std": 20.0, "car_acc": 4.0, "car_dcc": 4.0, "car_lcAssertive": 67.2774, "car_lcCooperative": 0.0, "car_lcLookaheadLeft": 44.7237, "car_lcPushy": 0.0, "car_lcSigma": 1.0, "car_lcSpeedGainRight": 0.0, "car_lcSublane": 1.0, "car_sigma": 1.0, "car_tau_mean": 0.5, "car_tau_std": 5.9372, "car_v_mean": 26.0, "car_v_std": 20.0}, "datetime": {"datetime": "2024-09-05 10:57:51", "elapsed": 526.977596, "delta": 1.665445}}
{"target": -0.7307360111568387, "params": {"bus_acc": 4.0, "bus_dcc": 0.2, "bus_lcAssertive": 82.6183, "bus_lcCooperative": 0.9202, "bus_lcLookaheadLeft": 83.4935, "bus_lcPushy": 0.0, "bus_lcSigma": 1.0, "bus_lcSpeedGainRight": 0.0, "bus_lcSublane": 1.0, "bus_sigma": 0.8218, "bus_tau_mean": 4.0, "bus_tau_std": 3.3733, "bus_v_mean": 8.0, "bus_v_std": 6.9867, "car_acc": 3.8395, "car_dcc": 4.0, "car_lcAssertive": 97.7792, "car_lcCooperative": 0.0, "car_lcLookaheadLeft": 52.9479, "car_lcPushy": 0.0, "car_lcSigma": 0.6235, "car_lcSpeedGainRight": 0.0, "car_lcSublane": 0.7077, "car_sigma": 0.1205, "car_tau_mean": 0.5, "car_tau_std": 0.0641, "car_v_mean": 20.2991, "car_v_std": 20.0}, "datetime": {"datetime": "2024-09-05 10:57:54", "elapsed": 529.620559, "delta": 2.642963}}
{"target": -0.22727629883945974, "params": {"bus_acc": 4.0, "bus_dcc": 0.2, "bus_lcAssertive": 83.6156, "bus_lcCooperative": 0.0, "bus_lcLookaheadLeft": 91.6384, "bus_lcPushy": 0.0, "bus_lcSigma": 1.0, "bus_lcSpeedGainRight": 0.0, "bus_lcSublane": 1.0, "bus_sigma": 0.0, "bus_tau_mean": 4.0, "bus_tau_std": 6.7077, "bus_v_mean": 8.0, "bus_v_std": 16.3673, "car_acc": 1.4502, "car_dcc": 4.0, "car_lcAssertive": 100.0, "car_lcCooperative": 0.0, "car_lcLookaheadLeft": 43.2125, "car_lcPushy": 0.8126, "car_lcSigma": 1.0, "car_lcSpeedGainRight": 0.0, "car_lcSublane": 1.0, "car_sigma": 1.0, "car_tau_mean": 0.5, "car_tau_std": 1.9511, "car_v_mean": 26.0, "car_v_std": 20.0}, "datetime": {"datetime": "2024-09-05 10:57:56", "elapsed": 531.693051, "delta": 2.072492}}
{"target": -0.1831892071290644, "params": {"bus_acc": 1.8606, "bus_dcc": 3.7097, "bus_lcAssertive": 38.8484, "bus_lcCooperative": 0.8024, "bus_lcLookaheadLeft": 93.5421, "bus_lcPushy": 0.9967, "bus_lcSigma": 0.5019, "bus_lcSpeedGainRight": 3.5982, "bus_lcSublane": 0.9527, "bus_sigma": 0.7598, "bus_tau_mean": 3.7309, "bus_tau_std": 5.5434, "bus_v_mean": 10.3368, "bus_v_std": 12.0849, "car_acc": 1.7794, "car_dcc": 2.0391, "car_lcAssertive": 85.4816, "car_lcCooperative": 0.4903, "car_lcLookaheadLeft": 10.8, "car_lcPushy": 0.3607, "car_lcSigma": 0.0102, "car_lcSpeedGainRight": 4.6884, "car_lcSublane": 0.0509, "car_sigma": 0.6899, "car_tau_mean": 0.8256, "car_tau_std": 4.9364, "car_v_mean": 20.3318, "car_v_std": 19.631}, "datetime": {"datetime": "2024-09-05 10:58:12", "elapsed": 548.009852, "delta": 16.316801}}
{"target": -0.2230897297327049, "params": {"bus_acc": 4.0, "bus_dcc": 0.2, "bus_lcAssertive": 100.0, "bus_lcCooperative": 0.0, "bus_lcLookaheadLeft": 68.3393, "bus_lcPushy": 0.0, "bus_lcSigma": 1.0, "bus_lcSpeedGainRight": 0.0, "bus_lcSublane": 1.0, "bus_sigma": 0.0, "bus_tau_mean": 4.0, "bus_tau_std": 0.0, "bus_v_mean": 8.0, "bus_v_std": 0.0, "car_acc": 4.0, "car_dcc": 4.0, "car_lcAssertive": 56.1804, "car_lcCooperative": 0.0, "car_lcLookaheadLeft": 43.2057, "car_lcPushy": 1.0, "car_lcSigma": 1.0, "car_lcSpeedGainRight": 0.0, "car_lcSublane": 1.0, "car_sigma": 1.0, "car_tau_mean": 0.5, "car_tau_std": 10.0, "car_v_mean": 8.0, "car_v_std": 20.0}, "datetime": {"datetime": "2024-09-05 10:58:14", "elapsed": 549.919427, "delta": 1.909575}}
{"target": -0.7835164175130588, "params": {"bus_acc": 4.0, "bus_dcc": 0.2, "bus_lcAssertive": 84.2436, "bus_lcCooperative": 0.0, "bus_lcLookaheadLeft": 83.6246, "bus_lcPushy": 0.0, "bus_lcSigma": 1.0, "bus_lcSpeedGainRight": 0.0, "bus_lcSublane": 1.0, "bus_sigma": 0.0, "bus_tau_mean": 4.0, "bus_tau_std": 0.0, "bus_v_mean": 8.0, "bus_v_std": 19.1401, "car_acc": 0.729, "car_dcc": 4.0, "car_lcAssertive": 100.0, "car_lcCooperative": 0.0, "car_lcLookaheadLeft": 47.9566, "car_lcPushy": 0.0, "car_lcSigma": 1.0, "car_lcSpeedGainRight": 0.0, "car_lcSublane": 1.0, "car_sigma": 1.0, "car_tau_mean": 0.5, "car_tau_std": 0.0, "car_v_mean": 26.0, "car_v_std": 20.0}, "datetime": {"datetime": "2024-09-05 10:58:34", "elapsed": 569.973539, "delta": 20.054112}}
