{"target": -0.4161337806882834, "params": {"bus_acc": 0.7163, "bus_dcc": 2.6765, "bus_lcAssertive": 25.6091, "bus_lcCooperative": 0.4588, "bus_lcLookaheadLeft": 11.5903, "bus_lcPushy": 0.8353, "bus_lcSigma": 0.1495, "bus_lcSpeedGainRight": 4.0505, "bus_lcSublane": 0.054, "bus_sigma": 0.9405, "bus_tau_mean": 3.7896, "bus_tau_std": 0.84, "bus_v_mean": 17.5856, "bus_v_std": 15.2508, "car_acc": 3.2728, "car_dcc": 1.1005, "car_lcAssertive": 24.0336, "car_lcCooperative": 0.1134, "car_lcLookaheadLeft": 19.998, "car_lcPushy": 0.1453, "car_lcSigma": 0.8659, "car_lcSpeedGainRight": 0.7241, "car_lcSublane": 0.3375, "car_sigma": 0.243, "car_tau_mean": 2.3064, "car_tau_std": 7.3685, "car_v_mean": 13.8765, "car_v_std": 5.35}, "datetime": {"datetime": "2024-08-11 18:26:31", "elapsed": 2662.401988, "delta": 2.741481}}
{"target": -0.38469875970985273, "params": {"bus_acc": 2.3179, "bus_dcc": 1.7049, "bus_lcAssertive": 53.2182, "bus_lcCooperative": 0.5628, "bus_lcLookaheadLeft": 5.7771, "bus_lcPushy": 0.3537, "bus_lcSigma": 0.0864, "bus_lcSpeedGainRight": 4.7765, "bus_lcSublane": 0.3003, "bus_sigma": 0.0124, "bus_tau_mean": 1.492, "bus_tau_std": 6.7176, "bus_v_mean": 9.5261, "bus_v_std": 10.3378, "car_acc": 2.3506, "car_dcc": 1.5067, "car_lcAssertive": 85.2555, "car_lcCooperative": 0.2104, "car_lcLookaheadLeft": 60.5142, "car_lcPushy": 0.7378, "car_lcSigma": 0.4607, "car_lcSpeedGainRight": 4.811, "car_lcSublane": 0.1335, "car_sigma": 0.1904, "car_tau_mean": 3.5997, "car_tau_std": 2.1996, "car_v_mean": 19.4305, "car_v_std": 17.0329}, "datetime": {"datetime": "2024-08-11 18:26:36", "elapsed": 2666.6349, "delta": 4.232912}}
{"target": -0.4781423220044309, "params": {"bus_acc": 1.6625, "bus_dcc": 1.0269, "bus_lcAssertive": 75.382, "bus_lcCooperative": 0.5497, "bus_lcLookaheadLeft": 99.7, "bus_lcPushy": 0.0057, "bus_lcSigma": 0.7998, "bus_lcSpeedGainRight": 4.2832, "bus_lcSublane": 0.5758, "bus_sigma": 0.289, "bus_tau_mean": 0.6128, "bus_tau_std": 4.9962, "bus_v_mean": 12.3752, "bus_v_std": 9.7059, "car_acc": 3.8038, "car_dcc": 0.3616, "car_lcAssertive": 48.6977, "car_lcCooperative": 0.1659, "car_lcLookaheadLeft": 81.8655, "car_lcPushy": 0.8606, "car_lcSigma": 0.4634, "car_lcSpeedGainRight": 2.8514, "car_lcSublane": 0.9065, "car_sigma": 0.8747, "car_tau_mean": 3.4755, "car_tau_std": 6.714, "car_v_mean": 22.2375, "car_v_std": 14.2176}, "datetime": {"datetime": "2024-08-11 18:26:39", "elapsed": 2670.486128, "delta": 3.851228}}
{"target": -0.45937908566380364, "params": {"bus_acc": 1.4686, "bus_dcc": 2.1402, "bus_lcAssertive": 62.6013, "bus_lcCooperative": 0.7496, "bus_lcLookaheadLeft": 3.9687, "bus_lcPushy": 0.2522, "bus_lcSigma": 0.8229, "bus_lcSpeedGainRight": 4.4141, "bus_lcSublane": 0.8307, "bus_sigma": 0.0474, "bus_tau_mean": 1.4431, "bus_tau_std": 5.3129, "bus_v_mean": 23.6208, "bus_v_std": 16.3407, "car_acc": 2.056, "car_dcc": 3.7761, "car_lcAssertive": 79.1513, "car_lcCooperative": 0.019, "car_lcLookaheadLeft": 14.3251, "car_lcPushy": 0.1477, "car_lcSigma": 0.7875, "car_lcSpeedGainRight": 1.3843, "car_lcSublane": 0.2639, "car_sigma": 0.9372, "car_tau_mean": 1.5124, "car_tau_std": 7.2012, "car_v_mean": 9.6057, "car_v_std": 17.4256}, "datetime": {"datetime": "2024-08-11 18:26:43", "elapsed": 2673.758242, "delta": 3.272114}}
{"target": -0.3984341619282807, "params": {"bus_acc": 1.0154, "bus_dcc": 2.3249, "bus_lcAssertive": 99.0811, "bus_lcCooperative": 0.5163, "bus_lcLookaheadLeft": 82.0921, "bus_lcPushy": 0.7908, "bus_lcSigma": 0.9271, "bus_lcSpeedGainRight": 4.676, "bus_lcSublane": 0.9289, "bus_sigma": 0.1464, "bus_tau_mean": 1.118, "bus_tau_std": 1.1751, "bus_v_mean": 9.8498, "bus_v_std": 4.1304, "car_acc": 3.2886, "car_dcc": 2.5618, "car_lcAssertive": 74.7463, "car_lcCooperative": 0.1335, "car_lcLookaheadLeft": 63.849, "car_lcPushy": 0.4833, "car_lcSigma": 0.9247, "car_lcSpeedGainRight": 0.6085, "car_lcSublane": 0.534, "car_sigma": 0.1051, "car_tau_mean": 2.535, "car_tau_std": 3.9793, "car_v_mean": 15.7936, "car_v_std": 12.3042}, "datetime": {"datetime": "2024-08-11 18:26:46", "elapsed": 2676.909937, "delta": 3.151695}}
{"target": -0.5487093752322573, "params": {"bus_acc": 3.8094, "bus_dcc": 2.031, "bus_lcAssertive": 18.6896, "bus_lcCooperative": 0.2551, "bus_lcLookaheadLeft": 97.2911, "bus_lcPushy": 0.1119, "bus_lcSigma": 0.2251, "bus_lcSpeedGainRight": 0.8611, "bus_lcSublane": 0.8142, "bus_sigma": 0.7134, "bus_tau_mean": 1.2565, "bus_tau_std": 2.1909, "bus_v_mean": 25.7618, "bus_v_std": 3.4272, "car_acc": 1.4202, "car_dcc": 3.3667, "car_lcAssertive": 89.4877, "car_lcCooperative": 0.4536, "car_lcLookaheadLeft": 30.5564, "car_lcPushy": 0.2816, "car_lcSigma": 0.0448, "car_lcSpeedGainRight": 2.2465, "car_lcSublane": 0.3898, "car_sigma": 0.4374, "car_tau_mean": 3.1672, "car_tau_std": 0.4428, "car_v_mean": 12.1963, "car_v_std": 3.3902}, "datetime": {"datetime": "2024-08-11 18:26:51", "elapsed": 2681.964155, "delta": 5.054218}}
{"target": -0.36421911661880313, "params": {"bus_acc": 2.9505, "bus_dcc": 3.1829, "bus_lcAssertive": 90.8343, "bus_lcCooperative": 0.1123, "bus_lcLookaheadLeft": 22.1908, "bus_lcPushy": 0.8773, "bus_lcSigma": 0.7784, "bus_lcSpeedGainRight": 4.2598, "bus_lcSublane": 0.9171, "bus_sigma": 0.4316, "bus_tau_mean": 2.3068, "bus_tau_std": 0.3375, "bus_v_mean": 13.8172, "bus_v_std": 2.1096, "car_acc": 1.4144, "car_dcc": 3.5483, "car_lcAssertive": 48.5966, "car_lcCooperative": 0.7983, "car_lcLookaheadLeft": 45.7806, "car_lcPushy": 0.4062, "car_lcSigma": 0.3006, "car_lcSpeedGainRight": 0.912, "car_lcSublane": 0.8271, "car_sigma": 0.5108, "car_tau_mean": 0.5914, "car_tau_std": 3.5465, "car_v_mean": 24.3186, "car_v_std": 14.6307}, "datetime": {"datetime": "2024-08-11 18:26:54", "elapsed": 2685.221347, "delta": 3.257192}}
{"target": -0.403403121348558, "params": {"bus_acc": 0.5914, "bus_dcc": 2.5023, "bus_lcAssertive": 52.6479, "bus_lcCooperative": 0.3973, "bus_lcLookaheadLeft": 99.3227, "bus_lcPushy": 0.0372, "bus_lcSigma": 0.7079, "bus_lcSpeedGainRight": 4.3402, "bus_lcSublane": 0.5929, "bus_sigma": 0.3465, "bus_tau_mean": 2.0845, "bus_tau_std": 7.7143, "bus_v_mean": 17.5853, "bus_v_std": 9.5303, "car_acc": 2.0898, "car_dcc": 1.3103, "car_lcAssertive": 69.6153, "car_lcCooperative": 0.4642, "car_lcLookaheadLeft": 94.6068, "car_lcPushy": 0.9919, "car_lcSigma": 0.0709, "car_lcSpeedGainRight": 3.7881, "car_lcSublane": 0.9383, "car_sigma": 0.0635, "car_tau_mean": 3.7954, "car_tau_std": 8.7496, "car_v_mean": 10.4168, "car_v_std": 9.4698}, "datetime": {"datetime": "2024-08-11 18:26:57", "elapsed": 2688.616358, "delta": 3.395011}}
{"target": -0.36236458258232956, "params": {"bus_acc": 0.6531, "bus_dcc": 3.7491, "bus_lcAssertive": 63.8285, "bus_lcCooperative": 0.3778, "bus_lcLookaheadLeft": 79.2524, "bus_lcPushy": 0.6765, "bus_lcSigma": 0.9994, "bus_lcSpeedGainRight": 0.6273, "bus_lcSublane": 0.2399, "bus_sigma": 0.3547, "bus_tau_mean": 3.7426, "bus_tau_std": 5.5936, "bus_v_mean": 12.6827, "bus_v_std": 16.3899, "car_acc": 3.3404, "car_dcc": 0.2601, "car_lcAssertive": 87.6639, "car_lcCooperative": 0.3769, "car_lcLookaheadLeft": 96.6471, "car_lcPushy": 0.8892, "car_lcSigma": 0.9115, "car_lcSpeedGainRight": 3.706, "car_lcSublane": 0.0408, "car_sigma": 0.8994, "car_tau_mean": 0.5172, "car_tau_std": 5.9404, "car_v_mean": 13.9026, "car_v_std": 13.7144}, "datetime": {"datetime": "2024-08-11 18:27:02", "elapsed": 2692.635124, "delta": 4.018766}}
{"target": -0.4023932673124826, "params": {"bus_acc": 2.4409, "bus_dcc": 0.8835, "bus_lcAssertive": 66.1852, "bus_lcCooperative": 0.606, "bus_lcLookaheadLeft": 58.1391, "bus_lcPushy": 0.8488, "bus_lcSigma": 0.4517, "bus_lcSpeedGainRight": 4.2258, "bus_lcSublane": 0.6134, "bus_sigma": 0.0757, "bus_tau_mean": 1.5277, "bus_tau_std": 0.1123, "bus_v_mean": 19.7015, "bus_v_std": 9.5475, "car_acc": 2.0171, "car_dcc": 1.9193, "car_lcAssertive": 79.8833, "car_lcCooperative": 0.0855, "car_lcLookaheadLeft": 11.3914, "car_lcPushy": 0.1443, "car_lcSigma": 0.1265, "car_lcSpeedGainRight": 2.6926, "car_lcSublane": 0.2659, "car_sigma": 0.1186, "car_tau_mean": 3.9549, "car_tau_std": 3.6246, "car_v_mean": 21.1067, "car_v_std": 12.2475}, "datetime": {"datetime": "2024-08-11 18:27:05", "elapsed": 2696.120825, "delta": 3.485701}}
{"target": -0.4003710703568331, "params": {"bus_acc": 2.8837, "bus_dcc": 3.3094, "bus_lcAssertive": 31.6787, "bus_lcCooperative": 0.8087, "bus_lcLookaheadLeft": 61.9682, "bus_lcPushy": 0.3795, "bus_lcSigma": 0.5922, "bus_lcSpeedGainRight": 3.7567, "bus_lcSublane": 0.7066, "bus_sigma": 0.7516, "bus_tau_mean": 3.7121, "bus_tau_std": 7.6568, "bus_v_mean": 15.4634, "bus_v_std": 18.2283, "car_acc": 3.8228, "car_dcc": 3.3602, "car_lcAssertive": 72.6256, "car_lcCooperative": 0.4416, "car_lcLookaheadLeft": 52.8034, "car_lcPushy": 0.4371, "car_lcSigma": 0.6182, "car_lcSpeedGainRight": 4.2346, "car_lcSublane": 0.7004, "car_sigma": 0.1092, "car_tau_mean": 0.9771, "car_tau_std": 5.534, "car_v_mean": 9.3523, "car_v_std": 4.7323}, "datetime": {"datetime": "2024-08-11 18:27:10", "elapsed": 2701.545402, "delta": 5.424577}}
{"target": -0.261827493550378, "params": {"bus_acc": 2.5532, "bus_dcc": 1.3589, "bus_lcAssertive": 46.4568, "bus_lcCooperative": 0.0409, "bus_lcLookaheadLeft": 28.4386, "bus_lcPushy": 0.7648, "bus_lcSigma": 0.8958, "bus_lcSpeedGainRight": 2.3137, "bus_lcSublane": 0.4696, "bus_sigma": 0.235, "bus_tau_mean": 2.8401, "bus_tau_std": 1.8149, "bus_v_mean": 13.6571, "bus_v_std": 6.7185, "car_acc": 0.3052, "car_dcc": 1.6573, "car_lcAssertive": 27.3189, "car_lcCooperative": 0.4295, "car_lcLookaheadLeft": 40.6208, "car_lcPushy": 0.1766, "car_lcSigma": 0.4414, "car_lcSpeedGainRight": 2.6764, "car_lcSublane": 0.4836, "car_sigma": 0.8696, "car_tau_mean": 3.9342, "car_tau_std": 6.8098, "car_v_mean": 17.4394, "car_v_std": 4.0557}, "datetime": {"datetime": "2024-08-11 18:27:14", "elapsed": 2704.78023, "delta": 3.234828}}
{"target": -0.37264600244576945, "params": {"bus_acc": 2.7623, "bus_dcc": 2.6857, "bus_lcAssertive": 25.0355, "bus_lcCooperative": 0.42, "bus_lcLookaheadLeft": 99.5967, "bus_lcPushy": 0.7626, "bus_lcSigma": 0.7765, "bus_lcSpeedGainRight": 1.3008, "bus_lcSublane": 0.1872, "bus_sigma": 0.8911, "bus_tau_mean": 1.5749, "bus_tau_std": 1.587, "bus_v_mean": 9.0242, "bus_v_std": 13.2819, "car_acc": 0.9668, "car_dcc": 3.927, "car_lcAssertive": 51.3027, "car_lcCooperative": 0.5847, "car_lcLookaheadLeft": 3.0345, "car_lcPushy": 0.1057, "car_lcSigma": 0.9729, "car_lcSpeedGainRight": 1.9244, "car_lcSublane": 0.0771, "car_sigma": 0.466, "car_tau_mean": 3.8723, "car_tau_std": 1.7383, "car_v_mean": 18.6178, "car_v_std": 10.557}, "datetime": {"datetime": "2024-08-11 18:27:20", "elapsed": 2710.67049, "delta": 5.89026}}
{"target": -0.29014282612202297, "params": {"bus_acc": 3.7405, "bus_dcc": 3.6166, "bus_lcAssertive": 85.012, "bus_lcCooperative": 0.1007, "bus_lcLookaheadLeft": 13.9261, "bus_lcPushy": 0.1248, "bus_lcSigma": 0.9481, "bus_lcSpeedGainRight": 3.718, "bus_lcSublane": 0.0634, "bus_sigma": 0.4474, "bus_tau_mean": 1.2103, "bus_tau_std": 0.2515, "bus_v_mean": 11.3153, "bus_v_std": 0.7709, "car_acc": 0.4256, "car_dcc": 2.3161, "car_lcAssertive": 54.5921, "car_lcCooperative": 0.4922, "car_lcLookaheadLeft": 91.59, "car_lcPushy": 0.5829, "car_lcSigma": 0.5184, "car_lcSpeedGainRight": 3.6705, "car_lcSublane": 0.2002, "car_sigma": 0.7988, "car_tau_mean": 3.5271, "car_tau_std": 7.1652, "car_v_mean": 12.049, "car_v_std": 16.294}, "datetime": {"datetime": "2024-08-11 18:27:23", "elapsed": 2714.010496, "delta": 3.340006}}
{"target": -0.36207784741533605, "params": {"bus_acc": 0.6853, "bus_dcc": 2.2987, "bus_lcAssertive": 95.8641, "bus_lcCooperative": 0.7736, "bus_lcLookaheadLeft": 71.4756, "bus_lcPushy": 0.733, "bus_lcSigma": 0.1597, "bus_lcSpeedGainRight": 2.2758, "bus_lcSublane": 0.0556, "bus_sigma": 0.006, "bus_tau_mean": 2.4003, "bus_tau_std": 8.7079, "bus_v_mean": 14.7928, "bus_v_std": 12.0424, "car_acc": 1.7583, "car_dcc": 2.7535, "car_lcAssertive": 58.1694, "car_lcCooperative": 0.7961, "car_lcLookaheadLeft": 18.4313, "car_lcPushy": 0.8377, "car_lcSigma": 0.1403, "car_lcSpeedGainRight": 2.5381, "car_lcSublane": 0.3469, "car_sigma": 0.8184, "car_tau_mean": 2.9228, "car_tau_std": 6.9559, "car_v_mean": 15.2805, "car_v_std": 9.2334}, "datetime": {"datetime": "2024-08-11 18:27:27", "elapsed": 2717.739954, "delta": 3.729458}}
{"target": -0.3754110859772675, "params": {"bus_acc": 3.4929, "bus_dcc": 1.1115, "bus_lcAssertive": 13.9469, "bus_lcCooperative": 0.936, "bus_lcLookaheadLeft": 58.3258, "bus_lcPushy": 0.3321, "bus_lcSigma": 0.8547, "bus_lcSpeedGainRight": 3.671, "bus_lcSublane": 0.6156, "bus_sigma": 0.6477, "bus_tau_mean": 3.0543, "bus_tau_std": 6.5635, "bus_v_mean": 15.6356, "bus_v_std": 10.5102, "car_acc": 3.4327, "car_dcc": 3.6461, "car_lcAssertive": 39.1183, "car_lcCooperative": 0.6147, "car_lcLookaheadLeft": 67.2125, "car_lcPushy": 0.594, "car_lcSigma": 0.4846, "car_lcSpeedGainRight": 2.5844, "car_lcSublane": 0.3901, "car_sigma": 0.1672, "car_tau_mean": 1.8327, "car_tau_std": 8.6796, "car_v_mean": 22.7962, "car_v_std": 19.1654}, "datetime": {"datetime": "2024-08-11 18:27:31", "elapsed": 2722.612164, "delta": 4.87221}}
{"target": -0.42663487110008375, "params": {"bus_acc": 0.9933, "bus_dcc": 0.7797, "bus_lcAssertive": 51.1292, "bus_lcCooperative": 0.4907, "bus_lcLookaheadLeft": 72.5585, "bus_lcPushy": 0.7511, "bus_lcSigma": 0.3878, "bus_lcSpeedGainRight": 0.733, "bus_lcSublane": 0.163, "bus_sigma": 0.2971, "bus_tau_mean": 1.0655, "bus_tau_std": 6.062, "bus_v_mean": 22.3716, "bus_v_std": 16.4653, "car_acc": 3.3824, "car_dcc": 2.0136, "car_lcAssertive": 89.0564, "car_lcCooperative": 0.9811, "car_lcLookaheadLeft": 87.6687, "car_lcPushy": 0.2971, "car_lcSigma": 0.6842, "car_lcSpeedGainRight": 4.1299, "car_lcSublane": 0.2774, "car_sigma": 0.6903, "car_tau_mean": 2.8857, "car_tau_std": 8.8064, "car_v_mean": 21.2524, "car_v_std": 12.3295}, "datetime": {"datetime": "2024-08-11 18:27:36", "elapsed": 2726.889826, "delta": 4.277662}}
{"target": -0.5376053579292598, "params": {"bus_acc": 0.8401, "bus_dcc": 0.4448, "bus_lcAssertive": 10.7304, "bus_lcCooperative": 0.8298, "bus_lcLookaheadLeft": 79.774, "bus_lcPushy": 0.3802, "bus_lcSigma": 0.4111, "bus_lcSpeedGainRight": 3.9434, "bus_lcSublane": 0.9284, "bus_sigma": 0.8748, "bus_tau_mean": 2.7637, "bus_tau_std": 1.9095, "bus_v_mean": 9.015, "bus_v_std": 2.4766, "car_acc": 3.2337, "car_dcc": 3.5783, "car_lcAssertive": 51.4271, "car_lcCooperative": 0.6632, "car_lcLookaheadLeft": 47.1663, "car_lcPushy": 0.8989, "car_lcSigma": 0.2045, "car_lcSpeedGainRight": 0.2393, "car_lcSublane": 0.922, "car_sigma": 0.4438, "car_tau_mean": 2.0685, "car_tau_std": 7.6954, "car_v_mean": 20.6137, "car_v_std": 0.9663}, "datetime": {"datetime": "2024-08-11 18:27:39", "elapsed": 2729.644856, "delta": 2.75503}}
{"target": -0.41985130468955206, "params": {"bus_acc": 2.1942, "bus_dcc": 3.1414, "bus_lcAssertive": 57.0973, "bus_lcCooperative": 0.8316, "bus_lcLookaheadLeft": 63.3075, "bus_lcPushy": 0.6607, "bus_lcSigma": 0.9135, "bus_lcSpeedGainRight": 2.8915, "bus_lcSublane": 0.0695, "bus_sigma": 0.3167, "bus_tau_mean": 0.7345, "bus_tau_std": 4.8209, "bus_v_mean": 16.8383, "bus_v_std": 13.024, "car_acc": 1.689, "car_dcc": 0.8648, "car_lcAssertive": 83.0704, "car_lcCooperative": 0.4835, "car_lcLookaheadLeft": 7.5211, "car_lcPushy": 0.2223, "car_lcSigma": 0.3826, "car_lcSpeedGainRight": 1.6627, "car_lcSublane": 0.0635, "car_sigma": 0.0326, "car_tau_mean": 3.4014, "car_tau_std": 3.5754, "car_v_mean": 14.1278, "car_v_std": 8.6102}, "datetime": {"datetime": "2024-08-11 18:27:42", "elapsed": 2732.966099, "delta": 3.321243}}
{"target": -0.37026276392996976, "params": {"bus_acc": 2.2852, "bus_dcc": 2.4764, "bus_lcAssertive": 97.4723, "bus_lcCooperative": 0.198, "bus_lcLookaheadLeft": 69.6364, "bus_lcPushy": 0.5826, "bus_lcSigma": 0.3754, "bus_lcSpeedGainRight": 2.8745, "bus_lcSublane": 0.4596, "bus_sigma": 0.1258, "bus_tau_mean": 3.2913, "bus_tau_std": 7.438, "bus_v_mean": 17.8261, "bus_v_std": 14.6733, "car_acc": 1.37, "car_dcc": 2.9558, "car_lcAssertive": 51.1939, "car_lcCooperative": 0.3261, "car_lcLookaheadLeft": 25.0526, "car_lcPushy": 0.1472, "car_lcSigma": 0.0077, "car_lcSpeedGainRight": 3.4008, "car_lcSublane": 0.2873, "car_sigma": 0.5546, "car_tau_mean": 1.9572, "car_tau_std": 1.0135, "car_v_mean": 12.5086, "car_v_std": 12.8445}, "datetime": {"datetime": "2024-08-11 18:27:47", "elapsed": 2737.681503, "delta": 4.715404}}
{"target": -0.4147534465481047, "params": {"bus_acc": 2.5191, "bus_dcc": 1.6737, "bus_lcAssertive": 62.2063, "bus_lcCooperative": 0.3399, "bus_lcLookaheadLeft": 80.1355, "bus_lcPushy": 0.7295, "bus_lcSigma": 0.9608, "bus_lcSpeedGainRight": 3.7923, "bus_lcSublane": 0.8903, "bus_sigma": 0.2633, "bus_tau_mean": 2.5434, "bus_tau_std": 0.0607, "bus_v_mean": 15.6601, "bus_v_std": 2.489, "car_acc": 1.5487, "car_dcc": 3.045, "car_lcAssertive": 53.1864, "car_lcCooperative": 0.6865, "car_lcLookaheadLeft": 88.5781, "car_lcPushy": 0.3229, "car_lcSigma": 0.4032, "car_lcSpeedGainRight": 4.0033, "car_lcSublane": 0.4641, "car_sigma": 0.2342, "car_tau_mean": 0.5068, "car_tau_std": 2.4708, "car_v_mean": 17.3756, "car_v_std": 11.9149}, "datetime": {"datetime": "2024-08-11 18:27:50", "elapsed": 2740.750823, "delta": 3.06932}}
{"target": -0.5826118769556027, "params": {"bus_acc": 1.5715, "bus_dcc": 0.566, "bus_lcAssertive": 96.222, "bus_lcCooperative": 0.1982, "bus_lcLookaheadLeft": 43.8557, "bus_lcPushy": 0.1751, "bus_lcSigma": 0.5123, "bus_lcSpeedGainRight": 0.037, "bus_lcSublane": 0.1863, "bus_sigma": 0.0203, "bus_tau_mean": 1.9051, "bus_tau_std": 7.6041, "bus_v_mean": 25.8219, "bus_v_std": 5.7372, "car_acc": 3.5797, "car_dcc": 2.2366, "car_lcAssertive": 45.6509, "car_lcCooperative": 0.8697, "car_lcLookaheadLeft": 83.4337, "car_lcPushy": 0.3396, "car_lcSigma": 0.6396, "car_lcSpeedGainRight": 2.5816, "car_lcSublane": 0.4976, "car_sigma": 0.5373, "car_tau_mean": 2.8632, "car_tau_std": 2.3072, "car_v_mean": 11.3286, "car_v_std": 3.0262}, "datetime": {"datetime": "2024-08-11 18:27:54", "elapsed": 2744.713098, "delta": 3.962275}}
{"target": -0.4105112826081421, "params": {"bus_acc": 3.6454, "bus_dcc": 3.7142, "bus_lcAssertive": 9.8768, "bus_lcCooperative": 0.7469, "bus_lcLookaheadLeft": 54.2022, "bus_lcPushy": 0.3341, "bus_lcSigma": 0.936, "bus_lcSpeedGainRight": 3.6817, "bus_lcSublane": 0.3471, "bus_sigma": 0.5374, "bus_tau_mean": 0.8836, "bus_tau_std": 9.5117, "bus_v_mean": 15.1532, "bus_v_std": 5.0795, "car_acc": 1.5656, "car_dcc": 3.1381, "car_lcAssertive": 37.7028, "car_lcCooperative": 0.2329, "car_lcLookaheadLeft": 93.5326, "car_lcPushy": 0.9288, "car_lcSigma": 0.0684, "car_lcSpeedGainRight": 4.9015, "car_lcSublane": 0.3833, "car_sigma": 0.593, "car_tau_mean": 1.7074, "car_tau_std": 9.526, "car_v_mean": 14.4492, "car_v_std": 11.4564}, "datetime": {"datetime": "2024-08-11 18:27:58", "elapsed": 2748.891414, "delta": 4.178316}}
{"target": -0.3145221749167718, "params": {"bus_acc": 1.6513, "bus_dcc": 3.4909, "bus_lcAssertive": 43.269, "bus_lcCooperative": 0.6764, "bus_lcLookaheadLeft": 29.3071, "bus_lcPushy": 0.6705, "bus_lcSigma": 0.1724, "bus_lcSpeedGainRight": 4.3503, "bus_lcSublane": 0.7227, "bus_sigma": 0.7677, "bus_tau_mean": 2.3763, "bus_tau_std": 6.3092, "bus_v_mean": 23.6721, "bus_v_std": 4.5899, "car_acc": 2.0673, "car_dcc": 0.7003, "car_lcAssertive": 51.9799, "car_lcCooperative": 0.1235, "car_lcLookaheadLeft": 6.4003, "car_lcPushy": 0.1277, "car_lcSigma": 0.0271, "car_lcSpeedGainRight": 0.333, "car_lcSublane": 0.214, "car_sigma": 0.9566, "car_tau_mean": 3.615, "car_tau_std": 1.4891, "car_v_mean": 22.5953, "car_v_std": 7.2727}, "datetime": {"datetime": "2024-08-11 18:28:02", "elapsed": 2752.672058, "delta": 3.780644}}
{"target": -0.30865884444040304, "params": {"bus_acc": 3.0566, "bus_dcc": 2.9292, "bus_lcAssertive": 16.077, "bus_lcCooperative": 0.577, "bus_lcLookaheadLeft": 43.8455, "bus_lcPushy": 0.2492, "bus_lcSigma": 0.1408, "bus_lcSpeedGainRight": 3.2246, "bus_lcSublane": 0.7099, "bus_sigma": 0.6708, "bus_tau_mean": 3.9556, "bus_tau_std": 2.4655, "bus_v_mean": 23.1227, "bus_v_std": 1.0961, "car_acc": 2.1683, "car_dcc": 1.1191, "car_lcAssertive": 27.7714, "car_lcCooperative": 0.252, "car_lcLookaheadLeft": 96.2219, "car_lcPushy": 0.6111, "car_lcSigma": 0.4392, "car_lcSpeedGainRight": 3.476, "car_lcSublane": 0.5139, "car_sigma": 0.4992, "car_tau_mean": 1.2925, "car_tau_std": 2.1137, "car_v_mean": 14.0587, "car_v_std": 14.9222}, "datetime": {"datetime": "2024-08-11 18:28:04", "elapsed": 2755.492405, "delta": 2.820347}}
{"target": -0.13197910768765597, "params": {"bus_acc": 0.7276, "bus_dcc": 0.6663, "bus_lcAssertive": 14.1558, "bus_lcCooperative": 0.1346, "bus_lcLookaheadLeft": 28.1198, "bus_lcPushy": 0.5741, "bus_lcSigma": 0.1152, "bus_lcSpeedGainRight": 2.055, "bus_lcSublane": 0.2088, "bus_sigma": 0.262, "bus_tau_mean": 1.4259, "bus_tau_std": 4.1358, "bus_v_mean": 21.0013, "bus_v_std": 8.9242, "car_acc": 0.224, "car_dcc": 3.9591, "car_lcAssertive": 28.7177, "car_lcCooperative": 0.5126, "car_lcLookaheadLeft": 16.6161, "car_lcPushy": 0.1829, "car_lcSigma": 0.2794, "car_lcSpeedGainRight": 1.9465, "car_lcSublane": 0.6752, "car_sigma": 0.1422, "car_tau_mean": 3.1062, "car_tau_std": 4.674, "car_v_mean": 23.0612, "car_v_std": 4.0626}, "datetime": {"datetime": "2024-08-11 18:28:09", "elapsed": 2759.673627, "delta": 4.181222}}
