{"target": -0.19265569201054536, "params": {"bus_acc": 1.9463, "bus_dcc": 2.7827, "bus_lcAssertive": 84.5092, "bus_lcCooperative": 0.6145, "bus_lcLookaheadLeft": 12.5533, "bus_lcPushy": 0.2327, "bus_lcSigma": 0.4671, "bus_lcSpeedGainRight": 0.4244, "bus_lcSublane": 0.0129, "bus_sigma": 0.6805, "bus_tau_mean": 2.9892, "bus_tau_std": 5.2689, "bus_v_mean": 13.3731, "bus_v_std": 13.0122, "car_acc": 3.2162, "car_dcc": 3.6234, "car_lcAssertive": 31.6139, "car_lcCooperative": 0.1806, "car_lcLookaheadLeft": 36.5731, "car_lcPushy": 0.4389, "car_lcSigma": 0.1602, "car_lcSpeedGainRight": 4.738, "car_lcSublane": 0.1252, "car_sigma": 0.4917, "car_tau_mean": 2.6848, "car_tau_std": 1.4512, "car_v_mean": 8.11, "car_v_std": 17.6293}, "datetime": {"datetime": "2024-09-05 14:19:16", "elapsed": 12612.332251, "delta": 14.251457}}
{"target": -0.1729253913238293, "params": {"bus_acc": 1.475, "bus_dcc": 3.4476, "bus_lcAssertive": 94.2972, "bus_lcCooperative": 0.8743, "bus_lcLookaheadLeft": 35.7514, "bus_lcPushy": 0.7982, "bus_lcSigma": 0.3719, "bus_lcSpeedGainRight": 4.6999, "bus_lcSublane": 0.8147, "bus_sigma": 0.5304, "bus_tau_mean": 0.5605, "bus_tau_std": 6.8091, "bus_v_mean": 17.8178, "bus_v_std": 15.261, "car_acc": 1.9616, "car_dcc": 2.4279, "car_lcAssertive": 92.9221, "car_lcCooperative": 0.5405, "car_lcLookaheadLeft": 53.6261, "car_lcPushy": 0.8222, "car_lcSigma": 0.3795, "car_lcSpeedGainRight": 0.5008, "car_lcSublane": 0.585, "car_sigma": 0.7632, "car_tau_mean": 1.778, "car_tau_std": 1.822, "car_v_mean": 19.8484, "car_v_std": 2.9678}, "datetime": {"datetime": "2024-09-05 14:19:30", "elapsed": 12625.809246, "delta": 13.476995}}
{"target": -0.20921747051022876, "params": {"bus_acc": 0.9595, "bus_dcc": 0.3663, "bus_lcAssertive": 53.2225, "bus_lcCooperative": 0.1191, "bus_lcLookaheadLeft": 84.9855, "bus_lcPushy": 0.099, "bus_lcSigma": 0.938, "bus_lcSpeedGainRight": 1.718, "bus_lcSublane": 0.6822, "bus_sigma": 0.8379, "bus_tau_mean": 1.2809, "bus_tau_std": 9.4344, "bus_v_mean": 10.7452, "bus_v_std": 0.5277, "car_acc": 2.9213, "car_dcc": 2.2145, "car_lcAssertive": 11.5595, "car_lcCooperative": 0.4233, "car_lcLookaheadLeft": 99.2117, "car_lcPushy": 0.0146, "car_lcSigma": 0.7961, "car_lcSpeedGainRight": 3.5711, "car_lcSublane": 0.764, "car_sigma": 0.1102, "car_tau_mean": 1.566, "car_tau_std": 1.8397, "car_v_mean": 13.1446, "car_v_std": 1.0872}, "datetime": {"datetime": "2024-09-05 14:19:57", "elapsed": 12653.448478, "delta": 27.639232}}
{"target": -0.1759891861962909, "params": {"bus_acc": 3.6889, "bus_dcc": 1.744, "bus_lcAssertive": 16.8434, "bus_lcCooperative": 0.5158, "bus_lcLookaheadLeft": 44.0223, "bus_lcPushy": 0.8926, "bus_lcSigma": 0.9563, "bus_lcSpeedGainRight": 4.022, "bus_lcSublane": 0.3072, "bus_sigma": 0.9007, "bus_tau_mean": 0.6846, "bus_tau_std": 2.6456, "bus_v_mean": 20.1234, "bus_v_std": 10.5782, "car_acc": 2.0884, "car_dcc": 2.6363, "car_lcAssertive": 72.6905, "car_lcCooperative": 0.2582, "car_lcLookaheadLeft": 52.1143, "car_lcPushy": 0.6272, "car_lcSigma": 0.5632, "car_lcSpeedGainRight": 3.3842, "car_lcSublane": 0.2448, "car_sigma": 0.0252, "car_tau_mean": 2.932, "car_tau_std": 1.9521, "car_v_mean": 20.0941, "car_v_std": 14.7403}, "datetime": {"datetime": "2024-09-05 14:20:14", "elapsed": 12669.821314, "delta": 16.372836}}
{"target": -0.17297346985737336, "params": {"bus_acc": 1.9483, "bus_dcc": 3.2071, "bus_lcAssertive": 61.3121, "bus_lcCooperative": 0.7848, "bus_lcLookaheadLeft": 41.5377, "bus_lcPushy": 0.0221, "bus_lcSigma": 0.3376, "bus_lcSpeedGainRight": 1.9166, "bus_lcSublane": 0.2719, "bus_sigma": 0.6773, "bus_tau_mean": 1.1658, "bus_tau_std": 9.0834, "bus_v_mean": 19.066, "bus_v_std": 6.4641, "car_acc": 0.3905, "car_dcc": 3.8986, "car_lcAssertive": 22.6898, "car_lcCooperative": 0.82, "car_lcLookaheadLeft": 47.2486, "car_lcPushy": 0.0094, "car_lcSigma": 0.8051, "car_lcSpeedGainRight": 3.7013, "car_lcSublane": 0.9116, "car_sigma": 0.673, "car_tau_mean": 3.847, "car_tau_std": 8.5623, "car_v_mean": 11.0287, "car_v_std": 16.0722}, "datetime": {"datetime": "2024-09-05 14:20:31", "elapsed": 12686.681045, "delta": 16.859731}}
{"target": -0.7261129843904149, "params": {"bus_acc": 1.4824, "bus_dcc": 1.8982, "bus_lcAssertive": 1.5103, "bus_lcCooperative": 0.0383, "bus_lcLookaheadLeft": 54.3633, "bus_lcPushy": 0.1847, "bus_lcSigma": 0.4446, "bus_lcSpeedGainRight": 0.2391, "bus_lcSublane": 0.2332, "bus_sigma": 0.483, "bus_tau_mean": 0.5822, "bus_tau_std": 2.1388, "bus_v_mean": 23.5482, "bus_v_std": 15.9405, "car_acc": 2.7442, "car_dcc": 0.3289, "car_lcAssertive": 62.0503, "car_lcCooperative": 0.7656, "car_lcLookaheadLeft": 33.0336, "car_lcPushy": 0.8113, "car_lcSigma": 0.9789, "car_lcSpeedGainRight": 0.3762, "car_lcSublane": 0.8948, "car_sigma": 0.5603, "car_tau_mean": 1.0657, "car_tau_std": 2.1188, "car_v_mean": 11.1277, "car_v_std": 11.8123}, "datetime": {"datetime": "2024-09-05 14:20:44", "elapsed": 12700.37972, "delta": 13.698675}}
{"target": -0.1798691434646085, "params": {"bus_acc": 1.2899, "bus_dcc": 3.6196, "bus_lcAssertive": 99.9657, "bus_lcCooperative": 0.4921, "bus_lcLookaheadLeft": 39.9547, "bus_lcPushy": 0.2613, "bus_lcSigma": 0.9625, "bus_lcSpeedGainRight": 3.885, "bus_lcSublane": 0.3198, "bus_sigma": 0.4756, "bus_tau_mean": 2.8657, "bus_tau_std": 7.9043, "bus_v_mean": 17.9547, "bus_v_std": 14.3896, "car_acc": 2.8415, "car_dcc": 3.1784, "car_lcAssertive": 87.2906, "car_lcCooperative": 0.3674, "car_lcLookaheadLeft": 69.1305, "car_lcPushy": 0.5533, "car_lcSigma": 0.6524, "car_lcSpeedGainRight": 1.8687, "car_lcSublane": 0.8538, "car_sigma": 0.5025, "car_tau_mean": 2.8067, "car_tau_std": 0.3604, "car_v_mean": 8.5841, "car_v_std": 15.4117}, "datetime": {"datetime": "2024-09-05 14:21:00", "elapsed": 12715.941502, "delta": 15.561782}}
{"target": -0.2063431589016115, "params": {"bus_acc": 0.7468, "bus_dcc": 2.2051, "bus_lcAssertive": 42.9902, "bus_lcCooperative": 0.3949, "bus_lcLookaheadLeft": 79.4344, "bus_lcPushy": 0.824, "bus_lcSigma": 0.16, "bus_lcSpeedGainRight": 2.6569, "bus_lcSublane": 0.8127, "bus_sigma": 0.1177, "bus_tau_mean": 3.8287, "bus_tau_std": 7.397, "bus_v_mean": 13.1045, "bus_v_std": 7.3626, "car_acc": 3.1002, "car_dcc": 2.021, "car_lcAssertive": 69.0675, "car_lcCooperative": 0.2435, "car_lcLookaheadLeft": 95.8075, "car_lcPushy": 0.4312, "car_lcSigma": 0.0035, "car_lcSpeedGainRight": 2.6302, "car_lcSublane": 0.9156, "car_sigma": 0.9667, "car_tau_mean": 1.0851, "car_tau_std": 4.7303, "car_v_mean": 25.4903, "car_v_std": 8.1819}, "datetime": {"datetime": "2024-09-05 14:21:13", "elapsed": 12728.86968, "delta": 12.928178}}
{"target": -0.28028449263726346, "params": {"bus_acc": 2.7992, "bus_dcc": 0.5673, "bus_lcAssertive": 18.1889, "bus_lcCooperative": 0.0971, "bus_lcLookaheadLeft": 90.0061, "bus_lcPushy": 0.0865, "bus_lcSigma": 0.7779, "bus_lcSpeedGainRight": 1.2333, "bus_lcSublane": 0.5271, "bus_sigma": 0.3277, "bus_tau_mean": 0.7698, "bus_tau_std": 5.3407, "bus_v_mean": 25.0521, "bus_v_std": 15.3444, "car_acc": 2.7954, "car_dcc": 2.2596, "car_lcAssertive": 90.2276, "car_lcCooperative": 0.3047, "car_lcLookaheadLeft": 34.2271, "car_lcPushy": 0.9192, "car_lcSigma": 0.7753, "car_lcSpeedGainRight": 1.2498, "car_lcSublane": 0.1833, "car_sigma": 0.3927, "car_tau_mean": 3.5514, "car_tau_std": 7.1375, "car_v_mean": 8.3252, "car_v_std": 1.9171}, "datetime": {"datetime": "2024-09-05 14:21:25", "elapsed": 12740.683613, "delta": 11.813933}}
{"target": -0.16831609599879407, "params": {"bus_acc": 2.9555, "bus_dcc": 2.8411, "bus_lcAssertive": 72.1613, "bus_lcCooperative": 0.5891, "bus_lcLookaheadLeft": 20.6885, "bus_lcPushy": 0.6985, "bus_lcSigma": 0.9372, "bus_lcSpeedGainRight": 0.0814, "bus_lcSublane": 0.751, "bus_sigma": 0.6524, "bus_tau_mean": 3.0983, "bus_tau_std": 6.5777, "bus_v_mean": 12.5696, "bus_v_std": 4.6224, "car_acc": 3.3799, "car_dcc": 3.7078, "car_lcAssertive": 21.7478, "car_lcCooperative": 0.7796, "car_lcLookaheadLeft": 45.9786, "car_lcPushy": 0.381, "car_lcSigma": 0.7302, "car_lcSpeedGainRight": 4.5865, "car_lcSublane": 0.1459, "car_sigma": 0.0933, "car_tau_mean": 1.9133, "car_tau_std": 6.7199, "car_v_mean": 16.8361, "car_v_std": 2.8445}, "datetime": {"datetime": "2024-09-05 14:21:55", "elapsed": 12771.31798, "delta": 30.634367}}
{"target": -0.23278273499348376, "params": {"bus_acc": 1.3689, "bus_dcc": 0.8955, "bus_lcAssertive": 74.2192, "bus_lcCooperative": 0.7394, "bus_lcLookaheadLeft": 63.5442, "bus_lcPushy": 0.833, "bus_lcSigma": 0.2756, "bus_lcSpeedGainRight": 4.3277, "bus_lcSublane": 0.6287, "bus_sigma": 0.2852, "bus_tau_mean": 0.9711, "bus_tau_std": 7.5088, "bus_v_mean": 14.5679, "bus_v_std": 2.588, "car_acc": 0.8464, "car_dcc": 3.8171, "car_lcAssertive": 40.652, "car_lcCooperative": 0.9588, "car_lcLookaheadLeft": 65.8439, "car_lcPushy": 0.2633, "car_lcSigma": 0.7467, "car_lcSpeedGainRight": 2.9702, "car_lcSublane": 0.4777, "car_sigma": 0.8489, "car_tau_mean": 3.686, "car_tau_std": 1.3515, "car_v_mean": 24.6268, "car_v_std": 8.7319}, "datetime": {"datetime": "2024-09-05 14:22:22", "elapsed": 12798.411849, "delta": 27.093869}}
{"target": -0.24150788470401988, "params": {"bus_acc": 0.4413, "bus_dcc": 2.8463, "bus_lcAssertive": 40.9185, "bus_lcCooperative": 0.6914, "bus_lcLookaheadLeft": 20.5495, "bus_lcPushy": 0.4982, "bus_lcSigma": 0.5749, "bus_lcSpeedGainRight": 4.297, "bus_lcSublane": 0.2734, "bus_sigma": 0.462, "bus_tau_mean": 0.7586, "bus_tau_std": 7.1184, "bus_v_mean": 14.943, "bus_v_std": 6.2803, "car_acc": 1.5526, "car_dcc": 3.7784, "car_lcAssertive": 86.8981, "car_lcCooperative": 0.9342, "car_lcLookaheadLeft": 48.2685, "car_lcPushy": 0.6244, "car_lcSigma": 0.3605, "car_lcSpeedGainRight": 0.4337, "car_lcSublane": 0.654, "car_sigma": 0.1113, "car_tau_mean": 2.2995, "car_tau_std": 0.4222, "car_v_mean": 19.4458, "car_v_std": 18.939}, "datetime": {"datetime": "2024-09-05 14:22:41", "elapsed": 12816.908494, "delta": 18.496645}}
{"target": -0.48286781812002316, "params": {"bus_acc": 3.266, "bus_dcc": 3.1242, "bus_lcAssertive": 16.307, "bus_lcCooperative": 0.2153, "bus_lcLookaheadLeft": 84.923, "bus_lcPushy": 0.7174, "bus_lcSigma": 0.5167, "bus_lcSpeedGainRight": 0.8598, "bus_lcSublane": 0.2151, "bus_sigma": 0.1351, "bus_tau_mean": 1.9822, "bus_tau_std": 7.9468, "bus_v_mean": 17.6357, "bus_v_std": 19.7806, "car_acc": 3.1229, "car_dcc": 2.7475, "car_lcAssertive": 6.7394, "car_lcCooperative": 0.947, "car_lcLookaheadLeft": 10.0777, "car_lcPushy": 0.1299, "car_lcSigma": 0.6556, "car_lcSpeedGainRight": 2.1036, "car_lcSublane": 0.3197, "car_sigma": 0.347, "car_tau_mean": 3.0041, "car_tau_std": 7.1619, "car_v_mean": 8.2073, "car_v_std": 6.742}, "datetime": {"datetime": "2024-09-05 14:22:56", "elapsed": 12831.630773, "delta": 14.722279}}
{"target": -0.3543794485171324, "params": {"bus_acc": 2.7052, "bus_dcc": 2.0292, "bus_lcAssertive": 32.5911, "bus_lcCooperative": 0.9317, "bus_lcLookaheadLeft": 86.0078, "bus_lcPushy": 0.8424, "bus_lcSigma": 0.6512, "bus_lcSpeedGainRight": 0.562, "bus_lcSublane": 0.1564, "bus_sigma": 0.4753, "bus_tau_mean": 2.6606, "bus_tau_std": 2.5656, "bus_v_mean": 20.4336, "bus_v_std": 4.8147, "car_acc": 2.8405, "car_dcc": 0.6419, "car_lcAssertive": 39.7918, "car_lcCooperative": 0.6142, "car_lcLookaheadLeft": 26.1499, "car_lcPushy": 0.4673, "car_lcSigma": 0.1201, "car_lcSpeedGainRight": 2.3347, "car_lcSublane": 0.0599, "car_sigma": 0.1715, "car_tau_mean": 3.8107, "car_tau_std": 0.0402, "car_v_mean": 23.1085, "car_v_std": 4.5297}, "datetime": {"datetime": "2024-09-05 14:23:09", "elapsed": 12845.402187, "delta": 13.771414}}
{"target": -0.19958221376550347, "params": {"bus_acc": 3.1581, "bus_dcc": 0.8861, "bus_lcAssertive": 15.1087, "bus_lcCooperative": 0.4002, "bus_lcLookaheadLeft": 65.8797, "bus_lcPushy": 0.4252, "bus_lcSigma": 0.8875, "bus_lcSpeedGainRight": 0.5563, "bus_lcSublane": 0.0221, "bus_sigma": 0.7058, "bus_tau_mean": 2.4844, "bus_tau_std": 5.0687, "bus_v_mean": 21.2574, "bus_v_std": 13.292, "car_acc": 2.3113, "car_dcc": 3.0339, "car_lcAssertive": 40.8712, "car_lcCooperative": 0.244, "car_lcLookaheadLeft": 51.8815, "car_lcPushy": 0.7753, "car_lcSigma": 0.1405, "car_lcSpeedGainRight": 3.7437, "car_lcSublane": 0.6886, "car_sigma": 0.2577, "car_tau_mean": 1.182, "car_tau_std": 1.5673, "car_v_mean": 15.3343, "car_v_std": 14.9156}, "datetime": {"datetime": "2024-09-05 14:23:24", "elapsed": 12859.899895, "delta": 14.497708}}
{"target": -0.668261744309417, "params": {"bus_acc": 2.7954, "bus_dcc": 1.1015, "bus_lcAssertive": 62.3967, "bus_lcCooperative": 0.2185, "bus_lcLookaheadLeft": 17.4163, "bus_lcPushy": 0.6955, "bus_lcSigma": 0.9839, "bus_lcSpeedGainRight": 0.4446, "bus_lcSublane": 0.5537, "bus_sigma": 0.2197, "bus_tau_mean": 2.7332, "bus_tau_std": 3.8629, "bus_v_mean": 12.0699, "bus_v_std": 15.8721, "car_acc": 2.0705, "car_dcc": 0.562, "car_lcAssertive": 88.7693, "car_lcCooperative": 0.6096, "car_lcLookaheadLeft": 22.3344, "car_lcPushy": 0.7679, "car_lcSigma": 0.9539, "car_lcSpeedGainRight": 4.715, "car_lcSublane": 0.0969, "car_sigma": 0.5301, "car_tau_mean": 0.8593, "car_tau_std": 2.5268, "car_v_mean": 8.8144, "car_v_std": 11.7129}, "datetime": {"datetime": "2024-09-05 14:23:54", "elapsed": 12889.950209, "delta": 30.050314}}
{"target": -0.16850652410660424, "params": {"bus_acc": 2.2589, "bus_dcc": 3.5184, "bus_lcAssertive": 30.5601, "bus_lcCooperative": 0.7157, "bus_lcLookaheadLeft": 78.5012, "bus_lcPushy": 0.9308, "bus_lcSigma": 0.1401, "bus_lcSpeedGainRight": 4.5343, "bus_lcSublane": 0.2801, "bus_sigma": 0.2617, "bus_tau_mean": 3.5699, "bus_tau_std": 9.4147, "bus_v_mean": 10.1676, "bus_v_std": 2.8036, "car_acc": 2.2388, "car_dcc": 3.0176, "car_lcAssertive": 52.102, "car_lcCooperative": 0.1286, "car_lcLookaheadLeft": 81.6761, "car_lcPushy": 0.6654, "car_lcSigma": 0.0144, "car_lcSpeedGainRight": 4.0611, "car_lcSublane": 0.2702, "car_sigma": 0.6204, "car_tau_mean": 2.8329, "car_tau_std": 1.4517, "car_v_mean": 13.0901, "car_v_std": 2.9166}, "datetime": {"datetime": "2024-09-05 14:24:06", "elapsed": 12901.488542, "delta": 11.538333}}
{"target": -0.24495100289972824, "params": {"bus_acc": 2.6169, "bus_dcc": 1.0124, "bus_lcAssertive": 87.0434, "bus_lcCooperative": 0.8856, "bus_lcLookaheadLeft": 56.1699, "bus_lcPushy": 0.6033, "bus_lcSigma": 0.0916, "bus_lcSpeedGainRight": 2.7418, "bus_lcSublane": 0.1799, "bus_sigma": 0.7762, "bus_tau_mean": 1.3819, "bus_tau_std": 1.2793, "bus_v_mean": 16.5576, "bus_v_std": 16.2201, "car_acc": 2.4501, "car_dcc": 1.3204, "car_lcAssertive": 64.9255, "car_lcCooperative": 0.4043, "car_lcLookaheadLeft": 34.7702, "car_lcPushy": 0.174, "car_lcSigma": 0.6928, "car_lcSpeedGainRight": 1.3418, "car_lcSublane": 0.5984, "car_sigma": 0.012, "car_tau_mean": 1.1481, "car_tau_std": 2.3806, "car_v_mean": 12.3091, "car_v_std": 19.7881}, "datetime": {"datetime": "2024-09-05 14:24:19", "elapsed": 12915.029854, "delta": 13.541312}}
{"target": -0.18311208149020033, "params": {"bus_acc": 2.4239, "bus_dcc": 2.829, "bus_lcAssertive": 56.0619, "bus_lcCooperative": 0.0457, "bus_lcLookaheadLeft": 62.0556, "bus_lcPushy": 0.7739, "bus_lcSigma": 0.3734, "bus_lcSpeedGainRight": 2.8995, "bus_lcSublane": 0.9389, "bus_sigma": 0.2638, "bus_tau_mean": 1.7327, "bus_tau_std": 6.5274, "bus_v_mean": 12.0507, "bus_v_std": 3.203, "car_acc": 2.1009, "car_dcc": 2.438, "car_lcAssertive": 42.0633, "car_lcCooperative": 0.135, "car_lcLookaheadLeft": 98.573, "car_lcPushy": 0.2557, "car_lcSigma": 0.1797, "car_lcSpeedGainRight": 4.8266, "car_lcSublane": 0.9554, "car_sigma": 0.859, "car_tau_mean": 3.8386, "car_tau_std": 0.0006, "car_v_mean": 9.7206, "car_v_std": 3.1733}, "datetime": {"datetime": "2024-09-05 14:24:46", "elapsed": 12941.477422, "delta": 26.447568}}
{"target": -0.1978275306729571, "params": {"bus_acc": 2.3829, "bus_dcc": 0.3922, "bus_lcAssertive": 43.1648, "bus_lcCooperative": 0.1013, "bus_lcLookaheadLeft": 19.5266, "bus_lcPushy": 0.2766, "bus_lcSigma": 0.0218, "bus_lcSpeedGainRight": 1.0791, "bus_lcSublane": 0.4896, "bus_sigma": 0.7121, "bus_tau_mean": 3.5255, "bus_tau_std": 8.095, "bus_v_mean": 19.7521, "bus_v_std": 19.1775, "car_acc": 1.1467, "car_dcc": 3.5669, "car_lcAssertive": 56.8186, "car_lcCooperative": 0.296, "car_lcLookaheadLeft": 15.4702, "car_lcPushy": 0.5883, "car_lcSigma": 0.6845, "car_lcSpeedGainRight": 4.0479, "car_lcSublane": 0.0631, "car_sigma": 0.2658, "car_tau_mean": 1.2712, "car_tau_std": 6.1102, "car_v_mean": 11.8614, "car_v_std": 17.8059}, "datetime": {"datetime": "2024-09-05 14:25:05", "elapsed": 12961.418456, "delta": 19.941034}}
{"target": -0.38732476638604574, "params": {"bus_acc": 2.8111, "bus_dcc": 2.8826, "bus_lcAssertive": 32.9205, "bus_lcCooperative": 0.5414, "bus_lcLookaheadLeft": 45.6948, "bus_lcPushy": 0.9714, "bus_lcSigma": 0.3245, "bus_lcSpeedGainRight": 3.5195, "bus_lcSublane": 0.0508, "bus_sigma": 0.0636, "bus_tau_mean": 2.4112, "bus_tau_std": 4.3364, "bus_v_mean": 19.3395, "bus_v_std": 12.1149, "car_acc": 2.7639, "car_dcc": 2.3543, "car_lcAssertive": 7.5912, "car_lcCooperative": 0.3539, "car_lcLookaheadLeft": 29.02, "car_lcPushy": 0.0941, "car_lcSigma": 0.3943, "car_lcSpeedGainRight": 4.6959, "car_lcSublane": 0.7097, "car_sigma": 0.7095, "car_tau_mean": 1.1252, "car_tau_std": 1.3672, "car_v_mean": 16.8411, "car_v_std": 3.6803}, "datetime": {"datetime": "2024-09-05 14:25:19", "elapsed": 12975.008481, "delta": 13.590025}}
{"target": -0.19078840608736136, "params": {"bus_acc": 1.7548, "bus_dcc": 2.5928, "bus_lcAssertive": 30.4051, "bus_lcCooperative": 0.9154, "bus_lcLookaheadLeft": 61.5199, "bus_lcPushy": 0.5762, "bus_lcSigma": 0.5721, "bus_lcSpeedGainRight": 3.5933, "bus_lcSublane": 0.9186, "bus_sigma": 0.327, "bus_tau_mean": 3.5776, "bus_tau_std": 1.322, "bus_v_mean": 25.1138, "bus_v_std": 9.4197, "car_acc": 2.8536, "car_dcc": 1.8858, "car_lcAssertive": 70.7953, "car_lcCooperative": 0.3668, "car_lcLookaheadLeft": 7.6445, "car_lcPushy": 0.369, "car_lcSigma": 0.5228, "car_lcSpeedGainRight": 2.1357, "car_lcSublane": 0.5561, "car_sigma": 0.3416, "car_tau_mean": 1.3259, "car_tau_std": 5.9149, "car_v_mean": 16.9814, "car_v_std": 11.9911}, "datetime": {"datetime": "2024-09-05 14:25:33", "elapsed": 12989.271889, "delta": 14.263408}}
{"target": -0.19159197067283737, "params": {"bus_acc": 1.2943, "bus_dcc": 1.3845, "bus_lcAssertive": 78.9869, "bus_lcCooperative": 0.412, "bus_lcLookaheadLeft": 47.7962, "bus_lcPushy": 0.7861, "bus_lcSigma": 0.499, "bus_lcSpeedGainRight": 2.4933, "bus_lcSublane": 0.7619, "bus_sigma": 0.2882, "bus_tau_mean": 2.0647, "bus_tau_std": 5.3803, "bus_v_mean": 18.5611, "bus_v_std": 15.6901, "car_acc": 2.4113, "car_dcc": 2.1181, "car_lcAssertive": 72.6229, "car_lcCooperative": 0.7165, "car_lcLookaheadLeft": 74.3402, "car_lcPushy": 0.9819, "car_lcSigma": 0.3035, "car_lcSpeedGainRight": 2.1727, "car_lcSublane": 0.2425, "car_sigma": 0.555, "car_tau_mean": 3.5607, "car_tau_std": 7.7711, "car_v_mean": 14.6196, "car_v_std": 18.5998}, "datetime": {"datetime": "2024-09-05 14:26:12", "elapsed": 13028.222122, "delta": 38.950233}}
{"target": -0.22501167773305575, "params": {"bus_acc": 2.7308, "bus_dcc": 3.8449, "bus_lcAssertive": 93.5805, "bus_lcCooperative": 0.0858, "bus_lcLookaheadLeft": 79.9627, "bus_lcPushy": 0.8143, "bus_lcSigma": 0.1246, "bus_lcSpeedGainRight": 3.9757, "bus_lcSublane": 0.2424, "bus_sigma": 0.0729, "bus_tau_mean": 0.6887, "bus_tau_std": 2.1589, "bus_v_mean": 15.1477, "bus_v_std": 3.0782, "car_acc": 3.9944, "car_dcc": 1.4895, "car_lcAssertive": 88.8942, "car_lcCooperative": 0.3301, "car_lcLookaheadLeft": 66.3755, "car_lcPushy": 0.8398, "car_lcSigma": 0.6417, "car_lcSpeedGainRight": 4.9573, "car_lcSublane": 0.8364, "car_sigma": 0.7656, "car_tau_mean": 0.7473, "car_tau_std": 6.8597, "car_v_mean": 25.3559, "car_v_std": 8.9321}, "datetime": {"datetime": "2024-09-05 14:26:45", "elapsed": 13060.882808, "delta": 32.660686}}
{"target": -0.20971275796615998, "params": {"bus_acc": 1.9389, "bus_dcc": 3.3393, "bus_lcAssertive": 36.1789, "bus_lcCooperative": 0.0283, "bus_lcLookaheadLeft": 58.2662, "bus_lcPushy": 0.3606, "bus_lcSigma": 0.1357, "bus_lcSpeedGainRight": 2.9793, "bus_lcSublane": 0.9205, "bus_sigma": 0.7898, "bus_tau_mean": 2.0954, "bus_tau_std": 4.4439, "bus_v_mean": 17.319, "bus_v_std": 18.2993, "car_acc": 2.2353, "car_dcc": 2.7603, "car_lcAssertive": 23.5956, "car_lcCooperative": 0.6992, "car_lcLookaheadLeft": 47.8058, "car_lcPushy": 0.5122, "car_lcSigma": 0.1339, "car_lcSpeedGainRight": 4.0655, "car_lcSublane": 0.3433, "car_sigma": 0.7468, "car_tau_mean": 3.8911, "car_tau_std": 3.0326, "car_v_mean": 10.6298, "car_v_std": 12.68}, "datetime": {"datetime": "2024-09-05 14:27:02", "elapsed": 13077.498514, "delta": 16.615706}}
{"target": -0.22468505501919023, "params": {"bus_acc": 1.6129, "bus_dcc": 2.1571, "bus_lcAssertive": 57.5621, "bus_lcCooperative": 0.1433, "bus_lcLookaheadLeft": 44.7678, "bus_lcPushy": 0.891, "bus_lcSigma": 0.7139, "bus_lcSpeedGainRight": 2.0018, "bus_lcSublane": 0.6098, "bus_sigma": 0.2667, "bus_tau_mean": 3.9555, "bus_tau_std": 2.3325, "bus_v_mean": 15.4158, "bus_v_std": 17.3288, "car_acc": 3.5387, "car_dcc": 0.2861, "car_lcAssertive": 7.8835, "car_lcCooperative": 0.8224, "car_lcLookaheadLeft": 68.5744, "car_lcPushy": 0.9555, "car_lcSigma": 0.4208, "car_lcSpeedGainRight": 2.1397, "car_lcSublane": 0.705, "car_sigma": 0.1957, "car_tau_mean": 2.1539, "car_tau_std": 9.7729, "car_v_mean": 15.3904, "car_v_std": 18.0424}, "datetime": {"datetime": "2024-09-05 14:27:19", "elapsed": 13095.183745, "delta": 17.685231}}
