{"target": -0.18627588864373912, "params": {"bus_acc": 1.0357, "bus_dcc": 3.049, "bus_lcAssertive": 17.7984, "bus_lcCooperative": 0.2371, "bus_lcLookaheadLeft": 82.6504, "bus_lcPushy": 0.0876, "bus_lcSigma": 0.3034, "bus_lcSpeedGainRight": 0.5431, "bus_lcSublane": 0.2794, "bus_sigma": 0.0057, "bus_tau_mean": 2.866, "bus_tau_std": 9.7134, "bus_v_mean": 17.0738, "bus_v_std": 9.9059, "car_acc": 3.1499, "car_dcc": 2.5536, "car_lcAssertive": 70.8114, "car_lcCooperative": 0.1686, "car_lcLookaheadLeft": 60.1993, "car_lcPushy": 0.7401, "car_lcSigma": 0.255, "car_lcSpeedGainRight": 1.287, "car_lcSublane": 0.1325, "car_sigma": 0.2648, "car_tau_mean": 3.9416, "car_tau_std": 9.5177, "car_v_mean": 19.4512, "car_v_std": 11.6884}, "datetime": {"datetime": "2024-09-05 11:39:50", "elapsed": 3046.261772, "delta": 9.187625}}
{"target": -0.17808239572181403, "params": {"bus_acc": 1.7207, "bus_dcc": 2.5139, "bus_lcAssertive": 58.9611, "bus_lcCooperative": 0.574, "bus_lcLookaheadLeft": 52.4288, "bus_lcPushy": 0.5139, "bus_lcSigma": 0.0186, "bus_lcSpeedGainRight": 1.7698, "bus_lcSublane": 0.5874, "bus_sigma": 0.0017, "bus_tau_mean": 3.8208, "bus_tau_std": 5.2073, "bus_v_mean": 12.9285, "bus_v_std": 5.5695, "car_acc": 1.8903, "car_dcc": 3.9695, "car_lcAssertive": 52.1366, "car_lcCooperative": 0.4087, "car_lcLookaheadLeft": 4.3136, "car_lcPushy": 0.5345, "car_lcSigma": 0.3892, "car_lcSpeedGainRight": 0.1096, "car_lcSublane": 0.6718, "car_sigma": 0.5365, "car_tau_mean": 2.4304, "car_tau_std": 3.4126, "car_v_mean": 16.8306, "car_v_std": 9.7569}, "datetime": {"datetime": "2024-09-05 11:40:03", "elapsed": 3059.127049, "delta": 12.865277}}
{"target": -0.19549059050501735, "params": {"bus_acc": 0.3537, "bus_dcc": 0.453, "bus_lcAssertive": 91.591, "bus_lcCooperative": 0.5159, "bus_lcLookaheadLeft": 74.4541, "bus_lcPushy": 0.8533, "bus_lcSigma": 0.8782, "bus_lcSpeedGainRight": 1.7355, "bus_lcSublane": 0.9927, "bus_sigma": 0.4133, "bus_tau_mean": 1.9778, "bus_tau_std": 5.8855, "bus_v_mean": 11.185, "bus_v_std": 15.9648, "car_acc": 1.4488, "car_dcc": 3.3127, "car_lcAssertive": 51.8503, "car_lcCooperative": 0.4027, "car_lcLookaheadLeft": 45.3954, "car_lcPushy": 0.5536, "car_lcSigma": 0.8852, "car_lcSpeedGainRight": 3.5242, "car_lcSublane": 0.4017, "car_sigma": 0.1131, "car_tau_mean": 2.9435, "car_tau_std": 7.4482, "car_v_mean": 10.2531, "car_v_std": 9.0583}, "datetime": {"datetime": "2024-09-05 11:40:09", "elapsed": 3064.512255, "delta": 5.385206}}
{"target": -0.24809107097443983, "params": {"bus_acc": 3.6119, "bus_dcc": 0.6235, "bus_lcAssertive": 96.4075, "bus_lcCooperative": 0.504, "bus_lcLookaheadLeft": 46.8436, "bus_lcPushy": 0.4921, "bus_lcSigma": 0.4016, "bus_lcSpeedGainRight": 2.2888, "bus_lcSublane": 0.2397, "bus_sigma": 0.0652, "bus_tau_mean": 1.9102, "bus_tau_std": 0.142, "bus_v_mean": 24.8354, "bus_v_std": 10.6595, "car_acc": 2.0338, "car_dcc": 1.0742, "car_lcAssertive": 3.3591, "car_lcCooperative": 0.9725, "car_lcLookaheadLeft": 62.3519, "car_lcPushy": 0.7402, "car_lcSigma": 0.0218, "car_lcSpeedGainRight": 4.5301, "car_lcSublane": 0.0293, "car_sigma": 0.4243, "car_tau_mean": 3.4497, "car_tau_std": 4.1983, "car_v_mean": 16.5261, "car_v_std": 2.0397}, "datetime": {"datetime": "2024-09-05 11:40:13", "elapsed": 3069.086232, "delta": 4.573977}}
{"target": -0.21469047854076162, "params": {"bus_acc": 0.442, "bus_dcc": 3.1641, "bus_lcAssertive": 99.1804, "bus_lcCooperative": 0.1294, "bus_lcLookaheadLeft": 88.3394, "bus_lcPushy": 0.1755, "bus_lcSigma": 0.3852, "bus_lcSpeedGainRight": 2.5898, "bus_lcSublane": 0.664, "bus_sigma": 0.6808, "bus_tau_mean": 3.0874, "bus_tau_std": 6.6925, "bus_v_mean": 17.1664, "bus_v_std": 18.0351, "car_acc": 3.8246, "car_dcc": 1.0989, "car_lcAssertive": 66.8923, "car_lcCooperative": 0.2983, "car_lcLookaheadLeft": 96.9089, "car_lcPushy": 0.6888, "car_lcSigma": 0.572, "car_lcSpeedGainRight": 4.9027, "car_lcSublane": 0.2708, "car_sigma": 0.8813, "car_tau_mean": 0.8786, "car_tau_std": 0.513, "car_v_mean": 20.219, "car_v_std": 7.0076}, "datetime": {"datetime": "2024-09-05 11:40:19", "elapsed": 3075.313389, "delta": 6.227157}}
{"target": -0.203659876164951, "params": {"bus_acc": 2.2737, "bus_dcc": 1.8416, "bus_lcAssertive": 52.5258, "bus_lcCooperative": 0.8801, "bus_lcLookaheadLeft": 13.5921, "bus_lcPushy": 0.4893, "bus_lcSigma": 0.5476, "bus_lcSpeedGainRight": 1.6405, "bus_lcSublane": 0.638, "bus_sigma": 0.1748, "bus_tau_mean": 1.3276, "bus_tau_std": 8.8136, "bus_v_mean": 13.4916, "bus_v_std": 11.8362, "car_acc": 0.7856, "car_dcc": 0.612, "car_lcAssertive": 13.8876, "car_lcCooperative": 0.8524, "car_lcLookaheadLeft": 80.3895, "car_lcPushy": 0.7749, "car_lcSigma": 0.834, "car_lcSpeedGainRight": 2.1339, "car_lcSublane": 0.3158, "car_sigma": 0.2835, "car_tau_mean": 3.485, "car_tau_std": 5.7686, "car_v_mean": 9.0762, "car_v_std": 16.1817}, "datetime": {"datetime": "2024-09-05 11:40:24", "elapsed": 3080.449121, "delta": 5.135732}}
{"target": -0.5297764638032769, "params": {"bus_acc": 0.4083, "bus_dcc": 2.889, "bus_lcAssertive": 35.3862, "bus_lcCooperative": 0.998, "bus_lcLookaheadLeft": 57.7114, "bus_lcPushy": 0.6581, "bus_lcSigma": 0.0661, "bus_lcSpeedGainRight": 3.9558, "bus_lcSublane": 0.944, "bus_sigma": 0.1059, "bus_tau_mean": 0.5876, "bus_tau_std": 2.1925, "bus_v_mean": 17.9752, "bus_v_std": 15.8065, "car_acc": 1.0613, "car_dcc": 1.5415, "car_lcAssertive": 88.9419, "car_lcCooperative": 0.0093, "car_lcLookaheadLeft": 77.6132, "car_lcPushy": 0.5586, "car_lcSigma": 0.8962, "car_lcSpeedGainRight": 4.2879, "car_lcSublane": 0.0629, "car_sigma": 0.8298, "car_tau_mean": 1.7781, "car_tau_std": 3.8559, "car_v_mean": 10.4284, "car_v_std": 4.3857}, "datetime": {"datetime": "2024-09-05 11:40:41", "elapsed": 3097.02276, "delta": 16.573639}}
{"target": -0.17493039330202845, "params": {"bus_acc": 0.7178, "bus_dcc": 3.1612, "bus_lcAssertive": 58.9697, "bus_lcCooperative": 0.4215, "bus_lcLookaheadLeft": 82.0661, "bus_lcPushy": 0.5007, "bus_lcSigma": 0.1602, "bus_lcSpeedGainRight": 4.7394, "bus_lcSublane": 0.6468, "bus_sigma": 0.7552, "bus_tau_mean": 1.6963, "bus_tau_std": 3.5904, "bus_v_mean": 13.4819, "bus_v_std": 16.2096, "car_acc": 2.9237, "car_dcc": 0.3597, "car_lcAssertive": 17.7572, "car_lcCooperative": 0.7967, "car_lcLookaheadLeft": 93.0627, "car_lcPushy": 0.8229, "car_lcSigma": 0.0864, "car_lcSpeedGainRight": 3.67, "car_lcSublane": 0.2756, "car_sigma": 0.2987, "car_tau_mean": 3.2313, "car_tau_std": 1.4958, "car_v_mean": 10.564, "car_v_std": 12.8311}, "datetime": {"datetime": "2024-09-05 11:41:03", "elapsed": 3118.498446, "delta": 21.475686}}
{"target": -0.6948919801406775, "params": {"bus_acc": 3.0148, "bus_dcc": 2.5258, "bus_lcAssertive": 76.9826, "bus_lcCooperative": 0.9975, "bus_lcLookaheadLeft": 41.8432, "bus_lcPushy": 0.8137, "bus_lcSigma": 0.0135, "bus_lcSpeedGainRight": 2.435, "bus_lcSublane": 0.2142, "bus_sigma": 0.0746, "bus_tau_mean": 3.7346, "bus_tau_std": 1.2289, "bus_v_mean": 12.137, "bus_v_std": 14.8477, "car_acc": 3.2357, "car_dcc": 1.4575, "car_lcAssertive": 46.4652, "car_lcCooperative": 0.9943, "car_lcLookaheadLeft": 7.9544, "car_lcPushy": 0.8893, "car_lcSigma": 0.9304, "car_lcSpeedGainRight": 1.4594, "car_lcSublane": 0.7928, "car_sigma": 0.2657, "car_tau_mean": 1.971, "car_tau_std": 6.3913, "car_v_mean": 13.9952, "car_v_std": 9.8143}, "datetime": {"datetime": "2024-09-05 11:41:18", "elapsed": 3134.106089, "delta": 15.607643}}
{"target": -0.26355209780600813, "params": {"bus_acc": 0.4318, "bus_dcc": 2.5209, "bus_lcAssertive": 51.8984, "bus_lcCooperative": 0.2676, "bus_lcLookaheadLeft": 53.3311, "bus_lcPushy": 0.6904, "bus_lcSigma": 0.5583, "bus_lcSpeedGainRight": 1.5301, "bus_lcSublane": 0.9719, "bus_sigma": 0.913, "bus_tau_mean": 3.4973, "bus_tau_std": 1.7809, "bus_v_mean": 18.6673, "bus_v_std": 14.4482, "car_acc": 0.9263, "car_dcc": 3.3851, "car_lcAssertive": 73.7786, "car_lcCooperative": 0.8888, "car_lcLookaheadLeft": 78.3783, "car_lcPushy": 0.7283, "car_lcSigma": 0.402, "car_lcSpeedGainRight": 2.4209, "car_lcSublane": 0.3508, "car_sigma": 0.8782, "car_tau_mean": 2.2416, "car_tau_std": 2.2675, "car_v_mean": 23.8374, "car_v_std": 4.5294}, "datetime": {"datetime": "2024-09-05 11:41:20", "elapsed": 3135.818383, "delta": 1.712294}}
{"target": -0.22748405601349386, "params": {"bus_acc": 3.503, "bus_dcc": 2.1385, "bus_lcAssertive": 88.3078, "bus_lcCooperative": 0.1011, "bus_lcLookaheadLeft": 54.1751, "bus_lcPushy": 0.4111, "bus_lcSigma": 0.734, "bus_lcSpeedGainRight": 4.0502, "bus_lcSublane": 0.4907, "bus_sigma": 0.561, "bus_tau_mean": 1.4551, "bus_tau_std": 5.9435, "bus_v_mean": 24.5689, "bus_v_std": 0.5541, "car_acc": 2.328, "car_dcc": 0.5578, "car_lcAssertive": 94.2922, "car_lcCooperative": 0.8687, "car_lcLookaheadLeft": 92.4042, "car_lcPushy": 0.3697, "car_lcSigma": 0.9688, "car_lcSpeedGainRight": 0.7961, "car_lcSublane": 0.6167, "car_sigma": 0.6084, "car_tau_mean": 2.192, "car_tau_std": 8.7252, "car_v_mean": 24.2798, "car_v_std": 14.6437}, "datetime": {"datetime": "2024-09-05 11:41:21", "elapsed": 3137.444091, "delta": 1.625708}}
{"target": -0.12652439625820167, "params": {"bus_acc": 2.2879, "bus_dcc": 2.9382, "bus_lcAssertive": 65.48, "bus_lcCooperative": 0.2733, "bus_lcLookaheadLeft": 70.3871, "bus_lcPushy": 0.199, "bus_lcSigma": 0.9887, "bus_lcSpeedGainRight": 2.8084, "bus_lcSublane": 0.8363, "bus_sigma": 0.5219, "bus_tau_mean": 2.2911, "bus_tau_std": 1.0861, "bus_v_mean": 21.1275, "bus_v_std": 6.8627, "car_acc": 1.8657, "car_dcc": 1.7043, "car_lcAssertive": 67.6456, "car_lcCooperative": 0.2958, "car_lcLookaheadLeft": 40.623, "car_lcPushy": 0.8856, "car_lcSigma": 0.1388, "car_lcSpeedGainRight": 1.0389, "car_lcSublane": 0.7763, "car_sigma": 0.3116, "car_tau_mean": 3.0377, "car_tau_std": 4.4944, "car_v_mean": 8.5487, "car_v_std": 0.1663}, "datetime": {"datetime": "2024-09-05 11:41:28", "elapsed": 3144.162297, "delta": 6.718206}}
{"target": -0.1840075141293885, "params": {"bus_acc": 3.5322, "bus_dcc": 0.841, "bus_lcAssertive": 51.4443, "bus_lcCooperative": 0.5561, "bus_lcLookaheadLeft": 75.4036, "bus_lcPushy": 0.5656, "bus_lcSigma": 0.2086, "bus_lcSpeedGainRight": 4.5776, "bus_lcSublane": 0.8298, "bus_sigma": 0.1349, "bus_tau_mean": 1.7994, "bus_tau_std": 4.382, "bus_v_mean": 25.2244, "bus_v_std": 17.2486, "car_acc": 2.0628, "car_dcc": 3.3409, "car_lcAssertive": 7.2446, "car_lcCooperative": 0.7361, "car_lcLookaheadLeft": 44.0588, "car_lcPushy": 0.8732, "car_lcSigma": 0.553, "car_lcSpeedGainRight": 2.1205, "car_lcSublane": 0.6774, "car_sigma": 0.8418, "car_tau_mean": 1.4347, "car_tau_std": 8.3918, "car_v_mean": 20.6978, "car_v_std": 19.4289}, "datetime": {"datetime": "2024-09-05 11:41:39", "elapsed": 3155.185895, "delta": 11.023598}}
{"target": -0.2014398939020885, "params": {"bus_acc": 3.323, "bus_dcc": 2.8838, "bus_lcAssertive": 86.3146, "bus_lcCooperative": 0.737, "bus_lcLookaheadLeft": 59.3658, "bus_lcPushy": 0.5128, "bus_lcSigma": 0.349, "bus_lcSpeedGainRight": 4.553, "bus_lcSublane": 0.5517, "bus_sigma": 0.359, "bus_tau_mean": 3.299, "bus_tau_std": 7.9899, "bus_v_mean": 18.3403, "bus_v_std": 11.0983, "car_acc": 0.7983, "car_dcc": 0.5681, "car_lcAssertive": 28.885, "car_lcCooperative": 0.8283, "car_lcLookaheadLeft": 71.1268, "car_lcPushy": 0.5196, "car_lcSigma": 0.1739, "car_lcSpeedGainRight": 4.0201, "car_lcSublane": 0.8329, "car_sigma": 0.6858, "car_tau_mean": 2.9511, "car_tau_std": 7.0201, "car_v_mean": 13.5147, "car_v_std": 15.9194}, "datetime": {"datetime": "2024-09-05 11:41:48", "elapsed": 3163.899105, "delta": 8.71321}}
{"target": -0.7236735152841999, "params": {"bus_acc": 2.6096, "bus_dcc": 1.2817, "bus_lcAssertive": 91.7816, "bus_lcCooperative": 0.8252, "bus_lcLookaheadLeft": 18.2373, "bus_lcPushy": 0.7194, "bus_lcSigma": 0.818, "bus_lcSpeedGainRight": 2.3585, "bus_lcSublane": 0.9959, "bus_sigma": 0.8891, "bus_tau_mean": 0.9089, "bus_tau_std": 1.2881, "bus_v_mean": 16.0287, "bus_v_std": 12.8261, "car_acc": 3.2286, "car_dcc": 1.4798, "car_lcAssertive": 39.3734, "car_lcCooperative": 0.8138, "car_lcLookaheadLeft": 33.8747, "car_lcPushy": 0.8704, "car_lcSigma": 0.8551, "car_lcSpeedGainRight": 4.4466, "car_lcSublane": 0.8553, "car_sigma": 0.9536, "car_tau_mean": 0.5685, "car_tau_std": 2.4255, "car_v_mean": 17.3832, "car_v_std": 6.1983}, "datetime": {"datetime": "2024-09-05 11:41:52", "elapsed": 3167.567669, "delta": 3.668564}}
{"target": -0.1983134548072196, "params": {"bus_acc": 3.7604, "bus_dcc": 2.6083, "bus_lcAssertive": 15.2638, "bus_lcCooperative": 0.0774, "bus_lcLookaheadLeft": 51.466, "bus_lcPushy": 0.5936, "bus_lcSigma": 0.6574, "bus_lcSpeedGainRight": 2.3588, "bus_lcSublane": 0.9727, "bus_sigma": 0.8833, "bus_tau_mean": 2.3698, "bus_tau_std": 4.6991, "bus_v_mean": 23.566, "bus_v_std": 19.6491, "car_acc": 3.1875, "car_dcc": 3.3745, "car_lcAssertive": 27.4549, "car_lcCooperative": 0.3056, "car_lcLookaheadLeft": 71.306, "car_lcPushy": 0.8998, "car_lcSigma": 0.8758, "car_lcSpeedGainRight": 0.9994, "car_lcSublane": 0.8781, "car_sigma": 0.0006, "car_tau_mean": 1.7433, "car_tau_std": 2.7737, "car_v_mean": 23.3064, "car_v_std": 0.3595}, "datetime": {"datetime": "2024-09-05 11:41:53", "elapsed": 3169.383023, "delta": 1.815354}}
{"target": -0.17541946999670424, "params": {"bus_acc": 3.1429, "bus_dcc": 3.3598, "bus_lcAssertive": 37.7274, "bus_lcCooperative": 0.5529, "bus_lcLookaheadLeft": 79.0009, "bus_lcPushy": 0.3693, "bus_lcSigma": 0.6583, "bus_lcSpeedGainRight": 0.6943, "bus_lcSublane": 0.0653, "bus_sigma": 0.7899, "bus_tau_mean": 2.2263, "bus_tau_std": 7.5919, "bus_v_mean": 23.8274, "bus_v_std": 2.5448, "car_acc": 1.8359, "car_dcc": 3.6185, "car_lcAssertive": 17.5101, "car_lcCooperative": 0.5152, "car_lcLookaheadLeft": 46.1399, "car_lcPushy": 0.0509, "car_lcSigma": 0.909, "car_lcSpeedGainRight": 0.1142, "car_lcSublane": 0.0807, "car_sigma": 0.1016, "car_tau_mean": 2.9968, "car_tau_std": 9.0583, "car_v_mean": 22.3197, "car_v_std": 16.5898}, "datetime": {"datetime": "2024-09-05 11:41:56", "elapsed": 3172.088825, "delta": 2.705802}}
{"target": -0.17480188027527596, "params": {"bus_acc": 1.0876, "bus_dcc": 2.0193, "bus_lcAssertive": 40.0551, "bus_lcCooperative": 0.6771, "bus_lcLookaheadLeft": 28.0759, "bus_lcPushy": 0.5673, "bus_lcSigma": 0.6377, "bus_lcSpeedGainRight": 3.4272, "bus_lcSublane": 0.0044, "bus_sigma": 0.1175, "bus_tau_mean": 3.4063, "bus_tau_std": 1.4091, "bus_v_mean": 22.4366, "bus_v_std": 12.5708, "car_acc": 3.8866, "car_dcc": 1.2792, "car_lcAssertive": 72.3707, "car_lcCooperative": 0.7491, "car_lcLookaheadLeft": 10.7792, "car_lcPushy": 0.7644, "car_lcSigma": 0.3618, "car_lcSpeedGainRight": 0.4059, "car_lcSublane": 0.8037, "car_sigma": 0.8949, "car_tau_mean": 3.9885, "car_tau_std": 4.4976, "car_v_mean": 18.0433, "car_v_std": 13.5393}, "datetime": {"datetime": "2024-09-05 11:42:02", "elapsed": 3177.610698, "delta": 5.521873}}
{"target": -0.23173037862067739, "params": {"bus_acc": 3.3305, "bus_dcc": 2.5923, "bus_lcAssertive": 6.5573, "bus_lcCooperative": 0.7163, "bus_lcLookaheadLeft": 77.4572, "bus_lcPushy": 0.7416, "bus_lcSigma": 0.7849, "bus_lcSpeedGainRight": 0.4769, "bus_lcSublane": 0.9707, "bus_sigma": 0.6987, "bus_tau_mean": 2.4826, "bus_tau_std": 8.6219, "bus_v_mean": 13.2836, "bus_v_std": 2.1865, "car_acc": 2.2125, "car_dcc": 0.6057, "car_lcAssertive": 50.6543, "car_lcCooperative": 0.2614, "car_lcLookaheadLeft": 37.6872, "car_lcPushy": 0.7355, "car_lcSigma": 0.2692, "car_lcSpeedGainRight": 1.7607, "car_lcSublane": 0.4523, "car_sigma": 0.2952, "car_tau_mean": 1.7052, "car_tau_std": 5.2083, "car_v_mean": 22.0777, "car_v_std": 15.1438}, "datetime": {"datetime": "2024-09-05 11:42:11", "elapsed": 3187.111521, "delta": 9.500823}}
{"target": -0.17884985858928268, "params": {"bus_acc": 1.5562, "bus_dcc": 2.0499, "bus_lcAssertive": 22.3123, "bus_lcCooperative": 0.5281, "bus_lcLookaheadLeft": 15.5791, "bus_lcPushy": 0.5111, "bus_lcSigma": 0.6992, "bus_lcSpeedGainRight": 2.5967, "bus_lcSublane": 0.1208, "bus_sigma": 0.244, "bus_tau_mean": 3.8451, "bus_tau_std": 8.8821, "bus_v_mean": 14.0448, "bus_v_std": 12.4864, "car_acc": 3.3211, "car_dcc": 2.1531, "car_lcAssertive": 65.1886, "car_lcCooperative": 0.3389, "car_lcLookaheadLeft": 23.7077, "car_lcPushy": 0.1593, "car_lcSigma": 0.2504, "car_lcSpeedGainRight": 3.0177, "car_lcSublane": 0.0661, "car_sigma": 0.6235, "car_tau_mean": 3.3368, "car_tau_std": 8.4685, "car_v_mean": 12.9186, "car_v_std": 10.2825}, "datetime": {"datetime": "2024-09-05 11:42:30", "elapsed": 3205.848581, "delta": 18.73706}}
{"target": -0.2773514203997132, "params": {"bus_acc": 2.4671, "bus_dcc": 0.3291, "bus_lcAssertive": 80.3707, "bus_lcCooperative": 0.3883, "bus_lcLookaheadLeft": 91.978, "bus_lcPushy": 0.0579, "bus_lcSigma": 0.8578, "bus_lcSpeedGainRight": 2.6373, "bus_lcSublane": 0.8731, "bus_sigma": 0.1805, "bus_tau_mean": 1.8083, "bus_tau_std": 1.9975, "bus_v_mean": 20.6413, "bus_v_std": 18.0768, "car_acc": 0.9174, "car_dcc": 2.4657, "car_lcAssertive": 76.917, "car_lcCooperative": 0.5553, "car_lcLookaheadLeft": 93.6232, "car_lcPushy": 0.5191, "car_lcSigma": 0.0848, "car_lcSpeedGainRight": 1.2306, "car_lcSublane": 0.3148, "car_sigma": 0.8553, "car_tau_mean": 0.9173, "car_tau_std": 3.0851, "car_v_mean": 11.4129, "car_v_std": 8.0315}, "datetime": {"datetime": "2024-09-05 11:42:43", "elapsed": 3219.092535, "delta": 13.243954}}
{"target": -0.16358537044350768, "params": {"bus_acc": 2.7188, "bus_dcc": 0.2102, "bus_lcAssertive": 31.9485, "bus_lcCooperative": 0.177, "bus_lcLookaheadLeft": 30.6304, "bus_lcPushy": 0.3786, "bus_lcSigma": 0.6878, "bus_lcSpeedGainRight": 4.1533, "bus_lcSublane": 0.0759, "bus_sigma": 0.2326, "bus_tau_mean": 0.5703, "bus_tau_std": 7.8481, "bus_v_mean": 24.6482, "bus_v_std": 6.3845, "car_acc": 1.9691, "car_dcc": 3.8899, "car_lcAssertive": 51.5098, "car_lcCooperative": 0.3666, "car_lcLookaheadLeft": 20.355, "car_lcPushy": 0.655, "car_lcSigma": 0.8797, "car_lcSpeedGainRight": 4.6069, "car_lcSublane": 0.1177, "car_sigma": 0.5008, "car_tau_mean": 2.4407, "car_tau_std": 8.9368, "car_v_mean": 22.1654, "car_v_std": 13.9421}, "datetime": {"datetime": "2024-09-05 11:42:52", "elapsed": 3228.43593, "delta": 9.343395}}
{"target": -0.22091989295367978, "params": {"bus_acc": 3.3843, "bus_dcc": 0.8549, "bus_lcAssertive": 3.7216, "bus_lcCooperative": 0.057, "bus_lcLookaheadLeft": 42.3816, "bus_lcPushy": 0.7588, "bus_lcSigma": 0.5506, "bus_lcSpeedGainRight": 0.2696, "bus_lcSublane": 0.1877, "bus_sigma": 0.915, "bus_tau_mean": 1.915, "bus_tau_std": 1.4014, "bus_v_mean": 22.8586, "bus_v_std": 9.5131, "car_acc": 2.6602, "car_dcc": 2.1883, "car_lcAssertive": 88.1731, "car_lcCooperative": 0.5113, "car_lcLookaheadLeft": 41.0814, "car_lcPushy": 0.7829, "car_lcSigma": 0.2661, "car_lcSpeedGainRight": 0.0073, "car_lcSublane": 0.8245, "car_sigma": 0.475, "car_tau_mean": 2.2624, "car_tau_std": 9.1376, "car_v_mean": 13.517, "car_v_std": 14.2422}, "datetime": {"datetime": "2024-09-05 11:42:57", "elapsed": 3233.34118, "delta": 4.90525}}
{"target": -0.18833838236185954, "params": {"bus_acc": 1.8027, "bus_dcc": 2.9657, "bus_lcAssertive": 9.9035, "bus_lcCooperative": 0.9735, "bus_lcLookaheadLeft": 53.0924, "bus_lcPushy": 0.4256, "bus_lcSigma": 0.5301, "bus_lcSpeedGainRight": 3.8027, "bus_lcSublane": 0.9432, "bus_sigma": 0.8611, "bus_tau_mean": 3.2162, "bus_tau_std": 9.2983, "bus_v_mean": 8.1118, "bus_v_std": 9.555, "car_acc": 2.1874, "car_dcc": 3.2145, "car_lcAssertive": 86.1477, "car_lcCooperative": 0.0275, "car_lcLookaheadLeft": 14.51, "car_lcPushy": 0.1741, "car_lcSigma": 0.4168, "car_lcSpeedGainRight": 1.2999, "car_lcSublane": 0.8252, "car_sigma": 0.2288, "car_tau_mean": 2.7369, "car_tau_std": 2.406, "car_v_mean": 25.0611, "car_v_std": 17.8248}, "datetime": {"datetime": "2024-09-05 11:43:02", "elapsed": 3238.391305, "delta": 5.050125}}
{"target": -0.20245451492621488, "params": {"bus_acc": 2.5059, "bus_dcc": 2.8154, "bus_lcAssertive": 26.7871, "bus_lcCooperative": 0.0442, "bus_lcLookaheadLeft": 81.1832, "bus_lcPushy": 0.7526, "bus_lcSigma": 0.8794, "bus_lcSpeedGainRight": 1.1958, "bus_lcSublane": 0.6996, "bus_sigma": 0.0884, "bus_tau_mean": 0.5466, "bus_tau_std": 9.4256, "bus_v_mean": 23.7365, "bus_v_std": 19.705, "car_acc": 2.4521, "car_dcc": 0.6093, "car_lcAssertive": 49.965, "car_lcCooperative": 0.0199, "car_lcLookaheadLeft": 57.5849, "car_lcPushy": 0.6925, "car_lcSigma": 0.313, "car_lcSpeedGainRight": 4.2748, "car_lcSublane": 0.7779, "car_sigma": 0.9189, "car_tau_mean": 1.6732, "car_tau_std": 8.4588, "car_v_mean": 14.0709, "car_v_std": 19.3029}, "datetime": {"datetime": "2024-09-05 11:43:07", "elapsed": 3243.12636, "delta": 4.735055}}
{"target": -0.22117323214347917, "params": {"bus_acc": 1.6642, "bus_dcc": 1.6792, "bus_lcAssertive": 15.6525, "bus_lcCooperative": 0.0292, "bus_lcLookaheadLeft": 53.9477, "bus_lcPushy": 0.1665, "bus_lcSigma": 0.6683, "bus_lcSpeedGainRight": 3.9794, "bus_lcSublane": 0.8708, "bus_sigma": 0.115, "bus_tau_mean": 0.9576, "bus_tau_std": 4.7987, "bus_v_mean": 22.002, "bus_v_std": 11.1033, "car_acc": 0.8411, "car_dcc": 3.4603, "car_lcAssertive": 4.2369, "car_lcCooperative": 0.5261, "car_lcLookaheadLeft": 84.9193, "car_lcPushy": 0.0857, "car_lcSigma": 0.0465, "car_lcSpeedGainRight": 4.666, "car_lcSublane": 0.9523, "car_sigma": 0.7324, "car_tau_mean": 3.3648, "car_tau_std": 1.9632, "car_v_mean": 9.6089, "car_v_std": 10.0041}, "datetime": {"datetime": "2024-09-05 11:43:20", "elapsed": 3256.414365, "delta": 13.288005}}
