{"target": -0.28036672852203876, "params": {"bus_acc": 0.2617, "bus_dcc": 2.0344, "bus_lcAssertive": 2.6089, "bus_lcCooperative": 0.8972, "bus_lcLookaheadLeft": 77.3636, "bus_lcPushy": 0.248, "bus_lcSigma": 0.3001, "bus_lcSpeedGainRight": 1.1601, "bus_lcSublane": 0.7245, "bus_sigma": 0.1635, "bus_tau_mean": 2.657, "bus_tau_std": 2.4676, "bus_v_mean": 15.0632, "bus_v_std": 7.9009, "car_acc": 1.9056, "car_dcc": 2.4021, "car_lcAssertive": 39.143, "car_lcCooperative": 0.4624, "car_lcLookaheadLeft": 96.081, "car_lcPushy": 0.5808, "car_lcSigma": 0.6899, "car_lcSpeedGainRight": 4.914, "car_lcSublane": 0.5211, "car_sigma": 0.1841, "car_tau_mean": 1.1175, "car_tau_std": 2.4319, "car_v_mean": 22.1628, "car_v_std": 17.3273}, "datetime": {"datetime": "2024-09-05 11:28:34", "elapsed": 2369.730942, "delta": 15.357507}}
{"target": -0.18791850659296916, "params": {"bus_acc": 1.6915, "bus_dcc": 3.2896, "bus_lcAssertive": 65.9579, "bus_lcCooperative": 0.572, "bus_lcLookaheadLeft": 20.1613, "bus_lcPushy": 0.2932, "bus_lcSigma": 0.3693, "bus_lcSpeedGainRight": 0.0956, "bus_lcSublane": 0.0938, "bus_sigma": 0.1375, "bus_tau_mean": 0.9351, "bus_tau_std": 8.8741, "bus_v_mean": 8.2396, "bus_v_std": 15.4615, "car_acc": 3.4687, "car_dcc": 3.9765, "car_lcAssertive": 68.8742, "car_lcCooperative": 0.6156, "car_lcLookaheadLeft": 11.8358, "car_lcPushy": 0.9759, "car_lcSigma": 0.6311, "car_lcSpeedGainRight": 2.8331, "car_lcSublane": 0.571, "car_sigma": 0.9104, "car_tau_mean": 2.9115, "car_tau_std": 9.3275, "car_v_mean": 14.4482, "car_v_std": 16.3805}, "datetime": {"datetime": "2024-09-05 11:28:51", "elapsed": 2387.345222, "delta": 17.61428}}
{"target": -0.22134716335886329, "params": {"bus_acc": 1.9517, "bus_dcc": 1.3484, "bus_lcAssertive": 1.8909, "bus_lcCooperative": 0.6449, "bus_lcLookaheadLeft": 27.1544, "bus_lcPushy": 0.8595, "bus_lcSigma": 0.0462, "bus_lcSpeedGainRight": 3.5438, "bus_lcSublane": 0.6164, "bus_sigma": 0.7031, "bus_tau_mean": 0.556, "bus_tau_std": 5.134, "bus_v_mean": 9.406, "bus_v_std": 3.1264, "car_acc": 0.8364, "car_dcc": 1.4502, "car_lcAssertive": 43.8221, "car_lcCooperative": 0.4814, "car_lcLookaheadLeft": 20.2847, "car_lcPushy": 0.7518, "car_lcSigma": 0.819, "car_lcSpeedGainRight": 1.3256, "car_lcSublane": 0.9302, "car_sigma": 0.3973, "car_tau_mean": 3.3091, "car_tau_std": 1.1232, "car_v_mean": 22.5335, "car_v_std": 6.2158}, "datetime": {"datetime": "2024-09-05 11:28:58", "elapsed": 2393.781964, "delta": 6.436742}}
{"target": -0.6755749669004271, "params": {"bus_acc": 0.373, "bus_dcc": 3.1537, "bus_lcAssertive": 70.0415, "bus_lcCooperative": 0.4506, "bus_lcLookaheadLeft": 92.4757, "bus_lcPushy": 0.9084, "bus_lcSigma": 0.7805, "bus_lcSpeedGainRight": 4.5324, "bus_lcSublane": 0.5623, "bus_sigma": 0.8144, "bus_tau_mean": 2.5259, "bus_tau_std": 9.2091, "bus_v_mean": 20.665, "bus_v_std": 18.5958, "car_acc": 0.883, "car_dcc": 0.4168, "car_lcAssertive": 35.7966, "car_lcCooperative": 0.9711, "car_lcLookaheadLeft": 21.2778, "car_lcPushy": 0.0465, "car_lcSigma": 0.6729, "car_lcSpeedGainRight": 1.6649, "car_lcSublane": 0.9418, "car_sigma": 0.9668, "car_tau_mean": 0.7037, "car_tau_std": 5.6516, "car_v_mean": 16.0751, "car_v_std": 3.2609}, "datetime": {"datetime": "2024-09-05 11:29:03", "elapsed": 2398.624154, "delta": 4.84219}}
{"target": -0.20255653189710987, "params": {"bus_acc": 1.5867, "bus_dcc": 0.3985, "bus_lcAssertive": 27.2556, "bus_lcCooperative": 0.2639, "bus_lcLookaheadLeft": 85.4373, "bus_lcPushy": 0.3675, "bus_lcSigma": 0.6102, "bus_lcSpeedGainRight": 1.2255, "bus_lcSublane": 0.6648, "bus_sigma": 0.58, "bus_tau_mean": 0.5313, "bus_tau_std": 1.6754, "bus_v_mean": 24.7583, "bus_v_std": 4.4361, "car_acc": 1.5767, "car_dcc": 2.3562, "car_lcAssertive": 18.3139, "car_lcCooperative": 0.6987, "car_lcLookaheadLeft": 64.9955, "car_lcPushy": 0.8026, "car_lcSigma": 0.7938, "car_lcSpeedGainRight": 0.9357, "car_lcSublane": 0.171, "car_sigma": 0.2097, "car_tau_mean": 2.3481, "car_tau_std": 7.0972, "car_v_mean": 17.0515, "car_v_std": 8.4498}, "datetime": {"datetime": "2024-09-05 11:29:04", "elapsed": 2400.314883, "delta": 1.690729}}
{"target": -0.20643469265520406, "params": {"bus_acc": 0.4144, "bus_dcc": 0.7833, "bus_lcAssertive": 33.3968, "bus_lcCooperative": 0.0681, "bus_lcLookaheadLeft": 64.7414, "bus_lcPushy": 0.3179, "bus_lcSigma": 0.5902, "bus_lcSpeedGainRight": 2.2089, "bus_lcSublane": 0.775, "bus_sigma": 0.0778, "bus_tau_mean": 1.8715, "bus_tau_std": 2.8812, "bus_v_mean": 21.4515, "bus_v_std": 7.3786, "car_acc": 2.5061, "car_dcc": 1.9421, "car_lcAssertive": 51.4602, "car_lcCooperative": 0.3609, "car_lcLookaheadLeft": 65.8093, "car_lcPushy": 0.8331, "car_lcSigma": 0.8766, "car_lcSpeedGainRight": 2.1806, "car_lcSublane": 0.6255, "car_sigma": 0.8033, "car_tau_mean": 3.8709, "car_tau_std": 8.2282, "car_v_mean": 17.1129, "car_v_std": 5.9138}, "datetime": {"datetime": "2024-09-05 11:29:06", "elapsed": 2401.821321, "delta": 1.506438}}
{"target": -0.1780726740679631, "params": {"bus_acc": 0.9463, "bus_dcc": 3.8608, "bus_lcAssertive": 15.7611, "bus_lcCooperative": 0.3887, "bus_lcLookaheadLeft": 31.3329, "bus_lcPushy": 0.6784, "bus_lcSigma": 0.368, "bus_lcSpeedGainRight": 4.9905, "bus_lcSublane": 0.8705, "bus_sigma": 0.6731, "bus_tau_mean": 2.2585, "bus_tau_std": 3.631, "bus_v_mean": 16.6752, "bus_v_std": 16.0728, "car_acc": 2.9995, "car_dcc": 1.0294, "car_lcAssertive": 85.7787, "car_lcCooperative": 0.6174, "car_lcLookaheadLeft": 51.4083, "car_lcPushy": 0.0937, "car_lcSigma": 0.6494, "car_lcSpeedGainRight": 3.704, "car_lcSublane": 0.5997, "car_sigma": 0.0551, "car_tau_mean": 0.761, "car_tau_std": 6.3228, "car_v_mean": 13.2471, "car_v_std": 13.7192}, "datetime": {"datetime": "2024-09-05 11:29:07", "elapsed": 2403.245254, "delta": 1.423933}}
{"target": -0.21083620891942959, "params": {"bus_acc": 3.6238, "bus_dcc": 0.6793, "bus_lcAssertive": 5.8821, "bus_lcCooperative": 0.3955, "bus_lcLookaheadLeft": 26.8113, "bus_lcPushy": 0.8121, "bus_lcSigma": 0.8261, "bus_lcSpeedGainRight": 1.5299, "bus_lcSublane": 0.5769, "bus_sigma": 0.5157, "bus_tau_mean": 2.7669, "bus_tau_std": 8.1532, "bus_v_mean": 14.5244, "bus_v_std": 14.2219, "car_acc": 0.4934, "car_dcc": 1.5397, "car_lcAssertive": 54.1967, "car_lcCooperative": 0.467, "car_lcLookaheadLeft": 38.1414, "car_lcPushy": 0.9637, "car_lcSigma": 0.2885, "car_lcSpeedGainRight": 1.3819, "car_lcSublane": 0.0858, "car_sigma": 0.0283, "car_tau_mean": 3.5219, "car_tau_std": 0.8517, "car_v_mean": 19.7693, "car_v_std": 1.8394}, "datetime": {"datetime": "2024-09-05 11:29:22", "elapsed": 2418.178563, "delta": 14.933309}}
{"target": -0.2242641947475673, "params": {"bus_acc": 2.0699, "bus_dcc": 3.9343, "bus_lcAssertive": 2.1039, "bus_lcCooperative": 0.4591, "bus_lcLookaheadLeft": 36.5477, "bus_lcPushy": 0.9535, "bus_lcSigma": 0.8179, "bus_lcSpeedGainRight": 1.3373, "bus_lcSublane": 0.4832, "bus_sigma": 0.6052, "bus_tau_mean": 0.5279, "bus_tau_std": 1.2764, "bus_v_mean": 24.8856, "bus_v_std": 6.0703, "car_acc": 2.1925, "car_dcc": 2.5234, "car_lcAssertive": 8.9857, "car_lcCooperative": 0.5673, "car_lcLookaheadLeft": 90.8653, "car_lcPushy": 0.3434, "car_lcSigma": 0.3998, "car_lcSpeedGainRight": 0.4894, "car_lcSublane": 0.8419, "car_sigma": 0.416, "car_tau_mean": 1.0025, "car_tau_std": 3.6427, "car_v_mean": 20.9034, "car_v_std": 1.1158}, "datetime": {"datetime": "2024-09-05 11:29:25", "elapsed": 2420.635741, "delta": 2.457178}}
{"target": -0.21530029463760159, "params": {"bus_acc": 3.6725, "bus_dcc": 0.5995, "bus_lcAssertive": 16.6733, "bus_lcCooperative": 0.6909, "bus_lcLookaheadLeft": 49.7679, "bus_lcPushy": 0.9796, "bus_lcSigma": 0.5017, "bus_lcSpeedGainRight": 1.4282, "bus_lcSublane": 0.146, "bus_sigma": 0.7012, "bus_tau_mean": 3.199, "bus_tau_std": 2.0408, "bus_v_mean": 23.511, "bus_v_std": 13.1157, "car_acc": 2.1165, "car_dcc": 0.3645, "car_lcAssertive": 60.1781, "car_lcCooperative": 0.8817, "car_lcLookaheadLeft": 94.0551, "car_lcPushy": 0.5393, "car_lcSigma": 0.8472, "car_lcSpeedGainRight": 4.3926, "car_lcSublane": 0.5013, "car_sigma": 0.514, "car_tau_mean": 3.6492, "car_tau_std": 7.279, "car_v_mean": 11.2314, "car_v_std": 3.2709}, "datetime": {"datetime": "2024-09-05 11:29:42", "elapsed": 2438.016281, "delta": 17.38054}}
{"target": -0.1904695083518031, "params": {"bus_acc": 2.791, "bus_dcc": 1.4041, "bus_lcAssertive": 98.5678, "bus_lcCooperative": 0.1783, "bus_lcLookaheadLeft": 12.0, "bus_lcPushy": 0.3083, "bus_lcSigma": 0.8825, "bus_lcSpeedGainRight": 3.3713, "bus_lcSublane": 0.4623, "bus_sigma": 0.1019, "bus_tau_mean": 2.8821, "bus_tau_std": 6.7031, "bus_v_mean": 23.8193, "bus_v_std": 8.9834, "car_acc": 2.2979, "car_dcc": 2.4563, "car_lcAssertive": 4.4959, "car_lcCooperative": 0.6116, "car_lcLookaheadLeft": 5.7185, "car_lcPushy": 0.675, "car_lcSigma": 0.7001, "car_lcSpeedGainRight": 3.6586, "car_lcSublane": 0.9917, "car_sigma": 0.107, "car_tau_mean": 3.4505, "car_tau_std": 9.9505, "car_v_mean": 12.6832, "car_v_std": 0.2179}, "datetime": {"datetime": "2024-09-05 11:29:53", "elapsed": 2449.420871, "delta": 11.40459}}
{"target": -0.1988041390986012, "params": {"bus_acc": 1.3772, "bus_dcc": 3.4566, "bus_lcAssertive": 18.0022, "bus_lcCooperative": 0.798, "bus_lcLookaheadLeft": 98.8308, "bus_lcPushy": 0.7832, "bus_lcSigma": 0.5841, "bus_lcSpeedGainRight": 1.8305, "bus_lcSublane": 0.0321, "bus_sigma": 0.5055, "bus_tau_mean": 3.1134, "bus_tau_std": 2.3454, "bus_v_mean": 14.3515, "bus_v_std": 2.2591, "car_acc": 0.7702, "car_dcc": 0.8711, "car_lcAssertive": 26.9578, "car_lcCooperative": 0.8943, "car_lcLookaheadLeft": 77.5095, "car_lcPushy": 0.0181, "car_lcSigma": 0.5463, "car_lcSpeedGainRight": 0.604, "car_lcSublane": 0.7143, "car_sigma": 0.3898, "car_tau_mean": 3.0077, "car_tau_std": 8.5942, "car_v_mean": 10.3197, "car_v_std": 11.0359}, "datetime": {"datetime": "2024-09-05 11:29:58", "elapsed": 2454.38635, "delta": 4.965479}}
{"target": -0.3332838210034306, "params": {"bus_acc": 2.5399, "bus_dcc": 0.9892, "bus_lcAssertive": 83.7588, "bus_lcCooperative": 0.6927, "bus_lcLookaheadLeft": 23.0458, "bus_lcPushy": 0.289, "bus_lcSigma": 0.4511, "bus_lcSpeedGainRight": 2.0579, "bus_lcSublane": 0.9094, "bus_sigma": 0.9921, "bus_tau_mean": 1.3772, "bus_tau_std": 7.2301, "bus_v_mean": 15.1905, "bus_v_std": 7.1722, "car_acc": 0.2935, "car_dcc": 1.1772, "car_lcAssertive": 68.3633, "car_lcCooperative": 0.9771, "car_lcLookaheadLeft": 36.9571, "car_lcPushy": 0.6599, "car_lcSigma": 0.591, "car_lcSpeedGainRight": 2.3916, "car_lcSublane": 0.8065, "car_sigma": 0.3158, "car_tau_mean": 1.1338, "car_tau_std": 3.3807, "car_v_mean": 23.1515, "car_v_std": 16.6467}, "datetime": {"datetime": "2024-09-05 11:30:16", "elapsed": 2471.599065, "delta": 17.212715}}
{"target": -0.21655564696796517, "params": {"bus_acc": 3.3659, "bus_dcc": 1.1395, "bus_lcAssertive": 94.321, "bus_lcCooperative": 0.208, "bus_lcLookaheadLeft": 93.3277, "bus_lcPushy": 0.731, "bus_lcSigma": 0.8778, "bus_lcSpeedGainRight": 1.7571, "bus_lcSublane": 0.4874, "bus_sigma": 0.5959, "bus_tau_mean": 1.0313, "bus_tau_std": 7.5169, "bus_v_mean": 22.6697, "bus_v_std": 7.558, "car_acc": 2.5712, "car_dcc": 1.3335, "car_lcAssertive": 98.0322, "car_lcCooperative": 0.413, "car_lcLookaheadLeft": 24.516, "car_lcPushy": 0.7912, "car_lcSigma": 0.4273, "car_lcSpeedGainRight": 2.887, "car_lcSublane": 0.9862, "car_sigma": 0.6965, "car_tau_mean": 3.2158, "car_tau_std": 0.7662, "car_v_mean": 18.1772, "car_v_std": 5.6557}, "datetime": {"datetime": "2024-09-05 11:30:20", "elapsed": 2476.227892, "delta": 4.628827}}
{"target": -0.20475672840977954, "params": {"bus_acc": 2.7586, "bus_dcc": 1.6811, "bus_lcAssertive": 1.1942, "bus_lcCooperative": 0.9638, "bus_lcLookaheadLeft": 22.2094, "bus_lcPushy": 0.2138, "bus_lcSigma": 0.019, "bus_lcSpeedGainRight": 3.6141, "bus_lcSublane": 0.7063, "bus_sigma": 0.6865, "bus_tau_mean": 0.8073, "bus_tau_std": 0.1325, "bus_v_mean": 16.1208, "bus_v_std": 16.8336, "car_acc": 1.4629, "car_dcc": 1.5459, "car_lcAssertive": 48.0547, "car_lcCooperative": 0.2134, "car_lcLookaheadLeft": 50.8385, "car_lcPushy": 0.9146, "car_lcSigma": 0.6738, "car_lcSpeedGainRight": 0.8224, "car_lcSublane": 0.438, "car_sigma": 0.2037, "car_tau_mean": 2.8462, "car_tau_std": 7.6218, "car_v_mean": 8.8057, "car_v_std": 13.403}, "datetime": {"datetime": "2024-09-05 11:30:25", "elapsed": 2481.275101, "delta": 5.047209}}
{"target": -0.21950670408538664, "params": {"bus_acc": 1.9064, "bus_dcc": 2.1415, "bus_lcAssertive": 99.0144, "bus_lcCooperative": 0.9841, "bus_lcLookaheadLeft": 46.9101, "bus_lcPushy": 0.1508, "bus_lcSigma": 0.0337, "bus_lcSpeedGainRight": 4.8772, "bus_lcSublane": 0.5059, "bus_sigma": 0.2651, "bus_tau_mean": 1.7587, "bus_tau_std": 0.2059, "bus_v_mean": 13.4716, "bus_v_std": 11.1074, "car_acc": 3.1762, "car_dcc": 0.4994, "car_lcAssertive": 17.234, "car_lcCooperative": 0.578, "car_lcLookaheadLeft": 37.8544, "car_lcPushy": 0.6202, "car_lcSigma": 0.0286, "car_lcSpeedGainRight": 4.7317, "car_lcSublane": 0.6453, "car_sigma": 0.4457, "car_tau_mean": 0.8099, "car_tau_std": 9.7995, "car_v_mean": 15.6022, "car_v_std": 17.746}, "datetime": {"datetime": "2024-09-05 11:30:29", "elapsed": 2484.748289, "delta": 3.473188}}
{"target": -0.19831746534271102, "params": {"bus_acc": 2.8205, "bus_dcc": 1.9884, "bus_lcAssertive": 91.0826, "bus_lcCooperative": 0.9894, "bus_lcLookaheadLeft": 12.8928, "bus_lcPushy": 0.5945, "bus_lcSigma": 0.5823, "bus_lcSpeedGainRight": 3.463, "bus_lcSublane": 0.3911, "bus_sigma": 0.9134, "bus_tau_mean": 3.6243, "bus_tau_std": 3.0274, "bus_v_mean": 13.0501, "bus_v_std": 17.8619, "car_acc": 2.8482, "car_dcc": 0.2887, "car_lcAssertive": 91.9801, "car_lcCooperative": 0.864, "car_lcLookaheadLeft": 58.825, "car_lcPushy": 0.5718, "car_lcSigma": 0.2578, "car_lcSpeedGainRight": 2.6913, "car_lcSublane": 0.8449, "car_sigma": 0.9046, "car_tau_mean": 1.9787, "car_tau_std": 4.0971, "car_v_mean": 10.8907, "car_v_std": 18.7502}, "datetime": {"datetime": "2024-09-05 11:30:53", "elapsed": 2509.071694, "delta": 24.323405}}
{"target": -0.17298222885062245, "params": {"bus_acc": 3.0212, "bus_dcc": 2.0818, "bus_lcAssertive": 62.3059, "bus_lcCooperative": 0.9523, "bus_lcLookaheadLeft": 41.7142, "bus_lcPushy": 0.9966, "bus_lcSigma": 0.7972, "bus_lcSpeedGainRight": 2.6279, "bus_lcSublane": 0.2856, "bus_sigma": 0.7787, "bus_tau_mean": 2.5565, "bus_tau_std": 3.9723, "bus_v_mean": 11.0833, "bus_v_std": 4.3184, "car_acc": 2.0597, "car_dcc": 2.6197, "car_lcAssertive": 22.9584, "car_lcCooperative": 0.6022, "car_lcLookaheadLeft": 65.8583, "car_lcPushy": 0.9245, "car_lcSigma": 0.8343, "car_lcSpeedGainRight": 2.3863, "car_lcSublane": 0.8364, "car_sigma": 0.1085, "car_tau_mean": 0.7314, "car_tau_std": 5.8662, "car_v_mean": 23.3905, "car_v_std": 4.8809}, "datetime": {"datetime": "2024-09-05 11:30:57", "elapsed": 2512.916385, "delta": 3.844691}}
{"target": -0.21211986942764405, "params": {"bus_acc": 3.4617, "bus_dcc": 0.6412, "bus_lcAssertive": 18.6304, "bus_lcCooperative": 0.5022, "bus_lcLookaheadLeft": 28.9988, "bus_lcPushy": 0.2499, "bus_lcSigma": 0.3409, "bus_lcSpeedGainRight": 4.8612, "bus_lcSublane": 0.2649, "bus_sigma": 0.0293, "bus_tau_mean": 0.5236, "bus_tau_std": 5.2364, "bus_v_mean": 25.0441, "bus_v_std": 16.1352, "car_acc": 0.4507, "car_dcc": 3.9625, "car_lcAssertive": 40.9177, "car_lcCooperative": 0.9436, "car_lcLookaheadLeft": 58.958, "car_lcPushy": 0.9433, "car_lcSigma": 0.7847, "car_lcSpeedGainRight": 1.0258, "car_lcSublane": 0.9832, "car_sigma": 0.9633, "car_tau_mean": 0.6511, "car_tau_std": 5.8371, "car_v_mean": 20.4516, "car_v_std": 6.7023}, "datetime": {"datetime": "2024-09-05 11:31:00", "elapsed": 2515.487408, "delta": 2.571023}}
{"target": -0.17310369351377827, "params": {"bus_acc": 1.4267, "bus_dcc": 1.1436, "bus_lcAssertive": 99.0236, "bus_lcCooperative": 0.1328, "bus_lcLookaheadLeft": 98.0485, "bus_lcPushy": 0.8686, "bus_lcSigma": 0.6924, "bus_lcSpeedGainRight": 3.8345, "bus_lcSublane": 0.8252, "bus_sigma": 0.35, "bus_tau_mean": 1.497, "bus_tau_std": 4.1945, "bus_v_mean": 11.9974, "bus_v_std": 18.8808, "car_acc": 2.1137, "car_dcc": 2.977, "car_lcAssertive": 63.5798, "car_lcCooperative": 0.7186, "car_lcLookaheadLeft": 63.2783, "car_lcPushy": 0.446, "car_lcSigma": 0.7617, "car_lcSpeedGainRight": 2.2078, "car_lcSublane": 0.1837, "car_sigma": 0.1466, "car_tau_mean": 2.1623, "car_tau_std": 2.8033, "car_v_mean": 18.2233, "car_v_std": 3.6103}, "datetime": {"datetime": "2024-09-05 11:31:01", "elapsed": 2517.052845, "delta": 1.565437}}
{"target": -0.20330996443095037, "params": {"bus_acc": 3.1635, "bus_dcc": 2.9194, "bus_lcAssertive": 68.2392, "bus_lcCooperative": 0.007, "bus_lcLookaheadLeft": 20.2668, "bus_lcPushy": 0.5165, "bus_lcSigma": 0.9768, "bus_lcSpeedGainRight": 4.5782, "bus_lcSublane": 0.0416, "bus_sigma": 0.2828, "bus_tau_mean": 2.5376, "bus_tau_std": 1.0934, "bus_v_mean": 24.6839, "bus_v_std": 9.3171, "car_acc": 2.3001, "car_dcc": 0.8178, "car_lcAssertive": 87.0203, "car_lcCooperative": 0.347, "car_lcLookaheadLeft": 49.9646, "car_lcPushy": 0.9615, "car_lcSigma": 0.5905, "car_lcSpeedGainRight": 4.2046, "car_lcSublane": 0.2702, "car_sigma": 0.4183, "car_tau_mean": 1.4648, "car_tau_std": 4.7962, "car_v_mean": 20.2382, "car_v_std": 13.3544}, "datetime": {"datetime": "2024-09-05 11:31:16", "elapsed": 2531.469918, "delta": 14.417073}}
{"target": -0.18635963427165925, "params": {"bus_acc": 3.01, "bus_dcc": 2.2791, "bus_lcAssertive": 2.0832, "bus_lcCooperative": 0.3406, "bus_lcLookaheadLeft": 57.1902, "bus_lcPushy": 0.9359, "bus_lcSigma": 0.8845, "bus_lcSpeedGainRight": 4.684, "bus_lcSublane": 0.6729, "bus_sigma": 0.1747, "bus_tau_mean": 1.3096, "bus_tau_std": 2.6957, "bus_v_mean": 17.6562, "bus_v_std": 17.6185, "car_acc": 3.1768, "car_dcc": 0.6442, "car_lcAssertive": 34.9585, "car_lcCooperative": 0.6416, "car_lcLookaheadLeft": 62.0577, "car_lcPushy": 0.0946, "car_lcSigma": 0.2929, "car_lcSpeedGainRight": 1.3024, "car_lcSublane": 0.3073, "car_sigma": 0.7175, "car_tau_mean": 3.1135, "car_tau_std": 8.5578, "car_v_mean": 9.8601, "car_v_std": 16.7888}, "datetime": {"datetime": "2024-09-05 11:31:32", "elapsed": 2547.51207, "delta": 16.042152}}
{"target": -0.24960185185550732, "params": {"bus_acc": 2.5437, "bus_dcc": 0.6595, "bus_lcAssertive": 51.9909, "bus_lcCooperative": 0.1732, "bus_lcLookaheadLeft": 51.0909, "bus_lcPushy": 0.1297, "bus_lcSigma": 0.6484, "bus_lcSpeedGainRight": 0.2741, "bus_lcSublane": 0.4443, "bus_sigma": 0.1046, "bus_tau_mean": 3.3234, "bus_tau_std": 1.2223, "bus_v_mean": 18.1189, "bus_v_std": 12.4252, "car_acc": 3.4392, "car_dcc": 0.8857, "car_lcAssertive": 66.0092, "car_lcCooperative": 0.1374, "car_lcLookaheadLeft": 23.5694, "car_lcPushy": 0.7815, "car_lcSigma": 0.3213, "car_lcSpeedGainRight": 4.6591, "car_lcSublane": 0.5819, "car_sigma": 0.4202, "car_tau_mean": 3.1621, "car_tau_std": 7.1062, "car_v_mean": 24.564, "car_v_std": 10.6008}, "datetime": {"datetime": "2024-09-05 11:31:37", "elapsed": 2552.643578, "delta": 5.131508}}
{"target": -0.17828997780374964, "params": {"bus_acc": 0.9591, "bus_dcc": 1.9254, "bus_lcAssertive": 5.5829, "bus_lcCooperative": 0.8135, "bus_lcLookaheadLeft": 89.4226, "bus_lcPushy": 0.7293, "bus_lcSigma": 0.8708, "bus_lcSpeedGainRight": 3.9884, "bus_lcSublane": 0.5983, "bus_sigma": 0.4562, "bus_tau_mean": 3.2829, "bus_tau_std": 6.8425, "bus_v_mean": 12.4893, "bus_v_std": 3.0905, "car_acc": 1.3159, "car_dcc": 0.9232, "car_lcAssertive": 23.0069, "car_lcCooperative": 0.7854, "car_lcLookaheadLeft": 81.6035, "car_lcPushy": 0.7376, "car_lcSigma": 0.9108, "car_lcSpeedGainRight": 2.7009, "car_lcSublane": 0.6973, "car_sigma": 0.4937, "car_tau_mean": 3.4633, "car_tau_std": 3.7787, "car_v_mean": 18.5917, "car_v_std": 8.943}, "datetime": {"datetime": "2024-09-05 11:31:47", "elapsed": 2563.153179, "delta": 10.509601}}
{"target": -0.1717750328672459, "params": {"bus_acc": 3.9282, "bus_dcc": 2.9755, "bus_lcAssertive": 75.417, "bus_lcCooperative": 0.0183, "bus_lcLookaheadLeft": 62.7904, "bus_lcPushy": 0.9175, "bus_lcSigma": 0.2698, "bus_lcSpeedGainRight": 0.5687, "bus_lcSublane": 0.2017, "bus_sigma": 0.1492, "bus_tau_mean": 0.9669, "bus_tau_std": 3.2149, "bus_v_mean": 10.4546, "bus_v_std": 4.2139, "car_acc": 3.3579, "car_dcc": 2.3253, "car_lcAssertive": 60.4887, "car_lcCooperative": 0.3655, "car_lcLookaheadLeft": 83.2682, "car_lcPushy": 0.3956, "car_lcSigma": 0.5494, "car_lcSpeedGainRight": 3.5551, "car_lcSublane": 0.5907, "car_sigma": 0.9977, "car_tau_mean": 2.7768, "car_tau_std": 7.3155, "car_v_mean": 15.6022, "car_v_std": 2.07}, "datetime": {"datetime": "2024-09-05 11:31:52", "elapsed": 2567.738281, "delta": 4.585102}}
{"target": -0.28379484722965165, "params": {"bus_acc": 0.9444, "bus_dcc": 1.9614, "bus_lcAssertive": 61.2371, "bus_lcCooperative": 0.3296, "bus_lcLookaheadLeft": 80.4166, "bus_lcPushy": 0.0289, "bus_lcSigma": 0.1211, "bus_lcSpeedGainRight": 0.0367, "bus_lcSublane": 0.2184, "bus_sigma": 0.0799, "bus_tau_mean": 2.2155, "bus_tau_std": 6.2485, "bus_v_mean": 21.9313, "bus_v_std": 16.7198, "car_acc": 3.5972, "car_dcc": 0.7622, "car_lcAssertive": 22.8989, "car_lcCooperative": 0.5579, "car_lcLookaheadLeft": 7.2147, "car_lcPushy": 0.2181, "car_lcSigma": 0.5261, "car_lcSpeedGainRight": 4.1867, "car_lcSublane": 0.8478, "car_sigma": 0.3717, "car_tau_mean": 2.4829, "car_tau_std": 6.1633, "car_v_mean": 10.9964, "car_v_std": 8.4209}, "datetime": {"datetime": "2024-09-05 11:32:05", "elapsed": 2581.334532, "delta": 13.596251}}
