{"target": -0.49806761039113184, "params": {"bus_acc": 0.3667, "bus_dcc": 1.0362, "bus_lcAssertive": 86.9818, "bus_lcCooperative": 0.8812, "bus_lcLookaheadLeft": 38.0991, "bus_lcPushy": 0.883, "bus_lcSigma": 0.4942, "bus_lcSpeedGainRight": 3.5595, "bus_lcSublane": 0.964, "bus_sigma": 0.8748, "bus_tau_mean": 0.676, "bus_tau_std": 9.2159, "bus_v_mean": 8.1897, "bus_v_std": 0.0707, "car_acc": 2.3317, "car_dcc": 1.5596, "car_lcAssertive": 88.8627, "car_lcCooperative": 0.5885, "car_lcLookaheadLeft": 52.6268, "car_lcPushy": 0.6268, "car_lcSigma": 0.7024, "car_lcSpeedGainRight": 2.0388, "car_lcSublane": 0.8361, "car_sigma": 0.5244, "car_tau_mean": 1.2271, "car_tau_std": 1.2124, "car_v_mean": 19.2063, "car_v_std": 5.7582}, "datetime": {"datetime": "2024-09-05 13:12:08", "elapsed": 8584.035221, "delta": 9.841433}}
{"target": -0.19465708637733567, "params": {"bus_acc": 3.7674, "bus_dcc": 1.2367, "bus_lcAssertive": 98.9723, "bus_lcCooperative": 0.2234, "bus_lcLookaheadLeft": 13.3365, "bus_lcPushy": 0.4538, "bus_lcSigma": 0.6641, "bus_lcSpeedGainRight": 0.8085, "bus_lcSublane": 0.2681, "bus_sigma": 0.6975, "bus_tau_mean": 2.2398, "bus_tau_std": 8.6746, "bus_v_mean": 24.9684, "bus_v_std": 7.4987, "car_acc": 0.9639, "car_dcc": 1.2608, "car_lcAssertive": 89.3402, "car_lcCooperative": 0.0013, "car_lcLookaheadLeft": 56.0605, "car_lcPushy": 0.5676, "car_lcSigma": 0.7786, "car_lcSpeedGainRight": 4.5267, "car_lcSublane": 0.7271, "car_sigma": 0.4362, "car_tau_mean": 1.6365, "car_tau_std": 2.9896, "car_v_mean": 21.6097, "car_v_std": 12.2588}, "datetime": {"datetime": "2024-09-05 13:12:20", "elapsed": 8595.887446, "delta": 11.852225}}
{"target": -0.17839386529495657, "params": {"bus_acc": 1.6181, "bus_dcc": 0.4428, "bus_lcAssertive": 21.488, "bus_lcCooperative": 0.2563, "bus_lcLookaheadLeft": 47.3459, "bus_lcPushy": 0.7005, "bus_lcSigma": 0.7967, "bus_lcSpeedGainRight": 0.6517, "bus_lcSublane": 0.6486, "bus_sigma": 0.6575, "bus_tau_mean": 2.212, "bus_tau_std": 4.2354, "bus_v_mean": 14.0834, "bus_v_std": 10.9119, "car_acc": 0.8217, "car_dcc": 0.3865, "car_lcAssertive": 57.3753, "car_lcCooperative": 0.9413, "car_lcLookaheadLeft": 20.6933, "car_lcPushy": 0.032, "car_lcSigma": 0.5235, "car_lcSpeedGainRight": 1.4254, "car_lcSublane": 0.8502, "car_sigma": 0.9663, "car_tau_mean": 0.7765, "car_tau_std": 2.9091, "car_v_mean": 12.0799, "car_v_std": 19.8329}, "datetime": {"datetime": "2024-09-05 13:12:32", "elapsed": 8608.042526, "delta": 12.15508}}
{"target": -0.18578564571421938, "params": {"bus_acc": 1.9023, "bus_dcc": 2.2571, "bus_lcAssertive": 93.4348, "bus_lcCooperative": 0.6128, "bus_lcLookaheadLeft": 15.9182, "bus_lcPushy": 0.1592, "bus_lcSigma": 0.5082, "bus_lcSpeedGainRight": 0.1247, "bus_lcSublane": 0.6086, "bus_sigma": 0.2443, "bus_tau_mean": 2.1623, "bus_tau_std": 7.7532, "bus_v_mean": 22.3813, "bus_v_std": 2.0979, "car_acc": 1.4582, "car_dcc": 3.1061, "car_lcAssertive": 79.1655, "car_lcCooperative": 0.9637, "car_lcLookaheadLeft": 86.614, "car_lcPushy": 0.3614, "car_lcSigma": 0.8671, "car_lcSpeedGainRight": 2.7232, "car_lcSublane": 0.0976, "car_sigma": 0.3314, "car_tau_mean": 1.3962, "car_tau_std": 7.4759, "car_v_mean": 23.2852, "car_v_std": 8.5225}, "datetime": {"datetime": "2024-09-05 13:12:41", "elapsed": 8617.097114, "delta": 9.054588}}
{"target": -0.40253178851262134, "params": {"bus_acc": 3.3452, "bus_dcc": 1.7018, "bus_lcAssertive": 59.5272, "bus_lcCooperative": 0.3046, "bus_lcLookaheadLeft": 29.2083, "bus_lcPushy": 0.6085, "bus_lcSigma": 0.9074, "bus_lcSpeedGainRight": 0.1432, "bus_lcSublane": 0.7098, "bus_sigma": 0.846, "bus_tau_mean": 3.557, "bus_tau_std": 1.0375, "bus_v_mean": 25.9375, "bus_v_std": 11.9195, "car_acc": 1.9282, "car_dcc": 3.3316, "car_lcAssertive": 78.1884, "car_lcCooperative": 0.268, "car_lcLookaheadLeft": 30.368, "car_lcPushy": 0.7079, "car_lcSigma": 0.5802, "car_lcSpeedGainRight": 3.6933, "car_lcSublane": 0.3483, "car_sigma": 0.5958, "car_tau_mean": 2.4711, "car_tau_std": 5.706, "car_v_mean": 21.2236, "car_v_std": 8.423}, "datetime": {"datetime": "2024-09-05 13:13:06", "elapsed": 8642.243756, "delta": 25.146642}}
{"target": -0.20886878615112378, "params": {"bus_acc": 3.6473, "bus_dcc": 3.1602, "bus_lcAssertive": 38.2838, "bus_lcCooperative": 0.8945, "bus_lcLookaheadLeft": 92.7651, "bus_lcPushy": 0.7207, "bus_lcSigma": 0.0138, "bus_lcSpeedGainRight": 2.7698, "bus_lcSublane": 0.9755, "bus_sigma": 0.654, "bus_tau_mean": 2.0102, "bus_tau_std": 8.7015, "bus_v_mean": 19.0459, "bus_v_std": 4.6468, "car_acc": 0.8337, "car_dcc": 3.178, "car_lcAssertive": 76.3605, "car_lcCooperative": 0.9894, "car_lcLookaheadLeft": 76.1589, "car_lcPushy": 0.0607, "car_lcSigma": 0.3302, "car_lcSpeedGainRight": 1.8435, "car_lcSublane": 0.3953, "car_sigma": 0.6078, "car_tau_mean": 3.1565, "car_tau_std": 1.5125, "car_v_mean": 21.3087, "car_v_std": 12.6142}, "datetime": {"datetime": "2024-09-05 13:13:46", "elapsed": 8681.780561, "delta": 39.536805}}
{"target": -0.24355599709344314, "params": {"bus_acc": 2.1212, "bus_dcc": 0.4104, "bus_lcAssertive": 10.0936, "bus_lcCooperative": 0.8632, "bus_lcLookaheadLeft": 18.7256, "bus_lcPushy": 0.4493, "bus_lcSigma": 0.619, "bus_lcSpeedGainRight": 3.8848, "bus_lcSublane": 0.7684, "bus_sigma": 0.437, "bus_tau_mean": 2.9483, "bus_tau_std": 9.4819, "bus_v_mean": 13.2312, "bus_v_std": 14.6304, "car_acc": 0.7796, "car_dcc": 2.9746, "car_lcAssertive": 16.7218, "car_lcCooperative": 0.9183, "car_lcLookaheadLeft": 17.9619, "car_lcPushy": 0.0294, "car_lcSigma": 0.4556, "car_lcSpeedGainRight": 4.5823, "car_lcSublane": 0.4625, "car_sigma": 0.3141, "car_tau_mean": 3.4786, "car_tau_std": 0.9577, "car_v_mean": 12.6051, "car_v_std": 9.2699}, "datetime": {"datetime": "2024-09-05 13:14:00", "elapsed": 8695.849788, "delta": 14.069227}}
{"target": -0.17716952455331927, "params": {"bus_acc": 3.1704, "bus_dcc": 2.7763, "bus_lcAssertive": 3.9362, "bus_lcCooperative": 0.8982, "bus_lcLookaheadLeft": 69.6079, "bus_lcPushy": 0.7563, "bus_lcSigma": 0.2325, "bus_lcSpeedGainRight": 4.7456, "bus_lcSublane": 0.6204, "bus_sigma": 0.9431, "bus_tau_mean": 3.2329, "bus_tau_std": 3.5362, "bus_v_mean": 17.4789, "bus_v_std": 6.5792, "car_acc": 1.2902, "car_dcc": 2.9357, "car_lcAssertive": 81.4755, "car_lcCooperative": 0.7, "car_lcLookaheadLeft": 83.1735, "car_lcPushy": 0.8493, "car_lcSigma": 0.032, "car_lcSpeedGainRight": 3.3031, "car_lcSublane": 0.7166, "car_sigma": 0.3293, "car_tau_mean": 3.1301, "car_tau_std": 5.7081, "car_v_mean": 19.3923, "car_v_std": 12.6068}, "datetime": {"datetime": "2024-09-05 13:14:11", "elapsed": 8706.915612, "delta": 11.065824}}
{"target": -0.26461057529268833, "params": {"bus_acc": 2.0058, "bus_dcc": 2.4566, "bus_lcAssertive": 84.217, "bus_lcCooperative": 0.2616, "bus_lcLookaheadLeft": 59.0632, "bus_lcPushy": 0.4243, "bus_lcSigma": 0.6839, "bus_lcSpeedGainRight": 4.8722, "bus_lcSublane": 0.4088, "bus_sigma": 0.4175, "bus_tau_mean": 3.1413, "bus_tau_std": 0.9128, "bus_v_mean": 8.6272, "bus_v_std": 3.741, "car_acc": 0.5017, "car_dcc": 2.8914, "car_lcAssertive": 76.8076, "car_lcCooperative": 0.8529, "car_lcLookaheadLeft": 56.1228, "car_lcPushy": 0.1529, "car_lcSigma": 0.6976, "car_lcSpeedGainRight": 0.092, "car_lcSublane": 0.2439, "car_sigma": 0.982, "car_tau_mean": 3.092, "car_tau_std": 0.7327, "car_v_mean": 12.8081, "car_v_std": 1.9735}, "datetime": {"datetime": "2024-09-05 13:14:25", "elapsed": 8720.903684, "delta": 13.988072}}
{"target": -0.16717856944824214, "params": {"bus_acc": 3.9248, "bus_dcc": 3.8864, "bus_lcAssertive": 74.1954, "bus_lcCooperative": 0.5488, "bus_lcLookaheadLeft": 14.0853, "bus_lcPushy": 0.6908, "bus_lcSigma": 0.7608, "bus_lcSpeedGainRight": 3.3191, "bus_lcSublane": 0.6127, "bus_sigma": 0.3213, "bus_tau_mean": 0.9167, "bus_tau_std": 6.5145, "bus_v_mean": 8.2356, "bus_v_std": 10.2551, "car_acc": 3.6215, "car_dcc": 2.9656, "car_lcAssertive": 92.4618, "car_lcCooperative": 0.09, "car_lcLookaheadLeft": 60.3745, "car_lcPushy": 0.2107, "car_lcSigma": 0.9033, "car_lcSpeedGainRight": 3.6812, "car_lcSublane": 0.8348, "car_sigma": 0.5998, "car_tau_mean": 1.797, "car_tau_std": 6.1961, "car_v_mean": 24.0166, "car_v_std": 16.7671}, "datetime": {"datetime": "2024-09-05 13:14:36", "elapsed": 8732.169644, "delta": 11.26596}}
{"target": -0.20602172782772812, "params": {"bus_acc": 0.7593, "bus_dcc": 2.3995, "bus_lcAssertive": 54.3415, "bus_lcCooperative": 0.7825, "bus_lcLookaheadLeft": 49.6152, "bus_lcPushy": 0.872, "bus_lcSigma": 0.001, "bus_lcSpeedGainRight": 2.1778, "bus_lcSublane": 0.1594, "bus_sigma": 0.7395, "bus_tau_mean": 2.1254, "bus_tau_std": 9.9834, "bus_v_mean": 18.1199, "bus_v_std": 18.8598, "car_acc": 1.4158, "car_dcc": 3.7039, "car_lcAssertive": 11.9958, "car_lcCooperative": 0.0538, "car_lcLookaheadLeft": 91.6497, "car_lcPushy": 0.1476, "car_lcSigma": 0.5198, "car_lcSpeedGainRight": 3.6064, "car_lcSublane": 0.1752, "car_sigma": 0.9755, "car_tau_mean": 2.3206, "car_tau_std": 7.9012, "car_v_mean": 18.6872, "car_v_std": 0.3871}, "datetime": {"datetime": "2024-09-05 13:14:48", "elapsed": 8743.784113, "delta": 11.614469}}
{"target": -0.19037326034685567, "params": {"bus_acc": 3.7846, "bus_dcc": 3.1576, "bus_lcAssertive": 58.1481, "bus_lcCooperative": 0.4294, "bus_lcLookaheadLeft": 40.2507, "bus_lcPushy": 0.5873, "bus_lcSigma": 0.5751, "bus_lcSpeedGainRight": 3.1594, "bus_lcSublane": 0.1722, "bus_sigma": 0.1823, "bus_tau_mean": 3.5257, "bus_tau_std": 9.2246, "bus_v_mean": 25.0438, "bus_v_std": 18.6096, "car_acc": 0.5117, "car_dcc": 3.187, "car_lcAssertive": 63.4866, "car_lcCooperative": 0.1533, "car_lcLookaheadLeft": 29.3607, "car_lcPushy": 0.7185, "car_lcSigma": 0.4458, "car_lcSpeedGainRight": 3.2208, "car_lcSublane": 0.4698, "car_sigma": 0.9241, "car_tau_mean": 2.615, "car_tau_std": 8.3799, "car_v_mean": 24.4835, "car_v_std": 10.7295}, "datetime": {"datetime": "2024-09-05 13:14:59", "elapsed": 8755.251569, "delta": 11.467456}}
{"target": -0.2151559588297851, "params": {"bus_acc": 0.2937, "bus_dcc": 1.5268, "bus_lcAssertive": 23.7844, "bus_lcCooperative": 0.508, "bus_lcLookaheadLeft": 20.1308, "bus_lcPushy": 0.148, "bus_lcSigma": 0.5334, "bus_lcSpeedGainRight": 2.5562, "bus_lcSublane": 0.9639, "bus_sigma": 0.3356, "bus_tau_mean": 3.0006, "bus_tau_std": 4.1434, "bus_v_mean": 9.9963, "bus_v_std": 3.489, "car_acc": 1.9179, "car_dcc": 1.6747, "car_lcAssertive": 14.3658, "car_lcCooperative": 0.9334, "car_lcLookaheadLeft": 77.7167, "car_lcPushy": 0.9357, "car_lcSigma": 0.4499, "car_lcSpeedGainRight": 0.9118, "car_lcSublane": 0.0011, "car_sigma": 0.1281, "car_tau_mean": 0.7907, "car_tau_std": 7.7183, "car_v_mean": 25.0408, "car_v_std": 12.5572}, "datetime": {"datetime": "2024-09-05 13:15:10", "elapsed": 8766.281866, "delta": 11.030297}}
{"target": -0.23204029214716282, "params": {"bus_acc": 2.5831, "bus_dcc": 3.1698, "bus_lcAssertive": 47.6254, "bus_lcCooperative": 0.2435, "bus_lcLookaheadLeft": 73.9125, "bus_lcPushy": 0.6054, "bus_lcSigma": 0.3341, "bus_lcSpeedGainRight": 2.8614, "bus_lcSublane": 0.2552, "bus_sigma": 0.9115, "bus_tau_mean": 1.812, "bus_tau_std": 3.2424, "bus_v_mean": 22.7725, "bus_v_std": 8.7871, "car_acc": 0.423, "car_dcc": 1.4387, "car_lcAssertive": 74.3788, "car_lcCooperative": 0.9671, "car_lcLookaheadLeft": 22.4418, "car_lcPushy": 0.338, "car_lcSigma": 0.6774, "car_lcSpeedGainRight": 4.6949, "car_lcSublane": 0.6154, "car_sigma": 0.5975, "car_tau_mean": 3.0595, "car_tau_std": 1.5715, "car_v_mean": 12.7615, "car_v_std": 11.3062}, "datetime": {"datetime": "2024-09-05 13:15:46", "elapsed": 8801.651766, "delta": 35.3699}}
{"target": -0.2412164879585186, "params": {"bus_acc": 1.2178, "bus_dcc": 1.661, "bus_lcAssertive": 23.6741, "bus_lcCooperative": 0.1615, "bus_lcLookaheadLeft": 99.095, "bus_lcPushy": 0.9255, "bus_lcSigma": 0.305, "bus_lcSpeedGainRight": 0.6307, "bus_lcSublane": 0.7246, "bus_sigma": 0.0577, "bus_tau_mean": 3.3901, "bus_tau_std": 5.6882, "bus_v_mean": 12.4682, "bus_v_std": 7.8803, "car_acc": 0.5242, "car_dcc": 1.5358, "car_lcAssertive": 7.452, "car_lcCooperative": 0.6554, "car_lcLookaheadLeft": 17.1225, "car_lcPushy": 0.517, "car_lcSigma": 0.6797, "car_lcSpeedGainRight": 4.773, "car_lcSublane": 0.4638, "car_sigma": 0.1987, "car_tau_mean": 1.2554, "car_tau_std": 1.0386, "car_v_mean": 18.895, "car_v_std": 1.9286}, "datetime": {"datetime": "2024-09-05 13:16:03", "elapsed": 8818.605739, "delta": 16.953973}}
{"target": -0.20242716526309543, "params": {"bus_acc": 1.2818, "bus_dcc": 0.2577, "bus_lcAssertive": 50.1619, "bus_lcCooperative": 0.7194, "bus_lcLookaheadLeft": 51.9215, "bus_lcPushy": 0.8567, "bus_lcSigma": 0.2087, "bus_lcSpeedGainRight": 3.3661, "bus_lcSublane": 0.4674, "bus_sigma": 0.6818, "bus_tau_mean": 1.4261, "bus_tau_std": 1.4851, "bus_v_mean": 20.9709, "bus_v_std": 12.6937, "car_acc": 1.418, "car_dcc": 2.4404, "car_lcAssertive": 52.8519, "car_lcCooperative": 0.9739, "car_lcLookaheadLeft": 36.5137, "car_lcPushy": 0.0647, "car_lcSigma": 0.533, "car_lcSpeedGainRight": 2.167, "car_lcSublane": 0.1848, "car_sigma": 0.2998, "car_tau_mean": 1.0283, "car_tau_std": 4.885, "car_v_mean": 15.7186, "car_v_std": 14.2264}, "datetime": {"datetime": "2024-09-05 13:16:12", "elapsed": 8827.687057, "delta": 9.081318}}
{"target": -0.1642435826679693, "params": {"bus_acc": 2.744, "bus_dcc": 2.8507, "bus_lcAssertive": 67.1749, "bus_lcCooperative": 0.0017, "bus_lcLookaheadLeft": 45.934, "bus_lcPushy": 0.0204, "bus_lcSigma": 0.0742, "bus_lcSpeedGainRight": 2.7404, "bus_lcSublane": 0.1639, "bus_sigma": 0.4098, "bus_tau_mean": 3.5129, "bus_tau_std": 5.4949, "bus_v_mean": 13.0133, "bus_v_std": 5.9683, "car_acc": 3.0869, "car_dcc": 3.7986, "car_lcAssertive": 8.2044, "car_lcCooperative": 0.2981, "car_lcLookaheadLeft": 12.6783, "car_lcPushy": 0.1073, "car_lcSigma": 0.8524, "car_lcSpeedGainRight": 1.7182, "car_lcSublane": 0.487, "car_sigma": 0.6064, "car_tau_mean": 3.7903, "car_tau_std": 8.905, "car_v_mean": 15.2103, "car_v_std": 6.3409}, "datetime": {"datetime": "2024-09-05 13:16:22", "elapsed": 8837.508368, "delta": 9.821311}}
{"target": -0.170260406588016, "params": {"bus_acc": 2.1272, "bus_dcc": 1.4074, "bus_lcAssertive": 74.0924, "bus_lcCooperative": 0.433, "bus_lcLookaheadLeft": 62.271, "bus_lcPushy": 0.881, "bus_lcSigma": 0.881, "bus_lcSpeedGainRight": 1.7403, "bus_lcSublane": 0.2811, "bus_sigma": 0.9123, "bus_tau_mean": 2.8158, "bus_tau_std": 3.7437, "bus_v_mean": 20.7735, "bus_v_std": 16.8443, "car_acc": 2.9171, "car_dcc": 2.559, "car_lcAssertive": 14.4135, "car_lcCooperative": 0.3618, "car_lcLookaheadLeft": 83.2461, "car_lcPushy": 0.2457, "car_lcSigma": 0.1825, "car_lcSpeedGainRight": 0.2783, "car_lcSublane": 0.4408, "car_sigma": 0.7173, "car_tau_mean": 2.6282, "car_tau_std": 3.9901, "car_v_mean": 9.8565, "car_v_std": 7.6735}, "datetime": {"datetime": "2024-09-05 13:16:35", "elapsed": 8850.906749, "delta": 13.398381}}
{"target": -0.1773159211664743, "params": {"bus_acc": 1.5263, "bus_dcc": 1.7524, "bus_lcAssertive": 29.6829, "bus_lcCooperative": 0.3233, "bus_lcLookaheadLeft": 70.9276, "bus_lcPushy": 0.7145, "bus_lcSigma": 0.52, "bus_lcSpeedGainRight": 3.4085, "bus_lcSublane": 0.6458, "bus_sigma": 0.5312, "bus_tau_mean": 0.5033, "bus_tau_std": 3.553, "bus_v_mean": 8.0338, "bus_v_std": 5.7144, "car_acc": 2.2397, "car_dcc": 2.8103, "car_lcAssertive": 70.1076, "car_lcCooperative": 0.0141, "car_lcLookaheadLeft": 4.387, "car_lcPushy": 0.9848, "car_lcSigma": 0.4688, "car_lcSpeedGainRight": 0.07, "car_lcSublane": 0.393, "car_sigma": 0.1035, "car_tau_mean": 1.8495, "car_tau_std": 8.1565, "car_v_mean": 24.8824, "car_v_std": 19.7336}, "datetime": {"datetime": "2024-09-05 13:16:48", "elapsed": 8864.057712, "delta": 13.150963}}
{"target": -0.22525611551827643, "params": {"bus_acc": 1.7223, "bus_dcc": 2.3968, "bus_lcAssertive": 88.0125, "bus_lcCooperative": 0.7388, "bus_lcLookaheadLeft": 64.8073, "bus_lcPushy": 0.7371, "bus_lcSigma": 0.0601, "bus_lcSpeedGainRight": 4.54, "bus_lcSublane": 0.5712, "bus_sigma": 0.6899, "bus_tau_mean": 2.2491, "bus_tau_std": 3.1261, "bus_v_mean": 8.3887, "bus_v_std": 9.1403, "car_acc": 1.2056, "car_dcc": 1.6375, "car_lcAssertive": 28.0955, "car_lcCooperative": 0.9922, "car_lcLookaheadLeft": 89.7462, "car_lcPushy": 0.5341, "car_lcSigma": 0.1191, "car_lcSpeedGainRight": 3.1264, "car_lcSublane": 0.3806, "car_sigma": 0.2048, "car_tau_mean": 1.8431, "car_tau_std": 6.2358, "car_v_mean": 12.6289, "car_v_std": 15.9996}, "datetime": {"datetime": "2024-09-05 13:16:59", "elapsed": 8874.768456, "delta": 10.710744}}
{"target": -0.22685200022477858, "params": {"bus_acc": 2.4867, "bus_dcc": 2.8013, "bus_lcAssertive": 72.6424, "bus_lcCooperative": 0.3933, "bus_lcLookaheadLeft": 90.2084, "bus_lcPushy": 0.1374, "bus_lcSigma": 0.1735, "bus_lcSpeedGainRight": 0.2732, "bus_lcSublane": 0.4939, "bus_sigma": 0.7051, "bus_tau_mean": 1.4392, "bus_tau_std": 9.714, "bus_v_mean": 11.9003, "bus_v_std": 13.8668, "car_acc": 1.582, "car_dcc": 0.4562, "car_lcAssertive": 48.3231, "car_lcCooperative": 0.4879, "car_lcLookaheadLeft": 44.1204, "car_lcPushy": 0.4035, "car_lcSigma": 0.6139, "car_lcSpeedGainRight": 2.3009, "car_lcSublane": 0.7152, "car_sigma": 0.6772, "car_tau_mean": 1.646, "car_tau_std": 2.8214, "car_v_mean": 13.2476, "car_v_std": 9.4707}, "datetime": {"datetime": "2024-09-05 13:17:18", "elapsed": 8894.461703, "delta": 19.693247}}
{"target": -0.2681408715639018, "params": {"bus_acc": 2.9889, "bus_dcc": 0.6573, "bus_lcAssertive": 15.703, "bus_lcCooperative": 0.6833, "bus_lcLookaheadLeft": 17.6853, "bus_lcPushy": 0.8171, "bus_lcSigma": 0.1114, "bus_lcSpeedGainRight": 1.9209, "bus_lcSublane": 0.3312, "bus_sigma": 0.9231, "bus_tau_mean": 1.7991, "bus_tau_std": 7.0853, "bus_v_mean": 24.3344, "bus_v_std": 12.833, "car_acc": 2.852, "car_dcc": 1.2706, "car_lcAssertive": 66.9196, "car_lcCooperative": 0.7422, "car_lcLookaheadLeft": 51.1901, "car_lcPushy": 0.8017, "car_lcSigma": 0.4671, "car_lcSpeedGainRight": 1.3849, "car_lcSublane": 0.7074, "car_sigma": 0.987, "car_tau_mean": 0.5831, "car_tau_std": 4.0115, "car_v_mean": 19.0895, "car_v_std": 2.5968}, "datetime": {"datetime": "2024-09-05 13:17:39", "elapsed": 8914.847324, "delta": 20.385621}}
{"target": -0.2114103091927848, "params": {"bus_acc": 0.4224, "bus_dcc": 2.0941, "bus_lcAssertive": 1.6433, "bus_lcCooperative": 0.7384, "bus_lcLookaheadLeft": 65.289, "bus_lcPushy": 0.2562, "bus_lcSigma": 0.4203, "bus_lcSpeedGainRight": 3.0681, "bus_lcSublane": 0.3991, "bus_sigma": 0.2743, "bus_tau_mean": 3.11, "bus_tau_std": 4.6576, "bus_v_mean": 10.0577, "bus_v_std": 18.2743, "car_acc": 0.2375, "car_dcc": 1.939, "car_lcAssertive": 72.0911, "car_lcCooperative": 0.0505, "car_lcLookaheadLeft": 72.9086, "car_lcPushy": 0.2642, "car_lcSigma": 0.8822, "car_lcSpeedGainRight": 0.9313, "car_lcSublane": 0.0491, "car_sigma": 0.3127, "car_tau_mean": 2.8084, "car_tau_std": 7.1349, "car_v_mean": 10.4806, "car_v_std": 11.3317}, "datetime": {"datetime": "2024-09-05 13:17:50", "elapsed": 8926.428347, "delta": 11.581023}}
{"target": -0.1600481942856826, "params": {"bus_acc": 2.9642, "bus_dcc": 3.3896, "bus_lcAssertive": 64.1237, "bus_lcCooperative": 0.7942, "bus_lcLookaheadLeft": 32.2566, "bus_lcPushy": 0.0933, "bus_lcSigma": 0.3921, "bus_lcSpeedGainRight": 0.3656, "bus_lcSublane": 0.1631, "bus_sigma": 0.7725, "bus_tau_mean": 1.6737, "bus_tau_std": 8.161, "bus_v_mean": 17.9157, "bus_v_std": 10.8525, "car_acc": 3.9021, "car_dcc": 2.7265, "car_lcAssertive": 87.0414, "car_lcCooperative": 0.4622, "car_lcLookaheadLeft": 88.5366, "car_lcPushy": 0.4455, "car_lcSigma": 0.2187, "car_lcSpeedGainRight": 2.1676, "car_lcSublane": 0.8282, "car_sigma": 0.7424, "car_tau_mean": 2.401, "car_tau_std": 5.3383, "car_v_mean": 10.919, "car_v_std": 17.7443}, "datetime": {"datetime": "2024-09-05 13:18:01", "elapsed": 8937.335424, "delta": 10.907077}}
{"target": -0.9526790791578447, "params": {"bus_acc": 3.3985, "bus_dcc": 0.7807, "bus_lcAssertive": 25.1097, "bus_lcCooperative": 0.663, "bus_lcLookaheadLeft": 26.3754, "bus_lcPushy": 0.0425, "bus_lcSigma": 0.4905, "bus_lcSpeedGainRight": 2.0191, "bus_lcSublane": 0.1711, "bus_sigma": 0.4509, "bus_tau_mean": 3.56, "bus_tau_std": 6.1355, "bus_v_mean": 24.8918, "bus_v_std": 3.3166, "car_acc": 0.3381, "car_dcc": 2.3703, "car_lcAssertive": 29.7258, "car_lcCooperative": 0.6703, "car_lcLookaheadLeft": 54.8496, "car_lcPushy": 0.6587, "car_lcSigma": 0.9419, "car_lcSpeedGainRight": 2.7071, "car_lcSublane": 0.5278, "car_sigma": 0.4247, "car_tau_mean": 1.7539, "car_tau_std": 9.6455, "car_v_mean": 19.898, "car_v_std": 4.2132}, "datetime": {"datetime": "2024-09-05 13:18:10", "elapsed": 8945.862898, "delta": 8.527474}}
{"target": -0.277689569566655, "params": {"bus_acc": 2.155, "bus_dcc": 1.068, "bus_lcAssertive": 52.5096, "bus_lcCooperative": 0.0065, "bus_lcLookaheadLeft": 68.091, "bus_lcPushy": 0.489, "bus_lcSigma": 0.6745, "bus_lcSpeedGainRight": 0.4184, "bus_lcSublane": 0.4712, "bus_sigma": 0.4034, "bus_tau_mean": 3.3538, "bus_tau_std": 6.6824, "bus_v_mean": 14.1593, "bus_v_std": 7.6191, "car_acc": 0.7506, "car_dcc": 3.7626, "car_lcAssertive": 52.2598, "car_lcCooperative": 0.7717, "car_lcLookaheadLeft": 68.08, "car_lcPushy": 0.6477, "car_lcSigma": 0.6043, "car_lcSpeedGainRight": 4.7333, "car_lcSublane": 0.5708, "car_sigma": 0.745, "car_tau_mean": 1.1714, "car_tau_std": 7.6586, "car_v_mean": 17.6859, "car_v_std": 6.2687}, "datetime": {"datetime": "2024-09-05 13:18:30", "elapsed": 8966.231297, "delta": 20.368399}}
