{"target": -0.1799494158895916, "params": {"bus_acc": 2.9691, "bus_dcc": 3.8643, "bus_lcAssertive": 89.0904, "bus_lcCooperative": 0.0715, "bus_lcLookaheadLeft": 28.0012, "bus_lcPushy": 0.7941, "bus_lcSigma": 0.0155, "bus_lcSpeedGainRight": 3.9079, "bus_lcSublane": 0.9955, "bus_sigma": 0.7224, "bus_tau_mean": 3.5324, "bus_tau_std": 6.3413, "bus_v_mean": 14.298, "bus_v_std": 1.57, "car_acc": 2.0694, "car_dcc": 3.5359, "car_lcAssertive": 32.3784, "car_lcCooperative": 0.8355, "car_lcLookaheadLeft": 72.3452, "car_lcPushy": 0.0721, "car_lcSigma": 0.8054, "car_lcSpeedGainRight": 0.981, "car_lcSublane": 0.7352, "car_sigma": 0.276, "car_tau_mean": 1.154, "car_tau_std": 4.2187, "car_v_mean": 22.2652, "car_v_std": 0.4329}, "datetime": {"datetime": "2024-09-05 15:56:54", "elapsed": 18469.966291, "delta": 19.246605}}
{"target": -0.28101314736554134, "params": {"bus_acc": 3.7149, "bus_dcc": 1.8063, "bus_lcAssertive": 18.3552, "bus_lcCooperative": 0.3492, "bus_lcLookaheadLeft": 72.841, "bus_lcPushy": 0.8683, "bus_lcSigma": 0.6963, "bus_lcSpeedGainRight": 3.4664, "bus_lcSublane": 0.0315, "bus_sigma": 0.1117, "bus_tau_mean": 2.4285, "bus_tau_std": 0.3294, "bus_v_mean": 17.5167, "bus_v_std": 16.0532, "car_acc": 0.4128, "car_dcc": 3.9185, "car_lcAssertive": 93.1301, "car_lcCooperative": 0.6132, "car_lcLookaheadLeft": 10.9516, "car_lcPushy": 0.571, "car_lcSigma": 0.7243, "car_lcSpeedGainRight": 3.4719, "car_lcSublane": 0.9606, "car_sigma": 0.8427, "car_tau_mean": 1.7238, "car_tau_std": 4.2664, "car_v_mean": 23.6326, "car_v_std": 4.2391}, "datetime": {"datetime": "2024-09-05 15:57:09", "elapsed": 18484.486336, "delta": 14.520045}}
{"target": -0.20552052189816508, "params": {"bus_acc": 1.394, "bus_dcc": 0.5374, "bus_lcAssertive": 86.9813, "bus_lcCooperative": 0.0322, "bus_lcLookaheadLeft": 30.5431, "bus_lcPushy": 0.0034, "bus_lcSigma": 0.3026, "bus_lcSpeedGainRight": 0.0655, "bus_lcSublane": 0.7767, "bus_sigma": 0.0892, "bus_tau_mean": 1.4884, "bus_tau_std": 6.7463, "bus_v_mean": 14.9234, "bus_v_std": 14.8043, "car_acc": 1.2163, "car_dcc": 3.9876, "car_lcAssertive": 75.5529, "car_lcCooperative": 0.7487, "car_lcLookaheadLeft": 56.9874, "car_lcPushy": 0.81, "car_lcSigma": 0.8041, "car_lcSpeedGainRight": 3.9362, "car_lcSublane": 0.6617, "car_sigma": 0.8172, "car_tau_mean": 3.0324, "car_tau_std": 4.4968, "car_v_mean": 23.7837, "car_v_std": 7.2331}, "datetime": {"datetime": "2024-09-05 15:57:29", "elapsed": 18505.106309, "delta": 20.619973}}
{"target": -0.23070037923363282, "params": {"bus_acc": 2.4437, "bus_dcc": 0.8841, "bus_lcAssertive": 77.3102, "bus_lcCooperative": 0.2709, "bus_lcLookaheadLeft": 49.3541, "bus_lcPushy": 0.6303, "bus_lcSigma": 0.9943, "bus_lcSpeedGainRight": 1.1524, "bus_lcSublane": 0.5828, "bus_sigma": 0.3293, "bus_tau_mean": 3.0359, "bus_tau_std": 6.6433, "bus_v_mean": 25.2816, "bus_v_std": 1.5266, "car_acc": 1.7179, "car_dcc": 0.6423, "car_lcAssertive": 9.7467, "car_lcCooperative": 0.4731, "car_lcLookaheadLeft": 33.0496, "car_lcPushy": 0.9708, "car_lcSigma": 0.1644, "car_lcSpeedGainRight": 0.6761, "car_lcSublane": 0.7397, "car_sigma": 0.9159, "car_tau_mean": 0.6286, "car_tau_std": 8.8195, "car_v_mean": 24.686, "car_v_std": 12.7741}, "datetime": {"datetime": "2024-09-05 15:57:46", "elapsed": 18521.975414, "delta": 16.869105}}
{"target": -0.1856094627813383, "params": {"bus_acc": 2.0436, "bus_dcc": 3.5585, "bus_lcAssertive": 39.8634, "bus_lcCooperative": 0.817, "bus_lcLookaheadLeft": 91.3423, "bus_lcPushy": 0.5811, "bus_lcSigma": 0.7153, "bus_lcSpeedGainRight": 0.9547, "bus_lcSublane": 0.4047, "bus_sigma": 0.3358, "bus_tau_mean": 0.8277, "bus_tau_std": 9.9587, "bus_v_mean": 19.382, "bus_v_std": 10.2647, "car_acc": 2.3069, "car_dcc": 3.3674, "car_lcAssertive": 33.7993, "car_lcCooperative": 0.1904, "car_lcLookaheadLeft": 79.7319, "car_lcPushy": 0.7698, "car_lcSigma": 0.0656, "car_lcSpeedGainRight": 3.214, "car_lcSublane": 0.9626, "car_sigma": 0.4659, "car_tau_mean": 3.1897, "car_tau_std": 8.462, "car_v_mean": 8.852, "car_v_std": 15.7569}, "datetime": {"datetime": "2024-09-05 15:58:06", "elapsed": 18542.140114, "delta": 20.1647}}
{"target": -0.566837972257474, "params": {"bus_acc": 3.2756, "bus_dcc": 0.8692, "bus_lcAssertive": 96.3853, "bus_lcCooperative": 0.4425, "bus_lcLookaheadLeft": 13.9015, "bus_lcPushy": 0.264, "bus_lcSigma": 0.7303, "bus_lcSpeedGainRight": 0.2264, "bus_lcSublane": 0.2655, "bus_sigma": 0.313, "bus_tau_mean": 3.9009, "bus_tau_std": 0.8041, "bus_v_mean": 9.3416, "bus_v_std": 16.7703, "car_acc": 1.4319, "car_dcc": 1.8894, "car_lcAssertive": 31.0472, "car_lcCooperative": 0.4526, "car_lcLookaheadLeft": 58.4033, "car_lcPushy": 0.9214, "car_lcSigma": 0.7115, "car_lcSpeedGainRight": 4.8165, "car_lcSublane": 0.7732, "car_sigma": 0.0279, "car_tau_mean": 1.9202, "car_tau_std": 6.524, "car_v_mean": 14.9207, "car_v_std": 1.8467}, "datetime": {"datetime": "2024-09-05 15:58:26", "elapsed": 18561.47556, "delta": 19.335446}}
{"target": -0.1974356941321975, "params": {"bus_acc": 2.9575, "bus_dcc": 3.7777, "bus_lcAssertive": 55.2718, "bus_lcCooperative": 0.2332, "bus_lcLookaheadLeft": 24.2942, "bus_lcPushy": 0.7374, "bus_lcSigma": 0.266, "bus_lcSpeedGainRight": 3.3493, "bus_lcSublane": 0.1482, "bus_sigma": 0.3934, "bus_tau_mean": 2.8605, "bus_tau_std": 7.5587, "bus_v_mean": 10.9939, "bus_v_std": 0.504, "car_acc": 2.9525, "car_dcc": 3.8581, "car_lcAssertive": 14.2819, "car_lcCooperative": 0.74, "car_lcLookaheadLeft": 30.5523, "car_lcPushy": 0.2617, "car_lcSigma": 0.5992, "car_lcSpeedGainRight": 3.1566, "car_lcSublane": 0.5632, "car_sigma": 0.1967, "car_tau_mean": 1.8418, "car_tau_std": 3.7371, "car_v_mean": 8.9729, "car_v_std": 4.0614}, "datetime": {"datetime": "2024-09-05 15:58:48", "elapsed": 18583.662032, "delta": 22.186472}}
{"target": -0.17348476698070592, "params": {"bus_acc": 1.4178, "bus_dcc": 1.3664, "bus_lcAssertive": 78.3741, "bus_lcCooperative": 0.7245, "bus_lcLookaheadLeft": 13.2901, "bus_lcPushy": 0.4826, "bus_lcSigma": 0.0724, "bus_lcSpeedGainRight": 3.7482, "bus_lcSublane": 0.7744, "bus_sigma": 0.219, "bus_tau_mean": 0.523, "bus_tau_std": 7.209, "bus_v_mean": 19.8556, "bus_v_std": 11.5115, "car_acc": 3.9168, "car_dcc": 0.8506, "car_lcAssertive": 40.1732, "car_lcCooperative": 0.0374, "car_lcLookaheadLeft": 17.3304, "car_lcPushy": 0.3887, "car_lcSigma": 0.0983, "car_lcSpeedGainRight": 4.087, "car_lcSublane": 0.9481, "car_sigma": 0.8443, "car_tau_mean": 1.1685, "car_tau_std": 9.2703, "car_v_mean": 8.0136, "car_v_std": 1.5714}, "datetime": {"datetime": "2024-09-05 15:59:07", "elapsed": 18602.75737, "delta": 19.095338}}
{"target": -0.5589587073337273, "params": {"bus_acc": 3.7354, "bus_dcc": 0.6521, "bus_lcAssertive": 95.8301, "bus_lcCooperative": 0.0044, "bus_lcLookaheadLeft": 89.1892, "bus_lcPushy": 0.4893, "bus_lcSigma": 0.4749, "bus_lcSpeedGainRight": 2.9628, "bus_lcSublane": 0.7104, "bus_sigma": 0.4432, "bus_tau_mean": 0.6402, "bus_tau_std": 2.5509, "bus_v_mean": 10.1456, "bus_v_std": 16.7, "car_acc": 0.5362, "car_dcc": 2.7409, "car_lcAssertive": 16.4195, "car_lcCooperative": 0.1473, "car_lcLookaheadLeft": 60.2838, "car_lcPushy": 0.7902, "car_lcSigma": 0.1102, "car_lcSpeedGainRight": 3.4428, "car_lcSublane": 0.8789, "car_sigma": 0.693, "car_tau_mean": 0.7413, "car_tau_std": 8.2275, "car_v_mean": 19.2311, "car_v_std": 0.2357}, "datetime": {"datetime": "2024-09-05 15:59:43", "elapsed": 18638.911197, "delta": 36.153827}}
{"target": -0.8440495298217802, "params": {"bus_acc": 0.5761, "bus_dcc": 0.6394, "bus_lcAssertive": 53.5945, "bus_lcCooperative": 0.4279, "bus_lcLookaheadLeft": 77.3827, "bus_lcPushy": 0.5961, "bus_lcSigma": 0.6861, "bus_lcSpeedGainRight": 4.0242, "bus_lcSublane": 0.8131, "bus_sigma": 0.3408, "bus_tau_mean": 2.9303, "bus_tau_std": 8.2007, "bus_v_mean": 20.0223, "bus_v_std": 17.8594, "car_acc": 3.1674, "car_dcc": 0.9842, "car_lcAssertive": 15.821, "car_lcCooperative": 0.4223, "car_lcLookaheadLeft": 12.2088, "car_lcPushy": 0.3274, "car_lcSigma": 0.8995, "car_lcSpeedGainRight": 1.4729, "car_lcSublane": 0.24, "car_sigma": 0.3338, "car_tau_mean": 1.5147, "car_tau_std": 4.5533, "car_v_mean": 14.2327, "car_v_std": 19.3914}, "datetime": {"datetime": "2024-09-05 16:00:02", "elapsed": 18658.462127, "delta": 19.55093}}
{"target": -0.21701428470396147, "params": {"bus_acc": 2.9901, "bus_dcc": 1.7832, "bus_lcAssertive": 92.3698, "bus_lcCooperative": 0.9672, "bus_lcLookaheadLeft": 61.6409, "bus_lcPushy": 0.5572, "bus_lcSigma": 0.4289, "bus_lcSpeedGainRight": 0.8734, "bus_lcSublane": 0.3568, "bus_sigma": 0.7066, "bus_tau_mean": 1.2327, "bus_tau_std": 0.7441, "bus_v_mean": 23.1638, "bus_v_std": 12.1532, "car_acc": 3.8429, "car_dcc": 1.1544, "car_lcAssertive": 63.4973, "car_lcCooperative": 0.7931, "car_lcLookaheadLeft": 36.4629, "car_lcPushy": 0.0115, "car_lcSigma": 0.9781, "car_lcSpeedGainRight": 4.0803, "car_lcSublane": 0.4222, "car_sigma": 0.4303, "car_tau_mean": 2.8088, "car_tau_std": 3.0943, "car_v_mean": 20.1707, "car_v_std": 16.0208}, "datetime": {"datetime": "2024-09-05 16:00:22", "elapsed": 18678.415042, "delta": 19.952915}}
{"target": -0.244555912986973, "params": {"bus_acc": 3.9236, "bus_dcc": 0.4693, "bus_lcAssertive": 53.6225, "bus_lcCooperative": 0.5559, "bus_lcLookaheadLeft": 39.3833, "bus_lcPushy": 0.1262, "bus_lcSigma": 0.1983, "bus_lcSpeedGainRight": 1.6849, "bus_lcSublane": 0.1333, "bus_sigma": 0.996, "bus_tau_mean": 1.5119, "bus_tau_std": 2.4413, "bus_v_mean": 17.8236, "bus_v_std": 2.165, "car_acc": 0.3654, "car_dcc": 2.0356, "car_lcAssertive": 55.6462, "car_lcCooperative": 0.8551, "car_lcLookaheadLeft": 7.5624, "car_lcPushy": 0.5867, "car_lcSigma": 0.4324, "car_lcSpeedGainRight": 1.4933, "car_lcSublane": 0.0654, "car_sigma": 0.1103, "car_tau_mean": 3.4272, "car_tau_std": 3.3659, "car_v_mean": 21.9346, "car_v_std": 13.3716}, "datetime": {"datetime": "2024-09-05 16:00:57", "elapsed": 18713.20284, "delta": 34.787798}}
{"target": -0.19692793891772417, "params": {"bus_acc": 2.6872, "bus_dcc": 3.1975, "bus_lcAssertive": 39.9592, "bus_lcCooperative": 0.3668, "bus_lcLookaheadLeft": 70.6154, "bus_lcPushy": 0.2689, "bus_lcSigma": 0.6646, "bus_lcSpeedGainRight": 3.5844, "bus_lcSublane": 0.5829, "bus_sigma": 0.2801, "bus_tau_mean": 1.6149, "bus_tau_std": 3.0537, "bus_v_mean": 19.241, "bus_v_std": 14.0411, "car_acc": 3.8485, "car_dcc": 2.3789, "car_lcAssertive": 27.631, "car_lcCooperative": 0.9519, "car_lcLookaheadLeft": 15.455, "car_lcPushy": 0.8312, "car_lcSigma": 0.9258, "car_lcSpeedGainRight": 3.117, "car_lcSublane": 0.6999, "car_sigma": 0.2815, "car_tau_mean": 1.2472, "car_tau_std": 1.2581, "car_v_mean": 16.4651, "car_v_std": 5.9417}, "datetime": {"datetime": "2024-09-05 16:01:35", "elapsed": 18751.192291, "delta": 37.989451}}
{"target": -0.18124477234056302, "params": {"bus_acc": 0.6363, "bus_dcc": 2.8347, "bus_lcAssertive": 96.7435, "bus_lcCooperative": 0.1546, "bus_lcLookaheadLeft": 88.6967, "bus_lcPushy": 0.704, "bus_lcSigma": 0.201, "bus_lcSpeedGainRight": 0.8823, "bus_lcSublane": 0.1276, "bus_sigma": 0.2306, "bus_tau_mean": 1.5908, "bus_tau_std": 3.1802, "bus_v_mean": 10.7818, "bus_v_std": 16.4761, "car_acc": 1.6124, "car_dcc": 0.7485, "car_lcAssertive": 52.1436, "car_lcCooperative": 0.9793, "car_lcLookaheadLeft": 64.6874, "car_lcPushy": 0.7383, "car_lcSigma": 0.0338, "car_lcSpeedGainRight": 2.7936, "car_lcSublane": 0.0861, "car_sigma": 0.959, "car_tau_mean": 1.1549, "car_tau_std": 4.1218, "car_v_mean": 20.9219, "car_v_std": 17.9899}, "datetime": {"datetime": "2024-09-05 16:01:56", "elapsed": 18771.469772, "delta": 20.277481}}
{"target": -0.25156834302362624, "params": {"bus_acc": 1.1805, "bus_dcc": 1.5892, "bus_lcAssertive": 32.2997, "bus_lcCooperative": 0.6789, "bus_lcLookaheadLeft": 15.3692, "bus_lcPushy": 0.9244, "bus_lcSigma": 0.6806, "bus_lcSpeedGainRight": 1.4397, "bus_lcSublane": 0.6433, "bus_sigma": 0.3502, "bus_tau_mean": 3.9089, "bus_tau_std": 4.8647, "bus_v_mean": 8.7763, "bus_v_std": 16.7505, "car_acc": 0.3002, "car_dcc": 3.33, "car_lcAssertive": 92.6464, "car_lcCooperative": 0.9271, "car_lcLookaheadLeft": 60.6087, "car_lcPushy": 0.6426, "car_lcSigma": 0.2873, "car_lcSpeedGainRight": 2.9421, "car_lcSublane": 0.8844, "car_sigma": 0.3461, "car_tau_mean": 3.2722, "car_tau_std": 6.493, "car_v_mean": 25.2321, "car_v_std": 2.7823}, "datetime": {"datetime": "2024-09-05 16:02:12", "elapsed": 18788.450398, "delta": 16.980626}}
{"target": -0.15912975916990096, "params": {"bus_acc": 3.7089, "bus_dcc": 3.2391, "bus_lcAssertive": 87.7502, "bus_lcCooperative": 0.0962, "bus_lcLookaheadLeft": 24.8346, "bus_lcPushy": 0.4532, "bus_lcSigma": 0.5331, "bus_lcSpeedGainRight": 1.9633, "bus_lcSublane": 0.5817, "bus_sigma": 0.4702, "bus_tau_mean": 0.9585, "bus_tau_std": 2.3127, "bus_v_mean": 9.7562, "bus_v_std": 4.088, "car_acc": 2.8449, "car_dcc": 3.2322, "car_lcAssertive": 84.908, "car_lcCooperative": 0.9252, "car_lcLookaheadLeft": 91.1229, "car_lcPushy": 0.5784, "car_lcSigma": 0.832, "car_lcSpeedGainRight": 3.5631, "car_lcSublane": 0.8659, "car_sigma": 0.6337, "car_tau_mean": 3.34, "car_tau_std": 7.1743, "car_v_mean": 19.1582, "car_v_std": 5.9483}, "datetime": {"datetime": "2024-09-05 16:02:51", "elapsed": 18827.408893, "delta": 38.958495}}
{"target": -0.2241034031489082, "params": {"bus_acc": 2.8598, "bus_dcc": 1.8447, "bus_lcAssertive": 66.6439, "bus_lcCooperative": 0.4504, "bus_lcLookaheadLeft": 58.7154, "bus_lcPushy": 0.1089, "bus_lcSigma": 0.2999, "bus_lcSpeedGainRight": 4.3243, "bus_lcSublane": 0.2672, "bus_sigma": 0.2862, "bus_tau_mean": 2.2509, "bus_tau_std": 1.0273, "bus_v_mean": 12.0456, "bus_v_std": 8.2568, "car_acc": 0.3922, "car_dcc": 0.8811, "car_lcAssertive": 2.9789, "car_lcCooperative": 0.1222, "car_lcLookaheadLeft": 17.5125, "car_lcPushy": 0.6785, "car_lcSigma": 0.1253, "car_lcSpeedGainRight": 4.9566, "car_lcSublane": 0.2927, "car_sigma": 0.068, "car_tau_mean": 0.9953, "car_tau_std": 9.2737, "car_v_mean": 19.8123, "car_v_std": 0.9081}, "datetime": {"datetime": "2024-09-05 16:03:59", "elapsed": 18894.816698, "delta": 67.407805}}
{"target": -0.21743128505891107, "params": {"bus_acc": 3.5659, "bus_dcc": 0.656, "bus_lcAssertive": 38.4144, "bus_lcCooperative": 0.9984, "bus_lcLookaheadLeft": 70.9833, "bus_lcPushy": 0.0277, "bus_lcSigma": 0.2375, "bus_lcSpeedGainRight": 4.7093, "bus_lcSublane": 0.9966, "bus_sigma": 0.6499, "bus_tau_mean": 0.9405, "bus_tau_std": 2.4964, "bus_v_mean": 9.0842, "bus_v_std": 6.2293, "car_acc": 3.6694, "car_dcc": 3.1649, "car_lcAssertive": 3.4302, "car_lcCooperative": 0.4348, "car_lcLookaheadLeft": 77.0177, "car_lcPushy": 0.0388, "car_lcSigma": 0.8115, "car_lcSpeedGainRight": 2.6307, "car_lcSublane": 0.3955, "car_sigma": 0.116, "car_tau_mean": 2.0538, "car_tau_std": 7.4128, "car_v_mean": 20.1972, "car_v_std": 19.4197}, "datetime": {"datetime": "2024-09-05 16:04:18", "elapsed": 18914.31978, "delta": 19.503082}}
{"target": -0.17579052969463035, "params": {"bus_acc": 0.6642, "bus_dcc": 3.2493, "bus_lcAssertive": 54.8613, "bus_lcCooperative": 0.5645, "bus_lcLookaheadLeft": 19.5335, "bus_lcPushy": 0.7193, "bus_lcSigma": 0.7071, "bus_lcSpeedGainRight": 1.697, "bus_lcSublane": 0.8503, "bus_sigma": 0.926, "bus_tau_mean": 0.6868, "bus_tau_std": 8.0752, "bus_v_mean": 22.2585, "bus_v_std": 8.0727, "car_acc": 3.5936, "car_dcc": 3.4866, "car_lcAssertive": 99.4105, "car_lcCooperative": 0.5287, "car_lcLookaheadLeft": 31.5369, "car_lcPushy": 0.963, "car_lcSigma": 0.0018, "car_lcSpeedGainRight": 0.0898, "car_lcSublane": 0.7761, "car_sigma": 0.1019, "car_tau_mean": 3.4524, "car_tau_std": 0.6489, "car_v_mean": 18.8294, "car_v_std": 2.3867}, "datetime": {"datetime": "2024-09-05 16:04:42", "elapsed": 18938.338045, "delta": 24.018265}}
{"target": -0.1772970241385723, "params": {"bus_acc": 3.5876, "bus_dcc": 3.9955, "bus_lcAssertive": 70.3093, "bus_lcCooperative": 0.8217, "bus_lcLookaheadLeft": 96.4756, "bus_lcPushy": 0.573, "bus_lcSigma": 0.5843, "bus_lcSpeedGainRight": 3.6913, "bus_lcSublane": 0.4618, "bus_sigma": 0.2197, "bus_tau_mean": 1.8375, "bus_tau_std": 5.5272, "bus_v_mean": 15.1204, "bus_v_std": 5.2186, "car_acc": 3.7687, "car_dcc": 2.5078, "car_lcAssertive": 9.775, "car_lcCooperative": 0.5536, "car_lcLookaheadLeft": 18.979, "car_lcPushy": 0.9041, "car_lcSigma": 0.9626, "car_lcSpeedGainRight": 4.9807, "car_lcSublane": 0.4178, "car_sigma": 0.0819, "car_tau_mean": 3.7421, "car_tau_std": 9.3001, "car_v_mean": 15.8361, "car_v_std": 17.3063}, "datetime": {"datetime": "2024-09-05 16:05:03", "elapsed": 18959.002887, "delta": 20.664842}}
{"target": -0.18292049966649424, "params": {"bus_acc": 1.8557, "bus_dcc": 3.6545, "bus_lcAssertive": 28.6909, "bus_lcCooperative": 0.9682, "bus_lcLookaheadLeft": 89.0397, "bus_lcPushy": 0.8928, "bus_lcSigma": 0.1901, "bus_lcSpeedGainRight": 3.4628, "bus_lcSublane": 0.6942, "bus_sigma": 0.384, "bus_tau_mean": 0.9657, "bus_tau_std": 7.3964, "bus_v_mean": 17.579, "bus_v_std": 10.9042, "car_acc": 1.3998, "car_dcc": 1.3522, "car_lcAssertive": 43.783, "car_lcCooperative": 0.4957, "car_lcLookaheadLeft": 22.0259, "car_lcPushy": 0.7415, "car_lcSigma": 0.9469, "car_lcSpeedGainRight": 2.9676, "car_lcSublane": 0.5816, "car_sigma": 0.4001, "car_tau_mean": 3.0188, "car_tau_std": 1.8751, "car_v_mean": 17.3956, "car_v_std": 9.5936}, "datetime": {"datetime": "2024-09-05 16:05:24", "elapsed": 18980.350543, "delta": 21.347656}}
{"target": -0.19435795452636995, "params": {"bus_acc": 1.3408, "bus_dcc": 3.135, "bus_lcAssertive": 48.2919, "bus_lcCooperative": 0.2095, "bus_lcLookaheadLeft": 37.4207, "bus_lcPushy": 0.296, "bus_lcSigma": 0.8227, "bus_lcSpeedGainRight": 1.7146, "bus_lcSublane": 0.9072, "bus_sigma": 0.1909, "bus_tau_mean": 3.3667, "bus_tau_std": 6.8063, "bus_v_mean": 14.6451, "bus_v_std": 9.194, "car_acc": 0.8886, "car_dcc": 0.3875, "car_lcAssertive": 87.0731, "car_lcCooperative": 0.6995, "car_lcLookaheadLeft": 49.3599, "car_lcPushy": 0.2669, "car_lcSigma": 0.4957, "car_lcSpeedGainRight": 0.6615, "car_lcSublane": 0.7297, "car_sigma": 0.5395, "car_tau_mean": 2.8358, "car_tau_std": 4.6123, "car_v_mean": 9.6544, "car_v_std": 11.4701}, "datetime": {"datetime": "2024-09-05 16:05:42", "elapsed": 18997.682405, "delta": 17.331862}}
{"target": -0.24717894008589192, "params": {"bus_acc": 1.1077, "bus_dcc": 2.9724, "bus_lcAssertive": 27.8499, "bus_lcCooperative": 0.1784, "bus_lcLookaheadLeft": 69.6109, "bus_lcPushy": 0.7262, "bus_lcSigma": 0.0438, "bus_lcSpeedGainRight": 0.2415, "bus_lcSublane": 0.6146, "bus_sigma": 0.9629, "bus_tau_mean": 2.998, "bus_tau_std": 0.2022, "bus_v_mean": 11.8772, "bus_v_std": 12.3098, "car_acc": 1.0393, "car_dcc": 2.8438, "car_lcAssertive": 44.1883, "car_lcCooperative": 0.4304, "car_lcLookaheadLeft": 59.2586, "car_lcPushy": 0.2661, "car_lcSigma": 0.4938, "car_lcSpeedGainRight": 4.1311, "car_lcSublane": 0.8605, "car_sigma": 0.5325, "car_tau_mean": 2.1108, "car_tau_std": 2.011, "car_v_mean": 19.351, "car_v_std": 11.7677}, "datetime": {"datetime": "2024-09-05 16:06:03", "elapsed": 19018.684117, "delta": 21.001712}}
{"target": -0.18453437808961068, "params": {"bus_acc": 0.6177, "bus_dcc": 3.2021, "bus_lcAssertive": 45.1186, "bus_lcCooperative": 0.5669, "bus_lcLookaheadLeft": 57.4136, "bus_lcPushy": 0.5337, "bus_lcSigma": 0.3894, "bus_lcSpeedGainRight": 4.5252, "bus_lcSublane": 0.562, "bus_sigma": 0.479, "bus_tau_mean": 3.8527, "bus_tau_std": 8.1948, "bus_v_mean": 10.025, "bus_v_std": 4.4607, "car_acc": 2.4606, "car_dcc": 3.2991, "car_lcAssertive": 61.0496, "car_lcCooperative": 0.043, "car_lcLookaheadLeft": 72.1138, "car_lcPushy": 0.6881, "car_lcSigma": 0.0854, "car_lcSpeedGainRight": 4.5342, "car_lcSublane": 0.9739, "car_sigma": 0.8499, "car_tau_mean": 3.3478, "car_tau_std": 1.2425, "car_v_mean": 11.5626, "car_v_std": 14.0286}, "datetime": {"datetime": "2024-09-05 16:06:23", "elapsed": 19039.153513, "delta": 20.469396}}
{"target": -0.2321486489690768, "params": {"bus_acc": 2.8993, "bus_dcc": 1.8631, "bus_lcAssertive": 8.3524, "bus_lcCooperative": 0.6218, "bus_lcLookaheadLeft": 8.2854, "bus_lcPushy": 0.1299, "bus_lcSigma": 0.7797, "bus_lcSpeedGainRight": 0.4028, "bus_lcSublane": 0.8993, "bus_sigma": 0.1051, "bus_tau_mean": 3.6686, "bus_tau_std": 5.6694, "bus_v_mean": 25.9523, "bus_v_std": 1.0272, "car_acc": 3.3541, "car_dcc": 0.6358, "car_lcAssertive": 56.8399, "car_lcCooperative": 0.6271, "car_lcLookaheadLeft": 86.8241, "car_lcPushy": 0.9738, "car_lcSigma": 0.5636, "car_lcSpeedGainRight": 4.2996, "car_lcSublane": 0.8334, "car_sigma": 0.5737, "car_tau_mean": 2.8582, "car_tau_std": 4.2533, "car_v_mean": 15.1263, "car_v_std": 3.8979}, "datetime": {"datetime": "2024-09-05 16:06:47", "elapsed": 19062.716229, "delta": 23.562716}}
{"target": -0.21799105845365205, "params": {"bus_acc": 2.6439, "bus_dcc": 0.5418, "bus_lcAssertive": 17.7305, "bus_lcCooperative": 0.6718, "bus_lcLookaheadLeft": 70.1488, "bus_lcPushy": 0.4696, "bus_lcSigma": 0.0562, "bus_lcSpeedGainRight": 2.4787, "bus_lcSublane": 0.5282, "bus_sigma": 0.5414, "bus_tau_mean": 2.7354, "bus_tau_std": 8.3824, "bus_v_mean": 13.901, "bus_v_std": 2.3413, "car_acc": 0.3127, "car_dcc": 0.7861, "car_lcAssertive": 93.7415, "car_lcCooperative": 0.89, "car_lcLookaheadLeft": 62.7184, "car_lcPushy": 0.2173, "car_lcSigma": 0.6439, "car_lcSpeedGainRight": 3.9644, "car_lcSublane": 0.7013, "car_sigma": 0.8433, "car_tau_mean": 0.7555, "car_tau_std": 0.1181, "car_v_mean": 25.9145, "car_v_std": 2.0721}, "datetime": {"datetime": "2024-09-05 16:07:38", "elapsed": 19113.789793, "delta": 51.073564}}
