{"target": -0.2472324922597132, "params": {"bus_acc": 3.4617, "bus_dcc": 0.6412, "bus_lcAssertive": 18.6304, "bus_lcCooperative": 0.5022, "bus_lcLookaheadLeft": 28.9988, "bus_lcPushy": 0.2499, "bus_lcSigma": 0.3409, "bus_lcSpeedGainRight": 4.8612, "bus_lcSublane": 0.2649, "bus_sigma": 0.0293, "bus_tau_mean": 0.5236, "bus_tau_std": 5.2364, "bus_v_mean": 25.0441, "bus_v_std": 16.1352, "car_acc": 0.4507, "car_dcc": 3.9625, "car_lcAssertive": 40.9177, "car_lcCooperative": 0.9436, "car_lcLookaheadLeft": 58.958, "car_lcPushy": 0.9433, "car_lcSigma": 0.7847, "car_lcSpeedGainRight": 1.0258, "car_lcSublane": 0.9832, "car_sigma": 0.9633, "car_tau_mean": 0.6511, "car_tau_std": 5.8371, "car_v_mean": 20.4516, "car_v_std": 6.7023}, "datetime": {"datetime": "2024-08-11 18:00:22", "elapsed": 1093.41572, "delta": 3.523646}}
{"target": -0.5014394938992249, "params": {"bus_acc": 0.9444, "bus_dcc": 1.9614, "bus_lcAssertive": 61.2371, "bus_lcCooperative": 0.3296, "bus_lcLookaheadLeft": 80.4166, "bus_lcPushy": 0.0289, "bus_lcSigma": 0.1211, "bus_lcSpeedGainRight": 0.0367, "bus_lcSublane": 0.2184, "bus_sigma": 0.0799, "bus_tau_mean": 2.2155, "bus_tau_std": 6.2485, "bus_v_mean": 21.9313, "bus_v_std": 16.7198, "car_acc": 3.5972, "car_dcc": 0.7622, "car_lcAssertive": 22.8989, "car_lcCooperative": 0.5579, "car_lcLookaheadLeft": 7.2147, "car_lcPushy": 0.2181, "car_lcSigma": 0.5261, "car_lcSpeedGainRight": 4.1867, "car_lcSublane": 0.8478, "car_sigma": 0.3717, "car_tau_mean": 2.4829, "car_tau_std": 6.1633, "car_v_mean": 10.9964, "car_v_std": 8.4209}, "datetime": {"datetime": "2024-08-11 18:00:27", "elapsed": 1098.067212, "delta": 4.651492}}
{"target": -0.4463718720602081, "params": {"bus_acc": 1.0648, "bus_dcc": 2.8328, "bus_lcAssertive": 96.2759, "bus_lcCooperative": 0.5704, "bus_lcLookaheadLeft": 65.6419, "bus_lcPushy": 0.4774, "bus_lcSigma": 0.1678, "bus_lcSpeedGainRight": 4.2258, "bus_lcSublane": 0.5459, "bus_sigma": 0.8379, "bus_tau_mean": 2.6693, "bus_tau_std": 7.562, "bus_v_mean": 17.7743, "bus_v_std": 7.239, "car_acc": 2.3531, "car_dcc": 1.2665, "car_lcAssertive": 92.9158, "car_lcCooperative": 0.7747, "car_lcLookaheadLeft": 78.0379, "car_lcPushy": 0.2381, "car_lcSigma": 0.2608, "car_lcSpeedGainRight": 2.8234, "car_lcSublane": 0.7605, "car_sigma": 0.5925, "car_tau_mean": 3.9057, "car_tau_std": 2.8426, "car_v_mean": 11.82, "car_v_std": 13.0927}, "datetime": {"datetime": "2024-08-11 18:00:30", "elapsed": 1100.731766, "delta": 2.664554}}
{"target": -0.40866843664972263, "params": {"bus_acc": 2.0699, "bus_dcc": 3.9343, "bus_lcAssertive": 2.1039, "bus_lcCooperative": 0.4591, "bus_lcLookaheadLeft": 36.5477, "bus_lcPushy": 0.9535, "bus_lcSigma": 0.8179, "bus_lcSpeedGainRight": 1.3373, "bus_lcSublane": 0.4832, "bus_sigma": 0.6052, "bus_tau_mean": 0.5279, "bus_tau_std": 1.2764, "bus_v_mean": 24.8856, "bus_v_std": 6.0703, "car_acc": 2.1925, "car_dcc": 2.5234, "car_lcAssertive": 8.9857, "car_lcCooperative": 0.5673, "car_lcLookaheadLeft": 90.8653, "car_lcPushy": 0.3434, "car_lcSigma": 0.3998, "car_lcSpeedGainRight": 0.4894, "car_lcSublane": 0.8419, "car_sigma": 0.416, "car_tau_mean": 1.0025, "car_tau_std": 3.6427, "car_v_mean": 20.9034, "car_v_std": 1.1158}, "datetime": {"datetime": "2024-08-11 18:00:33", "elapsed": 1104.046516, "delta": 3.31475}}
{"target": -0.3255019591671983, "params": {"bus_acc": 0.3829, "bus_dcc": 1.1347, "bus_lcAssertive": 7.3482, "bus_lcCooperative": 0.767, "bus_lcLookaheadLeft": 86.5133, "bus_lcPushy": 0.9661, "bus_lcSigma": 0.8149, "bus_lcSpeedGainRight": 4.151, "bus_lcSublane": 0.338, "bus_sigma": 0.8977, "bus_tau_mean": 2.1837, "bus_tau_std": 4.5219, "bus_v_mean": 16.5557, "bus_v_std": 0.9684, "car_acc": 3.521, "car_dcc": 2.1868, "car_lcAssertive": 46.1295, "car_lcCooperative": 0.7788, "car_lcLookaheadLeft": 46.874, "car_lcPushy": 0.4234, "car_lcSigma": 0.3605, "car_lcSpeedGainRight": 1.0594, "car_lcSublane": 0.2792, "car_sigma": 0.1539, "car_tau_mean": 3.2539, "car_tau_std": 2.14, "car_v_mean": 18.9174, "car_v_std": 14.6792}, "datetime": {"datetime": "2024-08-11 18:00:38", "elapsed": 1108.826133, "delta": 4.779617}}
{"target": -0.34327700916960957, "params": {"bus_acc": 2.656, "bus_dcc": 0.5896, "bus_lcAssertive": 86.8085, "bus_lcCooperative": 0.0732, "bus_lcLookaheadLeft": 36.2496, "bus_lcPushy": 0.4727, "bus_lcSigma": 0.1208, "bus_lcSpeedGainRight": 4.1549, "bus_lcSublane": 0.9911, "bus_sigma": 0.9975, "bus_tau_mean": 2.008, "bus_tau_std": 7.7832, "bus_v_mean": 17.8943, "bus_v_std": 6.0739, "car_acc": 1.8886, "car_dcc": 3.0251, "car_lcAssertive": 65.3353, "car_lcCooperative": 0.715, "car_lcLookaheadLeft": 21.468, "car_lcPushy": 0.8509, "car_lcSigma": 0.1804, "car_lcSpeedGainRight": 3.6451, "car_lcSublane": 0.7862, "car_sigma": 0.4227, "car_tau_mean": 3.268, "car_tau_std": 2.5816, "car_v_mean": 21.1924, "car_v_std": 13.9966}, "datetime": {"datetime": "2024-08-11 18:00:40", "elapsed": 1111.554146, "delta": 2.728013}}
{"target": -0.4072729520730481, "params": {"bus_acc": 3.9282, "bus_dcc": 2.9755, "bus_lcAssertive": 75.417, "bus_lcCooperative": 0.0183, "bus_lcLookaheadLeft": 62.7904, "bus_lcPushy": 0.9175, "bus_lcSigma": 0.2698, "bus_lcSpeedGainRight": 0.5687, "bus_lcSublane": 0.2017, "bus_sigma": 0.1492, "bus_tau_mean": 0.9669, "bus_tau_std": 3.2149, "bus_v_mean": 10.4546, "bus_v_std": 4.2139, "car_acc": 3.3579, "car_dcc": 2.3253, "car_lcAssertive": 60.4887, "car_lcCooperative": 0.3655, "car_lcLookaheadLeft": 83.2682, "car_lcPushy": 0.3956, "car_lcSigma": 0.5494, "car_lcSpeedGainRight": 3.5551, "car_lcSublane": 0.5907, "car_sigma": 0.9977, "car_tau_mean": 2.7768, "car_tau_std": 7.3155, "car_v_mean": 15.6022, "car_v_std": 2.07}, "datetime": {"datetime": "2024-08-11 18:00:47", "elapsed": 1118.281567, "delta": 6.727421}}
{"target": -0.49660992918055297, "params": {"bus_acc": 1.5436, "bus_dcc": 3.9183, "bus_lcAssertive": 43.719, "bus_lcCooperative": 0.5475, "bus_lcLookaheadLeft": 87.6291, "bus_lcPushy": 0.3134, "bus_lcSigma": 0.4163, "bus_lcSpeedGainRight": 1.0059, "bus_lcSublane": 0.3135, "bus_sigma": 0.4616, "bus_tau_mean": 3.4566, "bus_tau_std": 0.4356, "bus_v_mean": 21.5708, "bus_v_std": 5.985, "car_acc": 3.4337, "car_dcc": 1.5866, "car_lcAssertive": 26.9379, "car_lcCooperative": 0.1455, "car_lcLookaheadLeft": 96.3927, "car_lcPushy": 0.7272, "car_lcSigma": 0.6617, "car_lcSpeedGainRight": 1.8732, "car_lcSublane": 0.688, "car_sigma": 0.4155, "car_tau_mean": 1.2323, "car_tau_std": 1.8941, "car_v_mean": 23.5364, "car_v_std": 11.3292}, "datetime": {"datetime": "2024-08-11 18:00:51", "elapsed": 1122.023993, "delta": 3.742426}}
{"target": -0.3999170572845823, "params": {"bus_acc": 1.9064, "bus_dcc": 2.1415, "bus_lcAssertive": 99.0144, "bus_lcCooperative": 0.9841, "bus_lcLookaheadLeft": 46.9101, "bus_lcPushy": 0.1508, "bus_lcSigma": 0.0337, "bus_lcSpeedGainRight": 4.8772, "bus_lcSublane": 0.5059, "bus_sigma": 0.2651, "bus_tau_mean": 1.7587, "bus_tau_std": 0.2059, "bus_v_mean": 13.4716, "bus_v_std": 11.1074, "car_acc": 3.1762, "car_dcc": 0.4994, "car_lcAssertive": 17.234, "car_lcCooperative": 0.578, "car_lcLookaheadLeft": 37.8544, "car_lcPushy": 0.6202, "car_lcSigma": 0.0286, "car_lcSpeedGainRight": 4.7317, "car_lcSublane": 0.6453, "car_sigma": 0.4457, "car_tau_mean": 0.8099, "car_tau_std": 9.7995, "car_v_mean": 15.6022, "car_v_std": 17.746}, "datetime": {"datetime": "2024-08-11 18:00:53", "elapsed": 1124.50451, "delta": 2.480517}}
{"target": -0.4606338900715293, "params": {"bus_acc": 3.01, "bus_dcc": 2.2791, "bus_lcAssertive": 2.0832, "bus_lcCooperative": 0.3406, "bus_lcLookaheadLeft": 57.1902, "bus_lcPushy": 0.9359, "bus_lcSigma": 0.8845, "bus_lcSpeedGainRight": 4.684, "bus_lcSublane": 0.6729, "bus_sigma": 0.1747, "bus_tau_mean": 1.3096, "bus_tau_std": 2.6957, "bus_v_mean": 17.6562, "bus_v_std": 17.6185, "car_acc": 3.1768, "car_dcc": 0.6442, "car_lcAssertive": 34.9585, "car_lcCooperative": 0.6416, "car_lcLookaheadLeft": 62.0577, "car_lcPushy": 0.0946, "car_lcSigma": 0.2929, "car_lcSpeedGainRight": 1.3024, "car_lcSublane": 0.3073, "car_sigma": 0.7175, "car_tau_mean": 3.1135, "car_tau_std": 8.5578, "car_v_mean": 9.8601, "car_v_std": 16.7888}, "datetime": {"datetime": "2024-08-11 18:00:56", "elapsed": 1127.462237, "delta": 2.957727}}
{"target": -0.4233828732670706, "params": {"bus_acc": 2.5437, "bus_dcc": 0.6595, "bus_lcAssertive": 51.9909, "bus_lcCooperative": 0.1732, "bus_lcLookaheadLeft": 51.0909, "bus_lcPushy": 0.1297, "bus_lcSigma": 0.6484, "bus_lcSpeedGainRight": 0.2741, "bus_lcSublane": 0.4443, "bus_sigma": 0.1046, "bus_tau_mean": 3.3234, "bus_tau_std": 1.2223, "bus_v_mean": 18.1189, "bus_v_std": 12.4252, "car_acc": 3.4392, "car_dcc": 0.8857, "car_lcAssertive": 66.0092, "car_lcCooperative": 0.1374, "car_lcLookaheadLeft": 23.5694, "car_lcPushy": 0.7815, "car_lcSigma": 0.3213, "car_lcSpeedGainRight": 4.6591, "car_lcSublane": 0.5819, "car_sigma": 0.4202, "car_tau_mean": 3.1621, "car_tau_std": 7.1062, "car_v_mean": 24.564, "car_v_std": 10.6008}, "datetime": {"datetime": "2024-08-11 18:00:58", "elapsed": 1129.308962, "delta": 1.846725}}
{"target": -0.4000605878720207, "params": {"bus_acc": 3.3939, "bus_dcc": 2.7315, "bus_lcAssertive": 5.7417, "bus_lcCooperative": 0.8367, "bus_lcLookaheadLeft": 34.4915, "bus_lcPushy": 0.5845, "bus_lcSigma": 0.6541, "bus_lcSpeedGainRight": 4.0952, "bus_lcSublane": 0.6739, "bus_sigma": 0.07, "bus_tau_mean": 0.8098, "bus_tau_std": 7.9998, "bus_v_mean": 12.8336, "bus_v_std": 16.5329, "car_acc": 2.5428, "car_dcc": 0.6885, "car_lcAssertive": 31.6099, "car_lcCooperative": 0.1688, "car_lcLookaheadLeft": 73.0866, "car_lcPushy": 0.7127, "car_lcSigma": 0.9435, "car_lcSpeedGainRight": 4.0479, "car_lcSublane": 0.1639, "car_sigma": 0.4482, "car_tau_mean": 3.9319, "car_tau_std": 3.4054, "car_v_mean": 16.464, "car_v_std": 11.326}, "datetime": {"datetime": "2024-08-11 18:01:02", "elapsed": 1133.58457, "delta": 4.275608}}
{"target": -0.5591514743151426, "params": {"bus_acc": 1.9893, "bus_dcc": 2.2749, "bus_lcAssertive": 84.2599, "bus_lcCooperative": 0.1226, "bus_lcLookaheadLeft": 62.5001, "bus_lcPushy": 0.1926, "bus_lcSigma": 0.3066, "bus_lcSpeedGainRight": 1.6991, "bus_lcSublane": 0.2103, "bus_sigma": 0.6942, "bus_tau_mean": 2.6769, "bus_tau_std": 4.3753, "bus_v_mean": 8.2929, "bus_v_std": 8.9754, "car_acc": 1.1045, "car_dcc": 2.4939, "car_lcAssertive": 35.7625, "car_lcCooperative": 0.761, "car_lcLookaheadLeft": 45.8819, "car_lcPushy": 0.5615, "car_lcSigma": 0.3986, "car_lcSpeedGainRight": 3.4847, "car_lcSublane": 0.0039, "car_sigma": 0.5163, "car_tau_mean": 1.9405, "car_tau_std": 5.2371, "car_v_mean": 9.1681, "car_v_std": 6.8649}, "datetime": {"datetime": "2024-08-11 18:01:06", "elapsed": 1137.290603, "delta": 3.706033}}
{"target": -0.6141615459106567, "params": {"bus_acc": 1.1809, "bus_dcc": 1.2807, "bus_lcAssertive": 35.2125, "bus_lcCooperative": 0.4369, "bus_lcLookaheadLeft": 37.3232, "bus_lcPushy": 0.8152, "bus_lcSigma": 0.7837, "bus_lcSpeedGainRight": 0.596, "bus_lcSublane": 0.8982, "bus_sigma": 0.8748, "bus_tau_mean": 1.5096, "bus_tau_std": 0.0406, "bus_v_mean": 24.4041, "bus_v_std": 14.6209, "car_acc": 0.705, "car_dcc": 0.2808, "car_lcAssertive": 31.4406, "car_lcCooperative": 0.1788, "car_lcLookaheadLeft": 72.8982, "car_lcPushy": 0.1256, "car_lcSigma": 0.3417, "car_lcSpeedGainRight": 0.388, "car_lcSublane": 0.2737, "car_sigma": 0.2542, "car_tau_mean": 3.8538, "car_tau_std": 3.4654, "car_v_mean": 22.3148, "car_v_std": 12.1347}, "datetime": {"datetime": "2024-08-11 18:01:10", "elapsed": 1140.788135, "delta": 3.497532}}
{"target": -0.5180884009933595, "params": {"bus_acc": 3.7728, "bus_dcc": 1.6751, "bus_lcAssertive": 71.5028, "bus_lcCooperative": 0.563, "bus_lcLookaheadLeft": 75.5322, "bus_lcPushy": 0.6281, "bus_lcSigma": 0.408, "bus_lcSpeedGainRight": 4.6555, "bus_lcSublane": 0.9287, "bus_sigma": 0.6193, "bus_tau_mean": 3.3454, "bus_tau_std": 9.1455, "bus_v_mean": 8.6675, "bus_v_std": 4.7565, "car_acc": 2.8861, "car_dcc": 2.116, "car_lcAssertive": 77.5699, "car_lcCooperative": 0.6171, "car_lcLookaheadLeft": 79.0058, "car_lcPushy": 0.718, "car_lcSigma": 0.1914, "car_lcSpeedGainRight": 1.0744, "car_lcSublane": 0.1707, "car_sigma": 0.4125, "car_tau_mean": 2.079, "car_tau_std": 4.6823, "car_v_mean": 13.5923, "car_v_std": 19.3722}, "datetime": {"datetime": "2024-08-11 18:01:12", "elapsed": 1143.527071, "delta": 2.738936}}
{"target": -0.40927852876540777, "params": {"bus_acc": 1.1569, "bus_dcc": 3.1109, "bus_lcAssertive": 30.152, "bus_lcCooperative": 0.8448, "bus_lcLookaheadLeft": 27.6415, "bus_lcPushy": 0.595, "bus_lcSigma": 0.8715, "bus_lcSpeedGainRight": 1.0974, "bus_lcSublane": 0.1826, "bus_sigma": 0.9655, "bus_tau_mean": 3.7205, "bus_tau_std": 8.8245, "bus_v_mean": 10.9465, "bus_v_std": 10.7916, "car_acc": 0.8986, "car_dcc": 3.6701, "car_lcAssertive": 73.975, "car_lcCooperative": 0.6201, "car_lcLookaheadLeft": 79.486, "car_lcPushy": 0.193, "car_lcSigma": 0.5845, "car_lcSpeedGainRight": 0.5176, "car_lcSublane": 0.5546, "car_sigma": 0.0767, "car_tau_mean": 2.2999, "car_tau_std": 3.2952, "car_v_mean": 17.8043, "car_v_std": 1.6024}, "datetime": {"datetime": "2024-08-11 18:01:18", "elapsed": 1148.721658, "delta": 5.194587}}
{"target": -0.45816385001481796, "params": {"bus_acc": 0.3993, "bus_dcc": 2.9337, "bus_lcAssertive": 18.5256, "bus_lcCooperative": 0.6886, "bus_lcLookaheadLeft": 10.5437, "bus_lcPushy": 0.0104, "bus_lcSigma": 0.7462, "bus_lcSpeedGainRight": 0.2172, "bus_lcSublane": 0.1923, "bus_sigma": 0.6717, "bus_tau_mean": 1.8797, "bus_tau_std": 2.3282, "bus_v_mean": 19.4412, "bus_v_std": 10.8126, "car_acc": 2.4554, "car_dcc": 1.2643, "car_lcAssertive": 26.6416, "car_lcCooperative": 0.0439, "car_lcLookaheadLeft": 51.4562, "car_lcPushy": 0.4086, "car_lcSigma": 0.2145, "car_lcSpeedGainRight": 2.8434, "car_lcSublane": 0.0356, "car_sigma": 0.8924, "car_tau_mean": 2.0846, "car_tau_std": 2.4571, "car_v_mean": 22.2926, "car_v_std": 6.7437}, "datetime": {"datetime": "2024-08-11 18:01:20", "elapsed": 1151.371794, "delta": 2.650136}}
{"target": -0.35414600058318557, "params": {"bus_acc": 1.2001, "bus_dcc": 3.6252, "bus_lcAssertive": 15.3669, "bus_lcCooperative": 0.6118, "bus_lcLookaheadLeft": 82.6831, "bus_lcPushy": 0.6141, "bus_lcSigma": 0.4487, "bus_lcSpeedGainRight": 3.0698, "bus_lcSublane": 0.7043, "bus_sigma": 0.141, "bus_tau_mean": 3.7108, "bus_tau_std": 7.0295, "bus_v_mean": 10.5585, "bus_v_std": 8.791, "car_acc": 3.3227, "car_dcc": 3.8147, "car_lcAssertive": 66.7734, "car_lcCooperative": 0.4042, "car_lcLookaheadLeft": 58.8068, "car_lcPushy": 0.277, "car_lcSigma": 0.7507, "car_lcSpeedGainRight": 2.033, "car_lcSublane": 0.9699, "car_sigma": 0.8455, "car_tau_mean": 2.8682, "car_tau_std": 4.2396, "car_v_mean": 12.0751, "car_v_std": 2.9293}, "datetime": {"datetime": "2024-08-11 18:01:24", "elapsed": 1154.680833, "delta": 3.309039}}
{"target": -0.45692445999121256, "params": {"bus_acc": 1.0735, "bus_dcc": 0.8718, "bus_lcAssertive": 19.1948, "bus_lcCooperative": 0.7862, "bus_lcLookaheadLeft": 59.6561, "bus_lcPushy": 0.5091, "bus_lcSigma": 0.8214, "bus_lcSpeedGainRight": 1.1704, "bus_lcSublane": 0.9255, "bus_sigma": 0.5772, "bus_tau_mean": 2.2629, "bus_tau_std": 7.0477, "bus_v_mean": 15.1926, "bus_v_std": 3.2941, "car_acc": 1.1793, "car_dcc": 0.8149, "car_lcAssertive": 19.1212, "car_lcCooperative": 0.9791, "car_lcLookaheadLeft": 79.1716, "car_lcPushy": 0.2497, "car_lcSigma": 0.3724, "car_lcSpeedGainRight": 4.6666, "car_lcSublane": 0.2929, "car_sigma": 0.0972, "car_tau_mean": 2.7901, "car_tau_std": 2.5787, "car_v_mean": 19.1812, "car_v_std": 18.5485}, "datetime": {"datetime": "2024-08-11 18:01:26", "elapsed": 1157.438669, "delta": 2.757836}}
{"target": -0.33520308114692066, "params": {"bus_acc": 0.4801, "bus_dcc": 1.2765, "bus_lcAssertive": 35.3825, "bus_lcCooperative": 0.5599, "bus_lcLookaheadLeft": 68.8086, "bus_lcPushy": 0.476, "bus_lcSigma": 0.4492, "bus_lcSpeedGainRight": 2.8301, "bus_lcSublane": 0.0056, "bus_sigma": 0.4933, "bus_tau_mean": 1.6339, "bus_tau_std": 2.538, "bus_v_mean": 10.08, "bus_v_std": 14.9099, "car_acc": 1.9825, "car_dcc": 2.0223, "car_lcAssertive": 31.225, "car_lcCooperative": 0.2631, "car_lcLookaheadLeft": 47.6999, "car_lcPushy": 0.0293, "car_lcSigma": 0.1321, "car_lcSpeedGainRight": 1.2658, "car_lcSublane": 0.5335, "car_sigma": 0.5575, "car_tau_mean": 3.06, "car_tau_std": 5.9811, "car_v_mean": 24.1759, "car_v_std": 4.8879}, "datetime": {"datetime": "2024-08-11 18:01:28", "elapsed": 1159.144043, "delta": 1.705374}}
{"target": -0.23133854600992312, "params": {"bus_acc": 3.9332, "bus_dcc": 3.4888, "bus_lcAssertive": 21.433, "bus_lcCooperative": 0.7779, "bus_lcLookaheadLeft": 20.8678, "bus_lcPushy": 0.5576, "bus_lcSigma": 0.1134, "bus_lcSpeedGainRight": 3.4694, "bus_lcSublane": 0.6443, "bus_sigma": 0.7631, "bus_tau_mean": 2.1663, "bus_tau_std": 9.4288, "bus_v_mean": 25.8171, "bus_v_std": 13.5455, "car_acc": 0.585, "car_dcc": 2.2758, "car_lcAssertive": 64.4812, "car_lcCooperative": 0.1774, "car_lcLookaheadLeft": 2.1543, "car_lcPushy": 0.8687, "car_lcSigma": 0.9806, "car_lcSpeedGainRight": 4.7607, "car_lcSublane": 0.5547, "car_sigma": 0.0181, "car_tau_mean": 3.4632, "car_tau_std": 4.5108, "car_v_mean": 14.7743, "car_v_std": 2.722}, "datetime": {"datetime": "2024-08-11 18:01:33", "elapsed": 1163.696601, "delta": 4.552558}}
{"target": -0.39288546311402817, "params": {"bus_acc": 2.2496, "bus_dcc": 3.4896, "bus_lcAssertive": 86.776, "bus_lcCooperative": 0.1292, "bus_lcLookaheadLeft": 15.4107, "bus_lcPushy": 0.9148, "bus_lcSigma": 0.8862, "bus_lcSpeedGainRight": 2.2636, "bus_lcSublane": 0.8347, "bus_sigma": 0.6176, "bus_tau_mean": 0.965, "bus_tau_std": 4.5898, "bus_v_mean": 21.2294, "bus_v_std": 2.7946, "car_acc": 2.2332, "car_dcc": 1.0871, "car_lcAssertive": 16.7219, "car_lcCooperative": 0.2725, "car_lcLookaheadLeft": 52.4555, "car_lcPushy": 0.9733, "car_lcSigma": 0.8823, "car_lcSpeedGainRight": 4.0074, "car_lcSublane": 0.9641, "car_sigma": 0.0278, "car_tau_mean": 0.8727, "car_tau_std": 2.1837, "car_v_mean": 18.1395, "car_v_std": 13.8494}, "datetime": {"datetime": "2024-08-11 18:01:39", "elapsed": 1169.772608, "delta": 6.076007}}
{"target": -0.4971301584455389, "params": {"bus_acc": 2.9784, "bus_dcc": 1.7451, "bus_lcAssertive": 86.9059, "bus_lcCooperative": 0.9022, "bus_lcLookaheadLeft": 30.4759, "bus_lcPushy": 0.4907, "bus_lcSigma": 0.2705, "bus_lcSpeedGainRight": 2.418, "bus_lcSublane": 0.8666, "bus_sigma": 0.4473, "bus_tau_mean": 2.7197, "bus_tau_std": 1.536, "bus_v_mean": 16.9133, "bus_v_std": 2.3884, "car_acc": 1.5511, "car_dcc": 1.268, "car_lcAssertive": 10.0772, "car_lcCooperative": 0.8122, "car_lcLookaheadLeft": 65.9897, "car_lcPushy": 0.1557, "car_lcSigma": 0.0677, "car_lcSpeedGainRight": 4.1823, "car_lcSublane": 0.7757, "car_sigma": 0.4841, "car_tau_mean": 1.3365, "car_tau_std": 6.0898, "car_v_mean": 10.9932, "car_v_std": 7.4225}, "datetime": {"datetime": "2024-08-11 18:01:42", "elapsed": 1172.960981, "delta": 3.188373}}
{"target": -0.4253895536508474, "params": {"bus_acc": 3.1242, "bus_dcc": 2.2108, "bus_lcAssertive": 85.3882, "bus_lcCooperative": 0.0137, "bus_lcLookaheadLeft": 13.1921, "bus_lcPushy": 0.1254, "bus_lcSigma": 0.481, "bus_lcSpeedGainRight": 3.5446, "bus_lcSublane": 0.9086, "bus_sigma": 0.1339, "bus_tau_mean": 2.0274, "bus_tau_std": 3.9558, "bus_v_mean": 10.4193, "bus_v_std": 18.1435, "car_acc": 1.5155, "car_dcc": 1.808, "car_lcAssertive": 95.7961, "car_lcCooperative": 0.9184, "car_lcLookaheadLeft": 85.5702, "car_lcPushy": 0.1066, "car_lcSigma": 0.7926, "car_lcSpeedGainRight": 4.9282, "car_lcSublane": 0.8646, "car_sigma": 0.8813, "car_tau_mean": 1.4922, "car_tau_std": 4.9752, "car_v_mean": 15.0732, "car_v_std": 0.2878}, "datetime": {"datetime": "2024-08-11 18:01:45", "elapsed": 1176.585846, "delta": 3.624865}}
{"target": -0.43681913728170557, "params": {"bus_acc": 1.8607, "bus_dcc": 3.2822, "bus_lcAssertive": 14.6073, "bus_lcCooperative": 0.1213, "bus_lcLookaheadLeft": 25.4121, "bus_lcPushy": 0.9512, "bus_lcSigma": 0.7327, "bus_lcSpeedGainRight": 4.8934, "bus_lcSublane": 0.374, "bus_sigma": 0.8868, "bus_tau_mean": 3.2608, "bus_tau_std": 5.2972, "bus_v_mean": 20.9419, "bus_v_std": 14.1804, "car_acc": 2.0521, "car_dcc": 3.2488, "car_lcAssertive": 82.9064, "car_lcCooperative": 0.2279, "car_lcLookaheadLeft": 28.4405, "car_lcPushy": 0.2327, "car_lcSigma": 0.2413, "car_lcSpeedGainRight": 1.3786, "car_lcSublane": 0.6205, "car_sigma": 0.357, "car_tau_mean": 3.1301, "car_tau_std": 3.7765, "car_v_mean": 10.3826, "car_v_std": 13.1183}, "datetime": {"datetime": "2024-08-11 18:01:49", "elapsed": 1180.313994, "delta": 3.728148}}
{"target": -0.33779075667330605, "params": {"bus_acc": 1.4266, "bus_dcc": 3.8091, "bus_lcAssertive": 82.529, "bus_lcCooperative": 0.3956, "bus_lcLookaheadLeft": 51.0991, "bus_lcPushy": 0.177, "bus_lcSigma": 0.7172, "bus_lcSpeedGainRight": 1.5938, "bus_lcSublane": 0.2899, "bus_sigma": 0.8588, "bus_tau_mean": 3.3393, "bus_tau_std": 1.6075, "bus_v_mean": 18.8355, "bus_v_std": 11.0176, "car_acc": 3.3368, "car_dcc": 3.4787, "car_lcAssertive": 90.7712, "car_lcCooperative": 0.3954, "car_lcLookaheadLeft": 70.7602, "car_lcPushy": 0.8965, "car_lcSigma": 0.2874, "car_lcSpeedGainRight": 0.4444, "car_lcSublane": 0.8383, "car_sigma": 0.6661, "car_tau_mean": 3.585, "car_tau_std": 9.4205, "car_v_mean": 17.7548, "car_v_std": 15.3027}, "datetime": {"datetime": "2024-08-11 18:01:51", "elapsed": 1181.996079, "delta": 1.682085}}
