{"target": -0.22016681885170217, "params": {"bus_acc": 0.8878, "bus_dcc": 3.1669, "bus_lcAssertive": 2.2863, "bus_lcCooperative": 0.0387, "bus_lcLookaheadLeft": 97.4208, "bus_lcPushy": 0.6073, "bus_lcSigma": 0.155, "bus_lcSpeedGainRight": 2.3493, "bus_lcSublane": 0.9026, "bus_sigma": 0.592, "bus_tau_mean": 1.757, "bus_tau_std": 0.4978, "bus_v_mean": 25.115, "bus_v_std": 15.9828, "car_acc": 0.3461, "car_dcc": 3.8063, "car_lcAssertive": 67.3035, "car_lcCooperative": 0.7378, "car_lcLookaheadLeft": 20.2068, "car_lcPushy": 0.8489, "car_lcSigma": 0.4809, "car_lcSpeedGainRight": 2.5792, "car_lcSublane": 0.8012, "car_sigma": 0.9529, "car_tau_mean": 3.8332, "car_tau_std": 8.2815, "car_v_mean": 13.2187, "car_v_std": 12.9926}, "datetime": {"datetime": "2024-08-11 18:13:06", "elapsed": 1856.905286, "delta": 4.056053}}
{"target": -0.46985298067732356, "params": {"bus_acc": 2.8126, "bus_dcc": 0.6089, "bus_lcAssertive": 85.038, "bus_lcCooperative": 0.8915, "bus_lcLookaheadLeft": 88.0735, "bus_lcPushy": 0.7673, "bus_lcSigma": 0.9029, "bus_lcSpeedGainRight": 2.7897, "bus_lcSublane": 0.6784, "bus_sigma": 0.2663, "bus_tau_mean": 3.8618, "bus_tau_std": 4.3433, "bus_v_mean": 9.928, "bus_v_std": 6.1768, "car_acc": 2.1558, "car_dcc": 2.0792, "car_lcAssertive": 68.431, "car_lcCooperative": 0.8505, "car_lcLookaheadLeft": 90.1537, "car_lcPushy": 0.8159, "car_lcSigma": 0.9403, "car_lcSpeedGainRight": 2.9845, "car_lcSublane": 0.7564, "car_sigma": 0.8466, "car_tau_mean": 2.4682, "car_tau_std": 3.3968, "car_v_mean": 18.5806, "car_v_std": 7.9744}, "datetime": {"datetime": "2024-08-11 18:13:11", "elapsed": 1862.189726, "delta": 5.28444}}
{"target": -0.32235254463110335, "params": {"bus_acc": 0.3989, "bus_dcc": 3.5676, "bus_lcAssertive": 92.6691, "bus_lcCooperative": 0.7472, "bus_lcLookaheadLeft": 90.3898, "bus_lcPushy": 0.6445, "bus_lcSigma": 0.6785, "bus_lcSpeedGainRight": 2.2713, "bus_lcSublane": 0.8809, "bus_sigma": 0.2157, "bus_tau_mean": 1.4113, "bus_tau_std": 9.3829, "bus_v_mean": 12.8679, "bus_v_std": 6.1841, "car_acc": 2.6786, "car_dcc": 3.4607, "car_lcAssertive": 8.1193, "car_lcCooperative": 0.1603, "car_lcLookaheadLeft": 21.9272, "car_lcPushy": 0.1457, "car_lcSigma": 0.9591, "car_lcSpeedGainRight": 2.9843, "car_lcSublane": 0.8489, "car_sigma": 0.3479, "car_tau_mean": 2.7014, "car_tau_std": 5.6359, "car_v_mean": 24.3515, "car_v_std": 7.6951}, "datetime": {"datetime": "2024-08-11 18:13:14", "elapsed": 1865.354551, "delta": 3.164825}}
{"target": -0.31214886588370044, "params": {"bus_acc": 0.7654, "bus_dcc": 3.9894, "bus_lcAssertive": 30.6239, "bus_lcCooperative": 0.3758, "bus_lcLookaheadLeft": 85.783, "bus_lcPushy": 0.0069, "bus_lcSigma": 0.9143, "bus_lcSpeedGainRight": 4.4261, "bus_lcSublane": 0.0461, "bus_sigma": 0.6951, "bus_tau_mean": 1.1725, "bus_tau_std": 7.2545, "bus_v_mean": 21.2378, "bus_v_std": 0.2653, "car_acc": 1.4604, "car_dcc": 3.7469, "car_lcAssertive": 59.0483, "car_lcCooperative": 0.8681, "car_lcLookaheadLeft": 66.3375, "car_lcPushy": 0.5093, "car_lcSigma": 0.9306, "car_lcSpeedGainRight": 3.1607, "car_lcSublane": 0.3049, "car_sigma": 0.1796, "car_tau_mean": 1.9549, "car_tau_std": 5.1177, "car_v_mean": 24.4025, "car_v_std": 12.4263}, "datetime": {"datetime": "2024-08-11 18:13:18", "elapsed": 1869.298322, "delta": 3.943771}}
{"target": -0.4964771912546473, "params": {"bus_acc": 3.1363, "bus_dcc": 1.0355, "bus_lcAssertive": 10.4707, "bus_lcCooperative": 0.0151, "bus_lcLookaheadLeft": 84.3127, "bus_lcPushy": 0.8723, "bus_lcSigma": 0.8131, "bus_lcSpeedGainRight": 2.8431, "bus_lcSublane": 0.2555, "bus_sigma": 0.1153, "bus_tau_mean": 1.4914, "bus_tau_std": 3.1182, "bus_v_mean": 14.9765, "bus_v_std": 19.7413, "car_acc": 1.9315, "car_dcc": 2.8621, "car_lcAssertive": 33.298, "car_lcCooperative": 0.1689, "car_lcLookaheadLeft": 87.6101, "car_lcPushy": 0.1625, "car_lcSigma": 0.1583, "car_lcSpeedGainRight": 2.4192, "car_lcSublane": 0.8299, "car_sigma": 0.9805, "car_tau_mean": 0.6914, "car_tau_std": 4.0398, "car_v_mean": 19.923, "car_v_std": 9.9515}, "datetime": {"datetime": "2024-08-11 18:13:21", "elapsed": 1872.182073, "delta": 2.883751}}
{"target": -0.3492838273767435, "params": {"bus_acc": 0.342, "bus_dcc": 2.2002, "bus_lcAssertive": 7.7121, "bus_lcCooperative": 0.3423, "bus_lcLookaheadLeft": 83.3767, "bus_lcPushy": 0.7723, "bus_lcSigma": 0.6949, "bus_lcSpeedGainRight": 1.4917, "bus_lcSublane": 0.6889, "bus_sigma": 0.2944, "bus_tau_mean": 3.6135, "bus_tau_std": 2.4368, "bus_v_mean": 18.3129, "bus_v_std": 16.6498, "car_acc": 0.4776, "car_dcc": 0.5439, "car_lcAssertive": 19.587, "car_lcCooperative": 0.4447, "car_lcLookaheadLeft": 63.6253, "car_lcPushy": 0.3211, "car_lcSigma": 0.9674, "car_lcSpeedGainRight": 2.6623, "car_lcSublane": 0.1349, "car_sigma": 0.5404, "car_tau_mean": 1.6871, "car_tau_std": 2.1849, "car_v_mean": 8.634, "car_v_std": 11.346}, "datetime": {"datetime": "2024-08-11 18:13:24", "elapsed": 1875.150085, "delta": 2.968012}}
{"target": -0.35883599691530277, "params": {"bus_acc": 3.3521, "bus_dcc": 3.0049, "bus_lcAssertive": 35.4832, "bus_lcCooperative": 0.5313, "bus_lcLookaheadLeft": 86.1131, "bus_lcPushy": 0.5546, "bus_lcSigma": 0.6544, "bus_lcSpeedGainRight": 0.9075, "bus_lcSublane": 0.9333, "bus_sigma": 0.6634, "bus_tau_mean": 1.4143, "bus_tau_std": 5.3349, "bus_v_mean": 22.0152, "bus_v_std": 1.5719, "car_acc": 1.248, "car_dcc": 3.9799, "car_lcAssertive": 74.2128, "car_lcCooperative": 0.3183, "car_lcLookaheadLeft": 96.8439, "car_lcPushy": 0.6337, "car_lcSigma": 0.5319, "car_lcSpeedGainRight": 1.469, "car_lcSublane": 0.0115, "car_sigma": 0.7614, "car_tau_mean": 3.363, "car_tau_std": 2.7532, "car_v_mean": 19.1965, "car_v_std": 8.7935}, "datetime": {"datetime": "2024-08-11 18:13:27", "elapsed": 1878.185705, "delta": 3.03562}}
{"target": -0.45617401405211, "params": {"bus_acc": 2.9805, "bus_dcc": 3.4992, "bus_lcAssertive": 96.2391, "bus_lcCooperative": 0.8139, "bus_lcLookaheadLeft": 44.3608, "bus_lcPushy": 0.4251, "bus_lcSigma": 0.4956, "bus_lcSpeedGainRight": 2.0464, "bus_lcSublane": 0.9922, "bus_sigma": 0.2541, "bus_tau_mean": 0.8679, "bus_tau_std": 2.5302, "bus_v_mean": 25.7228, "bus_v_std": 7.0075, "car_acc": 0.9409, "car_dcc": 0.7607, "car_lcAssertive": 46.6324, "car_lcCooperative": 0.0714, "car_lcLookaheadLeft": 77.9558, "car_lcPushy": 0.2666, "car_lcSigma": 0.7034, "car_lcSpeedGainRight": 4.0503, "car_lcSublane": 0.8227, "car_sigma": 0.4315, "car_tau_mean": 3.1423, "car_tau_std": 7.7977, "car_v_mean": 25.7756, "car_v_std": 18.4347}, "datetime": {"datetime": "2024-08-11 18:13:30", "elapsed": 1880.691373, "delta": 2.505668}}
{"target": -0.5272636251725257, "params": {"bus_acc": 3.8568, "bus_dcc": 1.4448, "bus_lcAssertive": 29.0336, "bus_lcCooperative": 0.0028, "bus_lcLookaheadLeft": 61.9018, "bus_lcPushy": 0.3423, "bus_lcSigma": 0.8874, "bus_lcSpeedGainRight": 3.5124, "bus_lcSublane": 0.6643, "bus_sigma": 0.0337, "bus_tau_mean": 3.2961, "bus_tau_std": 2.7783, "bus_v_mean": 10.4273, "bus_v_std": 16.6284, "car_acc": 1.3822, "car_dcc": 1.9895, "car_lcAssertive": 6.1291, "car_lcCooperative": 0.8685, "car_lcLookaheadLeft": 46.6922, "car_lcPushy": 0.3883, "car_lcSigma": 0.5361, "car_lcSpeedGainRight": 1.4603, "car_lcSublane": 0.7173, "car_sigma": 0.4581, "car_tau_mean": 3.0288, "car_tau_std": 6.7918, "car_v_mean": 14.3967, "car_v_std": 14.2007}, "datetime": {"datetime": "2024-08-11 18:13:32", "elapsed": 1883.377836, "delta": 2.686463}}
{"target": -0.44048803817453513, "params": {"bus_acc": 2.82, "bus_dcc": 3.583, "bus_lcAssertive": 25.7264, "bus_lcCooperative": 0.3715, "bus_lcLookaheadLeft": 66.1346, "bus_lcPushy": 0.4101, "bus_lcSigma": 0.5901, "bus_lcSpeedGainRight": 2.4487, "bus_lcSublane": 0.9903, "bus_sigma": 0.5771, "bus_tau_mean": 2.9882, "bus_tau_std": 0.6408, "bus_v_mean": 23.6085, "bus_v_std": 10.7165, "car_acc": 2.6643, "car_dcc": 0.9099, "car_lcAssertive": 21.0956, "car_lcCooperative": 0.2169, "car_lcLookaheadLeft": 60.0636, "car_lcPushy": 0.7236, "car_lcSigma": 0.1941, "car_lcSpeedGainRight": 1.8649, "car_lcSublane": 0.5389, "car_sigma": 0.2673, "car_tau_mean": 3.0242, "car_tau_std": 3.2043, "car_v_mean": 18.2879, "car_v_std": 13.8819}, "datetime": {"datetime": "2024-08-11 18:13:36", "elapsed": 1887.317371, "delta": 3.939535}}
{"target": -0.4231682039326546, "params": {"bus_acc": 0.6917, "bus_dcc": 1.0436, "bus_lcAssertive": 43.0076, "bus_lcCooperative": 0.1849, "bus_lcLookaheadLeft": 75.4881, "bus_lcPushy": 0.5373, "bus_lcSigma": 0.9018, "bus_lcSpeedGainRight": 3.394, "bus_lcSublane": 0.2937, "bus_sigma": 0.1729, "bus_tau_mean": 0.8538, "bus_tau_std": 0.4904, "bus_v_mean": 15.918, "bus_v_std": 0.3166, "car_acc": 1.9824, "car_dcc": 3.1167, "car_lcAssertive": 14.105, "car_lcCooperative": 0.4957, "car_lcLookaheadLeft": 79.911, "car_lcPushy": 0.4565, "car_lcSigma": 0.2205, "car_lcSpeedGainRight": 0.9443, "car_lcSublane": 0.8696, "car_sigma": 0.289, "car_tau_mean": 1.9151, "car_tau_std": 2.0039, "car_v_mean": 24.6956, "car_v_std": 5.4192}, "datetime": {"datetime": "2024-08-11 18:13:39", "elapsed": 1889.937199, "delta": 2.619828}}
{"target": -0.410445827844677, "params": {"bus_acc": 3.7998, "bus_dcc": 2.3001, "bus_lcAssertive": 87.3075, "bus_lcCooperative": 0.353, "bus_lcLookaheadLeft": 9.116, "bus_lcPushy": 0.6496, "bus_lcSigma": 0.614, "bus_lcSpeedGainRight": 1.0445, "bus_lcSublane": 0.5531, "bus_sigma": 0.8973, "bus_tau_mean": 3.9549, "bus_tau_std": 7.851, "bus_v_mean": 19.9974, "bus_v_std": 10.5803, "car_acc": 1.4899, "car_dcc": 2.0172, "car_lcAssertive": 85.6293, "car_lcCooperative": 0.7556, "car_lcLookaheadLeft": 67.2019, "car_lcPushy": 0.2618, "car_lcSigma": 0.2191, "car_lcSpeedGainRight": 2.9045, "car_lcSublane": 0.8369, "car_sigma": 0.6137, "car_tau_mean": 2.7361, "car_tau_std": 7.3654, "car_v_mean": 11.5894, "car_v_std": 3.4353}, "datetime": {"datetime": "2024-08-11 18:13:42", "elapsed": 1893.331242, "delta": 3.394043}}
{"target": -0.45240362805148165, "params": {"bus_acc": 3.5522, "bus_dcc": 1.8386, "bus_lcAssertive": 94.5916, "bus_lcCooperative": 0.0345, "bus_lcLookaheadLeft": 69.2747, "bus_lcPushy": 0.1364, "bus_lcSigma": 0.1459, "bus_lcSpeedGainRight": 0.6046, "bus_lcSublane": 0.806, "bus_sigma": 0.0991, "bus_tau_mean": 1.3744, "bus_tau_std": 0.3473, "bus_v_mean": 12.5613, "bus_v_std": 3.7464, "car_acc": 2.4891, "car_dcc": 2.449, "car_lcAssertive": 3.4319, "car_lcCooperative": 0.263, "car_lcLookaheadLeft": 77.8996, "car_lcPushy": 0.3121, "car_lcSigma": 0.2117, "car_lcSpeedGainRight": 1.0118, "car_lcSublane": 0.5865, "car_sigma": 0.9222, "car_tau_mean": 2.6717, "car_tau_std": 6.5337, "car_v_mean": 20.2827, "car_v_std": 2.3869}, "datetime": {"datetime": "2024-08-11 18:13:45", "elapsed": 1895.929252, "delta": 2.59801}}
{"target": -0.38017243599437966, "params": {"bus_acc": 1.4591, "bus_dcc": 2.3808, "bus_lcAssertive": 44.6782, "bus_lcCooperative": 0.8609, "bus_lcLookaheadLeft": 80.4526, "bus_lcPushy": 0.4831, "bus_lcSigma": 0.1131, "bus_lcSpeedGainRight": 4.4479, "bus_lcSublane": 0.8975, "bus_sigma": 0.6276, "bus_tau_mean": 1.2717, "bus_tau_std": 6.0746, "bus_v_mean": 12.6874, "bus_v_std": 4.878, "car_acc": 2.0482, "car_dcc": 3.3185, "car_lcAssertive": 61.7713, "car_lcCooperative": 0.6831, "car_lcLookaheadLeft": 80.2534, "car_lcPushy": 0.157, "car_lcSigma": 0.4413, "car_lcSpeedGainRight": 0.1416, "car_lcSublane": 0.8542, "car_sigma": 0.1323, "car_tau_mean": 3.8269, "car_tau_std": 9.6699, "car_v_mean": 20.6229, "car_v_std": 0.1287}, "datetime": {"datetime": "2024-08-11 18:13:48", "elapsed": 1899.292878, "delta": 3.363626}}
{"target": -0.3887616309181876, "params": {"bus_acc": 3.823, "bus_dcc": 0.9446, "bus_lcAssertive": 63.5044, "bus_lcCooperative": 0.0117, "bus_lcLookaheadLeft": 17.2205, "bus_lcPushy": 0.4119, "bus_lcSigma": 0.7201, "bus_lcSpeedGainRight": 3.4426, "bus_lcSublane": 0.1391, "bus_sigma": 0.4955, "bus_tau_mean": 3.853, "bus_tau_std": 6.1843, "bus_v_mean": 19.2142, "bus_v_std": 16.4897, "car_acc": 3.0874, "car_dcc": 0.9852, "car_lcAssertive": 77.6864, "car_lcCooperative": 0.3393, "car_lcLookaheadLeft": 77.7238, "car_lcPushy": 0.782, "car_lcSigma": 0.4584, "car_lcSpeedGainRight": 4.3992, "car_lcSublane": 0.8686, "car_sigma": 0.1822, "car_tau_mean": 3.2055, "car_tau_std": 3.034, "car_v_mean": 25.4262, "car_v_std": 4.1257}, "datetime": {"datetime": "2024-08-11 18:13:52", "elapsed": 1903.013277, "delta": 3.720399}}
{"target": -0.4423672721253933, "params": {"bus_acc": 0.626, "bus_dcc": 2.3059, "bus_lcAssertive": 31.0743, "bus_lcCooperative": 0.7533, "bus_lcLookaheadLeft": 15.3464, "bus_lcPushy": 0.4276, "bus_lcSigma": 0.8775, "bus_lcSpeedGainRight": 1.6567, "bus_lcSublane": 0.1643, "bus_sigma": 0.8277, "bus_tau_mean": 2.0619, "bus_tau_std": 9.1746, "bus_v_mean": 16.3305, "bus_v_std": 9.4112, "car_acc": 3.4715, "car_dcc": 3.1136, "car_lcAssertive": 17.3998, "car_lcCooperative": 0.046, "car_lcLookaheadLeft": 87.6691, "car_lcPushy": 0.9729, "car_lcSigma": 0.5627, "car_lcSpeedGainRight": 4.7317, "car_lcSublane": 0.1365, "car_sigma": 0.4737, "car_tau_mean": 3.7334, "car_tau_std": 1.7129, "car_v_mean": 8.2365, "car_v_std": 1.8534}, "datetime": {"datetime": "2024-08-11 18:13:56", "elapsed": 1907.108046, "delta": 4.094769}}
{"target": -0.22535457384284888, "params": {"bus_acc": 3.0661, "bus_dcc": 2.6821, "bus_lcAssertive": 9.3, "bus_lcCooperative": 0.6405, "bus_lcLookaheadLeft": 8.8033, "bus_lcPushy": 0.3423, "bus_lcSigma": 0.6249, "bus_lcSpeedGainRight": 3.5586, "bus_lcSublane": 0.1245, "bus_sigma": 0.6398, "bus_tau_mean": 1.9245, "bus_tau_std": 9.2149, "bus_v_mean": 25.2422, "bus_v_std": 18.3514, "car_acc": 0.3801, "car_dcc": 2.6809, "car_lcAssertive": 73.3994, "car_lcCooperative": 0.403, "car_lcLookaheadLeft": 10.1169, "car_lcPushy": 0.0006, "car_lcSigma": 0.0274, "car_lcSpeedGainRight": 1.0267, "car_lcSublane": 0.4277, "car_sigma": 0.3911, "car_tau_mean": 2.8083, "car_tau_std": 5.397, "car_v_mean": 17.2231, "car_v_std": 12.5815}, "datetime": {"datetime": "2024-08-11 18:14:01", "elapsed": 1912.419039, "delta": 5.310993}}
{"target": -0.42545739624021933, "params": {"bus_acc": 2.6023, "bus_dcc": 3.0613, "bus_lcAssertive": 76.3805, "bus_lcCooperative": 0.4605, "bus_lcLookaheadLeft": 26.0981, "bus_lcPushy": 0.5774, "bus_lcSigma": 0.2129, "bus_lcSpeedGainRight": 2.4675, "bus_lcSublane": 0.938, "bus_sigma": 0.8052, "bus_tau_mean": 2.1854, "bus_tau_std": 4.2791, "bus_v_mean": 18.3903, "bus_v_std": 10.677, "car_acc": 1.7582, "car_dcc": 0.7197, "car_lcAssertive": 70.7008, "car_lcCooperative": 0.398, "car_lcLookaheadLeft": 85.4136, "car_lcPushy": 0.0992, "car_lcSigma": 0.6164, "car_lcSpeedGainRight": 4.2527, "car_lcSublane": 0.2547, "car_sigma": 0.4149, "car_tau_mean": 2.6334, "car_tau_std": 3.5815, "car_v_mean": 19.9403, "car_v_std": 6.308}, "datetime": {"datetime": "2024-08-11 18:14:04", "elapsed": 1915.38679, "delta": 2.967751}}
{"target": -0.46815671090314676, "params": {"bus_acc": 2.2803, "bus_dcc": 3.8364, "bus_lcAssertive": 16.434, "bus_lcCooperative": 0.9496, "bus_lcLookaheadLeft": 98.9375, "bus_lcPushy": 0.7238, "bus_lcSigma": 0.9916, "bus_lcSpeedGainRight": 4.8652, "bus_lcSublane": 0.6988, "bus_sigma": 0.3472, "bus_tau_mean": 3.4977, "bus_tau_std": 0.8368, "bus_v_mean": 19.6036, "bus_v_std": 5.3484, "car_acc": 2.321, "car_dcc": 3.5961, "car_lcAssertive": 66.0556, "car_lcCooperative": 0.8663, "car_lcLookaheadLeft": 8.9392, "car_lcPushy": 0.6741, "car_lcSigma": 0.5781, "car_lcSpeedGainRight": 2.8449, "car_lcSublane": 0.3272, "car_sigma": 0.8899, "car_tau_mean": 3.5197, "car_tau_std": 3.776, "car_v_mean": 13.5737, "car_v_std": 18.9872}, "datetime": {"datetime": "2024-08-11 18:14:09", "elapsed": 1920.101153, "delta": 4.714363}}
{"target": -0.5234546826156611, "params": {"bus_acc": 1.1323, "bus_dcc": 1.7586, "bus_lcAssertive": 16.4219, "bus_lcCooperative": 0.203, "bus_lcLookaheadLeft": 74.3841, "bus_lcPushy": 0.0911, "bus_lcSigma": 0.6696, "bus_lcSpeedGainRight": 4.7118, "bus_lcSublane": 0.8035, "bus_sigma": 0.5535, "bus_tau_mean": 3.9929, "bus_tau_std": 3.3831, "bus_v_mean": 24.5861, "bus_v_std": 9.7195, "car_acc": 2.1674, "car_dcc": 3.65, "car_lcAssertive": 10.4945, "car_lcCooperative": 0.421, "car_lcLookaheadLeft": 52.1207, "car_lcPushy": 0.602, "car_lcSigma": 0.309, "car_lcSpeedGainRight": 4.2525, "car_lcSublane": 0.7687, "car_sigma": 0.5359, "car_tau_mean": 2.263, "car_tau_std": 0.9744, "car_v_mean": 18.9428, "car_v_std": 18.7167}, "datetime": {"datetime": "2024-08-11 18:14:13", "elapsed": 1924.487899, "delta": 4.386746}}
{"target": -0.5177296500654306, "params": {"bus_acc": 1.0668, "bus_dcc": 3.2252, "bus_lcAssertive": 56.2532, "bus_lcCooperative": 0.9134, "bus_lcLookaheadLeft": 22.8739, "bus_lcPushy": 0.7061, "bus_lcSigma": 0.9051, "bus_lcSpeedGainRight": 0.4029, "bus_lcSublane": 0.8702, "bus_sigma": 0.5626, "bus_tau_mean": 0.9158, "bus_tau_std": 3.7835, "bus_v_mean": 15.3913, "bus_v_std": 16.7345, "car_acc": 3.2023, "car_dcc": 1.4441, "car_lcAssertive": 7.0439, "car_lcCooperative": 0.2064, "car_lcLookaheadLeft": 26.0689, "car_lcPushy": 0.1331, "car_lcSigma": 0.3314, "car_lcSpeedGainRight": 2.7113, "car_lcSublane": 0.6834, "car_sigma": 0.6825, "car_tau_mean": 3.7494, "car_tau_std": 1.4069, "car_v_mean": 19.7075, "car_v_std": 12.0704}, "datetime": {"datetime": "2024-08-11 18:14:16", "elapsed": 1927.615398, "delta": 3.127499}}
{"target": -0.2890301742167056, "params": {"bus_acc": 0.3962, "bus_dcc": 2.7324, "bus_lcAssertive": 36.897, "bus_lcCooperative": 0.256, "bus_lcLookaheadLeft": 32.9995, "bus_lcPushy": 0.252, "bus_lcSigma": 0.5295, "bus_lcSpeedGainRight": 3.2391, "bus_lcSublane": 0.9119, "bus_sigma": 0.8213, "bus_tau_mean": 2.2395, "bus_tau_std": 4.2506, "bus_v_mean": 25.0254, "bus_v_std": 4.1265, "car_acc": 0.9506, "car_dcc": 3.6947, "car_lcAssertive": 84.1278, "car_lcCooperative": 0.2864, "car_lcLookaheadLeft": 72.2606, "car_lcPushy": 0.8402, "car_lcSigma": 0.7498, "car_lcSpeedGainRight": 4.5067, "car_lcSublane": 0.8644, "car_sigma": 0.0624, "car_tau_mean": 1.8404, "car_tau_std": 5.6549, "car_v_mean": 15.5243, "car_v_std": 9.324}, "datetime": {"datetime": "2024-08-11 18:14:19", "elapsed": 1929.824145, "delta": 2.208747}}
{"target": -0.5865336478786151, "params": {"bus_acc": 3.2609, "bus_dcc": 1.1972, "bus_lcAssertive": 9.8851, "bus_lcCooperative": 0.4187, "bus_lcLookaheadLeft": 4.8587, "bus_lcPushy": 0.7622, "bus_lcSigma": 0.5017, "bus_lcSpeedGainRight": 2.3105, "bus_lcSublane": 0.1696, "bus_sigma": 0.4691, "bus_tau_mean": 1.4962, "bus_tau_std": 1.7455, "bus_v_mean": 18.9779, "bus_v_std": 17.3422, "car_acc": 2.3801, "car_dcc": 0.9532, "car_lcAssertive": 39.2395, "car_lcCooperative": 0.8093, "car_lcLookaheadLeft": 49.2185, "car_lcPushy": 0.953, "car_lcSigma": 0.2965, "car_lcSpeedGainRight": 0.5309, "car_lcSublane": 0.6067, "car_sigma": 0.0875, "car_tau_mean": 3.4654, "car_tau_std": 5.0331, "car_v_mean": 10.3592, "car_v_std": 19.0377}, "datetime": {"datetime": "2024-08-11 18:14:22", "elapsed": 1932.631515, "delta": 2.80737}}
{"target": -0.5052609040312305, "params": {"bus_acc": 2.8463, "bus_dcc": 2.8848, "bus_lcAssertive": 35.4767, "bus_lcCooperative": 0.8056, "bus_lcLookaheadLeft": 85.793, "bus_lcPushy": 0.4339, "bus_lcSigma": 0.6581, "bus_lcSpeedGainRight": 3.5038, "bus_lcSublane": 0.1248, "bus_sigma": 0.869, "bus_tau_mean": 1.8402, "bus_tau_std": 4.2171, "bus_v_mean": 11.8224, "bus_v_std": 2.2713, "car_acc": 0.6337, "car_dcc": 0.9658, "car_lcAssertive": 71.4164, "car_lcCooperative": 0.4807, "car_lcLookaheadLeft": 92.4169, "car_lcPushy": 0.9544, "car_lcSigma": 0.1311, "car_lcSpeedGainRight": 2.4187, "car_lcSublane": 0.2927, "car_sigma": 0.4997, "car_tau_mean": 3.3615, "car_tau_std": 7.4843, "car_v_mean": 14.5795, "car_v_std": 3.0775}, "datetime": {"datetime": "2024-08-11 18:14:25", "elapsed": 1935.634746, "delta": 3.003231}}
{"target": -0.39580187929225863, "params": {"bus_acc": 3.1385, "bus_dcc": 2.0801, "bus_lcAssertive": 93.5214, "bus_lcCooperative": 0.4767, "bus_lcLookaheadLeft": 79.9609, "bus_lcPushy": 0.3752, "bus_lcSigma": 0.2694, "bus_lcSpeedGainRight": 0.9168, "bus_lcSublane": 0.1338, "bus_sigma": 0.3492, "bus_tau_mean": 3.2962, "bus_tau_std": 5.284, "bus_v_mean": 18.5206, "bus_v_std": 16.3207, "car_acc": 1.2779, "car_dcc": 2.6191, "car_lcAssertive": 52.7387, "car_lcCooperative": 0.6374, "car_lcLookaheadLeft": 77.8571, "car_lcPushy": 0.0801, "car_lcSigma": 0.2884, "car_lcSpeedGainRight": 3.9019, "car_lcSublane": 0.0597, "car_sigma": 0.3866, "car_tau_mean": 0.5467, "car_tau_std": 0.5797, "car_v_mean": 18.451, "car_v_std": 18.1395}, "datetime": {"datetime": "2024-08-11 18:14:27", "elapsed": 1938.335402, "delta": 2.700656}}
{"target": -0.6252712895371947, "params": {"bus_acc": 1.8956, "bus_dcc": 2.1388, "bus_lcAssertive": 24.4919, "bus_lcCooperative": 0.9812, "bus_lcLookaheadLeft": 45.0407, "bus_lcPushy": 0.3841, "bus_lcSigma": 0.3324, "bus_lcSpeedGainRight": 2.0793, "bus_lcSublane": 0.6192, "bus_sigma": 0.5069, "bus_tau_mean": 1.8431, "bus_tau_std": 0.6425, "bus_v_mean": 22.9033, "bus_v_std": 18.9972, "car_acc": 2.6648, "car_dcc": 3.8202, "car_lcAssertive": 5.7311, "car_lcCooperative": 0.818, "car_lcLookaheadLeft": 44.1122, "car_lcPushy": 0.412, "car_lcSigma": 0.0493, "car_lcSpeedGainRight": 2.2027, "car_lcSublane": 0.6801, "car_sigma": 0.4723, "car_tau_mean": 2.7717, "car_tau_std": 0.845, "car_v_mean": 13.8387, "car_v_std": 6.8106}, "datetime": {"datetime": "2024-08-11 18:14:32", "elapsed": 1942.717526, "delta": 4.382124}}
