{"target": -0.4672112275880857, "params": {"bus_acc": 3.5855, "bus_dcc": 1.6085, "bus_lcAssertive": 75.8833, "bus_lcCooperative": 0.1884, "bus_lcLookaheadLeft": 87.134, "bus_lcPushy": 0.3513, "bus_lcSigma": 0.8854, "bus_lcSpeedGainRight": 3.0703, "bus_lcSublane": 0.1503, "bus_sigma": 0.5343, "bus_tau_mean": 2.4598, "bus_tau_std": 1.2175, "bus_v_mean": 17.5923, "bus_v_std": 6.9205, "car_acc": 3.7013, "car_dcc": 2.1963, "car_lcAssertive": 63.1114, "car_lcCooperative": 0.4438, "car_lcLookaheadLeft": 93.2795, "car_lcPushy": 0.829, "car_lcSigma": 0.7656, "car_lcSpeedGainRight": 0.9292, "car_lcSublane": 0.3317, "car_sigma": 0.4364, "car_tau_mean": 2.1403, "car_tau_std": 0.771, "car_v_mean": 22.7974, "car_v_std": 0.8859}, "datetime": {"datetime": "2024-08-11 19:29:05", "elapsed": 6416.126913, "delta": 4.764528}}
{"target": -0.3469197860266598, "params": {"bus_acc": 3.9746, "bus_dcc": 3.6289, "bus_lcAssertive": 68.0, "bus_lcCooperative": 0.2994, "bus_lcLookaheadLeft": 79.1023, "bus_lcPushy": 0.3398, "bus_lcSigma": 0.8581, "bus_lcSpeedGainRight": 0.2105, "bus_lcSublane": 0.8808, "bus_sigma": 0.6123, "bus_tau_mean": 1.9259, "bus_tau_std": 2.6771, "bus_v_mean": 12.9572, "bus_v_std": 12.612, "car_acc": 1.7307, "car_dcc": 1.6569, "car_lcAssertive": 50.4566, "car_lcCooperative": 0.1278, "car_lcLookaheadLeft": 25.3289, "car_lcPushy": 0.1761, "car_lcSigma": 0.4678, "car_lcSpeedGainRight": 2.4861, "car_lcSublane": 0.0144, "car_sigma": 0.3837, "car_tau_mean": 1.4241, "car_tau_std": 6.2797, "car_v_mean": 19.0316, "car_v_std": 7.3703}, "datetime": {"datetime": "2024-08-11 19:29:10", "elapsed": 6420.815926, "delta": 4.689013}}
{"target": -0.4041855048898239, "params": {"bus_acc": 1.253, "bus_dcc": 3.1895, "bus_lcAssertive": 18.3769, "bus_lcCooperative": 0.3287, "bus_lcLookaheadLeft": 41.0721, "bus_lcPushy": 0.6068, "bus_lcSigma": 0.672, "bus_lcSpeedGainRight": 3.8485, "bus_lcSublane": 0.073, "bus_sigma": 0.3912, "bus_tau_mean": 3.8414, "bus_tau_std": 0.0813, "bus_v_mean": 24.6048, "bus_v_std": 15.1523, "car_acc": 2.3023, "car_dcc": 3.0555, "car_lcAssertive": 10.1244, "car_lcCooperative": 0.2194, "car_lcLookaheadLeft": 70.639, "car_lcPushy": 0.686, "car_lcSigma": 0.4462, "car_lcSpeedGainRight": 2.0989, "car_lcSublane": 0.3391, "car_sigma": 0.4735, "car_tau_mean": 2.3477, "car_tau_std": 0.871, "car_v_mean": 16.7251, "car_v_std": 16.2078}, "datetime": {"datetime": "2024-08-11 19:29:14", "elapsed": 6425.616322, "delta": 4.800396}}
{"target": -0.1539992200383615, "params": {"bus_acc": 2.0171, "bus_dcc": 1.6449, "bus_lcAssertive": 72.8399, "bus_lcCooperative": 0.5434, "bus_lcLookaheadLeft": 13.1487, "bus_lcPushy": 0.7033, "bus_lcSigma": 0.7489, "bus_lcSpeedGainRight": 1.8854, "bus_lcSublane": 0.3442, "bus_sigma": 0.1727, "bus_tau_mean": 1.3742, "bus_tau_std": 1.9007, "bus_v_mean": 11.9274, "bus_v_std": 1.6431, "car_acc": 0.2094, "car_dcc": 2.5414, "car_lcAssertive": 29.0841, "car_lcCooperative": 0.2595, "car_lcLookaheadLeft": 43.1684, "car_lcPushy": 0.2261, "car_lcSigma": 0.2267, "car_lcSpeedGainRight": 4.5524, "car_lcSublane": 0.6228, "car_sigma": 0.8527, "car_tau_mean": 2.3345, "car_tau_std": 9.5692, "car_v_mean": 10.1565, "car_v_std": 9.948}, "datetime": {"datetime": "2024-08-11 19:29:19", "elapsed": 6429.865561, "delta": 4.249239}}
{"target": -0.30713003197648886, "params": {"bus_acc": 0.3561, "bus_dcc": 1.2369, "bus_lcAssertive": 48.6917, "bus_lcCooperative": 0.0997, "bus_lcLookaheadLeft": 31.5692, "bus_lcPushy": 0.7729, "bus_lcSigma": 0.5227, "bus_lcSpeedGainRight": 2.1749, "bus_lcSublane": 0.8881, "bus_sigma": 0.893, "bus_tau_mean": 3.6583, "bus_tau_std": 0.6113, "bus_v_mean": 24.6552, "bus_v_std": 13.4856, "car_acc": 3.9721, "car_dcc": 3.109, "car_lcAssertive": 13.8267, "car_lcCooperative": 0.0958, "car_lcLookaheadLeft": 96.0458, "car_lcPushy": 0.3149, "car_lcSigma": 0.2801, "car_lcSpeedGainRight": 3.8159, "car_lcSublane": 0.6628, "car_sigma": 0.231, "car_tau_mean": 1.6144, "car_tau_std": 3.4268, "car_v_mean": 23.6536, "car_v_std": 16.5873}, "datetime": {"datetime": "2024-08-11 19:29:25", "elapsed": 6436.296485, "delta": 6.430924}}
{"target": -0.37687552396290286, "params": {"bus_acc": 3.3512, "bus_dcc": 1.0168, "bus_lcAssertive": 66.8959, "bus_lcCooperative": 0.6487, "bus_lcLookaheadLeft": 33.1138, "bus_lcPushy": 0.9969, "bus_lcSigma": 0.3475, "bus_lcSpeedGainRight": 3.1838, "bus_lcSublane": 0.7886, "bus_sigma": 0.8678, "bus_tau_mean": 3.3248, "bus_tau_std": 6.5098, "bus_v_mean": 23.6873, "bus_v_std": 12.6563, "car_acc": 1.0703, "car_dcc": 2.396, "car_lcAssertive": 45.1389, "car_lcCooperative": 0.4873, "car_lcLookaheadLeft": 49.6153, "car_lcPushy": 0.4602, "car_lcSigma": 0.9352, "car_lcSpeedGainRight": 4.7677, "car_lcSublane": 0.9609, "car_sigma": 0.2818, "car_tau_mean": 2.0938, "car_tau_std": 5.085, "car_v_mean": 23.3904, "car_v_std": 0.4744}, "datetime": {"datetime": "2024-08-11 19:29:34", "elapsed": 6444.769774, "delta": 8.473289}}
{"target": -0.29286249747749526, "params": {"bus_acc": 1.3886, "bus_dcc": 2.8746, "bus_lcAssertive": 56.0727, "bus_lcCooperative": 0.13, "bus_lcLookaheadLeft": 60.3394, "bus_lcPushy": 0.3503, "bus_lcSigma": 0.6708, "bus_lcSpeedGainRight": 2.3894, "bus_lcSublane": 0.7859, "bus_sigma": 0.5185, "bus_tau_mean": 2.7772, "bus_tau_std": 6.2496, "bus_v_mean": 20.9216, "bus_v_std": 5.2682, "car_acc": 3.8331, "car_dcc": 2.7989, "car_lcAssertive": 98.3038, "car_lcCooperative": 0.7302, "car_lcLookaheadLeft": 9.0558, "car_lcPushy": 0.6531, "car_lcSigma": 0.9233, "car_lcSpeedGainRight": 1.8298, "car_lcSublane": 0.9445, "car_sigma": 0.3183, "car_tau_mean": 2.322, "car_tau_std": 3.3992, "car_v_mean": 21.5823, "car_v_std": 5.6004}, "datetime": {"datetime": "2024-08-11 19:29:39", "elapsed": 6449.796471, "delta": 5.026697}}
{"target": -0.6311694165598959, "params": {"bus_acc": 2.7378, "bus_dcc": 0.8636, "bus_lcAssertive": 15.3678, "bus_lcCooperative": 0.9258, "bus_lcLookaheadLeft": 34.5641, "bus_lcPushy": 0.4337, "bus_lcSigma": 0.6108, "bus_lcSpeedGainRight": 0.2998, "bus_lcSublane": 0.1546, "bus_sigma": 0.9973, "bus_tau_mean": 1.4785, "bus_tau_std": 6.0318, "bus_v_mean": 14.3041, "bus_v_std": 17.5119, "car_acc": 1.5281, "car_dcc": 1.6831, "car_lcAssertive": 1.7071, "car_lcCooperative": 0.7746, "car_lcLookaheadLeft": 68.8205, "car_lcPushy": 0.6884, "car_lcSigma": 0.4607, "car_lcSpeedGainRight": 0.9919, "car_lcSublane": 0.9033, "car_sigma": 0.3112, "car_tau_mean": 2.004, "car_tau_std": 5.0847, "car_v_mean": 15.225, "car_v_std": 7.5985}, "datetime": {"datetime": "2024-08-11 19:29:44", "elapsed": 6454.636858, "delta": 4.840387}}
{"target": -0.19857172012242041, "params": {"bus_acc": 2.8007, "bus_dcc": 0.679, "bus_lcAssertive": 4.4571, "bus_lcCooperative": 0.1777, "bus_lcLookaheadLeft": 30.7108, "bus_lcPushy": 0.2098, "bus_lcSigma": 0.7382, "bus_lcSpeedGainRight": 3.0449, "bus_lcSublane": 0.6703, "bus_sigma": 0.0806, "bus_tau_mean": 1.5291, "bus_tau_std": 3.4873, "bus_v_mean": 14.297, "bus_v_std": 16.9739, "car_acc": 0.2453, "car_dcc": 1.9109, "car_lcAssertive": 35.2646, "car_lcCooperative": 0.625, "car_lcLookaheadLeft": 57.9288, "car_lcPushy": 0.2994, "car_lcSigma": 0.2417, "car_lcSpeedGainRight": 3.6689, "car_lcSublane": 0.0856, "car_sigma": 0.2371, "car_tau_mean": 2.7843, "car_tau_std": 7.8984, "car_v_mean": 24.0325, "car_v_std": 3.1824}, "datetime": {"datetime": "2024-08-11 19:29:51", "elapsed": 6461.72963, "delta": 7.092772}}
{"target": -0.3388813461452996, "params": {"bus_acc": 2.1242, "bus_dcc": 1.8364, "bus_lcAssertive": 49.2957, "bus_lcCooperative": 0.4823, "bus_lcLookaheadLeft": 18.6456, "bus_lcPushy": 0.2926, "bus_lcSigma": 0.7288, "bus_lcSpeedGainRight": 1.7822, "bus_lcSublane": 0.4114, "bus_sigma": 0.2971, "bus_tau_mean": 3.3997, "bus_tau_std": 4.8741, "bus_v_mean": 17.7772, "bus_v_std": 16.6535, "car_acc": 0.9676, "car_dcc": 2.9752, "car_lcAssertive": 72.4398, "car_lcCooperative": 0.1961, "car_lcLookaheadLeft": 97.8113, "car_lcPushy": 0.749, "car_lcSigma": 0.6174, "car_lcSpeedGainRight": 4.0289, "car_lcSublane": 0.582, "car_sigma": 0.082, "car_tau_mean": 1.3589, "car_tau_std": 8.1621, "car_v_mean": 12.0563, "car_v_std": 11.277}, "datetime": {"datetime": "2024-08-11 19:29:55", "elapsed": 6466.596982, "delta": 4.867352}}
{"target": -0.6428727939134794, "params": {"bus_acc": 1.8859, "bus_dcc": 0.2475, "bus_lcAssertive": 57.3731, "bus_lcCooperative": 0.3482, "bus_lcLookaheadLeft": 34.5503, "bus_lcPushy": 0.3175, "bus_lcSigma": 0.7818, "bus_lcSpeedGainRight": 3.6805, "bus_lcSublane": 0.859, "bus_sigma": 0.3079, "bus_tau_mean": 2.5448, "bus_tau_std": 3.7325, "bus_v_mean": 16.3106, "bus_v_std": 9.9734, "car_acc": 1.4704, "car_dcc": 0.5481, "car_lcAssertive": 25.5053, "car_lcCooperative": 0.3075, "car_lcLookaheadLeft": 23.2388, "car_lcPushy": 0.0474, "car_lcSigma": 0.3408, "car_lcSpeedGainRight": 3.67, "car_lcSublane": 0.461, "car_sigma": 0.9062, "car_tau_mean": 2.2763, "car_tau_std": 1.4443, "car_v_mean": 9.7493, "car_v_std": 0.0408}, "datetime": {"datetime": "2024-08-11 19:30:06", "elapsed": 6477.030538, "delta": 10.433556}}
{"target": -0.38636853266390053, "params": {"bus_acc": 1.1562, "bus_dcc": 3.0337, "bus_lcAssertive": 81.0275, "bus_lcCooperative": 0.2382, "bus_lcLookaheadLeft": 49.4676, "bus_lcPushy": 0.682, "bus_lcSigma": 0.7625, "bus_lcSpeedGainRight": 4.5316, "bus_lcSublane": 0.9572, "bus_sigma": 0.3179, "bus_tau_mean": 3.2355, "bus_tau_std": 5.1343, "bus_v_mean": 9.1405, "bus_v_std": 19.2124, "car_acc": 1.1061, "car_dcc": 1.4342, "car_lcAssertive": 40.1433, "car_lcCooperative": 0.3534, "car_lcLookaheadLeft": 82.2817, "car_lcPushy": 0.3237, "car_lcSigma": 0.6366, "car_lcSpeedGainRight": 4.9558, "car_lcSublane": 0.1507, "car_sigma": 0.2163, "car_tau_mean": 2.671, "car_tau_std": 8.2348, "car_v_mean": 22.6164, "car_v_std": 10.7904}, "datetime": {"datetime": "2024-08-11 19:30:14", "elapsed": 6485.309574, "delta": 8.279036}}
{"target": -0.47455237657164323, "params": {"bus_acc": 2.4315, "bus_dcc": 0.9476, "bus_lcAssertive": 87.2063, "bus_lcCooperative": 0.5644, "bus_lcLookaheadLeft": 65.1898, "bus_lcPushy": 0.907, "bus_lcSigma": 0.1291, "bus_lcSpeedGainRight": 0.6952, "bus_lcSublane": 0.603, "bus_sigma": 0.2489, "bus_tau_mean": 0.6285, "bus_tau_std": 6.5133, "bus_v_mean": 9.7201, "bus_v_std": 11.7746, "car_acc": 1.3553, "car_dcc": 0.7132, "car_lcAssertive": 19.3906, "car_lcCooperative": 0.629, "car_lcLookaheadLeft": 78.703, "car_lcPushy": 0.6516, "car_lcSigma": 0.1661, "car_lcSpeedGainRight": 1.3421, "car_lcSublane": 0.9801, "car_sigma": 0.6098, "car_tau_mean": 0.9597, "car_tau_std": 2.2515, "car_v_mean": 15.0873, "car_v_std": 1.4555}, "datetime": {"datetime": "2024-08-11 19:30:19", "elapsed": 6489.684175, "delta": 4.374601}}
{"target": -0.651892129564264, "params": {"bus_acc": 3.7883, "bus_dcc": 2.4043, "bus_lcAssertive": 51.2912, "bus_lcCooperative": 0.008, "bus_lcLookaheadLeft": 37.8113, "bus_lcPushy": 0.4089, "bus_lcSigma": 0.6911, "bus_lcSpeedGainRight": 0.6675, "bus_lcSublane": 0.4658, "bus_sigma": 0.6543, "bus_tau_mean": 2.5385, "bus_tau_std": 9.1353, "bus_v_mean": 22.2754, "bus_v_std": 15.7941, "car_acc": 2.1127, "car_dcc": 2.2372, "car_lcAssertive": 1.0613, "car_lcCooperative": 0.3469, "car_lcLookaheadLeft": 53.886, "car_lcPushy": 0.9424, "car_lcSigma": 0.5406, "car_lcSpeedGainRight": 1.6672, "car_lcSublane": 0.8883, "car_sigma": 0.9485, "car_tau_mean": 1.7885, "car_tau_std": 9.3131, "car_v_mean": 12.4271, "car_v_std": 19.4684}, "datetime": {"datetime": "2024-08-11 19:30:24", "elapsed": 6495.204696, "delta": 5.520521}}
{"target": -0.3689850326418151, "params": {"bus_acc": 3.8042, "bus_dcc": 3.6588, "bus_lcAssertive": 58.5315, "bus_lcCooperative": 0.4485, "bus_lcLookaheadLeft": 32.4446, "bus_lcPushy": 0.6853, "bus_lcSigma": 0.0482, "bus_lcSpeedGainRight": 1.2823, "bus_lcSublane": 0.9339, "bus_sigma": 0.8969, "bus_tau_mean": 1.91, "bus_tau_std": 8.2485, "bus_v_mean": 23.101, "bus_v_std": 5.614, "car_acc": 1.6399, "car_dcc": 3.4325, "car_lcAssertive": 33.038, "car_lcCooperative": 0.3601, "car_lcLookaheadLeft": 7.4801, "car_lcPushy": 0.1468, "car_lcSigma": 0.6265, "car_lcSpeedGainRight": 2.6777, "car_lcSublane": 0.6356, "car_sigma": 0.0687, "car_tau_mean": 3.8434, "car_tau_std": 2.9868, "car_v_mean": 25.8135, "car_v_std": 3.8876}, "datetime": {"datetime": "2024-08-11 19:30:30", "elapsed": 6500.766171, "delta": 5.561475}}
{"target": -0.43466851089548003, "params": {"bus_acc": 2.9267, "bus_dcc": 3.2487, "bus_lcAssertive": 72.4948, "bus_lcCooperative": 0.668, "bus_lcLookaheadLeft": 19.2551, "bus_lcPushy": 0.2195, "bus_lcSigma": 0.1579, "bus_lcSpeedGainRight": 0.8035, "bus_lcSublane": 0.238, "bus_sigma": 0.3031, "bus_tau_mean": 2.1348, "bus_tau_std": 4.327, "bus_v_mean": 10.6375, "bus_v_std": 6.7045, "car_acc": 2.5337, "car_dcc": 3.3105, "car_lcAssertive": 32.9546, "car_lcCooperative": 0.1508, "car_lcLookaheadLeft": 37.2447, "car_lcPushy": 0.9878, "car_lcSigma": 0.0476, "car_lcSpeedGainRight": 2.1014, "car_lcSublane": 0.8604, "car_sigma": 0.7946, "car_tau_mean": 1.7139, "car_tau_std": 4.7966, "car_v_mean": 14.9858, "car_v_std": 16.8717}, "datetime": {"datetime": "2024-08-11 19:30:37", "elapsed": 6508.432226, "delta": 7.666055}}
{"target": -0.35976633040874834, "params": {"bus_acc": 1.1793, "bus_dcc": 2.5627, "bus_lcAssertive": 68.2503, "bus_lcCooperative": 0.7337, "bus_lcLookaheadLeft": 3.1118, "bus_lcPushy": 0.1423, "bus_lcSigma": 0.3357, "bus_lcSpeedGainRight": 3.7229, "bus_lcSublane": 0.0233, "bus_sigma": 0.946, "bus_tau_mean": 0.7381, "bus_tau_std": 7.6039, "bus_v_mean": 17.3152, "bus_v_std": 6.6832, "car_acc": 3.1838, "car_dcc": 0.5549, "car_lcAssertive": 56.7974, "car_lcCooperative": 0.9761, "car_lcLookaheadLeft": 31.0429, "car_lcPushy": 0.5776, "car_lcSigma": 0.6783, "car_lcSpeedGainRight": 2.8848, "car_lcSublane": 0.9431, "car_sigma": 0.3601, "car_tau_mean": 1.4151, "car_tau_std": 1.1324, "car_v_mean": 19.9412, "car_v_std": 4.0034}, "datetime": {"datetime": "2024-08-11 19:30:44", "elapsed": 6514.944424, "delta": 6.512198}}
{"target": -0.40345413845975847, "params": {"bus_acc": 0.2884, "bus_dcc": 0.3793, "bus_lcAssertive": 9.2972, "bus_lcCooperative": 0.1149, "bus_lcLookaheadLeft": 30.2896, "bus_lcPushy": 0.4623, "bus_lcSigma": 0.597, "bus_lcSpeedGainRight": 3.9868, "bus_lcSublane": 0.624, "bus_sigma": 0.7317, "bus_tau_mean": 2.3596, "bus_tau_std": 4.5696, "bus_v_mean": 22.6616, "bus_v_std": 16.3061, "car_acc": 1.2675, "car_dcc": 3.654, "car_lcAssertive": 52.2617, "car_lcCooperative": 0.3406, "car_lcLookaheadLeft": 90.8599, "car_lcPushy": 0.8393, "car_lcSigma": 0.0484, "car_lcSpeedGainRight": 3.8093, "car_lcSublane": 0.7373, "car_sigma": 0.0868, "car_tau_mean": 3.0262, "car_tau_std": 3.8693, "car_v_mean": 13.5355, "car_v_std": 10.5903}, "datetime": {"datetime": "2024-08-11 19:30:56", "elapsed": 6527.389363, "delta": 12.444939}}
{"target": -0.3891396332716328, "params": {"bus_acc": 1.8505, "bus_dcc": 3.7683, "bus_lcAssertive": 23.0101, "bus_lcCooperative": 0.9012, "bus_lcLookaheadLeft": 58.3774, "bus_lcPushy": 0.7139, "bus_lcSigma": 0.0607, "bus_lcSpeedGainRight": 4.1665, "bus_lcSublane": 0.4725, "bus_sigma": 0.8599, "bus_tau_mean": 2.1162, "bus_tau_std": 1.6896, "bus_v_mean": 23.7626, "bus_v_std": 16.0915, "car_acc": 3.346, "car_dcc": 3.8099, "car_lcAssertive": 54.4431, "car_lcCooperative": 0.9989, "car_lcLookaheadLeft": 26.1392, "car_lcPushy": 0.8009, "car_lcSigma": 0.7298, "car_lcSpeedGainRight": 3.4087, "car_lcSublane": 0.2884, "car_sigma": 0.3369, "car_tau_mean": 1.3633, "car_tau_std": 8.1924, "car_v_mean": 18.7868, "car_v_std": 15.8764}, "datetime": {"datetime": "2024-08-11 19:31:01", "elapsed": 6531.909737, "delta": 4.520374}}
{"target": -0.4001147008338209, "params": {"bus_acc": 0.6913, "bus_dcc": 2.4929, "bus_lcAssertive": 21.7721, "bus_lcCooperative": 0.0975, "bus_lcLookaheadLeft": 44.7233, "bus_lcPushy": 0.5459, "bus_lcSigma": 0.2889, "bus_lcSpeedGainRight": 1.0902, "bus_lcSublane": 0.1972, "bus_sigma": 0.3817, "bus_tau_mean": 2.3904, "bus_tau_std": 4.8928, "bus_v_mean": 25.5586, "bus_v_std": 19.5276, "car_acc": 2.0013, "car_dcc": 2.6888, "car_lcAssertive": 20.8913, "car_lcCooperative": 0.8497, "car_lcLookaheadLeft": 67.036, "car_lcPushy": 0.1173, "car_lcSigma": 0.2339, "car_lcSpeedGainRight": 2.1963, "car_lcSublane": 0.4352, "car_sigma": 0.0067, "car_tau_mean": 2.4449, "car_tau_std": 4.5975, "car_v_mean": 11.1095, "car_v_std": 1.7425}, "datetime": {"datetime": "2024-08-11 19:31:07", "elapsed": 6537.706059, "delta": 5.796322}}
{"target": -0.5793840368915483, "params": {"bus_acc": 3.4555, "bus_dcc": 0.2505, "bus_lcAssertive": 45.8135, "bus_lcCooperative": 0.9269, "bus_lcLookaheadLeft": 31.7688, "bus_lcPushy": 0.7156, "bus_lcSigma": 0.1334, "bus_lcSpeedGainRight": 2.8628, "bus_lcSublane": 0.9301, "bus_sigma": 0.9743, "bus_tau_mean": 3.5754, "bus_tau_std": 9.6617, "bus_v_mean": 18.836, "bus_v_std": 8.9308, "car_acc": 2.6909, "car_dcc": 2.0914, "car_lcAssertive": 2.3445, "car_lcCooperative": 0.8316, "car_lcLookaheadLeft": 35.7778, "car_lcPushy": 0.001, "car_lcSigma": 0.6449, "car_lcSpeedGainRight": 3.441, "car_lcSublane": 0.606, "car_sigma": 0.8815, "car_tau_mean": 3.7476, "car_tau_std": 2.2668, "car_v_mean": 12.4627, "car_v_std": 9.1309}, "datetime": {"datetime": "2024-08-11 19:31:15", "elapsed": 6545.702655, "delta": 7.996596}}
{"target": -0.5942829235413898, "params": {"bus_acc": 0.5174, "bus_dcc": 2.2528, "bus_lcAssertive": 89.1225, "bus_lcCooperative": 0.5694, "bus_lcLookaheadLeft": 80.7297, "bus_lcPushy": 0.6322, "bus_lcSigma": 0.1574, "bus_lcSpeedGainRight": 1.5148, "bus_lcSublane": 0.2254, "bus_sigma": 0.2669, "bus_tau_mean": 0.9856, "bus_tau_std": 0.8977, "bus_v_mean": 13.5116, "bus_v_std": 7.5944, "car_acc": 1.3358, "car_dcc": 1.4583, "car_lcAssertive": 94.7583, "car_lcCooperative": 0.9372, "car_lcLookaheadLeft": 52.6512, "car_lcPushy": 0.1547, "car_lcSigma": 0.6576, "car_lcSpeedGainRight": 0.1602, "car_lcSublane": 0.3871, "car_sigma": 0.7286, "car_tau_mean": 2.6445, "car_tau_std": 8.4767, "car_v_mean": 11.6072, "car_v_std": 15.9847}, "datetime": {"datetime": "2024-08-11 19:31:19", "elapsed": 6550.622519, "delta": 4.919864}}
{"target": -0.42144172792628726, "params": {"bus_acc": 1.2284, "bus_dcc": 0.8569, "bus_lcAssertive": 82.3615, "bus_lcCooperative": 0.8864, "bus_lcLookaheadLeft": 31.9004, "bus_lcPushy": 0.8865, "bus_lcSigma": 0.1865, "bus_lcSpeedGainRight": 1.2851, "bus_lcSublane": 0.9874, "bus_sigma": 0.5551, "bus_tau_mean": 3.6619, "bus_tau_std": 4.1081, "bus_v_mean": 14.2, "bus_v_std": 5.4713, "car_acc": 3.2307, "car_dcc": 2.9984, "car_lcAssertive": 18.2082, "car_lcCooperative": 0.9563, "car_lcLookaheadLeft": 54.0207, "car_lcPushy": 0.1122, "car_lcSigma": 0.1224, "car_lcSpeedGainRight": 3.5095, "car_lcSublane": 0.7916, "car_sigma": 0.4151, "car_tau_mean": 2.5171, "car_tau_std": 3.2463, "car_v_mean": 8.837, "car_v_std": 11.5823}, "datetime": {"datetime": "2024-08-11 19:31:25", "elapsed": 6555.635556, "delta": 5.013037}}
{"target": -0.32887946741172397, "params": {"bus_acc": 0.4619, "bus_dcc": 3.3592, "bus_lcAssertive": 87.4694, "bus_lcCooperative": 0.607, "bus_lcLookaheadLeft": 89.4805, "bus_lcPushy": 0.1322, "bus_lcSigma": 0.4451, "bus_lcSpeedGainRight": 1.4168, "bus_lcSublane": 0.0547, "bus_sigma": 0.2894, "bus_tau_mean": 3.7471, "bus_tau_std": 0.4445, "bus_v_mean": 23.3053, "bus_v_std": 18.0377, "car_acc": 3.7792, "car_dcc": 1.2927, "car_lcAssertive": 93.6833, "car_lcCooperative": 0.2592, "car_lcLookaheadLeft": 42.2165, "car_lcPushy": 0.0379, "car_lcSigma": 0.0321, "car_lcSpeedGainRight": 1.92, "car_lcSublane": 0.355, "car_sigma": 0.2087, "car_tau_mean": 3.9883, "car_tau_std": 8.7238, "car_v_mean": 21.6247, "car_v_std": 4.045}, "datetime": {"datetime": "2024-08-11 19:31:31", "elapsed": 6562.508659, "delta": 6.873103}}
{"target": -0.35870754591575277, "params": {"bus_acc": 2.6187, "bus_dcc": 3.1211, "bus_lcAssertive": 99.2388, "bus_lcCooperative": 0.5217, "bus_lcLookaheadLeft": 64.704, "bus_lcPushy": 0.9437, "bus_lcSigma": 0.4758, "bus_lcSpeedGainRight": 4.5109, "bus_lcSublane": 0.7777, "bus_sigma": 0.232, "bus_tau_mean": 2.6003, "bus_tau_std": 9.0892, "bus_v_mean": 15.6629, "bus_v_std": 11.514, "car_acc": 1.1875, "car_dcc": 2.0491, "car_lcAssertive": 70.0974, "car_lcCooperative": 0.6204, "car_lcLookaheadLeft": 99.6373, "car_lcPushy": 0.4784, "car_lcSigma": 0.3384, "car_lcSpeedGainRight": 1.2668, "car_lcSublane": 0.7316, "car_sigma": 0.4776, "car_tau_mean": 3.7264, "car_tau_std": 0.7589, "car_v_mean": 23.8818, "car_v_std": 11.6701}, "datetime": {"datetime": "2024-08-11 19:31:38", "elapsed": 6569.530953, "delta": 7.022294}}
{"target": -0.4925989096041226, "params": {"bus_acc": 1.1096, "bus_dcc": 0.5598, "bus_lcAssertive": 91.6892, "bus_lcCooperative": 0.0842, "bus_lcLookaheadLeft": 63.8179, "bus_lcPushy": 0.6259, "bus_lcSigma": 0.1973, "bus_lcSpeedGainRight": 2.7219, "bus_lcSublane": 0.6936, "bus_sigma": 0.3329, "bus_tau_mean": 1.2853, "bus_tau_std": 9.3569, "bus_v_mean": 14.9522, "bus_v_std": 12.9468, "car_acc": 3.3994, "car_dcc": 2.3657, "car_lcAssertive": 18.483, "car_lcCooperative": 0.1897, "car_lcLookaheadLeft": 10.2232, "car_lcPushy": 0.294, "car_lcSigma": 0.3009, "car_lcSpeedGainRight": 1.5135, "car_lcSublane": 0.4401, "car_sigma": 0.2429, "car_tau_mean": 3.3076, "car_tau_std": 1.9829, "car_v_mean": 13.235, "car_v_std": 10.4366}, "datetime": {"datetime": "2024-08-11 19:31:44", "elapsed": 6575.39559, "delta": 5.864637}}
