{"target": -0.7260098062977245, "params": {"bus_acc": 3.0355, "bus_dcc": 0.5719, "bus_lcAssertive": 68.9625, "bus_lcCooperative": 0.2569, "bus_lcLookaheadLeft": 51.6084, "bus_lcPushy": 0.699, "bus_lcSigma": 0.9065, "bus_lcSpeedGainRight": 1.2709, "bus_lcSublane": 0.1895, "bus_sigma": 0.8342, "bus_tau_mean": 1.1421, "bus_tau_std": 9.3061, "bus_v_mean": 19.3755, "bus_v_std": 10.7944, "car_acc": 2.3236, "car_dcc": 1.8418, "car_lcAssertive": 41.5566, "car_lcCooperative": 0.0992, "car_lcLookaheadLeft": 39.4193, "car_lcPushy": 0.7128, "car_lcSigma": 0.338, "car_lcSpeedGainRight": 2.2768, "car_lcSublane": 0.1975, "car_sigma": 0.7586, "car_tau_mean": 1.5275, "car_tau_std": 0.5554, "car_v_mean": 16.1723, "car_v_std": 13.8407}, "datetime": {"datetime": "2024-09-05 10:58:52", "elapsed": 587.668312, "delta": 17.694773}}
{"target": -0.21697864822921045, "params": {"bus_acc": 4.0, "bus_dcc": 1.802, "bus_lcAssertive": 9.4975, "bus_lcCooperative": 0.1476, "bus_lcLookaheadLeft": 79.6286, "bus_lcPushy": 0.9893, "bus_lcSigma": 0.9399, "bus_lcSpeedGainRight": 1.8459, "bus_lcSublane": 0.6547, "bus_sigma": 0.1181, "bus_tau_mean": 0.8616, "bus_tau_std": 2.4996, "bus_v_mean": 22.1501, "bus_v_std": 11.4897, "car_acc": 2.7295, "car_dcc": 1.1554, "car_lcAssertive": 15.8726, "car_lcCooperative": 0.6183, "car_lcLookaheadLeft": 56.4201, "car_lcPushy": 1.0, "car_lcSigma": 0.4783, "car_lcSpeedGainRight": 0.9895, "car_lcSublane": 0.6322, "car_sigma": 0.2365, "car_tau_mean": 2.6446, "car_tau_std": 7.5301, "car_v_mean": 18.7069, "car_v_std": 10.782}, "datetime": {"datetime": "2024-09-05 10:58:59", "elapsed": 594.632549, "delta": 6.964237}}
{"target": -0.19015657284401613, "params": {"bus_acc": 3.3199, "bus_dcc": 2.9942, "bus_lcAssertive": 43.3558, "bus_lcCooperative": 0.0169, "bus_lcLookaheadLeft": 34.3169, "bus_lcPushy": 0.6052, "bus_lcSigma": 0.7765, "bus_lcSpeedGainRight": 0.9833, "bus_lcSublane": 0.4247, "bus_sigma": 0.0504, "bus_tau_mean": 2.9182, "bus_tau_std": 2.7635, "bus_v_mean": 18.4012, "bus_v_std": 10.1206, "car_acc": 2.6903, "car_dcc": 2.7553, "car_lcAssertive": 13.5653, "car_lcCooperative": 0.0162, "car_lcLookaheadLeft": 4.224, "car_lcPushy": 0.4252, "car_lcSigma": 0.4587, "car_lcSpeedGainRight": 0.0972, "car_lcSublane": 0.9817, "car_sigma": 0.55, "car_tau_mean": 0.9319, "car_tau_std": 6.4879, "car_v_mean": 15.542, "car_v_std": 5.9373}, "datetime": {"datetime": "2024-09-05 10:59:12", "elapsed": 607.524946, "delta": 12.892397}}
{"target": -0.3392419875322785, "params": {"bus_acc": 3.7799, "bus_dcc": 4.0, "bus_lcAssertive": 89.1592, "bus_lcCooperative": 1.0, "bus_lcLookaheadLeft": 84.0302, "bus_lcPushy": 0.0481, "bus_lcSigma": 0.1258, "bus_lcSpeedGainRight": 0.6495, "bus_lcSublane": 1.0, "bus_sigma": 0.9413, "bus_tau_mean": 4.0, "bus_tau_std": 9.1687, "bus_v_mean": 8.3413, "bus_v_std": 5.1378, "car_acc": 0.2, "car_dcc": 1.924, "car_lcAssertive": 97.7966, "car_lcCooperative": 0.0001, "car_lcLookaheadLeft": 48.1275, "car_lcPushy": 0.0856, "car_lcSigma": 0.0813, "car_lcSpeedGainRight": 0.0399, "car_lcSublane": 0.0, "car_sigma": 0.0515, "car_tau_mean": 0.7209, "car_tau_std": 10.0, "car_v_mean": 10.1872, "car_v_std": 11.4875}, "datetime": {"datetime": "2024-09-05 10:59:13", "elapsed": 608.883463, "delta": 1.358517}}
{"target": -0.476699717420932, "params": {"bus_acc": 3.8268, "bus_dcc": 2.2988, "bus_lcAssertive": 89.374, "bus_lcCooperative": 1.0, "bus_lcLookaheadLeft": 84.549, "bus_lcPushy": 0.0347, "bus_lcSigma": 0.1227, "bus_lcSpeedGainRight": 0.952, "bus_lcSublane": 1.0, "bus_sigma": 0.9527, "bus_tau_mean": 4.0, "bus_tau_std": 9.3634, "bus_v_mean": 8.2626, "bus_v_std": 1.5638, "car_acc": 0.2, "car_dcc": 4.0, "car_lcAssertive": 98.3299, "car_lcCooperative": 0.0, "car_lcLookaheadLeft": 48.1354, "car_lcPushy": 0.0729, "car_lcSigma": 0.0726, "car_lcSpeedGainRight": 0.0, "car_lcSublane": 0.0, "car_sigma": 0.0408, "car_tau_mean": 0.6736, "car_tau_std": 10.0, "car_v_mean": 8.2251, "car_v_std": 13.3915}, "datetime": {"datetime": "2024-09-05 10:59:17", "elapsed": 612.921765, "delta": 4.038302}}
{"target": -0.20301760884561248, "params": {"bus_acc": 3.4465, "bus_dcc": 1.0361, "bus_lcAssertive": 74.9848, "bus_lcCooperative": 0.6066, "bus_lcLookaheadLeft": 8.543, "bus_lcPushy": 0.1261, "bus_lcSigma": 0.7331, "bus_lcSpeedGainRight": 2.9563, "bus_lcSublane": 0.8081, "bus_sigma": 0.6615, "bus_tau_mean": 1.5308, "bus_tau_std": 5.5466, "bus_v_mean": 8.0612, "bus_v_std": 2.2758, "car_acc": 2.3729, "car_dcc": 1.5814, "car_lcAssertive": 31.1974, "car_lcCooperative": 0.2036, "car_lcLookaheadLeft": 94.6308, "car_lcPushy": 0.5815, "car_lcSigma": 0.8951, "car_lcSpeedGainRight": 2.5707, "car_lcSublane": 0.0246, "car_sigma": 0.0749, "car_tau_mean": 3.2255, "car_tau_std": 6.3309, "car_v_mean": 19.9004, "car_v_std": 3.5099}, "datetime": {"datetime": "2024-09-05 10:59:23", "elapsed": 618.793816, "delta": 5.872051}}
{"target": -0.5997293754581279, "params": {"bus_acc": 2.0939, "bus_dcc": 3.2947, "bus_lcAssertive": 14.2061, "bus_lcCooperative": 0.0591, "bus_lcLookaheadLeft": 48.4332, "bus_lcPushy": 0.8368, "bus_lcSigma": 0.7789, "bus_lcSpeedGainRight": 1.6951, "bus_lcSublane": 0.8984, "bus_sigma": 0.9821, "bus_tau_mean": 2.055, "bus_tau_std": 8.1292, "bus_v_mean": 9.1327, "bus_v_std": 16.6245, "car_acc": 0.9944, "car_dcc": 2.2958, "car_lcAssertive": 1.7325, "car_lcCooperative": 0.6376, "car_lcLookaheadLeft": 71.0835, "car_lcPushy": 0.297, "car_lcSigma": 0.0034, "car_lcSpeedGainRight": 1.9142, "car_lcSublane": 0.784, "car_sigma": 0.8714, "car_tau_mean": 0.968, "car_tau_std": 4.2215, "car_v_mean": 14.6645, "car_v_std": 17.7559}, "datetime": {"datetime": "2024-09-05 10:59:34", "elapsed": 629.828528, "delta": 11.034712}}
{"target": -0.18896719572539455, "params": {"bus_acc": 3.1039, "bus_dcc": 3.9996, "bus_lcAssertive": 84.6099, "bus_lcCooperative": 0.4786, "bus_lcLookaheadLeft": 55.0462, "bus_lcPushy": 0.7801, "bus_lcSigma": 0.8478, "bus_lcSpeedGainRight": 3.2626, "bus_lcSublane": 0.7417, "bus_sigma": 0.7512, "bus_tau_mean": 0.9882, "bus_tau_std": 5.2914, "bus_v_mean": 10.9986, "bus_v_std": 2.5622, "car_acc": 1.3269, "car_dcc": 2.0336, "car_lcAssertive": 14.9743, "car_lcCooperative": 0.6655, "car_lcLookaheadLeft": 58.2015, "car_lcPushy": 0.4009, "car_lcSigma": 0.4752, "car_lcSpeedGainRight": 4.0925, "car_lcSublane": 0.0396, "car_sigma": 0.6036, "car_tau_mean": 3.663, "car_tau_std": 4.999, "car_v_mean": 22.6849, "car_v_std": 2.4686}, "datetime": {"datetime": "2024-09-05 11:00:04", "elapsed": 659.56235, "delta": 29.733822}}
{"target": -0.18285200579902228, "params": {"bus_acc": 1.8929, "bus_dcc": 2.9473, "bus_lcAssertive": 15.132, "bus_lcCooperative": 0.2474, "bus_lcLookaheadLeft": 28.4529, "bus_lcPushy": 0.5661, "bus_lcSigma": 0.7029, "bus_lcSpeedGainRight": 3.155, "bus_lcSublane": 0.6402, "bus_sigma": 0.5079, "bus_tau_mean": 1.209, "bus_tau_std": 2.833, "bus_v_mean": 9.2731, "bus_v_std": 5.6558, "car_acc": 3.0308, "car_dcc": 2.5967, "car_lcAssertive": 33.8726, "car_lcCooperative": 0.8255, "car_lcLookaheadLeft": 13.6338, "car_lcPushy": 0.7981, "car_lcSigma": 0.809, "car_lcSpeedGainRight": 3.9213, "car_lcSublane": 0.0909, "car_sigma": 0.5142, "car_tau_mean": 1.8993, "car_tau_std": 0.1267, "car_v_mean": 13.7538, "car_v_std": 13.0777}, "datetime": {"datetime": "2024-09-05 11:00:14", "elapsed": 669.74819, "delta": 10.18584}}
{"target": -0.18020439031731053, "params": {"bus_acc": 3.5802, "bus_dcc": 0.841, "bus_lcAssertive": 74.0799, "bus_lcCooperative": 0.4841, "bus_lcLookaheadLeft": 21.9217, "bus_lcPushy": 0.4626, "bus_lcSigma": 0.0562, "bus_lcSpeedGainRight": 1.2107, "bus_lcSublane": 0.6207, "bus_sigma": 0.9923, "bus_tau_mean": 1.226, "bus_tau_std": 5.675, "bus_v_mean": 15.9891, "bus_v_std": 1.8854, "car_acc": 2.0864, "car_dcc": 1.0147, "car_lcAssertive": 88.2022, "car_lcCooperative": 0.7654, "car_lcLookaheadLeft": 45.1488, "car_lcPushy": 0.1947, "car_lcSigma": 0.6894, "car_lcSpeedGainRight": 4.8816, "car_lcSublane": 0.6128, "car_sigma": 0.004, "car_tau_mean": 3.6233, "car_tau_std": 1.5638, "car_v_mean": 15.4178, "car_v_std": 7.9433}, "datetime": {"datetime": "2024-09-05 11:00:15", "elapsed": 670.732023, "delta": 0.983833}}
{"target": -0.28093931608850836, "params": {"bus_acc": 3.3578, "bus_dcc": 0.4507, "bus_lcAssertive": 85.4571, "bus_lcCooperative": 0.3236, "bus_lcLookaheadLeft": 30.6368, "bus_lcPushy": 0.2679, "bus_lcSigma": 0.9273, "bus_lcSpeedGainRight": 1.8493, "bus_lcSublane": 0.8214, "bus_sigma": 0.3952, "bus_tau_mean": 1.4179, "bus_tau_std": 6.5451, "bus_v_mean": 16.728, "bus_v_std": 17.5181, "car_acc": 1.3476, "car_dcc": 0.5099, "car_lcAssertive": 63.5546, "car_lcCooperative": 0.807, "car_lcLookaheadLeft": 15.6711, "car_lcPushy": 0.8764, "car_lcSigma": 0.7483, "car_lcSpeedGainRight": 4.1482, "car_lcSublane": 0.9805, "car_sigma": 0.9239, "car_tau_mean": 0.5419, "car_tau_std": 4.815, "car_v_mean": 18.3663, "car_v_std": 0.8444}, "datetime": {"datetime": "2024-09-05 11:00:16", "elapsed": 671.503027, "delta": 0.771004}}
{"target": -0.17597091707364357, "params": {"bus_acc": 3.6694, "bus_dcc": 3.7666, "bus_lcAssertive": 78.3813, "bus_lcCooperative": 0.4962, "bus_lcLookaheadLeft": 40.637, "bus_lcPushy": 0.8612, "bus_lcSigma": 0.5235, "bus_lcSpeedGainRight": 1.4459, "bus_lcSublane": 0.0438, "bus_sigma": 0.2045, "bus_tau_mean": 2.9731, "bus_tau_std": 8.5512, "bus_v_mean": 13.9604, "bus_v_std": 7.5017, "car_acc": 2.2044, "car_dcc": 2.6285, "car_lcAssertive": 15.7506, "car_lcCooperative": 0.7748, "car_lcLookaheadLeft": 47.051, "car_lcPushy": 0.3342, "car_lcSigma": 0.9322, "car_lcSpeedGainRight": 4.5205, "car_lcSublane": 0.4502, "car_sigma": 0.8924, "car_tau_mean": 2.537, "car_tau_std": 8.5732, "car_v_mean": 19.0968, "car_v_std": 12.2153}, "datetime": {"datetime": "2024-09-05 11:00:21", "elapsed": 676.588378, "delta": 5.085351}}
{"target": -0.177929264720092, "params": {"bus_acc": 1.6924, "bus_dcc": 3.9153, "bus_lcAssertive": 18.5803, "bus_lcCooperative": 0.6779, "bus_lcLookaheadLeft": 58.0364, "bus_lcPushy": 0.5824, "bus_lcSigma": 0.0579, "bus_lcSpeedGainRight": 4.7024, "bus_lcSublane": 0.3359, "bus_sigma": 0.9573, "bus_tau_mean": 3.367, "bus_tau_std": 1.4101, "bus_v_mean": 12.4991, "bus_v_std": 14.0116, "car_acc": 3.257, "car_dcc": 2.6625, "car_lcAssertive": 43.9058, "car_lcCooperative": 0.1002, "car_lcLookaheadLeft": 57.0234, "car_lcPushy": 0.8984, "car_lcSigma": 0.5253, "car_lcSpeedGainRight": 2.4275, "car_lcSublane": 0.5193, "car_sigma": 0.7429, "car_tau_mean": 3.7012, "car_tau_std": 6.9783, "car_v_mean": 17.2897, "car_v_std": 3.0555}, "datetime": {"datetime": "2024-09-05 11:00:22", "elapsed": 677.601595, "delta": 1.013217}}
{"target": -0.9479524737107742, "params": {"bus_acc": 3.7211, "bus_dcc": 4.0, "bus_lcAssertive": 88.5198, "bus_lcCooperative": 1.0, "bus_lcLookaheadLeft": 81.4046, "bus_lcPushy": 0.0659, "bus_lcSigma": 0.1135, "bus_lcSpeedGainRight": 0.9641, "bus_lcSublane": 0.9764, "bus_sigma": 0.9337, "bus_tau_mean": 3.9275, "bus_tau_std": 9.0024, "bus_v_mean": 8.392, "bus_v_std": 4.4575, "car_acc": 0.2, "car_dcc": 2.6534, "car_lcAssertive": 97.2446, "car_lcCooperative": 0.0208, "car_lcLookaheadLeft": 49.4743, "car_lcPushy": 0.0843, "car_lcSigma": 0.0766, "car_lcSpeedGainRight": 0.2607, "car_lcSublane": 0.0, "car_sigma": 0.0611, "car_tau_mean": 0.752, "car_tau_std": 10.0, "car_v_mean": 11.445, "car_v_std": 11.5419}, "datetime": {"datetime": "2024-09-05 11:00:29", "elapsed": 684.903922, "delta": 7.302327}}
{"target": -0.2110301883163654, "params": {"bus_acc": 1.1673, "bus_dcc": 2.8455, "bus_lcAssertive": 10.4627, "bus_lcCooperative": 0.3421, "bus_lcLookaheadLeft": 42.0719, "bus_lcPushy": 0.0042, "bus_lcSigma": 0.2716, "bus_lcSpeedGainRight": 2.5054, "bus_lcSublane": 0.2171, "bus_sigma": 0.0524, "bus_tau_mean": 2.3142, "bus_tau_std": 6.11, "bus_v_mean": 19.8285, "bus_v_std": 12.461, "car_acc": 3.8801, "car_dcc": 3.5243, "car_lcAssertive": 25.129, "car_lcCooperative": 0.1046, "car_lcLookaheadLeft": 60.4042, "car_lcPushy": 0.2601, "car_lcSigma": 0.0596, "car_lcSpeedGainRight": 3.252, "car_lcSublane": 0.0122, "car_sigma": 0.6898, "car_tau_mean": 1.0574, "car_tau_std": 4.9674, "car_v_mean": 24.8312, "car_v_std": 0.2138}, "datetime": {"datetime": "2024-09-05 11:00:32", "elapsed": 687.546589, "delta": 2.642667}}
{"target": -0.18296388653571186, "params": {"bus_acc": 2.715, "bus_dcc": 3.1236, "bus_lcAssertive": 72.5935, "bus_lcCooperative": 0.846, "bus_lcLookaheadLeft": 89.459, "bus_lcPushy": 0.2028, "bus_lcSigma": 0.0441, "bus_lcSpeedGainRight": 4.7117, "bus_lcSublane": 0.3786, "bus_sigma": 0.7946, "bus_tau_mean": 1.2665, "bus_tau_std": 8.3039, "bus_v_mean": 9.8003, "bus_v_std": 16.5177, "car_acc": 1.0237, "car_dcc": 2.5821, "car_lcAssertive": 68.3172, "car_lcCooperative": 0.4282, "car_lcLookaheadLeft": 69.5222, "car_lcPushy": 0.4502, "car_lcSigma": 0.8517, "car_lcSpeedGainRight": 1.352, "car_lcSublane": 0.5828, "car_sigma": 0.5385, "car_tau_mean": 2.8488, "car_tau_std": 3.2862, "car_v_mean": 19.5906, "car_v_std": 16.2333}, "datetime": {"datetime": "2024-09-05 11:00:33", "elapsed": 689.189221, "delta": 1.642632}}
{"target": -0.26614621608613037, "params": {"bus_acc": 2.6949, "bus_dcc": 1.7643, "bus_lcAssertive": 28.7042, "bus_lcCooperative": 0.9401, "bus_lcLookaheadLeft": 4.6204, "bus_lcPushy": 0.1021, "bus_lcSigma": 0.9371, "bus_lcSpeedGainRight": 3.8341, "bus_lcSublane": 0.7023, "bus_sigma": 0.3848, "bus_tau_mean": 1.6059, "bus_tau_std": 0.0002, "bus_v_mean": 15.6673, "bus_v_std": 9.9065, "car_acc": 1.9425, "car_dcc": 0.225, "car_lcAssertive": 82.5038, "car_lcCooperative": 0.4549, "car_lcLookaheadLeft": 69.2862, "car_lcPushy": 0.8764, "car_lcSigma": 0.4769, "car_lcSpeedGainRight": 0.9469, "car_lcSublane": 0.6853, "car_sigma": 0.8673, "car_tau_mean": 1.8259, "car_tau_std": 0.4832, "car_v_mean": 9.3482, "car_v_std": 12.5855}, "datetime": {"datetime": "2024-09-05 11:00:52", "elapsed": 707.688733, "delta": 18.499512}}
{"target": -0.23419280347170535, "params": {"bus_acc": 2.1487, "bus_dcc": 0.3703, "bus_lcAssertive": 60.1415, "bus_lcCooperative": 0.5291, "bus_lcLookaheadLeft": 94.9402, "bus_lcPushy": 0.1796, "bus_lcSigma": 0.709, "bus_lcSpeedGainRight": 3.9657, "bus_lcSublane": 0.208, "bus_sigma": 0.1541, "bus_tau_mean": 2.478, "bus_tau_std": 2.2244, "bus_v_mean": 14.3831, "bus_v_std": 15.1854, "car_acc": 3.798, "car_dcc": 0.4252, "car_lcAssertive": 91.4319, "car_lcCooperative": 0.9285, "car_lcLookaheadLeft": 67.4318, "car_lcPushy": 0.7019, "car_lcSigma": 0.1706, "car_lcSpeedGainRight": 2.189, "car_lcSublane": 0.2404, "car_sigma": 0.0931, "car_tau_mean": 1.6351, "car_tau_std": 7.4853, "car_v_mean": 14.2964, "car_v_std": 3.2726}, "datetime": {"datetime": "2024-09-05 11:01:01", "elapsed": 716.824556, "delta": 9.135823}}
{"target": -0.26160292675291413, "params": {"bus_acc": 0.5363, "bus_dcc": 1.8236, "bus_lcAssertive": 76.891, "bus_lcCooperative": 0.6754, "bus_lcLookaheadLeft": 60.1065, "bus_lcPushy": 0.6239, "bus_lcSigma": 0.6915, "bus_lcSpeedGainRight": 3.2094, "bus_lcSublane": 0.8586, "bus_sigma": 0.5015, "bus_tau_mean": 1.6285, "bus_tau_std": 0.0346, "bus_v_mean": 8.1715, "bus_v_std": 18.848, "car_acc": 0.9636, "car_dcc": 1.3201, "car_lcAssertive": 87.3718, "car_lcCooperative": 0.2099, "car_lcLookaheadLeft": 6.431, "car_lcPushy": 0.656, "car_lcSigma": 0.8584, "car_lcSpeedGainRight": 4.3244, "car_lcSublane": 0.3437, "car_sigma": 0.8222, "car_tau_mean": 0.7128, "car_tau_std": 5.1165, "car_v_mean": 17.488, "car_v_std": 5.7185}, "datetime": {"datetime": "2024-09-05 11:01:09", "elapsed": 724.988648, "delta": 8.164092}}
{"target": -0.36049962863839285, "params": {"bus_acc": 2.7122, "bus_dcc": 2.0587, "bus_lcAssertive": 36.9784, "bus_lcCooperative": 0.5532, "bus_lcLookaheadLeft": 45.7055, "bus_lcPushy": 0.9618, "bus_lcSigma": 0.0474, "bus_lcSpeedGainRight": 3.4738, "bus_lcSublane": 0.817, "bus_sigma": 0.4095, "bus_tau_mean": 2.9266, "bus_tau_std": 6.1061, "bus_v_mean": 16.3488, "bus_v_std": 12.7992, "car_acc": 0.343, "car_dcc": 3.2397, "car_lcAssertive": 26.4305, "car_lcCooperative": 0.186, "car_lcLookaheadLeft": 73.3738, "car_lcPushy": 0.1698, "car_lcSigma": 0.8921, "car_lcSpeedGainRight": 3.8695, "car_lcSublane": 0.2669, "car_sigma": 0.461, "car_tau_mean": 0.9133, "car_tau_std": 7.5141, "car_v_mean": 16.8333, "car_v_std": 12.1366}, "datetime": {"datetime": "2024-09-05 11:01:20", "elapsed": 736.039376, "delta": 11.050728}}
{"target": -0.23117553583384198, "params": {"bus_acc": 1.8373, "bus_dcc": 2.1589, "bus_lcAssertive": 17.313, "bus_lcCooperative": 0.1852, "bus_lcLookaheadLeft": 75.8861, "bus_lcPushy": 0.1026, "bus_lcSigma": 0.7832, "bus_lcSpeedGainRight": 1.918, "bus_lcSublane": 0.4712, "bus_sigma": 0.1406, "bus_tau_mean": 3.9163, "bus_tau_std": 9.6476, "bus_v_mean": 18.5068, "bus_v_std": 15.1146, "car_acc": 1.519, "car_dcc": 0.3527, "car_lcAssertive": 41.3622, "car_lcCooperative": 0.1638, "car_lcLookaheadLeft": 72.4324, "car_lcPushy": 0.9387, "car_lcSigma": 0.8515, "car_lcSpeedGainRight": 0.8581, "car_lcSublane": 0.0946, "car_sigma": 0.688, "car_tau_mean": 0.7637, "car_tau_std": 3.7359, "car_v_mean": 15.2833, "car_v_std": 3.3775}, "datetime": {"datetime": "2024-09-05 11:01:37", "elapsed": 752.8812, "delta": 16.841824}}
{"target": -0.19845436003097805, "params": {"bus_acc": 0.7393, "bus_dcc": 1.1191, "bus_lcAssertive": 65.6625, "bus_lcCooperative": 0.1671, "bus_lcLookaheadLeft": 24.3586, "bus_lcPushy": 0.4684, "bus_lcSigma": 0.5494, "bus_lcSpeedGainRight": 1.7792, "bus_lcSublane": 0.5292, "bus_sigma": 0.2463, "bus_tau_mean": 3.7458, "bus_tau_std": 9.7465, "bus_v_mean": 25.1533, "bus_v_std": 12.3814, "car_acc": 1.9249, "car_dcc": 0.6762, "car_lcAssertive": 87.6236, "car_lcCooperative": 0.6745, "car_lcLookaheadLeft": 32.7271, "car_lcPushy": 0.7223, "car_lcSigma": 0.7051, "car_lcSpeedGainRight": 2.8033, "car_lcSublane": 0.1118, "car_sigma": 0.0203, "car_tau_mean": 2.7586, "car_tau_std": 5.0552, "car_v_mean": 20.03, "car_v_std": 11.0153}, "datetime": {"datetime": "2024-09-05 11:01:52", "elapsed": 768.088253, "delta": 15.207053}}
{"target": -0.17230804942157577, "params": {"bus_acc": 2.0622, "bus_dcc": 3.6213, "bus_lcAssertive": 48.4031, "bus_lcCooperative": 0.3716, "bus_lcLookaheadLeft": 96.1683, "bus_lcPushy": 0.9131, "bus_lcSigma": 0.272, "bus_lcSpeedGainRight": 1.7714, "bus_lcSublane": 0.7508, "bus_sigma": 0.234, "bus_tau_mean": 1.3466, "bus_tau_std": 0.9904, "bus_v_mean": 21.8964, "bus_v_std": 7.2221, "car_acc": 2.2839, "car_dcc": 2.9364, "car_lcAssertive": 39.4841, "car_lcCooperative": 0.1943, "car_lcLookaheadLeft": 31.787, "car_lcPushy": 0.6015, "car_lcSigma": 0.4982, "car_lcSpeedGainRight": 0.202, "car_lcSublane": 0.5622, "car_sigma": 0.7466, "car_tau_mean": 3.4755, "car_tau_std": 3.1405, "car_v_mean": 24.5497, "car_v_std": 4.5764}, "datetime": {"datetime": "2024-09-05 11:01:55", "elapsed": 770.777854, "delta": 2.689601}}
{"target": -0.19739642720710512, "params": {"bus_acc": 0.5516, "bus_dcc": 1.1595, "bus_lcAssertive": 6.222, "bus_lcCooperative": 0.2966, "bus_lcLookaheadLeft": 59.1489, "bus_lcPushy": 0.4081, "bus_lcSigma": 0.9127, "bus_lcSpeedGainRight": 3.9833, "bus_lcSublane": 0.6369, "bus_sigma": 0.1071, "bus_tau_mean": 2.2827, "bus_tau_std": 8.9199, "bus_v_mean": 14.6692, "bus_v_std": 3.7045, "car_acc": 2.1439, "car_dcc": 2.0291, "car_lcAssertive": 95.6138, "car_lcCooperative": 0.0853, "car_lcLookaheadLeft": 93.8791, "car_lcPushy": 0.7805, "car_lcSigma": 0.1626, "car_lcSpeedGainRight": 3.5109, "car_lcSublane": 0.1506, "car_sigma": 0.6141, "car_tau_mean": 3.2834, "car_tau_std": 0.8155, "car_v_mean": 14.0434, "car_v_std": 17.8794}, "datetime": {"datetime": "2024-09-05 11:02:05", "elapsed": 780.729249, "delta": 9.951395}}
{"target": -0.25552562299273135, "params": {"bus_acc": 3.8153, "bus_dcc": 2.3008, "bus_lcAssertive": 96.3352, "bus_lcCooperative": 0.1964, "bus_lcLookaheadLeft": 88.4433, "bus_lcPushy": 0.1159, "bus_lcSigma": 0.6057, "bus_lcSpeedGainRight": 3.0863, "bus_lcSublane": 0.5436, "bus_sigma": 0.9995, "bus_tau_mean": 3.9372, "bus_tau_std": 0.1289, "bus_v_mean": 23.0602, "bus_v_std": 19.1539, "car_acc": 2.8219, "car_dcc": 1.9227, "car_lcAssertive": 53.924, "car_lcCooperative": 0.2878, "car_lcLookaheadLeft": 7.5839, "car_lcPushy": 0.0165, "car_lcSigma": 0.4342, "car_lcSpeedGainRight": 1.0281, "car_lcSublane": 0.382, "car_sigma": 0.3724, "car_tau_mean": 2.696, "car_tau_std": 5.628, "car_v_mean": 22.2444, "car_v_std": 1.8427}, "datetime": {"datetime": "2024-09-05 11:02:27", "elapsed": 802.569416, "delta": 21.840167}}
{"target": -0.5197288370234943, "params": {"bus_acc": 0.8655, "bus_dcc": 1.4806, "bus_lcAssertive": 34.5141, "bus_lcCooperative": 0.253, "bus_lcLookaheadLeft": 49.5188, "bus_lcPushy": 0.4828, "bus_lcSigma": 0.2808, "bus_lcSpeedGainRight": 3.0016, "bus_lcSublane": 0.0347, "bus_sigma": 0.9333, "bus_tau_mean": 2.6919, "bus_tau_std": 7.5611, "bus_v_mean": 21.1655, "bus_v_std": 5.0309, "car_acc": 0.2203, "car_dcc": 1.783, "car_lcAssertive": 4.2615, "car_lcCooperative": 0.3966, "car_lcLookaheadLeft": 44.0, "car_lcPushy": 0.3945, "car_lcSigma": 0.4087, "car_lcSpeedGainRight": 2.1742, "car_lcSublane": 0.0688, "car_sigma": 0.8104, "car_tau_mean": 2.0379, "car_tau_std": 6.8887, "car_v_mean": 20.6353, "car_v_std": 8.7942}, "datetime": {"datetime": "2024-09-05 11:02:34", "elapsed": 810.044824, "delta": 7.475408}}
{"target": -0.18161718757720344, "params": {"bus_acc": 1.7617, "bus_dcc": 2.3807, "bus_lcAssertive": 65.5928, "bus_lcCooperative": 0.0143, "bus_lcLookaheadLeft": 36.7274, "bus_lcPushy": 0.8001, "bus_lcSigma": 0.4583, "bus_lcSpeedGainRight": 2.3008, "bus_lcSublane": 0.4831, "bus_sigma": 0.9334, "bus_tau_mean": 3.8821, "bus_tau_std": 1.7989, "bus_v_mean": 16.1913, "bus_v_std": 5.9258, "car_acc": 3.4109, "car_dcc": 3.0027, "car_lcAssertive": 47.2172, "car_lcCooperative": 0.152, "car_lcLookaheadLeft": 92.0145, "car_lcPushy": 0.837, "car_lcSigma": 0.1594, "car_lcSpeedGainRight": 1.4698, "car_lcSublane": 0.9427, "car_sigma": 0.1798, "car_tau_mean": 3.438, "car_tau_std": 3.0599, "car_v_mean": 23.6923, "car_v_std": 13.5428}, "datetime": {"datetime": "2024-09-05 11:02:40", "elapsed": 815.814373, "delta": 5.769549}}
