{"target": -0.19780784313907815, "params": {"bus_acc": 3.2734, "bus_dcc": 1.8969, "bus_lcAssertive": 70.0307, "bus_lcCooperative": 0.0443, "bus_lcLookaheadLeft": 54.7748, "bus_lcPushy": 0.7003, "bus_lcSigma": 0.5234, "bus_lcSpeedGainRight": 1.6715, "bus_lcSublane": 0.8033, "bus_sigma": 0.1484, "bus_tau_mean": 2.0883, "bus_tau_std": 9.3128, "bus_v_mean": 12.7293, "bus_v_std": 2.5531, "car_acc": 3.9533, "car_dcc": 3.7258, "car_lcAssertive": 55.3798, "car_lcCooperative": 0.4972, "car_lcLookaheadLeft": 60.59, "car_lcPushy": 0.4079, "car_lcSigma": 0.1289, "car_lcSpeedGainRight": 3.1618, "car_lcSublane": 0.3694, "car_sigma": 0.182, "car_tau_mean": 0.8015, "car_tau_std": 8.3235, "car_v_mean": 18.0636, "car_v_std": 3.0003}, "datetime": {"datetime": "2024-09-05 10:51:25", "elapsed": 140.936482, "delta": 82.618495}}
{"target": -0.6624640556089786, "params": {"bus_acc": 2.924138921800419, "bus_dcc": 3.585872026310888, "bus_lcAssertive": 3.701435128229413, "bus_lcCooperative": 0.5220512472525107, "bus_lcLookaheadLeft": 33.94700155346248, "bus_lcPushy": 0.8594893208655858, "bus_lcSigma": 0.5585165509225178, "bus_lcSpeedGainRight": 3.4511393408137394, "bus_lcSublane": 0.45285349995153745, "bus_sigma": 0.6283090375213571, "bus_tau_mean": 1.5153389809059905, "bus_tau_std": 0.09348577966515781, "bus_v_mean": 18.381606829767634, "bus_v_std": 6.228884282649256, "car_acc": 2.1656168743042934, "car_dcc": 3.6823422416048115, "car_lcAssertive": 43.221004061638205, "car_lcCooperative": 0.2473960366023854, "car_lcLookaheadLeft": 38.386788605347334, "car_lcPushy": 0.9318611166365406, "car_lcSigma": 0.9368683813090937, "car_lcSpeedGainRight": 4.221649742828566, "car_lcSublane": 0.9202065143056605, "car_sigma": 0.22790028995131695, "car_tau_mean": 0.806187733437568, "car_tau_std": 2.2730973628468876, "car_v_mean": 13.658779090052908, "car_v_std": 3.4953175271262316}, "datetime": {"datetime": "2024-09-05 10:51:31", "elapsed": 146.955842, "delta": 6.01936}}
{"target": -0.16173157697187077, "params": {"bus_acc": 2.1406, "bus_dcc": 3.1644, "bus_lcAssertive": 81.3638, "bus_lcCooperative": 0.4094, "bus_lcLookaheadLeft": 66.4669, "bus_lcPushy": 0.239, "bus_lcSigma": 0.5085, "bus_lcSpeedGainRight": 0.3269, "bus_lcSublane": 0.7922, "bus_sigma": 0.3493, "bus_tau_mean": 3.3559, "bus_tau_std": 5.2993, "bus_v_mean": 10.8477, "bus_v_std": 1.362, "car_acc": 3.9329, "car_dcc": 2.0757, "car_lcAssertive": 89.0189, "car_lcCooperative": 0.1678, "car_lcLookaheadLeft": 41.7869, "car_lcPushy": 0.4736, "car_lcSigma": 0.6807, "car_lcSpeedGainRight": 3.4237, "car_lcSublane": 0.6046, "car_sigma": 0.2149, "car_tau_mean": 2.0045, "car_tau_std": 3.1569, "car_v_mean": 8.7838, "car_v_std": 0.3025}, "datetime": {"datetime": "2024-09-05 10:51:33", "elapsed": 148.882052, "delta": 1.92621}}
{"target": -0.27093125353185743, "params": {"bus_acc": 1.6099, "bus_dcc": 2.0753, "bus_lcAssertive": 61.692, "bus_lcCooperative": 0.7661, "bus_lcLookaheadLeft": 38.5296, "bus_lcPushy": 0.6563, "bus_lcSigma": 0.96, "bus_lcSpeedGainRight": 0.0558, "bus_lcSublane": 0.5642, "bus_sigma": 0.3046, "bus_tau_mean": 2.8653, "bus_tau_std": 4.4476, "bus_v_mean": 20.9873, "bus_v_std": 19.7811, "car_acc": 2.3638, "car_dcc": 0.2668, "car_lcAssertive": 5.1154, "car_lcCooperative": 0.4425, "car_lcLookaheadLeft": 7.5924, "car_lcPushy": 0.1971, "car_lcSigma": 0.4763, "car_lcSpeedGainRight": 1.0365, "car_lcSublane": 0.4256, "car_sigma": 0.6497, "car_tau_mean": 3.3771, "car_tau_std": 7.0979, "car_v_mean": 19.1057, "car_v_std": 4.8952}, "datetime": {"datetime": "2024-09-05 10:51:46", "elapsed": 161.498543, "delta": 12.616491}}
{"target": -0.1756199649920227, "params": {"bus_acc": 0.6485, "bus_dcc": 1.4307, "bus_lcAssertive": 77.7174, "bus_lcCooperative": 0.3581, "bus_lcLookaheadLeft": 61.9122, "bus_lcPushy": 0.4244, "bus_lcSigma": 0.5006, "bus_lcSpeedGainRight": 4.9484, "bus_lcSublane": 0.5873, "bus_sigma": 0.5906, "bus_tau_mean": 2.7504, "bus_tau_std": 6.5024, "bus_v_mean": 9.9242, "bus_v_std": 5.1689, "car_acc": 3.9017, "car_dcc": 2.7647, "car_lcAssertive": 96.4214, "car_lcCooperative": 0.283, "car_lcLookaheadLeft": 39.223, "car_lcPushy": 0.7316, "car_lcSigma": 0.1096, "car_lcSpeedGainRight": 1.4629, "car_lcSublane": 0.4246, "car_sigma": 0.9292, "car_tau_mean": 2.4642, "car_tau_std": 9.7234, "car_v_mean": 16.1376, "car_v_std": 7.5931}, "datetime": {"datetime": "2024-09-05 10:51:46", "elapsed": 162.28317, "delta": 0.784627}}
{"target": -0.21075820019011707, "params": {"bus_acc": 3.1008, "bus_dcc": 0.8915, "bus_lcAssertive": 96.2033, "bus_lcCooperative": 0.4778, "bus_lcLookaheadLeft": 52.6489, "bus_lcPushy": 0.1005, "bus_lcSigma": 0.1212, "bus_lcSpeedGainRight": 2.6744, "bus_lcSublane": 0.2015, "bus_sigma": 0.8525, "bus_tau_mean": 2.1244, "bus_tau_std": 4.8001, "bus_v_mean": 22.3133, "bus_v_std": 11.689, "car_acc": 3.6704, "car_dcc": 0.91, "car_lcAssertive": 50.189, "car_lcCooperative": 0.8231, "car_lcLookaheadLeft": 94.7137, "car_lcPushy": 0.2661, "car_lcSigma": 0.8585, "car_lcSpeedGainRight": 2.4889, "car_lcSublane": 0.8863, "car_sigma": 0.057, "car_tau_mean": 1.187, "car_tau_std": 9.1622, "car_v_mean": 16.3742, "car_v_std": 17.7797}, "datetime": {"datetime": "2024-09-05 10:51:48", "elapsed": 163.803066, "delta": 1.519896}}
{"target": -0.19124178312860074, "params": {"bus_acc": 3.0081, "bus_dcc": 0.6509, "bus_lcAssertive": 83.2256, "bus_lcCooperative": 0.3463, "bus_lcLookaheadLeft": 66.652, "bus_lcPushy": 0.737, "bus_lcSigma": 0.1364, "bus_lcSpeedGainRight": 0.7215, "bus_lcSublane": 0.0048, "bus_sigma": 0.0202, "bus_tau_mean": 3.515, "bus_tau_std": 7.7445, "bus_v_mean": 19.6301, "bus_v_std": 0.1887, "car_acc": 3.2411, "car_dcc": 2.6443, "car_lcAssertive": 88.823, "car_lcCooperative": 0.0986, "car_lcLookaheadLeft": 89.1698, "car_lcPushy": 0.4753, "car_lcSigma": 0.7621, "car_lcSpeedGainRight": 0.653, "car_lcSublane": 0.4121, "car_sigma": 0.9994, "car_tau_mean": 1.9118, "car_tau_std": 2.6947, "car_v_mean": 22.9469, "car_v_std": 9.1042}, "datetime": {"datetime": "2024-09-05 10:51:53", "elapsed": 169.344225, "delta": 5.541159}}
{"target": -0.31252601031752897, "params": {"bus_acc": 0.2403, "bus_dcc": 2.5111, "bus_lcAssertive": 79.4427, "bus_lcCooperative": 0.4041, "bus_lcLookaheadLeft": 64.4444, "bus_lcPushy": 0.3835, "bus_lcSigma": 0.5392, "bus_lcSpeedGainRight": 2.0618, "bus_lcSublane": 0.3013, "bus_sigma": 0.5063, "bus_tau_mean": 0.757, "bus_tau_std": 3.9412, "bus_v_mean": 14.2771, "bus_v_std": 5.9339, "car_acc": 3.1248, "car_dcc": 1.8306, "car_lcAssertive": 94.4541, "car_lcCooperative": 0.5876, "car_lcLookaheadLeft": 25.3505, "car_lcPushy": 0.9025, "car_lcSigma": 0.7153, "car_lcSpeedGainRight": 4.9532, "car_lcSublane": 0.1905, "car_sigma": 0.3945, "car_tau_mean": 3.8743, "car_tau_std": 5.911, "car_v_mean": 16.7419, "car_v_std": 1.2566}, "datetime": {"datetime": "2024-09-05 10:52:02", "elapsed": 178.078351, "delta": 8.734126}}
{"target": -0.19539387029552177, "params": {"bus_acc": 1.9183, "bus_dcc": 1.4612, "bus_lcAssertive": 5.2492, "bus_lcCooperative": 0.5293, "bus_lcLookaheadLeft": 43.6338, "bus_lcPushy": 0.3424, "bus_lcSigma": 0.6873, "bus_lcSpeedGainRight": 3.7005, "bus_lcSublane": 0.6879, "bus_sigma": 0.0148, "bus_tau_mean": 2.3703, "bus_tau_std": 2.6098, "bus_v_mean": 18.5257, "bus_v_std": 2.7785, "car_acc": 3.7004, "car_dcc": 2.1094, "car_lcAssertive": 90.8745, "car_lcCooperative": 0.5732, "car_lcLookaheadLeft": 76.2676, "car_lcPushy": 0.5176, "car_lcSigma": 0.309, "car_lcSpeedGainRight": 1.4217, "car_lcSublane": 0.1383, "car_sigma": 0.3545, "car_tau_mean": 1.103, "car_tau_std": 8.7559, "car_v_mean": 22.0951, "car_v_std": 14.7626}, "datetime": {"datetime": "2024-09-05 10:52:05", "elapsed": 180.544576, "delta": 2.466225}}
{"target": -0.19328272513645664, "params": {"bus_acc": 1.7776, "bus_dcc": 1.5809, "bus_lcAssertive": 82.069, "bus_lcCooperative": 0.4503, "bus_lcLookaheadLeft": 69.1898, "bus_lcPushy": 0.0954, "bus_lcSigma": 0.464, "bus_lcSpeedGainRight": 1.4478, "bus_lcSublane": 0.9136, "bus_sigma": 0.8771, "bus_tau_mean": 2.9726, "bus_tau_std": 6.2387, "bus_v_mean": 12.3109, "bus_v_std": 9.8269, "car_acc": 1.9783, "car_dcc": 2.4256, "car_lcAssertive": 98.8692, "car_lcCooperative": 0.2082, "car_lcLookaheadLeft": 30.094, "car_lcPushy": 0.5244, "car_lcSigma": 0.2155, "car_lcSpeedGainRight": 1.0065, "car_lcSublane": 0.0262, "car_sigma": 0.2264, "car_tau_mean": 3.0098, "car_tau_std": 3.7977, "car_v_mean": 16.2804, "car_v_std": 6.7409}, "datetime": {"datetime": "2024-09-05 10:52:07", "elapsed": 182.822675, "delta": 2.278099}}
{"target": -0.15906552993882833, "params": {"bus_acc": 2.7806, "bus_dcc": 1.9716, "bus_lcAssertive": 10.2514, "bus_lcCooperative": 0.2249, "bus_lcLookaheadLeft": 77.137, "bus_lcPushy": 0.9056, "bus_lcSigma": 0.7258, "bus_lcSpeedGainRight": 2.5728, "bus_lcSublane": 0.735, "bus_sigma": 0.1645, "bus_tau_mean": 2.6238, "bus_tau_std": 3.2298, "bus_v_mean": 22.8489, "bus_v_std": 6.9341, "car_acc": 0.3102, "car_dcc": 0.3361, "car_lcAssertive": 18.9911, "car_lcCooperative": 0.5161, "car_lcLookaheadLeft": 60.038, "car_lcPushy": 0.4018, "car_lcSigma": 0.2219, "car_lcSpeedGainRight": 1.1935, "car_lcSublane": 0.3391, "car_sigma": 0.1885, "car_tau_mean": 3.8362, "car_tau_std": 9.5871, "car_v_mean": 15.679, "car_v_std": 12.7224}, "datetime": {"datetime": "2024-09-05 10:52:08", "elapsed": 183.750648, "delta": 0.927973}}
{"target": -0.16847577007755907, "params": {"bus_acc": 2.997, "bus_dcc": 0.3698, "bus_lcAssertive": 61.1882, "bus_lcCooperative": 0.5846, "bus_lcLookaheadLeft": 61.1924, "bus_lcPushy": 0.2265, "bus_lcSigma": 0.7807, "bus_lcSpeedGainRight": 1.7606, "bus_lcSublane": 0.2227, "bus_sigma": 0.8784, "bus_tau_mean": 0.7124, "bus_tau_std": 5.4916, "bus_v_mean": 20.1576, "bus_v_std": 14.8793, "car_acc": 0.7576, "car_dcc": 2.6743, "car_lcAssertive": 37.2607, "car_lcCooperative": 0.5761, "car_lcLookaheadLeft": 39.4447, "car_lcPushy": 0.0373, "car_lcSigma": 0.1725, "car_lcSpeedGainRight": 4.8012, "car_lcSublane": 0.5102, "car_sigma": 0.7453, "car_tau_mean": 2.3189, "car_tau_std": 7.1756, "car_v_mean": 14.646, "car_v_std": 16.2681}, "datetime": {"datetime": "2024-09-05 10:52:17", "elapsed": 192.521089, "delta": 8.770441}}
{"target": -0.22403828379905022, "params": {"bus_acc": 2.9317, "bus_dcc": 3.9825, "bus_lcAssertive": 55.0643, "bus_lcCooperative": 0.9551, "bus_lcLookaheadLeft": 61.1762, "bus_lcPushy": 0.6168, "bus_lcSigma": 0.0562, "bus_lcSpeedGainRight": 2.2304, "bus_lcSublane": 0.2769, "bus_sigma": 0.4968, "bus_tau_mean": 1.4716, "bus_tau_std": 4.2399, "bus_v_mean": 22.6867, "bus_v_std": 3.891, "car_acc": 0.6189, "car_dcc": 1.7213, "car_lcAssertive": 38.8937, "car_lcCooperative": 0.8965, "car_lcLookaheadLeft": 46.5085, "car_lcPushy": 0.5756, "car_lcSigma": 0.0465, "car_lcSpeedGainRight": 3.5518, "car_lcSublane": 0.7847, "car_sigma": 0.4176, "car_tau_mean": 3.843, "car_tau_std": 9.1966, "car_v_mean": 15.1695, "car_v_std": 12.4941}, "datetime": {"datetime": "2024-09-05 10:52:20", "elapsed": 196.029566, "delta": 3.508477}}
{"target": -0.21080547483791512, "params": {"bus_acc": 0.7746, "bus_dcc": 3.17, "bus_lcAssertive": 83.1032, "bus_lcCooperative": 0.7936, "bus_lcLookaheadLeft": 69.2488, "bus_lcPushy": 0.1778, "bus_lcSigma": 0.7327, "bus_lcSpeedGainRight": 0.3928, "bus_lcSublane": 0.4022, "bus_sigma": 0.3611, "bus_tau_mean": 1.1965, "bus_tau_std": 3.2842, "bus_v_mean": 8.9801, "bus_v_std": 3.8491, "car_acc": 1.3359, "car_dcc": 2.3287, "car_lcAssertive": 91.3738, "car_lcCooperative": 0.1431, "car_lcLookaheadLeft": 33.7254, "car_lcPushy": 0.3107, "car_lcSigma": 0.2655, "car_lcSpeedGainRight": 4.695, "car_lcSublane": 0.1937, "car_sigma": 0.7967, "car_tau_mean": 1.2288, "car_tau_std": 3.7427, "car_v_mean": 11.3603, "car_v_std": 1.9932}, "datetime": {"datetime": "2024-09-05 10:52:21", "elapsed": 197.443327, "delta": 1.413761}}
{"target": -0.20728585406427746, "params": {"bus_acc": 2.4785, "bus_dcc": 0.4785, "bus_lcAssertive": 6.9013, "bus_lcCooperative": 0.2348, "bus_lcLookaheadLeft": 45.2024, "bus_lcPushy": 0.5733, "bus_lcSigma": 0.0177, "bus_lcSpeedGainRight": 2.6119, "bus_lcSublane": 0.5769, "bus_sigma": 0.3576, "bus_tau_mean": 2.0741, "bus_tau_std": 4.5369, "bus_v_mean": 15.4015, "bus_v_std": 13.7144, "car_acc": 2.0973, "car_dcc": 1.9067, "car_lcAssertive": 89.0757, "car_lcCooperative": 0.0365, "car_lcLookaheadLeft": 76.5797, "car_lcPushy": 0.295, "car_lcSigma": 0.5441, "car_lcSpeedGainRight": 0.8265, "car_lcSublane": 0.3674, "car_sigma": 0.2349, "car_tau_mean": 2.2139, "car_tau_std": 7.3705, "car_v_mean": 22.109, "car_v_std": 17.1836}, "datetime": {"datetime": "2024-09-05 10:52:25", "elapsed": 200.528642, "delta": 3.085315}}
{"target": -0.18912509939791097, "params": {"bus_acc": 1.2419, "bus_dcc": 2.4352, "bus_lcAssertive": 3.8429, "bus_lcCooperative": 0.4115, "bus_lcLookaheadLeft": 49.4823, "bus_lcPushy": 0.1632, "bus_lcSigma": 0.3324, "bus_lcSpeedGainRight": 4.7166, "bus_lcSublane": 0.0752, "bus_sigma": 0.3108, "bus_tau_mean": 2.8874, "bus_tau_std": 5.6799, "bus_v_mean": 15.4968, "bus_v_std": 8.525, "car_acc": 1.8789, "car_dcc": 1.2141, "car_lcAssertive": 92.838, "car_lcCooperative": 0.221, "car_lcLookaheadLeft": 86.6631, "car_lcPushy": 0.8033, "car_lcSigma": 0.5534, "car_lcSpeedGainRight": 3.6269, "car_lcSublane": 0.5481, "car_sigma": 0.5105, "car_tau_mean": 2.8912, "car_tau_std": 3.94, "car_v_mean": 22.4485, "car_v_std": 18.2708}, "datetime": {"datetime": "2024-09-05 10:52:28", "elapsed": 204.115983, "delta": 3.587341}}
{"target": -0.1946663414545807, "params": {"bus_acc": 2.1526, "bus_dcc": 2.1187, "bus_lcAssertive": 86.3971, "bus_lcCooperative": 0.0359, "bus_lcLookaheadLeft": 70.5942, "bus_lcPushy": 0.0678, "bus_lcSigma": 0.6742, "bus_lcSpeedGainRight": 2.4415, "bus_lcSublane": 0.182, "bus_sigma": 0.0204, "bus_tau_mean": 2.1932, "bus_tau_std": 1.7482, "bus_v_mean": 12.7013, "bus_v_std": 4.1274, "car_acc": 2.3509, "car_dcc": 2.0814, "car_lcAssertive": 82.1213, "car_lcCooperative": 0.5833, "car_lcLookaheadLeft": 97.7654, "car_lcPushy": 0.9037, "car_lcSigma": 0.6, "car_lcSpeedGainRight": 1.1077, "car_lcSublane": 0.7225, "car_sigma": 0.36, "car_tau_mean": 2.1095, "car_tau_std": 7.3165, "car_v_mean": 22.2706, "car_v_std": 8.6877}, "datetime": {"datetime": "2024-09-05 10:52:29", "elapsed": 204.991043, "delta": 0.87506}}
{"target": -0.18525882449296258, "params": {"bus_acc": 1.4351, "bus_dcc": 2.1941, "bus_lcAssertive": 66.5272, "bus_lcCooperative": 0.1062, "bus_lcLookaheadLeft": 52.1474, "bus_lcPushy": 0.316, "bus_lcSigma": 0.4369, "bus_lcSpeedGainRight": 2.6992, "bus_lcSublane": 0.8266, "bus_sigma": 0.1466, "bus_tau_mean": 1.9245, "bus_tau_std": 9.7428, "bus_v_mean": 19.5825, "bus_v_std": 12.3348, "car_acc": 3.3208, "car_dcc": 2.759, "car_lcAssertive": 40.8279, "car_lcCooperative": 0.6223, "car_lcLookaheadLeft": 41.8141, "car_lcPushy": 0.6942, "car_lcSigma": 0.7857, "car_lcSpeedGainRight": 2.0252, "car_lcSublane": 0.1283, "car_sigma": 0.9799, "car_tau_mean": 0.5533, "car_tau_std": 3.9137, "car_v_mean": 11.5241, "car_v_std": 15.488}, "datetime": {"datetime": "2024-09-05 10:52:30", "elapsed": 205.743062, "delta": 0.752019}}
{"target": -0.28021711957789097, "params": {"bus_acc": 4.0, "bus_dcc": 4.0, "bus_lcAssertive": 27.2732, "bus_lcCooperative": 0.0, "bus_lcLookaheadLeft": 100.0, "bus_lcPushy": 1.0, "bus_lcSigma": 0.0, "bus_lcSpeedGainRight": 0.0, "bus_lcSublane": 0.29, "bus_sigma": 1.0, "bus_tau_mean": 4.0, "bus_tau_std": 10.0, "bus_v_mean": 8.0, "bus_v_std": 0.0, "car_acc": 4.0, "car_dcc": 3.9542, "car_lcAssertive": 100.0, "car_lcCooperative": 0.0, "car_lcLookaheadLeft": 70.2475, "car_lcPushy": 0.8953, "car_lcSigma": 1.0, "car_lcSpeedGainRight": 0.0, "car_lcSublane": 0.0, "car_sigma": 1.0, "car_tau_mean": 0.5, "car_tau_std": 0.0, "car_v_mean": 8.0, "car_v_std": 0.0}, "datetime": {"datetime": "2024-09-05 10:52:33", "elapsed": 208.615347, "delta": 2.872285}}
{"target": -0.17764822847613415, "params": {"bus_acc": 2.9243, "bus_dcc": 2.4134, "bus_lcAssertive": 61.8142, "bus_lcCooperative": 0.448, "bus_lcLookaheadLeft": 61.1266, "bus_lcPushy": 0.8809, "bus_lcSigma": 0.5414, "bus_lcSpeedGainRight": 2.1275, "bus_lcSublane": 0.2569, "bus_sigma": 0.9204, "bus_tau_mean": 2.8753, "bus_tau_std": 3.1313, "bus_v_mean": 25.9083, "bus_v_std": 7.5495, "car_acc": 1.9901, "car_dcc": 3.4152, "car_lcAssertive": 31.925, "car_lcCooperative": 0.8338, "car_lcLookaheadLeft": 43.458, "car_lcPushy": 0.0251, "car_lcSigma": 0.4032, "car_lcSpeedGainRight": 2.9061, "car_lcSublane": 0.9634, "car_sigma": 0.7948, "car_tau_mean": 2.6446, "car_tau_std": 7.7939, "car_v_mean": 9.5378, "car_v_std": 17.1562}, "datetime": {"datetime": "2024-09-05 10:52:41", "elapsed": 216.592672, "delta": 7.977325}}
{"target": -0.17839999361485767, "params": {"bus_acc": 0.7827, "bus_dcc": 1.5476, "bus_lcAssertive": 18.0903, "bus_lcCooperative": 0.026, "bus_lcLookaheadLeft": 94.4467, "bus_lcPushy": 0.4433, "bus_lcSigma": 0.6615, "bus_lcSpeedGainRight": 4.4535, "bus_lcSublane": 0.9972, "bus_sigma": 0.8412, "bus_tau_mean": 3.8733, "bus_tau_std": 3.0966, "bus_v_mean": 11.6245, "bus_v_std": 15.9922, "car_acc": 3.5011, "car_dcc": 0.4178, "car_lcAssertive": 87.6061, "car_lcCooperative": 0.5627, "car_lcLookaheadLeft": 93.3396, "car_lcPushy": 0.5518, "car_lcSigma": 0.4546, "car_lcSpeedGainRight": 4.7949, "car_lcSublane": 0.3635, "car_sigma": 0.2619, "car_tau_mean": 2.5811, "car_tau_std": 8.7825, "car_v_mean": 23.7592, "car_v_std": 6.0457}, "datetime": {"datetime": "2024-09-05 10:53:52", "elapsed": 288.013835, "delta": 71.421163}}
{"target": -0.18106225305393805, "params": {"bus_acc": 2.1152, "bus_dcc": 0.7456, "bus_lcAssertive": 78.9189, "bus_lcCooperative": 0.8231, "bus_lcLookaheadLeft": 70.6331, "bus_lcPushy": 0.1112, "bus_lcSigma": 0.5791, "bus_lcSpeedGainRight": 0.9067, "bus_lcSublane": 0.7749, "bus_sigma": 0.5273, "bus_tau_mean": 2.8646, "bus_tau_std": 1.6368, "bus_v_mean": 9.8751, "bus_v_std": 3.7504, "car_acc": 2.415, "car_dcc": 3.4869, "car_lcAssertive": 99.3469, "car_lcCooperative": 0.0304, "car_lcLookaheadLeft": 28.205, "car_lcPushy": 0.6946, "car_lcSigma": 0.8806, "car_lcSpeedGainRight": 1.9335, "car_lcSublane": 0.0403, "car_sigma": 0.7391, "car_tau_mean": 1.4643, "car_tau_std": 6.0787, "car_v_mean": 24.5494, "car_v_std": 6.2875}, "datetime": {"datetime": "2024-09-05 10:53:55", "elapsed": 290.579744, "delta": 2.565909}}
{"target": -0.20049643103945083, "params": {"bus_acc": 0.9281, "bus_dcc": 0.3143, "bus_lcAssertive": 7.2864, "bus_lcCooperative": 0.6364, "bus_lcLookaheadLeft": 48.9163, "bus_lcPushy": 0.2093, "bus_lcSigma": 0.1408, "bus_lcSpeedGainRight": 3.4712, "bus_lcSublane": 0.1522, "bus_sigma": 0.8023, "bus_tau_mean": 1.7823, "bus_tau_std": 8.0723, "bus_v_mean": 21.4254, "bus_v_std": 9.5794, "car_acc": 3.1987, "car_dcc": 0.3217, "car_lcAssertive": 92.8299, "car_lcCooperative": 0.8196, "car_lcLookaheadLeft": 77.8232, "car_lcPushy": 0.1813, "car_lcSigma": 0.6882, "car_lcSpeedGainRight": 3.8512, "car_lcSublane": 0.7985, "car_sigma": 0.7299, "car_tau_mean": 0.6315, "car_tau_std": 5.8336, "car_v_mean": 25.5362, "car_v_std": 17.1861}, "datetime": {"datetime": "2024-09-05 10:54:11", "elapsed": 306.490489, "delta": 15.910745}}
{"target": -0.2234882516366327, "params": {"bus_acc": 3.6982, "bus_dcc": 3.3271, "bus_lcAssertive": 8.5727, "bus_lcCooperative": 0.6801, "bus_lcLookaheadLeft": 42.3572, "bus_lcPushy": 0.7785, "bus_lcSigma": 0.9126, "bus_lcSpeedGainRight": 3.6879, "bus_lcSublane": 0.9175, "bus_sigma": 0.5023, "bus_tau_mean": 3.1285, "bus_tau_std": 3.1979, "bus_v_mean": 22.9471, "bus_v_std": 2.4884, "car_acc": 2.8735, "car_dcc": 0.5893, "car_lcAssertive": 89.0288, "car_lcCooperative": 0.5841, "car_lcLookaheadLeft": 80.0123, "car_lcPushy": 0.3099, "car_lcSigma": 0.0658, "car_lcSpeedGainRight": 0.0557, "car_lcSublane": 0.6816, "car_sigma": 0.7618, "car_tau_mean": 2.7972, "car_tau_std": 3.7068, "car_v_mean": 19.193, "car_v_std": 13.1542}, "datetime": {"datetime": "2024-09-05 10:54:26", "elapsed": 322.419996, "delta": 15.929507}}
{"target": -0.1532213559701193, "params": {"bus_acc": 4.0, "bus_dcc": 4.0, "bus_lcAssertive": 82.5638, "bus_lcCooperative": 1.0, "bus_lcLookaheadLeft": 74.9047, "bus_lcPushy": 0.1777, "bus_lcSigma": 0.0, "bus_lcSpeedGainRight": 4.8419, "bus_lcSublane": 1.0, "bus_sigma": 1.0, "bus_tau_mean": 4.0, "bus_tau_std": 7.9482, "bus_v_mean": 8.0, "bus_v_std": 0.0, "car_acc": 4.0, "car_dcc": 2.6494, "car_lcAssertive": 88.2365, "car_lcCooperative": 0.0, "car_lcLookaheadLeft": 59.7923, "car_lcPushy": 0.0, "car_lcSigma": 0.0, "car_lcSpeedGainRight": 0.0, "car_lcSublane": 0.4895, "car_sigma": 0.0, "car_tau_mean": 0.5, "car_tau_std": 10.0, "car_v_mean": 21.5623, "car_v_std": 7.718}, "datetime": {"datetime": "2024-09-05 10:54:30", "elapsed": 326.271443, "delta": 3.851447}}
{"target": -0.17234246634998174, "params": {"bus_acc": 0.4422, "bus_dcc": 0.3352, "bus_lcAssertive": 63.5027, "bus_lcCooperative": 0.0152, "bus_lcLookaheadLeft": 35.8158, "bus_lcPushy": 0.6039, "bus_lcSigma": 0.6574, "bus_lcSpeedGainRight": 3.8556, "bus_lcSublane": 0.107, "bus_sigma": 0.1899, "bus_tau_mean": 2.8546, "bus_tau_std": 6.7993, "bus_v_mean": 13.3208, "bus_v_std": 15.9166, "car_acc": 3.8469, "car_dcc": 0.8652, "car_lcAssertive": 4.679, "car_lcCooperative": 0.1203, "car_lcLookaheadLeft": 15.6699, "car_lcPushy": 0.055, "car_lcSigma": 0.3876, "car_lcSpeedGainRight": 0.8352, "car_lcSublane": 0.9013, "car_sigma": 0.4382, "car_tau_mean": 1.657, "car_tau_std": 2.7697, "car_v_mean": 24.7517, "car_v_std": 13.9735}, "datetime": {"datetime": "2024-09-05 10:54:35", "elapsed": 330.989384, "delta": 4.717941}}
