{"target": -0.35964337163996873, "params": {"bus_acc": 2.206, "bus_dcc": 2.067, "bus_lcAssertive": 57.4153, "bus_lcCooperative": 0.3159, "bus_lcLookaheadLeft": 45.8959, "bus_lcPushy": 0.9147, "bus_lcSigma": 0.5838, "bus_lcSpeedGainRight": 3.2584, "bus_lcSublane": 0.4837, "bus_sigma": 0.4094, "bus_tau_mean": 0.7806, "bus_tau_std": 4.1904, "bus_v_mean": 14.9601, "bus_v_std": 15.2625, "car_acc": 1.5358, "car_dcc": 3.8085, "car_lcAssertive": 77.6653, "car_lcCooperative": 0.1537, "car_lcLookaheadLeft": 71.9916, "car_lcPushy": 0.899, "car_lcSigma": 0.1968, "car_lcSpeedGainRight": 0.6815, "car_lcSublane": 0.4107, "car_sigma": 0.1867, "car_tau_mean": 1.767, "car_tau_std": 3.8529, "car_v_mean": 24.1785, "car_v_std": 5.5748}, "datetime": {"datetime": "2024-08-11 17:46:46", "elapsed": 277.582034, "delta": 2.701238}}
{"target": -0.3162154166398003, "params": {"bus_acc": 0.4687, "bus_dcc": 1.5848, "bus_lcAssertive": 41.7665, "bus_lcCooperative": 0.2807, "bus_lcLookaheadLeft": 23.0999, "bus_lcPushy": 0.8527, "bus_lcSigma": 0.3447, "bus_lcSpeedGainRight": 1.4744, "bus_lcSublane": 0.1202, "bus_sigma": 0.9617, "bus_tau_mean": 3.5766, "bus_tau_std": 7.6702, "bus_v_mean": 23.7145, "bus_v_std": 1.1385, "car_acc": 2.43, "car_dcc": 3.2935, "car_lcAssertive": 72.202, "car_lcCooperative": 0.8585, "car_lcLookaheadLeft": 60.5437, "car_lcPushy": 0.0781, "car_lcSigma": 0.8133, "car_lcSpeedGainRight": 4.0529, "car_lcSublane": 0.7748, "car_sigma": 0.4642, "car_tau_mean": 3.0638, "car_tau_std": 6.8153, "car_v_mean": 16.377, "car_v_std": 18.7598}, "datetime": {"datetime": "2024-08-11 17:46:48", "elapsed": 279.449491, "delta": 1.867457}}
{"target": -0.40502904545012114, "params": {"bus_acc": 2.2979, "bus_dcc": 0.5172, "bus_lcAssertive": 44.4554, "bus_lcCooperative": 0.9223, "bus_lcLookaheadLeft": 11.2485, "bus_lcPushy": 0.2407, "bus_lcSigma": 0.6825, "bus_lcSpeedGainRight": 2.1088, "bus_lcSublane": 0.1263, "bus_sigma": 0.3782, "bus_tau_mean": 2.558, "bus_tau_std": 4.3078, "bus_v_mean": 23.2241, "bus_v_std": 10.8139, "car_acc": 3.6266, "car_dcc": 3.4759, "car_lcAssertive": 94.8087, "car_lcCooperative": 0.9028, "car_lcLookaheadLeft": 79.6929, "car_lcPushy": 0.5218, "car_lcSigma": 0.9053, "car_lcSpeedGainRight": 3.1318, "car_lcSublane": 0.215, "car_sigma": 0.6886, "car_tau_mean": 3.1177, "car_tau_std": 4.7398, "car_v_mean": 20.0128, "car_v_std": 5.9302}, "datetime": {"datetime": "2024-08-11 17:46:50", "elapsed": 281.559715, "delta": 2.110224}}
{"target": -0.3978012644686635, "params": {"bus_acc": 2.2496, "bus_dcc": 3.3499, "bus_lcAssertive": 17.7031, "bus_lcCooperative": 1.0, "bus_lcLookaheadLeft": 94.6787, "bus_lcPushy": 1.0, "bus_lcSigma": 0.1955, "bus_lcSpeedGainRight": 3.1753, "bus_lcSublane": 0.8474, "bus_sigma": 0.8492, "bus_tau_mean": 4.0, "bus_tau_std": 1.764, "bus_v_mean": 13.6378, "bus_v_std": 20.0, "car_acc": 1.4794, "car_dcc": 2.887, "car_lcAssertive": 79.2191, "car_lcCooperative": 1.0, "car_lcLookaheadLeft": 67.7407, "car_lcPushy": 1.0, "car_lcSigma": 1.0, "car_lcSpeedGainRight": 5.0, "car_lcSublane": 1.0, "car_sigma": 0.6456, "car_tau_mean": 3.9305, "car_tau_std": 6.4578, "car_v_mean": 20.1503, "car_v_std": 3.2039}, "datetime": {"datetime": "2024-08-11 17:46:55", "elapsed": 285.724214, "delta": 4.164499}}
{"target": -0.6978509233296389, "params": {"bus_acc": 0.8452, "bus_dcc": 1.1225, "bus_lcAssertive": 13.5139, "bus_lcCooperative": 0.0693, "bus_lcLookaheadLeft": 82.8147, "bus_lcPushy": 0.8781, "bus_lcSigma": 0.1193, "bus_lcSpeedGainRight": 3.7434, "bus_lcSublane": 0.6962, "bus_sigma": 0.0119, "bus_tau_mean": 1.0313, "bus_tau_std": 5.6256, "bus_v_mean": 8.9149, "bus_v_std": 5.2347, "car_acc": 2.9795, "car_dcc": 3.1472, "car_lcAssertive": 1.1752, "car_lcCooperative": 0.0621, "car_lcLookaheadLeft": 19.4819, "car_lcPushy": 0.2867, "car_lcSigma": 0.2941, "car_lcSpeedGainRight": 4.9585, "car_lcSublane": 0.5289, "car_sigma": 0.6793, "car_tau_mean": 2.3164, "car_tau_std": 9.0133, "car_v_mean": 19.5189, "car_v_std": 4.2956}, "datetime": {"datetime": "2024-08-11 17:46:57", "elapsed": 288.046343, "delta": 2.322129}}
{"target": -0.43148940325402, "params": {"bus_acc": 3.0556, "bus_dcc": 3.3969, "bus_lcAssertive": 84.0951, "bus_lcCooperative": 0.3308, "bus_lcLookaheadLeft": 3.0143, "bus_lcPushy": 0.5812, "bus_lcSigma": 0.6552, "bus_lcSpeedGainRight": 4.4187, "bus_lcSublane": 0.0528, "bus_sigma": 0.4784, "bus_tau_mean": 0.9036, "bus_tau_std": 1.5432, "bus_v_mean": 23.4003, "bus_v_std": 10.8576, "car_acc": 3.8025, "car_dcc": 0.4877, "car_lcAssertive": 58.8147, "car_lcCooperative": 0.6444, "car_lcLookaheadLeft": 84.7738, "car_lcPushy": 0.3327, "car_lcSigma": 0.5455, "car_lcSpeedGainRight": 0.9, "car_lcSublane": 0.5035, "car_sigma": 0.7209, "car_tau_mean": 3.2018, "car_tau_std": 6.6401, "car_v_mean": 9.9534, "car_v_std": 17.2057}, "datetime": {"datetime": "2024-08-11 17:46:59", "elapsed": 289.972932, "delta": 1.926589}}
{"target": -0.2902867668914247, "params": {"bus_acc": 1.8165, "bus_dcc": 2.9102, "bus_lcAssertive": 17.2635, "bus_lcCooperative": 0.6831, "bus_lcLookaheadLeft": 94.8685, "bus_lcPushy": 0.5802, "bus_lcSigma": 0.3853, "bus_lcSpeedGainRight": 2.7357, "bus_lcSublane": 0.8414, "bus_sigma": 0.8431, "bus_tau_mean": 3.7888, "bus_tau_std": 0.3111, "bus_v_mean": 13.1982, "bus_v_std": 20.0, "car_acc": 0.6553, "car_dcc": 2.4538, "car_lcAssertive": 79.4089, "car_lcCooperative": 0.3185, "car_lcLookaheadLeft": 67.1124, "car_lcPushy": 0.6844, "car_lcSigma": 0.3906, "car_lcSpeedGainRight": 4.7846, "car_lcSublane": 0.3778, "car_sigma": 0.6395, "car_tau_mean": 3.4844, "car_tau_std": 6.0182, "car_v_mean": 19.7106, "car_v_std": 2.7708}, "datetime": {"datetime": "2024-08-11 17:47:01", "elapsed": 292.512366, "delta": 2.539434}}
{"target": -0.3435961980521087, "params": {"bus_acc": 1.812, "bus_dcc": 2.9058, "bus_lcAssertive": 17.259, "bus_lcCooperative": 0.68, "bus_lcLookaheadLeft": 94.8654, "bus_lcPushy": 0.5772, "bus_lcSigma": 0.3822, "bus_lcSpeedGainRight": 2.7312, "bus_lcSublane": 0.8409, "bus_sigma": 0.8427, "bus_tau_mean": 3.7844, "bus_tau_std": 0.308, "bus_v_mean": 13.1938, "bus_v_std": 20.0, "car_acc": 0.6548, "car_dcc": 2.4494, "car_lcAssertive": 79.4059, "car_lcCooperative": 0.3155, "car_lcLookaheadLeft": 67.1094, "car_lcPushy": 0.6814, "car_lcSigma": 0.3876, "car_lcSpeedGainRight": 4.7802, "car_lcSublane": 0.3748, "car_sigma": 0.6391, "car_tau_mean": 3.4799, "car_tau_std": 6.0138, "car_v_mean": 19.7062, "car_v_std": 2.7663}, "datetime": {"datetime": "2024-08-11 17:47:03", "elapsed": 294.512199, "delta": 1.999833}}
{"target": -0.26950300703307656, "params": {"bus_acc": 1.7998, "bus_dcc": 2.8936, "bus_lcAssertive": 17.2468, "bus_lcCooperative": 0.6739, "bus_lcLookaheadLeft": 94.8593, "bus_lcPushy": 0.5711, "bus_lcSigma": 0.3761, "bus_lcSpeedGainRight": 2.719, "bus_lcSublane": 0.8407, "bus_sigma": 0.8424, "bus_tau_mean": 3.7721, "bus_tau_std": 0.3019, "bus_v_mean": 13.1815, "bus_v_std": 20.0, "car_acc": 0.6546, "car_dcc": 2.4371, "car_lcAssertive": 79.3997, "car_lcCooperative": 0.3094, "car_lcLookaheadLeft": 67.1033, "car_lcPushy": 0.6752, "car_lcSigma": 0.3814, "car_lcSpeedGainRight": 4.7679, "car_lcSublane": 0.3686, "car_sigma": 0.6388, "car_tau_mean": 3.4677, "car_tau_std": 6.0015, "car_v_mean": 19.6939, "car_v_std": 2.7541}, "datetime": {"datetime": "2024-08-11 17:47:05", "elapsed": 296.604408, "delta": 2.092209}}
{"target": -0.37841608026495743, "params": {"bus_acc": 1.8118, "bus_dcc": 2.9056, "bus_lcAssertive": 17.2588, "bus_lcCooperative": 0.68, "bus_lcLookaheadLeft": 94.8654, "bus_lcPushy": 0.5772, "bus_lcSigma": 0.3822, "bus_lcSpeedGainRight": 2.731, "bus_lcSublane": 0.8409, "bus_sigma": 0.8427, "bus_tau_mean": 3.7841, "bus_tau_std": 0.308, "bus_v_mean": 13.1938, "bus_v_std": 20.0, "car_acc": 0.6548, "car_dcc": 2.4492, "car_lcAssertive": 79.4059, "car_lcCooperative": 0.3155, "car_lcLookaheadLeft": 67.1094, "car_lcPushy": 0.6814, "car_lcSigma": 0.3876, "car_lcSpeedGainRight": 4.78, "car_lcSublane": 0.3748, "car_sigma": 0.6391, "car_tau_mean": 3.4797, "car_tau_std": 6.0135, "car_v_mean": 19.706, "car_v_std": 2.7661}, "datetime": {"datetime": "2024-08-11 17:47:07", "elapsed": 298.481106, "delta": 1.876698}}
{"target": -0.3021502316811066, "params": {"bus_acc": 0.3745, "bus_dcc": 3.8424, "bus_lcAssertive": 48.5794, "bus_lcCooperative": 0.9246, "bus_lcLookaheadLeft": 25.4735, "bus_lcPushy": 0.8441, "bus_lcSigma": 0.7903, "bus_lcSpeedGainRight": 3.6535, "bus_lcSublane": 0.5209, "bus_sigma": 0.255, "bus_tau_mean": 0.9027, "bus_tau_std": 9.4061, "bus_v_mean": 16.3136, "bus_v_std": 5.3541, "car_acc": 0.4445, "car_dcc": 1.3983, "car_lcAssertive": 66.5129, "car_lcCooperative": 0.0918, "car_lcLookaheadLeft": 57.8602, "car_lcPushy": 0.1473, "car_lcSigma": 0.7699, "car_lcSpeedGainRight": 4.2829, "car_lcSublane": 0.8886, "car_sigma": 0.2535, "car_tau_mean": 3.5255, "car_tau_std": 6.4263, "car_v_mean": 13.4552, "car_v_std": 19.5856}, "datetime": {"datetime": "2024-08-11 17:47:09", "elapsed": 300.185169, "delta": 1.704063}}
{"target": -0.26517278598062316, "params": {"bus_acc": 0.5644, "bus_dcc": 3.2824, "bus_lcAssertive": 67.5881, "bus_lcCooperative": 0.6539, "bus_lcLookaheadLeft": 77.4667, "bus_lcPushy": 0.5365, "bus_lcSigma": 0.2633, "bus_lcSpeedGainRight": 0.6745, "bus_lcSublane": 0.4168, "bus_sigma": 0.5591, "bus_tau_mean": 0.6836, "bus_tau_std": 6.4969, "bus_v_mean": 17.6628, "bus_v_std": 12.795, "car_acc": 2.2887, "car_dcc": 3.867, "car_lcAssertive": 46.3976, "car_lcCooperative": 0.2388, "car_lcLookaheadLeft": 87.7841, "car_lcPushy": 0.6567, "car_lcSigma": 0.8235, "car_lcSpeedGainRight": 5.0, "car_lcSublane": 0.2743, "car_sigma": 0.4585, "car_tau_mean": 0.7222, "car_tau_std": 4.6623, "car_v_mean": 23.9947, "car_v_std": 2.0782}, "datetime": {"datetime": "2024-08-11 17:47:11", "elapsed": 302.427146, "delta": 2.241977}}
{"target": -0.8690733649468759, "params": {"bus_acc": 0.2, "bus_dcc": 0.2, "bus_lcAssertive": 66.0508, "bus_lcCooperative": 1.0, "bus_lcLookaheadLeft": 78.109, "bus_lcPushy": 0.0, "bus_lcSigma": 0.0, "bus_lcSpeedGainRight": 5.0, "bus_lcSublane": 1.0, "bus_sigma": 1.0, "bus_tau_mean": 0.5, "bus_tau_std": 0.0, "bus_v_mean": 8.0, "bus_v_std": 0.0, "car_acc": 4.0, "car_dcc": 0.2, "car_lcAssertive": 1.0, "car_lcCooperative": 0.0, "car_lcLookaheadLeft": 2.0, "car_lcPushy": 0.0, "car_lcSigma": 1.0, "car_lcSpeedGainRight": 0.0, "car_lcSublane": 1.0, "car_sigma": 1.0, "car_tau_mean": 4.0, "car_tau_std": 0.0, "car_v_mean": 8.0, "car_v_std": 20.0}, "datetime": {"datetime": "2024-08-11 17:47:14", "elapsed": 304.947402, "delta": 2.520256}}
{"target": -0.2954075518115029, "params": {"bus_acc": 3.8078, "bus_dcc": 3.7404, "bus_lcAssertive": 81.1884, "bus_lcCooperative": 0.2864, "bus_lcLookaheadLeft": 54.8391, "bus_lcPushy": 0.9015, "bus_lcSigma": 0.7716, "bus_lcSpeedGainRight": 2.4144, "bus_lcSublane": 0.9786, "bus_sigma": 0.4065, "bus_tau_mean": 1.9785, "bus_tau_std": 9.8529, "bus_v_mean": 22.8677, "bus_v_std": 18.3177, "car_acc": 0.3997, "car_dcc": 1.954, "car_lcAssertive": 24.6275, "car_lcCooperative": 0.4516, "car_lcLookaheadLeft": 74.4793, "car_lcPushy": 0.7248, "car_lcSigma": 0.6175, "car_lcSpeedGainRight": 2.1372, "car_lcSublane": 0.5854, "car_sigma": 0.5345, "car_tau_mean": 2.7379, "car_tau_std": 6.4656, "car_v_mean": 15.4325, "car_v_std": 15.7452}, "datetime": {"datetime": "2024-08-11 17:47:16", "elapsed": 307.072276, "delta": 2.124874}}
{"target": -0.4160268456785355, "params": {"bus_acc": 0.9402, "bus_dcc": 3.5503, "bus_lcAssertive": 72.5425, "bus_lcCooperative": 0.9561, "bus_lcLookaheadLeft": 23.1342, "bus_lcPushy": 0.7124, "bus_lcSigma": 0.9818, "bus_lcSpeedGainRight": 1.9777, "bus_lcSublane": 0.1697, "bus_sigma": 0.2945, "bus_tau_mean": 3.7591, "bus_tau_std": 9.5808, "bus_v_mean": 11.0131, "bus_v_std": 12.366, "car_acc": 0.8938, "car_dcc": 2.9766, "car_lcAssertive": 9.9955, "car_lcCooperative": 0.7318, "car_lcLookaheadLeft": 17.6397, "car_lcPushy": 0.8409, "car_lcSigma": 0.9552, "car_lcSpeedGainRight": 2.9958, "car_lcSublane": 0.7532, "car_sigma": 0.0185, "car_tau_mean": 1.6345, "car_tau_std": 1.4056, "car_v_mean": 10.0196, "car_v_std": 1.6876}, "datetime": {"datetime": "2024-08-11 17:47:18", "elapsed": 309.19607, "delta": 2.123794}}
{"target": -0.4063473341197738, "params": {"bus_acc": 3.3166, "bus_dcc": 3.2865, "bus_lcAssertive": 63.4298, "bus_lcCooperative": 0.2534, "bus_lcLookaheadLeft": 60.0769, "bus_lcPushy": 0.7907, "bus_lcSigma": 0.0235, "bus_lcSpeedGainRight": 4.3227, "bus_lcSublane": 0.8244, "bus_sigma": 0.9487, "bus_tau_mean": 1.5156, "bus_tau_std": 8.1729, "bus_v_mean": 11.4789, "bus_v_std": 15.705, "car_acc": 1.5001, "car_dcc": 3.9411, "car_lcAssertive": 70.0755, "car_lcCooperative": 0.5614, "car_lcLookaheadLeft": 92.5615, "car_lcPushy": 0.5845, "car_lcSigma": 0.841, "car_lcSpeedGainRight": 3.1222, "car_lcSublane": 0.698, "car_sigma": 0.3277, "car_tau_mean": 1.0619, "car_tau_std": 1.3417, "car_v_mean": 16.537, "car_v_std": 9.1929}, "datetime": {"datetime": "2024-08-11 17:47:20", "elapsed": 311.486141, "delta": 2.290071}}
{"target": -0.33486640879185353, "params": {"bus_acc": 3.5748, "bus_dcc": 1.0825, "bus_lcAssertive": 55.6303, "bus_lcCooperative": 0.4585, "bus_lcLookaheadLeft": 41.0775, "bus_lcPushy": 0.7429, "bus_lcSigma": 0.1743, "bus_lcSpeedGainRight": 4.2336, "bus_lcSublane": 0.7215, "bus_sigma": 0.5887, "bus_tau_mean": 2.0903, "bus_tau_std": 3.7989, "bus_v_mean": 13.6916, "bus_v_std": 12.1199, "car_acc": 3.827, "car_dcc": 3.0339, "car_lcAssertive": 72.8625, "car_lcCooperative": 0.6924, "car_lcLookaheadLeft": 66.8687, "car_lcPushy": 0.0297, "car_lcSigma": 0.0928, "car_lcSpeedGainRight": 3.5294, "car_lcSublane": 0.3419, "car_sigma": 0.9876, "car_tau_mean": 1.2777, "car_tau_std": 1.291, "car_v_mean": 16.8684, "car_v_std": 0.372}, "datetime": {"datetime": "2024-08-11 17:47:24", "elapsed": 314.696862, "delta": 3.210721}}
{"target": -0.35834075870576854, "params": {"bus_acc": 2.593, "bus_dcc": 3.232, "bus_lcAssertive": 75.9262, "bus_lcCooperative": 0.2307, "bus_lcLookaheadLeft": 60.7671, "bus_lcPushy": 0.8106, "bus_lcSigma": 0.5586, "bus_lcSpeedGainRight": 1.5495, "bus_lcSublane": 0.7137, "bus_sigma": 0.3127, "bus_tau_mean": 1.2674, "bus_tau_std": 8.5379, "bus_v_mean": 20.7165, "bus_v_std": 17.363, "car_acc": 0.7202, "car_dcc": 2.3338, "car_lcAssertive": 35.0347, "car_lcCooperative": 0.173, "car_lcLookaheadLeft": 78.616, "car_lcPushy": 0.7165, "car_lcSigma": 0.566, "car_lcSpeedGainRight": 2.8312, "car_lcSublane": 0.4165, "car_sigma": 0.4518, "car_tau_mean": 1.8114, "car_tau_std": 5.325, "car_v_mean": 17.6018, "car_v_std": 11.8285}, "datetime": {"datetime": "2024-08-11 17:47:27", "elapsed": 317.708358, "delta": 3.011496}}
{"target": -0.2312387323563729, "params": {"bus_acc": 3.8106, "bus_dcc": 3.7431, "bus_lcAssertive": 81.1897, "bus_lcCooperative": 0.2877, "bus_lcLookaheadLeft": 54.8418, "bus_lcPushy": 0.9006, "bus_lcSigma": 0.7706, "bus_lcSpeedGainRight": 2.4171, "bus_lcSublane": 0.9777, "bus_sigma": 0.4078, "bus_tau_mean": 1.9812, "bus_tau_std": 9.8556, "bus_v_mean": 22.8705, "bus_v_std": 18.3204, "car_acc": 0.401, "car_dcc": 1.9567, "car_lcAssertive": 24.6303, "car_lcCooperative": 0.4529, "car_lcLookaheadLeft": 74.4805, "car_lcPushy": 0.7239, "car_lcSigma": 0.6188, "car_lcSpeedGainRight": 2.14, "car_lcSublane": 0.5845, "car_sigma": 0.5335, "car_tau_mean": 2.7406, "car_tau_std": 6.4684, "car_v_mean": 15.4352, "car_v_std": 15.748}, "datetime": {"datetime": "2024-08-11 17:47:29", "elapsed": 320.0005, "delta": 2.292142}}
{"target": -0.3816300036200688, "params": {"bus_acc": 1.7976, "bus_dcc": 2.8914, "bus_lcAssertive": 17.2447, "bus_lcCooperative": 0.6731, "bus_lcLookaheadLeft": 94.8585, "bus_lcPushy": 0.5702, "bus_lcSigma": 0.3753, "bus_lcSpeedGainRight": 2.7169, "bus_lcSublane": 0.8416, "bus_sigma": 0.8434, "bus_tau_mean": 3.77, "bus_tau_std": 0.3011, "bus_v_mean": 13.1794, "bus_v_std": 20.0, "car_acc": 0.6555, "car_dcc": 2.435, "car_lcAssertive": 79.3989, "car_lcCooperative": 0.3085, "car_lcLookaheadLeft": 67.1024, "car_lcPushy": 0.6744, "car_lcSigma": 0.3806, "car_lcSpeedGainRight": 4.7658, "car_lcSublane": 0.3678, "car_sigma": 0.6398, "car_tau_mean": 3.4655, "car_tau_std": 5.9994, "car_v_mean": 19.6918, "car_v_std": 2.752}, "datetime": {"datetime": "2024-08-11 17:47:32", "elapsed": 323.35987, "delta": 3.35937}}
{"target": -0.6045822375829685, "params": {"bus_acc": 1.0021, "bus_dcc": 1.3119, "bus_lcAssertive": 76.4919, "bus_lcCooperative": 0.4956, "bus_lcLookaheadLeft": 30.5784, "bus_lcPushy": 0.0899, "bus_lcSigma": 0.579, "bus_lcSpeedGainRight": 1.5438, "bus_lcSublane": 0.8568, "bus_sigma": 0.7606, "bus_tau_mean": 3.8084, "bus_tau_std": 6.7831, "bus_v_mean": 17.3021, "bus_v_std": 11.0812, "car_acc": 3.4217, "car_dcc": 0.8216, "car_lcAssertive": 10.6323, "car_lcCooperative": 0.9456, "car_lcLookaheadLeft": 13.8522, "car_lcPushy": 0.4067, "car_lcSigma": 0.8311, "car_lcSpeedGainRight": 0.9863, "car_lcSublane": 0.7613, "car_sigma": 0.8549, "car_tau_mean": 2.851, "car_tau_std": 5.6795, "car_v_mean": 11.308, "car_v_std": 1.0421}, "datetime": {"datetime": "2024-08-11 17:47:36", "elapsed": 327.549678, "delta": 4.189808}}
{"target": -0.2828648024303197, "params": {"bus_acc": 3.8072, "bus_dcc": 3.7398, "bus_lcAssertive": 81.1881, "bus_lcCooperative": 0.286, "bus_lcLookaheadLeft": 54.8385, "bus_lcPushy": 0.9016, "bus_lcSigma": 0.7716, "bus_lcSpeedGainRight": 2.4138, "bus_lcSublane": 0.9787, "bus_sigma": 0.4061, "bus_tau_mean": 1.9779, "bus_tau_std": 9.8523, "bus_v_mean": 22.8671, "bus_v_std": 18.3171, "car_acc": 0.3994, "car_dcc": 1.9534, "car_lcAssertive": 24.6269, "car_lcCooperative": 0.4513, "car_lcLookaheadLeft": 74.4789, "car_lcPushy": 0.7249, "car_lcSigma": 0.6171, "car_lcSpeedGainRight": 2.1366, "car_lcSublane": 0.5855, "car_sigma": 0.5345, "car_tau_mean": 2.7373, "car_tau_std": 6.465, "car_v_mean": 15.4319, "car_v_std": 15.7446}, "datetime": {"datetime": "2024-08-11 17:47:38", "elapsed": 329.330717, "delta": 1.781039}}
{"target": -0.24307596724687344, "params": {"bus_acc": 3.8096, "bus_dcc": 3.7421, "bus_lcAssertive": 81.1889, "bus_lcCooperative": 0.2869, "bus_lcLookaheadLeft": 54.8409, "bus_lcPushy": 0.9006, "bus_lcSigma": 0.7706, "bus_lcSpeedGainRight": 2.4162, "bus_lcSublane": 0.9777, "bus_sigma": 0.407, "bus_tau_mean": 1.9803, "bus_tau_std": 9.8546, "bus_v_mean": 22.8695, "bus_v_std": 18.3194, "car_acc": 0.4003, "car_dcc": 1.9557, "car_lcAssertive": 24.6293, "car_lcCooperative": 0.4521, "car_lcLookaheadLeft": 74.4798, "car_lcPushy": 0.7239, "car_lcSigma": 0.618, "car_lcSpeedGainRight": 2.139, "car_lcSublane": 0.5845, "car_sigma": 0.5335, "car_tau_mean": 2.7396, "car_tau_std": 6.4674, "car_v_mean": 15.4343, "car_v_std": 15.747}, "datetime": {"datetime": "2024-08-11 17:47:40", "elapsed": 331.266172, "delta": 1.935455}}
{"target": -0.2719072405204678, "params": {"bus_acc": 3.8131, "bus_dcc": 3.7456, "bus_lcAssertive": 81.191, "bus_lcCooperative": 0.2889, "bus_lcLookaheadLeft": 54.8443, "bus_lcPushy": 0.9014, "bus_lcSigma": 0.7714, "bus_lcSpeedGainRight": 2.4196, "bus_lcSublane": 0.9785, "bus_sigma": 0.409, "bus_tau_mean": 1.9837, "bus_tau_std": 9.8581, "bus_v_mean": 22.873, "bus_v_std": 18.3229, "car_acc": 0.4023, "car_dcc": 1.9592, "car_lcAssertive": 24.6328, "car_lcCooperative": 0.4542, "car_lcLookaheadLeft": 74.4818, "car_lcPushy": 0.7247, "car_lcSigma": 0.62, "car_lcSpeedGainRight": 2.1425, "car_lcSublane": 0.5853, "car_sigma": 0.5343, "car_tau_mean": 2.7431, "car_tau_std": 6.4709, "car_v_mean": 15.4377, "car_v_std": 15.7505}, "datetime": {"datetime": "2024-08-11 17:47:42", "elapsed": 333.609826, "delta": 2.343654}}
{"target": -0.33953026552400195, "params": {"bus_acc": 2.8202, "bus_dcc": 3.2163, "bus_lcAssertive": 76.6518, "bus_lcCooperative": 0.2174, "bus_lcLookaheadLeft": 59.311, "bus_lcPushy": 0.8095, "bus_lcSigma": 0.5769, "bus_lcSpeedGainRight": 1.4002, "bus_lcSublane": 0.7569, "bus_sigma": 0.3478, "bus_tau_mean": 1.1566, "bus_tau_std": 8.7941, "bus_v_mean": 20.7819, "bus_v_std": 17.7739, "car_acc": 0.7842, "car_dcc": 2.3867, "car_lcAssertive": 39.067, "car_lcCooperative": 0.2108, "car_lcLookaheadLeft": 80.3976, "car_lcPushy": 0.7086, "car_lcSigma": 0.5778, "car_lcSpeedGainRight": 2.6177, "car_lcSublane": 0.4614, "car_sigma": 0.5186, "car_tau_mean": 1.941, "car_tau_std": 5.0847, "car_v_mean": 17.5903, "car_v_std": 11.9918}, "datetime": {"datetime": "2024-08-11 17:47:47", "elapsed": 337.734166, "delta": 4.12434}}
{"target": -0.47015697144561286, "params": {"bus_acc": 3.4465, "bus_dcc": 1.0361, "bus_lcAssertive": 74.9848, "bus_lcCooperative": 0.6066, "bus_lcLookaheadLeft": 8.543, "bus_lcPushy": 0.1261, "bus_lcSigma": 0.7331, "bus_lcSpeedGainRight": 2.9563, "bus_lcSublane": 0.8081, "bus_sigma": 0.6615, "bus_tau_mean": 1.5308, "bus_tau_std": 5.5466, "bus_v_mean": 8.0612, "bus_v_std": 2.2758, "car_acc": 2.3729, "car_dcc": 1.5814, "car_lcAssertive": 31.1974, "car_lcCooperative": 0.2036, "car_lcLookaheadLeft": 94.6308, "car_lcPushy": 0.5815, "car_lcSigma": 0.8951, "car_lcSpeedGainRight": 2.5707, "car_lcSublane": 0.0246, "car_sigma": 0.0749, "car_tau_mean": 3.2255, "car_tau_std": 6.3309, "car_v_mean": 19.9004, "car_v_std": 3.5099}, "datetime": {"datetime": "2024-08-11 17:47:49", "elapsed": 339.745567, "delta": 2.011401}}
{"target": -0.314092963848512, "params": {"bus_acc": 2.6394, "bus_dcc": 3.2359, "bus_lcAssertive": 75.5699, "bus_lcCooperative": 0.2301, "bus_lcLookaheadLeft": 60.5802, "bus_lcPushy": 0.8154, "bus_lcSigma": 0.5623, "bus_lcSpeedGainRight": 1.4829, "bus_lcSublane": 0.7133, "bus_sigma": 0.32, "bus_tau_mean": 1.2244, "bus_tau_std": 8.6187, "bus_v_mean": 20.656, "bus_v_std": 17.7256, "car_acc": 0.6761, "car_dcc": 2.3609, "car_lcAssertive": 35.9141, "car_lcCooperative": 0.1614, "car_lcLookaheadLeft": 78.9489, "car_lcPushy": 0.7232, "car_lcSigma": 0.5626, "car_lcSpeedGainRight": 2.867, "car_lcSublane": 0.4094, "car_sigma": 0.4561, "car_tau_mean": 1.7739, "car_tau_std": 5.2998, "car_v_mean": 17.5699, "car_v_std": 11.8916}, "datetime": {"datetime": "2024-08-11 17:47:50", "elapsed": 341.477956, "delta": 1.732389}}
