{"target": -0.2703750201823533, "params": {"bus_acc": 3.2687, "bus_dcc": 1.2758, "bus_lcAssertive": 23.5135, "bus_lcCooperative": 0.9217, "bus_lcLookaheadLeft": 63.8343, "bus_lcPushy": 0.3111, "bus_lcSigma": 0.3829, "bus_lcSpeedGainRight": 2.9452, "bus_lcSublane": 0.1703, "bus_sigma": 0.9591, "bus_tau_mean": 2.1684, "bus_tau_std": 8.7754, "bus_v_mean": 12.0683, "bus_v_std": 14.7746, "car_acc": 2.175, "car_dcc": 3.2948, "car_lcAssertive": 87.5373, "car_lcCooperative": 0.5917, "car_lcLookaheadLeft": 40.4468, "car_lcPushy": 0.1353, "car_lcSigma": 0.6482, "car_lcSpeedGainRight": 4.6704, "car_lcSublane": 0.4358, "car_sigma": 0.2001, "car_tau_mean": 1.5823, "car_tau_std": 1.6833, "car_v_mean": 25.8636, "car_v_std": 11.8996}, "datetime": {"datetime": "2024-09-05 12:45:37", "elapsed": 6992.858971, "delta": 8.39966}}
{"target": -0.2410911143204634, "params": {"bus_acc": 0.4878, "bus_dcc": 2.9846, "bus_lcAssertive": 83.4394, "bus_lcCooperative": 0.4314, "bus_lcLookaheadLeft": 95.1708, "bus_lcPushy": 0.1852, "bus_lcSigma": 0.786, "bus_lcSpeedGainRight": 0.8014, "bus_lcSublane": 0.3207, "bus_sigma": 0.3461, "bus_tau_mean": 1.1439, "bus_tau_std": 1.9926, "bus_v_mean": 20.5728, "bus_v_std": 1.4072, "car_acc": 1.265, "car_dcc": 3.1772, "car_lcAssertive": 75.1054, "car_lcCooperative": 0.5853, "car_lcLookaheadLeft": 12.9869, "car_lcPushy": 0.2719, "car_lcSigma": 0.3215, "car_lcSpeedGainRight": 0.7261, "car_lcSublane": 0.5212, "car_sigma": 0.1015, "car_tau_mean": 1.2039, "car_tau_std": 4.4425, "car_v_mean": 9.7307, "car_v_std": 12.0332}, "datetime": {"datetime": "2024-09-05 12:45:52", "elapsed": 7007.989058, "delta": 15.130087}}
{"target": -0.20518687242138986, "params": {"bus_acc": 1.1443, "bus_dcc": 0.2108, "bus_lcAssertive": 67.3517, "bus_lcCooperative": 0.5092, "bus_lcLookaheadLeft": 46.0651, "bus_lcPushy": 0.3371, "bus_lcSigma": 0.933, "bus_lcSpeedGainRight": 4.1822, "bus_lcSublane": 0.8947, "bus_sigma": 0.9599, "bus_tau_mean": 2.1566, "bus_tau_std": 6.4443, "bus_v_mean": 19.5192, "bus_v_std": 11.4223, "car_acc": 2.8254, "car_dcc": 3.3567, "car_lcAssertive": 56.1605, "car_lcCooperative": 0.6725, "car_lcLookaheadLeft": 18.5131, "car_lcPushy": 0.6116, "car_lcSigma": 0.1896, "car_lcSpeedGainRight": 4.9532, "car_lcSublane": 0.5226, "car_sigma": 0.9361, "car_tau_mean": 3.3958, "car_tau_std": 2.4537, "car_v_mean": 10.9083, "car_v_std": 9.4588}, "datetime": {"datetime": "2024-09-05 12:46:07", "elapsed": 7022.805767, "delta": 14.816709}}
{"target": -0.19330846353915965, "params": {"bus_acc": 2.5597, "bus_dcc": 3.7614, "bus_lcAssertive": 63.695, "bus_lcCooperative": 0.8974, "bus_lcLookaheadLeft": 83.388, "bus_lcPushy": 0.6407, "bus_lcSigma": 0.1346, "bus_lcSpeedGainRight": 1.0763, "bus_lcSublane": 0.1543, "bus_sigma": 0.513, "bus_tau_mean": 0.9233, "bus_tau_std": 3.1103, "bus_v_mean": 25.3565, "bus_v_std": 5.9721, "car_acc": 1.8127, "car_dcc": 2.8254, "car_lcAssertive": 83.0739, "car_lcCooperative": 0.2327, "car_lcLookaheadLeft": 16.9076, "car_lcPushy": 0.888, "car_lcSigma": 0.9082, "car_lcSpeedGainRight": 0.3205, "car_lcSublane": 0.9473, "car_sigma": 0.0405, "car_tau_mean": 2.8914, "car_tau_std": 2.5118, "car_v_mean": 9.3857, "car_v_std": 18.6995}, "datetime": {"datetime": "2024-09-05 12:46:21", "elapsed": 7036.48396, "delta": 13.678193}}
{"target": -0.18546145143879866, "params": {"bus_acc": 2.5687, "bus_dcc": 1.338, "bus_lcAssertive": 94.5908, "bus_lcCooperative": 0.3998, "bus_lcLookaheadLeft": 51.6506, "bus_lcPushy": 0.6526, "bus_lcSigma": 0.5156, "bus_lcSpeedGainRight": 1.9705, "bus_lcSublane": 0.4308, "bus_sigma": 0.9402, "bus_tau_mean": 1.3676, "bus_tau_std": 9.3888, "bus_v_mean": 11.3025, "bus_v_std": 16.9945, "car_acc": 3.8332, "car_dcc": 1.0544, "car_lcAssertive": 53.4932, "car_lcCooperative": 0.4639, "car_lcLookaheadLeft": 59.1227, "car_lcPushy": 0.0077, "car_lcSigma": 0.7959, "car_lcSpeedGainRight": 0.5232, "car_lcSublane": 0.0561, "car_sigma": 0.6564, "car_tau_mean": 1.5188, "car_tau_std": 6.5452, "car_v_mean": 12.6907, "car_v_std": 0.4664}, "datetime": {"datetime": "2024-09-05 12:46:32", "elapsed": 7048.298893, "delta": 11.814933}}
{"target": -0.2568036306647101, "params": {"bus_acc": 0.2468, "bus_dcc": 3.9184, "bus_lcAssertive": 73.0652, "bus_lcCooperative": 0.1179, "bus_lcLookaheadLeft": 50.2106, "bus_lcPushy": 0.5326, "bus_lcSigma": 0.0209, "bus_lcSpeedGainRight": 4.5802, "bus_lcSublane": 0.4113, "bus_sigma": 0.1158, "bus_tau_mean": 1.8527, "bus_tau_std": 3.3224, "bus_v_mean": 22.2403, "bus_v_std": 10.3188, "car_acc": 1.9659, "car_dcc": 3.1429, "car_lcAssertive": 91.8664, "car_lcCooperative": 0.6303, "car_lcLookaheadLeft": 27.6473, "car_lcPushy": 0.2461, "car_lcSigma": 0.5715, "car_lcSpeedGainRight": 2.9336, "car_lcSublane": 0.9858, "car_sigma": 0.6465, "car_tau_mean": 1.3648, "car_tau_std": 6.5269, "car_v_mean": 16.1977, "car_v_std": 16.9186}, "datetime": {"datetime": "2024-09-05 12:46:38", "elapsed": 7054.234969, "delta": 5.936076}}
{"target": -0.20787645474262395, "params": {"bus_acc": 3.5631, "bus_dcc": 3.8805, "bus_lcAssertive": 57.8356, "bus_lcCooperative": 0.8656, "bus_lcLookaheadLeft": 86.8318, "bus_lcPushy": 0.4153, "bus_lcSigma": 0.1296, "bus_lcSpeedGainRight": 2.7706, "bus_lcSublane": 0.0229, "bus_sigma": 0.5138, "bus_tau_mean": 2.0154, "bus_tau_std": 0.5543, "bus_v_mean": 19.4652, "bus_v_std": 8.2525, "car_acc": 3.7732, "car_dcc": 0.7245, "car_lcAssertive": 26.8993, "car_lcCooperative": 0.4253, "car_lcLookaheadLeft": 84.5579, "car_lcPushy": 0.3715, "car_lcSigma": 0.2806, "car_lcSpeedGainRight": 2.9743, "car_lcSublane": 0.4485, "car_sigma": 0.0615, "car_tau_mean": 2.2819, "car_tau_std": 6.9853, "car_v_mean": 8.6627, "car_v_std": 13.5724}, "datetime": {"datetime": "2024-09-05 12:46:46", "elapsed": 7061.467653, "delta": 7.232684}}
{"target": -1.6586573331268584, "params": {"bus_acc": 3.9018, "bus_dcc": 3.3168, "bus_lcAssertive": 94.6505, "bus_lcCooperative": 0.218, "bus_lcLookaheadLeft": 16.668, "bus_lcPushy": 0.9818, "bus_lcSigma": 0.8909, "bus_lcSpeedGainRight": 0.6436, "bus_lcSublane": 0.9297, "bus_sigma": 0.5506, "bus_tau_mean": 0.7583, "bus_tau_std": 8.0957, "bus_v_mean": 13.8945, "bus_v_std": 18.4675, "car_acc": 1.0357, "car_dcc": 2.7632, "car_lcAssertive": 69.3602, "car_lcCooperative": 0.6587, "car_lcLookaheadLeft": 35.8832, "car_lcPushy": 0.2572, "car_lcSigma": 0.2718, "car_lcSpeedGainRight": 2.499, "car_lcSublane": 0.0997, "car_sigma": 0.8394, "car_tau_mean": 1.1903, "car_tau_std": 0.848, "car_v_mean": 22.6628, "car_v_std": 17.1873}, "datetime": {"datetime": "2024-09-05 12:46:56", "elapsed": 7071.563732, "delta": 10.096079}}
{"target": -0.18624018963198832, "params": {"bus_acc": 2.0766, "bus_dcc": 2.9061, "bus_lcAssertive": 89.6085, "bus_lcCooperative": 0.2073, "bus_lcLookaheadLeft": 44.2313, "bus_lcPushy": 0.9331, "bus_lcSigma": 0.5554, "bus_lcSpeedGainRight": 0.341, "bus_lcSublane": 0.6581, "bus_sigma": 0.5936, "bus_tau_mean": 3.5508, "bus_tau_std": 7.0277, "bus_v_mean": 25.3398, "bus_v_std": 12.0012, "car_acc": 3.1817, "car_dcc": 1.7227, "car_lcAssertive": 73.0492, "car_lcCooperative": 0.9835, "car_lcLookaheadLeft": 76.717, "car_lcPushy": 0.2686, "car_lcSigma": 0.0984, "car_lcSpeedGainRight": 1.7879, "car_lcSublane": 0.1762, "car_sigma": 0.5404, "car_tau_mean": 0.5606, "car_tau_std": 4.7174, "car_v_mean": 17.7255, "car_v_std": 6.1455}, "datetime": {"datetime": "2024-09-05 12:47:03", "elapsed": 7079.120774, "delta": 7.557042}}
{"target": -0.3465440969693578, "params": {"bus_acc": 1.124, "bus_dcc": 2.5413, "bus_lcAssertive": 66.2075, "bus_lcCooperative": 0.7974, "bus_lcLookaheadLeft": 24.8462, "bus_lcPushy": 0.3884, "bus_lcSigma": 0.1198, "bus_lcSpeedGainRight": 0.4766, "bus_lcSublane": 0.2617, "bus_sigma": 0.1061, "bus_tau_mean": 3.6653, "bus_tau_std": 3.6628, "bus_v_mean": 17.4384, "bus_v_std": 17.5341, "car_acc": 0.5897, "car_dcc": 3.409, "car_lcAssertive": 89.3186, "car_lcCooperative": 0.9584, "car_lcLookaheadLeft": 29.6964, "car_lcPushy": 0.3819, "car_lcSigma": 0.3161, "car_lcSpeedGainRight": 4.8856, "car_lcSublane": 0.5139, "car_sigma": 0.5801, "car_tau_mean": 3.5039, "car_tau_std": 6.5617, "car_v_mean": 10.7439, "car_v_std": 14.6955}, "datetime": {"datetime": "2024-09-05 12:47:14", "elapsed": 7089.738202, "delta": 10.617428}}
{"target": -0.21126169740609171, "params": {"bus_acc": 2.3877, "bus_dcc": 2.58, "bus_lcAssertive": 3.636, "bus_lcCooperative": 0.864, "bus_lcLookaheadLeft": 71.1784, "bus_lcPushy": 0.5124, "bus_lcSigma": 0.7031, "bus_lcSpeedGainRight": 3.3991, "bus_lcSublane": 0.4883, "bus_sigma": 0.6218, "bus_tau_mean": 2.0377, "bus_tau_std": 9.2878, "bus_v_mean": 20.3266, "bus_v_std": 6.3457, "car_acc": 1.2669, "car_dcc": 1.7972, "car_lcAssertive": 10.9398, "car_lcCooperative": 0.526, "car_lcLookaheadLeft": 56.5708, "car_lcPushy": 0.2721, "car_lcSigma": 0.6984, "car_lcSpeedGainRight": 2.6823, "car_lcSublane": 0.2565, "car_sigma": 0.0625, "car_tau_mean": 3.7673, "car_tau_std": 0.7745, "car_v_mean": 21.3134, "car_v_std": 12.5232}, "datetime": {"datetime": "2024-09-05 12:47:22", "elapsed": 7097.611672, "delta": 7.87347}}
{"target": -0.19041431750384094, "params": {"bus_acc": 0.9032, "bus_dcc": 2.1129, "bus_lcAssertive": 33.6056, "bus_lcCooperative": 0.8982, "bus_lcLookaheadLeft": 5.0735, "bus_lcPushy": 0.5689, "bus_lcSigma": 0.4125, "bus_lcSpeedGainRight": 2.44, "bus_lcSublane": 0.9337, "bus_sigma": 0.8543, "bus_tau_mean": 0.7427, "bus_tau_std": 1.9428, "bus_v_mean": 13.6666, "bus_v_std": 15.4873, "car_acc": 3.1499, "car_dcc": 2.5906, "car_lcAssertive": 79.1611, "car_lcCooperative": 0.1626, "car_lcLookaheadLeft": 95.2807, "car_lcPushy": 0.1334, "car_lcSigma": 0.2009, "car_lcSpeedGainRight": 0.1178, "car_lcSublane": 0.818, "car_sigma": 0.7423, "car_tau_mean": 1.8267, "car_tau_std": 4.8055, "car_v_mean": 16.4155, "car_v_std": 16.1157}, "datetime": {"datetime": "2024-09-05 12:47:33", "elapsed": 7108.491584, "delta": 10.879912}}
{"target": -0.15443810707526381, "params": {"bus_acc": 2.2001, "bus_dcc": 2.0874, "bus_lcAssertive": 28.6493, "bus_lcCooperative": 0.4079, "bus_lcLookaheadLeft": 29.8849, "bus_lcPushy": 0.7166, "bus_lcSigma": 0.4331, "bus_lcSpeedGainRight": 1.11, "bus_lcSublane": 0.5925, "bus_sigma": 0.5832, "bus_tau_mean": 2.5226, "bus_tau_std": 3.1958, "bus_v_mean": 11.7726, "bus_v_std": 17.4427, "car_acc": 3.2301, "car_dcc": 3.7988, "car_lcAssertive": 78.9456, "car_lcCooperative": 0.8625, "car_lcLookaheadLeft": 93.4547, "car_lcPushy": 0.6666, "car_lcSigma": 0.653, "car_lcSpeedGainRight": 4.2611, "car_lcSublane": 0.8189, "car_sigma": 0.3704, "car_tau_mean": 3.1103, "car_tau_std": 9.9542, "car_v_mean": 19.8247, "car_v_std": 6.2222}, "datetime": {"datetime": "2024-09-05 12:47:41", "elapsed": 7116.939836, "delta": 8.448252}}
{"target": -0.2043709458016811, "params": {"bus_acc": 2.2999, "bus_dcc": 3.2567, "bus_lcAssertive": 66.3228, "bus_lcCooperative": 0.9923, "bus_lcLookaheadLeft": 91.289, "bus_lcPushy": 0.0484, "bus_lcSigma": 0.1151, "bus_lcSpeedGainRight": 3.655, "bus_lcSublane": 0.5887, "bus_sigma": 0.8409, "bus_tau_mean": 1.6767, "bus_tau_std": 5.5753, "bus_v_mean": 15.8638, "bus_v_std": 16.2799, "car_acc": 1.5688, "car_dcc": 2.9621, "car_lcAssertive": 24.3538, "car_lcCooperative": 0.423, "car_lcLookaheadLeft": 9.0282, "car_lcPushy": 0.7806, "car_lcSigma": 0.7915, "car_lcSpeedGainRight": 4.7045, "car_lcSublane": 0.7094, "car_sigma": 0.7345, "car_tau_mean": 1.0419, "car_tau_std": 1.4668, "car_v_mean": 25.6762, "car_v_std": 18.1051}, "datetime": {"datetime": "2024-09-05 12:47:56", "elapsed": 7132.237738, "delta": 15.297902}}
{"target": -0.18146415745613745, "params": {"bus_acc": 2.4108, "bus_dcc": 1.5723, "bus_lcAssertive": 43.4762, "bus_lcCooperative": 0.0244, "bus_lcLookaheadLeft": 78.181, "bus_lcPushy": 0.1377, "bus_lcSigma": 0.0439, "bus_lcSpeedGainRight": 0.006, "bus_lcSublane": 0.9707, "bus_sigma": 0.6793, "bus_tau_mean": 1.3413, "bus_tau_std": 2.7159, "bus_v_mean": 8.0302, "bus_v_std": 11.1375, "car_acc": 3.1161, "car_dcc": 3.4591, "car_lcAssertive": 18.9741, "car_lcCooperative": 0.7306, "car_lcLookaheadLeft": 41.48, "car_lcPushy": 0.6762, "car_lcSigma": 0.4189, "car_lcSpeedGainRight": 0.5177, "car_lcSublane": 0.859, "car_sigma": 0.9316, "car_tau_mean": 1.3939, "car_tau_std": 9.9217, "car_v_mean": 25.341, "car_v_std": 15.0755}, "datetime": {"datetime": "2024-09-05 12:48:18", "elapsed": 7153.768844, "delta": 21.531106}}
{"target": -0.22844027128003255, "params": {"bus_acc": 2.0457, "bus_dcc": 1.9678, "bus_lcAssertive": 77.1975, "bus_lcCooperative": 0.1036, "bus_lcLookaheadLeft": 33.9944, "bus_lcPushy": 0.3845, "bus_lcSigma": 0.0447, "bus_lcSpeedGainRight": 2.6076, "bus_lcSublane": 0.5059, "bus_sigma": 0.5477, "bus_tau_mean": 1.4747, "bus_tau_std": 4.1933, "bus_v_mean": 15.4098, "bus_v_std": 0.9157, "car_acc": 1.0804, "car_dcc": 0.6337, "car_lcAssertive": 91.7282, "car_lcCooperative": 0.6233, "car_lcLookaheadLeft": 3.1957, "car_lcPushy": 0.7857, "car_lcSigma": 0.8139, "car_lcSpeedGainRight": 1.6916, "car_lcSublane": 0.7947, "car_sigma": 0.8795, "car_tau_mean": 2.2846, "car_tau_std": 3.154, "car_v_mean": 22.9423, "car_v_std": 5.4151}, "datetime": {"datetime": "2024-09-05 12:48:32", "elapsed": 7167.951563, "delta": 14.182719}}
{"target": -0.19576920641755322, "params": {"bus_acc": 3.5383, "bus_dcc": 3.2324, "bus_lcAssertive": 42.3816, "bus_lcCooperative": 0.2569, "bus_lcLookaheadLeft": 25.2039, "bus_lcPushy": 0.8686, "bus_lcSigma": 0.2791, "bus_lcSpeedGainRight": 3.0339, "bus_lcSublane": 0.4226, "bus_sigma": 0.8225, "bus_tau_mean": 3.4814, "bus_tau_std": 5.6724, "bus_v_mean": 17.6034, "bus_v_std": 10.1828, "car_acc": 2.4917, "car_dcc": 3.8577, "car_lcAssertive": 49.5089, "car_lcCooperative": 0.1281, "car_lcLookaheadLeft": 27.4447, "car_lcPushy": 0.7216, "car_lcSigma": 0.812, "car_lcSpeedGainRight": 3.5394, "car_lcSublane": 0.9224, "car_sigma": 0.2453, "car_tau_mean": 0.8827, "car_tau_std": 6.5708, "car_v_mean": 24.6805, "car_v_std": 2.469}, "datetime": {"datetime": "2024-09-05 12:48:41", "elapsed": 7176.960679, "delta": 9.009116}}
{"target": -0.18839783567264157, "params": {"bus_acc": 2.6698, "bus_dcc": 3.3716, "bus_lcAssertive": 37.8734, "bus_lcCooperative": 0.7411, "bus_lcLookaheadLeft": 6.9127, "bus_lcPushy": 0.3505, "bus_lcSigma": 0.2976, "bus_lcSpeedGainRight": 0.3077, "bus_lcSublane": 0.0001, "bus_sigma": 0.5176, "bus_tau_mean": 3.7601, "bus_tau_std": 3.8995, "bus_v_mean": 25.6199, "bus_v_std": 14.4024, "car_acc": 3.6511, "car_dcc": 1.8252, "car_lcAssertive": 57.2938, "car_lcCooperative": 0.0623, "car_lcLookaheadLeft": 14.7415, "car_lcPushy": 0.6102, "car_lcSigma": 0.4092, "car_lcSpeedGainRight": 1.3566, "car_lcSublane": 0.9191, "car_sigma": 0.3058, "car_tau_mean": 3.1802, "car_tau_std": 1.7857, "car_v_mean": 23.3421, "car_v_std": 19.8731}, "datetime": {"datetime": "2024-09-05 12:48:51", "elapsed": 7187.112517, "delta": 10.151838}}
{"target": -0.18674927008007006, "params": {"bus_acc": 2.942, "bus_dcc": 1.5512, "bus_lcAssertive": 70.0895, "bus_lcCooperative": 0.2295, "bus_lcLookaheadLeft": 69.7596, "bus_lcPushy": 0.9474, "bus_lcSigma": 0.2704, "bus_lcSpeedGainRight": 4.8982, "bus_lcSublane": 0.1127, "bus_sigma": 0.7385, "bus_tau_mean": 3.5846, "bus_tau_std": 1.1717, "bus_v_mean": 10.2325, "bus_v_std": 1.2958, "car_acc": 0.3538, "car_dcc": 1.3069, "car_lcAssertive": 11.8816, "car_lcCooperative": 0.4206, "car_lcLookaheadLeft": 85.262, "car_lcPushy": 0.6613, "car_lcSigma": 0.0965, "car_lcSpeedGainRight": 2.2412, "car_lcSublane": 0.4393, "car_sigma": 0.6298, "car_tau_mean": 0.9539, "car_tau_std": 9.9258, "car_v_mean": 10.2114, "car_v_std": 8.219}, "datetime": {"datetime": "2024-09-05 12:49:02", "elapsed": 7197.496154, "delta": 10.383637}}
{"target": -0.28095781854389695, "params": {"bus_acc": 3.7075, "bus_dcc": 2.6466, "bus_lcAssertive": 71.3372, "bus_lcCooperative": 0.9226, "bus_lcLookaheadLeft": 68.0058, "bus_lcPushy": 0.7042, "bus_lcSigma": 0.8384, "bus_lcSpeedGainRight": 2.201, "bus_lcSublane": 0.8784, "bus_sigma": 0.7473, "bus_tau_mean": 0.9053, "bus_tau_std": 3.0759, "bus_v_mean": 12.8092, "bus_v_std": 13.7236, "car_acc": 0.2384, "car_dcc": 0.5196, "car_lcAssertive": 37.352, "car_lcCooperative": 0.1561, "car_lcLookaheadLeft": 53.4805, "car_lcPushy": 0.5188, "car_lcSigma": 0.914, "car_lcSpeedGainRight": 3.2338, "car_lcSublane": 0.676, "car_sigma": 0.6394, "car_tau_mean": 2.0735, "car_tau_std": 2.6881, "car_v_mean": 15.6533, "car_v_std": 4.2454}, "datetime": {"datetime": "2024-09-05 12:49:08", "elapsed": 7203.912743, "delta": 6.416589}}
{"target": -0.20019694475739205, "params": {"bus_acc": 3.7347, "bus_dcc": 1.4257, "bus_lcAssertive": 45.4709, "bus_lcCooperative": 0.7771, "bus_lcLookaheadLeft": 66.0237, "bus_lcPushy": 0.078, "bus_lcSigma": 0.9857, "bus_lcSpeedGainRight": 1.2687, "bus_lcSublane": 0.935, "bus_sigma": 0.6279, "bus_tau_mean": 2.6881, "bus_tau_std": 2.3697, "bus_v_mean": 17.8095, "bus_v_std": 8.8798, "car_acc": 3.1907, "car_dcc": 3.6909, "car_lcAssertive": 59.8614, "car_lcCooperative": 0.9385, "car_lcLookaheadLeft": 38.5761, "car_lcPushy": 0.2944, "car_lcSigma": 0.5086, "car_lcSpeedGainRight": 3.2252, "car_lcSublane": 0.8683, "car_sigma": 0.0196, "car_tau_mean": 1.6874, "car_tau_std": 1.818, "car_v_mean": 17.2497, "car_v_std": 2.702}, "datetime": {"datetime": "2024-09-05 12:49:14", "elapsed": 7209.918661, "delta": 6.005918}}
{"target": -0.21393240251371723, "params": {"bus_acc": 0.7531, "bus_dcc": 2.6378, "bus_lcAssertive": 22.0349, "bus_lcCooperative": 0.9218, "bus_lcLookaheadLeft": 71.3837, "bus_lcPushy": 0.1791, "bus_lcSigma": 0.1542, "bus_lcSpeedGainRight": 1.8819, "bus_lcSublane": 0.1327, "bus_sigma": 0.4553, "bus_tau_mean": 1.4029, "bus_tau_std": 3.8051, "bus_v_mean": 15.4093, "bus_v_std": 2.3447, "car_acc": 1.9872, "car_dcc": 1.0962, "car_lcAssertive": 97.5476, "car_lcCooperative": 0.1352, "car_lcLookaheadLeft": 50.7269, "car_lcPushy": 0.4016, "car_lcSigma": 0.4133, "car_lcSpeedGainRight": 2.5405, "car_lcSublane": 0.5128, "car_sigma": 0.2819, "car_tau_mean": 3.7011, "car_tau_std": 5.4291, "car_v_mean": 13.7029, "car_v_std": 6.2165}, "datetime": {"datetime": "2024-09-05 12:49:25", "elapsed": 7221.261343, "delta": 11.342682}}
{"target": -0.28900551493990767, "params": {"bus_acc": 3.6847, "bus_dcc": 1.9838, "bus_lcAssertive": 81.0662, "bus_lcCooperative": 0.0771, "bus_lcLookaheadLeft": 66.0832, "bus_lcPushy": 0.3189, "bus_lcSigma": 0.7594, "bus_lcSpeedGainRight": 1.1878, "bus_lcSublane": 0.8277, "bus_sigma": 0.2484, "bus_tau_mean": 3.6718, "bus_tau_std": 0.8162, "bus_v_mean": 16.8037, "bus_v_std": 13.3091, "car_acc": 3.0238, "car_dcc": 0.3372, "car_lcAssertive": 15.0458, "car_lcCooperative": 0.256, "car_lcLookaheadLeft": 13.8107, "car_lcPushy": 0.6091, "car_lcSigma": 0.9866, "car_lcSpeedGainRight": 2.3962, "car_lcSublane": 0.67, "car_sigma": 0.0928, "car_tau_mean": 2.7924, "car_tau_std": 8.9987, "car_v_mean": 13.8221, "car_v_std": 13.2189}, "datetime": {"datetime": "2024-09-05 12:49:33", "elapsed": 7228.650791, "delta": 7.389448}}
{"target": -0.19975114095802315, "params": {"bus_acc": 3.6316, "bus_dcc": 1.8779, "bus_lcAssertive": 39.109, "bus_lcCooperative": 0.4994, "bus_lcLookaheadLeft": 28.5572, "bus_lcPushy": 0.527, "bus_lcSigma": 0.1127, "bus_lcSpeedGainRight": 2.8764, "bus_lcSublane": 0.5262, "bus_sigma": 0.566, "bus_tau_mean": 0.9161, "bus_tau_std": 8.5441, "bus_v_mean": 20.7418, "bus_v_std": 17.1584, "car_acc": 1.1968, "car_dcc": 0.837, "car_lcAssertive": 87.5397, "car_lcCooperative": 0.7057, "car_lcLookaheadLeft": 83.441, "car_lcPushy": 0.299, "car_lcSigma": 0.0207, "car_lcSpeedGainRight": 4.5407, "car_lcSublane": 0.1847, "car_sigma": 0.6832, "car_tau_mean": 2.2034, "car_tau_std": 2.1182, "car_v_mean": 21.6764, "car_v_std": 8.4753}, "datetime": {"datetime": "2024-09-05 12:49:41", "elapsed": 7236.589435, "delta": 7.938644}}
{"target": -0.16013706576403733, "params": {"bus_acc": 2.2379, "bus_dcc": 2.0309, "bus_lcAssertive": 73.6274, "bus_lcCooperative": 0.1694, "bus_lcLookaheadLeft": 34.0994, "bus_lcPushy": 0.4292, "bus_lcSigma": 0.6346, "bus_lcSpeedGainRight": 0.4601, "bus_lcSublane": 0.5177, "bus_sigma": 0.304, "bus_tau_mean": 2.0579, "bus_tau_std": 3.0112, "bus_v_mean": 9.708, "bus_v_std": 9.9331, "car_acc": 3.7315, "car_dcc": 1.7527, "car_lcAssertive": 54.9546, "car_lcCooperative": 0.8817, "car_lcLookaheadLeft": 74.4073, "car_lcPushy": 0.1098, "car_lcSigma": 0.776, "car_lcSpeedGainRight": 2.9273, "car_lcSublane": 0.4529, "car_sigma": 0.695, "car_tau_mean": 2.1968, "car_tau_std": 9.4213, "car_v_mean": 17.8282, "car_v_std": 11.0974}, "datetime": {"datetime": "2024-09-05 12:49:54", "elapsed": 7250.284943, "delta": 13.695508}}
{"target": -0.20199993898704802, "params": {"bus_acc": 3.3023, "bus_dcc": 2.5858, "bus_lcAssertive": 70.8084, "bus_lcCooperative": 0.9021, "bus_lcLookaheadLeft": 19.4026, "bus_lcPushy": 0.5816, "bus_lcSigma": 0.1825, "bus_lcSpeedGainRight": 4.6636, "bus_lcSublane": 0.123, "bus_sigma": 0.3329, "bus_tau_mean": 2.4175, "bus_tau_std": 3.5012, "bus_v_mean": 17.4605, "bus_v_std": 13.7589, "car_acc": 0.4125, "car_dcc": 0.6599, "car_lcAssertive": 85.8596, "car_lcCooperative": 0.6538, "car_lcLookaheadLeft": 99.2028, "car_lcPushy": 0.0094, "car_lcSigma": 0.5912, "car_lcSpeedGainRight": 1.7639, "car_lcSublane": 0.7497, "car_sigma": 0.1871, "car_tau_mean": 0.6135, "car_tau_std": 6.5189, "car_v_mean": 19.7453, "car_v_std": 15.0171}, "datetime": {"datetime": "2024-09-05 12:50:04", "elapsed": 7260.381955, "delta": 10.097012}}
