{"target": -0.5991865495811147, "params": {"bus_acc": 3.2566, "bus_dcc": 0.4724, "bus_lcAssertive": 83.6532, "bus_lcCooperative": 0.6155, "bus_lcLookaheadLeft": 61.2367, "bus_lcPushy": 0.8774, "bus_lcSigma": 0.34, "bus_lcSpeedGainRight": 3.7769, "bus_lcSublane": 0.3088, "bus_sigma": 0.1336, "bus_tau_mean": 1.1998, "bus_tau_std": 7.9352, "bus_v_mean": 25.5335, "bus_v_std": 6.2921, "car_acc": 2.9063, "car_dcc": 2.0699, "car_lcAssertive": 44.9331, "car_lcCooperative": 0.1015, "car_lcLookaheadLeft": 96.1085, "car_lcPushy": 0.1126, "car_lcSigma": 0.3527, "car_lcSpeedGainRight": 3.0855, "car_lcSublane": 0.0657, "car_sigma": 0.8771, "car_tau_mean": 3.9866, "car_tau_std": 7.1889, "car_v_mean": 8.0096, "car_v_std": 0.8486}, "datetime": {"datetime": "2024-09-05 12:27:48", "elapsed": 5923.505007, "delta": 7.24097}}
{"target": -0.18449916361694152, "params": {"bus_acc": 1.3341, "bus_dcc": 1.5662, "bus_lcAssertive": 69.3582, "bus_lcCooperative": 0.9642, "bus_lcLookaheadLeft": 71.5232, "bus_lcPushy": 0.4838, "bus_lcSigma": 0.4171, "bus_lcSpeedGainRight": 1.1881, "bus_lcSublane": 0.8199, "bus_sigma": 0.8433, "bus_tau_mean": 3.0984, "bus_tau_std": 3.5989, "bus_v_mean": 12.3235, "bus_v_std": 6.1919, "car_acc": 1.829, "car_dcc": 0.8751, "car_lcAssertive": 13.6417, "car_lcCooperative": 0.5704, "car_lcLookaheadLeft": 84.2434, "car_lcPushy": 0.5755, "car_lcSigma": 0.4394, "car_lcSpeedGainRight": 3.1426, "car_lcSublane": 0.3488, "car_sigma": 0.5073, "car_tau_mean": 2.0471, "car_tau_std": 6.8891, "car_v_mean": 15.9185, "car_v_std": 4.7198}, "datetime": {"datetime": "2024-09-05 12:27:53", "elapsed": 5929.352619, "delta": 5.847612}}
{"target": -0.2020285924500418, "params": {"bus_acc": 0.4584, "bus_dcc": 0.7512, "bus_lcAssertive": 39.6317, "bus_lcCooperative": 0.3005, "bus_lcLookaheadLeft": 97.1334, "bus_lcPushy": 0.4685, "bus_lcSigma": 0.2061, "bus_lcSpeedGainRight": 0.5604, "bus_lcSublane": 0.1404, "bus_sigma": 0.7632, "bus_tau_mean": 0.9824, "bus_tau_std": 6.3826, "bus_v_mean": 12.6355, "bus_v_std": 8.008, "car_acc": 0.7088, "car_dcc": 0.8576, "car_lcAssertive": 71.2807, "car_lcCooperative": 0.0429, "car_lcLookaheadLeft": 61.3766, "car_lcPushy": 0.2781, "car_lcSigma": 0.1653, "car_lcSpeedGainRight": 4.6998, "car_lcSublane": 0.0653, "car_sigma": 0.1491, "car_tau_mean": 1.5058, "car_tau_std": 0.0627, "car_v_mean": 17.9276, "car_v_std": 7.6929}, "datetime": {"datetime": "2024-09-05 12:27:58", "elapsed": 5933.604611, "delta": 4.251992}}
{"target": -0.21676212435180664, "params": {"bus_acc": 3.4414, "bus_dcc": 2.9947, "bus_lcAssertive": 62.7942, "bus_lcCooperative": 0.874, "bus_lcLookaheadLeft": 20.7596, "bus_lcPushy": 0.9658, "bus_lcSigma": 0.8078, "bus_lcSpeedGainRight": 4.0049, "bus_lcSublane": 0.4665, "bus_sigma": 0.9942, "bus_tau_mean": 3.973, "bus_tau_std": 8.9851, "bus_v_mean": 21.6161, "bus_v_std": 18.0734, "car_acc": 2.6212, "car_dcc": 2.161, "car_lcAssertive": 98.0141, "car_lcCooperative": 0.9711, "car_lcLookaheadLeft": 8.5497, "car_lcPushy": 0.3005, "car_lcSigma": 0.6184, "car_lcSpeedGainRight": 4.2356, "car_lcSublane": 0.6358, "car_sigma": 0.6021, "car_tau_mean": 1.3386, "car_tau_std": 7.4782, "car_v_mean": 22.2777, "car_v_std": 10.8344}, "datetime": {"datetime": "2024-09-05 12:28:05", "elapsed": 5941.214354, "delta": 7.609743}}
{"target": -0.2067135905292642, "params": {"bus_acc": 3.3701, "bus_dcc": 2.2413, "bus_lcAssertive": 50.063, "bus_lcCooperative": 0.1313, "bus_lcLookaheadLeft": 39.0399, "bus_lcPushy": 0.571, "bus_lcSigma": 0.8906, "bus_lcSpeedGainRight": 0.7696, "bus_lcSublane": 0.5608, "bus_sigma": 0.8236, "bus_tau_mean": 1.177, "bus_tau_std": 7.5686, "bus_v_mean": 23.6871, "bus_v_std": 2.434, "car_acc": 3.6201, "car_dcc": 2.5456, "car_lcAssertive": 59.1767, "car_lcCooperative": 0.5503, "car_lcLookaheadLeft": 64.2246, "car_lcPushy": 0.8228, "car_lcSigma": 0.4192, "car_lcSpeedGainRight": 2.0749, "car_lcSublane": 0.4745, "car_sigma": 0.5879, "car_tau_mean": 3.7506, "car_tau_std": 9.0427, "car_v_mean": 22.4558, "car_v_std": 8.0038}, "datetime": {"datetime": "2024-09-05 12:28:14", "elapsed": 5950.104328, "delta": 8.889974}}
{"target": -0.22048832030619406, "params": {"bus_acc": 2.4276, "bus_dcc": 0.7125, "bus_lcAssertive": 45.4645, "bus_lcCooperative": 0.7882, "bus_lcLookaheadLeft": 98.2638, "bus_lcPushy": 0.5776, "bus_lcSigma": 0.3982, "bus_lcSpeedGainRight": 0.3151, "bus_lcSublane": 0.7939, "bus_sigma": 0.6412, "bus_tau_mean": 0.8979, "bus_tau_std": 0.1384, "bus_v_mean": 15.5857, "bus_v_std": 0.3173, "car_acc": 1.323, "car_dcc": 0.8562, "car_lcAssertive": 86.0526, "car_lcCooperative": 0.6951, "car_lcLookaheadLeft": 27.9007, "car_lcPushy": 0.7901, "car_lcSigma": 0.6561, "car_lcSpeedGainRight": 3.4449, "car_lcSublane": 0.7711, "car_sigma": 0.0184, "car_tau_mean": 2.0556, "car_tau_std": 9.743, "car_v_mean": 12.5603, "car_v_std": 8.3788}, "datetime": {"datetime": "2024-09-05 12:28:20", "elapsed": 5955.807963, "delta": 5.703635}}
{"target": -0.2015684668040055, "params": {"bus_acc": 2.9292, "bus_dcc": 2.4891, "bus_lcAssertive": 59.3835, "bus_lcCooperative": 0.3572, "bus_lcLookaheadLeft": 42.628, "bus_lcPushy": 0.7101, "bus_lcSigma": 0.4621, "bus_lcSpeedGainRight": 4.8859, "bus_lcSublane": 0.1127, "bus_sigma": 0.897, "bus_tau_mean": 1.7927, "bus_tau_std": 6.2928, "bus_v_mean": 9.3209, "bus_v_std": 7.1707, "car_acc": 3.8276, "car_dcc": 0.6017, "car_lcAssertive": 91.3096, "car_lcCooperative": 0.0022, "car_lcLookaheadLeft": 50.6904, "car_lcPushy": 0.6799, "car_lcSigma": 0.9997, "car_lcSpeedGainRight": 2.2688, "car_lcSublane": 0.4639, "car_sigma": 0.6306, "car_tau_mean": 3.3443, "car_tau_std": 0.0373, "car_v_mean": 19.8262, "car_v_std": 19.9106}, "datetime": {"datetime": "2024-09-05 12:28:24", "elapsed": 5959.772561, "delta": 3.964598}}
{"target": -0.7996151483062498, "params": {"bus_acc": 0.7016, "bus_dcc": 3.6922, "bus_lcAssertive": 56.7116, "bus_lcCooperative": 0.4654, "bus_lcLookaheadLeft": 14.7975, "bus_lcPushy": 0.5982, "bus_lcSigma": 0.0344, "bus_lcSpeedGainRight": 1.6603, "bus_lcSublane": 0.601, "bus_sigma": 0.1427, "bus_tau_mean": 2.5177, "bus_tau_std": 3.6646, "bus_v_mean": 17.953, "bus_v_std": 12.4581, "car_acc": 1.4572, "car_dcc": 2.799, "car_lcAssertive": 33.0908, "car_lcCooperative": 0.9359, "car_lcLookaheadLeft": 77.1414, "car_lcPushy": 0.1453, "car_lcSigma": 0.2057, "car_lcSpeedGainRight": 0.3249, "car_lcSublane": 0.9137, "car_sigma": 0.1284, "car_tau_mean": 1.5535, "car_tau_std": 4.9349, "car_v_mean": 10.0148, "car_v_std": 3.0568}, "datetime": {"datetime": "2024-09-05 12:28:41", "elapsed": 5976.806229, "delta": 17.033668}}
{"target": -0.18272000552507547, "params": {"bus_acc": 3.4131, "bus_dcc": 1.9614, "bus_lcAssertive": 73.8808, "bus_lcCooperative": 0.8384, "bus_lcLookaheadLeft": 73.9345, "bus_lcPushy": 0.3311, "bus_lcSigma": 0.8189, "bus_lcSpeedGainRight": 3.8383, "bus_lcSublane": 0.3975, "bus_sigma": 0.2945, "bus_tau_mean": 0.5526, "bus_tau_std": 4.2577, "bus_v_mean": 20.3699, "bus_v_std": 10.3717, "car_acc": 3.5807, "car_dcc": 2.6014, "car_lcAssertive": 79.2761, "car_lcCooperative": 0.1127, "car_lcLookaheadLeft": 48.498, "car_lcPushy": 0.7541, "car_lcSigma": 0.3522, "car_lcSpeedGainRight": 2.5109, "car_lcSublane": 0.6501, "car_sigma": 0.3306, "car_tau_mean": 0.9619, "car_tau_std": 5.8911, "car_v_mean": 14.9243, "car_v_std": 17.6211}, "datetime": {"datetime": "2024-09-05 12:28:53", "elapsed": 5989.157029, "delta": 12.3508}}
{"target": -0.19221426249631243, "params": {"bus_acc": 0.6327, "bus_dcc": 3.6919, "bus_lcAssertive": 29.5073, "bus_lcCooperative": 0.8701, "bus_lcLookaheadLeft": 87.9567, "bus_lcPushy": 0.816, "bus_lcSigma": 0.3328, "bus_lcSpeedGainRight": 3.9392, "bus_lcSublane": 0.231, "bus_sigma": 0.9056, "bus_tau_mean": 2.9952, "bus_tau_std": 4.6937, "bus_v_mean": 12.8815, "bus_v_std": 10.7284, "car_acc": 2.8295, "car_dcc": 1.8294, "car_lcAssertive": 88.2472, "car_lcCooperative": 0.191, "car_lcLookaheadLeft": 13.3852, "car_lcPushy": 0.4349, "car_lcSigma": 0.1348, "car_lcSpeedGainRight": 0.569, "car_lcSublane": 0.6616, "car_sigma": 0.4203, "car_tau_mean": 3.1277, "car_tau_std": 2.8687, "car_v_mean": 14.3903, "car_v_std": 0.1269}, "datetime": {"datetime": "2024-09-05 12:29:01", "elapsed": 5996.987433, "delta": 7.830404}}
{"target": -0.16944146783992156, "params": {"bus_acc": 3.6958, "bus_dcc": 0.4985, "bus_lcAssertive": 1.1897, "bus_lcCooperative": 0.0063, "bus_lcLookaheadLeft": 25.1444, "bus_lcPushy": 0.3797, "bus_lcSigma": 0.327, "bus_lcSpeedGainRight": 4.9536, "bus_lcSublane": 0.2396, "bus_sigma": 0.2625, "bus_tau_mean": 3.221, "bus_tau_std": 0.9992, "bus_v_mean": 19.8973, "bus_v_std": 8.9295, "car_acc": 0.9451, "car_dcc": 3.2919, "car_lcAssertive": 12.1167, "car_lcCooperative": 0.4064, "car_lcLookaheadLeft": 98.9183, "car_lcPushy": 0.8503, "car_lcSigma": 0.6974, "car_lcSpeedGainRight": 1.9614, "car_lcSublane": 0.8867, "car_sigma": 0.2703, "car_tau_mean": 3.4752, "car_tau_std": 2.3295, "car_v_mean": 20.0033, "car_v_std": 16.0866}, "datetime": {"datetime": "2024-09-05 12:29:15", "elapsed": 6010.963193, "delta": 13.97576}}
{"target": -0.4036254664239689, "params": {"bus_acc": 2.6249, "bus_dcc": 2.1133, "bus_lcAssertive": 42.2308, "bus_lcCooperative": 0.6759, "bus_lcLookaheadLeft": 12.5673, "bus_lcPushy": 0.8383, "bus_lcSigma": 0.3666, "bus_lcSpeedGainRight": 3.7036, "bus_lcSublane": 0.8584, "bus_sigma": 0.2434, "bus_tau_mean": 1.1348, "bus_tau_std": 8.5512, "bus_v_mean": 24.654, "bus_v_std": 10.5331, "car_acc": 3.5546, "car_dcc": 1.1345, "car_lcAssertive": 73.9909, "car_lcCooperative": 0.3139, "car_lcLookaheadLeft": 98.2744, "car_lcPushy": 0.4737, "car_lcSigma": 0.4163, "car_lcSpeedGainRight": 4.8604, "car_lcSublane": 0.677, "car_sigma": 0.2316, "car_tau_mean": 1.0479, "car_tau_std": 4.6638, "car_v_mean": 12.1864, "car_v_std": 14.4788}, "datetime": {"datetime": "2024-09-05 12:29:27", "elapsed": 6023.037512, "delta": 12.074319}}
{"target": -0.1941991321218881, "params": {"bus_acc": 1.077, "bus_dcc": 3.8761, "bus_lcAssertive": 93.9313, "bus_lcCooperative": 0.9481, "bus_lcLookaheadLeft": 77.3468, "bus_lcPushy": 0.1314, "bus_lcSigma": 0.1871, "bus_lcSpeedGainRight": 3.3475, "bus_lcSublane": 0.9704, "bus_sigma": 0.0821, "bus_tau_mean": 1.348, "bus_tau_std": 9.6289, "bus_v_mean": 16.6203, "bus_v_std": 15.314, "car_acc": 1.7529, "car_dcc": 1.9833, "car_lcAssertive": 27.302, "car_lcCooperative": 0.0865, "car_lcLookaheadLeft": 82.7447, "car_lcPushy": 0.3885, "car_lcSigma": 0.2293, "car_lcSpeedGainRight": 2.7185, "car_lcSublane": 0.8797, "car_sigma": 0.0972, "car_tau_mean": 2.0686, "car_tau_std": 6.5391, "car_v_mean": 25.1607, "car_v_std": 15.0905}, "datetime": {"datetime": "2024-09-05 12:29:32", "elapsed": 6027.751504, "delta": 4.713992}}
{"target": -0.17524781307270787, "params": {"bus_acc": 1.7642, "bus_dcc": 3.2205, "bus_lcAssertive": 21.6341, "bus_lcCooperative": 0.0745, "bus_lcLookaheadLeft": 11.8538, "bus_lcPushy": 0.32, "bus_lcSigma": 0.4992, "bus_lcSpeedGainRight": 3.1806, "bus_lcSublane": 0.8422, "bus_sigma": 0.1367, "bus_tau_mean": 2.8735, "bus_tau_std": 1.1351, "bus_v_mean": 22.8258, "bus_v_std": 16.6619, "car_acc": 1.8288, "car_dcc": 2.4838, "car_lcAssertive": 18.4549, "car_lcCooperative": 0.8141, "car_lcLookaheadLeft": 51.0752, "car_lcPushy": 0.0772, "car_lcSigma": 0.5647, "car_lcSpeedGainRight": 4.9801, "car_lcSublane": 0.9548, "car_sigma": 0.598, "car_tau_mean": 0.5234, "car_tau_std": 5.0315, "car_v_mean": 23.2762, "car_v_std": 8.1341}, "datetime": {"datetime": "2024-09-05 12:29:41", "elapsed": 6036.838678, "delta": 9.087174}}
{"target": -0.1599319264828869, "params": {"bus_acc": 2.8423, "bus_dcc": 2.8234, "bus_lcAssertive": 83.1607, "bus_lcCooperative": 0.1216, "bus_lcLookaheadLeft": 97.0828, "bus_lcPushy": 0.9388, "bus_lcSigma": 0.6871, "bus_lcSpeedGainRight": 3.871, "bus_lcSublane": 0.7942, "bus_sigma": 0.3102, "bus_tau_mean": 3.5011, "bus_tau_std": 9.1013, "bus_v_mean": 14.1564, "bus_v_std": 18.3192, "car_acc": 2.1713, "car_dcc": 2.6779, "car_lcAssertive": 6.8215, "car_lcCooperative": 0.2654, "car_lcLookaheadLeft": 47.6135, "car_lcPushy": 0.3208, "car_lcSigma": 0.3763, "car_lcSpeedGainRight": 0.506, "car_lcSublane": 0.6766, "car_sigma": 0.1142, "car_tau_mean": 3.9654, "car_tau_std": 5.4273, "car_v_mean": 25.1341, "car_v_std": 10.7181}, "datetime": {"datetime": "2024-09-05 12:29:44", "elapsed": 6039.956036, "delta": 3.117358}}
{"target": -0.2209143350169008, "params": {"bus_acc": 1.9079, "bus_dcc": 2.6762, "bus_lcAssertive": 23.9996, "bus_lcCooperative": 0.1384, "bus_lcLookaheadLeft": 19.3619, "bus_lcPushy": 0.8959, "bus_lcSigma": 0.8633, "bus_lcSpeedGainRight": 4.9454, "bus_lcSublane": 0.2558, "bus_sigma": 0.7417, "bus_tau_mean": 2.2691, "bus_tau_std": 1.2965, "bus_v_mean": 17.3064, "bus_v_std": 13.1855, "car_acc": 3.1936, "car_dcc": 0.382, "car_lcAssertive": 88.7697, "car_lcCooperative": 0.3379, "car_lcLookaheadLeft": 6.3377, "car_lcPushy": 0.7679, "car_lcSigma": 0.4475, "car_lcSpeedGainRight": 3.6541, "car_lcSublane": 0.3132, "car_sigma": 0.4714, "car_tau_mean": 1.2949, "car_tau_std": 8.1444, "car_v_mean": 10.0438, "car_v_std": 17.3312}, "datetime": {"datetime": "2024-09-05 12:29:52", "elapsed": 6047.72188, "delta": 7.765844}}
{"target": -0.1810568459659998, "params": {"bus_acc": 1.7093, "bus_dcc": 2.0272, "bus_lcAssertive": 62.3375, "bus_lcCooperative": 0.5712, "bus_lcLookaheadLeft": 82.3083, "bus_lcPushy": 0.1023, "bus_lcSigma": 0.7313, "bus_lcSpeedGainRight": 2.3569, "bus_lcSublane": 0.521, "bus_sigma": 0.6092, "bus_tau_mean": 2.5965, "bus_tau_std": 1.5527, "bus_v_mean": 20.7357, "bus_v_std": 17.3548, "car_acc": 3.7247, "car_dcc": 3.1286, "car_lcAssertive": 68.1779, "car_lcCooperative": 0.0413, "car_lcLookaheadLeft": 44.4788, "car_lcPushy": 0.9509, "car_lcSigma": 0.5872, "car_lcSpeedGainRight": 4.6673, "car_lcSublane": 0.5239, "car_sigma": 0.3684, "car_tau_mean": 0.8632, "car_tau_std": 7.0362, "car_v_mean": 10.3304, "car_v_std": 7.6015}, "datetime": {"datetime": "2024-09-05 12:30:00", "elapsed": 6056.303721, "delta": 8.581841}}
{"target": -0.21968583230013317, "params": {"bus_acc": 2.5601, "bus_dcc": 2.2545, "bus_lcAssertive": 67.052, "bus_lcCooperative": 0.8925, "bus_lcLookaheadLeft": 25.6949, "bus_lcPushy": 0.7723, "bus_lcSigma": 0.0906, "bus_lcSpeedGainRight": 2.7887, "bus_lcSublane": 0.1018, "bus_sigma": 0.3881, "bus_tau_mean": 3.1729, "bus_tau_std": 2.1357, "bus_v_mean": 14.9175, "bus_v_std": 11.3058, "car_acc": 0.6491, "car_dcc": 0.98, "car_lcAssertive": 44.0244, "car_lcCooperative": 0.5767, "car_lcLookaheadLeft": 82.6944, "car_lcPushy": 0.1911, "car_lcSigma": 0.4018, "car_lcSpeedGainRight": 4.7917, "car_lcSublane": 0.7041, "car_sigma": 0.87, "car_tau_mean": 3.0464, "car_tau_std": 3.5486, "car_v_mean": 11.3378, "car_v_std": 15.6667}, "datetime": {"datetime": "2024-09-05 12:30:10", "elapsed": 6066.464335, "delta": 10.160614}}
{"target": -0.19543018558774414, "params": {"bus_acc": 2.2445, "bus_dcc": 3.8805, "bus_lcAssertive": 19.5859, "bus_lcCooperative": 0.6977, "bus_lcLookaheadLeft": 55.1812, "bus_lcPushy": 0.1467, "bus_lcSigma": 0.2402, "bus_lcSpeedGainRight": 3.9704, "bus_lcSublane": 0.5514, "bus_sigma": 0.1024, "bus_tau_mean": 3.7022, "bus_tau_std": 4.6384, "bus_v_mean": 14.6742, "bus_v_std": 6.5412, "car_acc": 2.8949, "car_dcc": 1.1089, "car_lcAssertive": 97.1739, "car_lcCooperative": 0.4059, "car_lcLookaheadLeft": 55.4475, "car_lcPushy": 0.1524, "car_lcSigma": 0.0082, "car_lcSpeedGainRight": 1.2651, "car_lcSublane": 0.9815, "car_sigma": 0.5438, "car_tau_mean": 2.5287, "car_tau_std": 4.0061, "car_v_mean": 8.5438, "car_v_std": 10.2212}, "datetime": {"datetime": "2024-09-05 12:30:41", "elapsed": 6096.914735, "delta": 30.4504}}
{"target": -0.17678051199800282, "params": {"bus_acc": 0.8053, "bus_dcc": 1.0312, "bus_lcAssertive": 6.3386, "bus_lcCooperative": 0.2673, "bus_lcLookaheadLeft": 33.855, "bus_lcPushy": 0.9535, "bus_lcSigma": 0.137, "bus_lcSpeedGainRight": 0.979, "bus_lcSublane": 0.8772, "bus_sigma": 0.6892, "bus_tau_mean": 0.9988, "bus_tau_std": 6.1119, "bus_v_mean": 15.5264, "bus_v_std": 19.7598, "car_acc": 3.508, "car_dcc": 3.8272, "car_lcAssertive": 60.4557, "car_lcCooperative": 0.1745, "car_lcLookaheadLeft": 79.8047, "car_lcPushy": 0.0456, "car_lcSigma": 0.6884, "car_lcSpeedGainRight": 3.7985, "car_lcSublane": 0.9909, "car_sigma": 0.7456, "car_tau_mean": 3.0204, "car_tau_std": 9.6, "car_v_mean": 10.1646, "car_v_std": 14.6863}, "datetime": {"datetime": "2024-09-05 12:30:46", "elapsed": 6101.609841, "delta": 4.695106}}
{"target": -0.21874148839531724, "params": {"bus_acc": 1.3703, "bus_dcc": 2.3365, "bus_lcAssertive": 36.2177, "bus_lcCooperative": 0.909, "bus_lcLookaheadLeft": 61.2352, "bus_lcPushy": 0.7726, "bus_lcSigma": 0.8219, "bus_lcSpeedGainRight": 2.6897, "bus_lcSublane": 0.0104, "bus_sigma": 0.5682, "bus_tau_mean": 2.6118, "bus_tau_std": 5.2619, "bus_v_mean": 11.4302, "bus_v_std": 9.1383, "car_acc": 0.5049, "car_dcc": 0.942, "car_lcAssertive": 69.9413, "car_lcCooperative": 0.1794, "car_lcLookaheadLeft": 72.4011, "car_lcPushy": 0.0996, "car_lcSigma": 0.1445, "car_lcSpeedGainRight": 3.8903, "car_lcSublane": 0.9967, "car_sigma": 0.4588, "car_tau_mean": 2.7583, "car_tau_std": 9.8529, "car_v_mean": 11.1314, "car_v_std": 11.0157}, "datetime": {"datetime": "2024-09-05 12:30:53", "elapsed": 6108.542115, "delta": 6.932274}}
{"target": -0.22335458805536992, "params": {"bus_acc": 2.6859, "bus_dcc": 2.3467, "bus_lcAssertive": 70.9593, "bus_lcCooperative": 0.8627, "bus_lcLookaheadLeft": 60.1604, "bus_lcPushy": 0.3162, "bus_lcSigma": 0.7883, "bus_lcSpeedGainRight": 4.9557, "bus_lcSublane": 0.0644, "bus_sigma": 0.9793, "bus_tau_mean": 1.0606, "bus_tau_std": 2.8474, "bus_v_mean": 15.829, "bus_v_std": 7.2265, "car_acc": 2.443, "car_dcc": 0.6493, "car_lcAssertive": 62.5778, "car_lcCooperative": 0.4163, "car_lcLookaheadLeft": 15.0324, "car_lcPushy": 0.4112, "car_lcSigma": 0.9862, "car_lcSpeedGainRight": 2.5185, "car_lcSublane": 0.293, "car_sigma": 0.3217, "car_tau_mean": 1.4183, "car_tau_std": 8.1532, "car_v_mean": 17.634, "car_v_std": 18.5029}, "datetime": {"datetime": "2024-09-05 12:30:59", "elapsed": 6114.532549, "delta": 5.990434}}
{"target": -0.24347021490741716, "params": {"bus_acc": 1.9739, "bus_dcc": 2.2322, "bus_lcAssertive": 37.3261, "bus_lcCooperative": 0.013, "bus_lcLookaheadLeft": 78.3305, "bus_lcPushy": 0.1202, "bus_lcSigma": 0.5505, "bus_lcSpeedGainRight": 0.5231, "bus_lcSublane": 0.0847, "bus_sigma": 0.096, "bus_tau_mean": 3.1521, "bus_tau_std": 2.0837, "bus_v_mean": 17.8665, "bus_v_std": 6.1014, "car_acc": 0.894, "car_dcc": 3.6619, "car_lcAssertive": 56.0312, "car_lcCooperative": 0.0072, "car_lcLookaheadLeft": 4.5173, "car_lcPushy": 0.4029, "car_lcSigma": 0.2438, "car_lcSpeedGainRight": 1.5093, "car_lcSublane": 0.0734, "car_sigma": 0.7197, "car_tau_mean": 3.7778, "car_tau_std": 3.0171, "car_v_mean": 18.2607, "car_v_std": 12.9537}, "datetime": {"datetime": "2024-09-05 12:31:07", "elapsed": 6122.969857, "delta": 8.437308}}
{"target": -0.1706194969508267, "params": {"bus_acc": 3.1113, "bus_dcc": 2.7615, "bus_lcAssertive": 73.5874, "bus_lcCooperative": 0.6592, "bus_lcLookaheadLeft": 64.9677, "bus_lcPushy": 0.7119, "bus_lcSigma": 0.8616, "bus_lcSpeedGainRight": 4.172, "bus_lcSublane": 0.5735, "bus_sigma": 0.9991, "bus_tau_mean": 0.5023, "bus_tau_std": 6.8631, "bus_v_mean": 21.5914, "bus_v_std": 19.1236, "car_acc": 1.5661, "car_dcc": 2.3677, "car_lcAssertive": 24.3344, "car_lcCooperative": 0.4383, "car_lcLookaheadLeft": 11.4384, "car_lcPushy": 0.455, "car_lcSigma": 0.4551, "car_lcSpeedGainRight": 4.4537, "car_lcSublane": 0.7247, "car_sigma": 0.8909, "car_tau_mean": 2.463, "car_tau_std": 6.2953, "car_v_mean": 25.024, "car_v_std": 7.3622}, "datetime": {"datetime": "2024-09-05 12:31:18", "elapsed": 6134.354482, "delta": 11.384625}}
{"target": -0.2493822927877122, "params": {"bus_acc": 0.4054, "bus_dcc": 2.1549, "bus_lcAssertive": 32.2295, "bus_lcCooperative": 0.011, "bus_lcLookaheadLeft": 8.5767, "bus_lcPushy": 0.356, "bus_lcSigma": 0.7448, "bus_lcSpeedGainRight": 0.0397, "bus_lcSublane": 0.5708, "bus_sigma": 0.4601, "bus_tau_mean": 1.5487, "bus_tau_std": 4.3222, "bus_v_mean": 24.4117, "bus_v_std": 2.5983, "car_acc": 3.2605, "car_dcc": 1.3034, "car_lcAssertive": 83.4002, "car_lcCooperative": 0.8789, "car_lcLookaheadLeft": 83.3946, "car_lcPushy": 0.6902, "car_lcSigma": 0.7096, "car_lcSpeedGainRight": 3.2036, "car_lcSublane": 0.1599, "car_sigma": 0.8176, "car_tau_mean": 1.9708, "car_tau_std": 2.8767, "car_v_mean": 9.632, "car_v_std": 1.4019}, "datetime": {"datetime": "2024-09-05 12:31:31", "elapsed": 6147.312801, "delta": 12.958319}}
{"target": -0.2032118831002916, "params": {"bus_acc": 0.5289, "bus_dcc": 2.9739, "bus_lcAssertive": 29.3675, "bus_lcCooperative": 0.7979, "bus_lcLookaheadLeft": 62.27, "bus_lcPushy": 0.2382, "bus_lcSigma": 0.5319, "bus_lcSpeedGainRight": 4.4678, "bus_lcSublane": 0.748, "bus_sigma": 0.9748, "bus_tau_mean": 2.0723, "bus_tau_std": 8.1838, "bus_v_mean": 16.0167, "bus_v_std": 8.1205, "car_acc": 1.9276, "car_dcc": 2.0894, "car_lcAssertive": 70.3286, "car_lcCooperative": 0.2138, "car_lcLookaheadLeft": 45.3647, "car_lcPushy": 0.6091, "car_lcSigma": 0.2535, "car_lcSpeedGainRight": 1.5959, "car_lcSublane": 0.1586, "car_sigma": 0.0205, "car_tau_mean": 3.0942, "car_tau_std": 3.1936, "car_v_mean": 25.2499, "car_v_std": 7.1667}, "datetime": {"datetime": "2024-09-05 12:31:46", "elapsed": 6162.307643, "delta": 14.994842}}
