{"target": -0.18143388004879632, "params": {"bus_acc": 3.8094, "bus_dcc": 2.031, "bus_lcAssertive": 18.6896, "bus_lcCooperative": 0.2551, "bus_lcLookaheadLeft": 97.2911, "bus_lcPushy": 0.1119, "bus_lcSigma": 0.2251, "bus_lcSpeedGainRight": 0.8611, "bus_lcSublane": 0.8142, "bus_sigma": 0.7134, "bus_tau_mean": 1.2565, "bus_tau_std": 2.1909, "bus_v_mean": 25.7618, "bus_v_std": 3.4272, "car_acc": 1.4202, "car_dcc": 3.3667, "car_lcAssertive": 89.4877, "car_lcCooperative": 0.4536, "car_lcLookaheadLeft": 30.5564, "car_lcPushy": 0.2816, "car_lcSigma": 0.0448, "car_lcSpeedGainRight": 2.2465, "car_lcSublane": 0.3898, "car_sigma": 0.4374, "car_tau_mean": 3.1672, "car_tau_std": 0.4428, "car_v_mean": 12.1963, "car_v_std": 3.3902}, "datetime": {"datetime": "2024-09-05 12:36:23", "elapsed": 6439.288743, "delta": 9.102156}}
{"target": -0.19978229137897277, "params": {"bus_acc": 2.4409, "bus_dcc": 0.8835, "bus_lcAssertive": 66.1852, "bus_lcCooperative": 0.606, "bus_lcLookaheadLeft": 58.1391, "bus_lcPushy": 0.8488, "bus_lcSigma": 0.4517, "bus_lcSpeedGainRight": 4.2258, "bus_lcSublane": 0.6134, "bus_sigma": 0.0757, "bus_tau_mean": 1.5277, "bus_tau_std": 0.1123, "bus_v_mean": 19.7015, "bus_v_std": 9.5475, "car_acc": 2.0171, "car_dcc": 1.9193, "car_lcAssertive": 79.8833, "car_lcCooperative": 0.0855, "car_lcLookaheadLeft": 11.3914, "car_lcPushy": 0.1443, "car_lcSigma": 0.1265, "car_lcSpeedGainRight": 2.6926, "car_lcSublane": 0.2659, "car_sigma": 0.1186, "car_tau_mean": 3.9549, "car_tau_std": 3.6246, "car_v_mean": 21.1067, "car_v_std": 12.2475}, "datetime": {"datetime": "2024-09-05 12:36:31", "elapsed": 6446.951704, "delta": 7.662961}}
{"target": -0.2119135622221792, "params": {"bus_acc": 0.6531, "bus_dcc": 3.7491, "bus_lcAssertive": 63.8285, "bus_lcCooperative": 0.3778, "bus_lcLookaheadLeft": 79.2524, "bus_lcPushy": 0.6765, "bus_lcSigma": 0.9994, "bus_lcSpeedGainRight": 0.6273, "bus_lcSublane": 0.2399, "bus_sigma": 0.3547, "bus_tau_mean": 3.7426, "bus_tau_std": 5.5936, "bus_v_mean": 12.6827, "bus_v_std": 16.3899, "car_acc": 3.3404, "car_dcc": 0.2601, "car_lcAssertive": 87.6639, "car_lcCooperative": 0.3769, "car_lcLookaheadLeft": 96.6471, "car_lcPushy": 0.8892, "car_lcSigma": 0.9115, "car_lcSpeedGainRight": 3.706, "car_lcSublane": 0.0408, "car_sigma": 0.8994, "car_tau_mean": 0.5172, "car_tau_std": 5.9404, "car_v_mean": 13.9026, "car_v_std": 13.7144}, "datetime": {"datetime": "2024-09-05 12:36:39", "elapsed": 6455.085334, "delta": 8.13363}}
{"target": -0.1996279793106626, "params": {"bus_acc": 2.5191, "bus_dcc": 1.6737, "bus_lcAssertive": 62.2063, "bus_lcCooperative": 0.3399, "bus_lcLookaheadLeft": 80.1355, "bus_lcPushy": 0.7295, "bus_lcSigma": 0.9608, "bus_lcSpeedGainRight": 3.7923, "bus_lcSublane": 0.8903, "bus_sigma": 0.2633, "bus_tau_mean": 2.5434, "bus_tau_std": 0.0607, "bus_v_mean": 15.6601, "bus_v_std": 2.489, "car_acc": 1.5487, "car_dcc": 3.045, "car_lcAssertive": 53.1864, "car_lcCooperative": 0.6865, "car_lcLookaheadLeft": 88.5781, "car_lcPushy": 0.3229, "car_lcSigma": 0.4032, "car_lcSpeedGainRight": 4.0033, "car_lcSublane": 0.4641, "car_sigma": 0.2342, "car_tau_mean": 0.5068, "car_tau_std": 2.4708, "car_v_mean": 17.3756, "car_v_std": 11.9149}, "datetime": {"datetime": "2024-09-05 12:36:45", "elapsed": 6460.526216, "delta": 5.440882}}
{"target": -0.275674584787522, "params": {"bus_acc": 3.7405, "bus_dcc": 3.6166, "bus_lcAssertive": 85.012, "bus_lcCooperative": 0.1007, "bus_lcLookaheadLeft": 13.9261, "bus_lcPushy": 0.1248, "bus_lcSigma": 0.9481, "bus_lcSpeedGainRight": 3.718, "bus_lcSublane": 0.0634, "bus_sigma": 0.4474, "bus_tau_mean": 1.2103, "bus_tau_std": 0.2515, "bus_v_mean": 11.3153, "bus_v_std": 0.7709, "car_acc": 0.4256, "car_dcc": 2.3161, "car_lcAssertive": 54.5921, "car_lcCooperative": 0.4922, "car_lcLookaheadLeft": 91.59, "car_lcPushy": 0.5829, "car_lcSigma": 0.5184, "car_lcSpeedGainRight": 3.6705, "car_lcSublane": 0.2002, "car_sigma": 0.7988, "car_tau_mean": 3.5271, "car_tau_std": 7.1652, "car_v_mean": 12.049, "car_v_std": 16.294}, "datetime": {"datetime": "2024-09-05 12:37:01", "elapsed": 6477.023472, "delta": 16.497256}}
{"target": -0.17539305225789767, "params": {"bus_acc": 2.7623, "bus_dcc": 2.6857, "bus_lcAssertive": 25.0355, "bus_lcCooperative": 0.42, "bus_lcLookaheadLeft": 99.5967, "bus_lcPushy": 0.7626, "bus_lcSigma": 0.7765, "bus_lcSpeedGainRight": 1.3008, "bus_lcSublane": 0.1872, "bus_sigma": 0.8911, "bus_tau_mean": 1.5749, "bus_tau_std": 1.587, "bus_v_mean": 9.0242, "bus_v_std": 13.2819, "car_acc": 0.9668, "car_dcc": 3.927, "car_lcAssertive": 51.3027, "car_lcCooperative": 0.5847, "car_lcLookaheadLeft": 3.0345, "car_lcPushy": 0.1057, "car_lcSigma": 0.9729, "car_lcSpeedGainRight": 1.9244, "car_lcSublane": 0.0771, "car_sigma": 0.466, "car_tau_mean": 3.8723, "car_tau_std": 1.7383, "car_v_mean": 18.6178, "car_v_std": 10.557}, "datetime": {"datetime": "2024-09-05 12:37:16", "elapsed": 6491.707024, "delta": 14.683552}}
{"target": -0.18302454895925432, "params": {"bus_acc": 3.4929, "bus_dcc": 1.1115, "bus_lcAssertive": 13.9469, "bus_lcCooperative": 0.936, "bus_lcLookaheadLeft": 58.3258, "bus_lcPushy": 0.3321, "bus_lcSigma": 0.8547, "bus_lcSpeedGainRight": 3.671, "bus_lcSublane": 0.6156, "bus_sigma": 0.6477, "bus_tau_mean": 3.0543, "bus_tau_std": 6.5635, "bus_v_mean": 15.6356, "bus_v_std": 10.5102, "car_acc": 3.4327, "car_dcc": 3.6461, "car_lcAssertive": 39.1183, "car_lcCooperative": 0.6147, "car_lcLookaheadLeft": 67.2125, "car_lcPushy": 0.594, "car_lcSigma": 0.4846, "car_lcSpeedGainRight": 2.5844, "car_lcSublane": 0.3901, "car_sigma": 0.1672, "car_tau_mean": 1.8327, "car_tau_std": 8.6796, "car_v_mean": 22.7962, "car_v_std": 19.1654}, "datetime": {"datetime": "2024-09-05 12:37:26", "elapsed": 6502.390307, "delta": 10.683283}}
{"target": -0.2961748337566095, "params": {"bus_acc": 2.5532, "bus_dcc": 1.3589, "bus_lcAssertive": 46.4568, "bus_lcCooperative": 0.0409, "bus_lcLookaheadLeft": 28.4386, "bus_lcPushy": 0.7648, "bus_lcSigma": 0.8958, "bus_lcSpeedGainRight": 2.3137, "bus_lcSublane": 0.4696, "bus_sigma": 0.235, "bus_tau_mean": 2.8401, "bus_tau_std": 1.8149, "bus_v_mean": 13.6571, "bus_v_std": 6.7185, "car_acc": 0.3052, "car_dcc": 1.6573, "car_lcAssertive": 27.3189, "car_lcCooperative": 0.4295, "car_lcLookaheadLeft": 40.6208, "car_lcPushy": 0.1766, "car_lcSigma": 0.4414, "car_lcSpeedGainRight": 2.6764, "car_lcSublane": 0.4836, "car_sigma": 0.8696, "car_tau_mean": 3.9342, "car_tau_std": 6.8098, "car_v_mean": 17.4394, "car_v_std": 4.0557}, "datetime": {"datetime": "2024-09-05 12:37:36", "elapsed": 6511.707001, "delta": 9.316694}}
{"target": -0.196577558424427, "params": {"bus_acc": 2.2852, "bus_dcc": 2.4764, "bus_lcAssertive": 97.4723, "bus_lcCooperative": 0.198, "bus_lcLookaheadLeft": 69.6364, "bus_lcPushy": 0.5826, "bus_lcSigma": 0.3754, "bus_lcSpeedGainRight": 2.8745, "bus_lcSublane": 0.4596, "bus_sigma": 0.1258, "bus_tau_mean": 3.2913, "bus_tau_std": 7.438, "bus_v_mean": 17.8261, "bus_v_std": 14.6733, "car_acc": 1.37, "car_dcc": 2.9558, "car_lcAssertive": 51.1939, "car_lcCooperative": 0.3261, "car_lcLookaheadLeft": 25.0526, "car_lcPushy": 0.1472, "car_lcSigma": 0.0077, "car_lcSpeedGainRight": 3.4008, "car_lcSublane": 0.2873, "car_sigma": 0.5546, "car_tau_mean": 1.9572, "car_tau_std": 1.0135, "car_v_mean": 12.5086, "car_v_std": 12.8445}, "datetime": {"datetime": "2024-09-05 12:37:47", "elapsed": 6522.587065, "delta": 10.880064}}
{"target": -0.23285510082167973, "params": {"bus_acc": 0.6853, "bus_dcc": 2.2987, "bus_lcAssertive": 95.8641, "bus_lcCooperative": 0.7736, "bus_lcLookaheadLeft": 71.4756, "bus_lcPushy": 0.733, "bus_lcSigma": 0.1597, "bus_lcSpeedGainRight": 2.2758, "bus_lcSublane": 0.0556, "bus_sigma": 0.006, "bus_tau_mean": 2.4003, "bus_tau_std": 8.7079, "bus_v_mean": 14.7928, "bus_v_std": 12.0424, "car_acc": 1.7583, "car_dcc": 2.7535, "car_lcAssertive": 58.1694, "car_lcCooperative": 0.7961, "car_lcLookaheadLeft": 18.4313, "car_lcPushy": 0.8377, "car_lcSigma": 0.1403, "car_lcSpeedGainRight": 2.5381, "car_lcSublane": 0.3469, "car_sigma": 0.8184, "car_tau_mean": 2.9228, "car_tau_std": 6.9559, "car_v_mean": 15.2805, "car_v_std": 9.2334}, "datetime": {"datetime": "2024-09-05 12:37:54", "elapsed": 6530.202442, "delta": 7.615377}}
{"target": -0.9639693771222607, "params": {"bus_acc": 0.5914, "bus_dcc": 2.5023, "bus_lcAssertive": 52.6479, "bus_lcCooperative": 0.3973, "bus_lcLookaheadLeft": 99.3227, "bus_lcPushy": 0.0372, "bus_lcSigma": 0.7079, "bus_lcSpeedGainRight": 4.3402, "bus_lcSublane": 0.5929, "bus_sigma": 0.3465, "bus_tau_mean": 2.0845, "bus_tau_std": 7.7143, "bus_v_mean": 17.5853, "bus_v_std": 9.5303, "car_acc": 2.0898, "car_dcc": 1.3103, "car_lcAssertive": 69.6153, "car_lcCooperative": 0.4642, "car_lcLookaheadLeft": 94.6068, "car_lcPushy": 0.9919, "car_lcSigma": 0.0709, "car_lcSpeedGainRight": 3.7881, "car_lcSublane": 0.9383, "car_sigma": 0.0635, "car_tau_mean": 3.7954, "car_tau_std": 8.7496, "car_v_mean": 10.4168, "car_v_std": 9.4698}, "datetime": {"datetime": "2024-09-05 12:38:02", "elapsed": 6538.346955, "delta": 8.144513}}
{"target": -0.17946432930053172, "params": {"bus_acc": 0.8401, "bus_dcc": 0.4448, "bus_lcAssertive": 10.7304, "bus_lcCooperative": 0.8298, "bus_lcLookaheadLeft": 79.774, "bus_lcPushy": 0.3802, "bus_lcSigma": 0.4111, "bus_lcSpeedGainRight": 3.9434, "bus_lcSublane": 0.9284, "bus_sigma": 0.8748, "bus_tau_mean": 2.7637, "bus_tau_std": 1.9095, "bus_v_mean": 9.015, "bus_v_std": 2.4766, "car_acc": 3.2337, "car_dcc": 3.5783, "car_lcAssertive": 51.4271, "car_lcCooperative": 0.6632, "car_lcLookaheadLeft": 47.1663, "car_lcPushy": 0.8989, "car_lcSigma": 0.2045, "car_lcSpeedGainRight": 0.2393, "car_lcSublane": 0.922, "car_sigma": 0.4438, "car_tau_mean": 2.0685, "car_tau_std": 7.6954, "car_v_mean": 20.6137, "car_v_std": 0.9663}, "datetime": {"datetime": "2024-09-05 12:38:09", "elapsed": 6544.654533, "delta": 6.307578}}
{"target": -0.8042620294473101, "params": {"bus_acc": 2.8837, "bus_dcc": 3.3094, "bus_lcAssertive": 31.6787, "bus_lcCooperative": 0.8087, "bus_lcLookaheadLeft": 61.9682, "bus_lcPushy": 0.3795, "bus_lcSigma": 0.5922, "bus_lcSpeedGainRight": 3.7567, "bus_lcSublane": 0.7066, "bus_sigma": 0.7516, "bus_tau_mean": 3.7121, "bus_tau_std": 7.6568, "bus_v_mean": 15.4634, "bus_v_std": 18.2283, "car_acc": 3.8228, "car_dcc": 3.3602, "car_lcAssertive": 72.6256, "car_lcCooperative": 0.4416, "car_lcLookaheadLeft": 52.8034, "car_lcPushy": 0.4371, "car_lcSigma": 0.6182, "car_lcSpeedGainRight": 4.2346, "car_lcSublane": 0.7004, "car_sigma": 0.1092, "car_tau_mean": 0.9771, "car_tau_std": 5.534, "car_v_mean": 9.3523, "car_v_std": 4.7323}, "datetime": {"datetime": "2024-09-05 12:38:14", "elapsed": 6550.321452, "delta": 5.666919}}
{"target": -0.21585235883464918, "params": {"bus_acc": 2.1942, "bus_dcc": 3.1414, "bus_lcAssertive": 57.0973, "bus_lcCooperative": 0.8316, "bus_lcLookaheadLeft": 63.3075, "bus_lcPushy": 0.6607, "bus_lcSigma": 0.9135, "bus_lcSpeedGainRight": 2.8915, "bus_lcSublane": 0.0695, "bus_sigma": 0.3167, "bus_tau_mean": 0.7345, "bus_tau_std": 4.8209, "bus_v_mean": 16.8383, "bus_v_std": 13.024, "car_acc": 1.689, "car_dcc": 0.8648, "car_lcAssertive": 83.0704, "car_lcCooperative": 0.4835, "car_lcLookaheadLeft": 7.5211, "car_lcPushy": 0.2223, "car_lcSigma": 0.3826, "car_lcSpeedGainRight": 1.6627, "car_lcSublane": 0.0635, "car_sigma": 0.0326, "car_tau_mean": 3.4014, "car_tau_std": 3.5754, "car_v_mean": 14.1278, "car_v_std": 8.6102}, "datetime": {"datetime": "2024-09-05 12:38:20", "elapsed": 6555.6481, "delta": 5.326648}}
{"target": -0.2004294921406056, "params": {"bus_acc": 1.5715, "bus_dcc": 0.566, "bus_lcAssertive": 96.222, "bus_lcCooperative": 0.1982, "bus_lcLookaheadLeft": 43.8557, "bus_lcPushy": 0.1751, "bus_lcSigma": 0.5123, "bus_lcSpeedGainRight": 0.037, "bus_lcSublane": 0.1863, "bus_sigma": 0.0203, "bus_tau_mean": 1.9051, "bus_tau_std": 7.6041, "bus_v_mean": 25.8219, "bus_v_std": 5.7372, "car_acc": 3.5797, "car_dcc": 2.2366, "car_lcAssertive": 45.6509, "car_lcCooperative": 0.8697, "car_lcLookaheadLeft": 83.4337, "car_lcPushy": 0.3396, "car_lcSigma": 0.6396, "car_lcSpeedGainRight": 2.5816, "car_lcSublane": 0.4976, "car_sigma": 0.5373, "car_tau_mean": 2.8632, "car_tau_std": 2.3072, "car_v_mean": 11.3286, "car_v_std": 3.0262}, "datetime": {"datetime": "2024-09-05 12:38:34", "elapsed": 6570.217494, "delta": 14.569394}}
{"target": -0.17198001144543704, "params": {"bus_acc": 0.9933, "bus_dcc": 0.7797, "bus_lcAssertive": 51.1292, "bus_lcCooperative": 0.4907, "bus_lcLookaheadLeft": 72.5585, "bus_lcPushy": 0.7511, "bus_lcSigma": 0.3878, "bus_lcSpeedGainRight": 0.733, "bus_lcSublane": 0.163, "bus_sigma": 0.2971, "bus_tau_mean": 1.0655, "bus_tau_std": 6.062, "bus_v_mean": 22.3716, "bus_v_std": 16.4653, "car_acc": 3.3824, "car_dcc": 2.0136, "car_lcAssertive": 89.0564, "car_lcCooperative": 0.9811, "car_lcLookaheadLeft": 87.6687, "car_lcPushy": 0.2971, "car_lcSigma": 0.6842, "car_lcSpeedGainRight": 4.1299, "car_lcSublane": 0.2774, "car_sigma": 0.6903, "car_tau_mean": 2.8857, "car_tau_std": 8.8064, "car_v_mean": 21.2524, "car_v_std": 12.3295}, "datetime": {"datetime": "2024-09-05 12:38:42", "elapsed": 6577.88367, "delta": 7.666176}}
{"target": -0.28294734992269654, "params": {"bus_acc": 0.2455, "bus_dcc": 3.3573, "bus_lcAssertive": 62.692, "bus_lcCooperative": 0.3061, "bus_lcLookaheadLeft": 78.1601, "bus_lcPushy": 0.2661, "bus_lcSigma": 0.0372, "bus_lcSpeedGainRight": 2.9698, "bus_lcSublane": 0.6605, "bus_sigma": 0.848, "bus_tau_mean": 3.3648, "bus_tau_std": 5.216, "bus_v_mean": 14.7781, "bus_v_std": 4.785, "car_acc": 3.5776, "car_dcc": 3.5212, "car_lcAssertive": 88.2221, "car_lcCooperative": 0.3067, "car_lcLookaheadLeft": 42.6332, "car_lcPushy": 0.1697, "car_lcSigma": 0.921, "car_lcSpeedGainRight": 1.6163, "car_lcSublane": 0.4153, "car_sigma": 0.2154, "car_tau_mean": 1.0522, "car_tau_std": 0.2999, "car_v_mean": 20.1139, "car_v_std": 0.0934}, "datetime": {"datetime": "2024-09-05 12:38:51", "elapsed": 6586.817335, "delta": 8.933665}}
{"target": -0.20116270371228973, "params": {"bus_acc": 3.0566, "bus_dcc": 2.9292, "bus_lcAssertive": 16.077, "bus_lcCooperative": 0.577, "bus_lcLookaheadLeft": 43.8455, "bus_lcPushy": 0.2492, "bus_lcSigma": 0.1408, "bus_lcSpeedGainRight": 3.2246, "bus_lcSublane": 0.7099, "bus_sigma": 0.6708, "bus_tau_mean": 3.9556, "bus_tau_std": 2.4655, "bus_v_mean": 23.1227, "bus_v_std": 1.0961, "car_acc": 2.1683, "car_dcc": 1.1191, "car_lcAssertive": 27.7714, "car_lcCooperative": 0.252, "car_lcLookaheadLeft": 96.2219, "car_lcPushy": 0.6111, "car_lcSigma": 0.4392, "car_lcSpeedGainRight": 3.476, "car_lcSublane": 0.5139, "car_sigma": 0.4992, "car_tau_mean": 1.2925, "car_tau_std": 2.1137, "car_v_mean": 14.0587, "car_v_std": 14.9222}, "datetime": {"datetime": "2024-09-05 12:39:00", "elapsed": 6595.472783, "delta": 8.655448}}
{"target": -0.23096094673647438, "params": {"bus_acc": 1.6513, "bus_dcc": 3.4909, "bus_lcAssertive": 43.269, "bus_lcCooperative": 0.6764, "bus_lcLookaheadLeft": 29.3071, "bus_lcPushy": 0.6705, "bus_lcSigma": 0.1724, "bus_lcSpeedGainRight": 4.3503, "bus_lcSublane": 0.7227, "bus_sigma": 0.7677, "bus_tau_mean": 2.3763, "bus_tau_std": 6.3092, "bus_v_mean": 23.6721, "bus_v_std": 4.5899, "car_acc": 2.0673, "car_dcc": 0.7003, "car_lcAssertive": 51.9799, "car_lcCooperative": 0.1235, "car_lcLookaheadLeft": 6.4003, "car_lcPushy": 0.1277, "car_lcSigma": 0.0271, "car_lcSpeedGainRight": 0.333, "car_lcSublane": 0.214, "car_sigma": 0.9566, "car_tau_mean": 3.615, "car_tau_std": 1.4891, "car_v_mean": 22.5953, "car_v_std": 7.2727}, "datetime": {"datetime": "2024-09-05 12:39:12", "elapsed": 6607.475536, "delta": 12.002753}}
{"target": -0.20362935865379972, "params": {"bus_acc": 3.41, "bus_dcc": 3.8005, "bus_lcAssertive": 71.2797, "bus_lcCooperative": 0.4283, "bus_lcLookaheadLeft": 38.1689, "bus_lcPushy": 0.5687, "bus_lcSigma": 0.483, "bus_lcSpeedGainRight": 0.9815, "bus_lcSublane": 0.9662, "bus_sigma": 0.1359, "bus_tau_mean": 1.6929, "bus_tau_std": 1.4309, "bus_v_mean": 21.6597, "bus_v_std": 12.0005, "car_acc": 1.5214, "car_dcc": 1.2702, "car_lcAssertive": 15.7712, "car_lcCooperative": 0.9024, "car_lcLookaheadLeft": 25.8793, "car_lcPushy": 0.1814, "car_lcSigma": 0.4713, "car_lcSpeedGainRight": 1.5169, "car_lcSublane": 0.2463, "car_sigma": 0.5601, "car_tau_mean": 0.9177, "car_tau_std": 3.9539, "car_v_mean": 18.9796, "car_v_std": 18.3561}, "datetime": {"datetime": "2024-09-05 12:39:20", "elapsed": 6616.298546, "delta": 8.82301}}
{"target": -0.1958220482326263, "params": {"bus_acc": 3.2243, "bus_dcc": 3.6855, "bus_lcAssertive": 97.7573, "bus_lcCooperative": 0.2106, "bus_lcLookaheadLeft": 9.1277, "bus_lcPushy": 0.5755, "bus_lcSigma": 0.3576, "bus_lcSpeedGainRight": 2.6648, "bus_lcSublane": 0.4408, "bus_sigma": 0.3152, "bus_tau_mean": 0.6876, "bus_tau_std": 1.927, "bus_v_mean": 16.0096, "bus_v_std": 13.2751, "car_acc": 3.7592, "car_dcc": 2.0821, "car_lcAssertive": 41.1515, "car_lcCooperative": 0.8468, "car_lcLookaheadLeft": 46.4438, "car_lcPushy": 0.1652, "car_lcSigma": 0.0124, "car_lcSpeedGainRight": 3.6479, "car_lcSublane": 0.8405, "car_sigma": 0.3757, "car_tau_mean": 1.2014, "car_tau_std": 8.0343, "car_v_mean": 14.2999, "car_v_std": 5.0384}, "datetime": {"datetime": "2024-09-05 12:39:35", "elapsed": 6630.785486, "delta": 14.48694}}
{"target": -0.2954002096383115, "params": {"bus_acc": 0.7276, "bus_dcc": 0.6663, "bus_lcAssertive": 14.1558, "bus_lcCooperative": 0.1346, "bus_lcLookaheadLeft": 28.1198, "bus_lcPushy": 0.5741, "bus_lcSigma": 0.1152, "bus_lcSpeedGainRight": 2.055, "bus_lcSublane": 0.2088, "bus_sigma": 0.262, "bus_tau_mean": 1.4259, "bus_tau_std": 4.1358, "bus_v_mean": 21.0013, "bus_v_std": 8.9242, "car_acc": 0.224, "car_dcc": 3.9591, "car_lcAssertive": 28.7177, "car_lcCooperative": 0.5126, "car_lcLookaheadLeft": 16.6161, "car_lcPushy": 0.1829, "car_lcSigma": 0.2794, "car_lcSpeedGainRight": 1.9465, "car_lcSublane": 0.6752, "car_sigma": 0.1422, "car_tau_mean": 3.1062, "car_tau_std": 4.674, "car_v_mean": 23.0612, "car_v_std": 4.0626}, "datetime": {"datetime": "2024-09-05 12:39:47", "elapsed": 6643.173068, "delta": 12.387582}}
{"target": -0.18110330495081908, "params": {"bus_acc": 3.6454, "bus_dcc": 3.7142, "bus_lcAssertive": 9.8768, "bus_lcCooperative": 0.7469, "bus_lcLookaheadLeft": 54.2022, "bus_lcPushy": 0.3341, "bus_lcSigma": 0.936, "bus_lcSpeedGainRight": 3.6817, "bus_lcSublane": 0.3471, "bus_sigma": 0.5374, "bus_tau_mean": 0.8836, "bus_tau_std": 9.5117, "bus_v_mean": 15.1532, "bus_v_std": 5.0795, "car_acc": 1.5656, "car_dcc": 3.1381, "car_lcAssertive": 37.7028, "car_lcCooperative": 0.2329, "car_lcLookaheadLeft": 93.5326, "car_lcPushy": 0.9288, "car_lcSigma": 0.0684, "car_lcSpeedGainRight": 4.9015, "car_lcSublane": 0.3833, "car_sigma": 0.593, "car_tau_mean": 1.7074, "car_tau_std": 9.526, "car_v_mean": 14.4492, "car_v_std": 11.4564}, "datetime": {"datetime": "2024-09-05 12:39:55", "elapsed": 6650.914573, "delta": 7.741505}}
{"target": -0.20121826983831145, "params": {"bus_acc": 2.3606, "bus_dcc": 0.7827, "bus_lcAssertive": 29.5361, "bus_lcCooperative": 0.2831, "bus_lcLookaheadLeft": 19.8514, "bus_lcPushy": 0.9049, "bus_lcSigma": 0.6971, "bus_lcSpeedGainRight": 4.4333, "bus_lcSublane": 0.3936, "bus_sigma": 0.2192, "bus_tau_mean": 3.2589, "bus_tau_std": 1.9786, "bus_v_mean": 13.4713, "bus_v_std": 6.7913, "car_acc": 0.6774, "car_dcc": 2.9789, "car_lcAssertive": 69.7279, "car_lcCooperative": 0.8484, "car_lcLookaheadLeft": 37.7253, "car_lcPushy": 0.3545, "car_lcSigma": 0.3818, "car_lcSpeedGainRight": 2.7842, "car_lcSublane": 0.3918, "car_sigma": 0.9847, "car_tau_mean": 3.0757, "car_tau_std": 1.3363, "car_v_mean": 20.6805, "car_v_std": 17.1535}, "datetime": {"datetime": "2024-09-05 12:40:08", "elapsed": 6664.143436, "delta": 13.228863}}
{"target": -0.1854772860616587, "params": {"bus_acc": 2.1449, "bus_dcc": 3.5047, "bus_lcAssertive": 19.1533, "bus_lcCooperative": 0.4565, "bus_lcLookaheadLeft": 98.4693, "bus_lcPushy": 0.6719, "bus_lcSigma": 0.5353, "bus_lcSpeedGainRight": 4.887, "bus_lcSublane": 0.4067, "bus_sigma": 0.4169, "bus_tau_mean": 0.6524, "bus_tau_std": 7.9199, "bus_v_mean": 10.9165, "bus_v_std": 18.1296, "car_acc": 1.8108, "car_dcc": 2.6609, "car_lcAssertive": 7.7918, "car_lcCooperative": 0.1799, "car_lcLookaheadLeft": 77.0045, "car_lcPushy": 0.9044, "car_lcSigma": 0.4447, "car_lcSpeedGainRight": 2.9477, "car_lcSublane": 0.0105, "car_sigma": 0.4473, "car_tau_mean": 2.4752, "car_tau_std": 9.7727, "car_v_mean": 24.8109, "car_v_std": 12.1716}, "datetime": {"datetime": "2024-09-05 12:40:34", "elapsed": 6690.227518, "delta": 26.084082}}
{"target": -0.18112453188833544, "params": {"bus_acc": 2.7642, "bus_dcc": 3.0932, "bus_lcAssertive": 29.4765, "bus_lcCooperative": 0.3989, "bus_lcLookaheadLeft": 65.8029, "bus_lcPushy": 0.5644, "bus_lcSigma": 0.5105, "bus_lcSpeedGainRight": 2.0712, "bus_lcSublane": 0.7962, "bus_sigma": 0.8302, "bus_tau_mean": 3.4662, "bus_tau_std": 3.4796, "bus_v_mean": 15.3932, "bus_v_std": 9.5391, "car_acc": 2.8472, "car_dcc": 3.228, "car_lcAssertive": 64.321, "car_lcCooperative": 0.1544, "car_lcLookaheadLeft": 33.4411, "car_lcPushy": 0.569, "car_lcSigma": 0.3014, "car_lcSpeedGainRight": 1.703, "car_lcSublane": 0.3236, "car_sigma": 0.0312, "car_tau_mean": 3.0614, "car_tau_std": 1.5308, "car_v_mean": 19.0913, "car_v_std": 0.2687}, "datetime": {"datetime": "2024-09-05 12:40:42", "elapsed": 6698.282326, "delta": 8.054808}}
