{"target": -0.20183652329044466, "params": {"bus_acc": 2.9673, "bus_dcc": 1.2306, "bus_lcAssertive": 1.1376, "bus_lcCooperative": 0.2608, "bus_lcLookaheadLeft": 11.3627, "bus_lcPushy": 0.2106, "bus_lcSigma": 0.016, "bus_lcSpeedGainRight": 1.8245, "bus_lcSublane": 0.4481, "bus_sigma": 0.6909, "bus_tau_mean": 2.3707, "bus_tau_std": 2.3679, "bus_v_mean": 15.417, "bus_v_std": 16.2144, "car_acc": 2.2192, "car_dcc": 0.776, "car_lcAssertive": 20.9003, "car_lcCooperative": 0.1498, "car_lcLookaheadLeft": 34.0411, "car_lcPushy": 0.796, "car_lcSigma": 0.0128, "car_lcSpeedGainRight": 0.8978, "car_lcSublane": 0.7378, "car_sigma": 0.0047, "car_tau_mean": 2.9683, "car_tau_std": 5.2263, "car_v_mean": 21.3623, "car_v_std": 15.1466}, "datetime": {"datetime": "2024-09-05 17:09:27", "elapsed": 22823.397637, "delta": 13.831208}}
{"target": -0.1847330892897717, "params": {"bus_acc": 2.3742, "bus_dcc": 1.8522, "bus_lcAssertive": 94.5251, "bus_lcCooperative": 0.3187, "bus_lcLookaheadLeft": 40.923, "bus_lcPushy": 0.6066, "bus_lcSigma": 0.5841, "bus_lcSpeedGainRight": 0.2281, "bus_lcSublane": 0.3257, "bus_sigma": 0.4051, "bus_tau_mean": 2.3819, "bus_tau_std": 0.9373, "bus_v_mean": 21.6902, "bus_v_std": 18.029, "car_acc": 1.9799, "car_dcc": 2.6567, "car_lcAssertive": 10.4589, "car_lcCooperative": 0.8473, "car_lcLookaheadLeft": 48.7678, "car_lcPushy": 0.3123, "car_lcSigma": 0.1403, "car_lcSpeedGainRight": 3.27, "car_lcSublane": 0.7911, "car_sigma": 0.4836, "car_tau_mean": 2.8142, "car_tau_std": 1.7931, "car_v_mean": 16.2584, "car_v_std": 10.7338}, "datetime": {"datetime": "2024-09-05 17:09:43", "elapsed": 22839.28528, "delta": 15.887643}}
{"target": -0.20015409748379145, "params": {"bus_acc": 1.2174, "bus_dcc": 2.7207, "bus_lcAssertive": 34.2816, "bus_lcCooperative": 0.9868, "bus_lcLookaheadLeft": 71.838, "bus_lcPushy": 0.1357, "bus_lcSigma": 0.8127, "bus_lcSpeedGainRight": 3.7839, "bus_lcSublane": 0.3906, "bus_sigma": 0.1048, "bus_tau_mean": 1.1582, "bus_tau_std": 9.7326, "bus_v_mean": 24.844, "bus_v_std": 5.6354, "car_acc": 0.7237, "car_dcc": 3.8693, "car_lcAssertive": 99.4072, "car_lcCooperative": 0.689, "car_lcLookaheadLeft": 24.091, "car_lcPushy": 0.4467, "car_lcSigma": 0.8806, "car_lcSpeedGainRight": 3.4659, "car_lcSublane": 0.5424, "car_sigma": 0.8075, "car_tau_mean": 3.1895, "car_tau_std": 9.1356, "car_v_mean": 24.4571, "car_v_std": 11.0345}, "datetime": {"datetime": "2024-09-05 17:10:16", "elapsed": 22871.884978, "delta": 32.599698}}
{"target": -0.1906334295402877, "params": {"bus_acc": 2.7333, "bus_dcc": 1.6449, "bus_lcAssertive": 4.3452, "bus_lcCooperative": 0.0941, "bus_lcLookaheadLeft": 54.1597, "bus_lcPushy": 0.9785, "bus_lcSigma": 0.8454, "bus_lcSpeedGainRight": 3.5626, "bus_lcSublane": 0.6984, "bus_sigma": 0.4846, "bus_tau_mean": 0.6116, "bus_tau_std": 5.1698, "bus_v_mean": 25.2064, "bus_v_std": 1.3387, "car_acc": 3.103, "car_dcc": 0.3925, "car_lcAssertive": 98.016, "car_lcCooperative": 0.3264, "car_lcLookaheadLeft": 53.8228, "car_lcPushy": 0.6082, "car_lcSigma": 0.8027, "car_lcSpeedGainRight": 3.5413, "car_lcSublane": 0.0643, "car_sigma": 0.3742, "car_tau_mean": 2.2582, "car_tau_std": 8.511, "car_v_mean": 13.0459, "car_v_std": 7.2765}, "datetime": {"datetime": "2024-09-05 17:10:48", "elapsed": 22904.052902, "delta": 32.167924}}
{"target": -0.21067717848341272, "params": {"bus_acc": 2.5543, "bus_dcc": 1.7157, "bus_lcAssertive": 33.9244, "bus_lcCooperative": 0.7926, "bus_lcLookaheadLeft": 78.8614, "bus_lcPushy": 0.853, "bus_lcSigma": 0.4412, "bus_lcSpeedGainRight": 2.0333, "bus_lcSublane": 0.942, "bus_sigma": 0.1007, "bus_tau_mean": 3.9145, "bus_tau_std": 3.6103, "bus_v_mean": 21.2745, "bus_v_std": 18.2465, "car_acc": 1.9689, "car_dcc": 0.8346, "car_lcAssertive": 15.81, "car_lcCooperative": 0.4827, "car_lcLookaheadLeft": 93.0937, "car_lcPushy": 0.278, "car_lcSigma": 0.5669, "car_lcSpeedGainRight": 1.6611, "car_lcSublane": 0.0364, "car_sigma": 0.3072, "car_tau_mean": 1.7088, "car_tau_std": 2.1913, "car_v_mean": 20.4235, "car_v_std": 14.1606}, "datetime": {"datetime": "2024-09-05 17:11:08", "elapsed": 22923.666926, "delta": 19.614024}}
{"target": -0.18649324940593226, "params": {"bus_acc": 1.9515, "bus_dcc": 3.3177, "bus_lcAssertive": 30.9341, "bus_lcCooperative": 0.9759, "bus_lcLookaheadLeft": 22.697, "bus_lcPushy": 0.1674, "bus_lcSigma": 0.6488, "bus_lcSpeedGainRight": 3.6346, "bus_lcSublane": 0.7858, "bus_sigma": 0.6661, "bus_tau_mean": 3.4026, "bus_tau_std": 2.6531, "bus_v_mean": 13.4302, "bus_v_std": 6.4258, "car_acc": 1.9691, "car_dcc": 1.643, "car_lcAssertive": 64.3401, "car_lcCooperative": 0.425, "car_lcLookaheadLeft": 20.3073, "car_lcPushy": 0.8883, "car_lcSigma": 0.1423, "car_lcSpeedGainRight": 4.3931, "car_lcSublane": 0.4435, "car_sigma": 0.9793, "car_tau_mean": 1.239, "car_tau_std": 9.9591, "car_v_mean": 17.2391, "car_v_std": 9.9262}, "datetime": {"datetime": "2024-09-05 17:11:25", "elapsed": 22941.002395, "delta": 17.335469}}
