{"target": -0.3445345769577311, "params": {"bus_acc": 3.768, "bus_dcc": 1.6471, "bus_lcAssertive": 76.7602, "bus_lcCooperative": 0.1044, "bus_lcLookaheadLeft": 81.0832, "bus_lcPushy": 0.3517, "bus_lcSigma": 0.124, "bus_lcSpeedGainRight": 1.9673, "bus_lcSublane": 0.0044, "bus_sigma": 0.2938, "bus_tau_mean": 3.7209, "bus_tau_std": 7.7187, "bus_v_mean": 19.6521, "bus_v_std": 1.6226, "car_acc": 0.2252, "car_dcc": 1.402, "car_lcAssertive": 29.2325, "car_lcCooperative": 0.6846, "car_lcLookaheadLeft": 32.6025, "car_lcPushy": 0.8491, "car_lcSigma": 0.2383, "car_lcSpeedGainRight": 2.1149, "car_lcSublane": 0.9762, "car_sigma": 0.7794, "car_tau_mean": 0.7973, "car_tau_std": 6.9948, "car_v_mean": 11.4727, "car_v_std": 4.8813}, "datetime": {"datetime": "2024-08-11 18:33:42", "elapsed": 3092.65549, "delta": 5.79616}}
{"target": -0.4765183566399876, "params": {"bus_acc": 3.5162, "bus_dcc": 0.2067, "bus_lcAssertive": 22.4844, "bus_lcCooperative": 0.3758, "bus_lcLookaheadLeft": 69.2686, "bus_lcPushy": 0.9283, "bus_lcSigma": 0.0154, "bus_lcSpeedGainRight": 3.1613, "bus_lcSublane": 0.1885, "bus_sigma": 0.9776, "bus_tau_mean": 0.551, "bus_tau_std": 3.0274, "bus_v_mean": 16.8129, "bus_v_std": 1.3633, "car_acc": 3.6343, "car_dcc": 3.5041, "car_lcAssertive": 49.4009, "car_lcCooperative": 0.932, "car_lcLookaheadLeft": 80.0956, "car_lcPushy": 0.8049, "car_lcSigma": 0.5297, "car_lcSpeedGainRight": 3.8358, "car_lcSublane": 0.2644, "car_sigma": 0.1566, "car_tau_mean": 1.4832, "car_tau_std": 7.5859, "car_v_mean": 9.9002, "car_v_std": 18.8207}, "datetime": {"datetime": "2024-08-11 18:33:47", "elapsed": 3098.000039, "delta": 5.344549}}
{"target": -0.44840517552124065, "params": {"bus_acc": 3.606, "bus_dcc": 0.6812, "bus_lcAssertive": 35.6987, "bus_lcCooperative": 0.9076, "bus_lcLookaheadLeft": 27.3863, "bus_lcPushy": 0.6734, "bus_lcSigma": 0.4852, "bus_lcSpeedGainRight": 0.8349, "bus_lcSublane": 0.3189, "bus_sigma": 0.4125, "bus_tau_mean": 2.6549, "bus_tau_std": 6.839, "bus_v_mean": 19.5531, "bus_v_std": 6.127, "car_acc": 1.594, "car_dcc": 0.9717, "car_lcAssertive": 22.0545, "car_lcCooperative": 0.0919, "car_lcLookaheadLeft": 22.858, "car_lcPushy": 0.6, "car_lcSigma": 0.0821, "car_lcSpeedGainRight": 0.8625, "car_lcSublane": 0.1539, "car_sigma": 0.7646, "car_tau_mean": 2.3302, "car_tau_std": 3.2868, "car_v_mean": 13.7982, "car_v_std": 13.4781}, "datetime": {"datetime": "2024-08-11 18:33:53", "elapsed": 3103.823716, "delta": 5.823677}}
{"target": -0.5256940633027515, "params": {"bus_acc": 3.9479, "bus_dcc": 2.2935, "bus_lcAssertive": 26.4401, "bus_lcCooperative": 0.7514, "bus_lcLookaheadLeft": 73.0171, "bus_lcPushy": 0.1789, "bus_lcSigma": 0.8129, "bus_lcSpeedGainRight": 0.6793, "bus_lcSublane": 0.2082, "bus_sigma": 0.0512, "bus_tau_mean": 1.7528, "bus_tau_std": 4.0636, "bus_v_mean": 12.7478, "bus_v_std": 3.244, "car_acc": 3.9119, "car_dcc": 0.3845, "car_lcAssertive": 74.2683, "car_lcCooperative": 0.5715, "car_lcLookaheadLeft": 26.4248, "car_lcPushy": 0.5111, "car_lcSigma": 0.1022, "car_lcSpeedGainRight": 0.1607, "car_lcSublane": 0.7225, "car_sigma": 0.6664, "car_tau_mean": 1.9142, "car_tau_std": 8.8239, "car_v_mean": 17.986, "car_v_std": 18.296}, "datetime": {"datetime": "2024-08-11 18:33:57", "elapsed": 3108.109486, "delta": 4.28577}}
{"target": -0.420745146123991, "params": {"bus_acc": 2.5938, "bus_dcc": 0.4215, "bus_lcAssertive": 99.9275, "bus_lcCooperative": 0.7758, "bus_lcLookaheadLeft": 17.577, "bus_lcPushy": 0.6497, "bus_lcSigma": 0.8499, "bus_lcSpeedGainRight": 3.7095, "bus_lcSublane": 0.4794, "bus_sigma": 0.064, "bus_tau_mean": 2.8813, "bus_tau_std": 8.9787, "bus_v_mean": 11.8191, "bus_v_std": 6.32, "car_acc": 1.3712, "car_dcc": 2.3561, "car_lcAssertive": 97.6571, "car_lcCooperative": 0.0665, "car_lcLookaheadLeft": 43.8389, "car_lcPushy": 0.4106, "car_lcSigma": 0.0969, "car_lcSpeedGainRight": 2.8467, "car_lcSublane": 0.9596, "car_sigma": 0.8285, "car_tau_mean": 1.3968, "car_tau_std": 2.475, "car_v_mean": 17.6962, "car_v_std": 13.691}, "datetime": {"datetime": "2024-08-11 18:34:00", "elapsed": 3111.233174, "delta": 3.123688}}
{"target": -0.41970314430506545, "params": {"bus_acc": 0.8651, "bus_dcc": 1.2533, "bus_lcAssertive": 97.2672, "bus_lcCooperative": 0.0718, "bus_lcLookaheadLeft": 67.2257, "bus_lcPushy": 0.8261, "bus_lcSigma": 0.8713, "bus_lcSpeedGainRight": 0.8857, "bus_lcSublane": 0.7007, "bus_sigma": 0.7239, "bus_tau_mean": 3.7588, "bus_tau_std": 2.5996, "bus_v_mean": 18.331, "bus_v_std": 7.2958, "car_acc": 1.9793, "car_dcc": 0.7944, "car_lcAssertive": 41.0344, "car_lcCooperative": 0.195, "car_lcLookaheadLeft": 28.8731, "car_lcPushy": 0.2391, "car_lcSigma": 0.3962, "car_lcSpeedGainRight": 1.3596, "car_lcSublane": 0.6474, "car_sigma": 0.9622, "car_tau_mean": 2.6434, "car_tau_std": 1.1451, "car_v_mean": 9.2912, "car_v_std": 18.6425}, "datetime": {"datetime": "2024-08-11 18:34:03", "elapsed": 3114.166783, "delta": 2.933609}}
{"target": -0.3816327500780084, "params": {"bus_acc": 2.1225, "bus_dcc": 2.9433, "bus_lcAssertive": 46.7208, "bus_lcCooperative": 0.7742, "bus_lcLookaheadLeft": 18.2506, "bus_lcPushy": 0.0662, "bus_lcSigma": 0.0933, "bus_lcSpeedGainRight": 2.7101, "bus_lcSublane": 0.9844, "bus_sigma": 0.0142, "bus_tau_mean": 1.7726, "bus_tau_std": 7.0475, "bus_v_mean": 21.2735, "bus_v_std": 17.5522, "car_acc": 2.7195, "car_dcc": 1.3911, "car_lcAssertive": 52.0004, "car_lcCooperative": 0.2368, "car_lcLookaheadLeft": 8.2574, "car_lcPushy": 0.9507, "car_lcSigma": 0.0926, "car_lcSpeedGainRight": 4.3721, "car_lcSublane": 0.518, "car_sigma": 0.1799, "car_tau_mean": 3.1151, "car_tau_std": 2.9108, "car_v_mean": 8.7441, "car_v_std": 17.1462}, "datetime": {"datetime": "2024-08-11 18:34:07", "elapsed": 3117.716738, "delta": 3.549955}}
{"target": -0.4682873035369916, "params": {"bus_acc": 2.269, "bus_dcc": 2.8199, "bus_lcAssertive": 79.4198, "bus_lcCooperative": 0.6229, "bus_lcLookaheadLeft": 5.0658, "bus_lcPushy": 0.6871, "bus_lcSigma": 0.7944, "bus_lcSpeedGainRight": 1.5558, "bus_lcSublane": 0.7124, "bus_sigma": 0.1427, "bus_tau_mean": 0.555, "bus_tau_std": 3.5435, "bus_v_mean": 11.6933, "bus_v_std": 6.5196, "car_acc": 1.409, "car_dcc": 1.3236, "car_lcAssertive": 59.7907, "car_lcCooperative": 0.072, "car_lcLookaheadLeft": 66.3337, "car_lcPushy": 0.8633, "car_lcSigma": 0.5528, "car_lcSpeedGainRight": 1.4419, "car_lcSublane": 0.766, "car_sigma": 0.2389, "car_tau_mean": 3.3946, "car_tau_std": 7.768, "car_v_mean": 13.0713, "car_v_std": 11.4522}, "datetime": {"datetime": "2024-08-11 18:34:10", "elapsed": 3121.496751, "delta": 3.780013}}
{"target": -0.4714896258062098, "params": {"bus_acc": 2.8717, "bus_dcc": 1.6715, "bus_lcAssertive": 25.7626, "bus_lcCooperative": 0.396, "bus_lcLookaheadLeft": 50.4566, "bus_lcPushy": 0.6763, "bus_lcSigma": 0.371, "bus_lcSpeedGainRight": 2.9285, "bus_lcSublane": 0.1935, "bus_sigma": 0.2617, "bus_tau_mean": 2.3856, "bus_tau_std": 3.887, "bus_v_mean": 21.4525, "bus_v_std": 6.8359, "car_acc": 1.442, "car_dcc": 1.412, "car_lcAssertive": 12.2714, "car_lcCooperative": 0.6543, "car_lcLookaheadLeft": 12.147, "car_lcPushy": 0.3522, "car_lcSigma": 0.1508, "car_lcSpeedGainRight": 4.4357, "car_lcSublane": 0.9808, "car_sigma": 0.044, "car_tau_mean": 3.3001, "car_tau_std": 4.6063, "car_v_mean": 19.3564, "car_v_std": 5.0256}, "datetime": {"datetime": "2024-08-11 18:34:14", "elapsed": 3124.750869, "delta": 3.254118}}
{"target": -0.2190594758618241, "params": {"bus_acc": 0.3783, "bus_dcc": 3.172, "bus_lcAssertive": 79.7502, "bus_lcCooperative": 0.8849, "bus_lcLookaheadLeft": 11.8769, "bus_lcPushy": 0.7961, "bus_lcSigma": 0.2761, "bus_lcSpeedGainRight": 4.5523, "bus_lcSublane": 0.4685, "bus_sigma": 0.9452, "bus_tau_mean": 1.1572, "bus_tau_std": 0.7714, "bus_v_mean": 23.2971, "bus_v_std": 7.0302, "car_acc": 0.6017, "car_dcc": 2.6678, "car_lcAssertive": 76.777, "car_lcCooperative": 0.6144, "car_lcLookaheadLeft": 41.8263, "car_lcPushy": 0.8351, "car_lcSigma": 0.3951, "car_lcSpeedGainRight": 0.8826, "car_lcSublane": 0.8765, "car_sigma": 0.7128, "car_tau_mean": 3.2107, "car_tau_std": 7.0301, "car_v_mean": 18.7253, "car_v_std": 3.1404}, "datetime": {"datetime": "2024-08-11 18:34:17", "elapsed": 3128.291432, "delta": 3.540563}}
{"target": -0.2901241209141154, "params": {"bus_acc": 0.3822, "bus_dcc": 2.8228, "bus_lcAssertive": 60.2154, "bus_lcCooperative": 0.5024, "bus_lcLookaheadLeft": 60.3243, "bus_lcPushy": 0.7023, "bus_lcSigma": 0.8522, "bus_lcSpeedGainRight": 1.3875, "bus_lcSublane": 0.294, "bus_sigma": 0.7676, "bus_tau_mean": 2.3243, "bus_tau_std": 4.0648, "bus_v_mean": 9.9923, "bus_v_std": 18.2551, "car_acc": 0.6761, "car_dcc": 3.6207, "car_lcAssertive": 56.0929, "car_lcCooperative": 0.9825, "car_lcLookaheadLeft": 92.4483, "car_lcPushy": 0.9303, "car_lcSigma": 0.6343, "car_lcSpeedGainRight": 0.9, "car_lcSublane": 0.7881, "car_sigma": 0.4417, "car_tau_mean": 2.3228, "car_tau_std": 4.3205, "car_v_mean": 20.225, "car_v_std": 16.6184}, "datetime": {"datetime": "2024-08-11 18:34:22", "elapsed": 3132.961856, "delta": 4.670424}}
{"target": -0.38509631114315734, "params": {"bus_acc": 3.2594, "bus_dcc": 3.2302, "bus_lcAssertive": 41.7202, "bus_lcCooperative": 0.1498, "bus_lcLookaheadLeft": 53.9365, "bus_lcPushy": 0.5858, "bus_lcSigma": 0.6872, "bus_lcSpeedGainRight": 1.339, "bus_lcSublane": 0.4319, "bus_sigma": 0.811, "bus_tau_mean": 3.7908, "bus_tau_std": 1.791, "bus_v_mean": 8.3607, "bus_v_std": 0.4913, "car_acc": 2.0805, "car_dcc": 3.8591, "car_lcAssertive": 23.7295, "car_lcCooperative": 0.0307, "car_lcLookaheadLeft": 17.4408, "car_lcPushy": 0.9037, "car_lcSigma": 0.9359, "car_lcSpeedGainRight": 1.2162, "car_lcSublane": 0.4203, "car_sigma": 0.4686, "car_tau_mean": 2.1105, "car_tau_std": 4.4878, "car_v_mean": 25.8695, "car_v_std": 13.8564}, "datetime": {"datetime": "2024-08-11 18:34:26", "elapsed": 3137.341652, "delta": 4.379796}}
{"target": -0.36018975290228417, "params": {"bus_acc": 3.4118, "bus_dcc": 3.3094, "bus_lcAssertive": 78.9562, "bus_lcCooperative": 0.3184, "bus_lcLookaheadLeft": 66.2073, "bus_lcPushy": 0.273, "bus_lcSigma": 0.761, "bus_lcSpeedGainRight": 4.6499, "bus_lcSublane": 0.7104, "bus_sigma": 0.7361, "bus_tau_mean": 3.979, "bus_tau_std": 7.5574, "bus_v_mean": 10.5393, "bus_v_std": 18.9371, "car_acc": 0.9501, "car_dcc": 2.2794, "car_lcAssertive": 95.8354, "car_lcCooperative": 0.9589, "car_lcLookaheadLeft": 49.705, "car_lcPushy": 0.1459, "car_lcSigma": 0.3157, "car_lcSpeedGainRight": 4.0475, "car_lcSublane": 0.3445, "car_sigma": 0.9751, "car_tau_mean": 1.9061, "car_tau_std": 6.2525, "car_v_mean": 16.2532, "car_v_std": 9.4795}, "datetime": {"datetime": "2024-08-11 18:34:30", "elapsed": 3141.203001, "delta": 3.861349}}
{"target": -0.4004526789622574, "params": {"bus_acc": 1.6189, "bus_dcc": 2.0298, "bus_lcAssertive": 30.5324, "bus_lcCooperative": 0.27, "bus_lcLookaheadLeft": 71.9064, "bus_lcPushy": 0.3947, "bus_lcSigma": 0.767, "bus_lcSpeedGainRight": 4.5307, "bus_lcSublane": 0.0007, "bus_sigma": 0.3032, "bus_tau_mean": 2.5314, "bus_tau_std": 5.4328, "bus_v_mean": 22.4825, "bus_v_std": 17.3403, "car_acc": 1.7964, "car_dcc": 2.2796, "car_lcAssertive": 26.2557, "car_lcCooperative": 0.1481, "car_lcLookaheadLeft": 45.8318, "car_lcPushy": 0.5507, "car_lcSigma": 0.9748, "car_lcSpeedGainRight": 4.7039, "car_lcSublane": 0.2655, "car_sigma": 0.2617, "car_tau_mean": 2.1922, "car_tau_std": 2.5631, "car_v_mean": 21.5055, "car_v_std": 16.4816}, "datetime": {"datetime": "2024-08-11 18:34:33", "elapsed": 3144.337422, "delta": 3.134421}}
{"target": -0.3246214402415139, "params": {"bus_acc": 3.3298, "bus_dcc": 2.1808, "bus_lcAssertive": 77.8635, "bus_lcCooperative": 0.1972, "bus_lcLookaheadLeft": 46.6028, "bus_lcPushy": 0.4003, "bus_lcSigma": 0.6867, "bus_lcSpeedGainRight": 1.9988, "bus_lcSublane": 0.6927, "bus_sigma": 0.7216, "bus_tau_mean": 3.0176, "bus_tau_std": 9.9093, "bus_v_mean": 12.607, "bus_v_std": 12.3669, "car_acc": 1.5066, "car_dcc": 3.5283, "car_lcAssertive": 39.357, "car_lcCooperative": 0.3902, "car_lcLookaheadLeft": 26.5755, "car_lcPushy": 0.0617, "car_lcSigma": 0.7972, "car_lcSpeedGainRight": 2.6328, "car_lcSublane": 0.9197, "car_sigma": 0.6638, "car_tau_mean": 2.3168, "car_tau_std": 9.667, "car_v_mean": 18.8859, "car_v_std": 11.7286}, "datetime": {"datetime": "2024-08-11 18:34:38", "elapsed": 3149.179495, "delta": 4.842073}}
{"target": -0.4417647584800118, "params": {"bus_acc": 2.5633, "bus_dcc": 2.1188, "bus_lcAssertive": 28.6514, "bus_lcCooperative": 0.8091, "bus_lcLookaheadLeft": 2.1746, "bus_lcPushy": 0.7155, "bus_lcSigma": 0.1567, "bus_lcSpeedGainRight": 0.5673, "bus_lcSublane": 0.7442, "bus_sigma": 0.7355, "bus_tau_mean": 3.3165, "bus_tau_std": 8.0494, "bus_v_mean": 20.7965, "bus_v_std": 9.0382, "car_acc": 2.96, "car_dcc": 1.0689, "car_lcAssertive": 13.1006, "car_lcCooperative": 0.1209, "car_lcLookaheadLeft": 43.2221, "car_lcPushy": 0.717, "car_lcSigma": 0.6252, "car_lcSpeedGainRight": 3.7023, "car_lcSublane": 0.0128, "car_sigma": 0.3678, "car_tau_mean": 1.7077, "car_tau_std": 0.1679, "car_v_mean": 17.2682, "car_v_std": 18.5018}, "datetime": {"datetime": "2024-08-11 18:34:42", "elapsed": 3152.681999, "delta": 3.502504}}
{"target": -0.6341724538360359, "params": {"bus_acc": 1.3881, "bus_dcc": 2.1065, "bus_lcAssertive": 44.4363, "bus_lcCooperative": 0.3005, "bus_lcLookaheadLeft": 76.0008, "bus_lcPushy": 0.1444, "bus_lcSigma": 0.1675, "bus_lcSpeedGainRight": 1.7129, "bus_lcSublane": 0.0066, "bus_sigma": 0.2521, "bus_tau_mean": 1.0385, "bus_tau_std": 3.649, "bus_v_mean": 22.2711, "bus_v_std": 9.9258, "car_acc": 0.221, "car_dcc": 0.9818, "car_lcAssertive": 22.9389, "car_lcCooperative": 0.9956, "car_lcLookaheadLeft": 7.9135, "car_lcPushy": 0.6607, "car_lcSigma": 0.2541, "car_lcSpeedGainRight": 0.0679, "car_lcSublane": 0.9444, "car_sigma": 0.9506, "car_tau_mean": 3.3627, "car_tau_std": 9.7096, "car_v_mean": 9.2646, "car_v_std": 3.5739}, "datetime": {"datetime": "2024-08-11 18:34:45", "elapsed": 3156.142815, "delta": 3.460816}}
{"target": -0.24754430400092012, "params": {"bus_acc": 0.9535, "bus_dcc": 2.8058, "bus_lcAssertive": 61.4126, "bus_lcCooperative": 0.475, "bus_lcLookaheadLeft": 83.2276, "bus_lcPushy": 0.7439, "bus_lcSigma": 0.1981, "bus_lcSpeedGainRight": 3.0599, "bus_lcSublane": 0.5235, "bus_sigma": 0.8087, "bus_tau_mean": 0.9676, "bus_tau_std": 4.8484, "bus_v_mean": 23.373, "bus_v_std": 0.9994, "car_acc": 0.8967, "car_dcc": 2.1191, "car_lcAssertive": 32.4817, "car_lcCooperative": 0.0737, "car_lcLookaheadLeft": 40.3362, "car_lcPushy": 0.9122, "car_lcSigma": 0.0798, "car_lcSpeedGainRight": 0.9781, "car_lcSublane": 0.333, "car_sigma": 0.3553, "car_tau_mean": 2.1983, "car_tau_std": 4.8554, "car_v_mean": 25.4877, "car_v_std": 3.5025}, "datetime": {"datetime": "2024-08-11 18:34:51", "elapsed": 3161.66911, "delta": 5.526295}}
{"target": -0.4079033937634418, "params": {"bus_acc": 0.6677, "bus_dcc": 2.1124, "bus_lcAssertive": 13.7155, "bus_lcCooperative": 0.4578, "bus_lcLookaheadLeft": 94.562, "bus_lcPushy": 0.9586, "bus_lcSigma": 0.4405, "bus_lcSpeedGainRight": 0.3536, "bus_lcSublane": 0.2351, "bus_sigma": 0.5369, "bus_tau_mean": 0.9698, "bus_tau_std": 3.0774, "bus_v_mean": 17.1372, "bus_v_std": 17.4292, "car_acc": 1.7182, "car_dcc": 2.4783, "car_lcAssertive": 24.3694, "car_lcCooperative": 0.3418, "car_lcLookaheadLeft": 51.4056, "car_lcPushy": 0.4894, "car_lcSigma": 0.1225, "car_lcSpeedGainRight": 4.2759, "car_lcSublane": 0.1965, "car_sigma": 0.1422, "car_tau_mean": 2.647, "car_tau_std": 4.8637, "car_v_mean": 24.7534, "car_v_std": 13.4729}, "datetime": {"datetime": "2024-08-11 18:34:55", "elapsed": 3166.175203, "delta": 4.506093}}
{"target": -0.22712288204464848, "params": {"bus_acc": 2.4423, "bus_dcc": 2.2421, "bus_lcAssertive": 72.845, "bus_lcCooperative": 0.9485, "bus_lcLookaheadLeft": 88.409, "bus_lcPushy": 0.8211, "bus_lcSigma": 0.735, "bus_lcSpeedGainRight": 2.5595, "bus_lcSublane": 0.4191, "bus_sigma": 0.1341, "bus_tau_mean": 3.3658, "bus_tau_std": 5.0559, "bus_v_mean": 21.2477, "bus_v_std": 13.6226, "car_acc": 0.3613, "car_dcc": 3.4314, "car_lcAssertive": 24.0147, "car_lcCooperative": 0.9694, "car_lcLookaheadLeft": 62.7263, "car_lcPushy": 0.5889, "car_lcSigma": 0.5644, "car_lcSpeedGainRight": 3.1954, "car_lcSublane": 0.747, "car_sigma": 0.5239, "car_tau_mean": 2.8778, "car_tau_std": 8.8921, "car_v_mean": 17.1232, "car_v_std": 15.234}, "datetime": {"datetime": "2024-08-11 18:34:58", "elapsed": 3169.504728, "delta": 3.329525}}
{"target": -0.5281491530470379, "params": {"bus_acc": 2.8593, "bus_dcc": 0.9183, "bus_lcAssertive": 49.1269, "bus_lcCooperative": 0.9746, "bus_lcLookaheadLeft": 47.6178, "bus_lcPushy": 0.6022, "bus_lcSigma": 0.7046, "bus_lcSpeedGainRight": 0.7698, "bus_lcSublane": 0.4253, "bus_sigma": 0.0427, "bus_tau_mean": 3.7179, "bus_tau_std": 0.528, "bus_v_mean": 16.992, "bus_v_std": 18.1443, "car_acc": 3.932, "car_dcc": 1.1674, "car_lcAssertive": 94.6459, "car_lcCooperative": 0.5926, "car_lcLookaheadLeft": 47.3177, "car_lcPushy": 0.1439, "car_lcSigma": 0.7156, "car_lcSpeedGainRight": 3.8723, "car_lcSublane": 0.8196, "car_sigma": 0.8189, "car_tau_mean": 2.3937, "car_tau_std": 2.8228, "car_v_mean": 14.1193, "car_v_std": 7.7247}, "datetime": {"datetime": "2024-08-11 18:35:02", "elapsed": 3172.727434, "delta": 3.222706}}
{"target": -0.5945758564327877, "params": {"bus_acc": 3.7984, "bus_dcc": 1.5741, "bus_lcAssertive": 92.541, "bus_lcCooperative": 0.1299, "bus_lcLookaheadLeft": 18.2204, "bus_lcPushy": 0.9562, "bus_lcSigma": 0.7708, "bus_lcSpeedGainRight": 3.487, "bus_lcSublane": 0.242, "bus_sigma": 0.5645, "bus_tau_mean": 3.287, "bus_tau_std": 4.2719, "bus_v_mean": 18.6563, "bus_v_std": 3.2355, "car_acc": 0.6986, "car_dcc": 0.2694, "car_lcAssertive": 6.9021, "car_lcCooperative": 0.8059, "car_lcLookaheadLeft": 19.8566, "car_lcPushy": 0.5651, "car_lcSigma": 0.0568, "car_lcSpeedGainRight": 3.7304, "car_lcSublane": 0.6038, "car_sigma": 0.3032, "car_tau_mean": 1.1735, "car_tau_std": 1.2691, "car_v_mean": 9.8846, "car_v_std": 13.4346}, "datetime": {"datetime": "2024-08-11 18:35:08", "elapsed": 3178.639257, "delta": 5.911823}}
{"target": -0.3934340158455905, "params": {"bus_acc": 2.1103, "bus_dcc": 1.3813, "bus_lcAssertive": 4.3976, "bus_lcCooperative": 0.7964, "bus_lcLookaheadLeft": 17.3293, "bus_lcPushy": 0.8998, "bus_lcSigma": 0.7815, "bus_lcSpeedGainRight": 1.039, "bus_lcSublane": 0.6492, "bus_sigma": 0.2354, "bus_tau_mean": 2.012, "bus_tau_std": 6.6773, "bus_v_mean": 12.4304, "bus_v_std": 18.3994, "car_acc": 3.6893, "car_dcc": 2.3313, "car_lcAssertive": 28.6161, "car_lcCooperative": 0.4761, "car_lcLookaheadLeft": 62.9075, "car_lcPushy": 0.2781, "car_lcSigma": 0.622, "car_lcSpeedGainRight": 1.6476, "car_lcSublane": 0.5247, "car_sigma": 0.9961, "car_tau_mean": 0.7796, "car_tau_std": 6.6064, "car_v_mean": 14.1926, "car_v_std": 7.4342}, "datetime": {"datetime": "2024-08-11 18:35:12", "elapsed": 3183.118657, "delta": 4.4794}}
{"target": -0.4509334366497792, "params": {"bus_acc": 2.4482, "bus_dcc": 3.0589, "bus_lcAssertive": 82.8383, "bus_lcCooperative": 0.8554, "bus_lcLookaheadLeft": 76.4454, "bus_lcPushy": 0.3555, "bus_lcSigma": 0.6268, "bus_lcSpeedGainRight": 1.412, "bus_lcSublane": 0.9207, "bus_sigma": 0.3888, "bus_tau_mean": 3.0667, "bus_tau_std": 8.4319, "bus_v_mean": 25.76, "bus_v_std": 13.9861, "car_acc": 2.8692, "car_dcc": 3.965, "car_lcAssertive": 20.4819, "car_lcCooperative": 0.7436, "car_lcLookaheadLeft": 28.6735, "car_lcPushy": 0.2826, "car_lcSigma": 0.4213, "car_lcSpeedGainRight": 1.7639, "car_lcSublane": 0.0214, "car_sigma": 0.7856, "car_tau_mean": 1.3588, "car_tau_std": 7.6414, "car_v_mean": 25.6991, "car_v_std": 1.1041}, "datetime": {"datetime": "2024-08-11 18:35:16", "elapsed": 3187.402496, "delta": 4.283839}}
{"target": -0.4922508322092736, "params": {"bus_acc": 1.8413, "bus_dcc": 1.4585, "bus_lcAssertive": 27.7765, "bus_lcCooperative": 0.5586, "bus_lcLookaheadLeft": 19.8221, "bus_lcPushy": 0.4613, "bus_lcSigma": 0.8936, "bus_lcSpeedGainRight": 2.4207, "bus_lcSublane": 0.6467, "bus_sigma": 0.3755, "bus_tau_mean": 1.0874, "bus_tau_std": 9.3221, "bus_v_mean": 20.7224, "bus_v_std": 8.6413, "car_acc": 3.1488, "car_dcc": 3.5182, "car_lcAssertive": 33.3264, "car_lcCooperative": 0.9317, "car_lcLookaheadLeft": 55.162, "car_lcPushy": 0.2743, "car_lcSigma": 0.4996, "car_lcSpeedGainRight": 3.5354, "car_lcSublane": 0.0973, "car_sigma": 0.1937, "car_tau_mean": 3.7121, "car_tau_std": 2.1408, "car_v_mean": 14.8662, "car_v_std": 7.4498}, "datetime": {"datetime": "2024-08-11 18:35:22", "elapsed": 3193.343799, "delta": 5.941303}}
{"target": -0.5147283149161076, "params": {"bus_acc": 3.0864, "bus_dcc": 2.3491, "bus_lcAssertive": 37.618, "bus_lcCooperative": 0.879, "bus_lcLookaheadLeft": 98.5891, "bus_lcPushy": 0.9175, "bus_lcSigma": 0.2588, "bus_lcSpeedGainRight": 3.1698, "bus_lcSublane": 0.9721, "bus_sigma": 0.2616, "bus_tau_mean": 3.3778, "bus_tau_std": 1.0297, "bus_v_mean": 19.7538, "bus_v_std": 6.0298, "car_acc": 0.5319, "car_dcc": 0.4589, "car_lcAssertive": 33.2434, "car_lcCooperative": 0.7395, "car_lcLookaheadLeft": 82.3795, "car_lcPushy": 0.7777, "car_lcSigma": 0.3291, "car_lcSpeedGainRight": 2.1759, "car_lcSublane": 0.1639, "car_sigma": 0.6887, "car_tau_mean": 3.3718, "car_tau_std": 3.6248, "car_v_mean": 15.9241, "car_v_std": 5.0971}, "datetime": {"datetime": "2024-08-11 18:35:27", "elapsed": 3197.88226, "delta": 4.538461}}
