{"target": -0.20989760280493305, "params": {"bus_acc": 2.3706, "bus_dcc": 0.3885, "bus_lcAssertive": 45.6288, "bus_lcCooperative": 0.9755, "bus_lcLookaheadLeft": 27.3597, "bus_lcPushy": 0.1185, "bus_lcSigma": 0.8892, "bus_lcSpeedGainRight": 2.4521, "bus_lcSublane": 0.3701, "bus_sigma": 0.1533, "bus_tau_mean": 1.2299, "bus_tau_std": 0.3785, "bus_v_mean": 24.5835, "bus_v_std": 9.3136, "car_acc": 3.2077, "car_dcc": 2.1997, "car_lcAssertive": 88.874, "car_lcCooperative": 0.8761, "car_lcLookaheadLeft": 53.2422, "car_lcPushy": 0.7433, "car_lcSigma": 0.0578, "car_lcSpeedGainRight": 0.8018, "car_lcSublane": 0.3611, "car_sigma": 0.1163, "car_tau_mean": 0.9962, "car_tau_std": 6.6674, "car_v_mean": 22.3664, "car_v_std": 12.6684}, "datetime": {"datetime": "2024-09-05 13:00:47", "elapsed": 7902.493082, "delta": 8.16618}}
{"target": -0.5109304816729029, "params": {"bus_acc": 2.3336, "bus_dcc": 1.4798, "bus_lcAssertive": 77.9245, "bus_lcCooperative": 0.5461, "bus_lcLookaheadLeft": 55.8134, "bus_lcPushy": 0.5601, "bus_lcSigma": 0.9137, "bus_lcSpeedGainRight": 2.982, "bus_lcSublane": 0.1847, "bus_sigma": 0.155, "bus_tau_mean": 0.9547, "bus_tau_std": 8.3387, "bus_v_mean": 22.0088, "bus_v_std": 1.7731, "car_acc": 0.5557, "car_dcc": 0.5013, "car_lcAssertive": 96.4388, "car_lcCooperative": 0.5689, "car_lcLookaheadLeft": 10.6812, "car_lcPushy": 0.8461, "car_lcSigma": 0.1047, "car_lcSpeedGainRight": 1.2612, "car_lcSublane": 0.9244, "car_sigma": 0.3349, "car_tau_mean": 1.1524, "car_tau_std": 8.0608, "car_v_mean": 9.9152, "car_v_std": 2.5317}, "datetime": {"datetime": "2024-09-05 13:00:55", "elapsed": 7911.116792, "delta": 8.62371}}
{"target": -0.20664024099937595, "params": {"bus_acc": 2.071, "bus_dcc": 3.2936, "bus_lcAssertive": 66.6011, "bus_lcCooperative": 0.8336, "bus_lcLookaheadLeft": 89.7286, "bus_lcPushy": 0.1984, "bus_lcSigma": 0.1309, "bus_lcSpeedGainRight": 3.6436, "bus_lcSublane": 0.8039, "bus_sigma": 0.4707, "bus_tau_mean": 2.8765, "bus_tau_std": 9.2783, "bus_v_mean": 22.5545, "bus_v_std": 3.5433, "car_acc": 1.1791, "car_dcc": 2.4294, "car_lcAssertive": 98.929, "car_lcCooperative": 0.7982, "car_lcLookaheadLeft": 17.1309, "car_lcPushy": 0.6515, "car_lcSigma": 0.0297, "car_lcSpeedGainRight": 0.5975, "car_lcSublane": 0.9769, "car_sigma": 0.727, "car_tau_mean": 3.2363, "car_tau_std": 7.377, "car_v_mean": 17.3996, "car_v_std": 10.5368}, "datetime": {"datetime": "2024-09-05 13:01:02", "elapsed": 7917.753325, "delta": 6.636533}}
{"target": -0.2552961300265388, "params": {"bus_acc": 0.2109, "bus_dcc": 0.4162, "bus_lcAssertive": 30.1121, "bus_lcCooperative": 0.7301, "bus_lcLookaheadLeft": 54.3304, "bus_lcPushy": 0.112, "bus_lcSigma": 0.6741, "bus_lcSpeedGainRight": 1.9367, "bus_lcSublane": 0.2047, "bus_sigma": 0.4851, "bus_tau_mean": 3.1263, "bus_tau_std": 4.4136, "bus_v_mean": 9.3334, "bus_v_std": 11.7824, "car_acc": 3.8722, "car_dcc": 3.2971, "car_lcAssertive": 46.032, "car_lcCooperative": 0.1857, "car_lcLookaheadLeft": 72.4586, "car_lcPushy": 0.7922, "car_lcSigma": 0.3885, "car_lcSpeedGainRight": 4.3234, "car_lcSublane": 0.567, "car_sigma": 0.085, "car_tau_mean": 1.1225, "car_tau_std": 8.4232, "car_v_mean": 10.6107, "car_v_std": 11.8302}, "datetime": {"datetime": "2024-09-05 13:01:11", "elapsed": 7926.779819, "delta": 9.026494}}
{"target": -0.22215362528038443, "params": {"bus_acc": 3.3101, "bus_dcc": 2.0237, "bus_lcAssertive": 60.6829, "bus_lcCooperative": 0.1126, "bus_lcLookaheadLeft": 99.5502, "bus_lcPushy": 0.8604, "bus_lcSigma": 0.0225, "bus_lcSpeedGainRight": 3.8029, "bus_lcSublane": 0.1494, "bus_sigma": 0.4578, "bus_tau_mean": 3.1006, "bus_tau_std": 6.2565, "bus_v_mean": 18.5074, "bus_v_std": 3.9782, "car_acc": 3.037, "car_dcc": 0.686, "car_lcAssertive": 41.0085, "car_lcCooperative": 0.0518, "car_lcLookaheadLeft": 36.1726, "car_lcPushy": 0.7795, "car_lcSigma": 0.624, "car_lcSpeedGainRight": 3.0762, "car_lcSublane": 0.1878, "car_sigma": 0.7468, "car_tau_mean": 3.2308, "car_tau_std": 7.0823, "car_v_mean": 17.5473, "car_v_std": 17.4539}, "datetime": {"datetime": "2024-09-05 13:01:20", "elapsed": 7935.874902, "delta": 9.095083}}
{"target": -0.19522775679180002, "params": {"bus_acc": 1.3589, "bus_dcc": 0.2994, "bus_lcAssertive": 79.4566, "bus_lcCooperative": 0.6196, "bus_lcLookaheadLeft": 47.6556, "bus_lcPushy": 0.9588, "bus_lcSigma": 0.9341, "bus_lcSpeedGainRight": 0.4519, "bus_lcSublane": 0.8319, "bus_sigma": 0.8911, "bus_tau_mean": 3.4222, "bus_tau_std": 6.0673, "bus_v_mean": 18.5676, "bus_v_std": 17.5766, "car_acc": 0.2792, "car_dcc": 1.3527, "car_lcAssertive": 98.3332, "car_lcCooperative": 0.8487, "car_lcLookaheadLeft": 81.6411, "car_lcPushy": 0.3209, "car_lcSigma": 0.3071, "car_lcSpeedGainRight": 4.5616, "car_lcSublane": 0.1081, "car_sigma": 0.0331, "car_tau_mean": 2.2905, "car_tau_std": 4.3073, "car_v_mean": 10.4228, "car_v_std": 15.0724}, "datetime": {"datetime": "2024-09-05 13:01:41", "elapsed": 7956.827329, "delta": 20.952427}}
{"target": -0.2071171666536855, "params": {"bus_acc": 1.7995, "bus_dcc": 1.9302, "bus_lcAssertive": 73.844, "bus_lcCooperative": 0.9621, "bus_lcLookaheadLeft": 9.4394, "bus_lcPushy": 0.8466, "bus_lcSigma": 0.6162, "bus_lcSpeedGainRight": 1.4942, "bus_lcSublane": 0.2607, "bus_sigma": 0.378, "bus_tau_mean": 3.7159, "bus_tau_std": 3.64, "bus_v_mean": 23.1104, "bus_v_std": 7.1769, "car_acc": 1.7839, "car_dcc": 3.0545, "car_lcAssertive": 65.3463, "car_lcCooperative": 0.2837, "car_lcLookaheadLeft": 23.7435, "car_lcPushy": 0.1628, "car_lcSigma": 0.9462, "car_lcSpeedGainRight": 3.462, "car_lcSublane": 0.8397, "car_sigma": 0.9398, "car_tau_mean": 3.9706, "car_tau_std": 1.8759, "car_v_mean": 16.3697, "car_v_std": 12.5961}, "datetime": {"datetime": "2024-09-05 13:01:58", "elapsed": 7974.167467, "delta": 17.340138}}
{"target": -0.8035420328593771, "params": {"bus_acc": 0.5652, "bus_dcc": 2.4698, "bus_lcAssertive": 2.4937, "bus_lcCooperative": 0.0551, "bus_lcLookaheadLeft": 73.414, "bus_lcPushy": 0.8111, "bus_lcSigma": 0.479, "bus_lcSpeedGainRight": 3.268, "bus_lcSublane": 0.8583, "bus_sigma": 0.5005, "bus_tau_mean": 1.9339, "bus_tau_std": 4.3145, "bus_v_mean": 21.3033, "bus_v_std": 7.3254, "car_acc": 3.5087, "car_dcc": 0.7388, "car_lcAssertive": 34.7089, "car_lcCooperative": 0.5656, "car_lcLookaheadLeft": 54.4097, "car_lcPushy": 0.2568, "car_lcSigma": 0.9073, "car_lcSpeedGainRight": 0.6316, "car_lcSublane": 0.3445, "car_sigma": 0.3516, "car_tau_mean": 2.6541, "car_tau_std": 5.3787, "car_v_mean": 10.3053, "car_v_std": 19.738}, "datetime": {"datetime": "2024-09-05 13:02:07", "elapsed": 7982.854064, "delta": 8.686597}}
{"target": -0.1903963495425048, "params": {"bus_acc": 3.3887, "bus_dcc": 1.1963, "bus_lcAssertive": 13.1322, "bus_lcCooperative": 0.7069, "bus_lcLookaheadLeft": 72.6805, "bus_lcPushy": 0.7815, "bus_lcSigma": 0.4594, "bus_lcSpeedGainRight": 1.0344, "bus_lcSublane": 0.7857, "bus_sigma": 0.6013, "bus_tau_mean": 2.4698, "bus_tau_std": 2.2843, "bus_v_mean": 24.823, "bus_v_std": 14.4493, "car_acc": 1.3042, "car_dcc": 3.2165, "car_lcAssertive": 51.9641, "car_lcCooperative": 0.1978, "car_lcLookaheadLeft": 11.1793, "car_lcPushy": 0.4702, "car_lcSigma": 0.4445, "car_lcSpeedGainRight": 1.0959, "car_lcSublane": 0.1281, "car_sigma": 0.5968, "car_tau_mean": 3.4199, "car_tau_std": 1.6139, "car_v_mean": 25.795, "car_v_std": 1.9639}, "datetime": {"datetime": "2024-09-05 13:02:17", "elapsed": 7992.927114, "delta": 10.07305}}
{"target": -0.1922248161921797, "params": {"bus_acc": 3.5947, "bus_dcc": 3.7953, "bus_lcAssertive": 62.1263, "bus_lcCooperative": 0.8065, "bus_lcLookaheadLeft": 67.2777, "bus_lcPushy": 0.7358, "bus_lcSigma": 0.3966, "bus_lcSpeedGainRight": 3.6507, "bus_lcSublane": 0.9254, "bus_sigma": 0.5575, "bus_tau_mean": 3.8219, "bus_tau_std": 1.4003, "bus_v_mean": 13.3657, "bus_v_std": 9.9978, "car_acc": 3.91, "car_dcc": 2.7545, "car_lcAssertive": 12.7644, "car_lcCooperative": 0.3154, "car_lcLookaheadLeft": 64.9484, "car_lcPushy": 0.5316, "car_lcSigma": 0.2539, "car_lcSpeedGainRight": 2.6312, "car_lcSublane": 0.2459, "car_sigma": 0.1587, "car_tau_mean": 3.9492, "car_tau_std": 2.2017, "car_v_mean": 9.979, "car_v_std": 14.8305}, "datetime": {"datetime": "2024-09-05 13:02:25", "elapsed": 8000.756436, "delta": 7.829322}}
{"target": -0.22857074722000473, "params": {"bus_acc": 1.2538, "bus_dcc": 2.2729, "bus_lcAssertive": 61.2751, "bus_lcCooperative": 0.0915, "bus_lcLookaheadLeft": 20.9646, "bus_lcPushy": 0.0264, "bus_lcSigma": 0.8327, "bus_lcSpeedGainRight": 3.5152, "bus_lcSublane": 0.4592, "bus_sigma": 0.8292, "bus_tau_mean": 2.361, "bus_tau_std": 0.5496, "bus_v_mean": 20.5899, "bus_v_std": 5.5863, "car_acc": 0.9808, "car_dcc": 2.2787, "car_lcAssertive": 24.5216, "car_lcCooperative": 0.7432, "car_lcLookaheadLeft": 38.363, "car_lcPushy": 0.2774, "car_lcSigma": 0.469, "car_lcSpeedGainRight": 2.8141, "car_lcSublane": 0.9536, "car_sigma": 0.7062, "car_tau_mean": 3.884, "car_tau_std": 1.8968, "car_v_mean": 17.872, "car_v_std": 7.5935}, "datetime": {"datetime": "2024-09-05 13:02:34", "elapsed": 8010.307658, "delta": 9.551222}}
{"target": -0.26426671819678516, "params": {"bus_acc": 3.1472, "bus_dcc": 2.5877, "bus_lcAssertive": 26.569, "bus_lcCooperative": 0.3548, "bus_lcLookaheadLeft": 33.1222, "bus_lcPushy": 0.4396, "bus_lcSigma": 0.0326, "bus_lcSpeedGainRight": 0.2576, "bus_lcSublane": 0.1047, "bus_sigma": 0.7877, "bus_tau_mean": 2.996, "bus_tau_std": 7.323, "bus_v_mean": 25.4915, "bus_v_std": 13.2481, "car_acc": 0.2603, "car_dcc": 0.5172, "car_lcAssertive": 63.5939, "car_lcCooperative": 0.2169, "car_lcLookaheadLeft": 87.8307, "car_lcPushy": 0.6934, "car_lcSigma": 0.9782, "car_lcSpeedGainRight": 4.6245, "car_lcSublane": 0.3442, "car_sigma": 0.4443, "car_tau_mean": 0.8805, "car_tau_std": 6.3089, "car_v_mean": 8.9048, "car_v_std": 15.1237}, "datetime": {"datetime": "2024-09-05 13:02:52", "elapsed": 8027.84567, "delta": 17.538012}}
{"target": -0.1806862450578847, "params": {"bus_acc": 3.823, "bus_dcc": 1.5218, "bus_lcAssertive": 54.9265, "bus_lcCooperative": 0.5627, "bus_lcLookaheadLeft": 91.5959, "bus_lcPushy": 0.2255, "bus_lcSigma": 0.7506, "bus_lcSpeedGainRight": 4.0285, "bus_lcSublane": 0.6872, "bus_sigma": 0.327, "bus_tau_mean": 3.1151, "bus_tau_std": 9.6345, "bus_v_mean": 22.0211, "bus_v_std": 6.5748, "car_acc": 1.9006, "car_dcc": 3.0726, "car_lcAssertive": 26.5002, "car_lcCooperative": 0.1345, "car_lcLookaheadLeft": 32.8411, "car_lcPushy": 0.4389, "car_lcSigma": 0.0302, "car_lcSpeedGainRight": 3.4519, "car_lcSublane": 0.9898, "car_sigma": 0.2533, "car_tau_mean": 2.3878, "car_tau_std": 5.7211, "car_v_mean": 21.5563, "car_v_std": 2.0145}, "datetime": {"datetime": "2024-09-05 13:03:04", "elapsed": 8039.888993, "delta": 12.043323}}
{"target": -0.16857259668443617, "params": {"bus_acc": 3.9623, "bus_dcc": 1.4938, "bus_lcAssertive": 35.3486, "bus_lcCooperative": 0.964, "bus_lcLookaheadLeft": 11.3527, "bus_lcPushy": 0.8282, "bus_lcSigma": 0.2855, "bus_lcSpeedGainRight": 0.8706, "bus_lcSublane": 0.8346, "bus_sigma": 0.4995, "bus_tau_mean": 2.7317, "bus_tau_std": 9.7959, "bus_v_mean": 11.7825, "bus_v_std": 3.405, "car_acc": 2.2914, "car_dcc": 3.1614, "car_lcAssertive": 51.7883, "car_lcCooperative": 0.6249, "car_lcLookaheadLeft": 17.4519, "car_lcPushy": 0.8785, "car_lcSigma": 0.8416, "car_lcSpeedGainRight": 2.0268, "car_lcSublane": 0.936, "car_sigma": 0.7492, "car_tau_mean": 2.8851, "car_tau_std": 3.8369, "car_v_mean": 23.0119, "car_v_std": 19.142}, "datetime": {"datetime": "2024-09-05 13:03:15", "elapsed": 8050.559319, "delta": 10.670326}}
{"target": -0.16988990817277547, "params": {"bus_acc": 0.9689, "bus_dcc": 3.3784, "bus_lcAssertive": 12.5898, "bus_lcCooperative": 0.7616, "bus_lcLookaheadLeft": 20.8101, "bus_lcPushy": 0.3399, "bus_lcSigma": 0.6385, "bus_lcSpeedGainRight": 1.9568, "bus_lcSublane": 0.3566, "bus_sigma": 0.7387, "bus_tau_mean": 1.3778, "bus_tau_std": 9.5035, "bus_v_mean": 19.8117, "bus_v_std": 10.8277, "car_acc": 1.0074, "car_dcc": 2.1068, "car_lcAssertive": 93.2526, "car_lcCooperative": 0.5347, "car_lcLookaheadLeft": 57.9743, "car_lcPushy": 0.0565, "car_lcSigma": 0.8329, "car_lcSpeedGainRight": 2.0821, "car_lcSublane": 0.4849, "car_sigma": 0.3848, "car_tau_mean": 3.1704, "car_tau_std": 1.2732, "car_v_mean": 15.022, "car_v_std": 13.5078}, "datetime": {"datetime": "2024-09-05 13:03:35", "elapsed": 8071.080702, "delta": 20.521383}}
{"target": -0.1934493569255982, "params": {"bus_acc": 2.9677, "bus_dcc": 0.5103, "bus_lcAssertive": 79.6474, "bus_lcCooperative": 0.3431, "bus_lcLookaheadLeft": 46.7771, "bus_lcPushy": 0.6789, "bus_lcSigma": 0.2968, "bus_lcSpeedGainRight": 1.6034, "bus_lcSublane": 0.8561, "bus_sigma": 0.9447, "bus_tau_mean": 1.5195, "bus_tau_std": 3.9306, "bus_v_mean": 22.2107, "bus_v_std": 7.1134, "car_acc": 0.9859, "car_dcc": 3.8873, "car_lcAssertive": 43.5487, "car_lcCooperative": 0.047, "car_lcLookaheadLeft": 75.2691, "car_lcPushy": 0.3247, "car_lcSigma": 0.5384, "car_lcSpeedGainRight": 2.9933, "car_lcSublane": 0.2879, "car_sigma": 0.4239, "car_tau_mean": 2.3043, "car_tau_std": 8.524, "car_v_mean": 18.4515, "car_v_std": 19.3319}, "datetime": {"datetime": "2024-09-05 13:03:47", "elapsed": 8082.840051, "delta": 11.759349}}
{"target": -0.1684029703386406, "params": {"bus_acc": 2.3762, "bus_dcc": 1.9938, "bus_lcAssertive": 72.2024, "bus_lcCooperative": 0.942, "bus_lcLookaheadLeft": 96.0737, "bus_lcPushy": 0.201, "bus_lcSigma": 0.6538, "bus_lcSpeedGainRight": 3.6624, "bus_lcSublane": 0.7866, "bus_sigma": 0.6799, "bus_tau_mean": 1.7253, "bus_tau_std": 9.7038, "bus_v_mean": 13.2893, "bus_v_std": 10.2458, "car_acc": 3.5733, "car_dcc": 2.7923, "car_lcAssertive": 8.1825, "car_lcCooperative": 0.3378, "car_lcLookaheadLeft": 35.9132, "car_lcPushy": 0.1474, "car_lcSigma": 0.3681, "car_lcSpeedGainRight": 3.2805, "car_lcSublane": 0.1014, "car_sigma": 0.5456, "car_tau_mean": 2.2952, "car_tau_std": 2.2381, "car_v_mean": 24.0053, "car_v_std": 18.4003}, "datetime": {"datetime": "2024-09-05 13:04:07", "elapsed": 8102.678391, "delta": 19.83834}}
{"target": -0.2726035227637169, "params": {"bus_acc": 3.8766, "bus_dcc": 0.7905, "bus_lcAssertive": 92.1025, "bus_lcCooperative": 0.7658, "bus_lcLookaheadLeft": 37.1854, "bus_lcPushy": 0.0831, "bus_lcSigma": 0.2615, "bus_lcSpeedGainRight": 2.8711, "bus_lcSublane": 0.3988, "bus_sigma": 0.1956, "bus_tau_mean": 1.6581, "bus_tau_std": 1.9367, "bus_v_mean": 19.0748, "bus_v_std": 4.8995, "car_acc": 2.2915, "car_dcc": 0.6598, "car_lcAssertive": 25.3614, "car_lcCooperative": 0.283, "car_lcLookaheadLeft": 53.7738, "car_lcPushy": 0.7966, "car_lcSigma": 0.4104, "car_lcSpeedGainRight": 4.5386, "car_lcSublane": 0.5984, "car_sigma": 0.5117, "car_tau_mean": 1.188, "car_tau_std": 4.7993, "car_v_mean": 24.6635, "car_v_std": 7.7099}, "datetime": {"datetime": "2024-09-05 13:04:19", "elapsed": 8114.588663, "delta": 11.910272}}
{"target": -0.2102389793048064, "params": {"bus_acc": 2.5288, "bus_dcc": 1.3959, "bus_lcAssertive": 97.4228, "bus_lcCooperative": 0.0949, "bus_lcLookaheadLeft": 17.6273, "bus_lcPushy": 0.5358, "bus_lcSigma": 0.6921, "bus_lcSpeedGainRight": 2.2119, "bus_lcSublane": 0.6642, "bus_sigma": 0.707, "bus_tau_mean": 3.2098, "bus_tau_std": 0.8094, "bus_v_mean": 9.4377, "bus_v_std": 18.6455, "car_acc": 0.9404, "car_dcc": 3.9691, "car_lcAssertive": 28.9645, "car_lcCooperative": 0.6919, "car_lcLookaheadLeft": 63.1461, "car_lcPushy": 0.5741, "car_lcSigma": 0.8909, "car_lcSpeedGainRight": 4.6169, "car_lcSublane": 0.8036, "car_sigma": 0.5561, "car_tau_mean": 0.5723, "car_tau_std": 5.1698, "car_v_mean": 14.4309, "car_v_std": 1.5688}, "datetime": {"datetime": "2024-09-05 13:04:31", "elapsed": 8126.716553, "delta": 12.12789}}
{"target": -0.1936691872534052, "params": {"bus_acc": 1.4422, "bus_dcc": 3.478, "bus_lcAssertive": 4.8178, "bus_lcCooperative": 0.6603, "bus_lcLookaheadLeft": 80.0057, "bus_lcPushy": 0.7247, "bus_lcSigma": 0.3777, "bus_lcSpeedGainRight": 4.6294, "bus_lcSublane": 0.3201, "bus_sigma": 0.4216, "bus_tau_mean": 3.7981, "bus_tau_std": 3.6482, "bus_v_mean": 14.2812, "bus_v_std": 15.0516, "car_acc": 1.6895, "car_dcc": 1.2674, "car_lcAssertive": 37.8464, "car_lcCooperative": 0.4408, "car_lcLookaheadLeft": 52.7905, "car_lcPushy": 0.8224, "car_lcSigma": 0.3641, "car_lcSpeedGainRight": 0.3807, "car_lcSublane": 0.1002, "car_sigma": 0.233, "car_tau_mean": 2.1887, "car_tau_std": 7.7834, "car_v_mean": 25.259, "car_v_std": 0.926}, "datetime": {"datetime": "2024-09-05 13:04:44", "elapsed": 8139.807861, "delta": 13.091308}}
{"target": -2.372934988620891, "params": {"bus_acc": 2.9716, "bus_dcc": 1.3649, "bus_lcAssertive": 93.4069, "bus_lcCooperative": 0.3263, "bus_lcLookaheadLeft": 52.7127, "bus_lcPushy": 0.5399, "bus_lcSigma": 0.7238, "bus_lcSpeedGainRight": 2.8809, "bus_lcSublane": 0.5143, "bus_sigma": 0.9733, "bus_tau_mean": 3.7341, "bus_tau_std": 1.9444, "bus_v_mean": 18.6376, "bus_v_std": 6.2949, "car_acc": 3.0206, "car_dcc": 1.1073, "car_lcAssertive": 18.5821, "car_lcCooperative": 0.4049, "car_lcLookaheadLeft": 52.7153, "car_lcPushy": 0.0062, "car_lcSigma": 0.0811, "car_lcSpeedGainRight": 0.0735, "car_lcSublane": 0.7386, "car_sigma": 0.7746, "car_tau_mean": 1.5148, "car_tau_std": 5.5202, "car_v_mean": 8.635, "car_v_std": 4.5901}, "datetime": {"datetime": "2024-09-05 13:04:52", "elapsed": 8147.591867, "delta": 7.784006}}
{"target": -0.18861038252513676, "params": {"bus_acc": 1.085, "bus_dcc": 3.7071, "bus_lcAssertive": 32.7862, "bus_lcCooperative": 0.6797, "bus_lcLookaheadLeft": 70.299, "bus_lcPushy": 0.2595, "bus_lcSigma": 0.804, "bus_lcSpeedGainRight": 1.4601, "bus_lcSublane": 0.2656, "bus_sigma": 0.7609, "bus_tau_mean": 0.5258, "bus_tau_std": 4.6257, "bus_v_mean": 9.6139, "bus_v_std": 10.7667, "car_acc": 3.1605, "car_dcc": 1.288, "car_lcAssertive": 11.6931, "car_lcCooperative": 0.1669, "car_lcLookaheadLeft": 46.1996, "car_lcPushy": 0.8931, "car_lcSigma": 0.0414, "car_lcSpeedGainRight": 4.9796, "car_lcSublane": 0.4286, "car_sigma": 0.6504, "car_tau_mean": 1.0543, "car_tau_std": 1.3689, "car_v_mean": 22.7771, "car_v_std": 12.6274}, "datetime": {"datetime": "2024-09-05 13:05:00", "elapsed": 8156.009785, "delta": 8.417918}}
{"target": -0.7188740276573293, "params": {"bus_acc": 0.976, "bus_dcc": 0.2411, "bus_lcAssertive": 16.1729, "bus_lcCooperative": 0.126, "bus_lcLookaheadLeft": 68.3702, "bus_lcPushy": 0.3482, "bus_lcSigma": 0.929, "bus_lcSpeedGainRight": 3.9755, "bus_lcSublane": 0.8232, "bus_sigma": 0.8163, "bus_tau_mean": 3.1453, "bus_tau_std": 8.8254, "bus_v_mean": 9.8252, "bus_v_std": 8.4717, "car_acc": 1.0127, "car_dcc": 0.3575, "car_lcAssertive": 35.7833, "car_lcCooperative": 0.9318, "car_lcLookaheadLeft": 34.4763, "car_lcPushy": 0.0932, "car_lcSigma": 0.7148, "car_lcSpeedGainRight": 0.5478, "car_lcSublane": 0.5475, "car_sigma": 0.0068, "car_tau_mean": 3.1935, "car_tau_std": 8.8817, "car_v_mean": 19.034, "car_v_std": 3.0494}, "datetime": {"datetime": "2024-09-05 13:05:09", "elapsed": 8165.051016, "delta": 9.041231}}
{"target": -0.2321223605973164, "params": {"bus_acc": 2.0134, "bus_dcc": 2.0369, "bus_lcAssertive": 70.8147, "bus_lcCooperative": 0.6207, "bus_lcLookaheadLeft": 12.3447, "bus_lcPushy": 0.8736, "bus_lcSigma": 0.7689, "bus_lcSpeedGainRight": 2.1314, "bus_lcSublane": 0.0951, "bus_sigma": 0.546, "bus_tau_mean": 1.0552, "bus_tau_std": 5.6715, "bus_v_mean": 23.7663, "bus_v_std": 7.652, "car_acc": 2.7019, "car_dcc": 1.9499, "car_lcAssertive": 70.0872, "car_lcCooperative": 0.2704, "car_lcLookaheadLeft": 20.5499, "car_lcPushy": 0.6716, "car_lcSigma": 0.1572, "car_lcSpeedGainRight": 3.6588, "car_lcSublane": 0.3645, "car_sigma": 0.1264, "car_tau_mean": 0.5195, "car_tau_std": 1.319, "car_v_mean": 18.4666, "car_v_std": 2.8202}, "datetime": {"datetime": "2024-09-05 13:05:18", "elapsed": 8174.310852, "delta": 9.259836}}
{"target": -0.19067485470351844, "params": {"bus_acc": 3.8287, "bus_dcc": 3.2707, "bus_lcAssertive": 47.2111, "bus_lcCooperative": 0.5071, "bus_lcLookaheadLeft": 79.1481, "bus_lcPushy": 0.1007, "bus_lcSigma": 0.2069, "bus_lcSpeedGainRight": 2.3267, "bus_lcSublane": 0.1672, "bus_sigma": 0.0873, "bus_tau_mean": 0.6517, "bus_tau_std": 1.9269, "bus_v_mean": 23.3715, "bus_v_std": 7.5899, "car_acc": 3.321, "car_dcc": 2.4329, "car_lcAssertive": 68.0556, "car_lcCooperative": 0.8233, "car_lcLookaheadLeft": 55.0756, "car_lcPushy": 0.7244, "car_lcSigma": 0.696, "car_lcSpeedGainRight": 0.8831, "car_lcSublane": 0.1518, "car_sigma": 0.3043, "car_tau_mean": 2.3392, "car_tau_std": 9.0662, "car_v_mean": 20.3129, "car_v_std": 11.6734}, "datetime": {"datetime": "2024-09-05 13:05:35", "elapsed": 8191.051887, "delta": 16.741035}}
{"target": -0.17978567549833058, "params": {"bus_acc": 0.7336, "bus_dcc": 1.7781, "bus_lcAssertive": 82.4783, "bus_lcCooperative": 0.2765, "bus_lcLookaheadLeft": 26.3216, "bus_lcPushy": 0.6555, "bus_lcSigma": 0.7481, "bus_lcSpeedGainRight": 0.8563, "bus_lcSublane": 0.2011, "bus_sigma": 0.6908, "bus_tau_mean": 3.6993, "bus_tau_std": 2.7921, "bus_v_mean": 10.7722, "bus_v_std": 2.004, "car_acc": 3.9117, "car_dcc": 1.0772, "car_lcAssertive": 14.9798, "car_lcCooperative": 0.827, "car_lcLookaheadLeft": 45.1477, "car_lcPushy": 0.4427, "car_lcSigma": 0.8637, "car_lcSpeedGainRight": 0.8821, "car_lcSublane": 0.153, "car_sigma": 0.3716, "car_tau_mean": 1.1057, "car_tau_std": 5.6123, "car_v_mean": 14.7022, "car_v_std": 15.278}, "datetime": {"datetime": "2024-09-05 13:05:47", "elapsed": 8203.378345, "delta": 12.326458}}
