{"target": -0.21814477725700607, "params": {"bus_acc": 1.0522, "bus_dcc": 2.3773, "bus_lcAssertive": 16.7113, "bus_lcCooperative": 0.6067, "bus_lcLookaheadLeft": 86.5723, "bus_lcPushy": 0.7958, "bus_lcSigma": 0.2008, "bus_lcSpeedGainRight": 0.6925, "bus_lcSublane": 0.087, "bus_sigma": 0.4001, "bus_tau_mean": 3.8733, "bus_tau_std": 2.4949, "bus_v_mean": 15.9196, "bus_v_std": 4.4997, "car_acc": 0.872, "car_dcc": 3.7866, "car_lcAssertive": 78.893, "car_lcCooperative": 0.5965, "car_lcLookaheadLeft": 87.0626, "car_lcPushy": 0.3626, "car_lcSigma": 0.7869, "car_lcSpeedGainRight": 3.1687, "car_lcSublane": 0.2976, "car_sigma": 0.2164, "car_tau_mean": 2.4535, "car_tau_std": 9.6618, "car_v_mean": 15.5187, "car_v_std": 3.6304}, "datetime": {"datetime": "2024-09-05 12:06:44", "elapsed": 4659.932366, "delta": 8.67072}}
{"target": -0.7353657708292854, "params": {"bus_acc": 0.3197, "bus_dcc": 0.2531, "bus_lcAssertive": 67.0671, "bus_lcCooperative": 0.8806, "bus_lcLookaheadLeft": 9.9062, "bus_lcPushy": 0.1161, "bus_lcSigma": 0.1119, "bus_lcSpeedGainRight": 4.3865, "bus_lcSublane": 0.2233, "bus_sigma": 0.307, "bus_tau_mean": 2.4098, "bus_tau_std": 1.28, "bus_v_mean": 14.3135, "bus_v_std": 7.8868, "car_acc": 2.0598, "car_dcc": 0.4074, "car_lcAssertive": 6.4244, "car_lcCooperative": 0.531, "car_lcLookaheadLeft": 43.2406, "car_lcPushy": 0.8821, "car_lcSigma": 0.4918, "car_lcSpeedGainRight": 4.4074, "car_lcSublane": 0.9142, "car_sigma": 0.8413, "car_tau_mean": 0.5198, "car_tau_std": 4.2268, "car_v_mean": 22.3365, "car_v_std": 10.9911}, "datetime": {"datetime": "2024-09-05 12:06:54", "elapsed": 4669.796939, "delta": 9.864573}}
{"target": -0.7103532558126613, "params": {"bus_acc": 0.6097, "bus_dcc": 3.3308, "bus_lcAssertive": 22.6597, "bus_lcCooperative": 0.3395, "bus_lcLookaheadLeft": 54.0043, "bus_lcPushy": 0.057, "bus_lcSigma": 0.311, "bus_lcSpeedGainRight": 0.2338, "bus_lcSublane": 0.846, "bus_sigma": 0.9793, "bus_tau_mean": 2.6266, "bus_tau_std": 8.3942, "bus_v_mean": 25.7847, "bus_v_std": 8.0205, "car_acc": 1.538, "car_dcc": 0.5835, "car_lcAssertive": 61.9891, "car_lcCooperative": 0.2609, "car_lcLookaheadLeft": 66.2292, "car_lcPushy": 0.9495, "car_lcSigma": 0.2319, "car_lcSpeedGainRight": 2.8347, "car_lcSublane": 0.8479, "car_sigma": 0.0113, "car_tau_mean": 2.6257, "car_tau_std": 4.0949, "car_v_mean": 9.0634, "car_v_std": 16.3412}, "datetime": {"datetime": "2024-09-05 12:07:05", "elapsed": 4680.467293, "delta": 10.670354}}
{"target": -0.19014290405465517, "params": {"bus_acc": 2.8902, "bus_dcc": 3.8535, "bus_lcAssertive": 14.6587, "bus_lcCooperative": 0.4994, "bus_lcLookaheadLeft": 84.8186, "bus_lcPushy": 0.0699, "bus_lcSigma": 0.4517, "bus_lcSpeedGainRight": 0.606, "bus_lcSublane": 0.6902, "bus_sigma": 0.3899, "bus_tau_mean": 0.6513, "bus_tau_std": 8.2227, "bus_v_mean": 19.2073, "bus_v_std": 0.0225, "car_acc": 2.1047, "car_dcc": 2.8159, "car_lcAssertive": 28.1648, "car_lcCooperative": 0.8088, "car_lcLookaheadLeft": 94.4757, "car_lcPushy": 0.4237, "car_lcSigma": 0.7908, "car_lcSpeedGainRight": 0.7694, "car_lcSublane": 0.6304, "car_sigma": 0.3742, "car_tau_mean": 1.4418, "car_tau_std": 7.142, "car_v_mean": 23.7702, "car_v_std": 16.7863}, "datetime": {"datetime": "2024-09-05 12:07:09", "elapsed": 4685.157596, "delta": 4.690303}}
{"target": -0.21236053895255957, "params": {"bus_acc": 0.305, "bus_dcc": 0.5509, "bus_lcAssertive": 38.2481, "bus_lcCooperative": 0.3969, "bus_lcLookaheadLeft": 59.4718, "bus_lcPushy": 0.8586, "bus_lcSigma": 0.7054, "bus_lcSpeedGainRight": 3.778, "bus_lcSublane": 0.49, "bus_sigma": 0.6713, "bus_tau_mean": 0.5318, "bus_tau_std": 6.5052, "bus_v_mean": 11.3693, "bus_v_std": 2.2045, "car_acc": 3.188, "car_dcc": 2.1103, "car_lcAssertive": 41.7871, "car_lcCooperative": 0.3408, "car_lcLookaheadLeft": 55.3993, "car_lcPushy": 0.6771, "car_lcSigma": 0.8844, "car_lcSpeedGainRight": 4.9296, "car_lcSublane": 0.8558, "car_sigma": 0.9274, "car_tau_mean": 3.0482, "car_tau_std": 5.1417, "car_v_mean": 18.6892, "car_v_std": 19.3756}, "datetime": {"datetime": "2024-09-05 12:07:31", "elapsed": 4706.637421, "delta": 21.479825}}
{"target": -0.2093035601732615, "params": {"bus_acc": 1.7522, "bus_dcc": 2.8985, "bus_lcAssertive": 12.931, "bus_lcCooperative": 0.3262, "bus_lcLookaheadLeft": 28.5414, "bus_lcPushy": 0.9668, "bus_lcSigma": 0.0462, "bus_lcSpeedGainRight": 4.2091, "bus_lcSublane": 0.7721, "bus_sigma": 0.0317, "bus_tau_mean": 3.3955, "bus_tau_std": 8.0661, "bus_v_mean": 21.392, "bus_v_std": 3.3449, "car_acc": 1.1072, "car_dcc": 0.353, "car_lcAssertive": 50.1139, "car_lcCooperative": 0.3606, "car_lcLookaheadLeft": 51.5503, "car_lcPushy": 0.8249, "car_lcSigma": 0.2961, "car_lcSpeedGainRight": 3.1769, "car_lcSublane": 0.5529, "car_sigma": 0.576, "car_tau_mean": 2.6416, "car_tau_std": 7.5122, "car_v_mean": 14.9165, "car_v_std": 3.8981}, "datetime": {"datetime": "2024-09-05 12:07:39", "elapsed": 4714.47728, "delta": 7.839859}}
{"target": -0.16037241611385114, "params": {"bus_acc": 1.4857, "bus_dcc": 2.3926, "bus_lcAssertive": 63.5438, "bus_lcCooperative": 0.6352, "bus_lcLookaheadLeft": 51.9207, "bus_lcPushy": 0.7563, "bus_lcSigma": 0.2407, "bus_lcSpeedGainRight": 0.7513, "bus_lcSublane": 0.3123, "bus_sigma": 0.7288, "bus_tau_mean": 2.7899, "bus_tau_std": 8.3249, "bus_v_mean": 24.3677, "bus_v_std": 13.8187, "car_acc": 3.0976, "car_dcc": 2.8182, "car_lcAssertive": 15.8236, "car_lcCooperative": 0.4414, "car_lcLookaheadLeft": 6.4699, "car_lcPushy": 0.6268, "car_lcSigma": 0.286, "car_lcSpeedGainRight": 3.7274, "car_lcSublane": 0.685, "car_sigma": 0.2774, "car_tau_mean": 0.9582, "car_tau_std": 9.684, "car_v_mean": 14.6733, "car_v_std": 5.8204}, "datetime": {"datetime": "2024-09-05 12:07:43", "elapsed": 4718.883018, "delta": 4.405738}}
{"target": -0.8237091593214978, "params": {"bus_acc": 2.9624, "bus_dcc": 0.6895, "bus_lcAssertive": 42.0998, "bus_lcCooperative": 0.5792, "bus_lcLookaheadLeft": 99.6996, "bus_lcPushy": 0.4459, "bus_lcSigma": 0.2085, "bus_lcSpeedGainRight": 1.9179, "bus_lcSublane": 0.8129, "bus_sigma": 0.2417, "bus_tau_mean": 2.1629, "bus_tau_std": 0.1957, "bus_v_mean": 12.002, "bus_v_std": 15.3139, "car_acc": 2.2213, "car_dcc": 2.2876, "car_lcAssertive": 14.0627, "car_lcCooperative": 0.1167, "car_lcLookaheadLeft": 68.5662, "car_lcPushy": 0.3986, "car_lcSigma": 0.809, "car_lcSpeedGainRight": 1.5288, "car_lcSublane": 0.818, "car_sigma": 0.7478, "car_tau_mean": 3.7682, "car_tau_std": 4.4888, "car_v_mean": 16.8829, "car_v_std": 12.8244}, "datetime": {"datetime": "2024-09-05 12:07:51", "elapsed": 4727.436943, "delta": 8.553925}}
{"target": -1.161435364954528, "params": {"bus_acc": 0.4998, "bus_dcc": 3.6686, "bus_lcAssertive": 65.4142, "bus_lcCooperative": 0.0125, "bus_lcLookaheadLeft": 95.7436, "bus_lcPushy": 0.9712, "bus_lcSigma": 0.9192, "bus_lcSpeedGainRight": 4.3654, "bus_lcSublane": 0.6498, "bus_sigma": 0.3878, "bus_tau_mean": 0.7827, "bus_tau_std": 3.6395, "bus_v_mean": 10.8206, "bus_v_std": 12.1493, "car_acc": 0.6289, "car_dcc": 2.1554, "car_lcAssertive": 85.8112, "car_lcCooperative": 0.9854, "car_lcLookaheadLeft": 69.0733, "car_lcPushy": 0.3354, "car_lcSigma": 0.3974, "car_lcSpeedGainRight": 1.8438, "car_lcSublane": 0.8815, "car_sigma": 0.7122, "car_tau_mean": 2.4902, "car_tau_std": 1.4389, "car_v_mean": 14.2928, "car_v_std": 0.936}, "datetime": {"datetime": "2024-09-05 12:07:58", "elapsed": 4734.309587, "delta": 6.872644}}
{"target": -0.18509168694552436, "params": {"bus_acc": 3.8304, "bus_dcc": 2.6905, "bus_lcAssertive": 37.6338, "bus_lcCooperative": 0.3691, "bus_lcLookaheadLeft": 78.9094, "bus_lcPushy": 0.2665, "bus_lcSigma": 0.6925, "bus_lcSpeedGainRight": 0.5123, "bus_lcSublane": 0.5638, "bus_sigma": 0.1186, "bus_tau_mean": 0.8115, "bus_tau_std": 4.0056, "bus_v_mean": 20.0005, "bus_v_std": 7.8454, "car_acc": 3.2291, "car_dcc": 3.8906, "car_lcAssertive": 85.5465, "car_lcCooperative": 0.1246, "car_lcLookaheadLeft": 66.7076, "car_lcPushy": 0.4733, "car_lcSigma": 0.5459, "car_lcSpeedGainRight": 2.2024, "car_lcSublane": 0.7644, "car_sigma": 0.7863, "car_tau_mean": 0.9984, "car_tau_std": 2.1238, "car_v_mean": 19.7608, "car_v_std": 10.123}, "datetime": {"datetime": "2024-09-05 12:08:05", "elapsed": 4741.247759, "delta": 6.938172}}
{"target": -0.21742265191457044, "params": {"bus_acc": 3.2369, "bus_dcc": 1.0386, "bus_lcAssertive": 51.9388, "bus_lcCooperative": 0.7688, "bus_lcLookaheadLeft": 21.2488, "bus_lcPushy": 0.1996, "bus_lcSigma": 0.4277, "bus_lcSpeedGainRight": 1.4238, "bus_lcSublane": 0.1835, "bus_sigma": 0.1109, "bus_tau_mean": 1.3006, "bus_tau_std": 6.0657, "bus_v_mean": 19.2255, "bus_v_std": 11.7451, "car_acc": 1.6899, "car_dcc": 0.7256, "car_lcAssertive": 72.8815, "car_lcCooperative": 0.841, "car_lcLookaheadLeft": 9.0473, "car_lcPushy": 0.2121, "car_lcSigma": 0.5398, "car_lcSpeedGainRight": 0.3674, "car_lcSublane": 0.802, "car_sigma": 0.0909, "car_tau_mean": 0.5118, "car_tau_std": 9.5544, "car_v_mean": 18.3388, "car_v_std": 12.17}, "datetime": {"datetime": "2024-09-05 12:08:36", "elapsed": 4771.467145, "delta": 30.219386}}
{"target": -0.20816517771531814, "params": {"bus_acc": 2.2661, "bus_dcc": 2.2033, "bus_lcAssertive": 29.7943, "bus_lcCooperative": 0.2995, "bus_lcLookaheadLeft": 88.0887, "bus_lcPushy": 0.5572, "bus_lcSigma": 0.1885, "bus_lcSpeedGainRight": 0.7724, "bus_lcSublane": 0.086, "bus_sigma": 0.9972, "bus_tau_mean": 2.5989, "bus_tau_std": 1.4696, "bus_v_mean": 11.8465, "bus_v_std": 8.9073, "car_acc": 1.0913, "car_dcc": 1.6665, "car_lcAssertive": 47.3622, "car_lcCooperative": 0.4478, "car_lcLookaheadLeft": 76.7761, "car_lcPushy": 0.3297, "car_lcSigma": 0.0913, "car_lcSpeedGainRight": 0.8321, "car_lcSublane": 0.4193, "car_sigma": 0.3734, "car_tau_mean": 1.9523, "car_tau_std": 3.063, "car_v_mean": 19.73, "car_v_std": 12.0542}, "datetime": {"datetime": "2024-09-05 12:08:39", "elapsed": 4774.708372, "delta": 3.241227}}
{"target": -0.19370200119736278, "params": {"bus_acc": 0.914, "bus_dcc": 2.6304, "bus_lcAssertive": 82.2089, "bus_lcCooperative": 0.6299, "bus_lcLookaheadLeft": 84.1772, "bus_lcPushy": 0.3075, "bus_lcSigma": 0.4584, "bus_lcSpeedGainRight": 2.3573, "bus_lcSublane": 0.5682, "bus_sigma": 0.035, "bus_tau_mean": 2.386, "bus_tau_std": 9.3173, "bus_v_mean": 12.1027, "bus_v_std": 4.0281, "car_acc": 2.7658, "car_dcc": 3.5591, "car_lcAssertive": 86.577, "car_lcCooperative": 0.5709, "car_lcLookaheadLeft": 36.1996, "car_lcPushy": 0.1207, "car_lcSigma": 0.4568, "car_lcSpeedGainRight": 2.5303, "car_lcSublane": 0.8504, "car_sigma": 0.4267, "car_tau_mean": 3.4943, "car_tau_std": 8.0363, "car_v_mean": 12.4523, "car_v_std": 16.4993}, "datetime": {"datetime": "2024-09-05 12:08:50", "elapsed": 4786.094486, "delta": 11.386114}}
{"target": -0.19244511594348293, "params": {"bus_acc": 2.2306, "bus_dcc": 1.0783, "bus_lcAssertive": 58.1442, "bus_lcCooperative": 0.1934, "bus_lcLookaheadLeft": 95.2434, "bus_lcPushy": 0.3332, "bus_lcSigma": 0.0413, "bus_lcSpeedGainRight": 3.2596, "bus_lcSublane": 0.7331, "bus_sigma": 0.9765, "bus_tau_mean": 0.906, "bus_tau_std": 1.8875, "bus_v_mean": 10.3744, "bus_v_std": 15.3764, "car_acc": 3.829, "car_dcc": 3.1989, "car_lcAssertive": 20.42, "car_lcCooperative": 0.9928, "car_lcLookaheadLeft": 82.3992, "car_lcPushy": 0.0226, "car_lcSigma": 0.6526, "car_lcSpeedGainRight": 1.5442, "car_lcSublane": 0.2148, "car_sigma": 0.6398, "car_tau_mean": 1.0237, "car_tau_std": 7.7221, "car_v_mean": 8.8737, "car_v_std": 6.2218}, "datetime": {"datetime": "2024-09-05 12:08:56", "elapsed": 4792.238334, "delta": 6.143848}}
{"target": -0.1908907553651649, "params": {"bus_acc": 1.9438, "bus_dcc": 2.8072, "bus_lcAssertive": 60.6388, "bus_lcCooperative": 0.1151, "bus_lcLookaheadLeft": 61.0731, "bus_lcPushy": 0.7973, "bus_lcSigma": 0.8088, "bus_lcSpeedGainRight": 1.1683, "bus_lcSublane": 0.0048, "bus_sigma": 0.1024, "bus_tau_mean": 1.4552, "bus_tau_std": 5.6381, "bus_v_mean": 13.9846, "bus_v_std": 9.1249, "car_acc": 1.6994, "car_dcc": 2.3044, "car_lcAssertive": 53.1512, "car_lcCooperative": 0.1304, "car_lcLookaheadLeft": 9.2932, "car_lcPushy": 0.0983, "car_lcSigma": 0.7147, "car_lcSpeedGainRight": 1.2803, "car_lcSublane": 0.1663, "car_sigma": 0.4659, "car_tau_mean": 3.2084, "car_tau_std": 3.5091, "car_v_mean": 15.6514, "car_v_std": 1.6865}, "datetime": {"datetime": "2024-09-05 12:09:00", "elapsed": 4796.398533, "delta": 4.160199}}
{"target": -0.22803956340127451, "params": {"bus_acc": 3.1498, "bus_dcc": 1.9764, "bus_lcAssertive": 86.5444, "bus_lcCooperative": 0.4137, "bus_lcLookaheadLeft": 3.3946, "bus_lcPushy": 0.825, "bus_lcSigma": 0.5427, "bus_lcSpeedGainRight": 0.965, "bus_lcSublane": 0.5428, "bus_sigma": 0.4897, "bus_tau_mean": 1.0397, "bus_tau_std": 6.6149, "bus_v_mean": 15.166, "bus_v_std": 8.8957, "car_acc": 3.5313, "car_dcc": 0.6876, "car_lcAssertive": 64.3485, "car_lcCooperative": 0.5279, "car_lcLookaheadLeft": 68.7394, "car_lcPushy": 0.0408, "car_lcSigma": 0.5781, "car_lcSpeedGainRight": 4.46, "car_lcSublane": 0.1547, "car_sigma": 0.5506, "car_tau_mean": 2.0525, "car_tau_std": 0.6064, "car_v_mean": 17.9981, "car_v_std": 0.4389}, "datetime": {"datetime": "2024-09-05 12:09:09", "elapsed": 4805.411061, "delta": 9.012528}}
{"target": -0.20079466670816284, "params": {"bus_acc": 2.1366, "bus_dcc": 1.6267, "bus_lcAssertive": 50.0666, "bus_lcCooperative": 0.9553, "bus_lcLookaheadLeft": 31.2707, "bus_lcPushy": 0.3924, "bus_lcSigma": 0.0895, "bus_lcSpeedGainRight": 4.9153, "bus_lcSublane": 0.2231, "bus_sigma": 0.8416, "bus_tau_mean": 2.8606, "bus_tau_std": 7.0508, "bus_v_mean": 20.724, "bus_v_std": 14.0054, "car_acc": 2.6126, "car_dcc": 1.1034, "car_lcAssertive": 94.2604, "car_lcCooperative": 0.0859, "car_lcLookaheadLeft": 26.0743, "car_lcPushy": 0.1928, "car_lcSigma": 0.2434, "car_lcSpeedGainRight": 4.3072, "car_lcSublane": 0.9478, "car_sigma": 0.6565, "car_tau_mean": 3.8448, "car_tau_std": 1.8044, "car_v_mean": 20.1993, "car_v_std": 17.3366}, "datetime": {"datetime": "2024-09-05 12:09:12", "elapsed": 4808.156074, "delta": 2.745013}}
{"target": -0.17592553815024695, "params": {"bus_acc": 1.9413, "bus_dcc": 1.053, "bus_lcAssertive": 52.0543, "bus_lcCooperative": 0.0832, "bus_lcLookaheadLeft": 85.8258, "bus_lcPushy": 0.3114, "bus_lcSigma": 0.2505, "bus_lcSpeedGainRight": 0.853, "bus_lcSublane": 0.6992, "bus_sigma": 0.7857, "bus_tau_mean": 2.0486, "bus_tau_std": 7.0458, "bus_v_mean": 14.156, "bus_v_std": 8.0831, "car_acc": 3.7855, "car_dcc": 3.4233, "car_lcAssertive": 72.2188, "car_lcCooperative": 0.2904, "car_lcLookaheadLeft": 59.6782, "car_lcPushy": 0.7042, "car_lcSigma": 0.5614, "car_lcSpeedGainRight": 0.7264, "car_lcSublane": 0.7037, "car_sigma": 0.6401, "car_tau_mean": 1.5429, "car_tau_std": 8.7612, "car_v_mean": 18.7637, "car_v_std": 12.1371}, "datetime": {"datetime": "2024-09-05 12:09:34", "elapsed": 4830.057347, "delta": 21.901273}}
{"target": -0.3319574200607401, "params": {"bus_acc": 3.3553, "bus_dcc": 3.7869, "bus_lcAssertive": 86.825, "bus_lcCooperative": 0.2718, "bus_lcLookaheadLeft": 41.3082, "bus_lcPushy": 0.6319, "bus_lcSigma": 0.5912, "bus_lcSpeedGainRight": 4.0663, "bus_lcSublane": 0.4575, "bus_sigma": 0.081, "bus_tau_mean": 1.9575, "bus_tau_std": 7.0441, "bus_v_mean": 13.8738, "bus_v_std": 17.8309, "car_acc": 0.2455, "car_dcc": 2.5478, "car_lcAssertive": 2.4098, "car_lcCooperative": 0.045, "car_lcLookaheadLeft": 36.1949, "car_lcPushy": 0.4403, "car_lcSigma": 0.1936, "car_lcSpeedGainRight": 0.2848, "car_lcSublane": 0.6831, "car_sigma": 0.3568, "car_tau_mean": 3.6129, "car_tau_std": 7.3311, "car_v_mean": 16.9439, "car_v_std": 8.4742}, "datetime": {"datetime": "2024-09-05 12:09:44", "elapsed": 4839.529279, "delta": 9.471932}}
{"target": -0.20591485467131906, "params": {"bus_acc": 2.7676, "bus_dcc": 1.9929, "bus_lcAssertive": 18.8345, "bus_lcCooperative": 0.4672, "bus_lcLookaheadLeft": 91.5517, "bus_lcPushy": 0.3893, "bus_lcSigma": 0.5369, "bus_lcSpeedGainRight": 1.1218, "bus_lcSublane": 0.2389, "bus_sigma": 0.2942, "bus_tau_mean": 1.7701, "bus_tau_std": 9.0011, "bus_v_mean": 19.4076, "bus_v_std": 8.746, "car_acc": 2.6247, "car_dcc": 1.9926, "car_lcAssertive": 15.7344, "car_lcCooperative": 0.0051, "car_lcLookaheadLeft": 81.9786, "car_lcPushy": 0.549, "car_lcSigma": 0.6668, "car_lcSpeedGainRight": 3.9286, "car_lcSublane": 0.7131, "car_sigma": 0.6026, "car_tau_mean": 3.81, "car_tau_std": 7.949, "car_v_mean": 16.7009, "car_v_std": 1.025}, "datetime": {"datetime": "2024-09-05 12:09:50", "elapsed": 4845.476226, "delta": 5.946947}}
{"target": -0.6670369817731835, "params": {"bus_acc": 1.3274, "bus_dcc": 2.4006, "bus_lcAssertive": 90.6943, "bus_lcCooperative": 0.7297, "bus_lcLookaheadLeft": 58.0071, "bus_lcPushy": 0.6919, "bus_lcSigma": 0.6498, "bus_lcSpeedGainRight": 4.4153, "bus_lcSublane": 0.751, "bus_sigma": 0.271, "bus_tau_mean": 1.295, "bus_tau_std": 8.2073, "bus_v_mean": 10.924, "bus_v_std": 17.767, "car_acc": 0.9734, "car_dcc": 3.8543, "car_lcAssertive": 94.3994, "car_lcCooperative": 0.0603, "car_lcLookaheadLeft": 88.6135, "car_lcPushy": 0.9647, "car_lcSigma": 0.9077, "car_lcSpeedGainRight": 4.114, "car_lcSublane": 0.1609, "car_sigma": 0.9003, "car_tau_mean": 3.0521, "car_tau_std": 8.6841, "car_v_mean": 13.8974, "car_v_std": 5.1229}, "datetime": {"datetime": "2024-09-05 12:09:55", "elapsed": 4851.444918, "delta": 5.968692}}
{"target": -0.18936750483599393, "params": {"bus_acc": 3.3524, "bus_dcc": 3.3448, "bus_lcAssertive": 85.3795, "bus_lcCooperative": 0.9508, "bus_lcLookaheadLeft": 3.5975, "bus_lcPushy": 0.9557, "bus_lcSigma": 0.2561, "bus_lcSpeedGainRight": 1.9949, "bus_lcSublane": 0.2132, "bus_sigma": 0.994, "bus_tau_mean": 0.6431, "bus_tau_std": 4.1525, "bus_v_mean": 10.8032, "bus_v_std": 6.3631, "car_acc": 2.4247, "car_dcc": 1.6561, "car_lcAssertive": 36.0314, "car_lcCooperative": 0.6326, "car_lcLookaheadLeft": 47.8415, "car_lcPushy": 0.5089, "car_lcSigma": 0.4062, "car_lcSpeedGainRight": 4.2452, "car_lcSublane": 0.093, "car_sigma": 0.0807, "car_tau_mean": 1.8808, "car_tau_std": 4.2938, "car_v_mean": 24.9807, "car_v_std": 14.7348}, "datetime": {"datetime": "2024-09-05 12:09:58", "elapsed": 4853.99616, "delta": 2.551242}}
{"target": -0.20855463070983005, "params": {"bus_acc": 0.7836, "bus_dcc": 2.4979, "bus_lcAssertive": 70.5014, "bus_lcCooperative": 0.6217, "bus_lcLookaheadLeft": 83.696, "bus_lcPushy": 0.459, "bus_lcSigma": 0.6197, "bus_lcSpeedGainRight": 2.1285, "bus_lcSublane": 0.1073, "bus_sigma": 0.9355, "bus_tau_mean": 3.3507, "bus_tau_std": 0.2538, "bus_v_mean": 14.637, "bus_v_std": 16.8996, "car_acc": 1.9046, "car_dcc": 0.5566, "car_lcAssertive": 69.9496, "car_lcCooperative": 0.0626, "car_lcLookaheadLeft": 44.1697, "car_lcPushy": 0.897, "car_lcSigma": 0.5276, "car_lcSpeedGainRight": 0.2086, "car_lcSublane": 0.3456, "car_sigma": 0.0668, "car_tau_mean": 2.838, "car_tau_std": 5.5489, "car_v_mean": 16.4996, "car_v_std": 1.6958}, "datetime": {"datetime": "2024-09-05 12:10:08", "elapsed": 4864.141867, "delta": 10.145707}}
{"target": -0.5900721737560244, "params": {"bus_acc": 2.8016, "bus_dcc": 2.412, "bus_lcAssertive": 13.0416, "bus_lcCooperative": 0.7012, "bus_lcLookaheadLeft": 41.8853, "bus_lcPushy": 0.4166, "bus_lcSigma": 0.7934, "bus_lcSpeedGainRight": 0.6304, "bus_lcSublane": 0.1743, "bus_sigma": 0.8173, "bus_tau_mean": 2.4527, "bus_tau_std": 6.5513, "bus_v_mean": 11.882, "bus_v_std": 5.8761, "car_acc": 2.0006, "car_dcc": 0.828, "car_lcAssertive": 5.4039, "car_lcCooperative": 0.4785, "car_lcLookaheadLeft": 10.2672, "car_lcPushy": 0.3507, "car_lcSigma": 0.53, "car_lcSpeedGainRight": 3.1123, "car_lcSublane": 0.8711, "car_sigma": 0.8423, "car_tau_mean": 2.1472, "car_tau_std": 0.8211, "car_v_mean": 18.0549, "car_v_std": 1.5248}, "datetime": {"datetime": "2024-09-05 12:10:27", "elapsed": 4883.335245, "delta": 19.193378}}
{"target": -0.21128861659638754, "params": {"bus_acc": 0.4832, "bus_dcc": 1.5336, "bus_lcAssertive": 21.997, "bus_lcCooperative": 0.3912, "bus_lcLookaheadLeft": 32.2327, "bus_lcPushy": 0.9683, "bus_lcSigma": 0.2886, "bus_lcSpeedGainRight": 2.3213, "bus_lcSublane": 0.425, "bus_sigma": 0.7912, "bus_tau_mean": 2.988, "bus_tau_std": 0.7667, "bus_v_mean": 25.3774, "bus_v_std": 1.6421, "car_acc": 1.3633, "car_dcc": 2.7695, "car_lcAssertive": 73.0864, "car_lcCooperative": 0.4985, "car_lcLookaheadLeft": 62.3766, "car_lcPushy": 0.618, "car_lcSigma": 0.5411, "car_lcSpeedGainRight": 0.7601, "car_lcSublane": 0.6234, "car_sigma": 0.0191, "car_tau_mean": 2.5091, "car_tau_std": 9.3429, "car_v_mean": 15.9662, "car_v_std": 15.1313}, "datetime": {"datetime": "2024-09-05 12:10:33", "elapsed": 4888.474503, "delta": 5.139258}}
{"target": -0.19808714568338445, "params": {"bus_acc": 1.8315, "bus_dcc": 1.9317, "bus_lcAssertive": 86.6008, "bus_lcCooperative": 0.7554, "bus_lcLookaheadLeft": 22.4726, "bus_lcPushy": 0.7768, "bus_lcSigma": 0.5257, "bus_lcSpeedGainRight": 4.3362, "bus_lcSublane": 0.5539, "bus_sigma": 0.0184, "bus_tau_mean": 0.7835, "bus_tau_std": 1.2105, "bus_v_mean": 13.4763, "bus_v_std": 0.8122, "car_acc": 1.8481, "car_dcc": 3.6986, "car_lcAssertive": 55.5789, "car_lcCooperative": 0.6142, "car_lcLookaheadLeft": 38.4619, "car_lcPushy": 0.3091, "car_lcSigma": 0.8825, "car_lcSpeedGainRight": 4.5861, "car_lcSublane": 0.8071, "car_sigma": 0.9378, "car_tau_mean": 3.6151, "car_tau_std": 1.4175, "car_v_mean": 18.4292, "car_v_std": 11.9035}, "datetime": {"datetime": "2024-09-05 12:10:39", "elapsed": 4895.287104, "delta": 6.812601}}
