{"target": -0.5215080680552774, "params": {"bus_acc": 2.577, "bus_dcc": 2.5394, "bus_lcAssertive": 85.4002, "bus_lcCooperative": 0.2211, "bus_lcLookaheadLeft": 52.557, "bus_lcPushy": 0.4284, "bus_lcSigma": 0.0636, "bus_lcSpeedGainRight": 1.8417, "bus_lcSublane": 0.1639, "bus_sigma": 0.2329, "bus_tau_mean": 1.0564, "bus_tau_std": 6.3947, "bus_v_mean": 9.678, "bus_v_std": 2.8743, "car_acc": 1.092, "car_dcc": 0.2021, "car_lcAssertive": 48.2795, "car_lcCooperative": 0.5194, "car_lcLookaheadLeft": 28.8161, "car_lcPushy": 0.6941, "car_lcSigma": 0.5169, "car_lcSpeedGainRight": 4.607, "car_lcSublane": 0.9022, "car_sigma": 0.3086, "car_tau_mean": 3.6683, "car_tau_std": 8.525, "car_v_mean": 13.3296, "car_v_std": 17.824}, "datetime": {"datetime": "2024-09-05 15:46:23", "elapsed": 17838.730213, "delta": 40.048075}}
{"target": -0.19806575007532787, "params": {"bus_acc": 1.1544, "bus_dcc": 1.9498, "bus_lcAssertive": 62.8045, "bus_lcCooperative": 0.8024, "bus_lcLookaheadLeft": 33.1551, "bus_lcPushy": 0.2902, "bus_lcSigma": 0.41, "bus_lcSpeedGainRight": 2.4578, "bus_lcSublane": 0.4354, "bus_sigma": 0.3267, "bus_tau_mean": 3.4333, "bus_tau_std": 3.9711, "bus_v_mean": 24.6224, "bus_v_std": 13.4734, "car_acc": 1.517, "car_dcc": 0.8505, "car_lcAssertive": 97.6487, "car_lcCooperative": 0.4026, "car_lcLookaheadLeft": 28.1, "car_lcPushy": 0.3589, "car_lcSigma": 0.8489, "car_lcSpeedGainRight": 3.8235, "car_lcSublane": 0.2963, "car_sigma": 0.0671, "car_tau_mean": 1.1393, "car_tau_std": 8.5162, "car_v_mean": 10.4574, "car_v_std": 14.6948}, "datetime": {"datetime": "2024-09-05 15:46:41", "elapsed": 17856.756559, "delta": 18.026346}}
{"target": -0.2487257311401814, "params": {"bus_acc": 3.323, "bus_dcc": 1.0841, "bus_lcAssertive": 31.1204, "bus_lcCooperative": 0.5237, "bus_lcLookaheadLeft": 85.0939, "bus_lcPushy": 0.8788, "bus_lcSigma": 0.7528, "bus_lcSpeedGainRight": 4.1312, "bus_lcSublane": 0.256, "bus_sigma": 0.5088, "bus_tau_mean": 1.617, "bus_tau_std": 4.5532, "bus_v_mean": 11.3377, "bus_v_std": 18.0757, "car_acc": 2.869, "car_dcc": 0.3404, "car_lcAssertive": 23.2702, "car_lcCooperative": 0.8027, "car_lcLookaheadLeft": 49.885, "car_lcPushy": 0.3661, "car_lcSigma": 0.0119, "car_lcSpeedGainRight": 3.2767, "car_lcSublane": 0.4654, "car_sigma": 0.7858, "car_tau_mean": 1.6031, "car_tau_std": 7.0676, "car_v_mean": 22.6176, "car_v_std": 18.9325}, "datetime": {"datetime": "2024-09-05 15:47:00", "elapsed": 17876.218987, "delta": 19.462428}}
{"target": -0.1704907494065846, "params": {"bus_acc": 0.5393, "bus_dcc": 0.9824, "bus_lcAssertive": 5.7281, "bus_lcCooperative": 0.9705, "bus_lcLookaheadLeft": 67.3798, "bus_lcPushy": 0.1686, "bus_lcSigma": 0.9111, "bus_lcSpeedGainRight": 2.3192, "bus_lcSublane": 0.177, "bus_sigma": 0.6322, "bus_tau_mean": 2.5624, "bus_tau_std": 5.2988, "bus_v_mean": 19.1196, "bus_v_std": 6.3399, "car_acc": 3.0738, "car_dcc": 3.6624, "car_lcAssertive": 67.5197, "car_lcCooperative": 0.0307, "car_lcLookaheadLeft": 66.7377, "car_lcPushy": 0.9474, "car_lcSigma": 0.542, "car_lcSpeedGainRight": 3.7471, "car_lcSublane": 0.1631, "car_sigma": 0.0051, "car_tau_mean": 1.9922, "car_tau_std": 4.9321, "car_v_mean": 20.0854, "car_v_std": 12.6054}, "datetime": {"datetime": "2024-09-05 15:47:36", "elapsed": 17911.605044, "delta": 35.386057}}
{"target": -0.17624675232813192, "params": {"bus_acc": 3.8307, "bus_dcc": 3.9439, "bus_lcAssertive": 56.973, "bus_lcCooperative": 0.4836, "bus_lcLookaheadLeft": 57.1382, "bus_lcPushy": 0.3913, "bus_lcSigma": 0.1593, "bus_lcSpeedGainRight": 2.3056, "bus_lcSublane": 0.1715, "bus_sigma": 0.9419, "bus_tau_mean": 2.9869, "bus_tau_std": 4.488, "bus_v_mean": 16.037, "bus_v_std": 15.0534, "car_acc": 3.0092, "car_dcc": 3.2871, "car_lcAssertive": 47.583, "car_lcCooperative": 0.8246, "car_lcLookaheadLeft": 13.4352, "car_lcPushy": 0.7693, "car_lcSigma": 0.18, "car_lcSpeedGainRight": 2.6719, "car_lcSublane": 0.2084, "car_sigma": 0.9274, "car_tau_mean": 1.7567, "car_tau_std": 2.5361, "car_v_mean": 21.7118, "car_v_std": 15.9763}, "datetime": {"datetime": "2024-09-05 15:48:18", "elapsed": 17954.362849, "delta": 42.757805}}
{"target": -0.5454985859226016, "params": {"bus_acc": 0.2279, "bus_dcc": 1.2663, "bus_lcAssertive": 81.5907, "bus_lcCooperative": 0.6958, "bus_lcLookaheadLeft": 79.2897, "bus_lcPushy": 0.0606, "bus_lcSigma": 0.9622, "bus_lcSpeedGainRight": 3.2876, "bus_lcSublane": 0.0864, "bus_sigma": 0.072, "bus_tau_mean": 0.7766, "bus_tau_std": 0.7796, "bus_v_mean": 15.547, "bus_v_std": 2.8829, "car_acc": 2.3939, "car_dcc": 1.0502, "car_lcAssertive": 66.7134, "car_lcCooperative": 0.1497, "car_lcLookaheadLeft": 7.086, "car_lcPushy": 0.6441, "car_lcSigma": 0.2714, "car_lcSpeedGainRight": 2.1694, "car_lcSublane": 0.9239, "car_sigma": 0.845, "car_tau_mean": 2.1778, "car_tau_std": 5.4246, "car_v_mean": 21.8366, "car_v_std": 9.7979}, "datetime": {"datetime": "2024-09-05 15:48:36", "elapsed": 17971.728175, "delta": 17.365326}}
{"target": -0.25281977437778164, "params": {"bus_acc": 3.8933, "bus_dcc": 3.5505, "bus_lcAssertive": 5.9726, "bus_lcCooperative": 0.7561, "bus_lcLookaheadLeft": 15.2693, "bus_lcPushy": 0.3421, "bus_lcSigma": 0.9107, "bus_lcSpeedGainRight": 0.9441, "bus_lcSublane": 0.3046, "bus_sigma": 0.9631, "bus_tau_mean": 3.4874, "bus_tau_std": 9.231, "bus_v_mean": 18.3901, "bus_v_std": 19.9577, "car_acc": 2.321, "car_dcc": 0.2376, "car_lcAssertive": 74.2187, "car_lcCooperative": 0.5876, "car_lcLookaheadLeft": 91.8556, "car_lcPushy": 0.4073, "car_lcSigma": 0.8173, "car_lcSpeedGainRight": 3.6692, "car_lcSublane": 0.4589, "car_sigma": 0.9373, "car_tau_mean": 1.6696, "car_tau_std": 8.217, "car_v_mean": 13.816, "car_v_std": 0.3474}, "datetime": {"datetime": "2024-09-05 15:48:54", "elapsed": 17989.530891, "delta": 17.802716}}
{"target": -0.21820267308161845, "params": {"bus_acc": 2.9819, "bus_dcc": 3.7802, "bus_lcAssertive": 19.4915, "bus_lcCooperative": 0.585, "bus_lcLookaheadLeft": 76.5922, "bus_lcPushy": 0.9729, "bus_lcSigma": 0.8997, "bus_lcSpeedGainRight": 4.5817, "bus_lcSublane": 0.9438, "bus_sigma": 0.7211, "bus_tau_mean": 3.8802, "bus_tau_std": 3.1427, "bus_v_mean": 17.104, "bus_v_std": 0.2382, "car_acc": 3.1314, "car_dcc": 0.4526, "car_lcAssertive": 80.5919, "car_lcCooperative": 0.5895, "car_lcLookaheadLeft": 36.6567, "car_lcPushy": 0.5009, "car_lcSigma": 0.6641, "car_lcSpeedGainRight": 2.1866, "car_lcSublane": 0.3718, "car_sigma": 0.2178, "car_tau_mean": 3.8257, "car_tau_std": 9.8217, "car_v_mean": 12.0168, "car_v_std": 18.6307}, "datetime": {"datetime": "2024-09-05 15:49:10", "elapsed": 18005.733362, "delta": 16.202471}}
{"target": -0.18150799015825872, "params": {"bus_acc": 0.8401, "bus_dcc": 1.5093, "bus_lcAssertive": 42.4056, "bus_lcCooperative": 0.6414, "bus_lcLookaheadLeft": 80.3757, "bus_lcPushy": 0.5776, "bus_lcSigma": 0.5353, "bus_lcSpeedGainRight": 3.7984, "bus_lcSublane": 0.8121, "bus_sigma": 0.2278, "bus_tau_mean": 0.5403, "bus_tau_std": 3.0426, "bus_v_mean": 12.1094, "bus_v_std": 9.0931, "car_acc": 2.6867, "car_dcc": 2.276, "car_lcAssertive": 8.0838, "car_lcCooperative": 0.1493, "car_lcLookaheadLeft": 28.2697, "car_lcPushy": 0.2508, "car_lcSigma": 0.9268, "car_lcSpeedGainRight": 2.9743, "car_lcSublane": 0.4706, "car_sigma": 0.7494, "car_tau_mean": 0.7865, "car_tau_std": 5.2602, "car_v_mean": 23.3245, "car_v_std": 2.6903}, "datetime": {"datetime": "2024-09-05 15:49:47", "elapsed": 18043.357141, "delta": 37.623779}}
{"target": -0.2355573176905205, "params": {"bus_acc": 2.0057, "bus_dcc": 1.4017, "bus_lcAssertive": 3.4729, "bus_lcCooperative": 0.143, "bus_lcLookaheadLeft": 15.04, "bus_lcPushy": 0.1828, "bus_lcSigma": 0.7626, "bus_lcSpeedGainRight": 1.9769, "bus_lcSublane": 0.4532, "bus_sigma": 0.4035, "bus_tau_mean": 1.367, "bus_tau_std": 3.6832, "bus_v_mean": 21.7617, "bus_v_std": 8.3175, "car_acc": 1.1916, "car_dcc": 0.2591, "car_lcAssertive": 51.5624, "car_lcCooperative": 0.8368, "car_lcLookaheadLeft": 57.6135, "car_lcPushy": 0.5962, "car_lcSigma": 0.791, "car_lcSpeedGainRight": 0.9445, "car_lcSublane": 0.0241, "car_sigma": 0.0715, "car_tau_mean": 1.9449, "car_tau_std": 7.375, "car_v_mean": 8.8382, "car_v_std": 7.3751}, "datetime": {"datetime": "2024-09-05 15:50:06", "elapsed": 18062.247938, "delta": 18.890797}}
{"target": -0.19338753110036586, "params": {"bus_acc": 1.5916, "bus_dcc": 2.6549, "bus_lcAssertive": 52.8176, "bus_lcCooperative": 0.4573, "bus_lcLookaheadLeft": 45.1476, "bus_lcPushy": 0.6967, "bus_lcSigma": 0.0308, "bus_lcSpeedGainRight": 2.6022, "bus_lcSublane": 0.623, "bus_sigma": 0.356, "bus_tau_mean": 1.6219, "bus_tau_std": 4.0392, "bus_v_mean": 16.7991, "bus_v_std": 16.5991, "car_acc": 0.8301, "car_dcc": 0.3049, "car_lcAssertive": 13.8154, "car_lcCooperative": 0.8532, "car_lcLookaheadLeft": 40.0291, "car_lcPushy": 0.0329, "car_lcSigma": 0.2193, "car_lcSpeedGainRight": 4.7852, "car_lcSublane": 0.0417, "car_sigma": 0.4912, "car_tau_mean": 2.1259, "car_tau_std": 8.9731, "car_v_mean": 25.5205, "car_v_std": 5.6881}, "datetime": {"datetime": "2024-09-05 15:50:24", "elapsed": 18080.363308, "delta": 18.11537}}
{"target": -0.18462138378519433, "params": {"bus_acc": 2.3697, "bus_dcc": 2.3676, "bus_lcAssertive": 45.446, "bus_lcCooperative": 0.5482, "bus_lcLookaheadLeft": 77.7588, "bus_lcPushy": 0.4565, "bus_lcSigma": 0.903, "bus_lcSpeedGainRight": 4.6466, "bus_lcSublane": 0.6301, "bus_sigma": 0.3245, "bus_tau_mean": 1.7785, "bus_tau_std": 3.4129, "bus_v_mean": 8.1489, "bus_v_std": 6.0264, "car_acc": 2.385, "car_dcc": 3.0962, "car_lcAssertive": 89.2953, "car_lcCooperative": 0.2019, "car_lcLookaheadLeft": 22.5256, "car_lcPushy": 0.9811, "car_lcSigma": 0.4073, "car_lcSpeedGainRight": 3.8243, "car_lcSublane": 0.2924, "car_sigma": 0.4705, "car_tau_mean": 0.6474, "car_tau_std": 5.9271, "car_v_mean": 21.553, "car_v_std": 17.448}, "datetime": {"datetime": "2024-09-05 15:50:44", "elapsed": 18099.511988, "delta": 19.14868}}
{"target": -0.2009500539843866, "params": {"bus_acc": 2.2605, "bus_dcc": 2.319, "bus_lcAssertive": 87.3601, "bus_lcCooperative": 0.7509, "bus_lcLookaheadLeft": 84.0142, "bus_lcPushy": 0.1808, "bus_lcSigma": 0.039, "bus_lcSpeedGainRight": 2.2494, "bus_lcSublane": 0.4092, "bus_sigma": 0.5531, "bus_tau_mean": 2.1262, "bus_tau_std": 9.7292, "bus_v_mean": 11.0267, "bus_v_std": 12.3838, "car_acc": 1.1239, "car_dcc": 2.386, "car_lcAssertive": 54.4449, "car_lcCooperative": 0.7229, "car_lcLookaheadLeft": 96.2074, "car_lcPushy": 0.37, "car_lcSigma": 0.6472, "car_lcSpeedGainRight": 3.1625, "car_lcSublane": 0.3225, "car_sigma": 0.0639, "car_tau_mean": 3.578, "car_tau_std": 7.965, "car_v_mean": 10.0037, "car_v_std": 15.8094}, "datetime": {"datetime": "2024-09-05 15:51:00", "elapsed": 18115.992273, "delta": 16.480285}}
{"target": -0.17027463578283186, "params": {"bus_acc": 0.4555, "bus_dcc": 2.4391, "bus_lcAssertive": 66.6123, "bus_lcCooperative": 0.4668, "bus_lcLookaheadLeft": 76.694, "bus_lcPushy": 0.3204, "bus_lcSigma": 0.2141, "bus_lcSpeedGainRight": 4.6283, "bus_lcSublane": 0.7378, "bus_sigma": 0.6889, "bus_tau_mean": 1.3404, "bus_tau_std": 8.1579, "bus_v_mean": 20.7434, "bus_v_std": 2.7319, "car_acc": 3.5322, "car_dcc": 3.8274, "car_lcAssertive": 96.5039, "car_lcCooperative": 0.6265, "car_lcLookaheadLeft": 66.8884, "car_lcPushy": 0.2095, "car_lcSigma": 0.7844, "car_lcSpeedGainRight": 2.9091, "car_lcSublane": 0.3837, "car_sigma": 0.9932, "car_tau_mean": 2.8306, "car_tau_std": 5.6016, "car_v_mean": 21.2276, "car_v_std": 18.8451}, "datetime": {"datetime": "2024-09-05 15:51:17", "elapsed": 18133.259314, "delta": 17.267041}}
{"target": -0.14943146271232735, "params": {"bus_acc": 0.706, "bus_dcc": 1.4674, "bus_lcAssertive": 34.8374, "bus_lcCooperative": 0.8851, "bus_lcLookaheadLeft": 66.9594, "bus_lcPushy": 0.5795, "bus_lcSigma": 0.9369, "bus_lcSpeedGainRight": 3.6132, "bus_lcSublane": 0.8713, "bus_sigma": 0.4173, "bus_tau_mean": 2.39, "bus_tau_std": 0.2964, "bus_v_mean": 22.7521, "bus_v_std": 10.4277, "car_acc": 3.0421, "car_dcc": 1.4534, "car_lcAssertive": 1.0561, "car_lcCooperative": 0.9722, "car_lcLookaheadLeft": 21.9611, "car_lcPushy": 0.3503, "car_lcSigma": 0.9653, "car_lcSpeedGainRight": 1.2882, "car_lcSublane": 0.809, "car_sigma": 0.2892, "car_tau_mean": 3.6038, "car_tau_std": 1.0425, "car_v_mean": 22.4098, "car_v_std": 5.2264}, "datetime": {"datetime": "2024-09-05 15:51:40", "elapsed": 18156.235328, "delta": 22.976014}}
{"target": -0.3111344125772179, "params": {"bus_acc": 2.1114, "bus_dcc": 3.0177, "bus_lcAssertive": 15.8626, "bus_lcCooperative": 0.6594, "bus_lcLookaheadLeft": 7.9582, "bus_lcPushy": 0.7679, "bus_lcSigma": 0.7449, "bus_lcSpeedGainRight": 3.2388, "bus_lcSublane": 0.5706, "bus_sigma": 0.7104, "bus_tau_mean": 1.3425, "bus_tau_std": 0.6464, "bus_v_mean": 12.755, "bus_v_std": 1.2527, "car_acc": 0.2101, "car_dcc": 1.1829, "car_lcAssertive": 56.3286, "car_lcCooperative": 0.0617, "car_lcLookaheadLeft": 29.442, "car_lcPushy": 0.6224, "car_lcSigma": 0.5709, "car_lcSpeedGainRight": 0.1746, "car_lcSublane": 0.0742, "car_sigma": 0.0035, "car_tau_mean": 3.1657, "car_tau_std": 4.9569, "car_v_mean": 12.1805, "car_v_std": 9.9138}, "datetime": {"datetime": "2024-09-05 15:52:20", "elapsed": 18196.004646, "delta": 39.769318}}
{"target": -0.163149349942595, "params": {"bus_acc": 2.6887, "bus_dcc": 3.4956, "bus_lcAssertive": 3.2897, "bus_lcCooperative": 0.6432, "bus_lcLookaheadLeft": 43.5463, "bus_lcPushy": 0.9575, "bus_lcSigma": 0.586, "bus_lcSpeedGainRight": 4.1313, "bus_lcSublane": 0.6702, "bus_sigma": 0.2321, "bus_tau_mean": 3.4809, "bus_tau_std": 4.2853, "bus_v_mean": 11.918, "bus_v_std": 5.9317, "car_acc": 3.3935, "car_dcc": 1.3738, "car_lcAssertive": 70.3859, "car_lcCooperative": 0.2383, "car_lcLookaheadLeft": 52.8436, "car_lcPushy": 0.3723, "car_lcSigma": 0.4497, "car_lcSpeedGainRight": 4.6196, "car_lcSublane": 0.5989, "car_sigma": 0.8097, "car_tau_mean": 2.4314, "car_tau_std": 1.4753, "car_v_mean": 11.1062, "car_v_std": 14.9627}, "datetime": {"datetime": "2024-09-05 15:52:39", "elapsed": 18214.517038, "delta": 18.512392}}
{"target": -0.19549987260808646, "params": {"bus_acc": 3.3072, "bus_dcc": 2.9701, "bus_lcAssertive": 3.1844, "bus_lcCooperative": 0.3211, "bus_lcLookaheadLeft": 73.0467, "bus_lcPushy": 0.2645, "bus_lcSigma": 0.3714, "bus_lcSpeedGainRight": 1.5045, "bus_lcSublane": 0.5082, "bus_sigma": 0.6312, "bus_tau_mean": 0.6197, "bus_tau_std": 3.389, "bus_v_mean": 22.1123, "bus_v_std": 4.8835, "car_acc": 0.9099, "car_dcc": 1.3247, "car_lcAssertive": 19.4227, "car_lcCooperative": 0.0203, "car_lcLookaheadLeft": 38.2848, "car_lcPushy": 0.0752, "car_lcSigma": 0.3895, "car_lcSpeedGainRight": 3.4096, "car_lcSublane": 0.1578, "car_sigma": 0.2835, "car_tau_mean": 2.7587, "car_tau_std": 4.0185, "car_v_mean": 18.2425, "car_v_std": 5.1516}, "datetime": {"datetime": "2024-09-05 15:53:14", "elapsed": 18250.174893, "delta": 35.657855}}
{"target": -0.21779927165134275, "params": {"bus_acc": 3.4468, "bus_dcc": 3.403, "bus_lcAssertive": 50.082, "bus_lcCooperative": 0.8237, "bus_lcLookaheadLeft": 43.0431, "bus_lcPushy": 0.7623, "bus_lcSigma": 0.3768, "bus_lcSpeedGainRight": 3.7452, "bus_lcSublane": 0.1772, "bus_sigma": 0.6167, "bus_tau_mean": 2.8658, "bus_tau_std": 0.7723, "bus_v_mean": 10.0551, "bus_v_std": 6.1962, "car_acc": 3.074, "car_dcc": 0.5306, "car_lcAssertive": 36.2496, "car_lcCooperative": 0.2584, "car_lcLookaheadLeft": 49.7488, "car_lcPushy": 0.8904, "car_lcSigma": 0.5694, "car_lcSpeedGainRight": 4.0727, "car_lcSublane": 0.9591, "car_sigma": 0.4437, "car_tau_mean": 2.2417, "car_tau_std": 1.795, "car_v_mean": 13.2482, "car_v_std": 14.2687}, "datetime": {"datetime": "2024-09-05 15:53:37", "elapsed": 18273.115066, "delta": 22.940173}}
{"target": -0.21337476489404275, "params": {"bus_acc": 0.3372, "bus_dcc": 2.5197, "bus_lcAssertive": 45.5416, "bus_lcCooperative": 0.0638, "bus_lcLookaheadLeft": 28.8512, "bus_lcPushy": 0.8597, "bus_lcSigma": 0.0292, "bus_lcSpeedGainRight": 0.9439, "bus_lcSublane": 0.5097, "bus_sigma": 0.6948, "bus_tau_mean": 2.6322, "bus_tau_std": 2.1858, "bus_v_mean": 19.2764, "bus_v_std": 11.999, "car_acc": 3.9224, "car_dcc": 3.514, "car_lcAssertive": 11.5594, "car_lcCooperative": 0.1919, "car_lcLookaheadLeft": 27.9308, "car_lcPushy": 0.4484, "car_lcSigma": 0.7622, "car_lcSpeedGainRight": 4.3102, "car_lcSublane": 0.9017, "car_sigma": 0.0713, "car_tau_mean": 3.0233, "car_tau_std": 3.116, "car_v_mean": 12.031, "car_v_std": 9.7515}, "datetime": {"datetime": "2024-09-05 15:53:56", "elapsed": 18292.036404, "delta": 18.921338}}
{"target": -0.18439544061050372, "params": {"bus_acc": 1.2662, "bus_dcc": 2.8362, "bus_lcAssertive": 30.3708, "bus_lcCooperative": 0.378, "bus_lcLookaheadLeft": 13.9485, "bus_lcPushy": 0.0263, "bus_lcSigma": 0.266, "bus_lcSpeedGainRight": 1.027, "bus_lcSublane": 0.8656, "bus_sigma": 0.4033, "bus_tau_mean": 0.9127, "bus_tau_std": 7.9916, "bus_v_mean": 24.3828, "bus_v_std": 11.7451, "car_acc": 2.7691, "car_dcc": 3.1708, "car_lcAssertive": 91.1479, "car_lcCooperative": 0.3983, "car_lcLookaheadLeft": 44.4442, "car_lcPushy": 0.4069, "car_lcSigma": 0.3731, "car_lcSpeedGainRight": 4.4809, "car_lcSublane": 0.5102, "car_sigma": 0.9419, "car_tau_mean": 2.2396, "car_tau_std": 4.8814, "car_v_mean": 11.11, "car_v_std": 14.9965}, "datetime": {"datetime": "2024-09-05 15:54:13", "elapsed": 18308.880547, "delta": 16.844143}}
{"target": -0.30502686522393613, "params": {"bus_acc": 3.4957, "bus_dcc": 2.0229, "bus_lcAssertive": 98.6432, "bus_lcCooperative": 0.8742, "bus_lcLookaheadLeft": 19.4316, "bus_lcPushy": 0.5218, "bus_lcSigma": 0.0401, "bus_lcSpeedGainRight": 4.9, "bus_lcSublane": 0.9518, "bus_sigma": 0.0483, "bus_tau_mean": 2.337, "bus_tau_std": 7.1178, "bus_v_mean": 22.9233, "bus_v_std": 4.1268, "car_acc": 0.2917, "car_dcc": 3.8398, "car_lcAssertive": 83.3901, "car_lcCooperative": 0.6991, "car_lcLookaheadLeft": 17.1369, "car_lcPushy": 0.2181, "car_lcSigma": 0.1884, "car_lcSpeedGainRight": 0.392, "car_lcSublane": 0.8266, "car_sigma": 0.523, "car_tau_mean": 3.7458, "car_tau_std": 7.1119, "car_v_mean": 24.6662, "car_v_std": 12.901}, "datetime": {"datetime": "2024-09-05 15:54:31", "elapsed": 18327.15053, "delta": 18.269983}}
{"target": -0.19588121989314547, "params": {"bus_acc": 3.6338, "bus_dcc": 1.3863, "bus_lcAssertive": 34.0534, "bus_lcCooperative": 0.522, "bus_lcLookaheadLeft": 51.9176, "bus_lcPushy": 0.7157, "bus_lcSigma": 0.9612, "bus_lcSpeedGainRight": 2.7138, "bus_lcSublane": 0.2926, "bus_sigma": 0.4778, "bus_tau_mean": 0.9871, "bus_tau_std": 1.31, "bus_v_mean": 18.2108, "bus_v_std": 17.7896, "car_acc": 3.6045, "car_dcc": 2.6168, "car_lcAssertive": 21.418, "car_lcCooperative": 0.3022, "car_lcLookaheadLeft": 94.9224, "car_lcPushy": 0.6258, "car_lcSigma": 0.9992, "car_lcSpeedGainRight": 3.6136, "car_lcSublane": 0.945, "car_sigma": 0.3404, "car_tau_mean": 2.0219, "car_tau_std": 9.2274, "car_v_mean": 22.3729, "car_v_std": 5.1207}, "datetime": {"datetime": "2024-09-05 15:55:12", "elapsed": 18368.450278, "delta": 41.299748}}
{"target": -0.1914788748952632, "params": {"bus_acc": 0.7489, "bus_dcc": 3.8101, "bus_lcAssertive": 36.2959, "bus_lcCooperative": 0.3259, "bus_lcLookaheadLeft": 71.2732, "bus_lcPushy": 0.6552, "bus_lcSigma": 0.7063, "bus_lcSpeedGainRight": 1.3701, "bus_lcSublane": 0.94, "bus_sigma": 0.7188, "bus_tau_mean": 2.2623, "bus_tau_std": 0.9552, "bus_v_mean": 21.0262, "bus_v_std": 7.0444, "car_acc": 3.5971, "car_dcc": 3.478, "car_lcAssertive": 27.3814, "car_lcCooperative": 0.0494, "car_lcLookaheadLeft": 58.6394, "car_lcPushy": 0.729, "car_lcSigma": 0.171, "car_lcSpeedGainRight": 4.2504, "car_lcSublane": 0.9704, "car_sigma": 0.2284, "car_tau_mean": 1.1405, "car_tau_std": 3.8053, "car_v_mean": 12.3479, "car_v_std": 15.6979}, "datetime": {"datetime": "2024-09-05 15:55:37", "elapsed": 18392.722984, "delta": 24.272706}}
{"target": -0.17437174431803848, "params": {"bus_acc": 3.4751, "bus_dcc": 1.5096, "bus_lcAssertive": 73.6777, "bus_lcCooperative": 0.5542, "bus_lcLookaheadLeft": 92.7205, "bus_lcPushy": 0.4183, "bus_lcSigma": 0.356, "bus_lcSpeedGainRight": 2.9915, "bus_lcSublane": 0.1584, "bus_sigma": 0.1523, "bus_tau_mean": 3.6554, "bus_tau_std": 4.9254, "bus_v_mean": 11.6228, "bus_v_std": 17.0042, "car_acc": 1.4073, "car_dcc": 3.6694, "car_lcAssertive": 10.9098, "car_lcCooperative": 0.0681, "car_lcLookaheadLeft": 99.4518, "car_lcPushy": 0.9752, "car_lcSigma": 0.556, "car_lcSpeedGainRight": 4.235, "car_lcSublane": 0.7934, "car_sigma": 0.1195, "car_tau_mean": 1.3578, "car_tau_std": 8.1815, "car_v_mean": 14.4863, "car_v_std": 0.8223}, "datetime": {"datetime": "2024-09-05 15:56:00", "elapsed": 18415.894546, "delta": 23.171562}}
{"target": -0.210143507579746, "params": {"bus_acc": 3.3978, "bus_dcc": 1.543, "bus_lcAssertive": 60.9079, "bus_lcCooperative": 0.7881, "bus_lcLookaheadLeft": 36.3126, "bus_lcPushy": 0.7733, "bus_lcSigma": 0.9423, "bus_lcSpeedGainRight": 4.7827, "bus_lcSublane": 0.7324, "bus_sigma": 0.3194, "bus_tau_mean": 2.6806, "bus_tau_std": 8.0482, "bus_v_mean": 15.7062, "bus_v_std": 5.8838, "car_acc": 1.0644, "car_dcc": 3.4709, "car_lcAssertive": 19.6866, "car_lcCooperative": 0.1375, "car_lcLookaheadLeft": 37.807, "car_lcPushy": 0.2036, "car_lcSigma": 0.2883, "car_lcSpeedGainRight": 2.4143, "car_lcSublane": 0.7533, "car_sigma": 0.4334, "car_tau_mean": 0.8265, "car_tau_std": 1.4573, "car_v_mean": 12.8695, "car_v_std": 9.9786}, "datetime": {"datetime": "2024-09-05 15:56:35", "elapsed": 18450.719686, "delta": 34.82514}}
