{"target": -0.6113583193488726, "params": {"bus_acc": 2.5506828217338384, "bus_dcc": 0.773726786462654, "bus_lcAssertive": 76.31944317426985, "bus_lcCooperative": 0.781045822193957, "bus_lcLookaheadLeft": 90.60209261955288, "bus_lcPushy": 0.23376869260410593, "bus_lcSigma": 0.17667889307234141, "bus_lcSpeedGainRight": 1.9554956155338121, "bus_lcSublane": 0.3205646539951602, "bus_sigma": 0.8154769290056262, "bus_tau_mean": 2.647340648839511, "bus_tau_std": 7.600017523497488, "bus_v_mean": 15.697971794545357, "bus_v_std": 1.9888112583117845, "car_acc": 0.6371330457909357, "car_dcc": 1.618947100601342, "car_lcAssertive": 20.19092898344121, "car_lcCooperative": 0.8207464986229382, "car_lcLookaheadLeft": 60.764328825524245, "car_lcPushy": 0.688845259018665, "car_lcSigma": 0.4911099613042962, "car_lcSpeedGainRight": 0.4408684062109053, "car_lcSublane": 0.23507763668617032, "car_sigma": 0.461602080891622, "car_tau_mean": 1.195070260688742, "car_tau_std": 0.254762357788203, "car_v_mean": 21.129158568610748, "car_v_std": 14.498334944382382}, "datetime": {"datetime": "2024-08-11 17:44:19", "elapsed": 130.163952, "delta": 1.708337}}
{"target": -0.3876254121403706, "params": {"bus_acc": 1.9562007674271569, "bus_dcc": 2.148069037677047, "bus_lcAssertive": 57.814667162342396, "bus_lcCooperative": 0.4403192075855932, "bus_lcLookaheadLeft": 20.96877785693343, "bus_lcPushy": 0.11396576145918635, "bus_lcSigma": 0.151227927370148, "bus_lcSpeedGainRight": 0.2624548192656695, "bus_lcSublane": 0.5586764110636315, "bus_sigma": 0.8477210140360106, "bus_tau_mean": 1.7569176862343876, "bus_tau_std": 0.7531087263581782, "bus_v_mean": 15.663039415732092, "bus_v_std": 12.040156769440028, "car_acc": 1.8165331691874227, "car_dcc": 3.2807406877080063, "car_lcAssertive": 94.24673837248382, "car_lcCooperative": 0.8699107732683544, "car_lcLookaheadLeft": 70.99195083142908, "car_lcPushy": 0.4702989247821753, "car_lcSigma": 0.6826980429032513, "car_lcSpeedGainRight": 0.06709155278264767, "car_lcSublane": 0.9824781185020439, "car_sigma": 0.17207733182889595, "car_tau_mean": 3.6719113858658865, "car_tau_std": 8.07109901666106, "car_v_mean": 22.40251431896578, "car_v_std": 5.378721155701298}, "datetime": {"datetime": "2024-08-11 17:44:20", "elapsed": 131.398305, "delta": 1.234353}}
{"target": -0.17337794277871288, "params": {"bus_acc": 1.225725988707099, "bus_dcc": 3.604367629145054, "bus_lcAssertive": 43.3810277972582, "bus_lcCooperative": 0.9648400471483856, "bus_lcLookaheadLeft": 67.01726678620791, "bus_lcPushy": 0.6216957202091218, "bus_lcSigma": 0.11474597295337519, "bus_lcSpeedGainRight": 4.747446293535356, "bus_lcSublane": 0.4499121334799405, "bus_sigma": 0.5783896143871318, "bus_tau_mean": 1.928478809664484, "bus_tau_std": 2.3702698024302773, "bus_v_mean": 24.260831370120567, "bus_v_std": 11.473589733445717, "car_acc": 0.2109072427184041, "car_dcc": 2.545150671758751, "car_lcAssertive": 33.337845275437516, "car_lcCooperative": 0.5270581022576093, "car_lcLookaheadLeft": 88.8223257324559, "car_lcPushy": 0.35726976000249977, "car_lcSigma": 0.9085351509197992, "car_lcSpeedGainRight": 3.1168005789590136, "car_lcSublane": 0.015821242846556283, "car_sigma": 0.9294372337437613, "car_tau_mean": 2.9181392113092337, "car_tau_std": 9.973228504514806, "car_v_mean": 11.102129150215914, "car_v_std": 2.742714992577555}, "datetime": {"datetime": "2024-08-11 17:44:22", "elapsed": 133.427382, "delta": 2.029077}}
{"target": -0.5999006588264044, "params": {"bus_acc": 2.313712889163592, "bus_dcc": 0.7185298575106032, "bus_lcAssertive": 6.931851261708954, "bus_lcCooperative": 0.12134345574073735, "bus_lcLookaheadLeft": 6.366084097386649, "bus_lcPushy": 0.1074941291060929, "bus_lcSigma": 0.2257093386078547, "bus_lcSpeedGainRight": 3.564944901913383, "bus_lcSublane": 0.5597169820541424, "bus_sigma": 0.012555980159115854, "bus_tau_mean": 0.7519099789132038, "bus_tau_std": 9.672763300002721, "bus_v_mean": 18.225808314558957, "bus_v_std": 4.06586469321981, "car_acc": 1.158837829367229, "car_dcc": 3.0265382454853533, "car_lcAssertive": 20.34751862982256, "car_lcCooperative": 0.5813589272732578, "car_lcLookaheadLeft": 97.06195893065461, "car_lcPushy": 0.8468288014900353, "car_lcSigma": 0.23984775914758616, "car_lcSpeedGainRight": 2.4688485713436497, "car_lcSublane": 0.6199557183813798, "car_sigma": 0.8289808995501787, "car_tau_mean": 1.048769881261295, "car_tau_std": 0.18576202177409518, "car_v_mean": 9.260398586946001, "car_v_std": 9.726902218740637}, "datetime": {"datetime": "2024-08-11 17:44:25", "elapsed": 136.326418, "delta": 2.899036}}
{"target": -0.3446413581256939, "params": {"bus_acc": 2.924138921800419, "bus_dcc": 3.585872026310888, "bus_lcAssertive": 3.701435128229413, "bus_lcCooperative": 0.5220512472525107, "bus_lcLookaheadLeft": 33.94700155346248, "bus_lcPushy": 0.8594893208655858, "bus_lcSigma": 0.5585165509225178, "bus_lcSpeedGainRight": 3.4511393408137394, "bus_lcSublane": 0.45285349995153745, "bus_sigma": 0.6283090375213571, "bus_tau_mean": 1.5153389809059905, "bus_tau_std": 0.09348577966515781, "bus_v_mean": 18.381606829767634, "bus_v_std": 6.228884282649256, "car_acc": 2.1656168743042934, "car_dcc": 3.6823422416048115, "car_lcAssertive": 43.221004061638205, "car_lcCooperative": 0.2473960366023854, "car_lcLookaheadLeft": 38.386788605347334, "car_lcPushy": 0.9318611166365406, "car_lcSigma": 0.9368683813090937, "car_lcSpeedGainRight": 4.221649742828566, "car_lcSublane": 0.9202065143056605, "car_sigma": 0.22790028995131695, "car_tau_mean": 0.806187733437568, "car_tau_std": 2.2730973628468876, "car_v_mean": 13.658779090052908, "car_v_std": 3.4953175271262316}, "datetime": {"datetime": "2024-08-11 17:44:27", "elapsed": 138.420953, "delta": 2.094535}}
{"target": -0.40367778111284136, "params": {"bus_acc": 3.5186279093395822, "bus_dcc": 1.1296094497329907, "bus_lcAssertive": 63.3311877151724, "bus_lcCooperative": 0.034431265307095615, "bus_lcLookaheadLeft": 52.587449185552764, "bus_lcPushy": 0.8632264817138495, "bus_lcSigma": 0.9841265438849168, "bus_lcSpeedGainRight": 0.04936487679459256, "bus_lcSublane": 0.2528414820768151, "bus_sigma": 0.22384967032752534, "bus_tau_mean": 0.6663815797971617, "bus_tau_std": 0.10172456261775653, "bus_v_mean": 16.823515620396172, "bus_v_std": 0.9096429134058814, "car_acc": 1.2576468972182275, "car_dcc": 2.631903362613867, "car_lcAssertive": 30.17451211452952, "car_lcCooperative": 0.26965470115905144, "car_lcLookaheadLeft": 59.873559179869574, "car_lcPushy": 0.38053407720964005, "car_lcSigma": 0.7025230339614009, "car_lcSpeedGainRight": 2.4806197562493053, "car_lcSublane": 0.6332092658064775, "car_sigma": 0.3533943470016294, "car_tau_mean": 1.5046538115442802, "car_tau_std": 1.3320711375110195, "car_v_mean": 24.86744692638136, "car_v_std": 16.09671692031589}, "datetime": {"datetime": "2024-08-11 17:44:28", "elapsed": 139.33919, "delta": 0.918237}}
{"target": -0.5730474815182752, "params": {"bus_acc": 2.079658022806254, "bus_dcc": 1.3971029380805566, "bus_lcAssertive": 54.99846984483864, "bus_lcCooperative": 0.6824780792979444, "bus_lcLookaheadLeft": 23.595956313062093, "bus_lcPushy": 0.48533745396838057, "bus_lcSigma": 0.9929813576374784, "bus_lcSpeedGainRight": 1.6208065159061746, "bus_lcSublane": 0.03536191949131395, "bus_sigma": 0.8173517292840132, "bus_tau_mean": 2.2615737425988183, "bus_tau_std": 0.527838561185705, "bus_v_mean": 24.02549049003634, "bus_v_std": 8.090287599607155, "car_acc": 3.731238092133508, "car_dcc": 1.7278970604421338, "car_lcAssertive": 8.606396192693403, "car_lcCooperative": 0.2453011441199927, "car_lcLookaheadLeft": 36.32552955930588, "car_lcPushy": 0.7507282923552251, "car_lcSigma": 0.18474815234928366, "car_lcSpeedGainRight": 2.1548682686293716, "car_lcSublane": 0.8732454198159687, "car_sigma": 0.5337610913727832, "car_tau_mean": 0.8610415191216982, "car_tau_std": 0.24522487054632225, "car_v_mean": 20.704576420898874, "car_v_std": 19.582549819164342}, "datetime": {"datetime": "2024-08-11 17:44:30", "elapsed": 140.737131, "delta": 1.397941}}
{"target": -0.3880193222607497, "params": {"bus_acc": 1.0502, "bus_dcc": 2.2161, "bus_lcAssertive": 18.5632, "bus_lcCooperative": 0.4963, "bus_lcLookaheadLeft": 2.9086, "bus_lcPushy": 0.2153, "bus_lcSigma": 0.7357, "bus_lcSpeedGainRight": 2.3965, "bus_lcSublane": 0.7329, "bus_sigma": 0.3793, "bus_tau_mean": 3.4659, "bus_tau_std": 9.8747, "bus_v_mean": 17.2554, "bus_v_std": 5.735, "car_acc": 0.6075, "car_dcc": 2.3036, "car_lcAssertive": 88.3395, "car_lcCooperative": 0.577, "car_lcLookaheadLeft": 54.4284, "car_lcPushy": 0.8592, "car_lcSigma": 0.4319, "car_lcSpeedGainRight": 1.6437, "car_lcSublane": 0.4663, "car_sigma": 0.443, "car_tau_mean": 1.058, "car_tau_std": 9.7962, "car_v_mean": 19.5466, "car_v_std": 14.3802}, "datetime": {"datetime": "2024-08-11 17:45:54", "elapsed": 224.715206, "delta": 83.978075}}
{"target": -0.49256843821755636, "params": {"bus_acc": 1.0258, "bus_dcc": 2.0424, "bus_lcAssertive": 60.3528, "bus_lcCooperative": 0.2912, "bus_lcLookaheadLeft": 43.7897, "bus_lcPushy": 0.4693, "bus_lcSigma": 0.8077, "bus_lcSpeedGainRight": 1.816, "bus_lcSublane": 0.5931, "bus_sigma": 0.4636, "bus_tau_mean": 1.8787, "bus_tau_std": 3.9632, "bus_v_mean": 12.7686, "bus_v_std": 10.3809, "car_acc": 2.8903, "car_dcc": 2.2801, "car_lcAssertive": 79.597, "car_lcCooperative": 0.5618, "car_lcLookaheadLeft": 64.773, "car_lcPushy": 0.4283, "car_lcSigma": 0.5321, "car_lcSpeedGainRight": 4.6231, "car_lcSublane": 0.6724, "car_sigma": 0.7861, "car_tau_mean": 1.5996, "car_tau_std": 6.2306, "car_v_mean": 22.5033, "car_v_std": 3.3093}, "datetime": {"datetime": "2024-08-11 17:45:59", "elapsed": 229.666091, "delta": 4.950885}}
{"target": -0.37228477552226297, "params": {"bus_acc": 2.3028, "bus_dcc": 3.7553, "bus_lcAssertive": 60.7601, "bus_lcCooperative": 0.3595, "bus_lcLookaheadLeft": 43.4324, "bus_lcPushy": 0.9879, "bus_lcSigma": 0.0132, "bus_lcSpeedGainRight": 1.7964, "bus_lcSublane": 0.6035, "bus_sigma": 0.7204, "bus_tau_mean": 1.7666, "bus_tau_std": 2.653, "bus_v_mean": 18.0425, "bus_v_std": 12.2352, "car_acc": 3.7221, "car_dcc": 0.5674, "car_lcAssertive": 79.8213, "car_lcCooperative": 0.6052, "car_lcLookaheadLeft": 71.5711, "car_lcPushy": 0.1111, "car_lcSigma": 0.1837, "car_lcSpeedGainRight": 3.5932, "car_lcSublane": 0.5942, "car_sigma": 0.0476, "car_tau_mean": 1.4004, "car_tau_std": 7.4154, "car_v_mean": 24.2004, "car_v_std": 3.0839}, "datetime": {"datetime": "2024-08-11 17:46:04", "elapsed": 235.315538, "delta": 5.649447}}
{"target": -0.3817896315395654, "params": {"bus_acc": 3.2734, "bus_dcc": 1.8969, "bus_lcAssertive": 70.0307, "bus_lcCooperative": 0.0443, "bus_lcLookaheadLeft": 54.7748, "bus_lcPushy": 0.7003, "bus_lcSigma": 0.5234, "bus_lcSpeedGainRight": 1.6715, "bus_lcSublane": 0.8033, "bus_sigma": 0.1484, "bus_tau_mean": 2.0883, "bus_tau_std": 9.3128, "bus_v_mean": 12.7293, "bus_v_std": 2.5531, "car_acc": 3.9533, "car_dcc": 3.7258, "car_lcAssertive": 55.3798, "car_lcCooperative": 0.4972, "car_lcLookaheadLeft": 60.59, "car_lcPushy": 0.4079, "car_lcSigma": 0.1289, "car_lcSpeedGainRight": 3.1618, "car_lcSublane": 0.3694, "car_sigma": 0.182, "car_tau_mean": 0.8015, "car_tau_std": 8.3235, "car_v_mean": 18.0636, "car_v_std": 3.0003}, "datetime": {"datetime": "2024-08-11 17:46:08", "elapsed": 239.109192, "delta": 3.793654}}
{"target": -0.40971836017609764, "params": {"bus_acc": 0.7815, "bus_dcc": 2.86, "bus_lcAssertive": 73.0513, "bus_lcCooperative": 0.659, "bus_lcLookaheadLeft": 23.7887, "bus_lcPushy": 0.6135, "bus_lcSigma": 0.4273, "bus_lcSpeedGainRight": 2.2353, "bus_lcSublane": 0.1658, "bus_sigma": 0.7779, "bus_tau_mean": 2.2199, "bus_tau_std": 7.3992, "bus_v_mean": 14.1052, "bus_v_std": 11.1333, "car_acc": 1.9074, "car_dcc": 1.5544, "car_lcAssertive": 12.2266, "car_lcCooperative": 0.1778, "car_lcLookaheadLeft": 8.8973, "car_lcPushy": 0.5386, "car_lcSigma": 0.6728, "car_lcSpeedGainRight": 3.3065, "car_lcSublane": 0.7147, "car_sigma": 0.1382, "car_tau_mean": 2.4086, "car_tau_std": 6.421, "car_v_mean": 11.5179, "car_v_std": 2.5523}, "datetime": {"datetime": "2024-08-11 17:46:11", "elapsed": 242.564007, "delta": 3.454815}}
{"target": -0.3817449718167207, "params": {"bus_acc": 1.9505, "bus_dcc": 3.2153, "bus_lcAssertive": 22.4571, "bus_lcCooperative": 0.4131, "bus_lcLookaheadLeft": 12.7861, "bus_lcPushy": 0.7498, "bus_lcSigma": 0.2722, "bus_lcSpeedGainRight": 4.995, "bus_lcSublane": 0.5149, "bus_sigma": 0.1958, "bus_tau_mean": 1.9606, "bus_tau_std": 7.0123, "bus_v_mean": 16.1239, "bus_v_std": 10.3996, "car_acc": 1.9122, "car_dcc": 3.8923, "car_lcAssertive": 90.6816, "car_lcCooperative": 0.2842, "car_lcLookaheadLeft": 46.441, "car_lcPushy": 0.5137, "car_lcSigma": 0.2439, "car_lcSpeedGainRight": 0.4451, "car_lcSublane": 0.1525, "car_sigma": 0.6953, "car_tau_mean": 0.7384, "car_tau_std": 6.0373, "car_v_mean": 23.5684, "car_v_std": 14.8038}, "datetime": {"datetime": "2024-08-11 17:46:14", "elapsed": 245.349846, "delta": 2.785839}}
{"target": -0.41333360079459475, "params": {"bus_acc": 3.5711, "bus_dcc": 0.949, "bus_lcAssertive": 17.0306, "bus_lcCooperative": 0.0595, "bus_lcLookaheadLeft": 10.1466, "bus_lcPushy": 0.8848, "bus_lcSigma": 0.3032, "bus_lcSpeedGainRight": 3.3661, "bus_lcSublane": 0.8869, "bus_sigma": 0.0459, "bus_tau_mean": 3.6487, "bus_tau_std": 3.7967, "bus_v_mean": 15.508, "bus_v_std": 8.1922, "car_acc": 1.6455, "car_dcc": 0.7058, "car_lcAssertive": 96.4349, "car_lcCooperative": 0.6944, "car_lcLookaheadLeft": 47.3636, "car_lcPushy": 0.3188, "car_lcSigma": 0.1325, "car_lcSpeedGainRight": 1.4957, "car_lcSublane": 0.8292, "car_sigma": 0.032, "car_tau_mean": 2.9524, "car_tau_std": 4.6208, "car_v_mean": 16.7735, "car_v_std": 9.2899}, "datetime": {"datetime": "2024-08-11 17:46:18", "elapsed": 249.094775, "delta": 3.744929}}
{"target": -0.45777179041290594, "params": {"bus_acc": 1.019, "bus_dcc": 2.8124, "bus_lcAssertive": 75.0498, "bus_lcCooperative": 0.4653, "bus_lcLookaheadLeft": 24.924, "bus_lcPushy": 0.6973, "bus_lcSigma": 0.6999, "bus_lcSpeedGainRight": 2.3239, "bus_lcSublane": 0.0671, "bus_sigma": 0.6902, "bus_tau_mean": 2.3784, "bus_tau_std": 6.9055, "bus_v_mean": 14.9197, "bus_v_std": 11.6526, "car_acc": 2.0552, "car_dcc": 1.2695, "car_lcAssertive": 12.204, "car_lcCooperative": 0.342, "car_lcLookaheadLeft": 12.1152, "car_lcPushy": 0.2764, "car_lcSigma": 0.61, "car_lcSpeedGainRight": 2.7739, "car_lcSublane": 0.471, "car_sigma": 0.1597, "car_tau_mean": 3.1992, "car_tau_std": 4.1111, "car_v_mean": 11.9881, "car_v_std": 3.2663}, "datetime": {"datetime": "2024-08-11 17:46:20", "elapsed": 250.744763, "delta": 1.649988}}
{"target": -0.37292743418521956, "params": {"bus_acc": 2.6827, "bus_dcc": 3.0201, "bus_lcAssertive": 77.286, "bus_lcCooperative": 0.4958, "bus_lcLookaheadLeft": 10.4768, "bus_lcPushy": 0.6711, "bus_lcSigma": 0.5764, "bus_lcSpeedGainRight": 2.348, "bus_lcSublane": 0.909, "bus_sigma": 0.2626, "bus_tau_mean": 2.5569, "bus_tau_std": 9.968, "bus_v_mean": 21.6465, "bus_v_std": 5.9725, "car_acc": 2.7882, "car_dcc": 2.8656, "car_lcAssertive": 65.6224, "car_lcCooperative": 0.4832, "car_lcLookaheadLeft": 96.4105, "car_lcPushy": 0.3763, "car_lcSigma": 0.5053, "car_lcSpeedGainRight": 3.9012, "car_lcSublane": 0.6289, "car_sigma": 0.8029, "car_tau_mean": 2.2398, "car_tau_std": 3.5375, "car_v_mean": 12.331, "car_v_std": 19.2629}, "datetime": {"datetime": "2024-08-11 17:46:23", "elapsed": 253.630093, "delta": 2.88533}}
{"target": -0.41192831269197044, "params": {"bus_acc": 2.4766, "bus_dcc": 3.1452, "bus_lcAssertive": 59.7775, "bus_lcCooperative": 0.3095, "bus_lcLookaheadLeft": 52.4294, "bus_lcPushy": 0.9303, "bus_lcSigma": 0.2845, "bus_lcSpeedGainRight": 3.123, "bus_lcSublane": 0.9773, "bus_sigma": 0.6638, "bus_tau_mean": 0.5825, "bus_tau_std": 6.8417, "bus_v_mean": 9.5144, "bus_v_std": 8.9434, "car_acc": 1.8264, "car_dcc": 0.2674, "car_lcAssertive": 74.5268, "car_lcCooperative": 0.2642, "car_lcLookaheadLeft": 59.9633, "car_lcPushy": 0.6717, "car_lcSigma": 0.7033, "car_lcSpeedGainRight": 0.4424, "car_lcSublane": 0.7237, "car_sigma": 0.6899, "car_tau_mean": 3.809, "car_tau_std": 6.1165, "car_v_mean": 22.7818, "car_v_std": 2.4035}, "datetime": {"datetime": "2024-08-11 17:46:25", "elapsed": 255.844865, "delta": 2.214772}}
{"target": -0.36677884203064776, "params": {"bus_acc": 1.0669, "bus_dcc": 1.8248, "bus_lcAssertive": 72.157, "bus_lcCooperative": 0.0015, "bus_lcLookaheadLeft": 37.8252, "bus_lcPushy": 0.0161, "bus_lcSigma": 1.0, "bus_lcSpeedGainRight": 2.1856, "bus_lcSublane": 0.2796, "bus_sigma": 0.3434, "bus_tau_mean": 1.1391, "bus_tau_std": 6.7026, "bus_v_mean": 10.0257, "bus_v_std": 14.6134, "car_acc": 2.3518, "car_dcc": 2.7862, "car_lcAssertive": 79.3761, "car_lcCooperative": 0.4454, "car_lcLookaheadLeft": 81.2274, "car_lcPushy": 0.1673, "car_lcSigma": 0.8531, "car_lcSpeedGainRight": 4.1072, "car_lcSublane": 0.8417, "car_sigma": 0.7353, "car_tau_mean": 2.4542, "car_tau_std": 7.9076, "car_v_mean": 15.9418, "car_v_std": 7.8509}, "datetime": {"datetime": "2024-08-11 17:46:27", "elapsed": 258.276159, "delta": 2.431294}}
{"target": -0.43657186867564096, "params": {"bus_acc": 1.2015, "bus_dcc": 2.0555, "bus_lcAssertive": 41.9861, "bus_lcCooperative": 0.0912, "bus_lcLookaheadLeft": 19.334, "bus_lcPushy": 0.6833, "bus_lcSigma": 0.6127, "bus_lcSpeedGainRight": 0.2762, "bus_lcSublane": 0.5695, "bus_sigma": 0.2159, "bus_tau_mean": 3.6932, "bus_tau_std": 1.451, "bus_v_mean": 17.0312, "bus_v_std": 1.5781, "car_acc": 3.03, "car_dcc": 1.1944, "car_lcAssertive": 72.5996, "car_lcCooperative": 0.2369, "car_lcLookaheadLeft": 58.8019, "car_lcPushy": 0.9018, "car_lcSigma": 0.503, "car_lcSpeedGainRight": 2.9156, "car_lcSublane": 0.5365, "car_sigma": 0.577, "car_tau_mean": 1.6543, "car_tau_std": 9.5504, "car_v_mean": 15.2004, "car_v_std": 15.6163}, "datetime": {"datetime": "2024-08-11 17:46:32", "elapsed": 262.820057, "delta": 4.543898}}
{"target": -0.39839221260567315, "params": {"bus_acc": 1.8081, "bus_dcc": 2.9019, "bus_lcAssertive": 17.2551, "bus_lcCooperative": 0.6781, "bus_lcLookaheadLeft": 94.8635, "bus_lcPushy": 0.5752, "bus_lcSigma": 0.3803, "bus_lcSpeedGainRight": 2.7273, "bus_lcSublane": 0.8409, "bus_sigma": 0.8427, "bus_tau_mean": 3.7804, "bus_tau_std": 0.3061, "bus_v_mean": 13.1899, "bus_v_std": 20.0, "car_acc": 0.6548, "car_dcc": 2.4455, "car_lcAssertive": 79.4039, "car_lcCooperative": 0.3135, "car_lcLookaheadLeft": 67.1074, "car_lcPushy": 0.6794, "car_lcSigma": 0.3856, "car_lcSpeedGainRight": 4.7763, "car_lcSublane": 0.3728, "car_sigma": 0.6391, "car_tau_mean": 3.476, "car_tau_std": 6.0099, "car_v_mean": 19.7023, "car_v_std": 2.7624}, "datetime": {"datetime": "2024-08-11 17:46:33", "elapsed": 264.514106, "delta": 1.694049}}
{"target": -0.4191979064985638, "params": {"bus_acc": 0.2, "bus_dcc": 4.0, "bus_lcAssertive": 46.2896, "bus_lcCooperative": 1.0, "bus_lcLookaheadLeft": 66.5352, "bus_lcPushy": 0.0, "bus_lcSigma": 1.0, "bus_lcSpeedGainRight": 5.0, "bus_lcSublane": 1.0, "bus_sigma": 1.0, "bus_tau_mean": 0.5, "bus_tau_std": 0.0, "bus_v_mean": 26.0, "bus_v_std": 0.0, "car_acc": 0.2, "car_dcc": 4.0, "car_lcAssertive": 1.0, "car_lcCooperative": 0.0, "car_lcLookaheadLeft": 2.0, "car_lcPushy": 0.0, "car_lcSigma": 1.0, "car_lcSpeedGainRight": 0.0, "car_lcSublane": 1.0, "car_sigma": 1.0, "car_tau_mean": 4.0, "car_tau_std": 0.0, "car_v_mean": 8.0, "car_v_std": 0.0}, "datetime": {"datetime": "2024-08-11 17:46:37", "elapsed": 268.018545, "delta": 3.504439}}
{"target": -0.34825673435716986, "params": {"bus_acc": 3.849, "bus_dcc": 3.2841, "bus_lcAssertive": 94.5717, "bus_lcCooperative": 0.9698, "bus_lcLookaheadLeft": 30.5814, "bus_lcPushy": 0.8403, "bus_lcSigma": 0.128, "bus_lcSpeedGainRight": 4.6803, "bus_lcSublane": 0.3308, "bus_sigma": 0.753, "bus_tau_mean": 1.4553, "bus_tau_std": 6.2364, "bus_v_mean": 22.9269, "bus_v_std": 6.8999, "car_acc": 1.2343, "car_dcc": 3.9509, "car_lcAssertive": 84.9504, "car_lcCooperative": 0.0867, "car_lcLookaheadLeft": 16.0324, "car_lcPushy": 0.4921, "car_lcSigma": 0.0324, "car_lcSpeedGainRight": 2.3414, "car_lcSublane": 0.6092, "car_sigma": 0.7459, "car_tau_mean": 2.2932, "car_tau_std": 8.1281, "car_v_mean": 9.6283, "car_v_std": 14.807}, "datetime": {"datetime": "2024-08-11 17:46:40", "elapsed": 271.519364, "delta": 3.500819}}
{"target": -0.32993244315447495, "params": {"bus_acc": 0.2665, "bus_dcc": 3.599, "bus_lcAssertive": 68.4634, "bus_lcCooperative": 0.9314, "bus_lcLookaheadLeft": 76.2123, "bus_lcPushy": 0.5707, "bus_lcSigma": 0.2218, "bus_lcSpeedGainRight": 4.7189, "bus_lcSublane": 0.6416, "bus_sigma": 0.5636, "bus_tau_mean": 2.3031, "bus_tau_std": 7.8005, "bus_v_mean": 10.7466, "bus_v_std": 10.832, "car_acc": 3.0702, "car_dcc": 1.1617, "car_lcAssertive": 40.0454, "car_lcCooperative": 0.7267, "car_lcLookaheadLeft": 88.8803, "car_lcPushy": 0.6306, "car_lcSigma": 0.9391, "car_lcSpeedGainRight": 2.6964, "car_lcSublane": 0.6023, "car_sigma": 0.112, "car_tau_mean": 2.1583, "car_tau_std": 5.1972, "car_v_mean": 17.4773, "car_v_std": 0.0993}, "datetime": {"datetime": "2024-08-11 17:46:42", "elapsed": 273.492555, "delta": 1.973191}}
{"target": -0.3476484802136614, "params": {"bus_acc": 0.3109, "bus_dcc": 1.3269, "bus_lcAssertive": 82.3578, "bus_lcCooperative": 0.6559, "bus_lcLookaheadLeft": 19.8649, "bus_lcPushy": 0.6974, "bus_lcSigma": 0.0564, "bus_lcSpeedGainRight": 3.3723, "bus_lcSublane": 0.5196, "bus_sigma": 0.4722, "bus_tau_mean": 3.6147, "bus_tau_std": 5.6555, "bus_v_mean": 14.4628, "bus_v_std": 13.1199, "car_acc": 2.9496, "car_dcc": 3.3007, "car_lcAssertive": 15.2952, "car_lcCooperative": 0.8315, "car_lcLookaheadLeft": 7.7565, "car_lcPushy": 0.9143, "car_lcSigma": 0.8826, "car_lcSpeedGainRight": 2.6099, "car_lcSublane": 0.7223, "car_sigma": 0.3378, "car_tau_mean": 3.7175, "car_tau_std": 3.0652, "car_v_mean": 14.671, "car_v_std": 4.1245}, "datetime": {"datetime": "2024-08-11 17:46:44", "elapsed": 274.880796, "delta": 1.388241}}
