{"target": -0.19072104477106275, "params": {"bus_acc": 3.5414, "bus_dcc": 0.8746, "bus_lcAssertive": 48.3634, "bus_lcCooperative": 0.2354, "bus_lcLookaheadLeft": 61.8866, "bus_lcPushy": 0.9436, "bus_lcSigma": 0.6629, "bus_lcSpeedGainRight": 3.145, "bus_lcSublane": 0.3676, "bus_sigma": 0.2916, "bus_tau_mean": 3.0826, "bus_tau_std": 6.7065, "bus_v_mean": 25.7979, "bus_v_std": 19.9223, "car_acc": 3.0191, "car_dcc": 3.2653, "car_lcAssertive": 52.0961, "car_lcCooperative": 0.776, "car_lcLookaheadLeft": 26.507, "car_lcPushy": 0.8442, "car_lcSigma": 0.1463, "car_lcSpeedGainRight": 4.3972, "car_lcSublane": 0.977, "car_sigma": 0.0201, "car_tau_mean": 3.6021, "car_tau_std": 9.8008, "car_v_mean": 22.8206, "car_v_std": 13.657}, "datetime": {"datetime": "2024-09-05 11:55:02", "elapsed": 3958.385465, "delta": 5.198513}}
{"target": -0.18084071395931875, "params": {"bus_acc": 0.5542, "bus_dcc": 2.4412, "bus_lcAssertive": 36.0137, "bus_lcCooperative": 0.0721, "bus_lcLookaheadLeft": 16.7255, "bus_lcPushy": 0.61, "bus_lcSigma": 0.1225, "bus_lcSpeedGainRight": 2.3078, "bus_lcSublane": 0.9548, "bus_sigma": 0.7856, "bus_tau_mean": 2.7206, "bus_tau_std": 4.7494, "bus_v_mean": 22.7386, "bus_v_std": 17.2828, "car_acc": 3.9978, "car_dcc": 3.1267, "car_lcAssertive": 79.6141, "car_lcCooperative": 0.5562, "car_lcLookaheadLeft": 21.0536, "car_lcPushy": 0.6722, "car_lcSigma": 0.6791, "car_lcSpeedGainRight": 1.3934, "car_lcSublane": 0.2323, "car_sigma": 0.8512, "car_tau_mean": 1.3467, "car_tau_std": 0.4621, "car_v_mean": 23.2947, "car_v_std": 7.0853}, "datetime": {"datetime": "2024-09-05 11:55:08", "elapsed": 3964.195314, "delta": 5.809849}}
{"target": -0.21003168989402612, "params": {"bus_acc": 0.3068, "bus_dcc": 3.5675, "bus_lcAssertive": 42.2453, "bus_lcCooperative": 0.9285, "bus_lcLookaheadLeft": 16.387, "bus_lcPushy": 0.368, "bus_lcSigma": 0.243, "bus_lcSpeedGainRight": 0.8151, "bus_lcSublane": 0.7931, "bus_sigma": 0.0985, "bus_tau_mean": 3.0967, "bus_tau_std": 8.7227, "bus_v_mean": 21.7616, "bus_v_std": 18.1783, "car_acc": 1.7509, "car_dcc": 1.7309, "car_lcAssertive": 59.751, "car_lcCooperative": 0.6249, "car_lcLookaheadLeft": 74.0918, "car_lcPushy": 0.4732, "car_lcSigma": 0.5446, "car_lcSpeedGainRight": 0.6806, "car_lcSublane": 0.0921, "car_sigma": 0.1207, "car_tau_mean": 1.564, "car_tau_std": 5.8894, "car_v_mean": 20.4754, "car_v_std": 19.1654}, "datetime": {"datetime": "2024-09-05 11:55:11", "elapsed": 3966.797939, "delta": 2.602625}}
{"target": -0.17367123885661595, "params": {"bus_acc": 3.0688, "bus_dcc": 2.0214, "bus_lcAssertive": 44.0358, "bus_lcCooperative": 0.9694, "bus_lcLookaheadLeft": 78.2615, "bus_lcPushy": 0.4479, "bus_lcSigma": 0.802, "bus_lcSpeedGainRight": 0.8582, "bus_lcSublane": 0.4977, "bus_sigma": 0.3428, "bus_tau_mean": 3.5442, "bus_tau_std": 8.8257, "bus_v_mean": 24.2191, "bus_v_std": 3.9387, "car_acc": 3.8227, "car_dcc": 1.9607, "car_lcAssertive": 62.5878, "car_lcCooperative": 0.2319, "car_lcLookaheadLeft": 40.5439, "car_lcPushy": 0.1704, "car_lcSigma": 0.3005, "car_lcSpeedGainRight": 3.9714, "car_lcSublane": 0.6263, "car_sigma": 0.2491, "car_tau_mean": 2.5237, "car_tau_std": 7.4481, "car_v_mean": 9.6436, "car_v_std": 5.4284}, "datetime": {"datetime": "2024-09-05 11:55:22", "elapsed": 3978.115747, "delta": 11.317808}}
{"target": -0.5552652439328511, "params": {"bus_acc": 1.4618, "bus_dcc": 1.2978, "bus_lcAssertive": 18.5961, "bus_lcCooperative": 0.5031, "bus_lcLookaheadLeft": 83.2845, "bus_lcPushy": 0.3062, "bus_lcSigma": 0.8449, "bus_lcSpeedGainRight": 1.2825, "bus_lcSublane": 0.344, "bus_sigma": 0.5072, "bus_tau_mean": 1.7628, "bus_tau_std": 0.9221, "bus_v_mean": 14.1801, "bus_v_std": 14.4183, "car_acc": 0.9742, "car_dcc": 0.5623, "car_lcAssertive": 89.6924, "car_lcCooperative": 0.0738, "car_lcLookaheadLeft": 79.2753, "car_lcPushy": 0.4256, "car_lcSigma": 0.6585, "car_lcSpeedGainRight": 2.7415, "car_lcSublane": 0.4608, "car_sigma": 0.1441, "car_tau_mean": 1.2953, "car_tau_std": 8.5659, "car_v_mean": 11.5105, "car_v_std": 18.598}, "datetime": {"datetime": "2024-09-05 11:55:39", "elapsed": 3994.782679, "delta": 16.666932}}
{"target": -0.20958528144250946, "params": {"bus_acc": 2.3662, "bus_dcc": 3.4347, "bus_lcAssertive": 45.1091, "bus_lcCooperative": 0.1271, "bus_lcLookaheadLeft": 4.8429, "bus_lcPushy": 0.4535, "bus_lcSigma": 0.1995, "bus_lcSpeedGainRight": 2.4506, "bus_lcSublane": 0.5544, "bus_sigma": 0.2867, "bus_tau_mean": 3.5006, "bus_tau_std": 9.7897, "bus_v_mean": 10.3558, "bus_v_std": 0.1053, "car_acc": 3.3176, "car_dcc": 0.4535, "car_lcAssertive": 19.5028, "car_lcCooperative": 0.5056, "car_lcLookaheadLeft": 93.0467, "car_lcPushy": 0.2467, "car_lcSigma": 0.893, "car_lcSpeedGainRight": 0.6251, "car_lcSublane": 0.3661, "car_sigma": 0.1448, "car_tau_mean": 3.7218, "car_tau_std": 1.6887, "car_v_mean": 14.3291, "car_v_std": 5.7713}, "datetime": {"datetime": "2024-09-05 11:55:58", "elapsed": 4013.987625, "delta": 19.204946}}
{"target": -0.19441865236404834, "params": {"bus_acc": 0.7679, "bus_dcc": 0.7565, "bus_lcAssertive": 30.4696, "bus_lcCooperative": 0.1638, "bus_lcLookaheadLeft": 13.3947, "bus_lcPushy": 0.0043, "bus_lcSigma": 0.4325, "bus_lcSpeedGainRight": 2.3526, "bus_lcSublane": 0.3141, "bus_sigma": 0.3279, "bus_tau_mean": 3.635, "bus_tau_std": 4.7899, "bus_v_mean": 15.2956, "bus_v_std": 8.8209, "car_acc": 0.5269, "car_dcc": 1.6814, "car_lcAssertive": 18.488, "car_lcCooperative": 0.7434, "car_lcLookaheadLeft": 32.5075, "car_lcPushy": 0.9723, "car_lcSigma": 0.8662, "car_lcSpeedGainRight": 1.6473, "car_lcSublane": 0.9142, "car_sigma": 0.3189, "car_tau_mean": 0.8809, "car_tau_std": 8.7715, "car_v_mean": 11.0403, "car_v_std": 8.5429}, "datetime": {"datetime": "2024-09-05 11:56:21", "elapsed": 4036.512791, "delta": 22.525166}}
{"target": -0.18647286965031898, "params": {"bus_acc": 0.4351, "bus_dcc": 0.9138, "bus_lcAssertive": 30.3353, "bus_lcCooperative": 0.5704, "bus_lcLookaheadLeft": 89.788, "bus_lcPushy": 0.7633, "bus_lcSigma": 0.4303, "bus_lcSpeedGainRight": 2.562, "bus_lcSublane": 0.7297, "bus_sigma": 0.4295, "bus_tau_mean": 3.7879, "bus_tau_std": 2.5706, "bus_v_mean": 9.5651, "bus_v_std": 2.4391, "car_acc": 3.2655, "car_dcc": 1.0554, "car_lcAssertive": 48.7583, "car_lcCooperative": 0.7706, "car_lcLookaheadLeft": 38.3009, "car_lcPushy": 0.4007, "car_lcSigma": 0.6731, "car_lcSpeedGainRight": 1.6511, "car_lcSublane": 0.3741, "car_sigma": 0.7825, "car_tau_mean": 3.9445, "car_tau_std": 2.8438, "car_v_mean": 23.0999, "car_v_std": 19.8936}, "datetime": {"datetime": "2024-09-05 11:56:30", "elapsed": 4045.990623, "delta": 9.477832}}
{"target": -0.21132745872463413, "params": {"bus_acc": 0.5779, "bus_dcc": 0.7533, "bus_lcAssertive": 77.7939, "bus_lcCooperative": 0.1501, "bus_lcLookaheadLeft": 52.8735, "bus_lcPushy": 0.7273, "bus_lcSigma": 0.1312, "bus_lcSpeedGainRight": 2.1105, "bus_lcSublane": 0.5589, "bus_sigma": 0.4327, "bus_tau_mean": 2.1315, "bus_tau_std": 5.804, "bus_v_mean": 8.8718, "bus_v_std": 5.1476, "car_acc": 2.6785, "car_dcc": 1.6614, "car_lcAssertive": 85.9565, "car_lcCooperative": 0.6795, "car_lcLookaheadLeft": 5.682, "car_lcPushy": 0.2854, "car_lcSigma": 0.9274, "car_lcSpeedGainRight": 1.6071, "car_lcSublane": 0.151, "car_sigma": 0.7908, "car_tau_mean": 2.7861, "car_tau_std": 8.6204, "car_v_mean": 12.5696, "car_v_std": 8.2558}, "datetime": {"datetime": "2024-09-05 11:56:35", "elapsed": 4051.311177, "delta": 5.320554}}
{"target": -0.41354765238567803, "params": {"bus_acc": 1.2028, "bus_dcc": 3.2738, "bus_lcAssertive": 82.5895, "bus_lcCooperative": 0.6882, "bus_lcLookaheadLeft": 18.2554, "bus_lcPushy": 0.1659, "bus_lcSigma": 0.0953, "bus_lcSpeedGainRight": 4.5012, "bus_lcSublane": 0.3701, "bus_sigma": 0.3707, "bus_tau_mean": 1.7215, "bus_tau_std": 4.7979, "bus_v_mean": 18.3115, "bus_v_std": 15.2203, "car_acc": 0.5572, "car_dcc": 0.4961, "car_lcAssertive": 32.2201, "car_lcCooperative": 0.984, "car_lcLookaheadLeft": 89.5026, "car_lcPushy": 0.6884, "car_lcSigma": 0.3611, "car_lcSpeedGainRight": 0.9343, "car_lcSublane": 0.8525, "car_sigma": 0.8472, "car_tau_mean": 1.3461, "car_tau_std": 9.183, "car_v_mean": 16.2198, "car_v_std": 12.8726}, "datetime": {"datetime": "2024-09-05 11:56:39", "elapsed": 4054.668135, "delta": 3.356958}}
{"target": -0.2250064859225839, "params": {"bus_acc": 0.6583, "bus_dcc": 1.7079, "bus_lcAssertive": 76.3964, "bus_lcCooperative": 0.1443, "bus_lcLookaheadLeft": 93.3623, "bus_lcPushy": 0.4591, "bus_lcSigma": 0.7423, "bus_lcSpeedGainRight": 1.3135, "bus_lcSublane": 0.4106, "bus_sigma": 0.8672, "bus_tau_mean": 2.3541, "bus_tau_std": 0.0059, "bus_v_mean": 20.7945, "bus_v_std": 13.7331, "car_acc": 3.326, "car_dcc": 0.9356, "car_lcAssertive": 77.0334, "car_lcCooperative": 0.4925, "car_lcLookaheadLeft": 71.9827, "car_lcPushy": 0.6844, "car_lcSigma": 0.0766, "car_lcSpeedGainRight": 3.7363, "car_lcSublane": 0.3436, "car_sigma": 0.3425, "car_tau_mean": 1.6329, "car_tau_std": 9.8797, "car_v_mean": 23.2622, "car_v_std": 7.3628}, "datetime": {"datetime": "2024-09-05 11:56:43", "elapsed": 4058.971629, "delta": 4.303494}}
{"target": -0.1859429875630004, "params": {"bus_acc": 1.536, "bus_dcc": 2.5981, "bus_lcAssertive": 62.3955, "bus_lcCooperative": 0.2237, "bus_lcLookaheadLeft": 35.858, "bus_lcPushy": 0.1933, "bus_lcSigma": 0.913, "bus_lcSpeedGainRight": 1.4314, "bus_lcSublane": 0.3637, "bus_sigma": 0.3312, "bus_tau_mean": 1.2356, "bus_tau_std": 7.6078, "bus_v_mean": 8.1497, "bus_v_std": 18.5577, "car_acc": 3.478, "car_dcc": 3.9011, "car_lcAssertive": 52.4244, "car_lcCooperative": 0.9325, "car_lcLookaheadLeft": 57.8478, "car_lcPushy": 0.5355, "car_lcSigma": 0.3125, "car_lcSpeedGainRight": 2.8109, "car_lcSublane": 0.5473, "car_sigma": 0.2693, "car_tau_mean": 3.5486, "car_tau_std": 0.7737, "car_v_mean": 12.2313, "car_v_std": 1.3862}, "datetime": {"datetime": "2024-09-05 11:56:51", "elapsed": 4067.36008, "delta": 8.388451}}
{"target": -0.2891916127345909, "params": {"bus_acc": 3.9339, "bus_dcc": 3.1197, "bus_lcAssertive": 80.2263, "bus_lcCooperative": 0.9325, "bus_lcLookaheadLeft": 61.7288, "bus_lcPushy": 0.5679, "bus_lcSigma": 0.8052, "bus_lcSpeedGainRight": 4.2171, "bus_lcSublane": 0.0293, "bus_sigma": 0.8809, "bus_tau_mean": 1.8537, "bus_tau_std": 3.6502, "bus_v_mean": 22.1567, "bus_v_std": 19.387, "car_acc": 0.3957, "car_dcc": 3.2155, "car_lcAssertive": 83.874, "car_lcCooperative": 0.423, "car_lcLookaheadLeft": 11.2579, "car_lcPushy": 0.954, "car_lcSigma": 0.0847, "car_lcSpeedGainRight": 3.112, "car_lcSublane": 0.116, "car_sigma": 0.1967, "car_tau_mean": 2.3015, "car_tau_std": 1.921, "car_v_mean": 24.1846, "car_v_std": 17.4239}, "datetime": {"datetime": "2024-09-05 11:56:55", "elapsed": 4070.634642, "delta": 3.274562}}
{"target": -0.19218837588956092, "params": {"bus_acc": 1.0096, "bus_dcc": 1.3605, "bus_lcAssertive": 88.9755, "bus_lcCooperative": 0.9253, "bus_lcLookaheadLeft": 3.5003, "bus_lcPushy": 0.1681, "bus_lcSigma": 0.1451, "bus_lcSpeedGainRight": 4.7725, "bus_lcSublane": 0.526, "bus_sigma": 0.5988, "bus_tau_mean": 1.5106, "bus_tau_std": 3.3887, "bus_v_mean": 9.5939, "bus_v_std": 18.9143, "car_acc": 1.8546, "car_dcc": 1.3941, "car_lcAssertive": 32.1244, "car_lcCooperative": 0.9994, "car_lcLookaheadLeft": 70.0836, "car_lcPushy": 0.3386, "car_lcSigma": 0.6026, "car_lcSpeedGainRight": 2.7347, "car_lcSublane": 0.9127, "car_sigma": 0.8512, "car_tau_mean": 1.615, "car_tau_std": 7.3343, "car_v_mean": 24.092, "car_v_std": 18.4719}, "datetime": {"datetime": "2024-09-05 11:56:58", "elapsed": 4073.964359, "delta": 3.329717}}
{"target": -0.18927010416393064, "params": {"bus_acc": 3.2469, "bus_dcc": 3.6899, "bus_lcAssertive": 96.7806, "bus_lcCooperative": 0.9315, "bus_lcLookaheadLeft": 20.3785, "bus_lcPushy": 0.8153, "bus_lcSigma": 0.5172, "bus_lcSpeedGainRight": 0.2925, "bus_lcSublane": 0.3686, "bus_sigma": 0.1667, "bus_tau_mean": 2.3062, "bus_tau_std": 6.0197, "bus_v_mean": 8.5937, "bus_v_std": 8.0218, "car_acc": 2.1796, "car_dcc": 1.5494, "car_lcAssertive": 78.3518, "car_lcCooperative": 0.1072, "car_lcLookaheadLeft": 16.5298, "car_lcPushy": 0.8269, "car_lcSigma": 0.2333, "car_lcSpeedGainRight": 4.1985, "car_lcSublane": 0.9883, "car_sigma": 0.681, "car_tau_mean": 0.9572, "car_tau_std": 3.89, "car_v_mean": 9.7373, "car_v_std": 14.7038}, "datetime": {"datetime": "2024-09-05 11:57:05", "elapsed": 4080.557239, "delta": 6.59288}}
{"target": -0.21156902112732423, "params": {"bus_acc": 2.605, "bus_dcc": 1.4266, "bus_lcAssertive": 65.2079, "bus_lcCooperative": 0.8147, "bus_lcLookaheadLeft": 24.5936, "bus_lcPushy": 0.4618, "bus_lcSigma": 0.5299, "bus_lcSpeedGainRight": 4.6952, "bus_lcSublane": 0.3499, "bus_sigma": 0.5383, "bus_tau_mean": 1.4309, "bus_tau_std": 2.2926, "bus_v_mean": 8.3506, "bus_v_std": 10.1718, "car_acc": 2.8729, "car_dcc": 1.246, "car_lcAssertive": 42.9995, "car_lcCooperative": 0.8318, "car_lcLookaheadLeft": 43.0516, "car_lcPushy": 0.4595, "car_lcSigma": 0.6144, "car_lcSpeedGainRight": 2.5559, "car_lcSublane": 0.7376, "car_sigma": 0.4438, "car_tau_mean": 3.1303, "car_tau_std": 7.6952, "car_v_mean": 14.3708, "car_v_std": 14.2652}, "datetime": {"datetime": "2024-09-05 11:57:17", "elapsed": 4092.998566, "delta": 12.441327}}
{"target": -0.2632338111893389, "params": {"bus_acc": 1.817, "bus_dcc": 2.0116, "bus_lcAssertive": 79.5032, "bus_lcCooperative": 0.5578, "bus_lcLookaheadLeft": 13.8297, "bus_lcPushy": 0.1599, "bus_lcSigma": 0.1077, "bus_lcSpeedGainRight": 1.6334, "bus_lcSublane": 0.2531, "bus_sigma": 0.9752, "bus_tau_mean": 2.4248, "bus_tau_std": 4.8911, "bus_v_mean": 19.0401, "bus_v_std": 2.267, "car_acc": 0.8607, "car_dcc": 3.3721, "car_lcAssertive": 24.5704, "car_lcCooperative": 0.1323, "car_lcLookaheadLeft": 93.5171, "car_lcPushy": 0.5614, "car_lcSigma": 0.9943, "car_lcSpeedGainRight": 3.8149, "car_lcSublane": 0.8083, "car_sigma": 0.6727, "car_tau_mean": 1.9938, "car_tau_std": 3.4439, "car_v_mean": 13.8121, "car_v_std": 15.9027}, "datetime": {"datetime": "2024-09-05 11:57:21", "elapsed": 4096.878266, "delta": 3.8797}}
{"target": -0.33994881025030077, "params": {"bus_acc": 3.6265, "bus_dcc": 2.2221, "bus_lcAssertive": 42.6333, "bus_lcCooperative": 0.6437, "bus_lcLookaheadLeft": 57.363, "bus_lcPushy": 0.7191, "bus_lcSigma": 0.4242, "bus_lcSpeedGainRight": 3.7582, "bus_lcSublane": 0.5513, "bus_sigma": 0.149, "bus_tau_mean": 2.2949, "bus_tau_std": 1.2228, "bus_v_mean": 14.3133, "bus_v_std": 16.0773, "car_acc": 0.2858, "car_dcc": 3.9261, "car_lcAssertive": 61.3185, "car_lcCooperative": 0.9067, "car_lcLookaheadLeft": 49.2809, "car_lcPushy": 0.2034, "car_lcSigma": 0.2537, "car_lcSpeedGainRight": 0.5093, "car_lcSublane": 0.488, "car_sigma": 0.2655, "car_tau_mean": 2.0274, "car_tau_std": 4.9865, "car_v_mean": 12.069, "car_v_std": 2.9596}, "datetime": {"datetime": "2024-09-05 11:57:28", "elapsed": 4103.828467, "delta": 6.950201}}
{"target": -0.17983433641820112, "params": {"bus_acc": 1.8629, "bus_dcc": 1.9877, "bus_lcAssertive": 79.727, "bus_lcCooperative": 0.1795, "bus_lcLookaheadLeft": 41.5941, "bus_lcPushy": 0.9211, "bus_lcSigma": 0.9562, "bus_lcSpeedGainRight": 2.4957, "bus_lcSublane": 0.2008, "bus_sigma": 0.9044, "bus_tau_mean": 1.0843, "bus_tau_std": 9.3522, "bus_v_mean": 21.0603, "bus_v_std": 17.2813, "car_acc": 3.4763, "car_dcc": 2.5595, "car_lcAssertive": 37.697, "car_lcCooperative": 0.5802, "car_lcLookaheadLeft": 94.5684, "car_lcPushy": 0.3823, "car_lcSigma": 0.7107, "car_lcSpeedGainRight": 1.9985, "car_lcSublane": 0.9812, "car_sigma": 0.2686, "car_tau_mean": 2.8372, "car_tau_std": 4.9321, "car_v_mean": 13.0323, "car_v_std": 18.3108}, "datetime": {"datetime": "2024-09-05 11:57:39", "elapsed": 4115.268121, "delta": 11.439654}}
{"target": -0.21979823194551015, "params": {"bus_acc": 3.762, "bus_dcc": 0.7348, "bus_lcAssertive": 72.9224, "bus_lcCooperative": 0.5983, "bus_lcLookaheadLeft": 73.8042, "bus_lcPushy": 0.1557, "bus_lcSigma": 0.8898, "bus_lcSpeedGainRight": 3.499, "bus_lcSublane": 0.9447, "bus_sigma": 0.5169, "bus_tau_mean": 2.5039, "bus_tau_std": 6.8985, "bus_v_mean": 24.1951, "bus_v_std": 16.2853, "car_acc": 1.2239, "car_dcc": 1.4571, "car_lcAssertive": 17.4788, "car_lcCooperative": 0.5415, "car_lcLookaheadLeft": 23.1672, "car_lcPushy": 0.3231, "car_lcSigma": 0.817, "car_lcSpeedGainRight": 4.896, "car_lcSublane": 0.5666, "car_sigma": 0.6263, "car_tau_mean": 3.3931, "car_tau_std": 8.0268, "car_v_mean": 8.5497, "car_v_std": 14.3432}, "datetime": {"datetime": "2024-09-05 11:57:49", "elapsed": 4124.542385, "delta": 9.274264}}
{"target": -0.21423961433110725, "params": {"bus_acc": 2.5936, "bus_dcc": 3.7687, "bus_lcAssertive": 44.5856, "bus_lcCooperative": 0.5792, "bus_lcLookaheadLeft": 28.2782, "bus_lcPushy": 0.5523, "bus_lcSigma": 0.9867, "bus_lcSpeedGainRight": 0.8633, "bus_lcSublane": 0.1704, "bus_sigma": 0.9137, "bus_tau_mean": 1.8636, "bus_tau_std": 5.628, "bus_v_mean": 12.1902, "bus_v_std": 5.042, "car_acc": 1.3722, "car_dcc": 0.7201, "car_lcAssertive": 9.7854, "car_lcCooperative": 0.0436, "car_lcLookaheadLeft": 58.3205, "car_lcPushy": 0.4952, "car_lcSigma": 0.3501, "car_lcSpeedGainRight": 2.4822, "car_lcSublane": 0.8728, "car_sigma": 0.1244, "car_tau_mean": 1.8937, "car_tau_std": 4.684, "car_v_mean": 19.267, "car_v_std": 7.0882}, "datetime": {"datetime": "2024-09-05 11:58:01", "elapsed": 4136.702759, "delta": 12.160374}}
{"target": -0.23540964642957427, "params": {"bus_acc": 2.5037, "bus_dcc": 1.1931, "bus_lcAssertive": 30.0204, "bus_lcCooperative": 0.1012, "bus_lcLookaheadLeft": 52.2456, "bus_lcPushy": 0.907, "bus_lcSigma": 0.9215, "bus_lcSpeedGainRight": 4.1778, "bus_lcSublane": 0.8838, "bus_sigma": 0.6035, "bus_tau_mean": 2.9577, "bus_tau_std": 8.5847, "bus_v_mean": 17.8155, "bus_v_std": 5.4189, "car_acc": 1.1765, "car_dcc": 3.5844, "car_lcAssertive": 37.9374, "car_lcCooperative": 0.3825, "car_lcLookaheadLeft": 22.0128, "car_lcPushy": 0.5752, "car_lcSigma": 0.8535, "car_lcSpeedGainRight": 0.5236, "car_lcSublane": 0.2052, "car_sigma": 0.4617, "car_tau_mean": 1.2689, "car_tau_std": 0.8983, "car_v_mean": 12.7319, "car_v_std": 9.278}, "datetime": {"datetime": "2024-09-05 11:58:06", "elapsed": 4142.090076, "delta": 5.387317}}
{"target": -0.2345712952541937, "params": {"bus_acc": 3.3727, "bus_dcc": 1.9887, "bus_lcAssertive": 39.2946, "bus_lcCooperative": 0.2839, "bus_lcLookaheadLeft": 61.128, "bus_lcPushy": 0.863, "bus_lcSigma": 0.2079, "bus_lcSpeedGainRight": 3.5774, "bus_lcSublane": 0.964, "bus_sigma": 0.4674, "bus_tau_mean": 0.904, "bus_tau_std": 0.5998, "bus_v_mean": 12.2986, "bus_v_std": 4.2172, "car_acc": 2.866, "car_dcc": 1.2536, "car_lcAssertive": 54.3251, "car_lcCooperative": 0.6914, "car_lcLookaheadLeft": 49.0451, "car_lcPushy": 0.443, "car_lcSigma": 0.1021, "car_lcSpeedGainRight": 4.0819, "car_lcSublane": 0.6972, "car_sigma": 0.4999, "car_tau_mean": 2.0845, "car_tau_std": 3.621, "car_v_mean": 13.0417, "car_v_std": 6.9473}, "datetime": {"datetime": "2024-09-05 11:58:11", "elapsed": 4147.395222, "delta": 5.305146}}
{"target": -0.6695611337792563, "params": {"bus_acc": 2.3576, "bus_dcc": 0.4906, "bus_lcAssertive": 46.033, "bus_lcCooperative": 0.8647, "bus_lcLookaheadLeft": 84.9985, "bus_lcPushy": 0.5699, "bus_lcSigma": 0.2028, "bus_lcSpeedGainRight": 2.2119, "bus_lcSublane": 0.5642, "bus_sigma": 0.2459, "bus_tau_mean": 2.033, "bus_tau_std": 7.0644, "bus_v_mean": 25.5255, "bus_v_std": 8.2725, "car_acc": 1.3228, "car_dcc": 0.6218, "car_lcAssertive": 26.3455, "car_lcCooperative": 0.4626, "car_lcLookaheadLeft": 27.3343, "car_lcPushy": 0.0463, "car_lcSigma": 0.3242, "car_lcSpeedGainRight": 4.8172, "car_lcSublane": 0.6748, "car_sigma": 0.7952, "car_tau_mean": 2.0894, "car_tau_std": 9.7677, "car_v_mean": 8.8988, "car_v_std": 16.3739}, "datetime": {"datetime": "2024-09-05 11:58:39", "elapsed": 4174.719316, "delta": 27.324094}}
{"target": -0.191893118936837, "params": {"bus_acc": 3.1219, "bus_dcc": 2.1381, "bus_lcAssertive": 36.9446, "bus_lcCooperative": 0.7086, "bus_lcLookaheadLeft": 84.3488, "bus_lcPushy": 0.2223, "bus_lcSigma": 0.2785, "bus_lcSpeedGainRight": 0.8348, "bus_lcSublane": 0.0406, "bus_sigma": 0.0891, "bus_tau_mean": 2.3296, "bus_tau_std": 5.6653, "bus_v_mean": 25.9033, "bus_v_std": 1.6063, "car_acc": 3.2798, "car_dcc": 1.626, "car_lcAssertive": 90.8183, "car_lcCooperative": 0.0878, "car_lcLookaheadLeft": 78.4075, "car_lcPushy": 0.232, "car_lcSigma": 0.8008, "car_lcSpeedGainRight": 4.9704, "car_lcSublane": 0.5471, "car_sigma": 0.3817, "car_tau_mean": 1.8286, "car_tau_std": 9.6319, "car_v_mean": 9.7695, "car_v_std": 16.9849}, "datetime": {"datetime": "2024-09-05 11:59:07", "elapsed": 4202.956542, "delta": 28.237226}}
{"target": -0.18735621959954366, "params": {"bus_acc": 2.6495, "bus_dcc": 0.8788, "bus_lcAssertive": 91.4461, "bus_lcCooperative": 0.4016, "bus_lcLookaheadLeft": 9.19, "bus_lcPushy": 0.8582, "bus_lcSigma": 0.0864, "bus_lcSpeedGainRight": 2.7049, "bus_lcSublane": 0.3297, "bus_sigma": 0.5886, "bus_tau_mean": 3.4159, "bus_tau_std": 7.2647, "bus_v_mean": 15.1077, "bus_v_std": 8.405, "car_acc": 3.7403, "car_dcc": 2.9372, "car_lcAssertive": 59.4851, "car_lcCooperative": 0.9557, "car_lcLookaheadLeft": 12.1539, "car_lcPushy": 0.3103, "car_lcSigma": 0.2783, "car_lcSpeedGainRight": 0.5298, "car_lcSublane": 0.9096, "car_sigma": 0.1735, "car_tau_mean": 1.5184, "car_tau_std": 2.9167, "car_v_mean": 18.6752, "car_v_std": 3.6418}, "datetime": {"datetime": "2024-09-05 11:59:14", "elapsed": 4209.897175, "delta": 6.940633}}
