{"target": -0.18712150275768122, "params": {"bus_acc": 1.856, "bus_dcc": 0.5181, "bus_lcAssertive": 9.2997, "bus_lcCooperative": 0.0918, "bus_lcLookaheadLeft": 46.8659, "bus_lcPushy": 0.7284, "bus_lcSigma": 0.3556, "bus_lcSpeedGainRight": 2.2122, "bus_lcSublane": 0.5119, "bus_sigma": 0.3814, "bus_tau_mean": 2.3496, "bus_tau_std": 9.2477, "bus_v_mean": 11.7999, "bus_v_std": 9.7446, "car_acc": 3.4123, "car_dcc": 3.5731, "car_lcAssertive": 79.2946, "car_lcCooperative": 0.7444, "car_lcLookaheadLeft": 96.9322, "car_lcPushy": 0.3184, "car_lcSigma": 0.8095, "car_lcSpeedGainRight": 3.4658, "car_lcSublane": 0.552, "car_sigma": 0.0047, "car_tau_mean": 0.9364, "car_tau_std": 7.1265, "car_v_mean": 15.7443, "car_v_std": 0.262}, "datetime": {"datetime": "2024-09-05 11:16:59", "elapsed": 1675.383994, "delta": 2.345509}}
{"target": -0.8557145938553079, "params": {"bus_acc": 2.8263, "bus_dcc": 0.3024, "bus_lcAssertive": 10.9206, "bus_lcCooperative": 0.0041, "bus_lcLookaheadLeft": 48.5163, "bus_lcPushy": 0.8986, "bus_lcSigma": 0.3649, "bus_lcSpeedGainRight": 1.611, "bus_lcSublane": 0.6935, "bus_sigma": 0.6725, "bus_tau_mean": 2.096, "bus_tau_std": 3.1371, "bus_v_mean": 17.7882, "bus_v_std": 12.8111, "car_acc": 0.8033, "car_dcc": 1.8894, "car_lcAssertive": 81.3251, "car_lcCooperative": 0.2179, "car_lcLookaheadLeft": 51.8543, "car_lcPushy": 0.4378, "car_lcSigma": 0.458, "car_lcSpeedGainRight": 1.4607, "car_lcSublane": 0.3218, "car_sigma": 0.7696, "car_tau_mean": 2.9081, "car_tau_std": 5.193, "car_v_mean": 20.9128, "car_v_std": 19.5826}, "datetime": {"datetime": "2024-09-05 11:17:15", "elapsed": 1690.618221, "delta": 15.234227}}
{"target": -0.18056102944850475, "params": {"bus_acc": 2.2826, "bus_dcc": 1.1614, "bus_lcAssertive": 85.2226, "bus_lcCooperative": 0.0052, "bus_lcLookaheadLeft": 74.6858, "bus_lcPushy": 0.5007, "bus_lcSigma": 0.6631, "bus_lcSpeedGainRight": 0.874, "bus_lcSublane": 0.85, "bus_sigma": 0.8846, "bus_tau_mean": 2.8296, "bus_tau_std": 5.6252, "bus_v_mean": 18.1199, "bus_v_std": 5.9692, "car_acc": 1.3468, "car_dcc": 2.423, "car_lcAssertive": 92.8023, "car_lcCooperative": 0.4173, "car_lcLookaheadLeft": 19.1079, "car_lcPushy": 0.3796, "car_lcSigma": 0.9893, "car_lcSpeedGainRight": 1.5143, "car_lcSublane": 0.4717, "car_sigma": 0.6558, "car_tau_mean": 1.6358, "car_tau_std": 4.3386, "car_v_mean": 14.038, "car_v_std": 15.2876}, "datetime": {"datetime": "2024-09-05 11:17:20", "elapsed": 1695.633796, "delta": 5.015575}}
{"target": -0.21153430339162546, "params": {"bus_acc": 0.8688, "bus_dcc": 3.7925, "bus_lcAssertive": 72.6221, "bus_lcCooperative": 0.1896, "bus_lcLookaheadLeft": 24.0711, "bus_lcPushy": 0.198, "bus_lcSigma": 0.4843, "bus_lcSpeedGainRight": 0.4341, "bus_lcSublane": 0.5122, "bus_sigma": 0.9153, "bus_tau_mean": 1.5053, "bus_tau_std": 3.0943, "bus_v_mean": 24.501, "bus_v_std": 9.6576, "car_acc": 0.2749, "car_dcc": 0.9707, "car_lcAssertive": 32.0583, "car_lcCooperative": 0.3451, "car_lcLookaheadLeft": 99.3637, "car_lcPushy": 0.7651, "car_lcSigma": 0.7018, "car_lcSpeedGainRight": 0.3778, "car_lcSublane": 0.4894, "car_sigma": 0.2802, "car_tau_mean": 3.3761, "car_tau_std": 8.6361, "car_v_mean": 13.117, "car_v_std": 7.0524}, "datetime": {"datetime": "2024-09-05 11:17:24", "elapsed": 1700.065165, "delta": 4.431369}}
{"target": -0.20984392545103278, "params": {"bus_acc": 2.7867, "bus_dcc": 0.9438, "bus_lcAssertive": 77.7999, "bus_lcCooperative": 0.4562, "bus_lcLookaheadLeft": 32.6333, "bus_lcPushy": 0.4494, "bus_lcSigma": 0.568, "bus_lcSpeedGainRight": 3.0416, "bus_lcSublane": 0.6919, "bus_sigma": 0.7816, "bus_tau_mean": 3.2957, "bus_tau_std": 9.6439, "bus_v_mean": 14.1795, "bus_v_std": 16.7329, "car_acc": 2.1406, "car_dcc": 1.4173, "car_lcAssertive": 96.1282, "car_lcCooperative": 0.7564, "car_lcLookaheadLeft": 92.323, "car_lcPushy": 0.0371, "car_lcSigma": 0.1169, "car_lcSpeedGainRight": 0.2154, "car_lcSublane": 0.883, "car_sigma": 0.6032, "car_tau_mean": 3.9836, "car_tau_std": 7.334, "car_v_mean": 9.492, "car_v_std": 19.9688}, "datetime": {"datetime": "2024-09-05 11:17:35", "elapsed": 1711.200149, "delta": 11.134984}}
{"target": -0.5291813453289809, "params": {"bus_acc": 0.6335, "bus_dcc": 3.611, "bus_lcAssertive": 59.0404, "bus_lcCooperative": 0.1649, "bus_lcLookaheadLeft": 52.4086, "bus_lcPushy": 0.1299, "bus_lcSigma": 0.6859, "bus_lcSpeedGainRight": 0.5803, "bus_lcSublane": 0.8293, "bus_sigma": 0.7153, "bus_tau_mean": 0.6232, "bus_tau_std": 2.3814, "bus_v_mean": 21.6339, "bus_v_std": 5.4408, "car_acc": 2.8446, "car_dcc": 2.1805, "car_lcAssertive": 17.1421, "car_lcCooperative": 0.6074, "car_lcLookaheadLeft": 55.1024, "car_lcPushy": 0.6279, "car_lcSigma": 0.6575, "car_lcSpeedGainRight": 3.8278, "car_lcSublane": 0.8967, "car_sigma": 0.1323, "car_tau_mean": 3.1172, "car_tau_std": 2.4947, "car_v_mean": 10.7257, "car_v_std": 16.2994}, "datetime": {"datetime": "2024-09-05 11:17:40", "elapsed": 1715.871498, "delta": 4.671349}}
{"target": -0.279160009069347, "params": {"bus_acc": 3.1667, "bus_dcc": 0.7286, "bus_lcAssertive": 41.3551, "bus_lcCooperative": 0.2771, "bus_lcLookaheadLeft": 56.1649, "bus_lcPushy": 0.0451, "bus_lcSigma": 0.5804, "bus_lcSpeedGainRight": 1.6367, "bus_lcSublane": 0.785, "bus_sigma": 0.6182, "bus_tau_mean": 2.9464, "bus_tau_std": 9.3591, "bus_v_mean": 19.5229, "bus_v_std": 15.4817, "car_acc": 3.1274, "car_dcc": 0.2157, "car_lcAssertive": 35.648, "car_lcCooperative": 0.5404, "car_lcLookaheadLeft": 55.3144, "car_lcPushy": 0.9046, "car_lcSigma": 0.0181, "car_lcSpeedGainRight": 1.9439, "car_lcSublane": 0.0688, "car_sigma": 0.3371, "car_tau_mean": 3.3118, "car_tau_std": 0.4665, "car_v_mean": 11.1862, "car_v_std": 5.0161}, "datetime": {"datetime": "2024-09-05 11:18:02", "elapsed": 1738.196276, "delta": 22.324778}}
{"target": -0.22993472131663575, "params": {"bus_acc": 2.9321, "bus_dcc": 0.9223, "bus_lcAssertive": 23.7443, "bus_lcCooperative": 0.0196, "bus_lcLookaheadLeft": 9.5809, "bus_lcPushy": 0.8909, "bus_lcSigma": 0.0393, "bus_lcSpeedGainRight": 3.0506, "bus_lcSublane": 0.1336, "bus_sigma": 0.4875, "bus_tau_mean": 3.4862, "bus_tau_std": 8.8202, "bus_v_mean": 17.4959, "bus_v_std": 4.3016, "car_acc": 2.8204, "car_dcc": 1.3742, "car_lcAssertive": 44.8768, "car_lcCooperative": 0.8377, "car_lcLookaheadLeft": 90.1887, "car_lcPushy": 0.5285, "car_lcSigma": 0.2506, "car_lcSpeedGainRight": 0.8831, "car_lcSublane": 0.9813, "car_sigma": 0.37, "car_tau_mean": 2.4392, "car_tau_std": 6.2636, "car_v_mean": 16.9223, "car_v_std": 4.2135}, "datetime": {"datetime": "2024-09-05 11:18:17", "elapsed": 1752.557803, "delta": 14.361527}}
{"target": -0.24207650042873144, "params": {"bus_acc": 0.4045, "bus_dcc": 3.9857, "bus_lcAssertive": 89.0619, "bus_lcCooperative": 0.9073, "bus_lcLookaheadLeft": 96.8074, "bus_lcPushy": 0.2634, "bus_lcSigma": 0.1053, "bus_lcSpeedGainRight": 0.4342, "bus_lcSublane": 0.5072, "bus_sigma": 0.9551, "bus_tau_mean": 0.5794, "bus_tau_std": 7.4945, "bus_v_mean": 22.4211, "bus_v_std": 19.4728, "car_acc": 2.7851, "car_dcc": 3.9505, "car_lcAssertive": 78.5151, "car_lcCooperative": 0.7911, "car_lcLookaheadLeft": 58.0669, "car_lcPushy": 0.5468, "car_lcSigma": 0.5747, "car_lcSpeedGainRight": 0.4957, "car_lcSublane": 0.6734, "car_sigma": 0.507, "car_tau_mean": 2.122, "car_tau_std": 5.6112, "car_v_mean": 11.794, "car_v_std": 12.3647}, "datetime": {"datetime": "2024-09-05 11:18:26", "elapsed": 1762.458794, "delta": 9.900991}}
{"target": -0.19911326689626876, "params": {"bus_acc": 2.4311, "bus_dcc": 0.7582, "bus_lcAssertive": 67.3303, "bus_lcCooperative": 0.8114, "bus_lcLookaheadLeft": 88.1294, "bus_lcPushy": 0.4601, "bus_lcSigma": 0.5044, "bus_lcSpeedGainRight": 2.2516, "bus_lcSublane": 0.9185, "bus_sigma": 0.3334, "bus_tau_mean": 3.8275, "bus_tau_std": 1.3606, "bus_v_mean": 24.6759, "bus_v_std": 8.7565, "car_acc": 1.184, "car_dcc": 0.7957, "car_lcAssertive": 78.5901, "car_lcCooperative": 0.7498, "car_lcLookaheadLeft": 52.4137, "car_lcPushy": 0.2746, "car_lcSigma": 0.8275, "car_lcSpeedGainRight": 0.6562, "car_lcSublane": 0.1713, "car_sigma": 0.8923, "car_tau_mean": 3.3285, "car_tau_std": 6.6857, "car_v_mean": 22.8559, "car_v_std": 5.3925}, "datetime": {"datetime": "2024-09-05 11:18:40", "elapsed": 1775.632104, "delta": 13.17331}}
{"target": -0.6327636322849651, "params": {"bus_acc": 0.684, "bus_dcc": 0.6591, "bus_lcAssertive": 76.4212, "bus_lcCooperative": 0.6413, "bus_lcLookaheadLeft": 88.7371, "bus_lcPushy": 0.9252, "bus_lcSigma": 0.3144, "bus_lcSpeedGainRight": 3.6037, "bus_lcSublane": 0.4235, "bus_sigma": 0.3987, "bus_tau_mean": 1.8737, "bus_tau_std": 1.0913, "bus_v_mean": 22.6156, "bus_v_std": 8.4649, "car_acc": 3.3713, "car_dcc": 0.3471, "car_lcAssertive": 98.2169, "car_lcCooperative": 0.8834, "car_lcLookaheadLeft": 9.1811, "car_lcPushy": 0.0361, "car_lcSigma": 0.1685, "car_lcSpeedGainRight": 3.4127, "car_lcSublane": 0.5564, "car_sigma": 0.5213, "car_tau_mean": 1.0324, "car_tau_std": 2.3779, "car_v_mean": 25.844, "car_v_std": 18.9227}, "datetime": {"datetime": "2024-09-05 11:18:47", "elapsed": 1782.928493, "delta": 7.296389}}
{"target": -0.22193310728643004, "params": {"bus_acc": 3.0456, "bus_dcc": 2.5651, "bus_lcAssertive": 36.0717, "bus_lcCooperative": 0.6349, "bus_lcLookaheadLeft": 37.0878, "bus_lcPushy": 0.8591, "bus_lcSigma": 0.4903, "bus_lcSpeedGainRight": 4.9111, "bus_lcSublane": 0.2293, "bus_sigma": 0.4876, "bus_tau_mean": 0.9912, "bus_tau_std": 3.3614, "bus_v_mean": 18.0778, "bus_v_std": 11.715, "car_acc": 2.2432, "car_dcc": 0.653, "car_lcAssertive": 31.8213, "car_lcCooperative": 0.1763, "car_lcLookaheadLeft": 75.9261, "car_lcPushy": 0.6611, "car_lcSigma": 0.6091, "car_lcSpeedGainRight": 3.168, "car_lcSublane": 0.5658, "car_sigma": 0.0399, "car_tau_mean": 1.447, "car_tau_std": 3.7514, "car_v_mean": 8.271, "car_v_std": 5.2114}, "datetime": {"datetime": "2024-09-05 11:18:52", "elapsed": 1787.856715, "delta": 4.928222}}
{"target": -0.18383151418047192, "params": {"bus_acc": 0.9322, "bus_dcc": 3.0225, "bus_lcAssertive": 90.4853, "bus_lcCooperative": 0.9648, "bus_lcLookaheadLeft": 77.0248, "bus_lcPushy": 0.1202, "bus_lcSigma": 0.724, "bus_lcSpeedGainRight": 2.7462, "bus_lcSublane": 0.9011, "bus_sigma": 0.9115, "bus_tau_mean": 2.1788, "bus_tau_std": 5.1301, "bus_v_mean": 16.8503, "bus_v_std": 2.364, "car_acc": 2.6922, "car_dcc": 2.1076, "car_lcAssertive": 96.0975, "car_lcCooperative": 0.7305, "car_lcLookaheadLeft": 83.3394, "car_lcPushy": 0.9135, "car_lcSigma": 0.3839, "car_lcSpeedGainRight": 4.2852, "car_lcSublane": 0.5604, "car_sigma": 0.1963, "car_tau_mean": 1.4774, "car_tau_std": 5.2855, "car_v_mean": 9.4534, "car_v_std": 1.6206}, "datetime": {"datetime": "2024-09-05 11:18:53", "elapsed": 1789.16747, "delta": 1.310755}}
{"target": -0.18748055157483026, "params": {"bus_acc": 3.4608, "bus_dcc": 1.1014, "bus_lcAssertive": 96.1086, "bus_lcCooperative": 0.2554, "bus_lcLookaheadLeft": 45.8869, "bus_lcPushy": 0.4242, "bus_lcSigma": 0.6977, "bus_lcSpeedGainRight": 3.997, "bus_lcSublane": 0.4026, "bus_sigma": 0.4834, "bus_tau_mean": 3.926, "bus_tau_std": 2.2653, "bus_v_mean": 17.9921, "bus_v_std": 1.7734, "car_acc": 1.0437, "car_dcc": 3.9352, "car_lcAssertive": 15.8284, "car_lcCooperative": 0.7235, "car_lcLookaheadLeft": 19.2729, "car_lcPushy": 0.8236, "car_lcSigma": 0.7392, "car_lcSpeedGainRight": 0.7119, "car_lcSublane": 0.4598, "car_sigma": 0.6138, "car_tau_mean": 2.2951, "car_tau_std": 6.4744, "car_v_mean": 8.6322, "car_v_std": 8.6081}, "datetime": {"datetime": "2024-09-05 11:18:59", "elapsed": 1795.317442, "delta": 6.149972}}
{"target": -0.1952215190292571, "params": {"bus_acc": 1.2282, "bus_dcc": 1.9157, "bus_lcAssertive": 40.6268, "bus_lcCooperative": 0.4299, "bus_lcLookaheadLeft": 25.5599, "bus_lcPushy": 0.1304, "bus_lcSigma": 0.6123, "bus_lcSpeedGainRight": 3.9434, "bus_lcSublane": 0.8948, "bus_sigma": 0.9626, "bus_tau_mean": 3.7477, "bus_tau_std": 5.7237, "bus_v_mean": 22.0439, "bus_v_std": 10.9146, "car_acc": 0.4507, "car_dcc": 0.77, "car_lcAssertive": 51.3885, "car_lcCooperative": 0.6392, "car_lcLookaheadLeft": 15.4097, "car_lcPushy": 0.9225, "car_lcSigma": 0.9019, "car_lcSpeedGainRight": 4.9677, "car_lcSublane": 0.2914, "car_sigma": 0.5498, "car_tau_mean": 2.306, "car_tau_std": 3.5433, "car_v_mean": 9.833, "car_v_std": 0.3944}, "datetime": {"datetime": "2024-09-05 11:19:12", "elapsed": 1807.81141, "delta": 12.493968}}
{"target": -0.20883708741622922, "params": {"bus_acc": 3.1784, "bus_dcc": 2.3132, "bus_lcAssertive": 47.4506, "bus_lcCooperative": 0.4419, "bus_lcLookaheadLeft": 96.9351, "bus_lcPushy": 0.0352, "bus_lcSigma": 0.4617, "bus_lcSpeedGainRight": 0.4662, "bus_lcSublane": 0.2703, "bus_sigma": 0.2918, "bus_tau_mean": 2.829, "bus_tau_std": 0.5832, "bus_v_mean": 23.8176, "bus_v_std": 16.5543, "car_acc": 2.7538, "car_dcc": 1.3126, "car_lcAssertive": 74.1457, "car_lcCooperative": 0.6691, "car_lcLookaheadLeft": 76.8607, "car_lcPushy": 0.3765, "car_lcSigma": 0.7308, "car_lcSpeedGainRight": 3.216, "car_lcSublane": 0.37, "car_sigma": 0.3023, "car_tau_mean": 2.5106, "car_tau_std": 3.9345, "car_v_mean": 17.305, "car_v_std": 14.4681}, "datetime": {"datetime": "2024-09-05 11:19:19", "elapsed": 1814.77845, "delta": 6.96704}}
{"target": -0.18547142967156427, "params": {"bus_acc": 3.3001, "bus_dcc": 2.004, "bus_lcAssertive": 81.9851, "bus_lcCooperative": 0.5892, "bus_lcLookaheadLeft": 82.1296, "bus_lcPushy": 0.2592, "bus_lcSigma": 0.959, "bus_lcSpeedGainRight": 2.1407, "bus_lcSublane": 0.6642, "bus_sigma": 0.1142, "bus_tau_mean": 1.4771, "bus_tau_std": 9.2209, "bus_v_mean": 25.4761, "bus_v_std": 9.8568, "car_acc": 3.2746, "car_dcc": 3.2082, "car_lcAssertive": 81.4051, "car_lcCooperative": 0.7117, "car_lcLookaheadLeft": 87.7148, "car_lcPushy": 0.5104, "car_lcSigma": 0.1301, "car_lcSpeedGainRight": 1.2254, "car_lcSublane": 0.4898, "car_sigma": 0.2594, "car_tau_mean": 3.4116, "car_tau_std": 6.8407, "car_v_mean": 12.1105, "car_v_std": 7.3457}, "datetime": {"datetime": "2024-09-05 11:19:26", "elapsed": 1822.020264, "delta": 7.241814}}
{"target": -0.19496016703916086, "params": {"bus_acc": 1.9816, "bus_dcc": 2.1204, "bus_lcAssertive": 91.1945, "bus_lcCooperative": 0.8661, "bus_lcLookaheadLeft": 67.2219, "bus_lcPushy": 0.8524, "bus_lcSigma": 0.5742, "bus_lcSpeedGainRight": 1.6075, "bus_lcSublane": 0.3181, "bus_sigma": 0.7028, "bus_tau_mean": 3.5348, "bus_tau_std": 8.9652, "bus_v_mean": 8.9932, "bus_v_std": 13.5314, "car_acc": 1.4591, "car_dcc": 0.7267, "car_lcAssertive": 72.2149, "car_lcCooperative": 0.3283, "car_lcLookaheadLeft": 69.5215, "car_lcPushy": 0.9702, "car_lcSigma": 0.9583, "car_lcSpeedGainRight": 1.5866, "car_lcSublane": 0.3169, "car_sigma": 0.97, "car_tau_mean": 3.3803, "car_tau_std": 3.7378, "car_v_mean": 16.5466, "car_v_std": 6.1059}, "datetime": {"datetime": "2024-09-05 11:19:35", "elapsed": 1830.876424, "delta": 8.85616}}
{"target": -0.17849604590422777, "params": {"bus_acc": 3.2835, "bus_dcc": 2.2617, "bus_lcAssertive": 54.0869, "bus_lcCooperative": 0.0732, "bus_lcLookaheadLeft": 69.6091, "bus_lcPushy": 0.4646, "bus_lcSigma": 0.0775, "bus_lcSpeedGainRight": 2.9424, "bus_lcSublane": 0.4204, "bus_sigma": 0.3673, "bus_tau_mean": 3.996, "bus_tau_std": 5.0031, "bus_v_mean": 19.9071, "bus_v_std": 10.6367, "car_acc": 1.2603, "car_dcc": 1.9811, "car_lcAssertive": 75.2906, "car_lcCooperative": 0.7928, "car_lcLookaheadLeft": 29.4166, "car_lcPushy": 0.7578, "car_lcSigma": 0.9429, "car_lcSpeedGainRight": 1.6972, "car_lcSublane": 0.5738, "car_sigma": 0.3807, "car_tau_mean": 1.8703, "car_tau_std": 9.1749, "car_v_mean": 23.2436, "car_v_std": 12.4036}, "datetime": {"datetime": "2024-09-05 11:19:36", "elapsed": 1831.938407, "delta": 1.061983}}
{"target": -0.20698527768019245, "params": {"bus_acc": 3.2721, "bus_dcc": 3.1443, "bus_lcAssertive": 82.045, "bus_lcCooperative": 0.4899, "bus_lcLookaheadLeft": 42.4741, "bus_lcPushy": 0.9859, "bus_lcSigma": 0.2573, "bus_lcSpeedGainRight": 2.5608, "bus_lcSublane": 0.9199, "bus_sigma": 0.5817, "bus_tau_mean": 3.8568, "bus_tau_std": 3.4968, "bus_v_mean": 13.1493, "bus_v_std": 0.0397, "car_acc": 3.1029, "car_dcc": 1.9816, "car_lcAssertive": 36.1649, "car_lcCooperative": 0.3744, "car_lcLookaheadLeft": 45.6146, "car_lcPushy": 0.0161, "car_lcSigma": 0.5265, "car_lcSpeedGainRight": 1.0341, "car_lcSublane": 0.2329, "car_sigma": 0.0529, "car_tau_mean": 3.533, "car_tau_std": 7.7272, "car_v_mean": 17.9765, "car_v_std": 6.907}, "datetime": {"datetime": "2024-09-05 11:19:37", "elapsed": 1833.427199, "delta": 1.488792}}
{"target": -0.17022901410064947, "params": {"bus_acc": 3.9326, "bus_dcc": 3.3249, "bus_lcAssertive": 19.4857, "bus_lcCooperative": 0.3373, "bus_lcLookaheadLeft": 73.7799, "bus_lcPushy": 0.7971, "bus_lcSigma": 0.7086, "bus_lcSpeedGainRight": 4.1087, "bus_lcSublane": 0.2014, "bus_sigma": 0.8735, "bus_tau_mean": 2.0767, "bus_tau_std": 9.0453, "bus_v_mean": 16.2923, "bus_v_std": 9.2798, "car_acc": 3.6693, "car_dcc": 3.3513, "car_lcAssertive": 14.4502, "car_lcCooperative": 0.6246, "car_lcLookaheadLeft": 68.1432, "car_lcPushy": 0.4159, "car_lcSigma": 0.5082, "car_lcSpeedGainRight": 4.6726, "car_lcSublane": 0.1107, "car_sigma": 0.497, "car_tau_mean": 1.9255, "car_tau_std": 8.1106, "car_v_mean": 13.0012, "car_v_std": 7.8708}, "datetime": {"datetime": "2024-09-05 11:19:39", "elapsed": 1835.232032, "delta": 1.804833}}
{"target": -0.2099703924113243, "params": {"bus_acc": 0.8599, "bus_dcc": 3.1495, "bus_lcAssertive": 4.823, "bus_lcCooperative": 0.7959, "bus_lcLookaheadLeft": 49.941, "bus_lcPushy": 0.5414, "bus_lcSigma": 0.457, "bus_lcSpeedGainRight": 4.5421, "bus_lcSublane": 0.4986, "bus_sigma": 0.1472, "bus_tau_mean": 3.2371, "bus_tau_std": 7.3074, "bus_v_mean": 22.9753, "bus_v_std": 17.314, "car_acc": 1.5394, "car_dcc": 3.9179, "car_lcAssertive": 30.7415, "car_lcCooperative": 0.1925, "car_lcLookaheadLeft": 88.3012, "car_lcPushy": 0.8481, "car_lcSigma": 0.8451, "car_lcSpeedGainRight": 0.0263, "car_lcSublane": 0.6524, "car_sigma": 0.8963, "car_tau_mean": 3.1404, "car_tau_std": 0.1909, "car_v_mean": 11.4849, "car_v_std": 16.4056}, "datetime": {"datetime": "2024-09-05 11:19:44", "elapsed": 1839.802558, "delta": 4.570526}}
{"target": -0.16883392817991583, "params": {"bus_acc": 3.4994, "bus_dcc": 2.9574, "bus_lcAssertive": 32.072, "bus_lcCooperative": 0.3385, "bus_lcLookaheadLeft": 35.111, "bus_lcPushy": 0.4076, "bus_lcSigma": 0.6546, "bus_lcSpeedGainRight": 4.8133, "bus_lcSublane": 0.964, "bus_sigma": 0.9364, "bus_tau_mean": 2.509, "bus_tau_std": 4.9075, "bus_v_mean": 10.6224, "bus_v_std": 6.0743, "car_acc": 2.9402, "car_dcc": 3.3342, "car_lcAssertive": 54.8793, "car_lcCooperative": 0.7893, "car_lcLookaheadLeft": 74.3184, "car_lcPushy": 0.5088, "car_lcSigma": 0.4758, "car_lcSpeedGainRight": 4.5813, "car_lcSublane": 0.237, "car_sigma": 0.102, "car_tau_mean": 0.5491, "car_tau_std": 6.5611, "car_v_mean": 24.1169, "car_v_std": 4.8786}, "datetime": {"datetime": "2024-09-05 11:19:57", "elapsed": 1852.666711, "delta": 12.864153}}
{"target": -0.16221711617807286, "params": {"bus_acc": 1.1981, "bus_dcc": 2.9162, "bus_lcAssertive": 19.0657, "bus_lcCooperative": 0.8532, "bus_lcLookaheadLeft": 93.5923, "bus_lcPushy": 0.2709, "bus_lcSigma": 0.1355, "bus_lcSpeedGainRight": 2.0272, "bus_lcSublane": 0.36, "bus_sigma": 0.2845, "bus_tau_mean": 3.6433, "bus_tau_std": 2.5089, "bus_v_mean": 22.3469, "bus_v_std": 11.5056, "car_acc": 3.4582, "car_dcc": 1.1687, "car_lcAssertive": 50.9088, "car_lcCooperative": 0.535, "car_lcLookaheadLeft": 81.7565, "car_lcPushy": 0.3725, "car_lcSigma": 0.5977, "car_lcSpeedGainRight": 2.7272, "car_lcSublane": 0.9939, "car_sigma": 0.9803, "car_tau_mean": 1.8721, "car_tau_std": 0.9769, "car_v_mean": 10.0887, "car_v_std": 12.9507}, "datetime": {"datetime": "2024-09-05 11:20:15", "elapsed": 1870.725417, "delta": 18.058706}}
{"target": -0.22849717557320162, "params": {"bus_acc": 2.1541, "bus_dcc": 1.228, "bus_lcAssertive": 95.8217, "bus_lcCooperative": 0.4908, "bus_lcLookaheadLeft": 17.4077, "bus_lcPushy": 0.6511, "bus_lcSigma": 0.6699, "bus_lcSpeedGainRight": 2.7398, "bus_lcSublane": 0.9704, "bus_sigma": 0.8597, "bus_tau_mean": 3.4312, "bus_tau_std": 0.3687, "bus_v_mean": 8.0052, "bus_v_std": 12.1957, "car_acc": 0.835, "car_dcc": 3.8025, "car_lcAssertive": 27.0568, "car_lcCooperative": 0.652, "car_lcLookaheadLeft": 46.8075, "car_lcPushy": 0.4987, "car_lcSigma": 0.506, "car_lcSpeedGainRight": 3.2769, "car_lcSublane": 0.1296, "car_sigma": 0.1544, "car_tau_mean": 0.7906, "car_tau_std": 6.1124, "car_v_mean": 24.5745, "car_v_std": 0.2776}, "datetime": {"datetime": "2024-09-05 11:20:41", "elapsed": 1896.674213, "delta": 25.948796}}
{"target": -0.20173618608094604, "params": {"bus_acc": 2.2915, "bus_dcc": 3.7685, "bus_lcAssertive": 26.7926, "bus_lcCooperative": 0.4718, "bus_lcLookaheadLeft": 70.281, "bus_lcPushy": 0.1121, "bus_lcSigma": 0.9027, "bus_lcSpeedGainRight": 4.3854, "bus_lcSublane": 0.1528, "bus_sigma": 0.2224, "bus_tau_mean": 1.886, "bus_tau_std": 0.0871, "bus_v_mean": 8.5968, "bus_v_std": 15.8443, "car_acc": 1.3504, "car_dcc": 0.9287, "car_lcAssertive": 93.4853, "car_lcCooperative": 0.3791, "car_lcLookaheadLeft": 48.2183, "car_lcPushy": 0.1152, "car_lcSigma": 0.4964, "car_lcSpeedGainRight": 3.1997, "car_lcSublane": 0.7564, "car_sigma": 0.1791, "car_tau_mean": 0.872, "car_tau_std": 8.4275, "car_v_mean": 8.0489, "car_v_std": 5.7265}, "datetime": {"datetime": "2024-09-05 11:20:42", "elapsed": 1897.886352, "delta": 1.212139}}
