{"target": -0.5117479043542971, "params": {"bus_acc": 3.2382, "bus_dcc": 1.2438, "bus_lcAssertive": 81.6807, "bus_lcCooperative": 0.7801, "bus_lcLookaheadLeft": 39.6196, "bus_lcPushy": 0.6084, "bus_lcSigma": 0.3523, "bus_lcSpeedGainRight": 0.5306, "bus_lcSublane": 0.7488, "bus_sigma": 0.1708, "bus_tau_mean": 1.572, "bus_tau_std": 4.8819, "bus_v_mean": 12.5791, "bus_v_std": 2.0957, "car_acc": 1.3493, "car_dcc": 2.0682, "car_lcAssertive": 11.7244, "car_lcCooperative": 0.9616, "car_lcLookaheadLeft": 95.3688, "car_lcPushy": 0.0198, "car_lcSigma": 0.896, "car_lcSpeedGainRight": 1.0896, "car_lcSublane": 0.9178, "car_sigma": 0.2307, "car_tau_mean": 2.3559, "car_tau_std": 0.4624, "car_v_mean": 18.2506, "car_v_std": 5.6397}, "datetime": {"datetime": "2024-08-11 21:06:38", "elapsed": 12269.485153, "delta": 8.881046}}
{"target": -0.5952970339207898, "params": {"bus_acc": 0.6568, "bus_dcc": 1.0712, "bus_lcAssertive": 18.5991, "bus_lcCooperative": 0.1115, "bus_lcLookaheadLeft": 38.9368, "bus_lcPushy": 0.1268, "bus_lcSigma": 0.8914, "bus_lcSpeedGainRight": 4.3711, "bus_lcSublane": 0.5497, "bus_sigma": 0.2599, "bus_tau_mean": 3.5049, "bus_tau_std": 8.596, "bus_v_mean": 21.9216, "bus_v_std": 7.1605, "car_acc": 2.8287, "car_dcc": 0.708, "car_lcAssertive": 34.0385, "car_lcCooperative": 0.0199, "car_lcLookaheadLeft": 50.7121, "car_lcPushy": 0.1607, "car_lcSigma": 0.5148, "car_lcSpeedGainRight": 0.4718, "car_lcSublane": 0.1351, "car_sigma": 0.2503, "car_tau_mean": 1.2931, "car_tau_std": 1.1531, "car_v_mean": 8.6824, "car_v_std": 2.3221}, "datetime": {"datetime": "2024-08-11 21:06:47", "elapsed": 12278.473628, "delta": 8.988475}}
{"target": -0.42190840338675845, "params": {"bus_acc": 0.9992, "bus_dcc": 2.5729, "bus_lcAssertive": 62.2703, "bus_lcCooperative": 0.8532, "bus_lcLookaheadLeft": 89.2833, "bus_lcPushy": 0.9376, "bus_lcSigma": 0.19, "bus_lcSpeedGainRight": 0.1984, "bus_lcSublane": 0.8176, "bus_sigma": 0.6145, "bus_tau_mean": 3.2367, "bus_tau_std": 1.8953, "bus_v_mean": 12.2802, "bus_v_std": 0.3895, "car_acc": 2.6888, "car_dcc": 2.2666, "car_lcAssertive": 78.2173, "car_lcCooperative": 0.868, "car_lcLookaheadLeft": 22.6181, "car_lcPushy": 0.6438, "car_lcSigma": 0.052, "car_lcSpeedGainRight": 3.9524, "car_lcSublane": 0.2124, "car_sigma": 0.4268, "car_tau_mean": 3.7357, "car_tau_std": 2.9635, "car_v_mean": 11.6838, "car_v_std": 6.5844}, "datetime": {"datetime": "2024-08-11 21:07:01", "elapsed": 12292.298398, "delta": 13.82477}}
{"target": -0.4331430707105592, "params": {"bus_acc": 1.055, "bus_dcc": 2.7861, "bus_lcAssertive": 79.8896, "bus_lcCooperative": 0.9216, "bus_lcLookaheadLeft": 50.7715, "bus_lcPushy": 0.512, "bus_lcSigma": 0.4262, "bus_lcSpeedGainRight": 3.746, "bus_lcSublane": 0.1292, "bus_sigma": 0.5053, "bus_tau_mean": 2.0562, "bus_tau_std": 2.5831, "bus_v_mean": 19.1984, "bus_v_std": 12.289, "car_acc": 3.7922, "car_dcc": 2.4451, "car_lcAssertive": 9.9889, "car_lcCooperative": 0.5597, "car_lcLookaheadLeft": 53.7436, "car_lcPushy": 0.249, "car_lcSigma": 0.309, "car_lcSpeedGainRight": 3.8746, "car_lcSublane": 0.662, "car_sigma": 0.6755, "car_tau_mean": 1.2864, "car_tau_std": 0.7692, "car_v_mean": 8.1236, "car_v_std": 1.6745}, "datetime": {"datetime": "2024-08-11 21:07:13", "elapsed": 12304.25389, "delta": 11.955492}}
{"target": -0.30558661382310187, "params": {"bus_acc": 0.7079, "bus_dcc": 3.2695, "bus_lcAssertive": 94.5612, "bus_lcCooperative": 0.2415, "bus_lcLookaheadLeft": 92.9539, "bus_lcPushy": 0.1406, "bus_lcSigma": 0.15, "bus_lcSpeedGainRight": 4.7482, "bus_lcSublane": 0.1086, "bus_sigma": 0.4478, "bus_tau_mean": 1.5535, "bus_tau_std": 6.6104, "bus_v_mean": 21.1239, "bus_v_std": 1.9243, "car_acc": 3.349, "car_dcc": 3.2549, "car_lcAssertive": 65.4379, "car_lcCooperative": 0.8089, "car_lcLookaheadLeft": 7.8205, "car_lcPushy": 0.5675, "car_lcSigma": 0.3425, "car_lcSpeedGainRight": 4.0378, "car_lcSublane": 0.252, "car_sigma": 0.3555, "car_tau_mean": 1.6719, "car_tau_std": 3.2099, "car_v_mean": 22.1779, "car_v_std": 0.0536}, "datetime": {"datetime": "2024-08-11 21:07:22", "elapsed": 12313.58698, "delta": 9.33309}}
{"target": -0.38976528270136734, "params": {"bus_acc": 3.0153, "bus_dcc": 1.6397, "bus_lcAssertive": 53.6342, "bus_lcCooperative": 0.9278, "bus_lcLookaheadLeft": 67.104, "bus_lcPushy": 0.0433, "bus_lcSigma": 0.3749, "bus_lcSpeedGainRight": 2.5875, "bus_lcSublane": 0.4462, "bus_sigma": 0.4049, "bus_tau_mean": 3.4087, "bus_tau_std": 7.9132, "bus_v_mean": 12.9879, "bus_v_std": 14.2661, "car_acc": 0.3946, "car_dcc": 1.8423, "car_lcAssertive": 77.7702, "car_lcCooperative": 0.961, "car_lcLookaheadLeft": 53.117, "car_lcPushy": 0.1633, "car_lcSigma": 0.2138, "car_lcSpeedGainRight": 0.4168, "car_lcSublane": 0.018, "car_sigma": 0.5585, "car_tau_mean": 2.1244, "car_tau_std": 7.5273, "car_v_mean": 16.71, "car_v_std": 18.614}, "datetime": {"datetime": "2024-08-11 21:07:31", "elapsed": 12322.529453, "delta": 8.942473}}
{"target": -0.48378957362076996, "params": {"bus_acc": 1.3681, "bus_dcc": 2.3963, "bus_lcAssertive": 64.1576, "bus_lcCooperative": 0.5377, "bus_lcLookaheadLeft": 57.4695, "bus_lcPushy": 0.1915, "bus_lcSigma": 0.9293, "bus_lcSpeedGainRight": 4.0158, "bus_lcSublane": 0.7253, "bus_sigma": 0.9311, "bus_tau_mean": 0.6734, "bus_tau_std": 9.5968, "bus_v_mean": 14.6116, "bus_v_std": 18.4766, "car_acc": 3.3323, "car_dcc": 0.2448, "car_lcAssertive": 5.4182, "car_lcCooperative": 0.5169, "car_lcLookaheadLeft": 46.1121, "car_lcPushy": 0.7969, "car_lcSigma": 0.7934, "car_lcSpeedGainRight": 1.3886, "car_lcSublane": 0.3806, "car_sigma": 0.6348, "car_tau_mean": 0.7363, "car_tau_std": 1.3767, "car_v_mean": 8.4982, "car_v_std": 6.0457}, "datetime": {"datetime": "2024-08-11 21:07:44", "elapsed": 12335.332047, "delta": 12.802594}}
{"target": -0.4912548408861115, "params": {"bus_acc": 3.3479, "bus_dcc": 2.2133, "bus_lcAssertive": 65.9178, "bus_lcCooperative": 0.8061, "bus_lcLookaheadLeft": 80.1639, "bus_lcPushy": 0.8253, "bus_lcSigma": 0.8136, "bus_lcSpeedGainRight": 0.8905, "bus_lcSublane": 0.7718, "bus_sigma": 0.0191, "bus_tau_mean": 3.2837, "bus_tau_std": 9.5331, "bus_v_mean": 10.9277, "bus_v_std": 8.3461, "car_acc": 1.6844, "car_dcc": 0.2407, "car_lcAssertive": 16.7799, "car_lcCooperative": 0.0797, "car_lcLookaheadLeft": 36.1259, "car_lcPushy": 0.2762, "car_lcSigma": 0.0126, "car_lcSpeedGainRight": 3.8078, "car_lcSublane": 0.708, "car_sigma": 0.1205, "car_tau_mean": 1.5811, "car_tau_std": 9.2147, "car_v_mean": 17.4575, "car_v_std": 19.7065}, "datetime": {"datetime": "2024-08-11 21:07:59", "elapsed": 12350.338613, "delta": 15.006566}}
{"target": -0.38572318035996883, "params": {"bus_acc": 1.7639, "bus_dcc": 0.6199, "bus_lcAssertive": 57.3164, "bus_lcCooperative": 0.7796, "bus_lcLookaheadLeft": 32.5051, "bus_lcPushy": 0.3455, "bus_lcSigma": 0.915, "bus_lcSpeedGainRight": 3.7588, "bus_lcSublane": 0.9083, "bus_sigma": 0.4716, "bus_tau_mean": 3.4446, "bus_tau_std": 4.4216, "bus_v_mean": 22.3959, "bus_v_std": 18.6759, "car_acc": 3.9211, "car_dcc": 3.3592, "car_lcAssertive": 21.7274, "car_lcCooperative": 0.4853, "car_lcLookaheadLeft": 15.4549, "car_lcPushy": 0.9042, "car_lcSigma": 0.9696, "car_lcSpeedGainRight": 3.7309, "car_lcSublane": 0.6489, "car_sigma": 0.1758, "car_tau_mean": 1.2271, "car_tau_std": 4.4188, "car_v_mean": 22.8765, "car_v_std": 12.9632}, "datetime": {"datetime": "2024-08-11 21:08:08", "elapsed": 12359.009352, "delta": 8.670739}}
{"target": -0.34264752104146673, "params": {"bus_acc": 3.4759, "bus_dcc": 2.2474, "bus_lcAssertive": 27.453, "bus_lcCooperative": 0.9021, "bus_lcLookaheadLeft": 8.49, "bus_lcPushy": 0.717, "bus_lcSigma": 0.9185, "bus_lcSpeedGainRight": 0.8104, "bus_lcSublane": 0.7269, "bus_sigma": 0.7184, "bus_tau_mean": 0.9559, "bus_tau_std": 3.6976, "bus_v_mean": 22.7918, "bus_v_std": 6.6964, "car_acc": 0.7019, "car_dcc": 3.1286, "car_lcAssertive": 88.4495, "car_lcCooperative": 0.4705, "car_lcLookaheadLeft": 96.215, "car_lcPushy": 0.4475, "car_lcSigma": 0.1544, "car_lcSpeedGainRight": 3.6077, "car_lcSublane": 0.0826, "car_sigma": 0.5239, "car_tau_mean": 1.6955, "car_tau_std": 1.3943, "car_v_mean": 15.9981, "car_v_std": 10.4281}, "datetime": {"datetime": "2024-08-11 21:08:17", "elapsed": 12367.973619, "delta": 8.964267}}
{"target": -0.3968754048506125, "params": {"bus_acc": 3.8687, "bus_dcc": 3.9345, "bus_lcAssertive": 73.6972, "bus_lcCooperative": 0.6216, "bus_lcLookaheadLeft": 56.0164, "bus_lcPushy": 0.9946, "bus_lcSigma": 0.7592, "bus_lcSpeedGainRight": 1.2183, "bus_lcSublane": 0.9409, "bus_sigma": 0.0825, "bus_tau_mean": 3.7526, "bus_tau_std": 6.7653, "bus_v_mean": 14.0569, "bus_v_std": 3.1899, "car_acc": 1.2995, "car_dcc": 3.7532, "car_lcAssertive": 32.043, "car_lcCooperative": 0.625, "car_lcLookaheadLeft": 8.0263, "car_lcPushy": 0.3016, "car_lcSigma": 0.6588, "car_lcSpeedGainRight": 3.4894, "car_lcSublane": 0.5067, "car_sigma": 0.2705, "car_tau_mean": 0.9221, "car_tau_std": 8.0728, "car_v_mean": 10.6096, "car_v_std": 17.9424}, "datetime": {"datetime": "2024-08-11 21:08:28", "elapsed": 12378.861375, "delta": 10.887756}}
{"target": -0.5261170536490031, "params": {"bus_acc": 1.5274, "bus_dcc": 0.3322, "bus_lcAssertive": 59.5504, "bus_lcCooperative": 0.688, "bus_lcLookaheadLeft": 9.9491, "bus_lcPushy": 0.2012, "bus_lcSigma": 0.0827, "bus_lcSpeedGainRight": 3.5921, "bus_lcSublane": 0.4266, "bus_sigma": 0.6081, "bus_tau_mean": 3.0857, "bus_tau_std": 1.1278, "bus_v_mean": 17.4799, "bus_v_std": 3.0936, "car_acc": 1.8503, "car_dcc": 0.8218, "car_lcAssertive": 9.6364, "car_lcCooperative": 0.9784, "car_lcLookaheadLeft": 77.8587, "car_lcPushy": 0.1604, "car_lcSigma": 0.9662, "car_lcSpeedGainRight": 3.3887, "car_lcSublane": 0.1721, "car_sigma": 0.3323, "car_tau_mean": 2.5624, "car_tau_std": 5.5672, "car_v_mean": 21.8835, "car_v_std": 16.0543}, "datetime": {"datetime": "2024-08-11 21:08:36", "elapsed": 12387.590627, "delta": 8.729252}}
{"target": -0.23272064871896933, "params": {"bus_acc": 1.2423, "bus_dcc": 0.576, "bus_lcAssertive": 58.4477, "bus_lcCooperative": 0.0797, "bus_lcLookaheadLeft": 92.771, "bus_lcPushy": 0.0289, "bus_lcSigma": 0.0624, "bus_lcSpeedGainRight": 1.9433, "bus_lcSublane": 0.1895, "bus_sigma": 0.7882, "bus_tau_mean": 3.2078, "bus_tau_std": 0.6353, "bus_v_mean": 8.1454, "bus_v_std": 0.6125, "car_acc": 0.5837, "car_dcc": 2.6828, "car_lcAssertive": 41.9073, "car_lcCooperative": 0.4049, "car_lcLookaheadLeft": 43.204, "car_lcPushy": 0.9382, "car_lcSigma": 0.9975, "car_lcSpeedGainRight": 0.6702, "car_lcSublane": 0.9831, "car_sigma": 0.6747, "car_tau_mean": 3.0581, "car_tau_std": 2.3267, "car_v_mean": 25.5122, "car_v_std": 4.8768}, "datetime": {"datetime": "2024-08-11 21:08:46", "elapsed": 12397.099938, "delta": 9.509311}}
{"target": -0.41857982220907647, "params": {"bus_acc": 1.3384, "bus_dcc": 2.5211, "bus_lcAssertive": 1.5219, "bus_lcCooperative": 0.3202, "bus_lcLookaheadLeft": 18.1019, "bus_lcPushy": 0.373, "bus_lcSigma": 0.6048, "bus_lcSpeedGainRight": 0.9334, "bus_lcSublane": 0.7363, "bus_sigma": 0.5599, "bus_tau_mean": 3.9254, "bus_tau_std": 8.3509, "bus_v_mean": 23.9455, "bus_v_std": 2.5159, "car_acc": 2.0542, "car_dcc": 2.9183, "car_lcAssertive": 35.5708, "car_lcCooperative": 0.7708, "car_lcLookaheadLeft": 71.5166, "car_lcPushy": 0.3404, "car_lcSigma": 0.4324, "car_lcSpeedGainRight": 4.9333, "car_lcSublane": 0.1523, "car_sigma": 0.6715, "car_tau_mean": 1.6056, "car_tau_std": 2.0213, "car_v_mean": 12.5255, "car_v_std": 3.8384}, "datetime": {"datetime": "2024-08-11 21:09:01", "elapsed": 12412.381148, "delta": 15.28121}}
{"target": -0.3430753967978255, "params": {"bus_acc": 1.6336, "bus_dcc": 1.1304, "bus_lcAssertive": 47.2324, "bus_lcCooperative": 0.6655, "bus_lcLookaheadLeft": 45.2267, "bus_lcPushy": 0.4529, "bus_lcSigma": 0.9021, "bus_lcSpeedGainRight": 3.1211, "bus_lcSublane": 0.6491, "bus_sigma": 0.8183, "bus_tau_mean": 2.0447, "bus_tau_std": 6.1695, "bus_v_mean": 13.365, "bus_v_std": 8.2323, "car_acc": 3.7015, "car_dcc": 2.2549, "car_lcAssertive": 29.2824, "car_lcCooperative": 0.9811, "car_lcLookaheadLeft": 50.7162, "car_lcPushy": 0.6614, "car_lcSigma": 0.6597, "car_lcSpeedGainRight": 3.0068, "car_lcSublane": 0.037, "car_sigma": 0.3522, "car_tau_mean": 0.6414, "car_tau_std": 5.9465, "car_v_mean": 20.2767, "car_v_std": 15.4089}, "datetime": {"datetime": "2024-08-11 21:09:13", "elapsed": 12423.856188, "delta": 11.47504}}
{"target": -0.3653197372532446, "params": {"bus_acc": 0.8784, "bus_dcc": 1.0046, "bus_lcAssertive": 18.7504, "bus_lcCooperative": 0.3728, "bus_lcLookaheadLeft": 58.8913, "bus_lcPushy": 0.0501, "bus_lcSigma": 0.4221, "bus_lcSpeedGainRight": 0.7126, "bus_lcSublane": 0.656, "bus_sigma": 0.4589, "bus_tau_mean": 1.2121, "bus_tau_std": 3.6541, "bus_v_mean": 24.7564, "bus_v_std": 10.5116, "car_acc": 1.7999, "car_dcc": 2.6654, "car_lcAssertive": 54.568, "car_lcCooperative": 0.3312, "car_lcLookaheadLeft": 25.0343, "car_lcPushy": 0.9466, "car_lcSigma": 0.8029, "car_lcSpeedGainRight": 4.5891, "car_lcSublane": 0.7182, "car_sigma": 0.7559, "car_tau_mean": 3.165, "car_tau_std": 4.6867, "car_v_mean": 8.2884, "car_v_std": 17.7122}, "datetime": {"datetime": "2024-08-11 21:09:26", "elapsed": 12436.675335, "delta": 12.819147}}
{"target": -0.40201736329970733, "params": {"bus_acc": 0.3155, "bus_dcc": 1.3066, "bus_lcAssertive": 1.4826, "bus_lcCooperative": 0.6522, "bus_lcLookaheadLeft": 31.126, "bus_lcPushy": 0.8865, "bus_lcSigma": 0.0839, "bus_lcSpeedGainRight": 1.3102, "bus_lcSublane": 0.4659, "bus_sigma": 0.9331, "bus_tau_mean": 0.6979, "bus_tau_std": 2.101, "bus_v_mean": 23.3247, "bus_v_std": 13.8287, "car_acc": 1.17, "car_dcc": 1.1543, "car_lcAssertive": 92.9664, "car_lcCooperative": 0.3421, "car_lcLookaheadLeft": 77.4453, "car_lcPushy": 0.4251, "car_lcSigma": 0.9404, "car_lcSpeedGainRight": 1.2872, "car_lcSublane": 0.7405, "car_sigma": 0.088, "car_tau_mean": 0.746, "car_tau_std": 2.1195, "car_v_mean": 19.7046, "car_v_std": 11.8625}, "datetime": {"datetime": "2024-08-11 21:09:39", "elapsed": 12450.017349, "delta": 13.342014}}
{"target": -0.39780721650301465, "params": {"bus_acc": 3.0656, "bus_dcc": 1.9916, "bus_lcAssertive": 91.3291, "bus_lcCooperative": 0.4796, "bus_lcLookaheadLeft": 7.5903, "bus_lcPushy": 0.2755, "bus_lcSigma": 0.5467, "bus_lcSpeedGainRight": 1.8878, "bus_lcSublane": 0.0995, "bus_sigma": 0.8696, "bus_tau_mean": 2.6546, "bus_tau_std": 2.0742, "bus_v_mean": 14.9947, "bus_v_std": 1.7694, "car_acc": 0.3099, "car_dcc": 1.3791, "car_lcAssertive": 4.1663, "car_lcCooperative": 0.7685, "car_lcLookaheadLeft": 70.47, "car_lcPushy": 0.3346, "car_lcSigma": 0.0433, "car_lcSpeedGainRight": 3.6343, "car_lcSublane": 0.0371, "car_sigma": 0.9489, "car_tau_mean": 2.3064, "car_tau_std": 2.1189, "car_v_mean": 9.2293, "car_v_std": 15.2831}, "datetime": {"datetime": "2024-08-11 21:09:49", "elapsed": 12460.159762, "delta": 10.142413}}
{"target": -0.48852863919828565, "params": {"bus_acc": 3.4044, "bus_dcc": 1.9382, "bus_lcAssertive": 94.1253, "bus_lcCooperative": 0.8019, "bus_lcLookaheadLeft": 46.4154, "bus_lcPushy": 0.9615, "bus_lcSigma": 0.5849, "bus_lcSpeedGainRight": 3.6263, "bus_lcSublane": 0.6673, "bus_sigma": 0.3159, "bus_tau_mean": 1.1352, "bus_tau_std": 7.6771, "bus_v_mean": 15.8093, "bus_v_std": 4.6707, "car_acc": 3.3611, "car_dcc": 3.537, "car_lcAssertive": 82.8047, "car_lcCooperative": 0.5932, "car_lcLookaheadLeft": 44.8717, "car_lcPushy": 0.3406, "car_lcSigma": 0.0991, "car_lcSpeedGainRight": 0.9558, "car_lcSublane": 0.3162, "car_sigma": 0.6533, "car_tau_mean": 1.3442, "car_tau_std": 8.9375, "car_v_mean": 10.2837, "car_v_std": 18.2525}, "datetime": {"datetime": "2024-08-11 21:10:03", "elapsed": 12473.731987, "delta": 13.572225}}
{"target": -0.4539151612372329, "params": {"bus_acc": 3.835, "bus_dcc": 2.2578, "bus_lcAssertive": 72.7732, "bus_lcCooperative": 0.0534, "bus_lcLookaheadLeft": 91.747, "bus_lcPushy": 0.5583, "bus_lcSigma": 0.3854, "bus_lcSpeedGainRight": 0.0392, "bus_lcSublane": 0.1983, "bus_sigma": 0.597, "bus_tau_mean": 0.9298, "bus_tau_std": 1.6097, "bus_v_mean": 12.6432, "bus_v_std": 10.9492, "car_acc": 2.3666, "car_dcc": 3.8243, "car_lcAssertive": 16.6641, "car_lcCooperative": 0.5061, "car_lcLookaheadLeft": 86.4369, "car_lcPushy": 0.2502, "car_lcSigma": 0.1145, "car_lcSpeedGainRight": 3.7015, "car_lcSublane": 0.8126, "car_sigma": 0.3206, "car_tau_mean": 1.0657, "car_tau_std": 2.0028, "car_v_mean": 8.5825, "car_v_std": 5.3288}, "datetime": {"datetime": "2024-08-11 21:10:14", "elapsed": 12484.820531, "delta": 11.088544}}
{"target": -0.3922704586741554, "params": {"bus_acc": 3.6349, "bus_dcc": 3.0572, "bus_lcAssertive": 66.7595, "bus_lcCooperative": 0.1338, "bus_lcLookaheadLeft": 31.9931, "bus_lcPushy": 0.0885, "bus_lcSigma": 0.0079, "bus_lcSpeedGainRight": 0.7571, "bus_lcSublane": 0.2954, "bus_sigma": 0.359, "bus_tau_mean": 1.6106, "bus_tau_std": 7.0097, "bus_v_mean": 25.9023, "bus_v_std": 15.0064, "car_acc": 2.6312, "car_dcc": 1.0309, "car_lcAssertive": 62.0547, "car_lcCooperative": 0.7267, "car_lcLookaheadLeft": 33.6348, "car_lcPushy": 0.2011, "car_lcSigma": 0.7737, "car_lcSpeedGainRight": 4.767, "car_lcSublane": 0.0882, "car_sigma": 0.8914, "car_tau_mean": 3.2797, "car_tau_std": 9.9713, "car_v_mean": 13.4118, "car_v_std": 5.4696}, "datetime": {"datetime": "2024-08-11 21:10:37", "elapsed": 12508.488589, "delta": 23.668058}}
{"target": -0.6467687370341128, "params": {"bus_acc": 3.3897, "bus_dcc": 1.7307, "bus_lcAssertive": 92.0501, "bus_lcCooperative": 0.7066, "bus_lcLookaheadLeft": 21.1393, "bus_lcPushy": 0.1057, "bus_lcSigma": 0.764, "bus_lcSpeedGainRight": 2.3174, "bus_lcSublane": 0.5453, "bus_sigma": 0.7495, "bus_tau_mean": 1.2913, "bus_tau_std": 5.5218, "bus_v_mean": 13.1556, "bus_v_std": 6.5156, "car_acc": 1.562, "car_dcc": 0.3182, "car_lcAssertive": 9.3948, "car_lcCooperative": 0.2621, "car_lcLookaheadLeft": 64.6891, "car_lcPushy": 0.7024, "car_lcSigma": 0.2611, "car_lcSpeedGainRight": 4.5072, "car_lcSublane": 0.7628, "car_sigma": 0.9324, "car_tau_mean": 1.2052, "car_tau_std": 6.8383, "car_v_mean": 25.396, "car_v_std": 16.7008}, "datetime": {"datetime": "2024-08-11 21:10:50", "elapsed": 12521.599224, "delta": 13.110635}}
{"target": -0.36827022043150115, "params": {"bus_acc": 0.226, "bus_dcc": 0.3967, "bus_lcAssertive": 67.5813, "bus_lcCooperative": 0.8283, "bus_lcLookaheadLeft": 34.7509, "bus_lcPushy": 0.1445, "bus_lcSigma": 0.1126, "bus_lcSpeedGainRight": 1.6751, "bus_lcSublane": 0.9025, "bus_sigma": 0.4841, "bus_tau_mean": 1.6431, "bus_tau_std": 4.4721, "bus_v_mean": 16.3085, "bus_v_std": 12.2126, "car_acc": 3.2076, "car_dcc": 3.5846, "car_lcAssertive": 27.2039, "car_lcCooperative": 0.8263, "car_lcLookaheadLeft": 32.7021, "car_lcPushy": 0.4065, "car_lcSigma": 0.6048, "car_lcSpeedGainRight": 3.5074, "car_lcSublane": 0.8366, "car_sigma": 0.2111, "car_tau_mean": 0.9113, "car_tau_std": 1.507, "car_v_mean": 24.9082, "car_v_std": 15.7862}, "datetime": {"datetime": "2024-08-11 21:11:03", "elapsed": 12534.544753, "delta": 12.945529}}
{"target": -0.4741525759327155, "params": {"bus_acc": 0.5335, "bus_dcc": 0.3766, "bus_lcAssertive": 8.0121, "bus_lcCooperative": 0.0622, "bus_lcLookaheadLeft": 21.5453, "bus_lcPushy": 0.4252, "bus_lcSigma": 0.9901, "bus_lcSpeedGainRight": 1.8053, "bus_lcSublane": 0.2062, "bus_sigma": 0.1776, "bus_tau_mean": 2.2015, "bus_tau_std": 4.6687, "bus_v_mean": 12.1677, "bus_v_std": 2.172, "car_acc": 1.2847, "car_dcc": 2.4304, "car_lcAssertive": 84.4619, "car_lcCooperative": 0.6143, "car_lcLookaheadLeft": 52.5194, "car_lcPushy": 0.7717, "car_lcSigma": 0.4808, "car_lcSpeedGainRight": 0.2056, "car_lcSublane": 0.4984, "car_sigma": 0.3419, "car_tau_mean": 0.559, "car_tau_std": 3.9253, "car_v_mean": 20.0332, "car_v_std": 5.3641}, "datetime": {"datetime": "2024-08-11 21:11:13", "elapsed": 12544.61106, "delta": 10.066307}}
{"target": -0.4142063445853493, "params": {"bus_acc": 0.548, "bus_dcc": 3.8795, "bus_lcAssertive": 52.7098, "bus_lcCooperative": 0.1455, "bus_lcLookaheadLeft": 4.5963, "bus_lcPushy": 0.7181, "bus_lcSigma": 0.7493, "bus_lcSpeedGainRight": 3.2807, "bus_lcSublane": 0.5817, "bus_sigma": 0.2265, "bus_tau_mean": 3.8934, "bus_tau_std": 3.6967, "bus_v_mean": 8.7457, "bus_v_std": 15.1302, "car_acc": 1.2814, "car_dcc": 0.3555, "car_lcAssertive": 87.3936, "car_lcCooperative": 0.0418, "car_lcLookaheadLeft": 91.8048, "car_lcPushy": 0.0555, "car_lcSigma": 0.6082, "car_lcSpeedGainRight": 1.9968, "car_lcSublane": 0.0878, "car_sigma": 0.6994, "car_tau_mean": 1.9042, "car_tau_std": 7.1206, "car_v_mean": 16.2499, "car_v_std": 12.5352}, "datetime": {"datetime": "2024-08-11 21:11:25", "elapsed": 12556.336484, "delta": 11.725424}}
{"target": -0.498046845220848, "params": {"bus_acc": 2.6409, "bus_dcc": 1.0137, "bus_lcAssertive": 32.1469, "bus_lcCooperative": 0.2322, "bus_lcLookaheadLeft": 83.6929, "bus_lcPushy": 0.9886, "bus_lcSigma": 0.5674, "bus_lcSpeedGainRight": 0.8329, "bus_lcSublane": 0.2326, "bus_sigma": 0.0814, "bus_tau_mean": 0.6137, "bus_tau_std": 5.4996, "bus_v_mean": 18.222, "bus_v_std": 9.1489, "car_acc": 0.8979, "car_dcc": 0.4227, "car_lcAssertive": 79.7936, "car_lcCooperative": 0.9752, "car_lcLookaheadLeft": 62.4127, "car_lcPushy": 0.3597, "car_lcSigma": 0.6207, "car_lcSpeedGainRight": 1.748, "car_lcSublane": 0.3238, "car_sigma": 0.9702, "car_tau_mean": 3.9175, "car_tau_std": 5.9756, "car_v_mean": 20.6623, "car_v_std": 15.4054}, "datetime": {"datetime": "2024-08-11 21:11:34", "elapsed": 12564.915698, "delta": 8.579214}}
