{"target": -0.16618816758280938, "params": {"bus_acc": 2.4025, "bus_dcc": 1.7981, "bus_lcAssertive": 71.674, "bus_lcCooperative": 0.9762, "bus_lcLookaheadLeft": 52.4386, "bus_lcPushy": 0.9067, "bus_lcSigma": 0.4485, "bus_lcSpeedGainRight": 3.06, "bus_lcSublane": 0.5734, "bus_sigma": 0.7717, "bus_tau_mean": 1.0659, "bus_tau_std": 8.5915, "bus_v_mean": 21.5508, "bus_v_std": 18.4471, "car_acc": 1.7411, "car_dcc": 3.7568, "car_lcAssertive": 55.6337, "car_lcCooperative": 0.9439, "car_lcLookaheadLeft": 56.6771, "car_lcPushy": 0.1991, "car_lcSigma": 0.1972, "car_lcSpeedGainRight": 1.5731, "car_lcSublane": 0.7308, "car_sigma": 0.3599, "car_tau_mean": 0.5904, "car_tau_std": 4.008, "car_v_mean": 9.2104, "car_v_std": 0.9118}, "datetime": {"datetime": "2024-09-05 15:24:26", "elapsed": 16522.002722, "delta": 19.941026}}
{"target": -0.2102217635493231, "params": {"bus_acc": 3.6076, "bus_dcc": 0.9398, "bus_lcAssertive": 80.4469, "bus_lcCooperative": 0.4605, "bus_lcLookaheadLeft": 93.2434, "bus_lcPushy": 0.2265, "bus_lcSigma": 0.1672, "bus_lcSpeedGainRight": 2.0733, "bus_lcSublane": 0.7998, "bus_sigma": 0.1975, "bus_tau_mean": 1.2302, "bus_tau_std": 7.2175, "bus_v_mean": 8.9325, "bus_v_std": 6.9376, "car_acc": 0.9667, "car_dcc": 2.6151, "car_lcAssertive": 7.6926, "car_lcCooperative": 0.3065, "car_lcLookaheadLeft": 46.32, "car_lcPushy": 0.2815, "car_lcSigma": 0.4515, "car_lcSpeedGainRight": 2.2003, "car_lcSublane": 0.667, "car_sigma": 0.0954, "car_tau_mean": 1.2715, "car_tau_std": 7.9021, "car_v_mean": 19.925, "car_v_std": 1.3285}, "datetime": {"datetime": "2024-09-05 15:24:41", "elapsed": 16537.086633, "delta": 15.083911}}
{"target": -0.2696452630023309, "params": {"bus_acc": 0.3018, "bus_dcc": 2.9424, "bus_lcAssertive": 24.0553, "bus_lcCooperative": 0.7231, "bus_lcLookaheadLeft": 46.3017, "bus_lcPushy": 0.6265, "bus_lcSigma": 0.48, "bus_lcSpeedGainRight": 0.126, "bus_lcSublane": 0.3606, "bus_sigma": 0.4159, "bus_tau_mean": 1.2905, "bus_tau_std": 6.5535, "bus_v_mean": 20.3776, "bus_v_std": 9.5974, "car_acc": 3.1531, "car_dcc": 1.283, "car_lcAssertive": 45.1709, "car_lcCooperative": 0.8567, "car_lcLookaheadLeft": 79.0135, "car_lcPushy": 0.3717, "car_lcSigma": 0.2706, "car_lcSpeedGainRight": 1.6965, "car_lcSublane": 0.217, "car_sigma": 0.6603, "car_tau_mean": 0.8057, "car_tau_std": 6.3765, "car_v_mean": 20.7348, "car_v_std": 1.5483}, "datetime": {"datetime": "2024-09-05 15:24:58", "elapsed": 16554.454505, "delta": 17.367872}}
{"target": -0.18422678051427288, "params": {"bus_acc": 2.9179, "bus_dcc": 0.52, "bus_lcAssertive": 96.5662, "bus_lcCooperative": 0.8867, "bus_lcLookaheadLeft": 60.8024, "bus_lcPushy": 0.6859, "bus_lcSigma": 0.3848, "bus_lcSpeedGainRight": 0.1861, "bus_lcSublane": 0.1891, "bus_sigma": 0.315, "bus_tau_mean": 1.8002, "bus_tau_std": 0.0542, "bus_v_mean": 20.3396, "bus_v_std": 12.9476, "car_acc": 2.7456, "car_dcc": 2.3799, "car_lcAssertive": 10.5183, "car_lcCooperative": 0.5294, "car_lcLookaheadLeft": 23.8388, "car_lcPushy": 0.5125, "car_lcSigma": 0.7054, "car_lcSpeedGainRight": 4.3009, "car_lcSublane": 0.0157, "car_sigma": 0.0714, "car_tau_mean": 3.6526, "car_tau_std": 8.8439, "car_v_mean": 9.8431, "car_v_std": 13.3316}, "datetime": {"datetime": "2024-09-05 15:25:19", "elapsed": 16574.821191, "delta": 20.366686}}
{"target": -0.3585536376393718, "params": {"bus_acc": 0.2043, "bus_dcc": 2.959, "bus_lcAssertive": 57.4396, "bus_lcCooperative": 0.9793, "bus_lcLookaheadLeft": 15.5918, "bus_lcPushy": 0.0694, "bus_lcSigma": 0.9203, "bus_lcSpeedGainRight": 3.4611, "bus_lcSublane": 0.1027, "bus_sigma": 0.5436, "bus_tau_mean": 3.1205, "bus_tau_std": 2.3019, "bus_v_mean": 19.5955, "bus_v_std": 10.281, "car_acc": 0.99, "car_dcc": 1.1129, "car_lcAssertive": 86.9401, "car_lcCooperative": 0.274, "car_lcLookaheadLeft": 94.5666, "car_lcPushy": 0.7266, "car_lcSigma": 0.9634, "car_lcSpeedGainRight": 0.7041, "car_lcSublane": 0.0232, "car_sigma": 0.3263, "car_tau_mean": 1.5094, "car_tau_std": 4.2809, "car_v_mean": 10.4389, "car_v_std": 16.8157}, "datetime": {"datetime": "2024-09-05 15:25:39", "elapsed": 16594.762383, "delta": 19.941192}}
{"target": -0.16575002634772532, "params": {"bus_acc": 2.5853, "bus_dcc": 2.8032, "bus_lcAssertive": 63.4627, "bus_lcCooperative": 0.1181, "bus_lcLookaheadLeft": 19.3193, "bus_lcPushy": 0.9716, "bus_lcSigma": 0.2022, "bus_lcSpeedGainRight": 2.4678, "bus_lcSublane": 0.1984, "bus_sigma": 0.7517, "bus_tau_mean": 2.9294, "bus_tau_std": 6.3737, "bus_v_mean": 20.1338, "bus_v_std": 1.2544, "car_acc": 2.1663, "car_dcc": 3.7735, "car_lcAssertive": 8.3915, "car_lcCooperative": 0.2202, "car_lcLookaheadLeft": 70.293, "car_lcPushy": 0.8322, "car_lcSigma": 0.677, "car_lcSpeedGainRight": 0.345, "car_lcSublane": 0.5016, "car_sigma": 0.392, "car_tau_mean": 1.3333, "car_tau_std": 9.6903, "car_v_mean": 12.8916, "car_v_std": 11.1882}, "datetime": {"datetime": "2024-09-05 15:25:57", "elapsed": 16612.677561, "delta": 17.915178}}
{"target": -0.19295116219418695, "params": {"bus_acc": 1.1276, "bus_dcc": 1.3684, "bus_lcAssertive": 57.0454, "bus_lcCooperative": 0.1861, "bus_lcLookaheadLeft": 13.4376, "bus_lcPushy": 0.5526, "bus_lcSigma": 0.7622, "bus_lcSpeedGainRight": 2.944, "bus_lcSublane": 0.5548, "bus_sigma": 0.5204, "bus_tau_mean": 2.6405, "bus_tau_std": 6.319, "bus_v_mean": 20.1765, "bus_v_std": 3.8783, "car_acc": 3.1534, "car_dcc": 3.2621, "car_lcAssertive": 80.7898, "car_lcCooperative": 0.914, "car_lcLookaheadLeft": 46.8252, "car_lcPushy": 0.6797, "car_lcSigma": 0.2106, "car_lcSpeedGainRight": 0.0591, "car_lcSublane": 0.7979, "car_sigma": 0.1306, "car_tau_mean": 1.9365, "car_tau_std": 0.7112, "car_v_mean": 23.0425, "car_v_std": 4.9293}, "datetime": {"datetime": "2024-09-05 15:26:35", "elapsed": 16651.024082, "delta": 38.346521}}
{"target": -0.5284225785218307, "params": {"bus_acc": 2.7449, "bus_dcc": 1.4123, "bus_lcAssertive": 69.5378, "bus_lcCooperative": 0.9633, "bus_lcLookaheadLeft": 83.0963, "bus_lcPushy": 0.2284, "bus_lcSigma": 0.4831, "bus_lcSpeedGainRight": 3.0282, "bus_lcSublane": 0.4785, "bus_sigma": 0.2018, "bus_tau_mean": 2.8795, "bus_tau_std": 6.9246, "bus_v_mean": 22.1153, "bus_v_std": 1.8517, "car_acc": 3.4069, "car_dcc": 0.325, "car_lcAssertive": 8.3477, "car_lcCooperative": 0.5451, "car_lcLookaheadLeft": 18.2119, "car_lcPushy": 0.3968, "car_lcSigma": 0.5847, "car_lcSpeedGainRight": 2.9665, "car_lcSublane": 0.6754, "car_sigma": 0.8774, "car_tau_mean": 2.4618, "car_tau_std": 6.2492, "car_v_mean": 17.2899, "car_v_std": 17.0596}, "datetime": {"datetime": "2024-09-05 15:27:31", "elapsed": 16706.853707, "delta": 55.829625}}
{"target": -0.2026274723445528, "params": {"bus_acc": 2.9743, "bus_dcc": 2.1292, "bus_lcAssertive": 69.3921, "bus_lcCooperative": 0.5728, "bus_lcLookaheadLeft": 86.6213, "bus_lcPushy": 0.502, "bus_lcSigma": 0.7959, "bus_lcSpeedGainRight": 3.189, "bus_lcSublane": 0.4104, "bus_sigma": 0.3958, "bus_tau_mean": 3.7502, "bus_tau_std": 7.8997, "bus_v_mean": 14.7583, "bus_v_std": 10.5123, "car_acc": 0.9072, "car_dcc": 0.6501, "car_lcAssertive": 49.3287, "car_lcCooperative": 0.0713, "car_lcLookaheadLeft": 43.1034, "car_lcPushy": 0.587, "car_lcSigma": 0.3636, "car_lcSpeedGainRight": 0.7372, "car_lcSublane": 0.1231, "car_sigma": 0.0387, "car_tau_mean": 2.1469, "car_tau_std": 7.5504, "car_v_mean": 14.5289, "car_v_std": 0.051}, "datetime": {"datetime": "2024-09-05 15:27:46", "elapsed": 16722.040452, "delta": 15.186745}}
{"target": -0.224404299714111, "params": {"bus_acc": 1.4458, "bus_dcc": 1.6084, "bus_lcAssertive": 77.3363, "bus_lcCooperative": 0.3535, "bus_lcLookaheadLeft": 84.4114, "bus_lcPushy": 0.0253, "bus_lcSigma": 0.3955, "bus_lcSpeedGainRight": 3.332, "bus_lcSublane": 0.0328, "bus_sigma": 0.8801, "bus_tau_mean": 3.0065, "bus_tau_std": 3.2412, "bus_v_mean": 18.5169, "bus_v_std": 5.2964, "car_acc": 2.7042, "car_dcc": 1.2937, "car_lcAssertive": 76.5595, "car_lcCooperative": 0.9314, "car_lcLookaheadLeft": 79.1965, "car_lcPushy": 0.0503, "car_lcSigma": 0.5706, "car_lcSpeedGainRight": 3.7354, "car_lcSublane": 0.9421, "car_sigma": 0.9107, "car_tau_mean": 0.9549, "car_tau_std": 1.6615, "car_v_mean": 22.1122, "car_v_std": 5.6495}, "datetime": {"datetime": "2024-09-05 15:28:02", "elapsed": 16738.292589, "delta": 16.252137}}
{"target": -1.1518134165542662, "params": {"bus_acc": 2.7386, "bus_dcc": 2.0165, "bus_lcAssertive": 71.2741, "bus_lcCooperative": 0.7022, "bus_lcLookaheadLeft": 30.0701, "bus_lcPushy": 0.5735, "bus_lcSigma": 0.034, "bus_lcSpeedGainRight": 0.5963, "bus_lcSublane": 0.6994, "bus_sigma": 0.6214, "bus_tau_mean": 2.1837, "bus_tau_std": 7.7895, "bus_v_mean": 16.485, "bus_v_std": 0.3672, "car_acc": 1.2739, "car_dcc": 0.3982, "car_lcAssertive": 61.8444, "car_lcCooperative": 0.918, "car_lcLookaheadLeft": 43.8926, "car_lcPushy": 0.3801, "car_lcSigma": 0.4672, "car_lcSpeedGainRight": 1.9685, "car_lcSublane": 0.4537, "car_sigma": 0.7241, "car_tau_mean": 1.3787, "car_tau_std": 0.2586, "car_v_mean": 10.1529, "car_v_std": 6.0469}, "datetime": {"datetime": "2024-09-05 15:28:39", "elapsed": 16775.284615, "delta": 36.992026}}
{"target": -0.25411046695890205, "params": {"bus_acc": 0.2006, "bus_dcc": 0.7152, "bus_lcAssertive": 28.2355, "bus_lcCooperative": 0.0162, "bus_lcLookaheadLeft": 26.0715, "bus_lcPushy": 0.0563, "bus_lcSigma": 0.1595, "bus_lcSpeedGainRight": 4.7939, "bus_lcSublane": 0.9563, "bus_sigma": 0.2061, "bus_tau_mean": 2.1234, "bus_tau_std": 5.6556, "bus_v_mean": 12.9472, "bus_v_std": 4.2036, "car_acc": 3.6793, "car_dcc": 2.4486, "car_lcAssertive": 51.1899, "car_lcCooperative": 0.2001, "car_lcLookaheadLeft": 54.0315, "car_lcPushy": 0.9431, "car_lcSigma": 0.001, "car_lcSpeedGainRight": 2.1603, "car_lcSublane": 0.9502, "car_sigma": 0.227, "car_tau_mean": 2.8954, "car_tau_std": 9.9707, "car_v_mean": 16.6399, "car_v_std": 16.8141}, "datetime": {"datetime": "2024-09-05 15:29:07", "elapsed": 16802.940911, "delta": 27.656296}}
{"target": -0.16254169372809738, "params": {"bus_acc": 1.1914, "bus_dcc": 3.8287, "bus_lcAssertive": 17.4783, "bus_lcCooperative": 0.0698, "bus_lcLookaheadLeft": 86.9058, "bus_lcPushy": 0.9997, "bus_lcSigma": 0.7699, "bus_lcSpeedGainRight": 3.3591, "bus_lcSublane": 0.7604, "bus_sigma": 0.6496, "bus_tau_mean": 1.3725, "bus_tau_std": 7.9803, "bus_v_mean": 18.0017, "bus_v_std": 15.2548, "car_acc": 3.266, "car_dcc": 3.3867, "car_lcAssertive": 42.3341, "car_lcCooperative": 0.806, "car_lcLookaheadLeft": 10.2476, "car_lcPushy": 0.5077, "car_lcSigma": 0.1292, "car_lcSpeedGainRight": 0.4881, "car_lcSublane": 0.0755, "car_sigma": 0.423, "car_tau_mean": 1.9565, "car_tau_std": 1.4333, "car_v_mean": 19.5391, "car_v_std": 8.6956}, "datetime": {"datetime": "2024-09-05 15:29:28", "elapsed": 16824.247896, "delta": 21.306985}}
{"target": -0.388892777819646, "params": {"bus_acc": 2.7529, "bus_dcc": 1.0564, "bus_lcAssertive": 22.6081, "bus_lcCooperative": 0.6379, "bus_lcLookaheadLeft": 52.723, "bus_lcPushy": 0.2832, "bus_lcSigma": 0.4018, "bus_lcSpeedGainRight": 4.0043, "bus_lcSublane": 0.1548, "bus_sigma": 0.4307, "bus_tau_mean": 1.6257, "bus_tau_std": 7.4619, "bus_v_mean": 14.2947, "bus_v_std": 8.9778, "car_acc": 0.2466, "car_dcc": 2.1834, "car_lcAssertive": 78.868, "car_lcCooperative": 0.9766, "car_lcLookaheadLeft": 19.1318, "car_lcPushy": 0.4772, "car_lcSigma": 0.2466, "car_lcSpeedGainRight": 3.4943, "car_lcSublane": 0.0302, "car_sigma": 0.8149, "car_tau_mean": 1.334, "car_tau_std": 3.1664, "car_v_mean": 14.5823, "car_v_std": 10.1042}, "datetime": {"datetime": "2024-09-05 15:29:47", "elapsed": 16842.866788, "delta": 18.618892}}
{"target": -0.18331697797167767, "params": {"bus_acc": 3.4336, "bus_dcc": 2.5709, "bus_lcAssertive": 44.2303, "bus_lcCooperative": 0.1616, "bus_lcLookaheadLeft": 63.4633, "bus_lcPushy": 0.7616, "bus_lcSigma": 0.0873, "bus_lcSpeedGainRight": 1.4946, "bus_lcSublane": 0.3146, "bus_sigma": 0.6206, "bus_tau_mean": 3.8699, "bus_tau_std": 0.5901, "bus_v_mean": 20.9174, "bus_v_std": 3.237, "car_acc": 1.1413, "car_dcc": 2.8148, "car_lcAssertive": 61.8305, "car_lcCooperative": 0.1761, "car_lcLookaheadLeft": 29.9678, "car_lcPushy": 0.3045, "car_lcSigma": 0.1458, "car_lcSpeedGainRight": 4.9559, "car_lcSublane": 0.0958, "car_sigma": 0.6123, "car_tau_mean": 3.5204, "car_tau_std": 8.5441, "car_v_mean": 19.7482, "car_v_std": 16.4674}, "datetime": {"datetime": "2024-09-05 15:30:19", "elapsed": 16875.288666, "delta": 32.421878}}
{"target": -0.1934878663396333, "params": {"bus_acc": 1.8736, "bus_dcc": 2.8324, "bus_lcAssertive": 61.9989, "bus_lcCooperative": 0.4342, "bus_lcLookaheadLeft": 88.7089, "bus_lcPushy": 0.0606, "bus_lcSigma": 0.799, "bus_lcSpeedGainRight": 4.3292, "bus_lcSublane": 0.9432, "bus_sigma": 0.7633, "bus_tau_mean": 2.4074, "bus_tau_std": 5.8838, "bus_v_mean": 9.5316, "bus_v_std": 15.7607, "car_acc": 2.4636, "car_dcc": 3.0938, "car_lcAssertive": 87.9302, "car_lcCooperative": 0.4029, "car_lcLookaheadLeft": 75.2189, "car_lcPushy": 0.22, "car_lcSigma": 0.3703, "car_lcSpeedGainRight": 2.3629, "car_lcSublane": 0.5733, "car_sigma": 0.4107, "car_tau_mean": 2.8542, "car_tau_std": 0.8413, "car_v_mean": 9.4192, "car_v_std": 10.9079}, "datetime": {"datetime": "2024-09-05 15:30:34", "elapsed": 16889.653605, "delta": 14.364939}}
{"target": -0.2094041923626219, "params": {"bus_acc": 2.9342, "bus_dcc": 2.8682, "bus_lcAssertive": 3.7466, "bus_lcCooperative": 0.4963, "bus_lcLookaheadLeft": 52.5278, "bus_lcPushy": 0.0703, "bus_lcSigma": 0.9553, "bus_lcSpeedGainRight": 3.6192, "bus_lcSublane": 0.8366, "bus_sigma": 0.102, "bus_tau_mean": 3.2957, "bus_tau_std": 3.1391, "bus_v_mean": 15.3306, "bus_v_std": 5.208, "car_acc": 2.8402, "car_dcc": 1.9817, "car_lcAssertive": 28.7299, "car_lcCooperative": 0.2898, "car_lcLookaheadLeft": 32.5764, "car_lcPushy": 0.0139, "car_lcSigma": 0.8469, "car_lcSpeedGainRight": 4.8356, "car_lcSublane": 0.217, "car_sigma": 0.9832, "car_tau_mean": 1.3775, "car_tau_std": 3.7719, "car_v_mean": 20.8437, "car_v_std": 4.0456}, "datetime": {"datetime": "2024-09-05 15:31:06", "elapsed": 16921.686075, "delta": 32.03247}}
{"target": -0.24520667626123305, "params": {"bus_acc": 1.3458, "bus_dcc": 1.4214, "bus_lcAssertive": 84.4173, "bus_lcCooperative": 0.5451, "bus_lcLookaheadLeft": 3.7685, "bus_lcPushy": 0.6997, "bus_lcSigma": 0.4932, "bus_lcSpeedGainRight": 3.7701, "bus_lcSublane": 0.5275, "bus_sigma": 0.3314, "bus_tau_mean": 1.2717, "bus_tau_std": 3.706, "bus_v_mean": 18.8803, "bus_v_std": 0.0718, "car_acc": 3.0969, "car_dcc": 0.9641, "car_lcAssertive": 64.5106, "car_lcCooperative": 0.7034, "car_lcLookaheadLeft": 14.2067, "car_lcPushy": 0.3939, "car_lcSigma": 0.0091, "car_lcSpeedGainRight": 1.5535, "car_lcSublane": 0.8288, "car_sigma": 0.7742, "car_tau_mean": 3.7876, "car_tau_std": 5.1656, "car_v_mean": 24.6703, "car_v_std": 1.9422}, "datetime": {"datetime": "2024-09-05 15:31:27", "elapsed": 16943.117273, "delta": 21.431198}}
{"target": -0.1870351583717219, "params": {"bus_acc": 1.0063, "bus_dcc": 1.065, "bus_lcAssertive": 62.278, "bus_lcCooperative": 0.7422, "bus_lcLookaheadLeft": 59.1052, "bus_lcPushy": 0.9025, "bus_lcSigma": 0.8275, "bus_lcSpeedGainRight": 4.847, "bus_lcSublane": 0.4722, "bus_sigma": 0.7104, "bus_tau_mean": 2.004, "bus_tau_std": 0.7059, "bus_v_mean": 23.6386, "bus_v_std": 6.2826, "car_acc": 3.3937, "car_dcc": 1.3907, "car_lcAssertive": 94.6593, "car_lcCooperative": 0.2445, "car_lcLookaheadLeft": 13.5473, "car_lcPushy": 0.5004, "car_lcSigma": 0.0034, "car_lcSpeedGainRight": 0.987, "car_lcSublane": 0.0877, "car_sigma": 0.0865, "car_tau_mean": 1.3427, "car_tau_std": 6.3038, "car_v_mean": 12.7035, "car_v_std": 18.2999}, "datetime": {"datetime": "2024-09-05 15:32:06", "elapsed": 16982.292911, "delta": 39.175638}}
{"target": -0.6657761385841392, "params": {"bus_acc": 0.9199, "bus_dcc": 2.4832, "bus_lcAssertive": 37.4984, "bus_lcCooperative": 0.6692, "bus_lcLookaheadLeft": 40.8453, "bus_lcPushy": 0.8886, "bus_lcSigma": 0.5134, "bus_lcSpeedGainRight": 0.4365, "bus_lcSublane": 0.5946, "bus_sigma": 0.3065, "bus_tau_mean": 0.6152, "bus_tau_std": 5.9916, "bus_v_mean": 23.9673, "bus_v_std": 19.5338, "car_acc": 0.391, "car_dcc": 1.3456, "car_lcAssertive": 89.1751, "car_lcCooperative": 0.8902, "car_lcLookaheadLeft": 74.0346, "car_lcPushy": 0.9047, "car_lcSigma": 0.2354, "car_lcSpeedGainRight": 1.9018, "car_lcSublane": 0.6642, "car_sigma": 0.2201, "car_tau_mean": 1.2923, "car_tau_std": 6.4512, "car_v_mean": 12.4427, "car_v_std": 15.4714}, "datetime": {"datetime": "2024-09-05 15:32:37", "elapsed": 17013.234022, "delta": 30.941111}}
{"target": -0.31911233046487003, "params": {"bus_acc": 0.8257, "bus_dcc": 2.5543, "bus_lcAssertive": 91.0013, "bus_lcCooperative": 0.4723, "bus_lcLookaheadLeft": 17.3652, "bus_lcPushy": 0.189, "bus_lcSigma": 0.5158, "bus_lcSpeedGainRight": 4.6495, "bus_lcSublane": 0.0351, "bus_sigma": 0.431, "bus_tau_mean": 0.6985, "bus_tau_std": 8.3801, "bus_v_mean": 11.3611, "bus_v_std": 14.5802, "car_acc": 0.8796, "car_dcc": 1.4133, "car_lcAssertive": 43.1121, "car_lcCooperative": 0.8993, "car_lcLookaheadLeft": 27.9853, "car_lcPushy": 0.3024, "car_lcSigma": 0.6667, "car_lcSpeedGainRight": 2.9807, "car_lcSublane": 0.6735, "car_sigma": 0.861, "car_tau_mean": 3.3384, "car_tau_std": 6.2999, "car_v_mean": 19.6793, "car_v_std": 11.4291}, "datetime": {"datetime": "2024-09-05 15:32:55", "elapsed": 17030.796874, "delta": 17.562852}}
{"target": -0.17812887548599635, "params": {"bus_acc": 3.222, "bus_dcc": 2.5873, "bus_lcAssertive": 71.0901, "bus_lcCooperative": 0.3603, "bus_lcLookaheadLeft": 78.2495, "bus_lcPushy": 0.6372, "bus_lcSigma": 0.1386, "bus_lcSpeedGainRight": 3.0029, "bus_lcSublane": 0.574, "bus_sigma": 0.9637, "bus_tau_mean": 3.3652, "bus_tau_std": 9.8064, "bus_v_mean": 22.3917, "bus_v_std": 14.0046, "car_acc": 3.0828, "car_dcc": 2.7002, "car_lcAssertive": 61.3873, "car_lcCooperative": 0.5397, "car_lcLookaheadLeft": 49.8413, "car_lcPushy": 0.5667, "car_lcSigma": 0.3005, "car_lcSpeedGainRight": 2.4534, "car_lcSublane": 0.9302, "car_sigma": 0.3855, "car_tau_mean": 3.8128, "car_tau_std": 4.0616, "car_v_mean": 12.2181, "car_v_std": 19.5285}, "datetime": {"datetime": "2024-09-05 15:33:13", "elapsed": 17048.946565, "delta": 18.149691}}
{"target": -0.1645331248039483, "params": {"bus_acc": 0.7371, "bus_dcc": 3.3501, "bus_lcAssertive": 50.734, "bus_lcCooperative": 0.484, "bus_lcLookaheadLeft": 21.7627, "bus_lcPushy": 0.8076, "bus_lcSigma": 0.8537, "bus_lcSpeedGainRight": 2.2307, "bus_lcSublane": 0.3343, "bus_sigma": 0.5224, "bus_tau_mean": 1.1738, "bus_tau_std": 8.5627, "bus_v_mean": 24.6964, "bus_v_std": 17.9623, "car_acc": 3.4822, "car_dcc": 2.4318, "car_lcAssertive": 33.3153, "car_lcCooperative": 0.966, "car_lcLookaheadLeft": 57.2239, "car_lcPushy": 0.8727, "car_lcSigma": 0.1132, "car_lcSpeedGainRight": 2.3186, "car_lcSublane": 0.4065, "car_sigma": 0.0888, "car_tau_mean": 3.8151, "car_tau_std": 6.8041, "car_v_mean": 14.3361, "car_v_std": 1.4741}, "datetime": {"datetime": "2024-09-05 15:33:35", "elapsed": 17070.592568, "delta": 21.646003}}
{"target": -0.5822990410261533, "params": {"bus_acc": 0.5636, "bus_dcc": 2.4548, "bus_lcAssertive": 30.8558, "bus_lcCooperative": 0.7871, "bus_lcLookaheadLeft": 51.9035, "bus_lcPushy": 0.0327, "bus_lcSigma": 0.4403, "bus_lcSpeedGainRight": 4.4246, "bus_lcSublane": 0.5265, "bus_sigma": 0.6644, "bus_tau_mean": 1.9353, "bus_tau_std": 6.9671, "bus_v_mean": 23.2677, "bus_v_std": 1.1329, "car_acc": 1.9701, "car_dcc": 3.4448, "car_lcAssertive": 41.7109, "car_lcCooperative": 0.7712, "car_lcLookaheadLeft": 77.0884, "car_lcPushy": 0.9374, "car_lcSigma": 0.2545, "car_lcSpeedGainRight": 2.087, "car_lcSublane": 0.136, "car_sigma": 0.3705, "car_tau_mean": 0.7411, "car_tau_std": 7.6801, "car_v_mean": 10.4756, "car_v_std": 8.5579}, "datetime": {"datetime": "2024-09-05 15:33:57", "elapsed": 17093.461765, "delta": 22.869197}}
{"target": -0.18796807253834058, "params": {"bus_acc": 1.0862, "bus_dcc": 2.5914, "bus_lcAssertive": 28.3989, "bus_lcCooperative": 0.0096, "bus_lcLookaheadLeft": 47.7435, "bus_lcPushy": 0.636, "bus_lcSigma": 0.0253, "bus_lcSpeedGainRight": 2.043, "bus_lcSublane": 0.9037, "bus_sigma": 0.5006, "bus_tau_mean": 2.6211, "bus_tau_std": 0.4757, "bus_v_mean": 9.3804, "bus_v_std": 6.3042, "car_acc": 2.3223, "car_dcc": 1.9508, "car_lcAssertive": 32.8611, "car_lcCooperative": 0.9011, "car_lcLookaheadLeft": 59.1995, "car_lcPushy": 0.9559, "car_lcSigma": 0.7139, "car_lcSpeedGainRight": 0.6262, "car_lcSublane": 0.4642, "car_sigma": 0.2408, "car_tau_mean": 2.9799, "car_tau_std": 2.6375, "car_v_mean": 23.1906, "car_v_std": 10.4739}, "datetime": {"datetime": "2024-09-05 15:34:16", "elapsed": 17112.231313, "delta": 18.769548}}
{"target": -0.6098482160606018, "params": {"bus_acc": 3.8177, "bus_dcc": 1.6029, "bus_lcAssertive": 64.2146, "bus_lcCooperative": 0.0562, "bus_lcLookaheadLeft": 39.9793, "bus_lcPushy": 0.3308, "bus_lcSigma": 0.3134, "bus_lcSpeedGainRight": 4.5628, "bus_lcSublane": 0.4212, "bus_sigma": 0.4566, "bus_tau_mean": 1.5871, "bus_tau_std": 6.6278, "bus_v_mean": 8.7998, "bus_v_std": 14.6577, "car_acc": 0.9505, "car_dcc": 1.1309, "car_lcAssertive": 27.3443, "car_lcCooperative": 0.5446, "car_lcLookaheadLeft": 73.3999, "car_lcPushy": 0.1481, "car_lcSigma": 0.6323, "car_lcSpeedGainRight": 4.3226, "car_lcSublane": 0.1545, "car_sigma": 0.4006, "car_tau_mean": 0.5003, "car_tau_std": 2.3488, "car_v_mean": 20.414, "car_v_std": 11.1398}, "datetime": {"datetime": "2024-09-05 15:34:39", "elapsed": 17134.787735, "delta": 22.556422}}
