{"target": -0.1810053376646619, "params": {"bus_acc": 1.8902, "bus_dcc": 2.8645, "bus_lcAssertive": 92.863, "bus_lcCooperative": 0.9002, "bus_lcLookaheadLeft": 37.8066, "bus_lcPushy": 0.833, "bus_lcSigma": 0.4248, "bus_lcSpeedGainRight": 4.3516, "bus_lcSublane": 0.5437, "bus_sigma": 0.498, "bus_tau_mean": 1.3783, "bus_tau_std": 9.3852, "bus_v_mean": 19.3584, "bus_v_std": 2.6692, "car_acc": 3.607, "car_dcc": 3.5377, "car_lcAssertive": 22.5861, "car_lcCooperative": 0.2935, "car_lcLookaheadLeft": 81.078, "car_lcPushy": 0.4504, "car_lcSigma": 0.7727, "car_lcSpeedGainRight": 3.5758, "car_lcSublane": 0.1458, "car_sigma": 0.8657, "car_tau_mean": 2.3227, "car_tau_std": 0.5028, "car_v_mean": 20.2757, "car_v_std": 17.0612}, "datetime": {"datetime": "2024-09-05 14:11:28", "elapsed": 12144.28238, "delta": 14.382515}}
{"target": -1.012956761763531, "params": {"bus_acc": 3.6455, "bus_dcc": 1.3864, "bus_lcAssertive": 18.0728, "bus_lcCooperative": 0.6213, "bus_lcLookaheadLeft": 73.4911, "bus_lcPushy": 0.3012, "bus_lcSigma": 0.7098, "bus_lcSpeedGainRight": 1.8759, "bus_lcSublane": 0.2396, "bus_sigma": 0.8993, "bus_tau_mean": 0.8432, "bus_tau_std": 3.4493, "bus_v_mean": 15.9657, "bus_v_std": 6.5508, "car_acc": 2.9173, "car_dcc": 2.0674, "car_lcAssertive": 41.7269, "car_lcCooperative": 0.7873, "car_lcLookaheadLeft": 10.7456, "car_lcPushy": 0.065, "car_lcSigma": 0.2296, "car_lcSpeedGainRight": 0.6284, "car_lcSublane": 0.7587, "car_sigma": 0.1558, "car_tau_mean": 0.9516, "car_tau_std": 5.5651, "car_v_mean": 9.9615, "car_v_std": 18.1989}, "datetime": {"datetime": "2024-09-05 14:11:43", "elapsed": 12159.062821, "delta": 14.780441}}
{"target": -0.19054993891283148, "params": {"bus_acc": 0.9975, "bus_dcc": 2.0647, "bus_lcAssertive": 8.1884, "bus_lcCooperative": 0.0501, "bus_lcLookaheadLeft": 52.2212, "bus_lcPushy": 0.173, "bus_lcSigma": 0.7718, "bus_lcSpeedGainRight": 4.9959, "bus_lcSublane": 0.3081, "bus_sigma": 0.7493, "bus_tau_mean": 2.3209, "bus_tau_std": 7.7623, "bus_v_mean": 15.6826, "bus_v_std": 11.328, "car_acc": 2.4399, "car_dcc": 0.3935, "car_lcAssertive": 39.4137, "car_lcCooperative": 0.311, "car_lcLookaheadLeft": 11.271, "car_lcPushy": 0.526, "car_lcSigma": 0.37, "car_lcSpeedGainRight": 2.5311, "car_lcSublane": 0.2933, "car_sigma": 0.8725, "car_tau_mean": 2.4368, "car_tau_std": 3.2091, "car_v_mean": 16.3867, "car_v_std": 12.0256}, "datetime": {"datetime": "2024-09-05 14:11:57", "elapsed": 12173.370356, "delta": 14.307535}}
{"target": -0.2652574896320986, "params": {"bus_acc": 2.6595, "bus_dcc": 1.8201, "bus_lcAssertive": 63.0283, "bus_lcCooperative": 0.8626, "bus_lcLookaheadLeft": 34.353, "bus_lcPushy": 0.1192, "bus_lcSigma": 0.7223, "bus_lcSpeedGainRight": 1.3999, "bus_lcSublane": 0.416, "bus_sigma": 0.8797, "bus_tau_mean": 2.8517, "bus_tau_std": 2.7621, "bus_v_mean": 18.9451, "bus_v_std": 10.3815, "car_acc": 3.4936, "car_dcc": 0.58, "car_lcAssertive": 51.1962, "car_lcCooperative": 0.0185, "car_lcLookaheadLeft": 49.293, "car_lcPushy": 0.2207, "car_lcSigma": 0.0173, "car_lcSpeedGainRight": 3.7323, "car_lcSublane": 0.9619, "car_sigma": 0.9306, "car_tau_mean": 1.0594, "car_tau_std": 7.7367, "car_v_mean": 24.4094, "car_v_std": 6.2038}, "datetime": {"datetime": "2024-09-05 14:12:13", "elapsed": 12188.696279, "delta": 15.325923}}
{"target": -0.22385693042192978, "params": {"bus_acc": 3.6097, "bus_dcc": 1.2449, "bus_lcAssertive": 10.4168, "bus_lcCooperative": 0.9172, "bus_lcLookaheadLeft": 73.8669, "bus_lcPushy": 0.4021, "bus_lcSigma": 0.3774, "bus_lcSpeedGainRight": 1.3016, "bus_lcSublane": 0.0928, "bus_sigma": 0.8902, "bus_tau_mean": 2.6745, "bus_tau_std": 3.5112, "bus_v_mean": 25.2627, "bus_v_std": 9.5484, "car_acc": 1.0163, "car_dcc": 3.6623, "car_lcAssertive": 24.6585, "car_lcCooperative": 0.7657, "car_lcLookaheadLeft": 88.8016, "car_lcPushy": 0.5627, "car_lcSigma": 0.5603, "car_lcSpeedGainRight": 1.8753, "car_lcSublane": 0.65, "car_sigma": 0.9217, "car_tau_mean": 0.9472, "car_tau_std": 0.9031, "car_v_mean": 15.0185, "car_v_std": 18.611}, "datetime": {"datetime": "2024-09-05 14:12:27", "elapsed": 12202.475511, "delta": 13.779232}}
{"target": -0.2165600829697919, "params": {"bus_acc": 2.356, "bus_dcc": 3.5928, "bus_lcAssertive": 28.7657, "bus_lcCooperative": 0.6937, "bus_lcLookaheadLeft": 84.8677, "bus_lcPushy": 0.9817, "bus_lcSigma": 0.8007, "bus_lcSpeedGainRight": 2.8437, "bus_lcSublane": 0.3039, "bus_sigma": 0.1037, "bus_tau_mean": 2.3511, "bus_tau_std": 9.4123, "bus_v_mean": 8.2471, "bus_v_std": 18.9135, "car_acc": 0.9896, "car_dcc": 1.7297, "car_lcAssertive": 71.7038, "car_lcCooperative": 0.2585, "car_lcLookaheadLeft": 60.5049, "car_lcPushy": 0.9468, "car_lcSigma": 0.4554, "car_lcSpeedGainRight": 3.0197, "car_lcSublane": 0.8045, "car_sigma": 0.3228, "car_tau_mean": 3.2586, "car_tau_std": 8.4879, "car_v_mean": 13.5464, "car_v_std": 6.0675}, "datetime": {"datetime": "2024-09-05 14:12:41", "elapsed": 12216.490174, "delta": 14.014663}}
{"target": -0.24660037652974673, "params": {"bus_acc": 3.3636, "bus_dcc": 2.4785, "bus_lcAssertive": 74.8166, "bus_lcCooperative": 0.9908, "bus_lcLookaheadLeft": 36.0021, "bus_lcPushy": 0.0852, "bus_lcSigma": 0.6359, "bus_lcSpeedGainRight": 1.0895, "bus_lcSublane": 0.5677, "bus_sigma": 0.0984, "bus_tau_mean": 2.9425, "bus_tau_std": 6.5669, "bus_v_mean": 18.1007, "bus_v_std": 0.0047, "car_acc": 2.94, "car_dcc": 2.3119, "car_lcAssertive": 58.6143, "car_lcCooperative": 0.9372, "car_lcLookaheadLeft": 43.7413, "car_lcPushy": 0.2211, "car_lcSigma": 0.023, "car_lcSpeedGainRight": 1.9804, "car_lcSublane": 0.1172, "car_sigma": 0.7233, "car_tau_mean": 0.5075, "car_tau_std": 1.1324, "car_v_mean": 24.0857, "car_v_std": 8.2821}, "datetime": {"datetime": "2024-09-05 14:12:58", "elapsed": 12233.471522, "delta": 16.981348}}
{"target": -0.7439914397739374, "params": {"bus_acc": 1.8369, "bus_dcc": 3.1565, "bus_lcAssertive": 99.6006, "bus_lcCooperative": 0.1074, "bus_lcLookaheadLeft": 31.1928, "bus_lcPushy": 0.3578, "bus_lcSigma": 0.8421, "bus_lcSpeedGainRight": 3.8634, "bus_lcSublane": 0.5323, "bus_sigma": 0.1395, "bus_tau_mean": 2.0601, "bus_tau_std": 0.1583, "bus_v_mean": 15.4247, "bus_v_std": 11.4533, "car_acc": 0.6333, "car_dcc": 2.6541, "car_lcAssertive": 63.9699, "car_lcCooperative": 0.4052, "car_lcLookaheadLeft": 53.796, "car_lcPushy": 0.6779, "car_lcSigma": 0.4341, "car_lcSpeedGainRight": 3.0097, "car_lcSublane": 0.3923, "car_sigma": 0.2685, "car_tau_mean": 0.8261, "car_tau_std": 8.5928, "car_v_mean": 23.9623, "car_v_std": 5.9998}, "datetime": {"datetime": "2024-09-05 14:13:11", "elapsed": 12247.446666, "delta": 13.975144}}
{"target": -0.1984605259513154, "params": {"bus_acc": 1.69, "bus_dcc": 0.7598, "bus_lcAssertive": 83.2141, "bus_lcCooperative": 0.4804, "bus_lcLookaheadLeft": 10.6078, "bus_lcPushy": 0.3931, "bus_lcSigma": 0.9626, "bus_lcSpeedGainRight": 3.4478, "bus_lcSublane": 0.5826, "bus_sigma": 0.6073, "bus_tau_mean": 3.6283, "bus_tau_std": 9.0449, "bus_v_mean": 12.1646, "bus_v_std": 16.3367, "car_acc": 0.4281, "car_dcc": 0.9679, "car_lcAssertive": 66.2132, "car_lcCooperative": 0.1876, "car_lcLookaheadLeft": 96.5218, "car_lcPushy": 0.8316, "car_lcSigma": 0.4118, "car_lcSpeedGainRight": 1.342, "car_lcSublane": 0.2867, "car_sigma": 0.5475, "car_tau_mean": 2.4384, "car_tau_std": 7.5958, "car_v_mean": 24.7557, "car_v_std": 14.196}, "datetime": {"datetime": "2024-09-05 14:13:35", "elapsed": 12270.98755, "delta": 23.540884}}
{"target": -0.1886926142479444, "params": {"bus_acc": 1.2124, "bus_dcc": 3.3888, "bus_lcAssertive": 34.393, "bus_lcCooperative": 0.3122, "bus_lcLookaheadLeft": 93.3781, "bus_lcPushy": 0.7023, "bus_lcSigma": 0.2355, "bus_lcSpeedGainRight": 1.0754, "bus_lcSublane": 0.5817, "bus_sigma": 0.6483, "bus_tau_mean": 3.8515, "bus_tau_std": 1.8248, "bus_v_mean": 14.5242, "bus_v_std": 10.3346, "car_acc": 3.0556, "car_dcc": 1.7526, "car_lcAssertive": 81.8629, "car_lcCooperative": 0.1342, "car_lcLookaheadLeft": 64.4041, "car_lcPushy": 0.8141, "car_lcSigma": 0.9466, "car_lcSpeedGainRight": 1.611, "car_lcSublane": 0.0225, "car_sigma": 0.1988, "car_tau_mean": 2.1594, "car_tau_std": 6.135, "car_v_mean": 21.3868, "car_v_std": 10.2498}, "datetime": {"datetime": "2024-09-05 14:13:49", "elapsed": 12284.907893, "delta": 13.920343}}
{"target": -0.4259369017045152, "params": {"bus_acc": 0.5958, "bus_dcc": 1.9802, "bus_lcAssertive": 7.6164, "bus_lcCooperative": 0.2923, "bus_lcLookaheadLeft": 2.4684, "bus_lcPushy": 0.819, "bus_lcSigma": 0.7442, "bus_lcSpeedGainRight": 0.9765, "bus_lcSublane": 0.2194, "bus_sigma": 0.0066, "bus_tau_mean": 0.6793, "bus_tau_std": 1.4061, "bus_v_mean": 19.6698, "bus_v_std": 19.6711, "car_acc": 1.126, "car_dcc": 2.7613, "car_lcAssertive": 19.4438, "car_lcCooperative": 0.027, "car_lcLookaheadLeft": 65.8893, "car_lcPushy": 0.7546, "car_lcSigma": 0.1462, "car_lcSpeedGainRight": 2.5462, "car_lcSublane": 0.1785, "car_sigma": 0.3711, "car_tau_mean": 3.5027, "car_tau_std": 6.0022, "car_v_mean": 20.4081, "car_v_std": 4.9366}, "datetime": {"datetime": "2024-09-05 14:14:37", "elapsed": 12333.234888, "delta": 48.326995}}
{"target": -0.19986921101728983, "params": {"bus_acc": 0.5281, "bus_dcc": 2.8888, "bus_lcAssertive": 59.8222, "bus_lcCooperative": 0.522, "bus_lcLookaheadLeft": 83.3657, "bus_lcPushy": 0.1458, "bus_lcSigma": 0.528, "bus_lcSpeedGainRight": 3.687, "bus_lcSublane": 0.8735, "bus_sigma": 0.2021, "bus_tau_mean": 3.8304, "bus_tau_std": 8.8953, "bus_v_mean": 15.7007, "bus_v_std": 6.8713, "car_acc": 3.4622, "car_dcc": 1.9437, "car_lcAssertive": 69.3337, "car_lcCooperative": 0.2611, "car_lcLookaheadLeft": 45.633, "car_lcPushy": 0.3902, "car_lcSigma": 0.9526, "car_lcSpeedGainRight": 4.2333, "car_lcSublane": 0.4451, "car_sigma": 0.4525, "car_tau_mean": 3.9907, "car_tau_std": 5.7079, "car_v_mean": 13.9037, "car_v_std": 14.9969}, "datetime": {"datetime": "2024-09-05 14:15:00", "elapsed": 12356.264152, "delta": 23.029264}}
{"target": -0.1918768705097158, "params": {"bus_acc": 2.9621, "bus_dcc": 0.5074, "bus_lcAssertive": 34.5748, "bus_lcCooperative": 0.338, "bus_lcLookaheadLeft": 68.2177, "bus_lcPushy": 0.9354, "bus_lcSigma": 0.5063, "bus_lcSpeedGainRight": 3.7577, "bus_lcSublane": 0.5848, "bus_sigma": 0.9561, "bus_tau_mean": 3.3996, "bus_tau_std": 9.6909, "bus_v_mean": 22.4031, "bus_v_std": 13.6054, "car_acc": 3.5899, "car_dcc": 2.4718, "car_lcAssertive": 6.9076, "car_lcCooperative": 0.4415, "car_lcLookaheadLeft": 12.5505, "car_lcPushy": 0.0679, "car_lcSigma": 0.041, "car_lcSpeedGainRight": 2.53, "car_lcSublane": 0.2404, "car_sigma": 0.5207, "car_tau_mean": 3.7002, "car_tau_std": 9.9012, "car_v_mean": 8.2639, "car_v_std": 9.6615}, "datetime": {"datetime": "2024-09-05 14:15:13", "elapsed": 12369.184911, "delta": 12.920759}}
{"target": -0.1831084790106662, "params": {"bus_acc": 2.2148, "bus_dcc": 2.881, "bus_lcAssertive": 6.1714, "bus_lcCooperative": 0.0087, "bus_lcLookaheadLeft": 78.3459, "bus_lcPushy": 0.4391, "bus_lcSigma": 0.3323, "bus_lcSpeedGainRight": 1.8155, "bus_lcSublane": 0.4741, "bus_sigma": 0.255, "bus_tau_mean": 3.703, "bus_tau_std": 6.4297, "bus_v_mean": 23.9057, "bus_v_std": 7.5186, "car_acc": 2.1711, "car_dcc": 1.9836, "car_lcAssertive": 23.6379, "car_lcCooperative": 0.1474, "car_lcLookaheadLeft": 50.9266, "car_lcPushy": 0.4198, "car_lcSigma": 0.0465, "car_lcSpeedGainRight": 1.4463, "car_lcSublane": 0.386, "car_sigma": 0.0058, "car_tau_mean": 0.9609, "car_tau_std": 5.9527, "car_v_mean": 22.1206, "car_v_std": 8.3838}, "datetime": {"datetime": "2024-09-05 14:15:30", "elapsed": 12386.318598, "delta": 17.133687}}
{"target": -0.20735362804437427, "params": {"bus_acc": 3.3977, "bus_dcc": 0.3731, "bus_lcAssertive": 25.6143, "bus_lcCooperative": 0.3062, "bus_lcLookaheadLeft": 68.5112, "bus_lcPushy": 0.4029, "bus_lcSigma": 0.8857, "bus_lcSpeedGainRight": 0.4526, "bus_lcSublane": 0.5435, "bus_sigma": 0.2564, "bus_tau_mean": 1.8499, "bus_tau_std": 8.7238, "bus_v_mean": 8.3252, "bus_v_std": 7.6767, "car_acc": 2.3808, "car_dcc": 2.1051, "car_lcAssertive": 81.2376, "car_lcCooperative": 0.0522, "car_lcLookaheadLeft": 38.9837, "car_lcPushy": 0.7403, "car_lcSigma": 0.7398, "car_lcSpeedGainRight": 4.2853, "car_lcSublane": 0.5208, "car_sigma": 0.524, "car_tau_mean": 3.5059, "car_tau_std": 0.7604, "car_v_mean": 25.5661, "car_v_std": 12.2762}, "datetime": {"datetime": "2024-09-05 14:15:44", "elapsed": 12400.329585, "delta": 14.010987}}
{"target": -0.18622197081247294, "params": {"bus_acc": 2.2884, "bus_dcc": 3.6304, "bus_lcAssertive": 94.7712, "bus_lcCooperative": 0.2929, "bus_lcLookaheadLeft": 57.1983, "bus_lcPushy": 0.9332, "bus_lcSigma": 0.899, "bus_lcSpeedGainRight": 2.7338, "bus_lcSublane": 0.5304, "bus_sigma": 0.8307, "bus_tau_mean": 1.8099, "bus_tau_std": 8.9454, "bus_v_mean": 12.4254, "bus_v_std": 9.7391, "car_acc": 3.7731, "car_dcc": 2.1805, "car_lcAssertive": 34.2211, "car_lcCooperative": 0.9298, "car_lcLookaheadLeft": 95.1975, "car_lcPushy": 0.4541, "car_lcSigma": 0.9515, "car_lcSpeedGainRight": 1.8059, "car_lcSublane": 0.4773, "car_sigma": 0.504, "car_tau_mean": 3.5202, "car_tau_std": 2.5752, "car_v_mean": 19.2989, "car_v_std": 1.1301}, "datetime": {"datetime": "2024-09-05 14:15:58", "elapsed": 12413.93909, "delta": 13.609505}}
{"target": -0.17972646384317428, "params": {"bus_acc": 2.0145, "bus_dcc": 1.4993, "bus_lcAssertive": 50.8554, "bus_lcCooperative": 0.0673, "bus_lcLookaheadLeft": 54.3673, "bus_lcPushy": 0.6866, "bus_lcSigma": 0.1668, "bus_lcSpeedGainRight": 1.103, "bus_lcSublane": 0.5034, "bus_sigma": 0.4782, "bus_tau_mean": 3.4588, "bus_tau_std": 9.067, "bus_v_mean": 23.5843, "bus_v_std": 17.8908, "car_acc": 3.6668, "car_dcc": 0.2262, "car_lcAssertive": 52.5451, "car_lcCooperative": 0.2832, "car_lcLookaheadLeft": 2.9007, "car_lcPushy": 0.7514, "car_lcSigma": 0.4139, "car_lcSpeedGainRight": 3.4893, "car_lcSublane": 0.5871, "car_sigma": 0.6586, "car_tau_mean": 2.0655, "car_tau_std": 8.8664, "car_v_mean": 12.3036, "car_v_std": 10.2864}, "datetime": {"datetime": "2024-09-05 14:16:14", "elapsed": 12429.526233, "delta": 15.587143}}
{"target": -0.20346883596547882, "params": {"bus_acc": 0.9818, "bus_dcc": 3.9491, "bus_lcAssertive": 11.9895, "bus_lcCooperative": 0.6811, "bus_lcLookaheadLeft": 49.1772, "bus_lcPushy": 0.3135, "bus_lcSigma": 0.5802, "bus_lcSpeedGainRight": 3.2348, "bus_lcSublane": 0.6956, "bus_sigma": 0.9327, "bus_tau_mean": 1.3841, "bus_tau_std": 6.2254, "bus_v_mean": 22.1385, "bus_v_std": 0.6652, "car_acc": 1.0576, "car_dcc": 2.2249, "car_lcAssertive": 4.3782, "car_lcCooperative": 0.6379, "car_lcLookaheadLeft": 47.7127, "car_lcPushy": 0.7257, "car_lcSigma": 0.9711, "car_lcSpeedGainRight": 4.8581, "car_lcSublane": 0.4939, "car_sigma": 0.1053, "car_tau_mean": 3.8801, "car_tau_std": 0.2004, "car_v_mean": 25.6941, "car_v_std": 13.5912}, "datetime": {"datetime": "2024-09-05 14:16:43", "elapsed": 12459.070583, "delta": 29.54435}}
{"target": -0.4878753314544941, "params": {"bus_acc": 3.7411, "bus_dcc": 0.7113, "bus_lcAssertive": 22.7881, "bus_lcCooperative": 0.0713, "bus_lcLookaheadLeft": 52.217, "bus_lcPushy": 0.2083, "bus_lcSigma": 0.8829, "bus_lcSpeedGainRight": 1.4497, "bus_lcSublane": 0.9508, "bus_sigma": 0.3389, "bus_tau_mean": 1.216, "bus_tau_std": 0.421, "bus_v_mean": 9.7711, "bus_v_std": 13.0582, "car_acc": 2.5897, "car_dcc": 0.8675, "car_lcAssertive": 95.3163, "car_lcCooperative": 0.7964, "car_lcLookaheadLeft": 5.6525, "car_lcPushy": 0.2352, "car_lcSigma": 0.334, "car_lcSpeedGainRight": 2.601, "car_lcSublane": 0.2926, "car_sigma": 0.1501, "car_tau_mean": 2.7455, "car_tau_std": 4.7833, "car_v_mean": 12.7279, "car_v_std": 6.5416}, "datetime": {"datetime": "2024-09-05 14:16:58", "elapsed": 12473.529902, "delta": 14.459319}}
{"target": -0.20755922622291512, "params": {"bus_acc": 2.5637, "bus_dcc": 2.0253, "bus_lcAssertive": 63.1541, "bus_lcCooperative": 0.7624, "bus_lcLookaheadLeft": 45.3785, "bus_lcPushy": 0.7882, "bus_lcSigma": 0.6976, "bus_lcSpeedGainRight": 0.7924, "bus_lcSublane": 0.7972, "bus_sigma": 0.4699, "bus_tau_mean": 1.4659, "bus_tau_std": 6.153, "bus_v_mean": 12.4322, "bus_v_std": 1.8961, "car_acc": 0.9471, "car_dcc": 2.1271, "car_lcAssertive": 42.4787, "car_lcCooperative": 0.6731, "car_lcLookaheadLeft": 4.338, "car_lcPushy": 0.2543, "car_lcSigma": 0.31, "car_lcSpeedGainRight": 3.5833, "car_lcSublane": 0.463, "car_sigma": 0.742, "car_tau_mean": 0.7568, "car_tau_std": 6.9319, "car_v_mean": 15.1787, "car_v_std": 1.5098}, "datetime": {"datetime": "2024-09-05 14:17:10", "elapsed": 12486.416354, "delta": 12.886452}}
{"target": -0.23986240799258907, "params": {"bus_acc": 0.376, "bus_dcc": 2.8077, "bus_lcAssertive": 46.1126, "bus_lcCooperative": 0.4994, "bus_lcLookaheadLeft": 63.8923, "bus_lcPushy": 0.5477, "bus_lcSigma": 0.3919, "bus_lcSpeedGainRight": 4.4266, "bus_lcSublane": 0.4752, "bus_sigma": 0.9542, "bus_tau_mean": 3.4343, "bus_tau_std": 7.0193, "bus_v_mean": 14.6054, "bus_v_std": 5.0909, "car_acc": 1.3784, "car_dcc": 2.4475, "car_lcAssertive": 24.6649, "car_lcCooperative": 0.994, "car_lcLookaheadLeft": 89.737, "car_lcPushy": 0.6749, "car_lcSigma": 0.8956, "car_lcSpeedGainRight": 3.9609, "car_lcSublane": 0.1608, "car_sigma": 0.5769, "car_tau_mean": 3.4812, "car_tau_std": 2.0446, "car_v_mean": 23.6029, "car_v_std": 13.0179}, "datetime": {"datetime": "2024-09-05 14:17:25", "elapsed": 12500.880113, "delta": 14.463759}}
{"target": -0.1924225101738005, "params": {"bus_acc": 1.6806, "bus_dcc": 1.6743, "bus_lcAssertive": 90.1682, "bus_lcCooperative": 0.1357, "bus_lcLookaheadLeft": 65.0979, "bus_lcPushy": 0.8897, "bus_lcSigma": 0.6934, "bus_lcSpeedGainRight": 4.4476, "bus_lcSublane": 0.7167, "bus_sigma": 0.4481, "bus_tau_mean": 2.465, "bus_tau_std": 3.5431, "bus_v_mean": 14.8397, "bus_v_std": 17.3844, "car_acc": 2.7971, "car_dcc": 2.3149, "car_lcAssertive": 2.6594, "car_lcCooperative": 0.915, "car_lcLookaheadLeft": 64.5742, "car_lcPushy": 0.7012, "car_lcSigma": 0.2114, "car_lcSpeedGainRight": 1.0905, "car_lcSublane": 0.915, "car_sigma": 0.4419, "car_tau_mean": 2.9682, "car_tau_std": 2.6562, "car_v_mean": 13.4333, "car_v_std": 1.8647}, "datetime": {"datetime": "2024-09-05 14:17:51", "elapsed": 12526.489228, "delta": 25.609115}}
{"target": -0.20091559901619951, "params": {"bus_acc": 1.3091, "bus_dcc": 3.2846, "bus_lcAssertive": 20.6569, "bus_lcCooperative": 0.3069, "bus_lcLookaheadLeft": 19.958, "bus_lcPushy": 0.7826, "bus_lcSigma": 0.9163, "bus_lcSpeedGainRight": 4.2222, "bus_lcSublane": 0.1944, "bus_sigma": 0.039, "bus_tau_mean": 1.7787, "bus_tau_std": 2.9084, "bus_v_mean": 21.8273, "bus_v_std": 15.063, "car_acc": 1.6447, "car_dcc": 1.0641, "car_lcAssertive": 70.708, "car_lcCooperative": 0.5132, "car_lcLookaheadLeft": 92.9421, "car_lcPushy": 0.5053, "car_lcSigma": 0.1167, "car_lcSpeedGainRight": 4.9653, "car_lcSublane": 0.7296, "car_sigma": 0.1549, "car_tau_mean": 1.9003, "car_tau_std": 8.6744, "car_v_mean": 11.0745, "car_v_std": 4.9885}, "datetime": {"datetime": "2024-09-05 14:18:18", "elapsed": 12553.599801, "delta": 27.110573}}
{"target": -0.18640444789680866, "params": {"bus_acc": 0.3907, "bus_dcc": 3.4891, "bus_lcAssertive": 33.899, "bus_lcCooperative": 0.2092, "bus_lcLookaheadLeft": 2.1914, "bus_lcPushy": 0.9234, "bus_lcSigma": 0.7456, "bus_lcSpeedGainRight": 4.5897, "bus_lcSublane": 0.3575, "bus_sigma": 0.817, "bus_tau_mean": 3.9905, "bus_tau_std": 2.2106, "bus_v_mean": 25.6183, "bus_v_std": 10.9059, "car_acc": 3.6381, "car_dcc": 2.9591, "car_lcAssertive": 74.4928, "car_lcCooperative": 0.6879, "car_lcLookaheadLeft": 42.8132, "car_lcPushy": 0.6485, "car_lcSigma": 0.2936, "car_lcSpeedGainRight": 0.3791, "car_lcSublane": 0.8008, "car_sigma": 0.3006, "car_tau_mean": 3.2334, "car_tau_std": 6.5626, "car_v_mean": 20.2986, "car_v_std": 6.2494}, "datetime": {"datetime": "2024-09-05 14:18:33", "elapsed": 12569.201096, "delta": 15.601295}}
{"target": -0.2567882708571285, "params": {"bus_acc": 1.0217, "bus_dcc": 0.5752, "bus_lcAssertive": 10.4318, "bus_lcCooperative": 0.9805, "bus_lcLookaheadLeft": 62.3037, "bus_lcPushy": 0.1382, "bus_lcSigma": 0.7682, "bus_lcSpeedGainRight": 1.8169, "bus_lcSublane": 0.0854, "bus_sigma": 0.1523, "bus_tau_mean": 0.6811, "bus_tau_std": 2.9209, "bus_v_mean": 15.9826, "bus_v_std": 15.27, "car_acc": 0.4714, "car_dcc": 2.1955, "car_lcAssertive": 30.6105, "car_lcCooperative": 0.5846, "car_lcLookaheadLeft": 21.7262, "car_lcPushy": 0.9779, "car_lcSigma": 0.7683, "car_lcSpeedGainRight": 2.326, "car_lcSublane": 0.7431, "car_sigma": 0.5538, "car_tau_mean": 2.5375, "car_tau_std": 9.6591, "car_v_mean": 18.7235, "car_v_std": 19.7186}, "datetime": {"datetime": "2024-09-05 14:18:48", "elapsed": 12583.700854, "delta": 14.499758}}
{"target": -0.5814367741347761, "params": {"bus_acc": 0.5539, "bus_dcc": 3.6722, "bus_lcAssertive": 88.9221, "bus_lcCooperative": 0.8562, "bus_lcLookaheadLeft": 16.9757, "bus_lcPushy": 0.4005, "bus_lcSigma": 0.0245, "bus_lcSpeedGainRight": 1.4996, "bus_lcSublane": 0.7112, "bus_sigma": 0.3019, "bus_tau_mean": 2.1818, "bus_tau_std": 7.1542, "bus_v_mean": 14.0806, "bus_v_std": 4.881, "car_acc": 3.7421, "car_dcc": 2.5402, "car_lcAssertive": 12.5436, "car_lcCooperative": 0.311, "car_lcLookaheadLeft": 93.3529, "car_lcPushy": 0.208, "car_lcSigma": 0.8362, "car_lcSpeedGainRight": 0.0587, "car_lcSublane": 0.7173, "car_sigma": 0.9618, "car_tau_mean": 0.6441, "car_tau_std": 4.7373, "car_v_mean": 19.4909, "car_v_std": 10.0376}, "datetime": {"datetime": "2024-09-05 14:19:02", "elapsed": 12598.080794, "delta": 14.37994}}
