{"target": -0.2087138859207993, "params": {"bus_acc": 0.8892, "bus_dcc": 1.1223, "bus_lcAssertive": 75.8814, "bus_lcCooperative": 0.3239, "bus_lcLookaheadLeft": 86.2402, "bus_lcPushy": 0.6242, "bus_lcSigma": 0.7065, "bus_lcSpeedGainRight": 1.3769, "bus_lcSublane": 0.2894, "bus_sigma": 0.5619, "bus_tau_mean": 1.0448, "bus_tau_std": 2.7318, "bus_v_mean": 18.0199, "bus_v_std": 15.2756, "car_acc": 2.271, "car_dcc": 1.1639, "car_lcAssertive": 65.0507, "car_lcCooperative": 0.5903, "car_lcLookaheadLeft": 47.5619, "car_lcPushy": 0.1123, "car_lcSigma": 0.1081, "car_lcSpeedGainRight": 0.51, "car_lcSublane": 0.7423, "car_sigma": 0.4747, "car_tau_mean": 3.7341, "car_tau_std": 2.9063, "car_v_mean": 14.4604, "car_v_std": 19.626}, "datetime": {"datetime": "2024-09-05 16:46:31", "elapsed": 21446.886361, "delta": 32.442637}}
{"target": -0.23523644059297452, "params": {"bus_acc": 3.0322, "bus_dcc": 1.6414, "bus_lcAssertive": 14.4248, "bus_lcCooperative": 0.7095, "bus_lcLookaheadLeft": 21.9395, "bus_lcPushy": 0.2497, "bus_lcSigma": 0.9508, "bus_lcSpeedGainRight": 3.347, "bus_lcSublane": 0.1706, "bus_sigma": 0.7431, "bus_tau_mean": 3.3841, "bus_tau_std": 4.4707, "bus_v_mean": 17.6028, "bus_v_std": 15.833, "car_acc": 3.5515, "car_dcc": 0.7141, "car_lcAssertive": 17.2562, "car_lcCooperative": 0.8187, "car_lcLookaheadLeft": 57.5538, "car_lcPushy": 0.7022, "car_lcSigma": 0.9042, "car_lcSpeedGainRight": 3.9032, "car_lcSublane": 0.4077, "car_sigma": 0.0931, "car_tau_mean": 1.9424, "car_tau_std": 6.4037, "car_v_mean": 16.2316, "car_v_std": 13.1647}, "datetime": {"datetime": "2024-09-05 16:46:52", "elapsed": 21467.861961, "delta": 20.9756}}
{"target": -0.14914316191881222, "params": {"bus_acc": 1.0168, "bus_dcc": 2.4728, "bus_lcAssertive": 43.4331, "bus_lcCooperative": 0.9991, "bus_lcLookaheadLeft": 49.5275, "bus_lcPushy": 0.1246, "bus_lcSigma": 0.1307, "bus_lcSpeedGainRight": 0.8476, "bus_lcSublane": 0.5, "bus_sigma": 0.2912, "bus_tau_mean": 3.3866, "bus_tau_std": 1.6784, "bus_v_mean": 17.5487, "bus_v_std": 12.6466, "car_acc": 0.3689, "car_dcc": 0.4108, "car_lcAssertive": 8.4068, "car_lcCooperative": 0.5909, "car_lcLookaheadLeft": 14.5978, "car_lcPushy": 0.3433, "car_lcSigma": 0.7232, "car_lcSpeedGainRight": 2.5604, "car_lcSublane": 0.8394, "car_sigma": 0.7468, "car_tau_mean": 3.2846, "car_tau_std": 2.3202, "car_v_mean": 15.5385, "car_v_std": 2.3245}, "datetime": {"datetime": "2024-09-05 16:47:37", "elapsed": 21513.166313, "delta": 45.304352}}
{"target": -0.17649973712679135, "params": {"bus_acc": 0.4938, "bus_dcc": 0.4775, "bus_lcAssertive": 2.4639, "bus_lcCooperative": 0.8531, "bus_lcLookaheadLeft": 88.9238, "bus_lcPushy": 0.2665, "bus_lcSigma": 0.8359, "bus_lcSpeedGainRight": 2.5732, "bus_lcSublane": 0.6593, "bus_sigma": 0.2042, "bus_tau_mean": 2.7278, "bus_tau_std": 9.673, "bus_v_mean": 16.0729, "bus_v_std": 3.218, "car_acc": 1.8678, "car_dcc": 2.3049, "car_lcAssertive": 19.5613, "car_lcCooperative": 0.7009, "car_lcLookaheadLeft": 16.3487, "car_lcPushy": 0.5548, "car_lcSigma": 0.2899, "car_lcSpeedGainRight": 0.3609, "car_lcSublane": 0.8352, "car_sigma": 0.3755, "car_tau_mean": 2.612, "car_tau_std": 1.5487, "car_v_mean": 19.5615, "car_v_std": 0.435}, "datetime": {"datetime": "2024-09-05 16:47:58", "elapsed": 21533.604364, "delta": 20.438051}}
{"target": -0.2032895829500552, "params": {"bus_acc": 3.4455, "bus_dcc": 2.5323, "bus_lcAssertive": 84.3118, "bus_lcCooperative": 0.4522, "bus_lcLookaheadLeft": 67.4476, "bus_lcPushy": 0.812, "bus_lcSigma": 0.0546, "bus_lcSpeedGainRight": 2.7043, "bus_lcSublane": 0.7397, "bus_sigma": 0.8627, "bus_tau_mean": 1.3707, "bus_tau_std": 6.1689, "bus_v_mean": 24.0796, "bus_v_std": 4.3025, "car_acc": 1.4701, "car_dcc": 1.6448, "car_lcAssertive": 9.2044, "car_lcCooperative": 0.4697, "car_lcLookaheadLeft": 76.7169, "car_lcPushy": 0.3182, "car_lcSigma": 0.3955, "car_lcSpeedGainRight": 3.7898, "car_lcSublane": 0.0776, "car_sigma": 0.731, "car_tau_mean": 3.424, "car_tau_std": 0.6766, "car_v_mean": 22.6367, "car_v_std": 12.4461}, "datetime": {"datetime": "2024-09-05 16:48:19", "elapsed": 21554.860223, "delta": 21.255859}}
{"target": -0.23161256486357104, "params": {"bus_acc": 1.186, "bus_dcc": 3.0668, "bus_lcAssertive": 35.1964, "bus_lcCooperative": 0.6491, "bus_lcLookaheadLeft": 91.2736, "bus_lcPushy": 0.2127, "bus_lcSigma": 0.5617, "bus_lcSpeedGainRight": 2.1544, "bus_lcSublane": 0.9713, "bus_sigma": 0.0201, "bus_tau_mean": 3.0912, "bus_tau_std": 9.1284, "bus_v_mean": 23.2298, "bus_v_std": 16.5153, "car_acc": 2.7059, "car_dcc": 0.879, "car_lcAssertive": 65.8537, "car_lcCooperative": 0.298, "car_lcLookaheadLeft": 43.6311, "car_lcPushy": 0.945, "car_lcSigma": 0.4125, "car_lcSpeedGainRight": 2.0074, "car_lcSublane": 0.203, "car_sigma": 0.6002, "car_tau_mean": 1.8522, "car_tau_std": 3.4287, "car_v_mean": 9.1606, "car_v_std": 12.0015}, "datetime": {"datetime": "2024-09-05 16:48:38", "elapsed": 21574.277364, "delta": 19.417141}}
{"target": -0.21988422635213842, "params": {"bus_acc": 0.3591, "bus_dcc": 3.3879, "bus_lcAssertive": 70.4109, "bus_lcCooperative": 0.2112, "bus_lcLookaheadLeft": 63.7416, "bus_lcPushy": 0.0887, "bus_lcSigma": 0.2836, "bus_lcSpeedGainRight": 3.3342, "bus_lcSublane": 0.8084, "bus_sigma": 0.0453, "bus_tau_mean": 2.385, "bus_tau_std": 4.4539, "bus_v_mean": 19.5694, "bus_v_std": 0.1669, "car_acc": 3.1449, "car_dcc": 0.3204, "car_lcAssertive": 69.4403, "car_lcCooperative": 0.9166, "car_lcLookaheadLeft": 2.5145, "car_lcPushy": 0.0257, "car_lcSigma": 0.3355, "car_lcSpeedGainRight": 1.1488, "car_lcSublane": 0.9467, "car_sigma": 0.7821, "car_tau_mean": 1.9813, "car_tau_std": 3.4471, "car_v_mean": 13.017, "car_v_std": 3.0595}, "datetime": {"datetime": "2024-09-05 16:49:05", "elapsed": 21601.278341, "delta": 27.000977}}
{"target": -0.21410740550729168, "params": {"bus_acc": 3.5553, "bus_dcc": 3.4701, "bus_lcAssertive": 9.6884, "bus_lcCooperative": 0.638, "bus_lcLookaheadLeft": 17.4925, "bus_lcPushy": 0.9254, "bus_lcSigma": 0.8817, "bus_lcSpeedGainRight": 3.4408, "bus_lcSublane": 0.2199, "bus_sigma": 0.7029, "bus_tau_mean": 3.7178, "bus_tau_std": 5.6668, "bus_v_mean": 22.6458, "bus_v_std": 11.5653, "car_acc": 2.22, "car_dcc": 0.8921, "car_lcAssertive": 89.3283, "car_lcCooperative": 0.5264, "car_lcLookaheadLeft": 84.0114, "car_lcPushy": 0.193, "car_lcSigma": 0.6601, "car_lcSpeedGainRight": 3.4507, "car_lcSublane": 0.9157, "car_sigma": 0.2339, "car_tau_mean": 3.9573, "car_tau_std": 4.0351, "car_v_mean": 20.5103, "car_v_std": 4.083}, "datetime": {"datetime": "2024-09-05 16:49:26", "elapsed": 21622.278566, "delta": 21.000225}}
{"target": -0.22978866117302174, "params": {"bus_acc": 1.6865, "bus_dcc": 0.6629, "bus_lcAssertive": 70.0108, "bus_lcCooperative": 0.3775, "bus_lcLookaheadLeft": 29.066, "bus_lcPushy": 0.1357, "bus_lcSigma": 0.303, "bus_lcSpeedGainRight": 2.0739, "bus_lcSublane": 0.9908, "bus_sigma": 0.0269, "bus_tau_mean": 3.947, "bus_tau_std": 7.4611, "bus_v_mean": 23.0783, "bus_v_std": 10.9096, "car_acc": 3.1428, "car_dcc": 2.8238, "car_lcAssertive": 56.2057, "car_lcCooperative": 0.5686, "car_lcLookaheadLeft": 54.1884, "car_lcPushy": 0.5118, "car_lcSigma": 0.9267, "car_lcSpeedGainRight": 0.0006, "car_lcSublane": 0.0907, "car_sigma": 0.2363, "car_tau_mean": 1.5748, "car_tau_std": 3.9111, "car_v_mean": 11.5862, "car_v_std": 2.311}, "datetime": {"datetime": "2024-09-05 16:49:51", "elapsed": 21646.97008, "delta": 24.691514}}
{"target": -0.2288499175378416, "params": {"bus_acc": 1.8503, "bus_dcc": 3.6711, "bus_lcAssertive": 97.523, "bus_lcCooperative": 0.8438, "bus_lcLookaheadLeft": 21.9803, "bus_lcPushy": 0.4648, "bus_lcSigma": 0.1769, "bus_lcSpeedGainRight": 1.1928, "bus_lcSublane": 0.6162, "bus_sigma": 0.8466, "bus_tau_mean": 1.2057, "bus_tau_std": 2.1442, "bus_v_mean": 8.405, "bus_v_std": 18.5995, "car_acc": 3.5943, "car_dcc": 2.2142, "car_lcAssertive": 3.7702, "car_lcCooperative": 0.8206, "car_lcLookaheadLeft": 8.7158, "car_lcPushy": 0.4509, "car_lcSigma": 0.541, "car_lcSpeedGainRight": 1.5904, "car_lcSublane": 0.0502, "car_sigma": 0.4623, "car_tau_mean": 1.4392, "car_tau_std": 1.2981, "car_v_mean": 11.6529, "car_v_std": 5.6785}, "datetime": {"datetime": "2024-09-05 16:50:11", "elapsed": 21667.15645, "delta": 20.18637}}
{"target": -0.1744973331582972, "params": {"bus_acc": 1.0259, "bus_dcc": 0.6221, "bus_lcAssertive": 82.4523, "bus_lcCooperative": 0.6385, "bus_lcLookaheadLeft": 75.2063, "bus_lcPushy": 0.0041, "bus_lcSigma": 0.3898, "bus_lcSpeedGainRight": 3.9339, "bus_lcSublane": 0.7293, "bus_sigma": 0.8851, "bus_tau_mean": 3.4577, "bus_tau_std": 0.5419, "bus_v_mean": 15.6596, "bus_v_std": 15.2204, "car_acc": 0.9629, "car_dcc": 3.5453, "car_lcAssertive": 76.6506, "car_lcCooperative": 0.7652, "car_lcLookaheadLeft": 65.4596, "car_lcPushy": 0.3058, "car_lcSigma": 0.9777, "car_lcSpeedGainRight": 3.8452, "car_lcSublane": 0.2236, "car_sigma": 0.1603, "car_tau_mean": 2.9097, "car_tau_std": 6.9265, "car_v_mean": 14.0437, "car_v_std": 11.5927}, "datetime": {"datetime": "2024-09-05 16:50:37", "elapsed": 21692.688545, "delta": 25.532095}}
{"target": -0.2042903947917499, "params": {"bus_acc": 3.2212, "bus_dcc": 3.0435, "bus_lcAssertive": 60.4209, "bus_lcCooperative": 0.7898, "bus_lcLookaheadLeft": 54.2655, "bus_lcPushy": 0.1354, "bus_lcSigma": 0.7095, "bus_lcSpeedGainRight": 1.9934, "bus_lcSublane": 0.4024, "bus_sigma": 0.7868, "bus_tau_mean": 2.1413, "bus_tau_std": 6.8872, "bus_v_mean": 25.3809, "bus_v_std": 5.9, "car_acc": 3.114, "car_dcc": 1.7628, "car_lcAssertive": 26.4617, "car_lcCooperative": 0.2331, "car_lcLookaheadLeft": 20.7779, "car_lcPushy": 0.2697, "car_lcSigma": 0.044, "car_lcSpeedGainRight": 1.1349, "car_lcSublane": 0.1753, "car_sigma": 0.2301, "car_tau_mean": 1.3532, "car_tau_std": 9.8272, "car_v_mean": 15.5702, "car_v_std": 0.4751}, "datetime": {"datetime": "2024-09-05 16:51:21", "elapsed": 21737.342876, "delta": 44.654331}}
{"target": -0.26066251374624355, "params": {"bus_acc": 2.0537, "bus_dcc": 1.1693, "bus_lcAssertive": 37.041, "bus_lcCooperative": 0.5478, "bus_lcLookaheadLeft": 35.8491, "bus_lcPushy": 0.2059, "bus_lcSigma": 0.2265, "bus_lcSpeedGainRight": 4.2804, "bus_lcSublane": 0.2285, "bus_sigma": 0.2776, "bus_tau_mean": 0.6705, "bus_tau_std": 7.1137, "bus_v_mean": 23.1966, "bus_v_std": 11.4307, "car_acc": 0.547, "car_dcc": 1.395, "car_lcAssertive": 2.8575, "car_lcCooperative": 0.7433, "car_lcLookaheadLeft": 87.7068, "car_lcPushy": 0.2753, "car_lcSigma": 0.9449, "car_lcSpeedGainRight": 2.3136, "car_lcSublane": 0.6462, "car_sigma": 0.6887, "car_tau_mean": 1.4553, "car_tau_std": 4.5509, "car_v_mean": 20.163, "car_v_std": 13.9176}, "datetime": {"datetime": "2024-09-05 16:51:45", "elapsed": 21760.890635, "delta": 23.547759}}
{"target": -0.18030372635862746, "params": {"bus_acc": 3.1892, "bus_dcc": 3.7572, "bus_lcAssertive": 34.8282, "bus_lcCooperative": 0.0618, "bus_lcLookaheadLeft": 90.3579, "bus_lcPushy": 0.4937, "bus_lcSigma": 0.8774, "bus_lcSpeedGainRight": 1.883, "bus_lcSublane": 0.3303, "bus_sigma": 0.1558, "bus_tau_mean": 0.6029, "bus_tau_std": 9.2203, "bus_v_mean": 23.1222, "bus_v_std": 16.7605, "car_acc": 3.4867, "car_dcc": 0.9758, "car_lcAssertive": 96.5108, "car_lcCooperative": 0.6685, "car_lcLookaheadLeft": 63.476, "car_lcPushy": 0.4633, "car_lcSigma": 0.9586, "car_lcSpeedGainRight": 3.337, "car_lcSublane": 0.9992, "car_sigma": 0.015, "car_tau_mean": 3.3075, "car_tau_std": 5.4759, "car_v_mean": 16.7093, "car_v_std": 14.455}, "datetime": {"datetime": "2024-09-05 16:52:08", "elapsed": 21783.900778, "delta": 23.010143}}
{"target": -0.19735176556114975, "params": {"bus_acc": 3.1671, "bus_dcc": 2.317, "bus_lcAssertive": 8.5666, "bus_lcCooperative": 0.2809, "bus_lcLookaheadLeft": 47.8629, "bus_lcPushy": 0.6081, "bus_lcSigma": 0.914, "bus_lcSpeedGainRight": 2.8156, "bus_lcSublane": 0.6739, "bus_sigma": 0.4831, "bus_tau_mean": 2.3618, "bus_tau_std": 5.2331, "bus_v_mean": 18.9561, "bus_v_std": 13.511, "car_acc": 1.1998, "car_dcc": 1.568, "car_lcAssertive": 19.5504, "car_lcCooperative": 0.8756, "car_lcLookaheadLeft": 54.92, "car_lcPushy": 0.4032, "car_lcSigma": 0.9, "car_lcSpeedGainRight": 1.9405, "car_lcSublane": 0.7237, "car_sigma": 0.9778, "car_tau_mean": 1.1493, "car_tau_std": 8.6711, "car_v_mean": 12.4106, "car_v_std": 14.6054}, "datetime": {"datetime": "2024-09-05 16:52:56", "elapsed": 21831.578833, "delta": 47.678055}}
{"target": -0.18698666256124705, "params": {"bus_acc": 3.6153, "bus_dcc": 3.3749, "bus_lcAssertive": 42.0758, "bus_lcCooperative": 0.5625, "bus_lcLookaheadLeft": 36.3217, "bus_lcPushy": 0.6234, "bus_lcSigma": 0.2437, "bus_lcSpeedGainRight": 0.4092, "bus_lcSublane": 0.0474, "bus_sigma": 0.8879, "bus_tau_mean": 2.1365, "bus_tau_std": 7.9757, "bus_v_mean": 12.2023, "bus_v_std": 9.4132, "car_acc": 3.5857, "car_dcc": 0.785, "car_lcAssertive": 12.5045, "car_lcCooperative": 0.9946, "car_lcLookaheadLeft": 39.7832, "car_lcPushy": 0.138, "car_lcSigma": 0.3902, "car_lcSpeedGainRight": 2.1847, "car_lcSublane": 0.5682, "car_sigma": 0.5819, "car_tau_mean": 0.9957, "car_tau_std": 5.3657, "car_v_mean": 11.4555, "car_v_std": 19.5525}, "datetime": {"datetime": "2024-09-05 16:53:18", "elapsed": 21854.073773, "delta": 22.49494}}
{"target": -0.19173942383190298, "params": {"bus_acc": 0.3093, "bus_dcc": 1.803, "bus_lcAssertive": 57.0184, "bus_lcCooperative": 0.857, "bus_lcLookaheadLeft": 75.465, "bus_lcPushy": 0.7241, "bus_lcSigma": 0.146, "bus_lcSpeedGainRight": 2.449, "bus_lcSublane": 0.3687, "bus_sigma": 0.1829, "bus_tau_mean": 0.85, "bus_tau_std": 2.18, "bus_v_mean": 11.2239, "bus_v_std": 6.2655, "car_acc": 2.9999, "car_dcc": 0.7046, "car_lcAssertive": 91.0244, "car_lcCooperative": 0.5376, "car_lcLookaheadLeft": 69.9988, "car_lcPushy": 0.5672, "car_lcSigma": 0.7044, "car_lcSpeedGainRight": 3.9392, "car_lcSublane": 0.4285, "car_sigma": 0.8159, "car_tau_mean": 0.6277, "car_tau_std": 9.0334, "car_v_mean": 25.3217, "car_v_std": 5.8737}, "datetime": {"datetime": "2024-09-05 16:53:37", "elapsed": 21872.496406, "delta": 18.422633}}
{"target": -0.20858435747365034, "params": {"bus_acc": 2.6767, "bus_dcc": 1.859, "bus_lcAssertive": 5.9775, "bus_lcCooperative": 0.1989, "bus_lcLookaheadLeft": 11.771, "bus_lcPushy": 0.954, "bus_lcSigma": 0.5196, "bus_lcSpeedGainRight": 1.3, "bus_lcSublane": 0.2577, "bus_sigma": 0.6627, "bus_tau_mean": 3.3298, "bus_tau_std": 0.5869, "bus_v_mean": 14.5773, "bus_v_std": 19.4939, "car_acc": 2.0723, "car_dcc": 1.4107, "car_lcAssertive": 83.0834, "car_lcCooperative": 0.0388, "car_lcLookaheadLeft": 73.4504, "car_lcPushy": 0.0287, "car_lcSigma": 0.5291, "car_lcSpeedGainRight": 3.882, "car_lcSublane": 0.7266, "car_sigma": 0.1906, "car_tau_mean": 0.585, "car_tau_std": 2.5927, "car_v_mean": 16.9959, "car_v_std": 9.9374}, "datetime": {"datetime": "2024-09-05 16:53:58", "elapsed": 21894.19878, "delta": 21.702374}}
{"target": -0.20134256362856007, "params": {"bus_acc": 0.7694, "bus_dcc": 3.5374, "bus_lcAssertive": 83.5366, "bus_lcCooperative": 0.0975, "bus_lcLookaheadLeft": 68.6577, "bus_lcPushy": 0.2864, "bus_lcSigma": 0.5554, "bus_lcSpeedGainRight": 4.9759, "bus_lcSublane": 0.1967, "bus_sigma": 0.7101, "bus_tau_mean": 2.4728, "bus_tau_std": 1.3314, "bus_v_mean": 8.9479, "bus_v_std": 11.1588, "car_acc": 1.0417, "car_dcc": 2.5372, "car_lcAssertive": 82.8162, "car_lcCooperative": 0.6013, "car_lcLookaheadLeft": 3.4645, "car_lcPushy": 0.9873, "car_lcSigma": 0.6568, "car_lcSpeedGainRight": 1.0536, "car_lcSublane": 0.5855, "car_sigma": 0.4642, "car_tau_mean": 3.3081, "car_tau_std": 3.3204, "car_v_mean": 22.4136, "car_v_std": 11.2326}, "datetime": {"datetime": "2024-09-05 16:54:46", "elapsed": 21942.267093, "delta": 48.068313}}
{"target": -0.20705152800731122, "params": {"bus_acc": 2.2587, "bus_dcc": 2.4045, "bus_lcAssertive": 56.0496, "bus_lcCooperative": 0.129, "bus_lcLookaheadLeft": 83.6324, "bus_lcPushy": 0.5115, "bus_lcSigma": 0.5504, "bus_lcSpeedGainRight": 3.2175, "bus_lcSublane": 0.6296, "bus_sigma": 0.9244, "bus_tau_mean": 1.6114, "bus_tau_std": 6.0155, "bus_v_mean": 17.4112, "bus_v_std": 18.8697, "car_acc": 0.3445, "car_dcc": 1.0713, "car_lcAssertive": 26.954, "car_lcCooperative": 0.2857, "car_lcLookaheadLeft": 27.3533, "car_lcPushy": 0.2307, "car_lcSigma": 0.2561, "car_lcSpeedGainRight": 0.1621, "car_lcSublane": 0.1691, "car_sigma": 0.2703, "car_tau_mean": 0.7337, "car_tau_std": 3.7763, "car_v_mean": 14.6275, "car_v_std": 13.4214}, "datetime": {"datetime": "2024-09-05 16:55:05", "elapsed": 21960.894784, "delta": 18.627691}}
{"target": -0.8398864945581727, "params": {"bus_acc": 0.6891, "bus_dcc": 1.6591, "bus_lcAssertive": 92.7912, "bus_lcCooperative": 0.0836, "bus_lcLookaheadLeft": 14.9232, "bus_lcPushy": 0.2473, "bus_lcSigma": 0.6763, "bus_lcSpeedGainRight": 3.1873, "bus_lcSublane": 0.3861, "bus_sigma": 0.4656, "bus_tau_mean": 2.848, "bus_tau_std": 3.3239, "bus_v_mean": 25.3512, "bus_v_std": 18.6178, "car_acc": 0.4066, "car_dcc": 0.2162, "car_lcAssertive": 45.6736, "car_lcCooperative": 0.1949, "car_lcLookaheadLeft": 56.0573, "car_lcPushy": 0.0227, "car_lcSigma": 0.0151, "car_lcSpeedGainRight": 2.3866, "car_lcSublane": 0.5712, "car_sigma": 0.5137, "car_tau_mean": 1.4879, "car_tau_std": 8.4246, "car_v_mean": 18.7074, "car_v_std": 4.2578}, "datetime": {"datetime": "2024-09-05 16:55:29", "elapsed": 21984.840187, "delta": 23.945403}}
{"target": -0.1673824543257073, "params": {"bus_acc": 1.773, "bus_dcc": 3.8194, "bus_lcAssertive": 62.6707, "bus_lcCooperative": 0.5556, "bus_lcLookaheadLeft": 42.7967, "bus_lcPushy": 0.0243, "bus_lcSigma": 0.7571, "bus_lcSpeedGainRight": 1.8034, "bus_lcSublane": 0.0523, "bus_sigma": 0.6202, "bus_tau_mean": 3.4316, "bus_tau_std": 1.5423, "bus_v_mean": 13.9788, "bus_v_std": 4.5456, "car_acc": 3.4573, "car_dcc": 3.5837, "car_lcAssertive": 43.7709, "car_lcCooperative": 0.2715, "car_lcLookaheadLeft": 58.1549, "car_lcPushy": 0.1032, "car_lcSigma": 0.2163, "car_lcSpeedGainRight": 3.2173, "car_lcSublane": 0.5397, "car_sigma": 0.5533, "car_tau_mean": 2.918, "car_tau_std": 9.844, "car_v_mean": 17.8091, "car_v_std": 13.4539}, "datetime": {"datetime": "2024-09-05 16:55:51", "elapsed": 22007.148834, "delta": 22.308647}}
{"target": -0.1887923976157119, "params": {"bus_acc": 2.9668, "bus_dcc": 3.8103, "bus_lcAssertive": 34.6648, "bus_lcCooperative": 0.0984, "bus_lcLookaheadLeft": 31.989, "bus_lcPushy": 0.0797, "bus_lcSigma": 0.6607, "bus_lcSpeedGainRight": 1.7753, "bus_lcSublane": 0.7578, "bus_sigma": 0.2688, "bus_tau_mean": 3.57, "bus_tau_std": 2.8381, "bus_v_mean": 13.7851, "bus_v_std": 8.4945, "car_acc": 3.5335, "car_dcc": 3.0314, "car_lcAssertive": 66.1158, "car_lcCooperative": 0.6869, "car_lcLookaheadLeft": 72.9903, "car_lcPushy": 0.9076, "car_lcSigma": 0.2485, "car_lcSpeedGainRight": 1.4302, "car_lcSublane": 0.5002, "car_sigma": 0.0739, "car_tau_mean": 3.0779, "car_tau_std": 7.7256, "car_v_mean": 22.2226, "car_v_std": 10.6775}, "datetime": {"datetime": "2024-09-05 16:56:08", "elapsed": 22024.364045, "delta": 17.215211}}
{"target": -0.19028884510788788, "params": {"bus_acc": 2.6066, "bus_dcc": 0.8206, "bus_lcAssertive": 28.7485, "bus_lcCooperative": 0.5267, "bus_lcLookaheadLeft": 60.2485, "bus_lcPushy": 0.1131, "bus_lcSigma": 0.9876, "bus_lcSpeedGainRight": 1.3344, "bus_lcSublane": 0.7941, "bus_sigma": 0.1321, "bus_tau_mean": 1.7528, "bus_tau_std": 7.4034, "bus_v_mean": 12.2773, "bus_v_std": 11.5261, "car_acc": 2.9156, "car_dcc": 3.1281, "car_lcAssertive": 77.6962, "car_lcCooperative": 0.0972, "car_lcLookaheadLeft": 83.8531, "car_lcPushy": 0.1268, "car_lcSigma": 0.2505, "car_lcSpeedGainRight": 4.1833, "car_lcSublane": 0.3162, "car_sigma": 0.7373, "car_tau_mean": 3.2971, "car_tau_std": 6.9228, "car_v_mean": 18.3134, "car_v_std": 4.6419}, "datetime": {"datetime": "2024-09-05 16:56:30", "elapsed": 22045.583375, "delta": 21.21933}}
{"target": -0.19534352700218802, "params": {"bus_acc": 1.8312, "bus_dcc": 0.7943, "bus_lcAssertive": 94.2917, "bus_lcCooperative": 0.6401, "bus_lcLookaheadLeft": 51.0819, "bus_lcPushy": 0.6997, "bus_lcSigma": 0.8053, "bus_lcSpeedGainRight": 2.3156, "bus_lcSublane": 0.7806, "bus_sigma": 0.5751, "bus_tau_mean": 3.1291, "bus_tau_std": 5.5617, "bus_v_mean": 11.9564, "bus_v_std": 17.761, "car_acc": 3.1429, "car_dcc": 2.3899, "car_lcAssertive": 19.6581, "car_lcCooperative": 0.1391, "car_lcLookaheadLeft": 8.4835, "car_lcPushy": 0.4611, "car_lcSigma": 0.1915, "car_lcSpeedGainRight": 3.889, "car_lcSublane": 0.97, "car_sigma": 0.9306, "car_tau_mean": 3.1901, "car_tau_std": 9.1221, "car_v_mean": 14.3989, "car_v_std": 1.608}, "datetime": {"datetime": "2024-09-05 16:56:46", "elapsed": 22061.961378, "delta": 16.378003}}
{"target": -0.19852998328691437, "params": {"bus_acc": 1.012, "bus_dcc": 2.5864, "bus_lcAssertive": 7.0946, "bus_lcCooperative": 0.9157, "bus_lcLookaheadLeft": 3.9843, "bus_lcPushy": 0.5858, "bus_lcSigma": 0.8059, "bus_lcSpeedGainRight": 0.456, "bus_lcSublane": 0.9324, "bus_sigma": 0.4725, "bus_tau_mean": 1.756, "bus_tau_std": 6.69, "bus_v_mean": 22.2204, "bus_v_std": 4.67, "car_acc": 2.0094, "car_dcc": 0.8633, "car_lcAssertive": 62.8449, "car_lcCooperative": 0.0056, "car_lcLookaheadLeft": 92.1328, "car_lcPushy": 0.9344, "car_lcSigma": 0.9662, "car_lcSpeedGainRight": 4.1167, "car_lcSublane": 0.7647, "car_sigma": 0.7548, "car_tau_mean": 1.2363, "car_tau_std": 3.7711, "car_v_mean": 23.701, "car_v_std": 0.7262}, "datetime": {"datetime": "2024-09-05 16:57:08", "elapsed": 22084.172611, "delta": 22.211233}}
