{"target": -0.18237435393507442, "params": {"bus_acc": 0.8857, "bus_dcc": 2.082, "bus_lcAssertive": 69.7278, "bus_lcCooperative": 0.9703, "bus_lcLookaheadLeft": 20.5975, "bus_lcPushy": 0.4163, "bus_lcSigma": 0.5782, "bus_lcSpeedGainRight": 2.1908, "bus_lcSublane": 0.7807, "bus_sigma": 0.2793, "bus_tau_mean": 2.5635, "bus_tau_std": 4.6426, "bus_v_mean": 21.278, "bus_v_std": 19.1071, "car_acc": 2.8365, "car_dcc": 1.8235, "car_lcAssertive": 1.9904, "car_lcCooperative": 0.3091, "car_lcLookaheadLeft": 54.4871, "car_lcPushy": 0.8293, "car_lcSigma": 0.369, "car_lcSpeedGainRight": 2.5107, "car_lcSublane": 0.5251, "car_sigma": 0.0343, "car_tau_mean": 3.4748, "car_tau_std": 1.7078, "car_v_mean": 22.4605, "car_v_std": 1.2429}, "datetime": {"datetime": "2024-09-05 13:18:42", "elapsed": 8977.690448, "delta": 11.459151}}
{"target": -0.6577922949592966, "params": {"bus_acc": 1.4642, "bus_dcc": 3.1007, "bus_lcAssertive": 58.1679, "bus_lcCooperative": 0.8265, "bus_lcLookaheadLeft": 36.0188, "bus_lcPushy": 0.8295, "bus_lcSigma": 0.5382, "bus_lcSpeedGainRight": 4.073, "bus_lcSublane": 0.8486, "bus_sigma": 0.059, "bus_tau_mean": 3.8653, "bus_tau_std": 9.2127, "bus_v_mean": 12.5838, "bus_v_std": 13.1621, "car_acc": 2.1323, "car_dcc": 0.2977, "car_lcAssertive": 59.9602, "car_lcCooperative": 0.2146, "car_lcLookaheadLeft": 68.9392, "car_lcPushy": 0.3622, "car_lcSigma": 0.9275, "car_lcSpeedGainRight": 2.3804, "car_lcSublane": 0.4807, "car_sigma": 0.0703, "car_tau_mean": 2.9921, "car_tau_std": 5.647, "car_v_mean": 18.1976, "car_v_std": 9.4543}, "datetime": {"datetime": "2024-09-05 13:18:54", "elapsed": 8989.545132, "delta": 11.854684}}
{"target": -0.20342349343014446, "params": {"bus_acc": 2.6176, "bus_dcc": 0.3259, "bus_lcAssertive": 53.9914, "bus_lcCooperative": 0.2695, "bus_lcLookaheadLeft": 11.878, "bus_lcPushy": 0.5247, "bus_lcSigma": 0.3979, "bus_lcSpeedGainRight": 3.8444, "bus_lcSublane": 0.2872, "bus_sigma": 0.0381, "bus_tau_mean": 2.2569, "bus_tau_std": 4.7588, "bus_v_mean": 9.8321, "bus_v_std": 0.5438, "car_acc": 1.86, "car_dcc": 2.6328, "car_lcAssertive": 54.3564, "car_lcCooperative": 0.1001, "car_lcLookaheadLeft": 75.3933, "car_lcPushy": 0.7772, "car_lcSigma": 0.0306, "car_lcSpeedGainRight": 0.7623, "car_lcSublane": 0.6324, "car_sigma": 0.2591, "car_tau_mean": 2.1205, "car_tau_std": 3.5764, "car_v_mean": 13.1871, "car_v_std": 6.0286}, "datetime": {"datetime": "2024-09-05 13:19:07", "elapsed": 9002.692464, "delta": 13.147332}}
{"target": -0.20022036578059652, "params": {"bus_acc": 1.7945, "bus_dcc": 2.0422, "bus_lcAssertive": 29.6927, "bus_lcCooperative": 0.8989, "bus_lcLookaheadLeft": 84.2667, "bus_lcPushy": 0.907, "bus_lcSigma": 0.3236, "bus_lcSpeedGainRight": 4.5269, "bus_lcSublane": 0.43, "bus_sigma": 0.0376, "bus_tau_mean": 2.8662, "bus_tau_std": 3.8658, "bus_v_mean": 8.41, "bus_v_std": 1.1129, "car_acc": 3.1254, "car_dcc": 3.1459, "car_lcAssertive": 82.9434, "car_lcCooperative": 0.9853, "car_lcLookaheadLeft": 73.3041, "car_lcPushy": 0.1506, "car_lcSigma": 0.7873, "car_lcSpeedGainRight": 2.6942, "car_lcSublane": 0.4386, "car_sigma": 0.2625, "car_tau_mean": 2.7342, "car_tau_std": 6.5305, "car_v_mean": 14.6508, "car_v_std": 5.4206}, "datetime": {"datetime": "2024-09-05 13:19:18", "elapsed": 9014.178117, "delta": 11.485653}}
{"target": -0.8485247290158381, "params": {"bus_acc": 1.4509, "bus_dcc": 0.3957, "bus_lcAssertive": 96.3453, "bus_lcCooperative": 0.197, "bus_lcLookaheadLeft": 38.1828, "bus_lcPushy": 0.9347, "bus_lcSigma": 0.0619, "bus_lcSpeedGainRight": 4.8996, "bus_lcSublane": 0.7059, "bus_sigma": 0.0838, "bus_tau_mean": 1.8373, "bus_tau_std": 0.2924, "bus_v_mean": 24.8997, "bus_v_std": 9.403, "car_acc": 2.564, "car_dcc": 0.5459, "car_lcAssertive": 50.5593, "car_lcCooperative": 0.5919, "car_lcLookaheadLeft": 84.421, "car_lcPushy": 0.6514, "car_lcSigma": 0.8402, "car_lcSpeedGainRight": 1.8435, "car_lcSublane": 0.0908, "car_sigma": 0.4589, "car_tau_mean": 0.6286, "car_tau_std": 3.3916, "car_v_mean": 22.205, "car_v_std": 12.3338}, "datetime": {"datetime": "2024-09-05 13:19:26", "elapsed": 9022.173913, "delta": 7.995796}}
{"target": -0.329262783898401, "params": {"bus_acc": 2.0076, "bus_dcc": 0.8903, "bus_lcAssertive": 71.3241, "bus_lcCooperative": 0.6103, "bus_lcLookaheadLeft": 40.1927, "bus_lcPushy": 0.6409, "bus_lcSigma": 0.0056, "bus_lcSpeedGainRight": 2.0223, "bus_lcSublane": 0.8973, "bus_sigma": 0.69, "bus_tau_mean": 3.2489, "bus_tau_std": 9.0409, "bus_v_mean": 9.9336, "bus_v_std": 7.6835, "car_acc": 0.2524, "car_dcc": 3.907, "car_lcAssertive": 99.3751, "car_lcCooperative": 0.2555, "car_lcLookaheadLeft": 67.7301, "car_lcPushy": 0.7445, "car_lcSigma": 0.0976, "car_lcSpeedGainRight": 0.7923, "car_lcSublane": 0.938, "car_sigma": 0.0297, "car_tau_mean": 1.6963, "car_tau_std": 3.2557, "car_v_mean": 23.2694, "car_v_std": 15.2473}, "datetime": {"datetime": "2024-09-05 13:19:35", "elapsed": 9031.364619, "delta": 9.190706}}
{"target": -0.1916469433162823, "params": {"bus_acc": 3.8361, "bus_dcc": 1.7484, "bus_lcAssertive": 76.9145, "bus_lcCooperative": 0.5195, "bus_lcLookaheadLeft": 96.1898, "bus_lcPushy": 0.7253, "bus_lcSigma": 0.5387, "bus_lcSpeedGainRight": 4.7821, "bus_lcSublane": 0.5553, "bus_sigma": 0.809, "bus_tau_mean": 3.1629, "bus_tau_std": 6.5228, "bus_v_mean": 17.4806, "bus_v_std": 4.2062, "car_acc": 1.1273, "car_dcc": 2.3684, "car_lcAssertive": 89.9068, "car_lcCooperative": 0.0143, "car_lcLookaheadLeft": 61.5852, "car_lcPushy": 0.9428, "car_lcSigma": 0.6849, "car_lcSpeedGainRight": 4.9272, "car_lcSublane": 0.4463, "car_sigma": 0.1008, "car_tau_mean": 2.2058, "car_tau_std": 8.9416, "car_v_mean": 18.5775, "car_v_std": 16.0474}, "datetime": {"datetime": "2024-09-05 13:19:45", "elapsed": 9040.654694, "delta": 9.290075}}
{"target": -0.19735055347664868, "params": {"bus_acc": 3.8027, "bus_dcc": 1.2399, "bus_lcAssertive": 85.5741, "bus_lcCooperative": 0.9257, "bus_lcLookaheadLeft": 25.5149, "bus_lcPushy": 0.233, "bus_lcSigma": 0.6623, "bus_lcSpeedGainRight": 2.7523, "bus_lcSublane": 0.3056, "bus_sigma": 0.108, "bus_tau_mean": 2.9778, "bus_tau_std": 6.7822, "bus_v_mean": 16.2311, "bus_v_std": 5.5615, "car_acc": 1.9168, "car_dcc": 1.5643, "car_lcAssertive": 49.0984, "car_lcCooperative": 0.481, "car_lcLookaheadLeft": 25.7569, "car_lcPushy": 0.2595, "car_lcSigma": 0.5642, "car_lcSpeedGainRight": 0.4685, "car_lcSublane": 0.9699, "car_sigma": 0.1795, "car_tau_mean": 3.5934, "car_tau_std": 4.5878, "car_v_mean": 19.5634, "car_v_std": 0.8338}, "datetime": {"datetime": "2024-09-05 13:19:56", "elapsed": 9052.229637, "delta": 11.574943}}
{"target": -0.1773163592316902, "params": {"bus_acc": 2.8043, "bus_dcc": 0.2842, "bus_lcAssertive": 94.7382, "bus_lcCooperative": 0.6315, "bus_lcLookaheadLeft": 46.6975, "bus_lcPushy": 0.4938, "bus_lcSigma": 0.5639, "bus_lcSpeedGainRight": 4.5114, "bus_lcSublane": 0.2663, "bus_sigma": 0.9655, "bus_tau_mean": 2.4159, "bus_tau_std": 9.5384, "bus_v_mean": 18.1901, "bus_v_std": 13.567, "car_acc": 2.2759, "car_dcc": 3.731, "car_lcAssertive": 13.4599, "car_lcCooperative": 0.4797, "car_lcLookaheadLeft": 10.9139, "car_lcPushy": 0.9314, "car_lcSigma": 0.932, "car_lcSpeedGainRight": 3.6577, "car_lcSublane": 0.9308, "car_sigma": 0.927, "car_tau_mean": 2.2808, "car_tau_std": 1.9259, "car_v_mean": 23.0103, "car_v_std": 1.9643}, "datetime": {"datetime": "2024-09-05 13:20:18", "elapsed": 9073.605401, "delta": 21.375764}}
{"target": -0.18343207341429976, "params": {"bus_acc": 3.5128, "bus_dcc": 0.8937, "bus_lcAssertive": 13.9938, "bus_lcCooperative": 0.8535, "bus_lcLookaheadLeft": 48.8266, "bus_lcPushy": 0.9813, "bus_lcSigma": 0.9467, "bus_lcSpeedGainRight": 2.8432, "bus_lcSublane": 0.2073, "bus_sigma": 0.5932, "bus_tau_mean": 1.2911, "bus_tau_std": 6.1546, "bus_v_mean": 13.6933, "bus_v_std": 8.4076, "car_acc": 1.7667, "car_dcc": 2.0425, "car_lcAssertive": 38.3893, "car_lcCooperative": 0.2629, "car_lcLookaheadLeft": 18.1435, "car_lcPushy": 0.48, "car_lcSigma": 0.348, "car_lcSpeedGainRight": 4.5941, "car_lcSublane": 0.5417, "car_sigma": 0.2047, "car_tau_mean": 0.6197, "car_tau_std": 6.2406, "car_v_mean": 16.5166, "car_v_std": 0.3525}, "datetime": {"datetime": "2024-09-05 13:20:29", "elapsed": 9084.699509, "delta": 11.094108}}
{"target": -0.18861622805482095, "params": {"bus_acc": 2.9044, "bus_dcc": 3.4104, "bus_lcAssertive": 94.1304, "bus_lcCooperative": 0.8389, "bus_lcLookaheadLeft": 55.1099, "bus_lcPushy": 0.9051, "bus_lcSigma": 0.3055, "bus_lcSpeedGainRight": 4.8097, "bus_lcSublane": 0.9164, "bus_sigma": 0.1179, "bus_tau_mean": 0.8543, "bus_tau_std": 2.2666, "bus_v_mean": 18.4895, "bus_v_std": 18.7011, "car_acc": 3.6656, "car_dcc": 1.7208, "car_lcAssertive": 87.9975, "car_lcCooperative": 0.4033, "car_lcLookaheadLeft": 66.7115, "car_lcPushy": 0.1771, "car_lcSigma": 0.959, "car_lcSpeedGainRight": 2.8525, "car_lcSublane": 0.373, "car_sigma": 0.4076, "car_tau_mean": 0.7677, "car_tau_std": 9.5166, "car_v_mean": 17.0075, "car_v_std": 5.4432}, "datetime": {"datetime": "2024-09-05 13:20:54", "elapsed": 9109.574583, "delta": 24.875074}}
{"target": -0.18701436153215154, "params": {"bus_acc": 1.0411, "bus_dcc": 0.7176, "bus_lcAssertive": 19.3048, "bus_lcCooperative": 0.2131, "bus_lcLookaheadLeft": 98.0999, "bus_lcPushy": 0.5132, "bus_lcSigma": 0.8363, "bus_lcSpeedGainRight": 1.7369, "bus_lcSublane": 0.9497, "bus_sigma": 0.7434, "bus_tau_mean": 1.721, "bus_tau_std": 4.0549, "bus_v_mean": 13.816, "bus_v_std": 0.5645, "car_acc": 1.8663, "car_dcc": 3.3802, "car_lcAssertive": 80.8217, "car_lcCooperative": 0.3933, "car_lcLookaheadLeft": 14.6159, "car_lcPushy": 0.887, "car_lcSigma": 0.2432, "car_lcSpeedGainRight": 3.8022, "car_lcSublane": 0.6765, "car_sigma": 0.2765, "car_tau_mean": 1.175, "car_tau_std": 2.1933, "car_v_mean": 22.0916, "car_v_std": 4.3686}, "datetime": {"datetime": "2024-09-05 13:21:08", "elapsed": 9123.764205, "delta": 14.189622}}
{"target": -0.17803635138984475, "params": {"bus_acc": 1.0876, "bus_dcc": 1.6668, "bus_lcAssertive": 45.5151, "bus_lcCooperative": 0.2499, "bus_lcLookaheadLeft": 88.2148, "bus_lcPushy": 0.6133, "bus_lcSigma": 0.1007, "bus_lcSpeedGainRight": 2.2131, "bus_lcSublane": 0.5533, "bus_sigma": 0.21, "bus_tau_mean": 3.7724, "bus_tau_std": 0.4043, "bus_v_mean": 22.8373, "bus_v_std": 9.4686, "car_acc": 3.0436, "car_dcc": 3.5745, "car_lcAssertive": 51.0685, "car_lcCooperative": 0.123, "car_lcLookaheadLeft": 77.606, "car_lcPushy": 0.8149, "car_lcSigma": 0.4701, "car_lcSpeedGainRight": 3.3063, "car_lcSublane": 0.5035, "car_sigma": 0.725, "car_tau_mean": 0.6736, "car_tau_std": 7.6779, "car_v_mean": 22.6287, "car_v_std": 13.9965}, "datetime": {"datetime": "2024-09-05 13:21:24", "elapsed": 9140.023535, "delta": 16.25933}}
{"target": -0.5101742521547344, "params": {"bus_acc": 2.652, "bus_dcc": 1.6289, "bus_lcAssertive": 96.3332, "bus_lcCooperative": 0.5735, "bus_lcLookaheadLeft": 42.2243, "bus_lcPushy": 0.5094, "bus_lcSigma": 0.4919, "bus_lcSpeedGainRight": 3.4699, "bus_lcSublane": 0.8926, "bus_sigma": 0.8229, "bus_tau_mean": 2.4619, "bus_tau_std": 3.9111, "bus_v_mean": 25.4083, "bus_v_std": 13.7685, "car_acc": 3.1101, "car_dcc": 0.2148, "car_lcAssertive": 91.9409, "car_lcCooperative": 0.5168, "car_lcLookaheadLeft": 39.5649, "car_lcPushy": 0.4453, "car_lcSigma": 0.212, "car_lcSpeedGainRight": 2.771, "car_lcSublane": 0.7449, "car_sigma": 0.1058, "car_tau_mean": 2.8729, "car_tau_std": 0.0911, "car_v_mean": 19.8558, "car_v_std": 19.9628}, "datetime": {"datetime": "2024-09-05 13:21:41", "elapsed": 9157.257755, "delta": 17.23422}}
{"target": -0.1843962318080614, "params": {"bus_acc": 2.3355, "bus_dcc": 3.1, "bus_lcAssertive": 98.4304, "bus_lcCooperative": 0.0308, "bus_lcLookaheadLeft": 38.1809, "bus_lcPushy": 0.9801, "bus_lcSigma": 0.409, "bus_lcSpeedGainRight": 4.1187, "bus_lcSublane": 0.2829, "bus_sigma": 0.5465, "bus_tau_mean": 3.6565, "bus_tau_std": 3.7592, "bus_v_mean": 22.2484, "bus_v_std": 4.7891, "car_acc": 1.6944, "car_dcc": 3.0886, "car_lcAssertive": 15.2632, "car_lcCooperative": 0.2685, "car_lcLookaheadLeft": 8.3047, "car_lcPushy": 0.4404, "car_lcSigma": 0.5348, "car_lcSpeedGainRight": 3.4317, "car_lcSublane": 0.8944, "car_sigma": 0.2701, "car_tau_mean": 3.2462, "car_tau_std": 4.3169, "car_v_mean": 25.0211, "car_v_std": 4.8216}, "datetime": {"datetime": "2024-09-05 13:21:58", "elapsed": 9174.329996, "delta": 17.072241}}
{"target": -0.2047325523404502, "params": {"bus_acc": 2.4612, "bus_dcc": 1.0261, "bus_lcAssertive": 40.8336, "bus_lcCooperative": 0.4092, "bus_lcLookaheadLeft": 92.6971, "bus_lcPushy": 0.7734, "bus_lcSigma": 0.458, "bus_lcSpeedGainRight": 2.7897, "bus_lcSublane": 0.5174, "bus_sigma": 0.1638, "bus_tau_mean": 1.9481, "bus_tau_std": 8.3513, "bus_v_mean": 17.3713, "bus_v_std": 12.3948, "car_acc": 2.6855, "car_dcc": 3.8972, "car_lcAssertive": 28.872, "car_lcCooperative": 0.2566, "car_lcLookaheadLeft": 79.2245, "car_lcPushy": 0.8009, "car_lcSigma": 0.9915, "car_lcSpeedGainRight": 2.7942, "car_lcSublane": 0.2745, "car_sigma": 0.0395, "car_tau_mean": 1.5429, "car_tau_std": 0.1091, "car_v_mean": 13.3735, "car_v_std": 4.3456}, "datetime": {"datetime": "2024-09-05 13:22:11", "elapsed": 9187.141742, "delta": 12.811746}}
{"target": -0.19466732994074928, "params": {"bus_acc": 2.9765, "bus_dcc": 1.7424, "bus_lcAssertive": 63.3981, "bus_lcCooperative": 0.9796, "bus_lcLookaheadLeft": 10.5181, "bus_lcPushy": 0.7649, "bus_lcSigma": 0.5868, "bus_lcSpeedGainRight": 3.7999, "bus_lcSublane": 0.8569, "bus_sigma": 0.0363, "bus_tau_mean": 0.8071, "bus_tau_std": 2.0624, "bus_v_mean": 24.8081, "bus_v_std": 5.6553, "car_acc": 1.6942, "car_dcc": 2.2474, "car_lcAssertive": 39.0621, "car_lcCooperative": 0.2653, "car_lcLookaheadLeft": 78.7744, "car_lcPushy": 0.5877, "car_lcSigma": 0.1243, "car_lcSpeedGainRight": 2.7675, "car_lcSublane": 0.6952, "car_sigma": 0.0432, "car_tau_mean": 3.9795, "car_tau_std": 7.3544, "car_v_mean": 25.4105, "car_v_std": 6.1945}, "datetime": {"datetime": "2024-09-05 13:22:20", "elapsed": 9195.758709, "delta": 8.616967}}
{"target": -0.1783483080358367, "params": {"bus_acc": 0.5572, "bus_dcc": 2.6162, "bus_lcAssertive": 61.351, "bus_lcCooperative": 0.4917, "bus_lcLookaheadLeft": 54.3254, "bus_lcPushy": 0.9307, "bus_lcSigma": 0.165, "bus_lcSpeedGainRight": 3.5118, "bus_lcSublane": 0.4369, "bus_sigma": 0.9359, "bus_tau_mean": 2.2583, "bus_tau_std": 5.9524, "bus_v_mean": 15.9355, "bus_v_std": 0.7172, "car_acc": 3.8915, "car_dcc": 2.9894, "car_lcAssertive": 24.0137, "car_lcCooperative": 0.4488, "car_lcLookaheadLeft": 64.2175, "car_lcPushy": 0.459, "car_lcSigma": 0.7042, "car_lcSpeedGainRight": 4.7602, "car_lcSublane": 0.605, "car_sigma": 0.3354, "car_tau_mean": 3.9179, "car_tau_std": 8.3057, "car_v_mean": 13.9343, "car_v_std": 5.9356}, "datetime": {"datetime": "2024-09-05 13:22:32", "elapsed": 9208.167874, "delta": 12.409165}}
{"target": -0.19396569888005114, "params": {"bus_acc": 2.2091, "bus_dcc": 3.0213, "bus_lcAssertive": 16.1336, "bus_lcCooperative": 0.0261, "bus_lcLookaheadLeft": 64.2379, "bus_lcPushy": 0.1791, "bus_lcSigma": 0.7074, "bus_lcSpeedGainRight": 4.9962, "bus_lcSublane": 0.1896, "bus_sigma": 0.6915, "bus_tau_mean": 1.6556, "bus_tau_std": 5.1264, "bus_v_mean": 8.5532, "bus_v_std": 3.1185, "car_acc": 3.1256, "car_dcc": 0.4677, "car_lcAssertive": 13.5999, "car_lcCooperative": 0.5833, "car_lcLookaheadLeft": 34.8958, "car_lcPushy": 0.3034, "car_lcSigma": 0.8664, "car_lcSpeedGainRight": 0.4746, "car_lcSublane": 0.4119, "car_sigma": 0.6701, "car_tau_mean": 3.9633, "car_tau_std": 1.912, "car_v_mean": 15.0386, "car_v_std": 3.6022}, "datetime": {"datetime": "2024-09-05 13:22:48", "elapsed": 9223.600129, "delta": 15.432255}}
{"target": -0.19519335656996795, "params": {"bus_acc": 3.4294, "bus_dcc": 2.9323, "bus_lcAssertive": 52.9846, "bus_lcCooperative": 0.5424, "bus_lcLookaheadLeft": 94.0807, "bus_lcPushy": 0.461, "bus_lcSigma": 0.525, "bus_lcSpeedGainRight": 4.916, "bus_lcSublane": 0.8141, "bus_sigma": 0.0696, "bus_tau_mean": 3.8896, "bus_tau_std": 0.9562, "bus_v_mean": 25.9589, "bus_v_std": 4.6563, "car_acc": 3.9246, "car_dcc": 2.8474, "car_lcAssertive": 61.2705, "car_lcCooperative": 0.2984, "car_lcLookaheadLeft": 95.3372, "car_lcPushy": 0.7943, "car_lcSigma": 0.6622, "car_lcSpeedGainRight": 0.2268, "car_lcSublane": 0.5903, "car_sigma": 0.0722, "car_tau_mean": 0.896, "car_tau_std": 5.8563, "car_v_mean": 13.4102, "car_v_std": 18.5943}, "datetime": {"datetime": "2024-09-05 13:22:59", "elapsed": 9235.044941, "delta": 11.444812}}
{"target": -0.18729526136206331, "params": {"bus_acc": 3.5351, "bus_dcc": 3.595, "bus_lcAssertive": 50.3826, "bus_lcCooperative": 0.3457, "bus_lcLookaheadLeft": 21.8768, "bus_lcPushy": 0.9687, "bus_lcSigma": 0.0015, "bus_lcSpeedGainRight": 4.0862, "bus_lcSublane": 0.815, "bus_sigma": 0.138, "bus_tau_mean": 1.5884, "bus_tau_std": 5.4875, "bus_v_mean": 20.7231, "bus_v_std": 7.961, "car_acc": 0.8093, "car_dcc": 1.1681, "car_lcAssertive": 36.9773, "car_lcCooperative": 0.7975, "car_lcLookaheadLeft": 5.4275, "car_lcPushy": 0.1426, "car_lcSigma": 0.8467, "car_lcSpeedGainRight": 4.6722, "car_lcSublane": 0.6188, "car_sigma": 0.0633, "car_tau_mean": 2.8027, "car_tau_std": 2.8884, "car_v_mean": 15.3677, "car_v_std": 6.2484}, "datetime": {"datetime": "2024-09-05 13:23:50", "elapsed": 9285.590595, "delta": 50.545654}}
{"target": -0.1877423419644051, "params": {"bus_acc": 3.3718, "bus_dcc": 0.9185, "bus_lcAssertive": 98.742, "bus_lcCooperative": 0.8857, "bus_lcLookaheadLeft": 45.9278, "bus_lcPushy": 0.9967, "bus_lcSigma": 0.5875, "bus_lcSpeedGainRight": 2.5184, "bus_lcSublane": 0.0121, "bus_sigma": 0.6336, "bus_tau_mean": 3.9472, "bus_tau_std": 7.0663, "bus_v_mean": 10.6797, "bus_v_std": 14.4084, "car_acc": 1.1456, "car_dcc": 2.5883, "car_lcAssertive": 62.1777, "car_lcCooperative": 0.7804, "car_lcLookaheadLeft": 71.8822, "car_lcPushy": 0.7011, "car_lcSigma": 0.8274, "car_lcSpeedGainRight": 4.8272, "car_lcSublane": 0.2283, "car_sigma": 0.6691, "car_tau_mean": 3.0795, "car_tau_std": 1.304, "car_v_mean": 24.5537, "car_v_std": 13.4953}, "datetime": {"datetime": "2024-09-05 13:23:58", "elapsed": 9293.876358, "delta": 8.285763}}
{"target": -0.8209180511668966, "params": {"bus_acc": 3.9231, "bus_dcc": 1.4583, "bus_lcAssertive": 66.5884, "bus_lcCooperative": 0.6903, "bus_lcLookaheadLeft": 12.237, "bus_lcPushy": 0.9471, "bus_lcSigma": 0.3491, "bus_lcSpeedGainRight": 2.0691, "bus_lcSublane": 0.123, "bus_sigma": 0.1981, "bus_tau_mean": 2.1809, "bus_tau_std": 8.7828, "bus_v_mean": 12.6614, "bus_v_std": 8.0058, "car_acc": 0.6849, "car_dcc": 2.9878, "car_lcAssertive": 5.2801, "car_lcCooperative": 0.9976, "car_lcLookaheadLeft": 54.3566, "car_lcPushy": 0.1242, "car_lcSigma": 0.9008, "car_lcSpeedGainRight": 1.8186, "car_lcSublane": 0.9736, "car_sigma": 0.427, "car_tau_mean": 1.4429, "car_tau_std": 9.5335, "car_v_mean": 12.7109, "car_v_std": 11.235}, "datetime": {"datetime": "2024-09-05 13:24:08", "elapsed": 9304.204145, "delta": 10.327787}}
{"target": -0.19667469881501956, "params": {"bus_acc": 1.5191, "bus_dcc": 1.2718, "bus_lcAssertive": 9.5876, "bus_lcCooperative": 0.9001, "bus_lcLookaheadLeft": 78.3015, "bus_lcPushy": 0.134, "bus_lcSigma": 0.7521, "bus_lcSpeedGainRight": 3.6008, "bus_lcSublane": 0.9935, "bus_sigma": 0.1597, "bus_tau_mean": 3.8879, "bus_tau_std": 5.4506, "bus_v_mean": 19.1472, "bus_v_std": 16.7103, "car_acc": 1.8831, "car_dcc": 3.7935, "car_lcAssertive": 80.0194, "car_lcCooperative": 0.1, "car_lcLookaheadLeft": 86.617, "car_lcPushy": 0.3324, "car_lcSigma": 0.439, "car_lcSpeedGainRight": 2.8337, "car_lcSublane": 0.5151, "car_sigma": 0.1434, "car_tau_mean": 3.7892, "car_tau_std": 3.5276, "car_v_mean": 14.9493, "car_v_std": 15.6176}, "datetime": {"datetime": "2024-09-05 13:24:34", "elapsed": 9330.33003, "delta": 26.125885}}
{"target": -0.19226821516021209, "params": {"bus_acc": 2.212, "bus_dcc": 0.7843, "bus_lcAssertive": 78.5688, "bus_lcCooperative": 0.5153, "bus_lcLookaheadLeft": 97.9108, "bus_lcPushy": 0.3, "bus_lcSigma": 0.5335, "bus_lcSpeedGainRight": 1.2064, "bus_lcSublane": 0.1972, "bus_sigma": 0.3611, "bus_tau_mean": 1.8687, "bus_tau_std": 4.9536, "bus_v_mean": 18.4995, "bus_v_std": 1.7835, "car_acc": 3.7461, "car_dcc": 2.6557, "car_lcAssertive": 55.7353, "car_lcCooperative": 0.8914, "car_lcLookaheadLeft": 50.836, "car_lcPushy": 0.5472, "car_lcSigma": 0.4681, "car_lcSpeedGainRight": 0.2949, "car_lcSublane": 0.9116, "car_sigma": 0.9313, "car_tau_mean": 3.082, "car_tau_std": 6.3566, "car_v_mean": 21.7719, "car_v_std": 8.2333}, "datetime": {"datetime": "2024-09-05 13:24:50", "elapsed": 9345.795698, "delta": 15.465668}}
{"target": -1.3256201205623495, "params": {"bus_acc": 1.1381, "bus_dcc": 2.731, "bus_lcAssertive": 88.363, "bus_lcCooperative": 0.8781, "bus_lcLookaheadLeft": 51.5202, "bus_lcPushy": 0.1426, "bus_lcSigma": 0.647, "bus_lcSpeedGainRight": 4.1586, "bus_lcSublane": 0.5009, "bus_sigma": 0.3113, "bus_tau_mean": 2.5466, "bus_tau_std": 5.1881, "bus_v_mean": 10.8583, "bus_v_std": 12.3136, "car_acc": 3.5417, "car_dcc": 1.3132, "car_lcAssertive": 94.628, "car_lcCooperative": 0.3454, "car_lcLookaheadLeft": 89.3866, "car_lcPushy": 0.7497, "car_lcSigma": 0.0288, "car_lcSpeedGainRight": 4.4738, "car_lcSublane": 0.0097, "car_sigma": 0.266, "car_tau_mean": 3.1114, "car_tau_std": 2.4446, "car_v_mean": 12.2415, "car_v_std": 6.2622}, "datetime": {"datetime": "2024-09-05 13:24:59", "elapsed": 9355.07267, "delta": 9.276972}}
