{"target": -0.40236749734974236, "params": {"bus_acc": 2.2915, "bus_dcc": 2.3289, "bus_lcAssertive": 62.9913, "bus_lcCooperative": 0.3937, "bus_lcLookaheadLeft": 76.5929, "bus_lcPushy": 0.9882, "bus_lcSigma": 0.5863, "bus_lcSpeedGainRight": 0.6502, "bus_lcSublane": 0.3244, "bus_sigma": 0.4447, "bus_tau_mean": 1.1954, "bus_tau_std": 1.278, "bus_v_mean": 8.4363, "bus_v_std": 11.8834, "car_acc": 2.6958, "car_dcc": 1.7294, "car_lcAssertive": 88.3622, "car_lcCooperative": 0.5064, "car_lcLookaheadLeft": 89.6154, "car_lcPushy": 0.7538, "car_lcSigma": 0.3416, "car_lcSpeedGainRight": 4.7183, "car_lcSublane": 0.7303, "car_sigma": 0.6825, "car_tau_mean": 1.5372, "car_tau_std": 8.7212, "car_v_mean": 24.8416, "car_v_std": 6.2192}, "datetime": {"datetime": "2024-08-11 18:47:18", "elapsed": 3908.938438, "delta": 3.210637}}
{"target": -0.5393171692973483, "params": {"bus_acc": 3.5089, "bus_dcc": 3.6179, "bus_lcAssertive": 7.8387, "bus_lcCooperative": 0.8668, "bus_lcLookaheadLeft": 7.9693, "bus_lcPushy": 0.7471, "bus_lcSigma": 0.3253, "bus_lcSpeedGainRight": 0.321, "bus_lcSublane": 0.4003, "bus_sigma": 0.6797, "bus_tau_mean": 2.3682, "bus_tau_std": 2.3258, "bus_v_mean": 10.051, "bus_v_std": 4.9344, "car_acc": 1.5822, "car_dcc": 0.2126, "car_lcAssertive": 99.3146, "car_lcCooperative": 0.8943, "car_lcLookaheadLeft": 61.5293, "car_lcPushy": 0.1214, "car_lcSigma": 0.899, "car_lcSpeedGainRight": 4.863, "car_lcSublane": 0.3616, "car_sigma": 0.9254, "car_tau_mean": 3.7206, "car_tau_std": 5.5511, "car_v_mean": 14.2033, "car_v_std": 17.5769}, "datetime": {"datetime": "2024-08-11 18:47:21", "elapsed": 3912.215198, "delta": 3.27676}}
{"target": -0.6189492185677266, "params": {"bus_acc": 2.7223, "bus_dcc": 0.359, "bus_lcAssertive": 75.337, "bus_lcCooperative": 0.8489, "bus_lcLookaheadLeft": 38.8883, "bus_lcPushy": 0.1681, "bus_lcSigma": 0.2512, "bus_lcSpeedGainRight": 0.5306, "bus_lcSublane": 0.576, "bus_sigma": 0.2227, "bus_tau_mean": 3.5805, "bus_tau_std": 4.5809, "bus_v_mean": 25.0439, "bus_v_std": 1.5143, "car_acc": 2.9348, "car_dcc": 2.1566, "car_lcAssertive": 1.7939, "car_lcCooperative": 0.3454, "car_lcLookaheadLeft": 72.5729, "car_lcPushy": 0.0414, "car_lcSigma": 0.1704, "car_lcSpeedGainRight": 3.6361, "car_lcSublane": 0.344, "car_sigma": 0.6687, "car_tau_mean": 1.4652, "car_tau_std": 7.4903, "car_v_mean": 24.0707, "car_v_std": 5.0915}, "datetime": {"datetime": "2024-08-11 18:47:25", "elapsed": 3915.845692, "delta": 3.630494}}
{"target": -0.4006763460225269, "params": {"bus_acc": 1.4577, "bus_dcc": 3.6994, "bus_lcAssertive": 82.2547, "bus_lcCooperative": 0.1098, "bus_lcLookaheadLeft": 68.1417, "bus_lcPushy": 0.2299, "bus_lcSigma": 0.0623, "bus_lcSpeedGainRight": 0.9809, "bus_lcSublane": 0.7977, "bus_sigma": 0.1139, "bus_tau_mean": 0.5355, "bus_tau_std": 3.7746, "bus_v_mean": 13.8956, "bus_v_std": 5.536, "car_acc": 2.5145, "car_dcc": 1.3072, "car_lcAssertive": 42.3005, "car_lcCooperative": 0.984, "car_lcLookaheadLeft": 98.2232, "car_lcPushy": 0.6425, "car_lcSigma": 0.722, "car_lcSpeedGainRight": 3.7565, "car_lcSublane": 0.7338, "car_sigma": 0.227, "car_tau_mean": 3.0205, "car_tau_std": 7.5878, "car_v_mean": 18.3998, "car_v_std": 3.8833}, "datetime": {"datetime": "2024-08-11 18:47:29", "elapsed": 3919.944898, "delta": 4.099206}}
{"target": -0.5327140486459684, "params": {"bus_acc": 3.868, "bus_dcc": 1.6526, "bus_lcAssertive": 80.4889, "bus_lcCooperative": 0.7088, "bus_lcLookaheadLeft": 91.6822, "bus_lcPushy": 0.0981, "bus_lcSigma": 0.9143, "bus_lcSpeedGainRight": 1.2694, "bus_lcSublane": 0.2698, "bus_sigma": 0.0067, "bus_tau_mean": 2.368, "bus_tau_std": 2.3708, "bus_v_mean": 18.9107, "bus_v_std": 8.8891, "car_acc": 1.9796, "car_dcc": 0.3104, "car_lcAssertive": 99.2049, "car_lcCooperative": 0.394, "car_lcLookaheadLeft": 87.6116, "car_lcPushy": 0.2627, "car_lcSigma": 0.0721, "car_lcSpeedGainRight": 2.8019, "car_lcSublane": 0.0825, "car_sigma": 0.1318, "car_tau_mean": 2.1166, "car_tau_std": 4.4471, "car_v_mean": 16.4681, "car_v_std": 2.2573}, "datetime": {"datetime": "2024-08-11 18:47:32", "elapsed": 3923.35831, "delta": 3.413412}}
{"target": -0.28708645048618037, "params": {"bus_acc": 1.0481, "bus_dcc": 3.7037, "bus_lcAssertive": 81.1467, "bus_lcCooperative": 0.4826, "bus_lcLookaheadLeft": 58.5777, "bus_lcPushy": 0.8518, "bus_lcSigma": 0.7774, "bus_lcSpeedGainRight": 1.0697, "bus_lcSublane": 0.6318, "bus_sigma": 0.4534, "bus_tau_mean": 0.7828, "bus_tau_std": 2.4181, "bus_v_mean": 8.3047, "bus_v_std": 18.5546, "car_acc": 0.802, "car_dcc": 0.7666, "car_lcAssertive": 61.2529, "car_lcCooperative": 0.1852, "car_lcLookaheadLeft": 23.5084, "car_lcPushy": 0.9716, "car_lcSigma": 0.1689, "car_lcSpeedGainRight": 4.8534, "car_lcSublane": 0.9507, "car_sigma": 0.3452, "car_tau_mean": 2.0755, "car_tau_std": 4.4845, "car_v_mean": 21.6905, "car_v_std": 12.6808}, "datetime": {"datetime": "2024-08-11 18:47:36", "elapsed": 3926.938981, "delta": 3.580671}}
{"target": -0.7580415271381601, "params": {"bus_acc": 1.4075, "bus_dcc": 1.9713, "bus_lcAssertive": 69.0915, "bus_lcCooperative": 0.4536, "bus_lcLookaheadLeft": 95.0826, "bus_lcPushy": 0.9351, "bus_lcSigma": 0.1379, "bus_lcSpeedGainRight": 0.9379, "bus_lcSublane": 0.9494, "bus_sigma": 0.3299, "bus_tau_mean": 2.4919, "bus_tau_std": 0.7665, "bus_v_mean": 21.5071, "bus_v_std": 9.4668, "car_acc": 0.6479, "car_dcc": 0.551, "car_lcAssertive": 4.7296, "car_lcCooperative": 0.8062, "car_lcLookaheadLeft": 41.0483, "car_lcPushy": 0.3415, "car_lcSigma": 0.9383, "car_lcSpeedGainRight": 0.736, "car_lcSublane": 0.4836, "car_sigma": 0.177, "car_tau_mean": 1.1012, "car_tau_std": 8.0972, "car_v_mean": 11.7452, "car_v_std": 7.3028}, "datetime": {"datetime": "2024-08-11 18:47:40", "elapsed": 3930.779504, "delta": 3.840523}}
{"target": -0.4046083402443669, "params": {"bus_acc": 2.5499, "bus_dcc": 1.2391, "bus_lcAssertive": 66.4266, "bus_lcCooperative": 0.7391, "bus_lcLookaheadLeft": 44.3193, "bus_lcPushy": 0.8784, "bus_lcSigma": 0.3704, "bus_lcSpeedGainRight": 4.2953, "bus_lcSublane": 0.1131, "bus_sigma": 0.9774, "bus_tau_mean": 1.0569, "bus_tau_std": 4.1398, "bus_v_mean": 13.0081, "bus_v_std": 13.3722, "car_acc": 2.0186, "car_dcc": 1.6295, "car_lcAssertive": 68.5381, "car_lcCooperative": 0.9278, "car_lcLookaheadLeft": 35.9738, "car_lcPushy": 0.1311, "car_lcSigma": 0.2616, "car_lcSpeedGainRight": 1.8757, "car_lcSublane": 0.9001, "car_sigma": 0.4961, "car_tau_mean": 2.2142, "car_tau_std": 8.6737, "car_v_mean": 24.2461, "car_v_std": 1.6794}, "datetime": {"datetime": "2024-08-11 18:47:43", "elapsed": 3934.149748, "delta": 3.370244}}
{"target": -0.31224861901218476, "params": {"bus_acc": 3.7138, "bus_dcc": 0.7137, "bus_lcAssertive": 26.4707, "bus_lcCooperative": 0.2368, "bus_lcLookaheadLeft": 90.1932, "bus_lcPushy": 0.4437, "bus_lcSigma": 0.8853, "bus_lcSpeedGainRight": 2.292, "bus_lcSublane": 0.8434, "bus_sigma": 0.8368, "bus_tau_mean": 3.373, "bus_tau_std": 8.9318, "bus_v_mean": 22.1967, "bus_v_std": 2.604, "car_acc": 0.3817, "car_dcc": 1.1863, "car_lcAssertive": 76.6239, "car_lcCooperative": 0.8472, "car_lcLookaheadLeft": 53.7684, "car_lcPushy": 0.5377, "car_lcSigma": 0.2929, "car_lcSpeedGainRight": 4.8437, "car_lcSublane": 0.6512, "car_sigma": 0.7702, "car_tau_mean": 3.0188, "car_tau_std": 4.715, "car_v_mean": 22.0095, "car_v_std": 10.0018}, "datetime": {"datetime": "2024-08-11 18:47:47", "elapsed": 3938.294324, "delta": 4.144576}}
{"target": -0.4135866678911914, "params": {"bus_acc": 2.2644, "bus_dcc": 1.2365, "bus_lcAssertive": 61.2922, "bus_lcCooperative": 0.116, "bus_lcLookaheadLeft": 11.9645, "bus_lcPushy": 0.3613, "bus_lcSigma": 0.8593, "bus_lcSpeedGainRight": 4.7288, "bus_lcSublane": 0.9762, "bus_sigma": 0.1313, "bus_tau_mean": 1.6777, "bus_tau_std": 3.0772, "bus_v_mean": 15.1526, "bus_v_std": 0.434, "car_acc": 1.8302, "car_dcc": 0.3244, "car_lcAssertive": 54.822, "car_lcCooperative": 0.0227, "car_lcLookaheadLeft": 46.6788, "car_lcPushy": 0.847, "car_lcSigma": 0.8348, "car_lcSpeedGainRight": 2.5339, "car_lcSublane": 0.8813, "car_sigma": 0.7309, "car_tau_mean": 3.3957, "car_tau_std": 7.2544, "car_v_mean": 12.5989, "car_v_std": 1.1878}, "datetime": {"datetime": "2024-08-11 18:47:51", "elapsed": 3942.490136, "delta": 4.195812}}
{"target": -0.3519451778086644, "params": {"bus_acc": 0.9683, "bus_dcc": 1.6035, "bus_lcAssertive": 44.2356, "bus_lcCooperative": 0.6417, "bus_lcLookaheadLeft": 13.6716, "bus_lcPushy": 0.6564, "bus_lcSigma": 0.2669, "bus_lcSpeedGainRight": 1.3529, "bus_lcSublane": 0.504, "bus_sigma": 0.8458, "bus_tau_mean": 1.3091, "bus_tau_std": 0.9316, "bus_v_mean": 22.8342, "bus_v_std": 1.8444, "car_acc": 1.0107, "car_dcc": 2.7371, "car_lcAssertive": 80.6622, "car_lcCooperative": 0.0812, "car_lcLookaheadLeft": 52.0388, "car_lcPushy": 0.1426, "car_lcSigma": 0.5882, "car_lcSpeedGainRight": 0.8528, "car_lcSublane": 0.5527, "car_sigma": 0.3062, "car_tau_mean": 2.6187, "car_tau_std": 4.3762, "car_v_mean": 9.9373, "car_v_std": 17.3501}, "datetime": {"datetime": "2024-08-11 18:47:55", "elapsed": 3945.792033, "delta": 3.301897}}
{"target": -0.45112632697756055, "params": {"bus_acc": 3.0111, "bus_dcc": 0.862, "bus_lcAssertive": 27.4283, "bus_lcCooperative": 0.5592, "bus_lcLookaheadLeft": 72.5938, "bus_lcPushy": 0.5869, "bus_lcSigma": 0.7247, "bus_lcSpeedGainRight": 4.6158, "bus_lcSublane": 0.2718, "bus_sigma": 0.1742, "bus_tau_mean": 2.5717, "bus_tau_std": 1.1187, "bus_v_mean": 17.9667, "bus_v_std": 3.163, "car_acc": 3.2798, "car_dcc": 1.3671, "car_lcAssertive": 15.4199, "car_lcCooperative": 0.7076, "car_lcLookaheadLeft": 26.1063, "car_lcPushy": 0.4211, "car_lcSigma": 0.1938, "car_lcSpeedGainRight": 2.06, "car_lcSublane": 0.0299, "car_sigma": 0.4775, "car_tau_mean": 2.3031, "car_tau_std": 3.0106, "car_v_mean": 12.2559, "car_v_std": 17.9581}, "datetime": {"datetime": "2024-08-11 18:48:01", "elapsed": 3951.975568, "delta": 6.183535}}
{"target": -0.45785577935729266, "params": {"bus_acc": 2.2635, "bus_dcc": 1.7412, "bus_lcAssertive": 70.309, "bus_lcCooperative": 0.9038, "bus_lcLookaheadLeft": 80.7567, "bus_lcPushy": 0.9788, "bus_lcSigma": 0.8899, "bus_lcSpeedGainRight": 0.3625, "bus_lcSublane": 0.5112, "bus_sigma": 0.2585, "bus_tau_mean": 3.5254, "bus_tau_std": 7.6059, "bus_v_mean": 11.1626, "bus_v_std": 10.4009, "car_acc": 1.2131, "car_dcc": 1.0428, "car_lcAssertive": 31.6651, "car_lcCooperative": 0.9128, "car_lcLookaheadLeft": 92.3984, "car_lcPushy": 0.8066, "car_lcSigma": 0.2802, "car_lcSpeedGainRight": 3.9006, "car_lcSublane": 0.2652, "car_sigma": 0.4542, "car_tau_mean": 0.5685, "car_tau_std": 3.8548, "car_v_mean": 8.7745, "car_v_std": 15.6734}, "datetime": {"datetime": "2024-08-11 18:48:07", "elapsed": 3958.034607, "delta": 6.059039}}
{"target": -0.57114668464037, "params": {"bus_acc": 0.8478, "bus_dcc": 1.693, "bus_lcAssertive": 16.1164, "bus_lcCooperative": 0.7241, "bus_lcLookaheadLeft": 13.3129, "bus_lcPushy": 0.5078, "bus_lcSigma": 0.4131, "bus_lcSpeedGainRight": 1.2098, "bus_lcSublane": 0.3215, "bus_sigma": 0.4303, "bus_tau_mean": 3.7104, "bus_tau_std": 0.1451, "bus_v_mean": 9.4367, "bus_v_std": 12.9082, "car_acc": 1.8168, "car_dcc": 3.9841, "car_lcAssertive": 23.7135, "car_lcCooperative": 0.3298, "car_lcLookaheadLeft": 78.8594, "car_lcPushy": 0.0519, "car_lcSigma": 0.4787, "car_lcSpeedGainRight": 2.0712, "car_lcSublane": 0.5492, "car_sigma": 0.8835, "car_tau_mean": 3.4824, "car_tau_std": 0.4944, "car_v_mean": 19.5282, "car_v_std": 2.3664}, "datetime": {"datetime": "2024-08-11 18:48:14", "elapsed": 3964.686849, "delta": 6.652242}}
{"target": -0.2843922904949199, "params": {"bus_acc": 0.3959, "bus_dcc": 3.7665, "bus_lcAssertive": 47.7221, "bus_lcCooperative": 0.3723, "bus_lcLookaheadLeft": 11.6154, "bus_lcPushy": 0.6303, "bus_lcSigma": 0.5762, "bus_lcSpeedGainRight": 3.5703, "bus_lcSublane": 0.8147, "bus_sigma": 0.7394, "bus_tau_mean": 2.8039, "bus_tau_std": 7.1348, "bus_v_mean": 9.8433, "bus_v_std": 18.3528, "car_acc": 2.0744, "car_dcc": 2.919, "car_lcAssertive": 98.0416, "car_lcCooperative": 0.5922, "car_lcLookaheadLeft": 84.1462, "car_lcPushy": 0.2811, "car_lcSigma": 0.1249, "car_lcSpeedGainRight": 4.2658, "car_lcSublane": 0.7328, "car_sigma": 0.348, "car_tau_mean": 3.57, "car_tau_std": 7.1409, "car_v_mean": 13.2174, "car_v_std": 6.2203}, "datetime": {"datetime": "2024-08-11 18:48:17", "elapsed": 3967.91277, "delta": 3.225921}}
{"target": -0.5124546658439786, "params": {"bus_acc": 0.4079, "bus_dcc": 0.2681, "bus_lcAssertive": 9.0098, "bus_lcCooperative": 0.6139, "bus_lcLookaheadLeft": 83.2362, "bus_lcPushy": 0.7179, "bus_lcSigma": 0.8942, "bus_lcSpeedGainRight": 2.5752, "bus_lcSublane": 0.7313, "bus_sigma": 0.4772, "bus_tau_mean": 3.527, "bus_tau_std": 0.3539, "bus_v_mean": 21.076, "bus_v_std": 17.9866, "car_acc": 2.4419, "car_dcc": 1.92, "car_lcAssertive": 55.7165, "car_lcCooperative": 0.7405, "car_lcLookaheadLeft": 55.7527, "car_lcPushy": 0.2468, "car_lcSigma": 0.9324, "car_lcSpeedGainRight": 4.5949, "car_lcSublane": 0.7184, "car_sigma": 0.0549, "car_tau_mean": 1.7772, "car_tau_std": 4.3254, "car_v_mean": 20.7107, "car_v_std": 16.3096}, "datetime": {"datetime": "2024-08-11 18:48:20", "elapsed": 3971.390959, "delta": 3.478189}}
{"target": -0.4018475337733016, "params": {"bus_acc": 1.0661, "bus_dcc": 3.2132, "bus_lcAssertive": 26.6786, "bus_lcCooperative": 0.7818, "bus_lcLookaheadLeft": 53.8676, "bus_lcPushy": 0.3423, "bus_lcSigma": 0.5203, "bus_lcSpeedGainRight": 2.6524, "bus_lcSublane": 0.0366, "bus_sigma": 0.9238, "bus_tau_mean": 3.331, "bus_tau_std": 6.8438, "bus_v_mean": 9.8686, "bus_v_std": 17.5727, "car_acc": 0.5117, "car_dcc": 0.9286, "car_lcAssertive": 53.3962, "car_lcCooperative": 0.3205, "car_lcLookaheadLeft": 73.6836, "car_lcPushy": 0.1844, "car_lcSigma": 0.5109, "car_lcSpeedGainRight": 2.8073, "car_lcSublane": 0.8488, "car_sigma": 0.1418, "car_tau_mean": 0.7778, "car_tau_std": 1.6497, "car_v_mean": 16.3146, "car_v_std": 13.7968}, "datetime": {"datetime": "2024-08-11 18:48:23", "elapsed": 3974.545443, "delta": 3.154484}}
{"target": -0.34645195697221043, "params": {"bus_acc": 3.1932, "bus_dcc": 3.9747, "bus_lcAssertive": 74.6457, "bus_lcCooperative": 0.4537, "bus_lcLookaheadLeft": 68.074, "bus_lcPushy": 0.2523, "bus_lcSigma": 0.7933, "bus_lcSpeedGainRight": 4.869, "bus_lcSublane": 0.5419, "bus_sigma": 0.3112, "bus_tau_mean": 1.5824, "bus_tau_std": 4.2933, "bus_v_mean": 16.6727, "bus_v_std": 0.7123, "car_acc": 1.9005, "car_dcc": 3.2499, "car_lcAssertive": 28.8032, "car_lcCooperative": 0.9378, "car_lcLookaheadLeft": 74.4195, "car_lcPushy": 0.4303, "car_lcSigma": 0.094, "car_lcSpeedGainRight": 3.6787, "car_lcSublane": 0.2214, "car_sigma": 0.4923, "car_tau_mean": 2.2512, "car_tau_std": 9.8221, "car_v_mean": 10.6734, "car_v_std": 10.9893}, "datetime": {"datetime": "2024-08-11 18:48:28", "elapsed": 3979.500069, "delta": 4.954626}}
{"target": -0.3452491053538762, "params": {"bus_acc": 2.6542, "bus_dcc": 2.9857, "bus_lcAssertive": 81.0502, "bus_lcCooperative": 0.7152, "bus_lcLookaheadLeft": 27.705, "bus_lcPushy": 0.3433, "bus_lcSigma": 0.2122, "bus_lcSpeedGainRight": 2.3079, "bus_lcSublane": 0.1984, "bus_sigma": 0.3838, "bus_tau_mean": 2.8324, "bus_tau_std": 8.4167, "bus_v_mean": 13.2803, "bus_v_std": 2.2774, "car_acc": 1.1567, "car_dcc": 3.8581, "car_lcAssertive": 95.5556, "car_lcCooperative": 0.3488, "car_lcLookaheadLeft": 98.142, "car_lcPushy": 0.7544, "car_lcSigma": 0.6386, "car_lcSpeedGainRight": 1.8314, "car_lcSublane": 0.9722, "car_sigma": 0.1268, "car_tau_mean": 3.2572, "car_tau_std": 4.7382, "car_v_mean": 25.9549, "car_v_std": 3.5075}, "datetime": {"datetime": "2024-08-11 18:48:34", "elapsed": 3984.637093, "delta": 5.137024}}
{"target": -0.407784313974302, "params": {"bus_acc": 1.3504, "bus_dcc": 0.4216, "bus_lcAssertive": 54.7682, "bus_lcCooperative": 0.9493, "bus_lcLookaheadLeft": 78.6762, "bus_lcPushy": 0.8142, "bus_lcSigma": 0.2502, "bus_lcSpeedGainRight": 3.5214, "bus_lcSublane": 0.6467, "bus_sigma": 0.7704, "bus_tau_mean": 3.872, "bus_tau_std": 2.7988, "bus_v_mean": 10.8092, "bus_v_std": 12.2195, "car_acc": 3.3328, "car_dcc": 2.4362, "car_lcAssertive": 74.9159, "car_lcCooperative": 0.4184, "car_lcLookaheadLeft": 11.947, "car_lcPushy": 0.524, "car_lcSigma": 0.4314, "car_lcSpeedGainRight": 3.9776, "car_lcSublane": 0.1295, "car_sigma": 0.1321, "car_tau_mean": 0.6991, "car_tau_std": 7.4853, "car_v_mean": 24.0088, "car_v_std": 18.3832}, "datetime": {"datetime": "2024-08-11 18:48:37", "elapsed": 3988.025984, "delta": 3.388891}}
{"target": -0.2635479714830084, "params": {"bus_acc": 3.512, "bus_dcc": 2.7363, "bus_lcAssertive": 68.1799, "bus_lcCooperative": 0.2521, "bus_lcLookaheadLeft": 8.7208, "bus_lcPushy": 0.0411, "bus_lcSigma": 0.085, "bus_lcSpeedGainRight": 3.701, "bus_lcSublane": 0.3402, "bus_sigma": 0.7695, "bus_tau_mean": 0.8221, "bus_tau_std": 6.0865, "bus_v_mean": 9.1569, "bus_v_std": 13.9594, "car_acc": 0.2455, "car_dcc": 2.1577, "car_lcAssertive": 6.0747, "car_lcCooperative": 0.3746, "car_lcLookaheadLeft": 19.2643, "car_lcPushy": 0.9521, "car_lcSigma": 0.5997, "car_lcSpeedGainRight": 0.6028, "car_lcSublane": 0.9912, "car_sigma": 0.9899, "car_tau_mean": 2.1846, "car_tau_std": 3.0445, "car_v_mean": 17.2934, "car_v_std": 10.9377}, "datetime": {"datetime": "2024-08-11 18:48:42", "elapsed": 3993.440716, "delta": 5.414732}}
{"target": -0.43524536316236145, "params": {"bus_acc": 3.8068, "bus_dcc": 2.7736, "bus_lcAssertive": 12.0031, "bus_lcCooperative": 0.1686, "bus_lcLookaheadLeft": 22.5093, "bus_lcPushy": 0.5421, "bus_lcSigma": 0.5432, "bus_lcSpeedGainRight": 0.7243, "bus_lcSublane": 0.534, "bus_sigma": 0.6772, "bus_tau_mean": 2.3017, "bus_tau_std": 5.7729, "bus_v_mean": 16.1476, "bus_v_std": 11.6177, "car_acc": 2.9238, "car_dcc": 2.731, "car_lcAssertive": 99.3261, "car_lcCooperative": 0.4628, "car_lcLookaheadLeft": 65.4984, "car_lcPushy": 0.7672, "car_lcSigma": 0.0839, "car_lcSpeedGainRight": 3.0412, "car_lcSublane": 0.0447, "car_sigma": 0.8397, "car_tau_mean": 2.3099, "car_tau_std": 7.3801, "car_v_mean": 22.654, "car_v_std": 18.6035}, "datetime": {"datetime": "2024-08-11 18:48:46", "elapsed": 3997.182511, "delta": 3.741795}}
{"target": -0.4712340716604073, "params": {"bus_acc": 3.8347, "bus_dcc": 2.9757, "bus_lcAssertive": 29.5061, "bus_lcCooperative": 0.882, "bus_lcLookaheadLeft": 95.6946, "bus_lcPushy": 0.255, "bus_lcSigma": 0.1363, "bus_lcSpeedGainRight": 3.7824, "bus_lcSublane": 0.0412, "bus_sigma": 0.7806, "bus_tau_mean": 0.6015, "bus_tau_std": 3.3159, "bus_v_mean": 19.6489, "bus_v_std": 10.0945, "car_acc": 2.8364, "car_dcc": 0.9425, "car_lcAssertive": 74.4578, "car_lcCooperative": 0.2209, "car_lcLookaheadLeft": 60.744, "car_lcPushy": 0.0795, "car_lcSigma": 0.8331, "car_lcSpeedGainRight": 4.1798, "car_lcSublane": 0.6234, "car_sigma": 0.1019, "car_tau_mean": 1.7566, "car_tau_std": 4.1656, "car_v_mean": 14.2459, "car_v_std": 15.6947}, "datetime": {"datetime": "2024-08-11 18:48:50", "elapsed": 4000.936756, "delta": 3.754245}}
{"target": -0.39596688210321895, "params": {"bus_acc": 3.106, "bus_dcc": 2.8612, "bus_lcAssertive": 12.2287, "bus_lcCooperative": 0.9218, "bus_lcLookaheadLeft": 23.8987, "bus_lcPushy": 0.9874, "bus_lcSigma": 0.1839, "bus_lcSpeedGainRight": 3.7907, "bus_lcSublane": 0.1676, "bus_sigma": 0.543, "bus_tau_mean": 3.2557, "bus_tau_std": 1.7096, "bus_v_mean": 23.1991, "bus_v_std": 9.5979, "car_acc": 3.3766, "car_dcc": 2.8339, "car_lcAssertive": 21.0941, "car_lcCooperative": 0.0947, "car_lcLookaheadLeft": 90.0766, "car_lcPushy": 0.091, "car_lcSigma": 0.8213, "car_lcSpeedGainRight": 1.165, "car_lcSublane": 0.2754, "car_sigma": 0.8492, "car_tau_mean": 3.3259, "car_tau_std": 7.6943, "car_v_mean": 20.0638, "car_v_std": 7.405}, "datetime": {"datetime": "2024-08-11 18:48:55", "elapsed": 4005.951835, "delta": 5.015079}}
{"target": -0.3594484434779584, "params": {"bus_acc": 2.1795, "bus_dcc": 3.7755, "bus_lcAssertive": 39.6918, "bus_lcCooperative": 0.9272, "bus_lcLookaheadLeft": 36.5147, "bus_lcPushy": 0.5794, "bus_lcSigma": 0.7167, "bus_lcSpeedGainRight": 2.9977, "bus_lcSublane": 0.746, "bus_sigma": 0.8756, "bus_tau_mean": 0.9896, "bus_tau_std": 5.2824, "bus_v_mean": 16.4632, "bus_v_std": 16.4725, "car_acc": 3.9877, "car_dcc": 0.723, "car_lcAssertive": 25.2495, "car_lcCooperative": 0.4452, "car_lcLookaheadLeft": 49.2169, "car_lcPushy": 0.0471, "car_lcSigma": 0.0779, "car_lcSpeedGainRight": 0.8854, "car_lcSublane": 0.3398, "car_sigma": 0.6631, "car_tau_mean": 3.839, "car_tau_std": 1.0777, "car_v_mean": 16.5946, "car_v_std": 18.2449}, "datetime": {"datetime": "2024-08-11 18:48:58", "elapsed": 4009.460982, "delta": 3.509147}}
{"target": -0.27197388031768505, "params": {"bus_acc": 0.6219, "bus_dcc": 3.8017, "bus_lcAssertive": 84.5647, "bus_lcCooperative": 0.2282, "bus_lcLookaheadLeft": 13.895, "bus_lcPushy": 0.1861, "bus_lcSigma": 0.1239, "bus_lcSpeedGainRight": 2.3687, "bus_lcSublane": 0.7605, "bus_sigma": 0.7545, "bus_tau_mean": 3.1903, "bus_tau_std": 4.3104, "bus_v_mean": 9.8115, "bus_v_std": 16.6161, "car_acc": 0.4883, "car_dcc": 3.369, "car_lcAssertive": 79.6974, "car_lcCooperative": 0.6176, "car_lcLookaheadLeft": 23.9755, "car_lcPushy": 0.5738, "car_lcSigma": 0.9123, "car_lcSpeedGainRight": 0.8248, "car_lcSublane": 0.4226, "car_sigma": 0.2376, "car_tau_mean": 0.9363, "car_tau_std": 0.6972, "car_v_mean": 11.1753, "car_v_std": 9.5707}, "datetime": {"datetime": "2024-08-11 18:49:02", "elapsed": 4013.129563, "delta": 3.668581}}
