{"target": -0.3795504711305249, "params": {"bus_acc": 3.058575098255554, "bus_dcc": 2.5474662625182583, "bus_lcAssertive": 88.04065749312295, "bus_lcCooperative": 0.16880019007759361, "bus_lcLookaheadLeft": 70.94767775573999, "bus_lcPushy": 0.9172601590800086, "bus_lcSigma": 0.1507396591030582, "bus_lcSpeedGainRight": 1.218819886980906, "bus_lcSublane": 0.5466845720908042, "bus_sigma": 0.3441193369759975, "bus_tau_mean": 2.9172367827383794, "bus_tau_std": 0.5756761842510749, "bus_v_mean": 10.893754561822277, "bus_v_std": 14.32476612959243, "car_acc": 3.8883510540489867, "car_dcc": 3.732291430746894, "car_lcAssertive": 90.20563234885856, "car_lcCooperative": 0.12774331390359328, "car_lcLookaheadLeft": 16.30103397101714, "car_lcPushy": 0.07226475681487265, "car_lcSigma": 0.5425402331447909, "car_lcSpeedGainRight": 4.412430864511857, "car_lcSublane": 0.5317919000668885, "car_sigma": 0.7817152853959399, "car_tau_mean": 1.1595882541894156, "car_tau_std": 8.63111260166335, "car_v_mean": 11.373645873056326, "car_v_std": 1.095282521330465}, "datetime": {"datetime": "2024-08-11 17:43:45", "elapsed": 95.643579, "delta": 1.486146}}
{"target": -0.6319579974320998, "params": {"bus_acc": 3.9615571226810387, "bus_dcc": 0.8742322400993952, "bus_lcAssertive": 82.32322728240342, "bus_lcCooperative": 0.2309885592816333, "bus_lcLookaheadLeft": 7.681629710531169, "bus_lcPushy": 0.13881651804567363, "bus_lcSigma": 0.9351531155423887, "bus_lcSpeedGainRight": 4.4427105167811405, "bus_lcSublane": 0.28926049548291, "bus_sigma": 0.9477640661016069, "bus_tau_mean": 3.4747568733099663, "bus_tau_std": 4.346547940716735, "bus_v_mean": 16.42489198759651, "bus_v_std": 12.597060431668455, "car_acc": 0.8005209728624882, "car_dcc": 0.25617192961995305, "car_lcAssertive": 27.285689729766197, "car_lcCooperative": 0.015443631942760883, "car_lcLookaheadLeft": 68.10088672790123, "car_lcPushy": 0.5514688358127765, "car_lcSigma": 0.32164814560277766, "car_lcSpeedGainRight": 3.9010116855987933, "car_lcSublane": 0.14578543121477705, "car_sigma": 0.2448806387618836, "car_tau_mean": 1.523098167137493, "car_tau_std": 1.9593194649899215, "car_v_mean": 9.58289630787086, "car_v_std": 17.39952360543215}, "datetime": {"datetime": "2024-08-11 17:43:46", "elapsed": 96.711344, "delta": 1.067765}}
{"target": -0.2871479079709214, "params": {"bus_acc": 0.7531212784019088, "bus_dcc": 0.7993742655080265, "bus_lcAssertive": 19.575535617340964, "bus_lcCooperative": 0.6224959022999211, "bus_lcLookaheadLeft": 90.76933060881358, "bus_lcPushy": 0.9899551783590737, "bus_lcSigma": 0.7111224587658159, "bus_lcSpeedGainRight": 3.6590020457114765, "bus_lcSublane": 0.9092932045442544, "bus_sigma": 0.4008737323711209, "bus_tau_mean": 1.3744773807876287, "bus_tau_std": 1.7343017078712286, "bus_v_mean": 10.150226906007122, "bus_v_std": 16.252211760656575, "car_acc": 0.757811018985524, "car_dcc": 1.2043304343622225, "car_lcAssertive": 82.08982868471955, "car_lcCooperative": 0.31058725179421, "car_lcLookaheadLeft": 98.2769100307084, "car_lcPushy": 0.2666387021516352, "car_lcSigma": 0.5336533449712114, "car_lcSpeedGainRight": 1.5723350559292482, "car_lcSublane": 0.9107728311738374, "car_sigma": 0.36655664385123443, "car_tau_mean": 2.017573145456076, "car_tau_std": 5.122926922783614, "car_v_mean": 24.89995659265484, "car_v_std": 0.6189801254230143}, "datetime": {"datetime": "2024-08-11 17:43:47", "elapsed": 97.712101, "delta": 1.000757}}
{"target": -0.43875564176879284, "params": {"bus_acc": 3.5439934965410407, "bus_dcc": 3.6345994321402135, "bus_lcAssertive": 66.60926142515096, "bus_lcCooperative": 0.2702082620297578, "bus_lcLookaheadLeft": 26.731936747449794, "bus_lcPushy": 0.8548979426974024, "bus_lcSigma": 0.5277146463087466, "bus_lcSpeedGainRight": 4.01080542002299, "bus_lcSublane": 0.5724885171916063, "bus_sigma": 0.7331425252875111, "bus_tau_mean": 2.3165406961241954, "bus_tau_std": 7.70883910501888, "bus_v_mean": 18.23944383268488, "bus_v_std": 9.314197571839617, "car_acc": 1.5022178502224706, "car_dcc": 0.45919552398347563, "car_lcAssertive": 38.414493753481885, "car_lcCooperative": 0.07962607769825236, "car_lcLookaheadLeft": 98.3160771455836, "car_lcPushy": 0.18161285133076377, "car_lcSigma": 0.8118586977205398, "car_lcSpeedGainRight": 4.374808224779491, "car_lcSublane": 0.6884132523859433, "car_sigma": 0.5694944127453757, "car_tau_mean": 1.0634000288546308, "car_tau_std": 4.668800227633064, "car_v_mean": 14.21309692079387, "car_v_std": 4.500799156281692}, "datetime": {"datetime": "2024-08-11 17:43:48", "elapsed": 98.703234, "delta": 0.991133}}
{"target": -0.40771580731610085, "params": {"bus_acc": 1.1872084345567753, "bus_dcc": 2.4086943007064523, "bus_lcAssertive": 95.5709631002805, "bus_lcCooperative": 0.0807539078120788, "bus_lcLookaheadLeft": 10.186352292050627, "bus_lcPushy": 0.6191348314199072, "bus_lcSigma": 0.22449347883595772, "bus_lcSpeedGainRight": 3.8259197836675405, "bus_lcSublane": 0.5681525429491051, "bus_sigma": 0.6661880902234952, "bus_tau_mean": 0.8773486527810734, "bus_tau_std": 0.8428305143655679, "bus_v_mean": 19.252179229498815, "bus_v_std": 8.19462522268041, "car_acc": 0.5315595907135309, "car_dcc": 1.6100429910615186, "car_lcAssertive": 67.54229655602802, "car_lcCooperative": 0.1895874001915857, "car_lcLookaheadLeft": 89.78145263581301, "car_lcPushy": 0.9498463888800873, "car_lcSigma": 0.9615725424345338, "car_lcSpeedGainRight": 3.650412788701301, "car_lcSublane": 0.4062884276883151, "car_sigma": 0.7437491963512196, "car_tau_mean": 1.5079540774616302, "car_tau_std": 3.144172223907462, "car_v_mean": 18.906134501921443, "car_v_std": 11.896942668158353}, "datetime": {"datetime": "2024-08-11 17:43:49", "elapsed": 99.742468, "delta": 1.039234}}
{"target": -0.43395055080579503, "params": {"bus_acc": 2.0409862316043257, "bus_dcc": 3.5723292966763647, "bus_lcAssertive": 14.606911412798858, "bus_lcCooperative": 0.9643727973861176, "bus_lcLookaheadLeft": 6.177708816064829, "bus_lcPushy": 0.09944025725488481, "bus_lcSigma": 0.2232384309404435, "bus_lcSpeedGainRight": 4.03292541130257, "bus_lcSublane": 0.4558728073695024, "bus_sigma": 0.6532511422613194, "bus_tau_mean": 1.1101239813194304, "bus_tau_std": 1.6672193292652826, "bus_v_mean": 17.375270129968204, "bus_v_std": 14.805872705604433, "car_acc": 1.9574029678171079, "car_dcc": 3.504533523460229, "car_lcAssertive": 66.38078153239339, "car_lcCooperative": 0.2490900884519328, "car_lcLookaheadLeft": 25.02041763860628, "car_lcPushy": 0.3740467168670696, "car_lcSigma": 0.7566160562962172, "car_lcSpeedGainRight": 4.689688321548911, "car_lcSublane": 0.8619059993188329, "car_sigma": 0.26161079268292176, "car_tau_mean": 1.9429762479249943, "car_tau_std": 6.115440994503215, "car_v_mean": 17.84302020468455, "car_v_std": 7.785498908179314}, "datetime": {"datetime": "2024-08-11 17:43:50", "elapsed": 101.203521, "delta": 1.461053}}
{"target": -0.6101899150175121, "params": {"bus_acc": 0.47555900657276073, "bus_dcc": 0.8562641349026447, "bus_lcAssertive": 32.913391424138354, "bus_lcCooperative": 0.248424246330199, "bus_lcLookaheadLeft": 50.55850817339691, "bus_lcPushy": 0.8244596107976835, "bus_lcSigma": 0.8539724149421759, "bus_lcSpeedGainRight": 2.9791497102935076, "bus_lcSublane": 0.24017373383106666, "bus_sigma": 0.18649268827268528, "bus_tau_mean": 3.1018667934071367, "bus_tau_std": 2.372140576435476, "bus_v_mean": 17.710836036677893, "bus_v_std": 14.985615742543835, "car_acc": 1.0673465975384666, "car_dcc": 0.8631045127764272, "car_lcAssertive": 4.933832971009274, "car_lcCooperative": 0.14756883769994755, "car_lcLookaheadLeft": 85.44101288080509, "car_lcPushy": 0.10463591174495857, "car_lcSigma": 0.2236450455273178, "car_lcSpeedGainRight": 0.16378599872988564, "car_lcSublane": 0.6763566354512786, "car_sigma": 0.2317031414647196, "car_tau_mean": 1.9475710123061751, "car_tau_std": 1.3930117132372677, "car_v_mean": 14.789911177007117, "car_v_std": 8.488749324792305}, "datetime": {"datetime": "2024-08-11 17:43:51", "elapsed": 102.105622, "delta": 0.902101}}
{"target": -0.33895443876045533, "params": {"bus_acc": 1.0120343029924084, "bus_dcc": 3.1156811320027127, "bus_lcAssertive": 31.55555281543446, "bus_lcCooperative": 0.7332450677264275, "bus_lcLookaheadLeft": 74.95836900161774, "bus_lcPushy": 0.22139670090820107, "bus_lcSigma": 0.21411213682064845, "bus_lcSpeedGainRight": 0.9947396171353334, "bus_lcSublane": 0.14251833776584466, "bus_sigma": 0.3770825992073341, "bus_tau_mean": 0.5931975964206752, "bus_tau_std": 1.1092036903424063, "bus_v_mean": 20.14215242774139, "bus_v_std": 15.995530737947725, "car_acc": 0.5060122030878664, "car_dcc": 1.0804687798460098, "car_lcAssertive": 21.554940518577624, "car_lcCooperative": 0.9173335630816306, "car_lcLookaheadLeft": 71.7088227773757, "car_lcPushy": 0.5538846110514143, "car_lcSigma": 0.30451798792062024, "car_lcSpeedGainRight": 4.174270238158993, "car_lcSublane": 0.43530595762951996, "car_sigma": 0.9234562151187752, "car_tau_mean": 2.971181315175766, "car_tau_std": 4.780313079652833, "car_v_mean": 10.271781867488457, "car_v_std": 19.520871009354952}, "datetime": {"datetime": "2024-08-11 17:43:56", "elapsed": 106.948505, "delta": 4.842883}}
{"target": -0.34269784650389806, "params": {"bus_acc": 1.5497956794906462, "bus_dcc": 3.902007986001347, "bus_lcAssertive": 13.154440815492576, "bus_lcCooperative": 0.18756989261723955, "bus_lcLookaheadLeft": 89.16536259551893, "bus_lcPushy": 0.5834063146082279, "bus_lcSigma": 0.3092463846587796, "bus_lcSpeedGainRight": 0.0038219273909401164, "bus_lcSublane": 0.22759773832225305, "bus_sigma": 0.1454036341712357, "bus_tau_mean": 1.212018385295317, "bus_tau_std": 8.963225568040047, "bus_v_mean": 23.71569880885353, "bus_v_std": 14.005788752668995, "car_acc": 1.9878911693783943, "car_dcc": 3.3431168088626957, "car_lcAssertive": 50.086813311436025, "car_lcCooperative": 0.36348868328490525, "car_lcLookaheadLeft": 29.009104070564156, "car_lcPushy": 0.9247408135383717, "car_lcSigma": 0.38698923425629217, "car_lcSpeedGainRight": 2.464404367156601, "car_lcSublane": 0.2544381023144221, "car_sigma": 0.8849665188380633, "car_tau_mean": 1.8414220988185035, "car_tau_std": 2.9757471531387525, "car_v_mean": 20.91670931950558, "car_v_std": 3.8173988634461486}, "datetime": {"datetime": "2024-08-11 17:44:00", "elapsed": 111.476109, "delta": 4.527604}}
{"target": -0.36824349545088325, "params": {"bus_acc": 1.4325773469595087, "bus_dcc": 3.517105030320422, "bus_lcAssertive": 84.6262511526049, "bus_lcCooperative": 0.5384405925945437, "bus_lcLookaheadLeft": 86.92761086831827, "bus_lcPushy": 0.9498059913536265, "bus_lcSigma": 0.8264069976293413, "bus_lcSpeedGainRight": 4.270577219182694, "bus_lcSublane": 0.09874340182034835, "bus_sigma": 0.651304332340991, "bus_tau_mean": 2.9623094585342855, "bus_tau_std": 6.102408126466297, "bus_v_mean": 22.393074711248502, "bus_v_std": 0.691424397432685, "car_acc": 3.126907191308924, "car_dcc": 2.9805686828102025, "car_lcAssertive": 26.710140936536956, "car_lcCooperative": 0.2570692988221467, "car_lcLookaheadLeft": 63.965725108152526, "car_lcPushy": 0.34529746159108154, "car_lcSigma": 0.7965886780072875, "car_lcSpeedGainRight": 2.230731160017286, "car_lcSublane": 0.7827494147841719, "car_sigma": 0.9904717836238407, "car_tau_mean": 1.5508691883686503, "car_tau_std": 1.4300582825809938, "car_v_mean": 24.223551854286928, "car_v_std": 10.831187577747466}, "datetime": {"datetime": "2024-08-11 17:44:01", "elapsed": 112.589946, "delta": 1.113837}}
{"target": -0.6047008908634054, "params": {"bus_acc": 1.166082947697939, "bus_dcc": 0.5195281458837321, "bus_lcAssertive": 86.55026538163867, "bus_lcCooperative": 0.44789891562027984, "bus_lcLookaheadLeft": 57.05505353977741, "bus_lcPushy": 0.7367109576935199, "bus_lcSigma": 0.7964888671311956, "bus_lcSpeedGainRight": 2.2375406949515693, "bus_lcSublane": 0.18412755617579835, "bus_sigma": 0.8287328515283018, "bus_tau_mean": 0.6084928593988954, "bus_tau_std": 9.467282696079524, "bus_v_mean": 18.38560123659503, "bus_v_std": 17.50777476901374, "car_acc": 2.5125486604995233, "car_dcc": 1.15630641977883, "car_lcAssertive": 30.316862426094534, "car_lcCooperative": 0.5329225590316532, "car_lcLookaheadLeft": 96.28366485901516, "car_lcPushy": 0.18449560449017766, "car_lcSigma": 0.509898378143109, "car_lcSpeedGainRight": 1.718940517184222, "car_lcSublane": 0.7697253449571857, "car_sigma": 0.802866486432424, "car_tau_mean": 1.9859596860577582, "car_tau_std": 2.0412249999433585, "car_v_mean": 9.207610285919396, "car_v_std": 3.97296528841123}, "datetime": {"datetime": "2024-08-11 17:44:03", "elapsed": 113.782881, "delta": 1.192935}}
{"target": -0.46886827275966086, "params": {"bus_acc": 2.0126493787286, "bus_dcc": 1.9057395794857088, "bus_lcAssertive": 88.71379914536978, "bus_lcCooperative": 0.5276187723115614, "bus_lcLookaheadLeft": 42.090901527852274, "bus_lcPushy": 0.26889202221264585, "bus_lcSigma": 0.07201203516976995, "bus_lcSpeedGainRight": 2.090680668626579, "bus_lcSublane": 0.025753482406583372, "bus_sigma": 0.29115394055242805, "bus_tau_mean": 2.2622832844693876, "bus_tau_std": 9.659330650197223, "bus_v_mean": 9.968892455484523, "bus_v_std": 13.460821084332439, "car_acc": 2.09974301017696, "car_dcc": 3.1529732712479754, "car_lcAssertive": 15.217092789546719, "car_lcCooperative": 0.08320263643587555, "car_lcLookaheadLeft": 41.12342332454047, "car_lcPushy": 0.7969622519799001, "car_lcSigma": 0.1916757389098901, "car_lcSpeedGainRight": 3.83888596073637, "car_lcSublane": 0.2902979970618682, "car_sigma": 0.21689148761179533, "car_tau_mean": 0.5585045617695226, "car_tau_std": 3.986590599223787, "car_v_mean": 14.859466843282142, "car_v_std": 13.186898723907294}, "datetime": {"datetime": "2024-08-11 17:44:04", "elapsed": 115.528514, "delta": 1.745633}}
{"target": -0.426814924979759, "params": {"bus_acc": 3.9040134092493126, "bus_dcc": 2.6190967200072093, "bus_lcAssertive": 99.39738943643741, "bus_lcCooperative": 0.5460708041429516, "bus_lcLookaheadLeft": 53.589741522741086, "bus_lcPushy": 0.1354279030721699, "bus_lcSigma": 0.3557051709838811, "bus_lcSpeedGainRight": 0.13109283648186643, "bus_lcSublane": 0.1603951795196491, "bus_sigma": 0.7456371927074961, "bus_tau_mean": 0.6063989147507609, "bus_tau_std": 3.665430972437443, "bus_v_mean": 23.522232551084794, "bus_v_std": 13.853554350147085, "car_acc": 2.8255801398514406, "car_dcc": 0.9168198436301813, "car_lcAssertive": 44.74852379409391, "car_lcCooperative": 0.5815774073442912, "car_lcLookaheadLeft": 98.99566735104311, "car_lcPushy": 0.20390622523312185, "car_lcSigma": 0.24773290176235485, "car_lcSpeedGainRight": 1.3108654188645597, "car_lcSublane": 0.7501724132979928, "car_sigma": 0.4569753274356928, "car_tau_mean": 0.6992530344388325, "car_tau_std": 5.085162406102396, "car_v_mean": 11.815282963586167, "car_v_std": 15.972084895204205}, "datetime": {"datetime": "2024-08-11 17:44:10", "elapsed": 121.255381, "delta": 5.726867}}
{"target": -0.42653807844781694, "params": {"bus_acc": 3.391394698751136, "bus_dcc": 3.5063889881687573, "bus_lcAssertive": 81.85864247329991, "bus_lcCooperative": 0.8778014186346996, "bus_lcLookaheadLeft": 57.95885866983316, "bus_lcPushy": 0.9640361333390818, "bus_lcSigma": 0.6065443482504677, "bus_lcSpeedGainRight": 3.019738705398407, "bus_lcSublane": 0.31929773707461884, "bus_sigma": 0.681204184117019, "bus_tau_mean": 0.6818799097687634, "bus_tau_std": 1.3454642101194225, "bus_v_mean": 10.34435901630977, "bus_v_std": 13.104025744494713, "car_acc": 0.8662638487310856, "car_dcc": 1.4963579283558792, "car_lcAssertive": 5.386853927477355, "car_lcCooperative": 0.2337343601165106, "car_lcLookaheadLeft": 96.49398383523082, "car_lcPushy": 0.5091394025163677, "car_lcSigma": 0.15107451847143194, "car_lcSpeedGainRight": 2.6150426586723214, "car_lcSublane": 0.9435093839110807, "car_sigma": 0.865686014006334, "car_tau_mean": 1.872230541256354, "car_tau_std": 2.8386751597340263, "car_v_mean": 21.71113752846935, "car_v_std": 4.809686496061756}, "datetime": {"datetime": "2024-08-11 17:44:11", "elapsed": 122.4542, "delta": 1.198819}}
{"target": -0.49787308703440697, "params": {"bus_acc": 3.7438627595412215, "bus_dcc": 2.8479090136616207, "bus_lcAssertive": 7.534017099484187, "bus_lcCooperative": 0.7554630526024664, "bus_lcLookaheadLeft": 75.87986646920214, "bus_lcPushy": 0.9230245355464833, "bus_lcSigma": 0.7115247586284718, "bus_lcSpeedGainRight": 0.6213548098608235, "bus_lcSublane": 0.01988013383979559, "bus_sigma": 0.026210986877719278, "bus_tau_mean": 0.5990727080727811, "bus_tau_std": 2.462110676030459, "bus_v_mean": 23.480503076291985, "bus_v_std": 10.776621286833057, "car_acc": 2.3007235190059103, "car_dcc": 3.3997173909665017, "car_lcAssertive": 13.293158196871204, "car_lcCooperative": 0.2791836790111395, "car_lcLookaheadLeft": 59.40440860291221, "car_lcPushy": 0.9695957483196745, "car_lcSigma": 0.56103021925571, "car_lcSpeedGainRight": 0.0932364468647151, "car_lcSublane": 0.8006326726806163, "car_sigma": 0.23297427384102043, "car_tau_mean": 3.324868184665727, "car_tau_std": 3.8786064406417173, "car_v_mean": 23.543753382069717, "car_v_std": 14.942432854743693}, "datetime": {"datetime": "2024-08-11 17:44:13", "elapsed": 124.117073, "delta": 1.662873}}
{"target": -0.49491088019467616, "params": {"bus_acc": 1.1880720934354307, "bus_dcc": 0.9652890441121369, "bus_lcAssertive": 59.30196162730165, "bus_lcCooperative": 0.8425182098415589, "bus_lcLookaheadLeft": 34.99866679501538, "bus_lcPushy": 0.5864294214642616, "bus_lcSigma": 0.16224499947880777, "bus_lcSpeedGainRight": 0.9729686761907091, "bus_lcSublane": 0.7613352159920956, "bus_sigma": 0.15009846135204996, "bus_tau_mean": 1.430674643667396, "bus_tau_std": 6.894948631776694, "bus_v_mean": 8.271607537393624, "bus_v_std": 0.6438880773714106, "car_acc": 1.2925985720913087, "car_dcc": 1.4791680859467364, "car_lcAssertive": 36.859394447471104, "car_lcCooperative": 0.8071905755135196, "car_lcLookaheadLeft": 5.526134830546906, "car_lcPushy": 0.3583952446253251, "car_lcSigma": 0.6382781332668243, "car_lcSpeedGainRight": 0.7150205475916133, "car_lcSublane": 0.8577386145114406, "car_sigma": 0.6455644082734328, "car_tau_mean": 0.9035269891800948, "car_tau_std": 2.080974099989472, "car_v_mean": 21.418969953466963, "car_v_std": 8.068132566683456}, "datetime": {"datetime": "2024-08-11 17:44:14", "elapsed": 125.106229, "delta": 0.989156}}
{"target": -0.4481534268354679, "params": {"bus_acc": 2.8341393218378745, "bus_dcc": 2.432441021531555, "bus_lcAssertive": 64.53316890252607, "bus_lcCooperative": 0.37408018773825613, "bus_lcLookaheadLeft": 28.9952786117102, "bus_lcPushy": 0.5094085814387623, "bus_lcSigma": 0.8858231171497215, "bus_lcSpeedGainRight": 2.8264483518278416, "bus_lcSublane": 0.6631488914643168, "bus_sigma": 0.44137923095350085, "bus_tau_mean": 3.9024868049250827, "bus_tau_std": 7.425224523517098, "bus_v_mean": 14.388245195313921, "bus_v_std": 13.070620653273188, "car_acc": 2.2619423651125374, "car_dcc": 3.5594136070390068, "car_lcAssertive": 28.230351055475758, "car_lcCooperative": 0.10806748517233733, "car_lcLookaheadLeft": 20.74466107063467, "car_lcPushy": 0.38704623260508586, "car_lcSigma": 0.8540597949343145, "car_lcSpeedGainRight": 1.354224569179583, "car_lcSublane": 0.6263588032086836, "car_sigma": 0.6235518010455583, "car_tau_mean": 1.9281649737177504, "car_tau_std": 0.5033512965945175, "car_v_mean": 21.407009714584866, "car_v_std": 5.914510688477623}, "datetime": {"datetime": "2024-08-11 17:44:15", "elapsed": 126.135164, "delta": 1.028935}}
{"target": -0.35027139766721543, "params": {"bus_acc": 1.5135810105248966, "bus_dcc": 2.4633753729128087, "bus_lcAssertive": 60.29954360836855, "bus_lcCooperative": 0.6157042872039488, "bus_lcLookaheadLeft": 7.799366304200794, "bus_lcPushy": 0.7503171845746859, "bus_lcSigma": 0.9482094981876252, "bus_lcSpeedGainRight": 2.6733952858979437, "bus_lcSublane": 0.1925560209550684, "bus_sigma": 0.7529259149799422, "bus_tau_mean": 0.5256163926475232, "bus_tau_std": 3.2825610365078086, "bus_v_mean": 24.516914257599076, "bus_v_std": 11.767346657877535, "car_acc": 3.449723078835714, "car_dcc": 2.4977537989269134, "car_lcAssertive": 82.43523709986323, "car_lcCooperative": 0.8794835234293169, "car_lcLookaheadLeft": 33.45666470339641, "car_lcPushy": 0.12295477155217849, "car_lcSigma": 0.7213033441865708, "car_lcSpeedGainRight": 2.201735434156191, "car_lcSublane": 0.1267357091420086, "car_sigma": 0.5898236481098892, "car_tau_mean": 0.6262391009945097, "car_tau_std": 2.0018211641098693, "car_v_mean": 22.189421414023442, "car_v_std": 0.24193520030715732}, "datetime": {"datetime": "2024-08-11 17:44:16", "elapsed": 127.135616, "delta": 1.000452}}
{"target": -0.4426935413169215, "params": {"bus_acc": 3.183627999218766, "bus_dcc": 3.105959548012587, "bus_lcAssertive": 67.86930405212397, "bus_lcCooperative": 0.7955027102986651, "bus_lcLookaheadLeft": 5.9217429959190815, "bus_lcPushy": 0.264681631716854, "bus_lcSigma": 0.6953975359715524, "bus_lcSpeedGainRight": 4.334941648038719, "bus_lcSublane": 0.6746068718168242, "bus_sigma": 0.17627612798343162, "bus_tau_mean": 3.7770796098099257, "bus_tau_std": 9.033787001108529, "bus_v_mean": 9.560217790521914, "bus_v_std": 3.86000075148506, "car_acc": 1.2457335163200014, "car_dcc": 3.005965108297506, "car_lcAssertive": 86.07795950178485, "car_lcCooperative": 0.5783223874515512, "car_lcLookaheadLeft": 21.565265923862896, "car_lcPushy": 0.41508988762136245, "car_lcSigma": 0.13785920026410714, "car_lcSpeedGainRight": 4.5869809342921215, "car_lcSublane": 0.7645309404104735, "car_sigma": 0.5102138338060775, "car_tau_mean": 2.087512651097933, "car_tau_std": 0.978420783455699, "car_v_mean": 13.73615641340589, "car_v_std": 2.412655907147929}, "datetime": {"datetime": "2024-08-11 17:44:17", "elapsed": 128.455615, "delta": 1.319999}}
