{"target": -0.17389316969565627, "params": {"bus_acc": 3.4488, "bus_dcc": 0.4862, "bus_lcAssertive": 34.2777, "bus_lcCooperative": 0.8765, "bus_lcLookaheadLeft": 76.4367, "bus_lcPushy": 0.8816, "bus_lcSigma": 0.9052, "bus_lcSpeedGainRight": 3.688, "bus_lcSublane": 0.7906, "bus_sigma": 0.5606, "bus_tau_mean": 1.8679, "bus_tau_std": 9.2677, "bus_v_mean": 15.3209, "bus_v_std": 1.3536, "car_acc": 2.706, "car_dcc": 3.3369, "car_lcAssertive": 78.7308, "car_lcCooperative": 0.9862, "car_lcLookaheadLeft": 67.234, "car_lcPushy": 0.6675, "car_lcSigma": 0.6904, "car_lcSpeedGainRight": 0.3576, "car_lcSublane": 0.801, "car_sigma": 0.431, "car_tau_mean": 0.9626, "car_tau_std": 9.7759, "car_v_mean": 12.0468, "car_v_std": 7.1483}, "datetime": {"datetime": "2024-09-05 16:57:29", "elapsed": 22104.781021, "delta": 20.60841}}
{"target": -0.20999544039038565, "params": {"bus_acc": 1.2024, "bus_dcc": 1.4921, "bus_lcAssertive": 8.7311, "bus_lcCooperative": 0.1695, "bus_lcLookaheadLeft": 12.5675, "bus_lcPushy": 0.9307, "bus_lcSigma": 0.8612, "bus_lcSpeedGainRight": 3.447, "bus_lcSublane": 0.6999, "bus_sigma": 0.118, "bus_tau_mean": 3.5489, "bus_tau_std": 2.2282, "bus_v_mean": 9.384, "bus_v_std": 0.4183, "car_acc": 0.7726, "car_dcc": 2.5965, "car_lcAssertive": 62.0205, "car_lcCooperative": 0.2157, "car_lcLookaheadLeft": 42.4706, "car_lcPushy": 0.6338, "car_lcSigma": 0.038, "car_lcSpeedGainRight": 3.9569, "car_lcSublane": 0.585, "car_sigma": 0.3154, "car_tau_mean": 1.9571, "car_tau_std": 5.3887, "car_v_mean": 17.8326, "car_v_std": 0.262}, "datetime": {"datetime": "2024-09-05 16:57:51", "elapsed": 22126.726034, "delta": 21.945013}}
{"target": -0.1750339173463007, "params": {"bus_acc": 2.7615, "bus_dcc": 1.5867, "bus_lcAssertive": 66.0741, "bus_lcCooperative": 0.8059, "bus_lcLookaheadLeft": 54.8334, "bus_lcPushy": 0.9856, "bus_lcSigma": 0.1628, "bus_lcSpeedGainRight": 4.7636, "bus_lcSublane": 0.3298, "bus_sigma": 0.1881, "bus_tau_mean": 1.931, "bus_tau_std": 2.2556, "bus_v_mean": 15.5191, "bus_v_std": 1.7115, "car_acc": 3.0601, "car_dcc": 3.0752, "car_lcAssertive": 71.4797, "car_lcCooperative": 0.2021, "car_lcLookaheadLeft": 77.3045, "car_lcPushy": 0.3698, "car_lcSigma": 0.9148, "car_lcSpeedGainRight": 2.3756, "car_lcSublane": 0.8472, "car_sigma": 0.5841, "car_tau_mean": 1.1251, "car_tau_std": 3.2335, "car_v_mean": 22.2132, "car_v_std": 14.8118}, "datetime": {"datetime": "2024-09-05 16:58:12", "elapsed": 22147.704484, "delta": 20.97845}}
{"target": -0.22557884159079114, "params": {"bus_acc": 2.1255, "bus_dcc": 1.8317, "bus_lcAssertive": 25.279, "bus_lcCooperative": 0.7141, "bus_lcLookaheadLeft": 19.2747, "bus_lcPushy": 0.9904, "bus_lcSigma": 0.6429, "bus_lcSpeedGainRight": 0.2928, "bus_lcSublane": 0.5871, "bus_sigma": 0.5823, "bus_tau_mean": 3.653, "bus_tau_std": 4.242, "bus_v_mean": 23.6466, "bus_v_std": 13.8722, "car_acc": 0.833, "car_dcc": 2.1477, "car_lcAssertive": 69.9375, "car_lcCooperative": 0.8571, "car_lcLookaheadLeft": 89.9911, "car_lcPushy": 0.036, "car_lcSigma": 0.2444, "car_lcSpeedGainRight": 2.5089, "car_lcSublane": 0.2791, "car_sigma": 0.1662, "car_tau_mean": 0.9098, "car_tau_std": 2.5771, "car_v_mean": 22.902, "car_v_std": 10.9157}, "datetime": {"datetime": "2024-09-05 16:58:36", "elapsed": 22172.459306, "delta": 24.754822}}
{"target": -0.7286339130837723, "params": {"bus_acc": 3.9292, "bus_dcc": 2.5467, "bus_lcAssertive": 78.0703, "bus_lcCooperative": 0.0442, "bus_lcLookaheadLeft": 76.0703, "bus_lcPushy": 0.5397, "bus_lcSigma": 0.9268, "bus_lcSpeedGainRight": 0.4255, "bus_lcSublane": 0.0425, "bus_sigma": 0.8389, "bus_tau_mean": 1.682, "bus_tau_std": 2.0218, "bus_v_mean": 16.076, "bus_v_std": 4.5506, "car_acc": 0.644, "car_dcc": 1.1194, "car_lcAssertive": 74.0833, "car_lcCooperative": 0.0851, "car_lcLookaheadLeft": 62.6512, "car_lcPushy": 0.7734, "car_lcSigma": 0.6963, "car_lcSpeedGainRight": 4.5246, "car_lcSublane": 0.7435, "car_sigma": 0.8847, "car_tau_mean": 0.8186, "car_tau_std": 0.7126, "car_v_mean": 23.484, "car_v_std": 10.0224}, "datetime": {"datetime": "2024-09-05 16:59:29", "elapsed": 22225.230357, "delta": 52.771051}}
{"target": -0.2750990121926456, "params": {"bus_acc": 0.3421, "bus_dcc": 1.9016, "bus_lcAssertive": 66.0721, "bus_lcCooperative": 0.3083, "bus_lcLookaheadLeft": 21.3903, "bus_lcPushy": 0.1298, "bus_lcSigma": 0.2422, "bus_lcSpeedGainRight": 0.9068, "bus_lcSublane": 0.3066, "bus_sigma": 0.3971, "bus_tau_mean": 0.8138, "bus_tau_std": 9.4561, "bus_v_mean": 21.3345, "bus_v_std": 12.8982, "car_acc": 0.8936, "car_dcc": 2.0375, "car_lcAssertive": 49.8802, "car_lcCooperative": 0.8867, "car_lcLookaheadLeft": 86.3306, "car_lcPushy": 0.3642, "car_lcSigma": 0.1098, "car_lcSpeedGainRight": 0.7044, "car_lcSublane": 0.8518, "car_sigma": 0.4336, "car_tau_mean": 1.033, "car_tau_std": 4.4198, "car_v_mean": 9.624, "car_v_std": 16.6141}, "datetime": {"datetime": "2024-09-05 16:59:52", "elapsed": 22247.757461, "delta": 22.527104}}
{"target": -0.2421595313920836, "params": {"bus_acc": 1.7426, "bus_dcc": 2.2306, "bus_lcAssertive": 7.5469, "bus_lcCooperative": 0.2094, "bus_lcLookaheadLeft": 87.7232, "bus_lcPushy": 0.9363, "bus_lcSigma": 0.0843, "bus_lcSpeedGainRight": 4.1928, "bus_lcSublane": 0.328, "bus_sigma": 0.876, "bus_tau_mean": 2.061, "bus_tau_std": 6.5846, "bus_v_mean": 13.3172, "bus_v_std": 14.4832, "car_acc": 0.6103, "car_dcc": 2.739, "car_lcAssertive": 4.418, "car_lcCooperative": 0.3043, "car_lcLookaheadLeft": 91.6484, "car_lcPushy": 0.6123, "car_lcSigma": 0.0229, "car_lcSpeedGainRight": 4.2285, "car_lcSublane": 0.7516, "car_sigma": 0.0551, "car_tau_mean": 3.6774, "car_tau_std": 7.7729, "car_v_mean": 24.4131, "car_v_std": 6.5107}, "datetime": {"datetime": "2024-09-05 17:00:17", "elapsed": 22272.822821, "delta": 25.06536}}
{"target": -0.19059139792064642, "params": {"bus_acc": 2.2031, "bus_dcc": 3.8803, "bus_lcAssertive": 30.8005, "bus_lcCooperative": 0.2193, "bus_lcLookaheadLeft": 69.5162, "bus_lcPushy": 0.3618, "bus_lcSigma": 0.9649, "bus_lcSpeedGainRight": 4.5353, "bus_lcSublane": 0.9768, "bus_sigma": 0.006, "bus_tau_mean": 2.3435, "bus_tau_std": 9.8603, "bus_v_mean": 24.4301, "bus_v_std": 3.5786, "car_acc": 3.8688, "car_dcc": 3.2444, "car_lcAssertive": 84.4854, "car_lcCooperative": 0.8573, "car_lcLookaheadLeft": 12.0286, "car_lcPushy": 0.7872, "car_lcSigma": 0.3001, "car_lcSpeedGainRight": 3.1407, "car_lcSublane": 0.1177, "car_sigma": 0.1471, "car_tau_mean": 2.4559, "car_tau_std": 5.3713, "car_v_mean": 22.1842, "car_v_std": 10.0067}, "datetime": {"datetime": "2024-09-05 17:00:44", "elapsed": 22299.651537, "delta": 26.828716}}
{"target": -0.19162441128204588, "params": {"bus_acc": 2.0459, "bus_dcc": 1.157, "bus_lcAssertive": 22.1234, "bus_lcCooperative": 0.2028, "bus_lcLookaheadLeft": 65.4999, "bus_lcPushy": 0.08, "bus_lcSigma": 0.796, "bus_lcSpeedGainRight": 1.3402, "bus_lcSublane": 0.7592, "bus_sigma": 0.4923, "bus_tau_mean": 1.076, "bus_tau_std": 3.9717, "bus_v_mean": 20.5478, "bus_v_std": 10.0267, "car_acc": 3.8199, "car_dcc": 3.7746, "car_lcAssertive": 18.1511, "car_lcCooperative": 0.3192, "car_lcLookaheadLeft": 27.7723, "car_lcPushy": 0.4705, "car_lcSigma": 0.0124, "car_lcSpeedGainRight": 4.4997, "car_lcSublane": 0.1587, "car_sigma": 0.7063, "car_tau_mean": 0.8727, "car_tau_std": 2.7308, "car_v_mean": 21.0502, "car_v_std": 2.1073}, "datetime": {"datetime": "2024-09-05 17:01:08", "elapsed": 22323.569704, "delta": 23.918167}}
{"target": -0.20063612843601253, "params": {"bus_acc": 3.7672, "bus_dcc": 1.3865, "bus_lcAssertive": 33.8732, "bus_lcCooperative": 0.7116, "bus_lcLookaheadLeft": 79.2271, "bus_lcPushy": 0.0036, "bus_lcSigma": 0.8101, "bus_lcSpeedGainRight": 3.932, "bus_lcSublane": 0.1075, "bus_sigma": 0.9147, "bus_tau_mean": 3.9312, "bus_tau_std": 7.1318, "bus_v_mean": 10.764, "bus_v_std": 7.5587, "car_acc": 3.6552, "car_dcc": 0.4644, "car_lcAssertive": 26.3191, "car_lcCooperative": 0.112, "car_lcLookaheadLeft": 5.5126, "car_lcPushy": 0.2235, "car_lcSigma": 0.9023, "car_lcSpeedGainRight": 2.5155, "car_lcSublane": 0.2237, "car_sigma": 0.8444, "car_tau_mean": 1.4507, "car_tau_std": 7.712, "car_v_mean": 13.1535, "car_v_std": 0.7452}, "datetime": {"datetime": "2024-09-05 17:01:59", "elapsed": 22375.318946, "delta": 51.749242}}
{"target": -0.20149927842503165, "params": {"bus_acc": 1.0899, "bus_dcc": 3.3636, "bus_lcAssertive": 28.8584, "bus_lcCooperative": 0.0056, "bus_lcLookaheadLeft": 56.2354, "bus_lcPushy": 0.456, "bus_lcSigma": 0.6926, "bus_lcSpeedGainRight": 2.8846, "bus_lcSublane": 0.3613, "bus_sigma": 0.7267, "bus_tau_mean": 1.5521, "bus_tau_std": 0.6794, "bus_v_mean": 8.0617, "bus_v_std": 9.4394, "car_acc": 2.4285, "car_dcc": 0.9726, "car_lcAssertive": 85.7636, "car_lcCooperative": 0.9979, "car_lcLookaheadLeft": 31.5094, "car_lcPushy": 0.0923, "car_lcSigma": 0.4634, "car_lcSpeedGainRight": 1.2331, "car_lcSublane": 0.0155, "car_sigma": 0.8702, "car_tau_mean": 3.2968, "car_tau_std": 6.5207, "car_v_mean": 17.6669, "car_v_std": 5.974}, "datetime": {"datetime": "2024-09-05 17:02:21", "elapsed": 22396.786955, "delta": 21.468009}}
{"target": -0.663591985201191, "params": {"bus_acc": 1.2413, "bus_dcc": 0.3111, "bus_lcAssertive": 47.2077, "bus_lcCooperative": 0.6393, "bus_lcLookaheadLeft": 12.0765, "bus_lcPushy": 0.0782, "bus_lcSigma": 0.0482, "bus_lcSpeedGainRight": 4.3553, "bus_lcSublane": 0.6274, "bus_sigma": 0.2381, "bus_tau_mean": 0.8631, "bus_tau_std": 2.4652, "bus_v_mean": 22.7433, "bus_v_std": 3.8531, "car_acc": 0.2982, "car_dcc": 3.5477, "car_lcAssertive": 23.3338, "car_lcCooperative": 0.2376, "car_lcLookaheadLeft": 73.6915, "car_lcPushy": 0.4254, "car_lcSigma": 0.9486, "car_lcSpeedGainRight": 0.1983, "car_lcSublane": 0.1125, "car_sigma": 0.2421, "car_tau_mean": 1.6463, "car_tau_std": 1.634, "car_v_mean": 25.7376, "car_v_std": 7.0282}, "datetime": {"datetime": "2024-09-05 17:02:49", "elapsed": 22425.0962, "delta": 28.309245}}
{"target": -0.196581663774547, "params": {"bus_acc": 2.2919, "bus_dcc": 0.955, "bus_lcAssertive": 32.39, "bus_lcCooperative": 0.1778, "bus_lcLookaheadLeft": 4.8878, "bus_lcPushy": 0.3828, "bus_lcSigma": 0.6479, "bus_lcSpeedGainRight": 0.7516, "bus_lcSublane": 0.6626, "bus_sigma": 0.8005, "bus_tau_mean": 0.8731, "bus_tau_std": 2.3629, "bus_v_mean": 19.3954, "bus_v_std": 9.6954, "car_acc": 3.8796, "car_dcc": 3.0157, "car_lcAssertive": 62.9064, "car_lcCooperative": 0.4834, "car_lcLookaheadLeft": 67.2964, "car_lcPushy": 0.7607, "car_lcSigma": 0.7587, "car_lcSpeedGainRight": 4.3632, "car_lcSublane": 0.8666, "car_sigma": 0.2095, "car_tau_mean": 2.9187, "car_tau_std": 9.5695, "car_v_mean": 17.9963, "car_v_std": 7.4357}, "datetime": {"datetime": "2024-09-05 17:03:38", "elapsed": 22473.789977, "delta": 48.693777}}
{"target": -0.2663658651383018, "params": {"bus_acc": 2.0785, "bus_dcc": 0.5121, "bus_lcAssertive": 55.4633, "bus_lcCooperative": 0.0542, "bus_lcLookaheadLeft": 70.8911, "bus_lcPushy": 0.3443, "bus_lcSigma": 0.211, "bus_lcSpeedGainRight": 2.8301, "bus_lcSublane": 0.7929, "bus_sigma": 0.827, "bus_tau_mean": 3.0812, "bus_tau_std": 8.8803, "bus_v_mean": 21.5039, "bus_v_std": 11.1094, "car_acc": 3.8148, "car_dcc": 1.4557, "car_lcAssertive": 80.1461, "car_lcCooperative": 0.3195, "car_lcLookaheadLeft": 71.2654, "car_lcPushy": 0.0394, "car_lcSigma": 0.8487, "car_lcSpeedGainRight": 1.8951, "car_lcSublane": 0.6157, "car_sigma": 0.5355, "car_tau_mean": 0.8921, "car_tau_std": 0.6024, "car_v_mean": 16.0492, "car_v_std": 8.4476}, "datetime": {"datetime": "2024-09-05 17:03:58", "elapsed": 22494.001631, "delta": 20.211654}}
{"target": -0.1706086447399154, "params": {"bus_acc": 3.3247, "bus_dcc": 1.8514, "bus_lcAssertive": 93.4866, "bus_lcCooperative": 0.7896, "bus_lcLookaheadLeft": 80.1533, "bus_lcPushy": 0.6559, "bus_lcSigma": 0.3371, "bus_lcSpeedGainRight": 2.974, "bus_lcSublane": 0.0406, "bus_sigma": 0.8767, "bus_tau_mean": 3.4719, "bus_tau_std": 3.0094, "bus_v_mean": 21.9662, "bus_v_std": 16.6669, "car_acc": 3.5913, "car_dcc": 3.3761, "car_lcAssertive": 89.8777, "car_lcCooperative": 0.248, "car_lcLookaheadLeft": 42.62, "car_lcPushy": 0.2859, "car_lcSigma": 0.8009, "car_lcSpeedGainRight": 2.0215, "car_lcSublane": 0.7581, "car_sigma": 0.2906, "car_tau_mean": 1.571, "car_tau_std": 4.9262, "car_v_mean": 12.3024, "car_v_std": 17.5568}, "datetime": {"datetime": "2024-09-05 17:04:49", "elapsed": 22544.582133, "delta": 50.580502}}
{"target": -0.21059432744420667, "params": {"bus_acc": 1.0314, "bus_dcc": 2.3263, "bus_lcAssertive": 51.6563, "bus_lcCooperative": 0.3451, "bus_lcLookaheadLeft": 94.5635, "bus_lcPushy": 0.2239, "bus_lcSigma": 0.7726, "bus_lcSpeedGainRight": 1.7643, "bus_lcSublane": 0.0588, "bus_sigma": 0.1906, "bus_tau_mean": 1.2059, "bus_tau_std": 3.6427, "bus_v_mean": 20.9249, "bus_v_std": 12.2561, "car_acc": 1.2961, "car_dcc": 3.4629, "car_lcAssertive": 24.1333, "car_lcCooperative": 0.6429, "car_lcLookaheadLeft": 72.7181, "car_lcPushy": 0.1739, "car_lcSigma": 0.4821, "car_lcSpeedGainRight": 3.6797, "car_lcSublane": 0.2451, "car_sigma": 0.7942, "car_tau_mean": 2.7615, "car_tau_std": 4.3794, "car_v_mean": 13.9473, "car_v_std": 17.4975}, "datetime": {"datetime": "2024-09-05 17:05:51", "elapsed": 22607.362127, "delta": 62.779994}}
{"target": -0.18353779910916726, "params": {"bus_acc": 3.2486, "bus_dcc": 2.5427, "bus_lcAssertive": 46.486, "bus_lcCooperative": 0.6617, "bus_lcLookaheadLeft": 25.3372, "bus_lcPushy": 0.4104, "bus_lcSigma": 0.4097, "bus_lcSpeedGainRight": 3.9018, "bus_lcSublane": 0.1858, "bus_sigma": 0.8114, "bus_tau_mean": 0.5029, "bus_tau_std": 4.1537, "bus_v_mean": 10.7569, "bus_v_std": 12.6135, "car_acc": 2.7021, "car_dcc": 3.5178, "car_lcAssertive": 82.2492, "car_lcCooperative": 0.0461, "car_lcLookaheadLeft": 13.074, "car_lcPushy": 0.8645, "car_lcSigma": 0.4492, "car_lcSpeedGainRight": 2.4613, "car_lcSublane": 0.7485, "car_sigma": 0.1787, "car_tau_mean": 1.8416, "car_tau_std": 5.3977, "car_v_mean": 25.7707, "car_v_std": 5.3341}, "datetime": {"datetime": "2024-09-05 17:06:10", "elapsed": 22625.899874, "delta": 18.537747}}
{"target": -0.19158304200036422, "params": {"bus_acc": 3.7318, "bus_dcc": 2.0377, "bus_lcAssertive": 6.2798, "bus_lcCooperative": 0.5464, "bus_lcLookaheadLeft": 59.0146, "bus_lcPushy": 0.188, "bus_lcSigma": 0.6845, "bus_lcSpeedGainRight": 3.2251, "bus_lcSublane": 0.1727, "bus_sigma": 0.4941, "bus_tau_mean": 3.9996, "bus_tau_std": 9.7624, "bus_v_mean": 20.3475, "bus_v_std": 1.3291, "car_acc": 1.0466, "car_dcc": 3.9547, "car_lcAssertive": 82.9288, "car_lcCooperative": 0.0547, "car_lcLookaheadLeft": 89.1069, "car_lcPushy": 0.8854, "car_lcSigma": 0.8793, "car_lcSpeedGainRight": 1.3021, "car_lcSublane": 0.2274, "car_sigma": 0.9636, "car_tau_mean": 3.645, "car_tau_std": 7.9947, "car_v_mean": 19.3285, "car_v_std": 1.6349}, "datetime": {"datetime": "2024-09-05 17:06:38", "elapsed": 22653.896401, "delta": 27.996527}}
{"target": -0.17525382606870046, "params": {"bus_acc": 2.7155, "bus_dcc": 2.1388, "bus_lcAssertive": 90.9724, "bus_lcCooperative": 0.5689, "bus_lcLookaheadLeft": 28.4388, "bus_lcPushy": 0.4363, "bus_lcSigma": 0.0168, "bus_lcSpeedGainRight": 3.0515, "bus_lcSublane": 0.4154, "bus_sigma": 0.2731, "bus_tau_mean": 1.2128, "bus_tau_std": 3.3981, "bus_v_mean": 10.9362, "bus_v_std": 12.6645, "car_acc": 2.7999, "car_dcc": 2.3504, "car_lcAssertive": 8.629, "car_lcCooperative": 0.4415, "car_lcLookaheadLeft": 43.1906, "car_lcPushy": 0.3719, "car_lcSigma": 0.1386, "car_lcSpeedGainRight": 2.3368, "car_lcSublane": 0.0779, "car_sigma": 0.1934, "car_tau_mean": 1.0546, "car_tau_std": 7.5918, "car_v_mean": 12.0315, "car_v_std": 19.5368}, "datetime": {"datetime": "2024-09-05 17:07:18", "elapsed": 22693.841484, "delta": 39.945083}}
{"target": -0.22423292623256727, "params": {"bus_acc": 2.2826, "bus_dcc": 2.0262, "bus_lcAssertive": 71.6594, "bus_lcCooperative": 0.4594, "bus_lcLookaheadLeft": 96.8613, "bus_lcPushy": 0.8514, "bus_lcSigma": 0.9858, "bus_lcSpeedGainRight": 2.2858, "bus_lcSublane": 0.3809, "bus_sigma": 0.3362, "bus_tau_mean": 3.2337, "bus_tau_std": 3.2861, "bus_v_mean": 11.026, "bus_v_std": 3.1321, "car_acc": 0.7659, "car_dcc": 3.762, "car_lcAssertive": 15.731, "car_lcCooperative": 0.5556, "car_lcLookaheadLeft": 61.2306, "car_lcPushy": 0.9262, "car_lcSigma": 0.2279, "car_lcSpeedGainRight": 4.6548, "car_lcSublane": 0.7738, "car_sigma": 0.0066, "car_tau_mean": 1.984, "car_tau_std": 1.6275, "car_v_mean": 19.1716, "car_v_std": 14.4871}, "datetime": {"datetime": "2024-09-05 17:07:34", "elapsed": 22709.647338, "delta": 15.805854}}
{"target": -0.18736239985720793, "params": {"bus_acc": 2.6943, "bus_dcc": 2.4523, "bus_lcAssertive": 49.6065, "bus_lcCooperative": 0.1384, "bus_lcLookaheadLeft": 35.0846, "bus_lcPushy": 0.0387, "bus_lcSigma": 0.905, "bus_lcSpeedGainRight": 0.4976, "bus_lcSublane": 0.948, "bus_sigma": 0.3922, "bus_tau_mean": 0.6388, "bus_tau_std": 5.1751, "bus_v_mean": 18.7615, "bus_v_std": 2.038, "car_acc": 1.1745, "car_dcc": 2.2999, "car_lcAssertive": 88.3588, "car_lcCooperative": 0.4861, "car_lcLookaheadLeft": 12.2116, "car_lcPushy": 0.8575, "car_lcSigma": 0.2664, "car_lcSpeedGainRight": 2.8588, "car_lcSublane": 0.5328, "car_sigma": 0.0778, "car_tau_mean": 2.9087, "car_tau_std": 5.8259, "car_v_mean": 22.149, "car_v_std": 9.5101}, "datetime": {"datetime": "2024-09-05 17:07:49", "elapsed": 22725.123838, "delta": 15.4765}}
{"target": -0.24276568647149252, "params": {"bus_acc": 1.8972, "bus_dcc": 3.397, "bus_lcAssertive": 66.9122, "bus_lcCooperative": 0.1901, "bus_lcLookaheadLeft": 13.9539, "bus_lcPushy": 0.9241, "bus_lcSigma": 0.754, "bus_lcSpeedGainRight": 4.9534, "bus_lcSublane": 0.374, "bus_sigma": 0.0642, "bus_tau_mean": 1.3109, "bus_tau_std": 6.4471, "bus_v_mean": 18.9271, "bus_v_std": 11.3572, "car_acc": 0.7152, "car_dcc": 3.3657, "car_lcAssertive": 69.0726, "car_lcCooperative": 0.2691, "car_lcLookaheadLeft": 33.4941, "car_lcPushy": 0.1605, "car_lcSigma": 0.3025, "car_lcSpeedGainRight": 2.1734, "car_lcSublane": 0.18, "car_sigma": 0.9836, "car_tau_mean": 1.8984, "car_tau_std": 6.7388, "car_v_mean": 17.9699, "car_v_std": 11.1725}, "datetime": {"datetime": "2024-09-05 17:08:07", "elapsed": 22742.92304, "delta": 17.799202}}
{"target": -0.22181312431300293, "params": {"bus_acc": 2.9976, "bus_dcc": 1.5747, "bus_lcAssertive": 76.6567, "bus_lcCooperative": 0.363, "bus_lcLookaheadLeft": 57.774, "bus_lcPushy": 0.3207, "bus_lcSigma": 0.2537, "bus_lcSpeedGainRight": 1.7953, "bus_lcSublane": 0.803, "bus_sigma": 0.9289, "bus_tau_mean": 0.8044, "bus_tau_std": 4.7455, "bus_v_mean": 13.7327, "bus_v_std": 4.2588, "car_acc": 2.3355, "car_dcc": 1.1625, "car_lcAssertive": 30.0524, "car_lcCooperative": 0.7158, "car_lcLookaheadLeft": 10.864, "car_lcPushy": 0.7871, "car_lcSigma": 0.1255, "car_lcSpeedGainRight": 0.4146, "car_lcSublane": 0.752, "car_sigma": 0.7513, "car_tau_mean": 1.3036, "car_tau_std": 6.448, "car_v_mean": 18.2971, "car_v_std": 12.41}, "datetime": {"datetime": "2024-09-05 17:08:23", "elapsed": 22758.686684, "delta": 15.763644}}
{"target": -0.1895606513297642, "params": {"bus_acc": 1.9421, "bus_dcc": 2.9865, "bus_lcAssertive": 62.5011, "bus_lcCooperative": 0.67, "bus_lcLookaheadLeft": 12.8784, "bus_lcPushy": 0.9173, "bus_lcSigma": 0.6074, "bus_lcSpeedGainRight": 1.9242, "bus_lcSublane": 0.1591, "bus_sigma": 0.713, "bus_tau_mean": 1.1333, "bus_tau_std": 2.3842, "bus_v_mean": 20.6823, "bus_v_std": 14.0409, "car_acc": 1.5697, "car_dcc": 1.4908, "car_lcAssertive": 47.225, "car_lcCooperative": 0.5061, "car_lcLookaheadLeft": 73.7492, "car_lcPushy": 0.1799, "car_lcSigma": 0.6984, "car_lcSpeedGainRight": 4.8206, "car_lcSublane": 0.2316, "car_sigma": 0.6201, "car_tau_mean": 3.4299, "car_tau_std": 5.9433, "car_v_mean": 14.376, "car_v_std": 10.6145}, "datetime": {"datetime": "2024-09-05 17:08:42", "elapsed": 22777.772074, "delta": 19.08539}}
{"target": -0.2620876545182304, "params": {"bus_acc": 2.1041, "bus_dcc": 2.7612, "bus_lcAssertive": 26.8968, "bus_lcCooperative": 0.2969, "bus_lcLookaheadLeft": 67.5257, "bus_lcPushy": 0.3863, "bus_lcSigma": 0.6551, "bus_lcSpeedGainRight": 2.7171, "bus_lcSublane": 0.022, "bus_sigma": 0.7861, "bus_tau_mean": 1.102, "bus_tau_std": 9.5616, "bus_v_mean": 25.25, "bus_v_std": 1.1441, "car_acc": 3.406, "car_dcc": 1.4591, "car_lcAssertive": 31.4562, "car_lcCooperative": 0.8709, "car_lcLookaheadLeft": 51.8675, "car_lcPushy": 0.8359, "car_lcSigma": 0.4278, "car_lcSpeedGainRight": 3.1681, "car_lcSublane": 0.7799, "car_sigma": 0.2247, "car_tau_mean": 2.1122, "car_tau_std": 8.4824, "car_v_mean": 25.3549, "car_v_std": 11.9825}, "datetime": {"datetime": "2024-09-05 17:08:57", "elapsed": 22792.712345, "delta": 14.940271}}
{"target": -0.19868587213135225, "params": {"bus_acc": 1.4832, "bus_dcc": 0.2733, "bus_lcAssertive": 7.7747, "bus_lcCooperative": 0.0788, "bus_lcLookaheadLeft": 71.3993, "bus_lcPushy": 0.9827, "bus_lcSigma": 0.4199, "bus_lcSpeedGainRight": 1.3369, "bus_lcSublane": 0.2052, "bus_sigma": 0.7204, "bus_tau_mean": 3.6171, "bus_tau_std": 1.4723, "bus_v_mean": 12.8859, "bus_v_std": 17.606, "car_acc": 1.1225, "car_dcc": 2.5914, "car_lcAssertive": 50.0208, "car_lcCooperative": 0.1562, "car_lcLookaheadLeft": 59.0835, "car_lcPushy": 0.6366, "car_lcSigma": 0.4957, "car_lcSpeedGainRight": 0.8545, "car_lcSublane": 0.6934, "car_sigma": 0.9965, "car_tau_mean": 2.6715, "car_tau_std": 7.3964, "car_v_mean": 13.1552, "car_v_std": 13.2025}, "datetime": {"datetime": "2024-09-05 17:09:14", "elapsed": 22809.566429, "delta": 16.854084}}
