{"target": -0.4035284305831927, "params": {"bus_acc": 0.7889, "bus_dcc": 2.98, "bus_lcAssertive": 42.2797, "bus_lcCooperative": 0.2922, "bus_lcLookaheadLeft": 78.0311, "bus_lcPushy": 0.062, "bus_lcSigma": 0.4502, "bus_lcSpeedGainRight": 0.468, "bus_lcSublane": 0.9294, "bus_sigma": 0.522, "bus_tau_mean": 3.0746, "bus_tau_std": 4.2595, "bus_v_mean": 10.8302, "bus_v_std": 10.4194, "car_acc": 3.1108, "car_dcc": 2.8519, "car_lcAssertive": 7.0351, "car_lcCooperative": 0.0642, "car_lcLookaheadLeft": 3.493, "car_lcPushy": 0.9833, "car_lcSigma": 0.8906, "car_lcSpeedGainRight": 2.3212, "car_lcSublane": 0.8535, "car_sigma": 0.9884, "car_tau_mean": 3.4487, "car_tau_std": 5.8769, "car_v_mean": 18.8861, "car_v_std": 4.5266}, "datetime": {"datetime": "2024-08-11 18:01:54", "elapsed": 1184.760856, "delta": 2.764777}}
{"target": -0.37773489603186766, "params": {"bus_acc": 0.4343, "bus_dcc": 2.5366, "bus_lcAssertive": 79.4823, "bus_lcCooperative": 0.1984, "bus_lcLookaheadLeft": 43.2184, "bus_lcPushy": 0.3859, "bus_lcSigma": 0.5654, "bus_lcSpeedGainRight": 2.5589, "bus_lcSublane": 0.0375, "bus_sigma": 0.7305, "bus_tau_mean": 1.2986, "bus_tau_std": 6.4894, "bus_v_mean": 17.5483, "bus_v_std": 7.8523, "car_acc": 2.3286, "car_dcc": 2.2416, "car_lcAssertive": 29.6775, "car_lcCooperative": 0.1547, "car_lcLookaheadLeft": 55.7994, "car_lcPushy": 0.0042, "car_lcSigma": 0.2588, "car_lcSpeedGainRight": 3.2132, "car_lcSublane": 0.1513, "car_sigma": 0.5888, "car_tau_mean": 1.6791, "car_tau_std": 3.1475, "car_v_mean": 21.7508, "car_v_std": 16.7269}, "datetime": {"datetime": "2024-08-11 18:01:56", "elapsed": 1187.504003, "delta": 2.743147}}
{"target": -0.14839975062757682, "params": {"bus_acc": 3.6584, "bus_dcc": 1.3882, "bus_lcAssertive": 85.1948, "bus_lcCooperative": 0.9641, "bus_lcLookaheadLeft": 28.0419, "bus_lcPushy": 0.066, "bus_lcSigma": 0.1078, "bus_lcSpeedGainRight": 4.0308, "bus_lcSublane": 0.5176, "bus_sigma": 0.4907, "bus_tau_mean": 2.4094, "bus_tau_std": 9.5182, "bus_v_mean": 13.0382, "bus_v_std": 16.2492, "car_acc": 0.2389, "car_dcc": 1.8652, "car_lcAssertive": 58.6134, "car_lcCooperative": 0.3961, "car_lcLookaheadLeft": 94.0026, "car_lcPushy": 0.883, "car_lcSigma": 0.1991, "car_lcSpeedGainRight": 1.6076, "car_lcSublane": 0.3071, "car_sigma": 0.6878, "car_tau_mean": 0.9813, "car_tau_std": 7.3539, "car_v_mean": 24.7825, "car_v_std": 8.0797}, "datetime": {"datetime": "2024-08-11 18:01:58", "elapsed": 1189.598857, "delta": 2.094854}}
{"target": -0.4401370302986152, "params": {"bus_acc": 3.3354, "bus_dcc": 2.3502, "bus_lcAssertive": 96.8743, "bus_lcCooperative": 0.331, "bus_lcLookaheadLeft": 80.4481, "bus_lcPushy": 0.8616, "bus_lcSigma": 0.8727, "bus_lcSpeedGainRight": 4.7747, "bus_lcSublane": 0.0049, "bus_sigma": 0.2876, "bus_tau_mean": 2.101, "bus_tau_std": 4.7735, "bus_v_mean": 14.2553, "bus_v_std": 13.5253, "car_acc": 1.022, "car_dcc": 0.3502, "car_lcAssertive": 43.1822, "car_lcCooperative": 0.7295, "car_lcLookaheadLeft": 92.251, "car_lcPushy": 0.0139, "car_lcSigma": 0.2633, "car_lcSpeedGainRight": 1.161, "car_lcSublane": 0.8796, "car_sigma": 0.048, "car_tau_mean": 3.0861, "car_tau_std": 3.8406, "car_v_mean": 24.8589, "car_v_std": 13.8682}, "datetime": {"datetime": "2024-08-11 18:02:01", "elapsed": 1191.89943, "delta": 2.300573}}
{"target": -0.3550930503855902, "params": {"bus_acc": 1.922, "bus_dcc": 3.7799, "bus_lcAssertive": 84.6182, "bus_lcCooperative": 0.7529, "bus_lcLookaheadLeft": 24.1058, "bus_lcPushy": 0.0622, "bus_lcSigma": 0.9423, "bus_lcSpeedGainRight": 2.6488, "bus_lcSublane": 0.6594, "bus_sigma": 0.9087, "bus_tau_mean": 3.6021, "bus_tau_std": 9.901, "bus_v_mean": 8.9174, "bus_v_std": 17.1562, "car_acc": 2.7026, "car_dcc": 1.325, "car_lcAssertive": 68.4486, "car_lcCooperative": 0.8436, "car_lcLookaheadLeft": 23.473, "car_lcPushy": 0.9192, "car_lcSigma": 0.8481, "car_lcSpeedGainRight": 1.139, "car_lcSublane": 0.5557, "car_sigma": 0.6254, "car_tau_mean": 1.716, "car_tau_std": 2.8561, "car_v_mean": 25.2042, "car_v_std": 7.0486}, "datetime": {"datetime": "2024-08-11 18:02:06", "elapsed": 1197.425044, "delta": 5.525614}}
{"target": -0.4163345065092386, "params": {"bus_acc": 3.1596, "bus_dcc": 2.3421, "bus_lcAssertive": 11.6322, "bus_lcCooperative": 0.5992, "bus_lcLookaheadLeft": 9.2117, "bus_lcPushy": 0.2301, "bus_lcSigma": 0.4998, "bus_lcSpeedGainRight": 2.9501, "bus_lcSublane": 0.5261, "bus_sigma": 0.7522, "bus_tau_mean": 3.2219, "bus_tau_std": 4.5183, "bus_v_mean": 16.3298, "bus_v_std": 16.0336, "car_acc": 3.8264, "car_dcc": 3.8205, "car_lcAssertive": 32.08, "car_lcCooperative": 0.4378, "car_lcLookaheadLeft": 61.6517, "car_lcPushy": 0.2799, "car_lcSigma": 0.3278, "car_lcSpeedGainRight": 3.3405, "car_lcSublane": 0.8382, "car_sigma": 0.3935, "car_tau_mean": 0.7675, "car_tau_std": 6.9118, "car_v_mean": 14.433, "car_v_std": 11.5432}, "datetime": {"datetime": "2024-08-11 18:02:13", "elapsed": 1203.916791, "delta": 6.491747}}
{"target": -0.5003096240585584, "params": {"bus_acc": 3.3734, "bus_dcc": 1.5112, "bus_lcAssertive": 2.2631, "bus_lcCooperative": 0.1668, "bus_lcLookaheadLeft": 50.0862, "bus_lcPushy": 0.5687, "bus_lcSigma": 0.4469, "bus_lcSpeedGainRight": 1.0567, "bus_lcSublane": 0.7106, "bus_sigma": 0.0761, "bus_tau_mean": 1.6073, "bus_tau_std": 9.0881, "bus_v_mean": 20.0106, "bus_v_std": 15.2857, "car_acc": 2.7531, "car_dcc": 0.9322, "car_lcAssertive": 24.6336, "car_lcCooperative": 0.2871, "car_lcLookaheadLeft": 18.5296, "car_lcPushy": 0.9936, "car_lcSigma": 0.2309, "car_lcSpeedGainRight": 0.6788, "car_lcSublane": 0.5337, "car_sigma": 0.2384, "car_tau_mean": 2.3938, "car_tau_std": 3.6204, "car_v_mean": 24.4752, "car_v_std": 16.8222}, "datetime": {"datetime": "2024-08-11 18:02:15", "elapsed": 1206.458822, "delta": 2.542031}}
{"target": -0.3803558752522301, "params": {"bus_acc": 1.2406, "bus_dcc": 3.5968, "bus_lcAssertive": 67.0435, "bus_lcCooperative": 0.8943, "bus_lcLookaheadLeft": 58.3092, "bus_lcPushy": 0.4215, "bus_lcSigma": 0.1734, "bus_lcSpeedGainRight": 1.8891, "bus_lcSublane": 0.4247, "bus_sigma": 0.7583, "bus_tau_mean": 2.9027, "bus_tau_std": 1.5257, "bus_v_mean": 11.2016, "bus_v_std": 8.5467, "car_acc": 1.2725, "car_dcc": 2.8912, "car_lcAssertive": 81.1069, "car_lcCooperative": 0.3208, "car_lcLookaheadLeft": 67.6066, "car_lcPushy": 0.435, "car_lcSigma": 0.7554, "car_lcSpeedGainRight": 3.7145, "car_lcSublane": 0.9556, "car_sigma": 0.1213, "car_tau_mean": 0.8, "car_tau_std": 0.7433, "car_v_mean": 14.0509, "car_v_std": 18.8216}, "datetime": {"datetime": "2024-08-11 18:02:18", "elapsed": 1209.532615, "delta": 3.073793}}
{"target": -0.3465169397866084, "params": {"bus_acc": 2.9487, "bus_dcc": 2.7803, "bus_lcAssertive": 30.4462, "bus_lcCooperative": 0.6417, "bus_lcLookaheadLeft": 61.5026, "bus_lcPushy": 0.7847, "bus_lcSigma": 0.416, "bus_lcSpeedGainRight": 1.9269, "bus_lcSublane": 0.4942, "bus_sigma": 0.1044, "bus_tau_mean": 2.4237, "bus_tau_std": 1.8581, "bus_v_mean": 25.4168, "bus_v_std": 13.3634, "car_acc": 1.266, "car_dcc": 3.8984, "car_lcAssertive": 43.52, "car_lcCooperative": 0.9988, "car_lcLookaheadLeft": 47.5457, "car_lcPushy": 0.7999, "car_lcSigma": 0.7542, "car_lcSpeedGainRight": 0.6038, "car_lcSublane": 0.3818, "car_sigma": 0.7473, "car_tau_mean": 3.7033, "car_tau_std": 7.7115, "car_v_mean": 25.813, "car_v_std": 6.7462}, "datetime": {"datetime": "2024-08-11 18:02:21", "elapsed": 1212.37014, "delta": 2.837525}}
{"target": -0.3643710282972659, "params": {"bus_acc": 1.7284, "bus_dcc": 1.8104, "bus_lcAssertive": 50.5569, "bus_lcCooperative": 0.4581, "bus_lcLookaheadLeft": 8.8309, "bus_lcPushy": 0.3839, "bus_lcSigma": 0.9948, "bus_lcSpeedGainRight": 2.7303, "bus_lcSublane": 0.1339, "bus_sigma": 0.2763, "bus_tau_mean": 0.9569, "bus_tau_std": 6.429, "bus_v_mean": 22.1717, "bus_v_std": 8.6435, "car_acc": 2.9279, "car_dcc": 2.5177, "car_lcAssertive": 63.9096, "car_lcCooperative": 0.2658, "car_lcLookaheadLeft": 54.5803, "car_lcPushy": 0.31, "car_lcSigma": 0.7395, "car_lcSpeedGainRight": 4.5123, "car_lcSublane": 0.8324, "car_sigma": 0.4354, "car_tau_mean": 1.9535, "car_tau_std": 9.4274, "car_v_mean": 8.3198, "car_v_std": 9.7218}, "datetime": {"datetime": "2024-08-11 18:02:23", "elapsed": 1214.202141, "delta": 1.832001}}
{"target": -0.3429865057502212, "params": {"bus_acc": 3.6825, "bus_dcc": 2.281, "bus_lcAssertive": 40.3225, "bus_lcCooperative": 0.5025, "bus_lcLookaheadLeft": 26.2185, "bus_lcPushy": 0.6704, "bus_lcSigma": 0.469, "bus_lcSpeedGainRight": 0.283, "bus_lcSublane": 0.911, "bus_sigma": 0.0955, "bus_tau_mean": 2.7055, "bus_tau_std": 8.212, "bus_v_mean": 23.4714, "bus_v_std": 5.8086, "car_acc": 2.6855, "car_dcc": 2.2461, "car_lcAssertive": 58.8795, "car_lcCooperative": 0.1897, "car_lcLookaheadLeft": 92.6489, "car_lcPushy": 0.7446, "car_lcSigma": 0.4523, "car_lcSpeedGainRight": 2.5709, "car_lcSublane": 0.0377, "car_sigma": 0.6511, "car_tau_mean": 2.1801, "car_tau_std": 6.3022, "car_v_mean": 13.0031, "car_v_std": 10.3433}, "datetime": {"datetime": "2024-08-11 18:02:26", "elapsed": 1217.349576, "delta": 3.147435}}
{"target": -0.5112769275168088, "params": {"bus_acc": 2.0755, "bus_dcc": 2.1765, "bus_lcAssertive": 80.4031, "bus_lcCooperative": 0.4368, "bus_lcLookaheadLeft": 33.3981, "bus_lcPushy": 0.8081, "bus_lcSigma": 0.6402, "bus_lcSpeedGainRight": 1.515, "bus_lcSublane": 0.8733, "bus_sigma": 0.9587, "bus_tau_mean": 3.447, "bus_tau_std": 6.6861, "bus_v_mean": 12.5898, "bus_v_std": 2.7194, "car_acc": 1.0827, "car_dcc": 0.4256, "car_lcAssertive": 83.1311, "car_lcCooperative": 0.7286, "car_lcLookaheadLeft": 3.4391, "car_lcPushy": 0.9002, "car_lcSigma": 0.7357, "car_lcSpeedGainRight": 3.7032, "car_lcSublane": 0.2576, "car_sigma": 0.7489, "car_tau_mean": 3.8992, "car_tau_std": 6.0112, "car_v_mean": 25.7736, "car_v_std": 6.0878}, "datetime": {"datetime": "2024-08-11 18:02:30", "elapsed": 1221.041518, "delta": 3.691942}}
{"target": -0.4070442532911869, "params": {"bus_acc": 0.36, "bus_dcc": 3.9899, "bus_lcAssertive": 69.2953, "bus_lcCooperative": 0.0358, "bus_lcLookaheadLeft": 40.2563, "bus_lcPushy": 0.1844, "bus_lcSigma": 0.7262, "bus_lcSpeedGainRight": 1.1115, "bus_lcSublane": 0.6529, "bus_sigma": 0.5005, "bus_tau_mean": 2.351, "bus_tau_std": 0.0815, "bus_v_mean": 25.7286, "bus_v_std": 7.1865, "car_acc": 2.6341, "car_dcc": 3.8219, "car_lcAssertive": 13.5794, "car_lcCooperative": 0.9311, "car_lcLookaheadLeft": 37.1611, "car_lcPushy": 0.7, "car_lcSigma": 0.5121, "car_lcSpeedGainRight": 0.63, "car_lcSublane": 0.4215, "car_sigma": 0.1497, "car_tau_mean": 1.1212, "car_tau_std": 5.7989, "car_v_mean": 15.185, "car_v_std": 10.7607}, "datetime": {"datetime": "2024-08-11 18:02:33", "elapsed": 1224.25724, "delta": 3.215722}}
{"target": -0.35059418758147004, "params": {"bus_acc": 0.4382, "bus_dcc": 3.9527, "bus_lcAssertive": 80.9313, "bus_lcCooperative": 0.0282, "bus_lcLookaheadLeft": 78.6996, "bus_lcPushy": 0.1468, "bus_lcSigma": 0.1463, "bus_lcSpeedGainRight": 0.9987, "bus_lcSublane": 0.666, "bus_sigma": 0.0611, "bus_tau_mean": 1.1285, "bus_tau_std": 8.9447, "bus_v_mean": 12.1349, "bus_v_std": 6.2943, "car_acc": 2.9277, "car_dcc": 0.8597, "car_lcAssertive": 13.2751, "car_lcCooperative": 0.8875, "car_lcLookaheadLeft": 24.9374, "car_lcPushy": 0.3736, "car_lcSigma": 0.5075, "car_lcSpeedGainRight": 3.6876, "car_lcSublane": 0.1756, "car_sigma": 0.5606, "car_tau_mean": 3.6926, "car_tau_std": 9.163, "car_v_mean": 20.0996, "car_v_std": 5.6187}, "datetime": {"datetime": "2024-08-11 18:02:37", "elapsed": 1227.77056, "delta": 3.51332}}
{"target": -0.279467718127367, "params": {"bus_acc": 3.0898, "bus_dcc": 2.5611, "bus_lcAssertive": 89.1397, "bus_lcCooperative": 0.5412, "bus_lcLookaheadLeft": 42.1735, "bus_lcPushy": 0.0477, "bus_lcSigma": 0.5384, "bus_lcSpeedGainRight": 0.8642, "bus_lcSublane": 0.3938, "bus_sigma": 0.7827, "bus_tau_mean": 2.1219, "bus_tau_std": 8.5577, "bus_v_mean": 20.068, "bus_v_std": 13.972, "car_acc": 0.4535, "car_dcc": 3.7283, "car_lcAssertive": 78.4402, "car_lcCooperative": 0.0958, "car_lcLookaheadLeft": 40.9666, "car_lcPushy": 0.6423, "car_lcSigma": 0.6112, "car_lcSpeedGainRight": 1.4362, "car_lcSublane": 0.8833, "car_sigma": 0.8502, "car_tau_mean": 2.7018, "car_tau_std": 2.8481, "car_v_mean": 25.8545, "car_v_std": 14.5229}, "datetime": {"datetime": "2024-08-11 18:02:39", "elapsed": 1230.080199, "delta": 2.309639}}
{"target": -0.49847649732932636, "params": {"bus_acc": 0.223, "bus_dcc": 3.2586, "bus_lcAssertive": 2.4017, "bus_lcCooperative": 0.0046, "bus_lcLookaheadLeft": 46.5799, "bus_lcPushy": 0.6691, "bus_lcSigma": 0.0029, "bus_lcSpeedGainRight": 3.3942, "bus_lcSublane": 0.5886, "bus_sigma": 0.8818, "bus_tau_mean": 1.2218, "bus_tau_std": 4.1148, "bus_v_mean": 16.9915, "bus_v_std": 17.4301, "car_acc": 0.7854, "car_dcc": 0.6627, "car_lcAssertive": 76.2552, "car_lcCooperative": 0.8607, "car_lcLookaheadLeft": 60.704, "car_lcPushy": 0.483, "car_lcSigma": 0.5196, "car_lcSpeedGainRight": 0.4026, "car_lcSublane": 0.4207, "car_sigma": 0.8867, "car_tau_mean": 2.7358, "car_tau_std": 5.2051, "car_v_mean": 10.3204, "car_v_std": 11.2676}, "datetime": {"datetime": "2024-08-11 18:02:43", "elapsed": 1233.680915, "delta": 3.600716}}
{"target": -0.40629286378384166, "params": {"bus_acc": 2.7235, "bus_dcc": 2.6646, "bus_lcAssertive": 49.3232, "bus_lcCooperative": 0.6753, "bus_lcLookaheadLeft": 39.7552, "bus_lcPushy": 0.9462, "bus_lcSigma": 0.6526, "bus_lcSpeedGainRight": 0.7749, "bus_lcSublane": 0.1213, "bus_sigma": 0.9491, "bus_tau_mean": 2.2205, "bus_tau_std": 8.0093, "bus_v_mean": 8.0153, "bus_v_std": 6.7668, "car_acc": 2.2035, "car_dcc": 0.5143, "car_lcAssertive": 54.178, "car_lcCooperative": 0.1782, "car_lcLookaheadLeft": 31.4535, "car_lcPushy": 0.1377, "car_lcSigma": 0.6929, "car_lcSpeedGainRight": 1.1361, "car_lcSublane": 0.4232, "car_sigma": 0.4315, "car_tau_mean": 2.1013, "car_tau_std": 6.0885, "car_v_mean": 22.8874, "car_v_std": 10.6094}, "datetime": {"datetime": "2024-08-11 18:02:48", "elapsed": 1238.978728, "delta": 5.297813}}
{"target": -0.5251513988997943, "params": {"bus_acc": 0.681, "bus_dcc": 3.1853, "bus_lcAssertive": 26.5371, "bus_lcCooperative": 0.7525, "bus_lcLookaheadLeft": 47.9942, "bus_lcPushy": 0.482, "bus_lcSigma": 0.8041, "bus_lcSpeedGainRight": 3.6719, "bus_lcSublane": 0.3452, "bus_sigma": 0.9458, "bus_tau_mean": 2.9216, "bus_tau_std": 0.3668, "bus_v_mean": 15.685, "bus_v_std": 2.8769, "car_acc": 2.7961, "car_dcc": 3.7609, "car_lcAssertive": 37.4997, "car_lcCooperative": 0.2511, "car_lcLookaheadLeft": 27.7387, "car_lcPushy": 0.1453, "car_lcSigma": 0.2249, "car_lcSpeedGainRight": 4.9279, "car_lcSublane": 0.3083, "car_sigma": 0.0568, "car_tau_mean": 1.3119, "car_tau_std": 0.9918, "car_v_mean": 16.8342, "car_v_std": 15.0916}, "datetime": {"datetime": "2024-08-11 18:02:50", "elapsed": 1241.344859, "delta": 2.366131}}
{"target": -0.44567489420195533, "params": {"bus_acc": 1.4761, "bus_dcc": 1.0494, "bus_lcAssertive": 60.5958, "bus_lcCooperative": 0.0853, "bus_lcLookaheadLeft": 72.5633, "bus_lcPushy": 0.5995, "bus_lcSigma": 0.791, "bus_lcSpeedGainRight": 3.4968, "bus_lcSublane": 0.9924, "bus_sigma": 0.7431, "bus_tau_mean": 0.6071, "bus_tau_std": 2.1943, "bus_v_mean": 18.8958, "bus_v_std": 10.7142, "car_acc": 3.9895, "car_dcc": 1.8208, "car_lcAssertive": 20.9519, "car_lcCooperative": 0.6008, "car_lcLookaheadLeft": 38.9362, "car_lcPushy": 0.3061, "car_lcSigma": 0.3023, "car_lcSpeedGainRight": 0.8851, "car_lcSublane": 0.5024, "car_sigma": 0.6249, "car_tau_mean": 1.5198, "car_tau_std": 4.7557, "car_v_mean": 19.3874, "car_v_std": 3.7045}, "datetime": {"datetime": "2024-08-11 18:02:54", "elapsed": 1245.585224, "delta": 4.240365}}
{"target": -0.3027422912739545, "params": {"bus_acc": 0.4429, "bus_dcc": 2.4032, "bus_lcAssertive": 12.2918, "bus_lcCooperative": 0.2298, "bus_lcLookaheadLeft": 4.3687, "bus_lcPushy": 0.8792, "bus_lcSigma": 0.1305, "bus_lcSpeedGainRight": 1.8281, "bus_lcSublane": 0.3397, "bus_sigma": 0.7288, "bus_tau_mean": 1.0583, "bus_tau_std": 6.8144, "bus_v_mean": 23.2488, "bus_v_std": 17.1809, "car_acc": 3.7107, "car_dcc": 1.0356, "car_lcAssertive": 26.3459, "car_lcCooperative": 0.9768, "car_lcLookaheadLeft": 61.5151, "car_lcPushy": 0.9475, "car_lcSigma": 0.0865, "car_lcSpeedGainRight": 3.4011, "car_lcSublane": 0.3815, "car_sigma": 0.857, "car_tau_mean": 2.6106, "car_tau_std": 4.1319, "car_v_mean": 22.591, "car_v_std": 12.6321}, "datetime": {"datetime": "2024-08-11 18:02:58", "elapsed": 1249.260538, "delta": 3.675314}}
{"target": -0.43713993585974675, "params": {"bus_acc": 1.0168, "bus_dcc": 0.4864, "bus_lcAssertive": 27.2232, "bus_lcCooperative": 0.001, "bus_lcLookaheadLeft": 21.7078, "bus_lcPushy": 0.9593, "bus_lcSigma": 0.9421, "bus_lcSpeedGainRight": 0.7804, "bus_lcSublane": 0.8382, "bus_sigma": 0.3134, "bus_tau_mean": 1.894, "bus_tau_std": 6.1671, "bus_v_mean": 18.8777, "bus_v_std": 3.3852, "car_acc": 2.2986, "car_dcc": 1.2538, "car_lcAssertive": 88.9357, "car_lcCooperative": 0.071, "car_lcLookaheadLeft": 77.4611, "car_lcPushy": 0.8384, "car_lcSigma": 0.2956, "car_lcSpeedGainRight": 0.7288, "car_lcSublane": 0.8784, "car_sigma": 0.794, "car_tau_mean": 2.4269, "car_tau_std": 8.1362, "car_v_mean": 13.2043, "car_v_std": 16.2077}, "datetime": {"datetime": "2024-08-11 18:03:02", "elapsed": 1252.770796, "delta": 3.510258}}
{"target": -0.37046344560070604, "params": {"bus_acc": 0.4976, "bus_dcc": 3.7417, "bus_lcAssertive": 11.7295, "bus_lcCooperative": 0.4623, "bus_lcLookaheadLeft": 33.1707, "bus_lcPushy": 0.583, "bus_lcSigma": 0.5055, "bus_lcSpeedGainRight": 0.798, "bus_lcSublane": 0.0554, "bus_sigma": 0.3058, "bus_tau_mean": 0.5995, "bus_tau_std": 8.8275, "bus_v_mean": 21.8784, "bus_v_std": 10.3439, "car_acc": 3.7598, "car_dcc": 3.171, "car_lcAssertive": 86.1383, "car_lcCooperative": 0.9249, "car_lcLookaheadLeft": 29.4975, "car_lcPushy": 0.8974, "car_lcSigma": 0.7866, "car_lcSpeedGainRight": 2.2578, "car_lcSublane": 0.5114, "car_sigma": 0.5378, "car_tau_mean": 0.908, "car_tau_std": 6.001, "car_v_mean": 15.7253, "car_v_std": 4.7983}, "datetime": {"datetime": "2024-08-11 18:03:05", "elapsed": 1256.21722, "delta": 3.446424}}
{"target": -0.4526438240236068, "params": {"bus_acc": 2.8854, "bus_dcc": 3.7978, "bus_lcAssertive": 13.3137, "bus_lcCooperative": 0.8117, "bus_lcLookaheadLeft": 53.5531, "bus_lcPushy": 0.4166, "bus_lcSigma": 0.5497, "bus_lcSpeedGainRight": 0.7109, "bus_lcSublane": 0.1527, "bus_sigma": 0.1646, "bus_tau_mean": 2.123, "bus_tau_std": 9.7472, "bus_v_mean": 23.4766, "bus_v_std": 3.6619, "car_acc": 1.419, "car_dcc": 0.4073, "car_lcAssertive": 96.8948, "car_lcCooperative": 0.9914, "car_lcLookaheadLeft": 47.8585, "car_lcPushy": 0.7293, "car_lcSigma": 0.6683, "car_lcSpeedGainRight": 3.3013, "car_lcSublane": 0.8924, "car_sigma": 0.7004, "car_tau_mean": 1.0545, "car_tau_std": 7.2709, "car_v_mean": 19.0113, "car_v_std": 9.6531}, "datetime": {"datetime": "2024-08-11 18:03:08", "elapsed": 1259.491774, "delta": 3.274554}}
{"target": -0.40432287318721166, "params": {"bus_acc": 1.5097, "bus_dcc": 3.1299, "bus_lcAssertive": 13.1567, "bus_lcCooperative": 0.5039, "bus_lcLookaheadLeft": 94.1555, "bus_lcPushy": 0.2496, "bus_lcSigma": 0.1517, "bus_lcSpeedGainRight": 3.9108, "bus_lcSublane": 0.2127, "bus_sigma": 0.8297, "bus_tau_mean": 0.9649, "bus_tau_std": 9.5304, "bus_v_mean": 9.1711, "bus_v_std": 14.9357, "car_acc": 1.5403, "car_dcc": 3.9487, "car_lcAssertive": 76.7049, "car_lcCooperative": 0.1581, "car_lcLookaheadLeft": 33.668, "car_lcPushy": 0.0718, "car_lcSigma": 0.5653, "car_lcSpeedGainRight": 4.3214, "car_lcSublane": 0.2909, "car_sigma": 0.2647, "car_tau_mean": 2.9838, "car_tau_std": 3.6395, "car_v_mean": 19.991, "car_v_std": 1.1801}, "datetime": {"datetime": "2024-08-11 18:03:11", "elapsed": 1262.245943, "delta": 2.754169}}
{"target": -0.39633270489405065, "params": {"bus_acc": 3.7398, "bus_dcc": 1.5165, "bus_lcAssertive": 77.353, "bus_lcCooperative": 0.5419, "bus_lcLookaheadLeft": 76.9768, "bus_lcPushy": 0.4719, "bus_lcSigma": 0.8677, "bus_lcSpeedGainRight": 0.2025, "bus_lcSublane": 0.5036, "bus_sigma": 0.8082, "bus_tau_mean": 0.7412, "bus_tau_std": 3.2384, "bus_v_mean": 22.7822, "bus_v_std": 17.1899, "car_acc": 2.0809, "car_dcc": 1.8985, "car_lcAssertive": 30.1943, "car_lcCooperative": 0.7873, "car_lcLookaheadLeft": 91.5332, "car_lcPushy": 0.4123, "car_lcSigma": 0.1866, "car_lcSpeedGainRight": 4.4901, "car_lcSublane": 0.208, "car_sigma": 0.6415, "car_tau_mean": 3.0921, "car_tau_std": 7.15, "car_v_mean": 24.2246, "car_v_std": 5.894}, "datetime": {"datetime": "2024-08-11 18:03:14", "elapsed": 1265.074485, "delta": 2.828542}}
{"target": -0.5198813861362076, "params": {"bus_acc": 3.9494, "bus_dcc": 1.3239, "bus_lcAssertive": 78.7336, "bus_lcCooperative": 0.6123, "bus_lcLookaheadLeft": 26.9707, "bus_lcPushy": 0.8411, "bus_lcSigma": 0.5912, "bus_lcSpeedGainRight": 4.8222, "bus_lcSublane": 0.1458, "bus_sigma": 0.7223, "bus_tau_mean": 2.0387, "bus_tau_std": 2.692, "bus_v_mean": 20.5167, "bus_v_std": 1.2849, "car_acc": 2.2638, "car_dcc": 1.9885, "car_lcAssertive": 3.5444, "car_lcCooperative": 0.2139, "car_lcLookaheadLeft": 90.5087, "car_lcPushy": 0.9575, "car_lcSigma": 0.8207, "car_lcSpeedGainRight": 1.4471, "car_lcSublane": 0.1411, "car_sigma": 0.3492, "car_tau_mean": 1.4958, "car_tau_std": 3.05, "car_v_mean": 19.2972, "car_v_std": 10.4977}, "datetime": {"datetime": "2024-08-11 18:03:17", "elapsed": 1268.17675, "delta": 3.102265}}
