{"target": -0.3224130305051336, "params": {"bus_acc": 1.2342, "bus_dcc": 2.4693, "bus_lcAssertive": 44.971, "bus_lcCooperative": 0.6399, "bus_lcLookaheadLeft": 24.4642, "bus_lcPushy": 0.5541, "bus_lcSigma": 0.159, "bus_lcSpeedGainRight": 3.3605, "bus_lcSublane": 0.4627, "bus_sigma": 0.8962, "bus_tau_mean": 3.3467, "bus_tau_std": 0.9009, "bus_v_mean": 21.9238, "bus_v_std": 9.6933, "car_acc": 0.4837, "car_dcc": 1.2276, "car_lcAssertive": 49.0615, "car_lcCooperative": 0.0334, "car_lcLookaheadLeft": 54.4976, "car_lcPushy": 0.0179, "car_lcSigma": 0.8818, "car_lcSpeedGainRight": 2.1454, "car_lcSublane": 0.2323, "car_sigma": 0.2168, "car_tau_mean": 1.4004, "car_tau_std": 2.4856, "car_v_mean": 14.5395, "car_v_std": 5.5031}, "datetime": {"datetime": "2024-08-11 19:31:51", "elapsed": 6582.251423, "delta": 6.855833}}
{"target": -0.4071328840116375, "params": {"bus_acc": 3.9501, "bus_dcc": 2.1523, "bus_lcAssertive": 17.7981, "bus_lcCooperative": 0.1373, "bus_lcLookaheadLeft": 58.6381, "bus_lcPushy": 0.2124, "bus_lcSigma": 0.762, "bus_lcSpeedGainRight": 3.8044, "bus_lcSublane": 0.6964, "bus_sigma": 0.0779, "bus_tau_mean": 3.7362, "bus_tau_std": 2.0426, "bus_v_mean": 10.0307, "bus_v_std": 19.7584, "car_acc": 2.552, "car_dcc": 3.3966, "car_lcAssertive": 49.4927, "car_lcCooperative": 0.9217, "car_lcLookaheadLeft": 35.6326, "car_lcPushy": 0.363, "car_lcSigma": 0.0291, "car_lcSpeedGainRight": 2.2715, "car_lcSublane": 0.2055, "car_sigma": 0.1947, "car_tau_mean": 3.6972, "car_tau_std": 3.366, "car_v_mean": 16.5234, "car_v_std": 8.6836}, "datetime": {"datetime": "2024-08-11 19:31:58", "elapsed": 6589.208933, "delta": 6.95751}}
{"target": -0.5102545008814939, "params": {"bus_acc": 0.6084, "bus_dcc": 0.4244, "bus_lcAssertive": 89.9988, "bus_lcCooperative": 0.6758, "bus_lcLookaheadLeft": 69.0662, "bus_lcPushy": 0.3684, "bus_lcSigma": 0.6648, "bus_lcSpeedGainRight": 3.0346, "bus_lcSublane": 0.4192, "bus_sigma": 0.9956, "bus_tau_mean": 0.7028, "bus_tau_std": 5.9303, "bus_v_mean": 22.4273, "bus_v_std": 2.3292, "car_acc": 0.4493, "car_dcc": 2.3032, "car_lcAssertive": 72.7487, "car_lcCooperative": 0.6369, "car_lcLookaheadLeft": 18.1839, "car_lcPushy": 0.6049, "car_lcSigma": 0.0028, "car_lcSpeedGainRight": 0.3492, "car_lcSublane": 0.4444, "car_sigma": 0.449, "car_tau_mean": 1.3199, "car_tau_std": 2.0702, "car_v_mean": 12.6698, "car_v_std": 9.1167}, "datetime": {"datetime": "2024-08-11 19:32:09", "elapsed": 6600.280612, "delta": 11.071679}}
{"target": -0.36377441507619324, "params": {"bus_acc": 1.1339, "bus_dcc": 0.7445, "bus_lcAssertive": 73.3921, "bus_lcCooperative": 0.0416, "bus_lcLookaheadLeft": 98.6765, "bus_lcPushy": 0.7212, "bus_lcSigma": 0.0879, "bus_lcSpeedGainRight": 0.6489, "bus_lcSublane": 0.4599, "bus_sigma": 0.3217, "bus_tau_mean": 3.2791, "bus_tau_std": 4.3884, "bus_v_mean": 20.7763, "bus_v_std": 16.4367, "car_acc": 2.9289, "car_dcc": 3.1831, "car_lcAssertive": 37.3142, "car_lcCooperative": 0.0759, "car_lcLookaheadLeft": 28.0962, "car_lcPushy": 0.5426, "car_lcSigma": 0.9218, "car_lcSpeedGainRight": 1.6827, "car_lcSublane": 0.3148, "car_sigma": 0.9569, "car_tau_mean": 3.6082, "car_tau_std": 7.8406, "car_v_mean": 9.931, "car_v_std": 18.1609}, "datetime": {"datetime": "2024-08-11 19:32:14", "elapsed": 6604.718029, "delta": 4.437417}}
{"target": -0.5443912601985083, "params": {"bus_acc": 3.0322, "bus_dcc": 1.6414, "bus_lcAssertive": 14.4248, "bus_lcCooperative": 0.7095, "bus_lcLookaheadLeft": 21.9395, "bus_lcPushy": 0.2497, "bus_lcSigma": 0.9508, "bus_lcSpeedGainRight": 3.347, "bus_lcSublane": 0.1706, "bus_sigma": 0.7431, "bus_tau_mean": 3.3841, "bus_tau_std": 4.4707, "bus_v_mean": 17.6028, "bus_v_std": 15.833, "car_acc": 3.5515, "car_dcc": 0.7141, "car_lcAssertive": 17.2562, "car_lcCooperative": 0.8187, "car_lcLookaheadLeft": 57.5538, "car_lcPushy": 0.7022, "car_lcSigma": 0.9042, "car_lcSpeedGainRight": 3.9032, "car_lcSublane": 0.4077, "car_sigma": 0.0931, "car_tau_mean": 1.9424, "car_tau_std": 6.4037, "car_v_mean": 16.2316, "car_v_std": 13.1647}, "datetime": {"datetime": "2024-08-11 19:32:21", "elapsed": 6612.154786, "delta": 7.436757}}
{"target": -0.4786610124329304, "params": {"bus_acc": 1.0168, "bus_dcc": 2.4728, "bus_lcAssertive": 43.4331, "bus_lcCooperative": 0.9991, "bus_lcLookaheadLeft": 49.5275, "bus_lcPushy": 0.1246, "bus_lcSigma": 0.1307, "bus_lcSpeedGainRight": 0.8476, "bus_lcSublane": 0.5, "bus_sigma": 0.2912, "bus_tau_mean": 3.3866, "bus_tau_std": 1.6784, "bus_v_mean": 17.5487, "bus_v_std": 12.6466, "car_acc": 0.3689, "car_dcc": 0.4108, "car_lcAssertive": 8.4068, "car_lcCooperative": 0.5909, "car_lcLookaheadLeft": 14.5978, "car_lcPushy": 0.3433, "car_lcSigma": 0.7232, "car_lcSpeedGainRight": 2.5604, "car_lcSublane": 0.8394, "car_sigma": 0.7468, "car_tau_mean": 3.2846, "car_tau_std": 2.3202, "car_v_mean": 15.5385, "car_v_std": 2.3245}, "datetime": {"datetime": "2024-08-11 19:32:29", "elapsed": 6620.399939, "delta": 8.245153}}
{"target": -0.3500936199254441, "params": {"bus_acc": 0.8892, "bus_dcc": 1.1223, "bus_lcAssertive": 75.8814, "bus_lcCooperative": 0.3239, "bus_lcLookaheadLeft": 86.2402, "bus_lcPushy": 0.6242, "bus_lcSigma": 0.7065, "bus_lcSpeedGainRight": 1.3769, "bus_lcSublane": 0.2894, "bus_sigma": 0.5619, "bus_tau_mean": 1.0448, "bus_tau_std": 2.7318, "bus_v_mean": 18.0199, "bus_v_std": 15.2756, "car_acc": 2.271, "car_dcc": 1.1639, "car_lcAssertive": 65.0507, "car_lcCooperative": 0.5903, "car_lcLookaheadLeft": 47.5619, "car_lcPushy": 0.1123, "car_lcSigma": 0.1081, "car_lcSpeedGainRight": 0.51, "car_lcSublane": 0.7423, "car_sigma": 0.4747, "car_tau_mean": 3.7341, "car_tau_std": 2.9063, "car_v_mean": 14.4604, "car_v_std": 19.626}, "datetime": {"datetime": "2024-08-11 19:32:34", "elapsed": 6625.196187, "delta": 4.796248}}
{"target": -0.41998612217004166, "params": {"bus_acc": 2.6934, "bus_dcc": 0.2956, "bus_lcAssertive": 78.5151, "bus_lcCooperative": 0.6909, "bus_lcLookaheadLeft": 5.7024, "bus_lcPushy": 0.383, "bus_lcSigma": 0.3875, "bus_lcSpeedGainRight": 3.42, "bus_lcSublane": 0.6518, "bus_sigma": 0.6587, "bus_tau_mean": 2.6607, "bus_tau_std": 2.0499, "bus_v_mean": 15.1441, "bus_v_std": 14.7871, "car_acc": 3.5318, "car_dcc": 2.1571, "car_lcAssertive": 52.4516, "car_lcCooperative": 0.3689, "car_lcLookaheadLeft": 11.4772, "car_lcPushy": 0.2204, "car_lcSigma": 0.9908, "car_lcSpeedGainRight": 4.9907, "car_lcSublane": 0.518, "car_sigma": 0.3596, "car_tau_mean": 0.8157, "car_tau_std": 2.8826, "car_v_mean": 20.93, "car_v_std": 17.7874}, "datetime": {"datetime": "2024-08-11 19:32:38", "elapsed": 6629.523122, "delta": 4.326935}}
{"target": -0.14849384823811143, "params": {"bus_acc": 2.5162, "bus_dcc": 0.4549, "bus_lcAssertive": 41.6026, "bus_lcCooperative": 0.8012, "bus_lcLookaheadLeft": 6.0939, "bus_lcPushy": 0.7214, "bus_lcSigma": 0.485, "bus_lcSpeedGainRight": 0.8701, "bus_lcSublane": 0.2276, "bus_sigma": 0.7828, "bus_tau_mean": 1.5878, "bus_tau_std": 0.7632, "bus_v_mean": 11.4081, "bus_v_std": 9.8092, "car_acc": 0.2351, "car_dcc": 3.0526, "car_lcAssertive": 53.7878, "car_lcCooperative": 0.9581, "car_lcLookaheadLeft": 60.1828, "car_lcPushy": 0.8181, "car_lcSigma": 0.7351, "car_lcSpeedGainRight": 1.9063, "car_lcSublane": 0.857, "car_sigma": 0.232, "car_tau_mean": 2.9122, "car_tau_std": 6.8585, "car_v_mean": 15.138, "car_v_std": 6.6987}, "datetime": {"datetime": "2024-08-11 19:32:44", "elapsed": 6635.249742, "delta": 5.72662}}
{"target": -0.41794477821710224, "params": {"bus_acc": 3.4455, "bus_dcc": 2.5323, "bus_lcAssertive": 84.3118, "bus_lcCooperative": 0.4522, "bus_lcLookaheadLeft": 67.4476, "bus_lcPushy": 0.812, "bus_lcSigma": 0.0546, "bus_lcSpeedGainRight": 2.7043, "bus_lcSublane": 0.7397, "bus_sigma": 0.8627, "bus_tau_mean": 1.3707, "bus_tau_std": 6.1689, "bus_v_mean": 24.0796, "bus_v_std": 4.3025, "car_acc": 1.4701, "car_dcc": 1.6448, "car_lcAssertive": 9.2044, "car_lcCooperative": 0.4697, "car_lcLookaheadLeft": 76.7169, "car_lcPushy": 0.3182, "car_lcSigma": 0.3955, "car_lcSpeedGainRight": 3.7898, "car_lcSublane": 0.0776, "car_sigma": 0.731, "car_tau_mean": 3.424, "car_tau_std": 0.6766, "car_v_mean": 22.6367, "car_v_std": 12.4461}, "datetime": {"datetime": "2024-08-11 19:32:49", "elapsed": 6639.991939, "delta": 4.742197}}
{"target": -0.5599863323824322, "params": {"bus_acc": 0.4938, "bus_dcc": 0.4775, "bus_lcAssertive": 2.4639, "bus_lcCooperative": 0.8531, "bus_lcLookaheadLeft": 88.9238, "bus_lcPushy": 0.2665, "bus_lcSigma": 0.8359, "bus_lcSpeedGainRight": 2.5732, "bus_lcSublane": 0.6593, "bus_sigma": 0.2042, "bus_tau_mean": 2.7278, "bus_tau_std": 9.673, "bus_v_mean": 16.0729, "bus_v_std": 3.218, "car_acc": 1.8678, "car_dcc": 2.3049, "car_lcAssertive": 19.5613, "car_lcCooperative": 0.7009, "car_lcLookaheadLeft": 16.3487, "car_lcPushy": 0.5548, "car_lcSigma": 0.2899, "car_lcSpeedGainRight": 0.3609, "car_lcSublane": 0.8352, "car_sigma": 0.3755, "car_tau_mean": 2.612, "car_tau_std": 1.5487, "car_v_mean": 19.5615, "car_v_std": 0.435}, "datetime": {"datetime": "2024-08-11 19:32:53", "elapsed": 6644.508118, "delta": 4.516179}}
{"target": -0.450010722628521, "params": {"bus_acc": 1.186, "bus_dcc": 3.0668, "bus_lcAssertive": 35.1964, "bus_lcCooperative": 0.6491, "bus_lcLookaheadLeft": 91.2736, "bus_lcPushy": 0.2127, "bus_lcSigma": 0.5617, "bus_lcSpeedGainRight": 2.1544, "bus_lcSublane": 0.9713, "bus_sigma": 0.0201, "bus_tau_mean": 3.0912, "bus_tau_std": 9.1284, "bus_v_mean": 23.2298, "bus_v_std": 16.5153, "car_acc": 2.7059, "car_dcc": 0.879, "car_lcAssertive": 65.8537, "car_lcCooperative": 0.298, "car_lcLookaheadLeft": 43.6311, "car_lcPushy": 0.945, "car_lcSigma": 0.4125, "car_lcSpeedGainRight": 2.0074, "car_lcSublane": 0.203, "car_sigma": 0.6002, "car_tau_mean": 1.8522, "car_tau_std": 3.4287, "car_v_mean": 9.1606, "car_v_std": 12.0015}, "datetime": {"datetime": "2024-08-11 19:33:03", "elapsed": 6653.672084, "delta": 9.163966}}
{"target": -0.3469716523827781, "params": {"bus_acc": 1.0259, "bus_dcc": 0.6221, "bus_lcAssertive": 82.4523, "bus_lcCooperative": 0.6385, "bus_lcLookaheadLeft": 75.2063, "bus_lcPushy": 0.0041, "bus_lcSigma": 0.3898, "bus_lcSpeedGainRight": 3.9339, "bus_lcSublane": 0.7293, "bus_sigma": 0.8851, "bus_tau_mean": 3.4577, "bus_tau_std": 0.5419, "bus_v_mean": 15.6596, "bus_v_std": 15.2204, "car_acc": 0.9629, "car_dcc": 3.5453, "car_lcAssertive": 76.6506, "car_lcCooperative": 0.7652, "car_lcLookaheadLeft": 65.4596, "car_lcPushy": 0.3058, "car_lcSigma": 0.9777, "car_lcSpeedGainRight": 3.8452, "car_lcSublane": 0.2236, "car_sigma": 0.1603, "car_tau_mean": 2.9097, "car_tau_std": 6.9265, "car_v_mean": 14.0437, "car_v_std": 11.5927}, "datetime": {"datetime": "2024-08-11 19:33:11", "elapsed": 6662.217213, "delta": 8.545129}}
{"target": -0.287414167136612, "params": {"bus_acc": 0.3591, "bus_dcc": 3.3879, "bus_lcAssertive": 70.4109, "bus_lcCooperative": 0.2112, "bus_lcLookaheadLeft": 63.7416, "bus_lcPushy": 0.0887, "bus_lcSigma": 0.2836, "bus_lcSpeedGainRight": 3.3342, "bus_lcSublane": 0.8084, "bus_sigma": 0.0453, "bus_tau_mean": 2.385, "bus_tau_std": 4.4539, "bus_v_mean": 19.5694, "bus_v_std": 0.1669, "car_acc": 3.1449, "car_dcc": 0.3204, "car_lcAssertive": 69.4403, "car_lcCooperative": 0.9166, "car_lcLookaheadLeft": 2.5145, "car_lcPushy": 0.0257, "car_lcSigma": 0.3355, "car_lcSpeedGainRight": 1.1488, "car_lcSublane": 0.9467, "car_sigma": 0.7821, "car_tau_mean": 1.9813, "car_tau_std": 3.4471, "car_v_mean": 13.017, "car_v_std": 3.0595}, "datetime": {"datetime": "2024-08-11 19:33:15", "elapsed": 6666.418556, "delta": 4.201343}}
{"target": -0.40542584250280106, "params": {"bus_acc": 3.5553, "bus_dcc": 3.4701, "bus_lcAssertive": 9.6884, "bus_lcCooperative": 0.638, "bus_lcLookaheadLeft": 17.4925, "bus_lcPushy": 0.9254, "bus_lcSigma": 0.8817, "bus_lcSpeedGainRight": 3.4408, "bus_lcSublane": 0.2199, "bus_sigma": 0.7029, "bus_tau_mean": 3.7178, "bus_tau_std": 5.6668, "bus_v_mean": 22.6458, "bus_v_std": 11.5653, "car_acc": 2.22, "car_dcc": 0.8921, "car_lcAssertive": 89.3283, "car_lcCooperative": 0.5264, "car_lcLookaheadLeft": 84.0114, "car_lcPushy": 0.193, "car_lcSigma": 0.6601, "car_lcSpeedGainRight": 3.4507, "car_lcSublane": 0.9157, "car_sigma": 0.2339, "car_tau_mean": 3.9573, "car_tau_std": 4.0351, "car_v_mean": 20.5103, "car_v_std": 4.083}, "datetime": {"datetime": "2024-08-11 19:33:30", "elapsed": 6680.863872, "delta": 14.445316}}
{"target": -0.3209736002993921, "params": {"bus_acc": 3.2212, "bus_dcc": 3.0435, "bus_lcAssertive": 60.4209, "bus_lcCooperative": 0.7898, "bus_lcLookaheadLeft": 54.2655, "bus_lcPushy": 0.1354, "bus_lcSigma": 0.7095, "bus_lcSpeedGainRight": 1.9934, "bus_lcSublane": 0.4024, "bus_sigma": 0.7868, "bus_tau_mean": 2.1413, "bus_tau_std": 6.8872, "bus_v_mean": 25.3809, "bus_v_std": 5.9, "car_acc": 3.114, "car_dcc": 1.7628, "car_lcAssertive": 26.4617, "car_lcCooperative": 0.2331, "car_lcLookaheadLeft": 20.7779, "car_lcPushy": 0.2697, "car_lcSigma": 0.044, "car_lcSpeedGainRight": 1.1349, "car_lcSublane": 0.1753, "car_sigma": 0.2301, "car_tau_mean": 1.3532, "car_tau_std": 9.8272, "car_v_mean": 15.5702, "car_v_std": 0.4751}, "datetime": {"datetime": "2024-08-11 19:33:36", "elapsed": 6686.890173, "delta": 6.026301}}
{"target": -0.6900916033594547, "params": {"bus_acc": 1.6865, "bus_dcc": 0.6629, "bus_lcAssertive": 70.0108, "bus_lcCooperative": 0.3775, "bus_lcLookaheadLeft": 29.066, "bus_lcPushy": 0.1357, "bus_lcSigma": 0.303, "bus_lcSpeedGainRight": 2.0739, "bus_lcSublane": 0.9908, "bus_sigma": 0.0269, "bus_tau_mean": 3.947, "bus_tau_std": 7.4611, "bus_v_mean": 23.0783, "bus_v_std": 10.9096, "car_acc": 3.1428, "car_dcc": 2.8238, "car_lcAssertive": 56.2057, "car_lcCooperative": 0.5686, "car_lcLookaheadLeft": 54.1884, "car_lcPushy": 0.5118, "car_lcSigma": 0.9267, "car_lcSpeedGainRight": 0.0006, "car_lcSublane": 0.0907, "car_sigma": 0.2363, "car_tau_mean": 1.5748, "car_tau_std": 3.9111, "car_v_mean": 11.5862, "car_v_std": 2.311}, "datetime": {"datetime": "2024-08-11 19:33:46", "elapsed": 6697.325701, "delta": 10.435528}}
{"target": -0.4390949289768799, "params": {"bus_acc": 2.0537, "bus_dcc": 1.1693, "bus_lcAssertive": 37.041, "bus_lcCooperative": 0.5478, "bus_lcLookaheadLeft": 35.8491, "bus_lcPushy": 0.2059, "bus_lcSigma": 0.2265, "bus_lcSpeedGainRight": 4.2804, "bus_lcSublane": 0.2285, "bus_sigma": 0.2776, "bus_tau_mean": 0.6705, "bus_tau_std": 7.1137, "bus_v_mean": 23.1966, "bus_v_std": 11.4307, "car_acc": 0.547, "car_dcc": 1.395, "car_lcAssertive": 2.8575, "car_lcCooperative": 0.7433, "car_lcLookaheadLeft": 87.7068, "car_lcPushy": 0.2753, "car_lcSigma": 0.9449, "car_lcSpeedGainRight": 2.3136, "car_lcSublane": 0.6462, "car_sigma": 0.6887, "car_tau_mean": 1.4553, "car_tau_std": 4.5509, "car_v_mean": 20.163, "car_v_std": 13.9176}, "datetime": {"datetime": "2024-08-11 19:33:59", "elapsed": 6710.600732, "delta": 13.275031}}
{"target": -0.38791556895974244, "params": {"bus_acc": 3.1892, "bus_dcc": 3.7572, "bus_lcAssertive": 34.8282, "bus_lcCooperative": 0.0618, "bus_lcLookaheadLeft": 90.3579, "bus_lcPushy": 0.4937, "bus_lcSigma": 0.8774, "bus_lcSpeedGainRight": 1.883, "bus_lcSublane": 0.3303, "bus_sigma": 0.1558, "bus_tau_mean": 0.6029, "bus_tau_std": 9.2203, "bus_v_mean": 23.1222, "bus_v_std": 16.7605, "car_acc": 3.4867, "car_dcc": 0.9758, "car_lcAssertive": 96.5108, "car_lcCooperative": 0.6685, "car_lcLookaheadLeft": 63.476, "car_lcPushy": 0.4633, "car_lcSigma": 0.9586, "car_lcSpeedGainRight": 3.337, "car_lcSublane": 0.9992, "car_sigma": 0.015, "car_tau_mean": 3.3075, "car_tau_std": 5.4759, "car_v_mean": 16.7093, "car_v_std": 14.455}, "datetime": {"datetime": "2024-08-11 19:34:07", "elapsed": 6717.698856, "delta": 7.098124}}
{"target": -0.4782328316343995, "params": {"bus_acc": 3.1671, "bus_dcc": 2.317, "bus_lcAssertive": 8.5666, "bus_lcCooperative": 0.2809, "bus_lcLookaheadLeft": 47.8629, "bus_lcPushy": 0.6081, "bus_lcSigma": 0.914, "bus_lcSpeedGainRight": 2.8156, "bus_lcSublane": 0.6739, "bus_sigma": 0.4831, "bus_tau_mean": 2.3618, "bus_tau_std": 5.2331, "bus_v_mean": 18.9561, "bus_v_std": 13.511, "car_acc": 1.1998, "car_dcc": 1.568, "car_lcAssertive": 19.5504, "car_lcCooperative": 0.8756, "car_lcLookaheadLeft": 54.92, "car_lcPushy": 0.4032, "car_lcSigma": 0.9, "car_lcSpeedGainRight": 1.9405, "car_lcSublane": 0.7237, "car_sigma": 0.9778, "car_tau_mean": 1.1493, "car_tau_std": 8.6711, "car_v_mean": 12.4106, "car_v_std": 14.6054}, "datetime": {"datetime": "2024-08-11 19:34:14", "elapsed": 6725.29353, "delta": 7.594674}}
{"target": -0.5972170716479173, "params": {"bus_acc": 0.6891, "bus_dcc": 1.6591, "bus_lcAssertive": 92.7912, "bus_lcCooperative": 0.0836, "bus_lcLookaheadLeft": 14.9232, "bus_lcPushy": 0.2473, "bus_lcSigma": 0.6763, "bus_lcSpeedGainRight": 3.1873, "bus_lcSublane": 0.3861, "bus_sigma": 0.4656, "bus_tau_mean": 2.848, "bus_tau_std": 3.3239, "bus_v_mean": 25.3512, "bus_v_std": 18.6178, "car_acc": 0.4066, "car_dcc": 0.2162, "car_lcAssertive": 45.6736, "car_lcCooperative": 0.1949, "car_lcLookaheadLeft": 56.0573, "car_lcPushy": 0.0227, "car_lcSigma": 0.0151, "car_lcSpeedGainRight": 2.3866, "car_lcSublane": 0.5712, "car_sigma": 0.5137, "car_tau_mean": 1.4879, "car_tau_std": 8.4246, "car_v_mean": 18.7074, "car_v_std": 4.2578}, "datetime": {"datetime": "2024-08-11 19:34:19", "elapsed": 6730.237981, "delta": 4.944451}}
{"target": -0.48336026352926, "params": {"bus_acc": 3.6153, "bus_dcc": 3.3749, "bus_lcAssertive": 42.0758, "bus_lcCooperative": 0.5625, "bus_lcLookaheadLeft": 36.3217, "bus_lcPushy": 0.6234, "bus_lcSigma": 0.2437, "bus_lcSpeedGainRight": 0.4092, "bus_lcSublane": 0.0474, "bus_sigma": 0.8879, "bus_tau_mean": 2.1365, "bus_tau_std": 7.9757, "bus_v_mean": 12.2023, "bus_v_std": 9.4132, "car_acc": 3.5857, "car_dcc": 0.785, "car_lcAssertive": 12.5045, "car_lcCooperative": 0.9946, "car_lcLookaheadLeft": 39.7832, "car_lcPushy": 0.138, "car_lcSigma": 0.3902, "car_lcSpeedGainRight": 2.1847, "car_lcSublane": 0.5682, "car_sigma": 0.5819, "car_tau_mean": 0.9957, "car_tau_std": 5.3657, "car_v_mean": 11.4555, "car_v_std": 19.5525}, "datetime": {"datetime": "2024-08-11 19:34:24", "elapsed": 6734.880271, "delta": 4.64229}}
{"target": -0.5368894708837141, "params": {"bus_acc": 1.8503, "bus_dcc": 3.6711, "bus_lcAssertive": 97.523, "bus_lcCooperative": 0.8438, "bus_lcLookaheadLeft": 21.9803, "bus_lcPushy": 0.4648, "bus_lcSigma": 0.1769, "bus_lcSpeedGainRight": 1.1928, "bus_lcSublane": 0.6162, "bus_sigma": 0.8466, "bus_tau_mean": 1.2057, "bus_tau_std": 2.1442, "bus_v_mean": 8.405, "bus_v_std": 18.5995, "car_acc": 3.5943, "car_dcc": 2.2142, "car_lcAssertive": 3.7702, "car_lcCooperative": 0.8206, "car_lcLookaheadLeft": 8.7158, "car_lcPushy": 0.4509, "car_lcSigma": 0.541, "car_lcSpeedGainRight": 1.5904, "car_lcSublane": 0.0502, "car_sigma": 0.4623, "car_tau_mean": 1.4392, "car_tau_std": 1.2981, "car_v_mean": 11.6529, "car_v_std": 5.6785}, "datetime": {"datetime": "2024-08-11 19:34:34", "elapsed": 6744.664994, "delta": 9.784723}}
{"target": -0.3740178113395129, "params": {"bus_acc": 0.3093, "bus_dcc": 1.803, "bus_lcAssertive": 57.0184, "bus_lcCooperative": 0.857, "bus_lcLookaheadLeft": 75.465, "bus_lcPushy": 0.7241, "bus_lcSigma": 0.146, "bus_lcSpeedGainRight": 2.449, "bus_lcSublane": 0.3687, "bus_sigma": 0.1829, "bus_tau_mean": 0.85, "bus_tau_std": 2.18, "bus_v_mean": 11.2239, "bus_v_std": 6.2655, "car_acc": 2.9999, "car_dcc": 0.7046, "car_lcAssertive": 91.0244, "car_lcCooperative": 0.5376, "car_lcLookaheadLeft": 69.9988, "car_lcPushy": 0.5672, "car_lcSigma": 0.7044, "car_lcSpeedGainRight": 3.9392, "car_lcSublane": 0.4285, "car_sigma": 0.8159, "car_tau_mean": 0.6277, "car_tau_std": 9.0334, "car_v_mean": 25.3217, "car_v_std": 5.8737}, "datetime": {"datetime": "2024-08-11 19:34:42", "elapsed": 6752.964206, "delta": 8.299212}}
{"target": -0.3740536219926828, "params": {"bus_acc": 2.2587, "bus_dcc": 2.4045, "bus_lcAssertive": 56.0496, "bus_lcCooperative": 0.129, "bus_lcLookaheadLeft": 83.6324, "bus_lcPushy": 0.5115, "bus_lcSigma": 0.5504, "bus_lcSpeedGainRight": 3.2175, "bus_lcSublane": 0.6296, "bus_sigma": 0.9244, "bus_tau_mean": 1.6114, "bus_tau_std": 6.0155, "bus_v_mean": 17.4112, "bus_v_std": 18.8697, "car_acc": 0.3445, "car_dcc": 1.0713, "car_lcAssertive": 26.954, "car_lcCooperative": 0.2857, "car_lcLookaheadLeft": 27.3533, "car_lcPushy": 0.2307, "car_lcSigma": 0.2561, "car_lcSpeedGainRight": 0.1621, "car_lcSublane": 0.1691, "car_sigma": 0.2703, "car_tau_mean": 0.7337, "car_tau_std": 3.7763, "car_v_mean": 14.6275, "car_v_std": 13.4214}, "datetime": {"datetime": "2024-08-11 19:34:49", "elapsed": 6759.687403, "delta": 6.723197}}
{"target": -0.470759966391962, "params": {"bus_acc": 1.773, "bus_dcc": 3.8194, "bus_lcAssertive": 62.6707, "bus_lcCooperative": 0.5556, "bus_lcLookaheadLeft": 42.7967, "bus_lcPushy": 0.0243, "bus_lcSigma": 0.7571, "bus_lcSpeedGainRight": 1.8034, "bus_lcSublane": 0.0523, "bus_sigma": 0.6202, "bus_tau_mean": 3.4316, "bus_tau_std": 1.5423, "bus_v_mean": 13.9788, "bus_v_std": 4.5456, "car_acc": 3.4573, "car_dcc": 3.5837, "car_lcAssertive": 43.7709, "car_lcCooperative": 0.2715, "car_lcLookaheadLeft": 58.1549, "car_lcPushy": 0.1032, "car_lcSigma": 0.2163, "car_lcSpeedGainRight": 3.2173, "car_lcSublane": 0.5397, "car_sigma": 0.5533, "car_tau_mean": 2.918, "car_tau_std": 9.844, "car_v_mean": 17.8091, "car_v_std": 13.4539}, "datetime": {"datetime": "2024-08-11 19:34:53", "elapsed": 6763.950245, "delta": 4.262842}}
