{"target": -0.19916103316181652, "params": {"bus_acc": 1.6993, "bus_dcc": 3.9407, "bus_lcAssertive": 57.3159, "bus_lcCooperative": 0.5094, "bus_lcLookaheadLeft": 47.5631, "bus_lcPushy": 0.8964, "bus_lcSigma": 0.2486, "bus_lcSpeedGainRight": 1.722, "bus_lcSublane": 0.3166, "bus_sigma": 0.0624, "bus_tau_mean": 2.1012, "bus_tau_std": 3.7245, "bus_v_mean": 11.4678, "bus_v_std": 5.6247, "car_acc": 1.1732, "car_dcc": 3.5483, "car_lcAssertive": 5.1314, "car_lcCooperative": 0.084, "car_lcLookaheadLeft": 38.6927, "car_lcPushy": 0.1754, "car_lcSigma": 0.3864, "car_lcSpeedGainRight": 1.2475, "car_lcSublane": 0.3737, "car_sigma": 0.4585, "car_tau_mean": 3.0975, "car_tau_std": 7.9149, "car_v_mean": 23.9697, "car_v_std": 12.8587}, "datetime": {"datetime": "2024-09-05 13:25:08", "elapsed": 9363.788757, "delta": 8.716087}}
{"target": -0.19940958664734432, "params": {"bus_acc": 0.7743, "bus_dcc": 1.9282, "bus_lcAssertive": 82.552, "bus_lcCooperative": 0.359, "bus_lcLookaheadLeft": 42.053, "bus_lcPushy": 0.0637, "bus_lcSigma": 0.4688, "bus_lcSpeedGainRight": 2.457, "bus_lcSublane": 0.7927, "bus_sigma": 0.0655, "bus_tau_mean": 1.937, "bus_tau_std": 3.8235, "bus_v_mean": 8.6045, "bus_v_std": 7.2814, "car_acc": 3.2206, "car_dcc": 1.1707, "car_lcAssertive": 38.1582, "car_lcCooperative": 0.5642, "car_lcLookaheadLeft": 29.3846, "car_lcPushy": 0.3712, "car_lcSigma": 0.752, "car_lcSpeedGainRight": 0.9601, "car_lcSublane": 0.7415, "car_sigma": 0.5042, "car_tau_mean": 2.5725, "car_tau_std": 0.8904, "car_v_mean": 22.5984, "car_v_std": 17.8238}, "datetime": {"datetime": "2024-09-05 13:25:21", "elapsed": 9376.696383, "delta": 12.907626}}
{"target": -0.607306457267017, "params": {"bus_acc": 1.0825, "bus_dcc": 3.0462, "bus_lcAssertive": 88.0635, "bus_lcCooperative": 0.0667, "bus_lcLookaheadLeft": 62.4515, "bus_lcPushy": 0.6085, "bus_lcSigma": 0.3257, "bus_lcSpeedGainRight": 1.1888, "bus_lcSublane": 0.7806, "bus_sigma": 0.8614, "bus_tau_mean": 2.9002, "bus_tau_std": 8.4659, "bus_v_mean": 8.5222, "bus_v_std": 0.1725, "car_acc": 1.2174, "car_dcc": 0.5027, "car_lcAssertive": 81.0274, "car_lcCooperative": 0.3594, "car_lcLookaheadLeft": 20.3595, "car_lcPushy": 0.8722, "car_lcSigma": 0.1346, "car_lcSpeedGainRight": 1.7079, "car_lcSublane": 0.8638, "car_sigma": 0.936, "car_tau_mean": 1.7495, "car_tau_std": 0.5651, "car_v_mean": 18.0307, "car_v_std": 9.876}, "datetime": {"datetime": "2024-09-05 13:25:32", "elapsed": 9387.96251, "delta": 11.266127}}
{"target": -0.16730224564835874, "params": {"bus_acc": 2.3212, "bus_dcc": 2.3049, "bus_lcAssertive": 70.9892, "bus_lcCooperative": 0.2968, "bus_lcLookaheadLeft": 73.0958, "bus_lcPushy": 0.5445, "bus_lcSigma": 0.7202, "bus_lcSpeedGainRight": 1.3556, "bus_lcSublane": 0.4969, "bus_sigma": 0.9593, "bus_tau_mean": 2.187, "bus_tau_std": 0.2185, "bus_v_mean": 11.3516, "bus_v_std": 2.1332, "car_acc": 2.0484, "car_dcc": 2.3909, "car_lcAssertive": 70.2172, "car_lcCooperative": 0.3813, "car_lcLookaheadLeft": 17.2082, "car_lcPushy": 0.7882, "car_lcSigma": 0.1197, "car_lcSpeedGainRight": 1.3924, "car_lcSublane": 0.7765, "car_sigma": 0.9169, "car_tau_mean": 2.3618, "car_tau_std": 8.9118, "car_v_mean": 20.7165, "car_v_std": 16.1065}, "datetime": {"datetime": "2024-09-05 13:25:46", "elapsed": 9401.507817, "delta": 13.545307}}
{"target": -0.21600869944397363, "params": {"bus_acc": 3.3718, "bus_dcc": 0.6164, "bus_lcAssertive": 87.0255, "bus_lcCooperative": 0.4788, "bus_lcLookaheadLeft": 86.2298, "bus_lcPushy": 0.3953, "bus_lcSigma": 0.7785, "bus_lcSpeedGainRight": 1.0078, "bus_lcSublane": 0.6104, "bus_sigma": 0.0075, "bus_tau_mean": 1.0992, "bus_tau_std": 9.8652, "bus_v_mean": 24.8587, "bus_v_std": 9.2794, "car_acc": 2.7072, "car_dcc": 2.1483, "car_lcAssertive": 40.3668, "car_lcCooperative": 0.6775, "car_lcLookaheadLeft": 27.8692, "car_lcPushy": 0.7812, "car_lcSigma": 0.3845, "car_lcSpeedGainRight": 1.3555, "car_lcSublane": 0.5067, "car_sigma": 0.9702, "car_tau_mean": 2.4483, "car_tau_std": 9.0949, "car_v_mean": 9.8046, "car_v_std": 12.9178}, "datetime": {"datetime": "2024-09-05 13:26:01", "elapsed": 9416.477005, "delta": 14.969188}}
{"target": -0.18179830939320285, "params": {"bus_acc": 3.2552, "bus_dcc": 3.5866, "bus_lcAssertive": 46.4846, "bus_lcCooperative": 0.7362, "bus_lcLookaheadLeft": 87.2486, "bus_lcPushy": 0.0168, "bus_lcSigma": 0.6862, "bus_lcSpeedGainRight": 2.6425, "bus_lcSublane": 0.6785, "bus_sigma": 0.0304, "bus_tau_mean": 2.8423, "bus_tau_std": 1.9889, "bus_v_mean": 17.4956, "bus_v_std": 1.978, "car_acc": 1.6815, "car_dcc": 1.5929, "car_lcAssertive": 24.5679, "car_lcCooperative": 0.3157, "car_lcLookaheadLeft": 18.3383, "car_lcPushy": 0.5013, "car_lcSigma": 0.6791, "car_lcSpeedGainRight": 1.8501, "car_lcSublane": 0.3686, "car_sigma": 0.2398, "car_tau_mean": 3.7859, "car_tau_std": 9.1487, "car_v_mean": 13.9804, "car_v_std": 14.3598}, "datetime": {"datetime": "2024-09-05 13:26:27", "elapsed": 9442.480085, "delta": 26.00308}}
{"target": -0.22064753840908494, "params": {"bus_acc": 3.2541, "bus_dcc": 1.1728, "bus_lcAssertive": 51.4526, "bus_lcCooperative": 0.775, "bus_lcLookaheadLeft": 36.3649, "bus_lcPushy": 0.1912, "bus_lcSigma": 0.0757, "bus_lcSpeedGainRight": 1.4892, "bus_lcSublane": 0.6414, "bus_sigma": 0.3625, "bus_tau_mean": 0.9814, "bus_tau_std": 6.8131, "bus_v_mean": 20.2603, "bus_v_std": 4.4602, "car_acc": 1.3892, "car_dcc": 1.1917, "car_lcAssertive": 55.0168, "car_lcCooperative": 0.5198, "car_lcLookaheadLeft": 48.7126, "car_lcPushy": 0.2099, "car_lcSigma": 0.763, "car_lcSpeedGainRight": 2.495, "car_lcSublane": 0.7257, "car_sigma": 0.6792, "car_tau_mean": 3.0446, "car_tau_std": 6.4219, "car_v_mean": 8.2913, "car_v_std": 6.966}, "datetime": {"datetime": "2024-09-05 13:26:43", "elapsed": 9459.414822, "delta": 16.934737}}
{"target": -0.2989079381200626, "params": {"bus_acc": 0.2392, "bus_dcc": 2.028, "bus_lcAssertive": 2.7782, "bus_lcCooperative": 0.6131, "bus_lcLookaheadLeft": 84.6892, "bus_lcPushy": 0.5808, "bus_lcSigma": 0.1005, "bus_lcSpeedGainRight": 2.3468, "bus_lcSublane": 0.3224, "bus_sigma": 0.3666, "bus_tau_mean": 3.2589, "bus_tau_std": 2.6749, "bus_v_mean": 18.562, "bus_v_std": 12.0159, "car_acc": 3.0704, "car_dcc": 2.6398, "car_lcAssertive": 75.2171, "car_lcCooperative": 0.8574, "car_lcLookaheadLeft": 5.641, "car_lcPushy": 0.4953, "car_lcSigma": 0.0547, "car_lcSpeedGainRight": 0.4534, "car_lcSublane": 0.435, "car_sigma": 0.3304, "car_tau_mean": 0.6517, "car_tau_std": 1.8145, "car_v_mean": 8.7363, "car_v_std": 15.3236}, "datetime": {"datetime": "2024-09-05 13:27:10", "elapsed": 9485.865361, "delta": 26.450539}}
{"target": -0.2680548482358728, "params": {"bus_acc": 3.5968, "bus_dcc": 3.355, "bus_lcAssertive": 98.9608, "bus_lcCooperative": 0.7451, "bus_lcLookaheadLeft": 20.0982, "bus_lcPushy": 0.1419, "bus_lcSigma": 0.7389, "bus_lcSpeedGainRight": 2.9751, "bus_lcSublane": 0.8582, "bus_sigma": 0.8416, "bus_tau_mean": 0.8224, "bus_tau_std": 0.2125, "bus_v_mean": 21.1792, "bus_v_std": 7.1173, "car_acc": 1.9531, "car_dcc": 0.5886, "car_lcAssertive": 97.8295, "car_lcCooperative": 0.7064, "car_lcLookaheadLeft": 20.4455, "car_lcPushy": 0.8953, "car_lcSigma": 0.5691, "car_lcSpeedGainRight": 3.1048, "car_lcSublane": 0.4628, "car_sigma": 0.1939, "car_tau_mean": 2.6215, "car_tau_std": 7.1776, "car_v_mean": 11.5387, "car_v_std": 3.45}, "datetime": {"datetime": "2024-09-05 13:27:36", "elapsed": 9511.677191, "delta": 25.81183}}
{"target": -0.19284247735217755, "params": {"bus_acc": 3.0581, "bus_dcc": 3.9836, "bus_lcAssertive": 13.5446, "bus_lcCooperative": 0.8995, "bus_lcLookaheadLeft": 39.4081, "bus_lcPushy": 0.7077, "bus_lcSigma": 0.8176, "bus_lcSpeedGainRight": 0.35, "bus_lcSublane": 0.5588, "bus_sigma": 0.6244, "bus_tau_mean": 1.9771, "bus_tau_std": 1.4748, "bus_v_mean": 12.5218, "bus_v_std": 15.7383, "car_acc": 2.1155, "car_dcc": 3.9563, "car_lcAssertive": 90.2431, "car_lcCooperative": 0.0441, "car_lcLookaheadLeft": 64.3835, "car_lcPushy": 0.073, "car_lcSigma": 0.1721, "car_lcSpeedGainRight": 4.0221, "car_lcSublane": 0.6041, "car_sigma": 0.1174, "car_tau_mean": 3.1789, "car_tau_std": 5.5401, "car_v_mean": 11.2247, "car_v_std": 15.2585}, "datetime": {"datetime": "2024-09-05 13:27:51", "elapsed": 9526.99782, "delta": 15.320629}}
{"target": -0.16508539666697938, "params": {"bus_acc": 3.0167, "bus_dcc": 2.8557, "bus_lcAssertive": 2.1636, "bus_lcCooperative": 0.1026, "bus_lcLookaheadLeft": 26.9616, "bus_lcPushy": 0.6655, "bus_lcSigma": 0.9726, "bus_lcSpeedGainRight": 1.1471, "bus_lcSublane": 0.0484, "bus_sigma": 0.3007, "bus_tau_mean": 1.1972, "bus_tau_std": 8.7321, "bus_v_mean": 13.5573, "bus_v_std": 13.9779, "car_acc": 3.1304, "car_dcc": 2.9828, "car_lcAssertive": 77.9688, "car_lcCooperative": 0.6764, "car_lcLookaheadLeft": 50.2995, "car_lcPushy": 0.6324, "car_lcSigma": 0.9536, "car_lcSpeedGainRight": 0.6465, "car_lcSublane": 0.086, "car_sigma": 0.5286, "car_tau_mean": 2.8908, "car_tau_std": 0.8525, "car_v_mean": 15.3454, "car_v_std": 12.3376}, "datetime": {"datetime": "2024-09-05 13:28:09", "elapsed": 9544.612878, "delta": 17.615058}}
{"target": -0.14765902512295423, "params": {"bus_acc": 0.6711, "bus_dcc": 2.0372, "bus_lcAssertive": 33.1311, "bus_lcCooperative": 0.6221, "bus_lcLookaheadLeft": 25.5837, "bus_lcPushy": 0.0842, "bus_lcSigma": 0.3172, "bus_lcSpeedGainRight": 3.3693, "bus_lcSublane": 0.4671, "bus_sigma": 0.8353, "bus_tau_mean": 2.6214, "bus_tau_std": 9.9202, "bus_v_mean": 24.0781, "bus_v_std": 5.3743, "car_acc": 1.4662, "car_dcc": 3.4904, "car_lcAssertive": 57.9894, "car_lcCooperative": 0.4766, "car_lcLookaheadLeft": 41.8715, "car_lcPushy": 0.635, "car_lcSigma": 0.1967, "car_lcSpeedGainRight": 4.7469, "car_lcSublane": 0.4866, "car_sigma": 0.3289, "car_tau_mean": 2.2556, "car_tau_std": 0.181, "car_v_mean": 8.5876, "car_v_std": 0.4569}, "datetime": {"datetime": "2024-09-05 13:28:19", "elapsed": 9554.890965, "delta": 10.278087}}
{"target": -0.2740078231780449, "params": {"bus_acc": 0.6255, "bus_dcc": 3.0251, "bus_lcAssertive": 85.5806, "bus_lcCooperative": 0.3429, "bus_lcLookaheadLeft": 70.9084, "bus_lcPushy": 0.8954, "bus_lcSigma": 0.9078, "bus_lcSpeedGainRight": 0.6617, "bus_lcSublane": 0.3903, "bus_sigma": 0.5542, "bus_tau_mean": 2.8042, "bus_tau_std": 3.8172, "bus_v_mean": 23.7672, "bus_v_std": 2.129, "car_acc": 0.2351, "car_dcc": 2.648, "car_lcAssertive": 49.3043, "car_lcCooperative": 0.7753, "car_lcLookaheadLeft": 29.7361, "car_lcPushy": 0.1595, "car_lcSigma": 0.5611, "car_lcSpeedGainRight": 1.9308, "car_lcSublane": 0.0349, "car_sigma": 0.1074, "car_tau_mean": 1.0153, "car_tau_std": 4.7566, "car_v_mean": 12.3264, "car_v_std": 15.7364}, "datetime": {"datetime": "2024-09-05 13:29:00", "elapsed": 9596.125897, "delta": 41.234932}}
{"target": -0.19675662470237001, "params": {"bus_acc": 2.3626, "bus_dcc": 0.8064, "bus_lcAssertive": 37.9407, "bus_lcCooperative": 0.3129, "bus_lcLookaheadLeft": 49.4945, "bus_lcPushy": 0.2994, "bus_lcSigma": 0.5578, "bus_lcSpeedGainRight": 1.9598, "bus_lcSublane": 0.2003, "bus_sigma": 0.8386, "bus_tau_mean": 0.7272, "bus_tau_std": 1.4449, "bus_v_mean": 19.5803, "bus_v_std": 9.3911, "car_acc": 1.9029, "car_dcc": 3.4684, "car_lcAssertive": 27.5644, "car_lcCooperative": 0.8682, "car_lcLookaheadLeft": 4.8038, "car_lcPushy": 0.3582, "car_lcSigma": 0.6023, "car_lcSpeedGainRight": 0.6891, "car_lcSublane": 0.0076, "car_sigma": 0.8652, "car_tau_mean": 2.6894, "car_tau_std": 5.2654, "car_v_mean": 12.6508, "car_v_std": 12.6938}, "datetime": {"datetime": "2024-09-05 13:29:09", "elapsed": 9604.598527, "delta": 8.47263}}
{"target": -0.18625408469323235, "params": {"bus_acc": 0.7969, "bus_dcc": 1.6181, "bus_lcAssertive": 99.5573, "bus_lcCooperative": 0.5484, "bus_lcLookaheadLeft": 3.6491, "bus_lcPushy": 0.6839, "bus_lcSigma": 0.031, "bus_lcSpeedGainRight": 2.8881, "bus_lcSublane": 0.5067, "bus_sigma": 0.4053, "bus_tau_mean": 0.8081, "bus_tau_std": 1.8445, "bus_v_mean": 9.5634, "bus_v_std": 5.7937, "car_acc": 1.0465, "car_dcc": 3.2634, "car_lcAssertive": 76.7739, "car_lcCooperative": 0.5449, "car_lcLookaheadLeft": 21.859, "car_lcPushy": 0.6251, "car_lcSigma": 0.6195, "car_lcSpeedGainRight": 0.8586, "car_lcSublane": 0.9944, "car_sigma": 0.6508, "car_tau_mean": 1.1263, "car_tau_std": 6.0515, "car_v_mean": 24.0092, "car_v_std": 0.3121}, "datetime": {"datetime": "2024-09-05 13:29:18", "elapsed": 9613.691554, "delta": 9.093027}}
{"target": -0.39108197917337556, "params": {"bus_acc": 1.0254, "bus_dcc": 0.3353, "bus_lcAssertive": 10.8624, "bus_lcCooperative": 0.5393, "bus_lcLookaheadLeft": 27.9249, "bus_lcPushy": 0.8399, "bus_lcSigma": 0.3471, "bus_lcSpeedGainRight": 3.6551, "bus_lcSublane": 0.8597, "bus_sigma": 0.0286, "bus_tau_mean": 3.2607, "bus_tau_std": 1.6535, "bus_v_mean": 23.5181, "bus_v_std": 0.8525, "car_acc": 2.3784, "car_dcc": 0.3537, "car_lcAssertive": 65.6516, "car_lcCooperative": 0.5792, "car_lcLookaheadLeft": 51.8538, "car_lcPushy": 0.118, "car_lcSigma": 0.8943, "car_lcSpeedGainRight": 3.4385, "car_lcSublane": 0.5926, "car_sigma": 0.261, "car_tau_mean": 2.9358, "car_tau_std": 6.4809, "car_v_mean": 23.2202, "car_v_std": 2.8004}, "datetime": {"datetime": "2024-09-05 13:29:28", "elapsed": 9624.366677, "delta": 10.675123}}
{"target": -0.24690113666365798, "params": {"bus_acc": 3.2365, "bus_dcc": 1.2332, "bus_lcAssertive": 37.2701, "bus_lcCooperative": 0.9331, "bus_lcLookaheadLeft": 10.5813, "bus_lcPushy": 0.833, "bus_lcSigma": 0.3711, "bus_lcSpeedGainRight": 0.0786, "bus_lcSublane": 0.6959, "bus_sigma": 0.3514, "bus_tau_mean": 3.9066, "bus_tau_std": 3.9873, "bus_v_mean": 11.4062, "bus_v_std": 11.3375, "car_acc": 3.8815, "car_dcc": 1.1801, "car_lcAssertive": 43.2774, "car_lcCooperative": 0.8622, "car_lcLookaheadLeft": 58.3183, "car_lcPushy": 0.894, "car_lcSigma": 0.1868, "car_lcSpeedGainRight": 0.974, "car_lcSublane": 0.297, "car_sigma": 0.5444, "car_tau_mean": 0.6651, "car_tau_std": 0.4713, "car_v_mean": 19.8463, "car_v_std": 5.4104}, "datetime": {"datetime": "2024-09-05 13:29:43", "elapsed": 9638.996148, "delta": 14.629471}}
{"target": -0.20730444544629303, "params": {"bus_acc": 3.7661, "bus_dcc": 2.6407, "bus_lcAssertive": 3.7353, "bus_lcCooperative": 0.2985, "bus_lcLookaheadLeft": 86.9627, "bus_lcPushy": 0.4246, "bus_lcSigma": 0.8337, "bus_lcSpeedGainRight": 3.7406, "bus_lcSublane": 0.7013, "bus_sigma": 0.6785, "bus_tau_mean": 3.0459, "bus_tau_std": 7.5441, "bus_v_mean": 13.9819, "bus_v_std": 2.5443, "car_acc": 3.4509, "car_dcc": 1.5012, "car_lcAssertive": 2.4694, "car_lcCooperative": 0.1623, "car_lcLookaheadLeft": 29.0219, "car_lcPushy": 0.5181, "car_lcSigma": 0.8084, "car_lcSpeedGainRight": 0.8673, "car_lcSublane": 0.7024, "car_sigma": 0.2175, "car_tau_mean": 3.9497, "car_tau_std": 2.2221, "car_v_mean": 15.8586, "car_v_std": 17.969}, "datetime": {"datetime": "2024-09-05 13:29:55", "elapsed": 9650.725674, "delta": 11.729526}}
{"target": -0.17588627540433732, "params": {"bus_acc": 2.706, "bus_dcc": 2.0913, "bus_lcAssertive": 37.8246, "bus_lcCooperative": 0.2275, "bus_lcLookaheadLeft": 70.6669, "bus_lcPushy": 0.5664, "bus_lcSigma": 0.8892, "bus_lcSpeedGainRight": 0.8055, "bus_lcSublane": 0.8755, "bus_sigma": 0.8231, "bus_tau_mean": 2.7409, "bus_tau_std": 1.6657, "bus_v_mean": 11.5886, "bus_v_std": 15.5662, "car_acc": 3.6368, "car_dcc": 0.9414, "car_lcAssertive": 6.3251, "car_lcCooperative": 0.7469, "car_lcLookaheadLeft": 28.2506, "car_lcPushy": 0.1236, "car_lcSigma": 0.693, "car_lcSpeedGainRight": 3.3511, "car_lcSublane": 0.1667, "car_sigma": 0.3873, "car_tau_mean": 2.7042, "car_tau_std": 5.2461, "car_v_mean": 12.4866, "car_v_std": 14.7728}, "datetime": {"datetime": "2024-09-05 13:30:07", "elapsed": 9663.215944, "delta": 12.49027}}
{"target": -0.1984633957862104, "params": {"bus_acc": 0.7319, "bus_dcc": 1.4943, "bus_lcAssertive": 64.0579, "bus_lcCooperative": 0.0715, "bus_lcLookaheadLeft": 70.279, "bus_lcPushy": 0.3692, "bus_lcSigma": 0.8112, "bus_lcSpeedGainRight": 1.2815, "bus_lcSublane": 0.2066, "bus_sigma": 0.8378, "bus_tau_mean": 1.0528, "bus_tau_std": 3.5502, "bus_v_mean": 25.538, "bus_v_std": 2.9137, "car_acc": 2.9571, "car_dcc": 3.2755, "car_lcAssertive": 57.7601, "car_lcCooperative": 0.8963, "car_lcLookaheadLeft": 39.1886, "car_lcPushy": 0.6803, "car_lcSigma": 0.4475, "car_lcSpeedGainRight": 4.7585, "car_lcSublane": 0.0148, "car_sigma": 0.6123, "car_tau_mean": 3.1613, "car_tau_std": 0.4915, "car_v_mean": 11.2817, "car_v_std": 13.1019}, "datetime": {"datetime": "2024-09-05 13:30:18", "elapsed": 9674.422786, "delta": 11.206842}}
{"target": -0.15716070269274113, "params": {"bus_acc": 2.822, "bus_dcc": 1.2083, "bus_lcAssertive": 35.9304, "bus_lcCooperative": 0.8805, "bus_lcLookaheadLeft": 60.1166, "bus_lcPushy": 0.3205, "bus_lcSigma": 0.308, "bus_lcSpeedGainRight": 2.0241, "bus_lcSublane": 0.226, "bus_sigma": 0.6722, "bus_tau_mean": 1.1505, "bus_tau_std": 5.5122, "bus_v_mean": 11.7682, "bus_v_std": 8.2968, "car_acc": 0.393, "car_dcc": 0.9314, "car_lcAssertive": 44.9384, "car_lcCooperative": 0.1921, "car_lcLookaheadLeft": 85.4889, "car_lcPushy": 0.2727, "car_lcSigma": 0.0513, "car_lcSpeedGainRight": 2.6519, "car_lcSublane": 0.7215, "car_sigma": 0.6865, "car_tau_mean": 2.9854, "car_tau_std": 7.1175, "car_v_mean": 13.2275, "car_v_std": 6.9908}, "datetime": {"datetime": "2024-09-05 13:30:31", "elapsed": 9686.919672, "delta": 12.496886}}
{"target": -0.16123232824262465, "params": {"bus_acc": 1.7744, "bus_dcc": 2.8968, "bus_lcAssertive": 20.0157, "bus_lcCooperative": 0.5746, "bus_lcLookaheadLeft": 83.4136, "bus_lcPushy": 0.702, "bus_lcSigma": 0.7981, "bus_lcSpeedGainRight": 3.8388, "bus_lcSublane": 0.7691, "bus_sigma": 0.579, "bus_tau_mean": 1.4447, "bus_tau_std": 5.9779, "bus_v_mean": 15.857, "bus_v_std": 0.9577, "car_acc": 1.2667, "car_dcc": 0.9043, "car_lcAssertive": 52.7265, "car_lcCooperative": 0.2784, "car_lcLookaheadLeft": 21.2956, "car_lcPushy": 0.4209, "car_lcSigma": 0.9186, "car_lcSpeedGainRight": 3.0329, "car_lcSublane": 0.4729, "car_sigma": 0.29, "car_tau_mean": 3.2999, "car_tau_std": 8.649, "car_v_mean": 8.8309, "car_v_std": 0.8346}, "datetime": {"datetime": "2024-09-05 13:30:48", "elapsed": 9704.002585, "delta": 17.082913}}
{"target": -0.23203157677438205, "params": {"bus_acc": 0.2171, "bus_dcc": 1.66, "bus_lcAssertive": 75.847, "bus_lcCooperative": 0.4573, "bus_lcLookaheadLeft": 81.1404, "bus_lcPushy": 0.5045, "bus_lcSigma": 0.5341, "bus_lcSpeedGainRight": 4.0316, "bus_lcSublane": 0.7405, "bus_sigma": 0.1382, "bus_tau_mean": 1.9323, "bus_tau_std": 8.206, "bus_v_mean": 11.02, "bus_v_std": 18.971, "car_acc": 1.1288, "car_dcc": 3.7843, "car_lcAssertive": 2.6435, "car_lcCooperative": 0.6601, "car_lcLookaheadLeft": 43.2069, "car_lcPushy": 0.6356, "car_lcSigma": 0.4022, "car_lcSpeedGainRight": 3.1953, "car_lcSublane": 0.1055, "car_sigma": 0.4417, "car_tau_mean": 2.3822, "car_tau_std": 1.1026, "car_v_mean": 13.151, "car_v_std": 4.4502}, "datetime": {"datetime": "2024-09-05 13:31:08", "elapsed": 9724.031548, "delta": 20.028963}}
{"target": -0.19465974981070175, "params": {"bus_acc": 3.3428, "bus_dcc": 0.8781, "bus_lcAssertive": 4.7206, "bus_lcCooperative": 0.3426, "bus_lcLookaheadLeft": 33.3535, "bus_lcPushy": 0.4823, "bus_lcSigma": 0.5332, "bus_lcSpeedGainRight": 2.0493, "bus_lcSublane": 0.5048, "bus_sigma": 0.0326, "bus_tau_mean": 3.0545, "bus_tau_std": 1.1167, "bus_v_mean": 12.8313, "bus_v_std": 10.0915, "car_acc": 2.8549, "car_dcc": 2.7391, "car_lcAssertive": 38.1633, "car_lcCooperative": 0.0043, "car_lcLookaheadLeft": 68.4623, "car_lcPushy": 0.3329, "car_lcSigma": 0.6581, "car_lcSpeedGainRight": 3.7246, "car_lcSublane": 0.9937, "car_sigma": 0.8825, "car_tau_mean": 2.3785, "car_tau_std": 8.2886, "car_v_mean": 10.1147, "car_v_std": 17.6738}, "datetime": {"datetime": "2024-09-05 13:31:19", "elapsed": 9735.404603, "delta": 11.373055}}
{"target": -0.20733761118254365, "params": {"bus_acc": 1.0975, "bus_dcc": 2.6892, "bus_lcAssertive": 72.7728, "bus_lcCooperative": 0.2714, "bus_lcLookaheadLeft": 42.0622, "bus_lcPushy": 0.7482, "bus_lcSigma": 0.7901, "bus_lcSpeedGainRight": 2.0566, "bus_lcSublane": 0.3973, "bus_sigma": 0.4201, "bus_tau_mean": 3.1305, "bus_tau_std": 3.529, "bus_v_mean": 23.0787, "bus_v_std": 8.987, "car_acc": 2.0318, "car_dcc": 1.6483, "car_lcAssertive": 21.8983, "car_lcCooperative": 0.7073, "car_lcLookaheadLeft": 73.419, "car_lcPushy": 0.2817, "car_lcSigma": 0.4049, "car_lcSpeedGainRight": 2.4512, "car_lcSublane": 0.6474, "car_sigma": 0.4148, "car_tau_mean": 2.0171, "car_tau_std": 9.0252, "car_v_mean": 12.0355, "car_v_std": 2.6995}, "datetime": {"datetime": "2024-09-05 13:31:32", "elapsed": 9747.922453, "delta": 12.51785}}
{"target": -0.24081710942083093, "params": {"bus_acc": 0.4085, "bus_dcc": 1.1152, "bus_lcAssertive": 79.3357, "bus_lcCooperative": 0.8076, "bus_lcLookaheadLeft": 53.58, "bus_lcPushy": 0.562, "bus_lcSigma": 0.9862, "bus_lcSpeedGainRight": 2.5361, "bus_lcSublane": 0.7703, "bus_sigma": 0.6579, "bus_tau_mean": 3.1786, "bus_tau_std": 0.7187, "bus_v_mean": 17.7379, "bus_v_std": 1.9192, "car_acc": 3.5547, "car_dcc": 3.5059, "car_lcAssertive": 75.2396, "car_lcCooperative": 0.8225, "car_lcLookaheadLeft": 76.6553, "car_lcPushy": 0.3616, "car_lcSigma": 0.9039, "car_lcSpeedGainRight": 4.4186, "car_lcSublane": 0.9384, "car_sigma": 0.5197, "car_tau_mean": 0.5967, "car_tau_std": 9.2097, "car_v_mean": 22.9573, "car_v_std": 5.0364}, "datetime": {"datetime": "2024-09-05 13:31:46", "elapsed": 9761.788879, "delta": 13.866426}}
