{"target": -0.3707805926060868, "params": {"bus_acc": 0.2043, "bus_dcc": 2.959, "bus_lcAssertive": 57.4396, "bus_lcCooperative": 0.9793, "bus_lcLookaheadLeft": 15.5918, "bus_lcPushy": 0.0694, "bus_lcSigma": 0.9203, "bus_lcSpeedGainRight": 3.4611, "bus_lcSublane": 0.1027, "bus_sigma": 0.5436, "bus_tau_mean": 3.1205, "bus_tau_std": 2.3019, "bus_v_mean": 19.5955, "bus_v_std": 10.281, "car_acc": 0.99, "car_dcc": 1.1129, "car_lcAssertive": 86.9401, "car_lcCooperative": 0.274, "car_lcLookaheadLeft": 94.5666, "car_lcPushy": 0.7266, "car_lcSigma": 0.9634, "car_lcSpeedGainRight": 0.7041, "car_lcSublane": 0.0232, "car_sigma": 0.3263, "car_tau_mean": 1.5094, "car_tau_std": 4.2809, "car_v_mean": 10.4389, "car_v_std": 16.8157}, "datetime": {"datetime": "2024-08-11 19:13:47", "elapsed": 5497.956241, "delta": 5.13007}}
{"target": -0.41289184996774947, "params": {"bus_acc": 0.5773, "bus_dcc": 2.5525, "bus_lcAssertive": 72.0113, "bus_lcCooperative": 0.2956, "bus_lcLookaheadLeft": 13.0363, "bus_lcPushy": 0.3215, "bus_lcSigma": 0.0391, "bus_lcSpeedGainRight": 1.9452, "bus_lcSublane": 0.4072, "bus_sigma": 0.6058, "bus_tau_mean": 0.6512, "bus_tau_std": 0.0067, "bus_v_mean": 21.3425, "bus_v_std": 11.5421, "car_acc": 1.5201, "car_dcc": 2.6844, "car_lcAssertive": 83.1819, "car_lcCooperative": 0.9699, "car_lcLookaheadLeft": 70.924, "car_lcPushy": 0.9408, "car_lcSigma": 0.6271, "car_lcSpeedGainRight": 2.1062, "car_lcSublane": 0.5708, "car_sigma": 0.5682, "car_tau_mean": 2.265, "car_tau_std": 0.662, "car_v_mean": 16.2162, "car_v_std": 2.8423}, "datetime": {"datetime": "2024-08-11 19:13:53", "elapsed": 5504.517887, "delta": 6.561646}}
{"target": -0.29690474362748986, "params": {"bus_acc": 1.3601, "bus_dcc": 3.4889, "bus_lcAssertive": 51.4593, "bus_lcCooperative": 0.0754, "bus_lcLookaheadLeft": 20.4275, "bus_lcPushy": 0.5167, "bus_lcSigma": 0.3973, "bus_lcSpeedGainRight": 0.6007, "bus_lcSublane": 0.2904, "bus_sigma": 0.6403, "bus_tau_mean": 3.2683, "bus_tau_std": 2.2817, "bus_v_mean": 9.8112, "bus_v_std": 0.8149, "car_acc": 2.3306, "car_dcc": 1.788, "car_lcAssertive": 45.9992, "car_lcCooperative": 0.6371, "car_lcLookaheadLeft": 63.4111, "car_lcPushy": 0.5104, "car_lcSigma": 0.3575, "car_lcSpeedGainRight": 3.4753, "car_lcSublane": 0.8885, "car_sigma": 0.7978, "car_tau_mean": 1.2006, "car_tau_std": 5.8773, "car_v_mean": 10.1609, "car_v_std": 0.5938}, "datetime": {"datetime": "2024-08-11 19:13:57", "elapsed": 5508.368122, "delta": 3.850235}}
{"target": -0.30072845297116013, "params": {"bus_acc": 2.4025, "bus_dcc": 1.7981, "bus_lcAssertive": 71.674, "bus_lcCooperative": 0.9762, "bus_lcLookaheadLeft": 52.4386, "bus_lcPushy": 0.9067, "bus_lcSigma": 0.4485, "bus_lcSpeedGainRight": 3.06, "bus_lcSublane": 0.5734, "bus_sigma": 0.7717, "bus_tau_mean": 1.0659, "bus_tau_std": 8.5915, "bus_v_mean": 21.5508, "bus_v_std": 18.4471, "car_acc": 1.7411, "car_dcc": 3.7568, "car_lcAssertive": 55.6337, "car_lcCooperative": 0.9439, "car_lcLookaheadLeft": 56.6771, "car_lcPushy": 0.1991, "car_lcSigma": 0.1972, "car_lcSpeedGainRight": 1.5731, "car_lcSublane": 0.7308, "car_sigma": 0.3599, "car_tau_mean": 0.5904, "car_tau_std": 4.008, "car_v_mean": 9.2104, "car_v_std": 0.9118}, "datetime": {"datetime": "2024-08-11 19:14:04", "elapsed": 5515.605296, "delta": 7.237174}}
{"target": -0.3903663333904721, "params": {"bus_acc": 3.0369, "bus_dcc": 3.6804, "bus_lcAssertive": 51.4147, "bus_lcCooperative": 0.7925, "bus_lcLookaheadLeft": 45.3847, "bus_lcPushy": 0.6239, "bus_lcSigma": 0.1557, "bus_lcSpeedGainRight": 1.3675, "bus_lcSublane": 0.238, "bus_sigma": 0.152, "bus_tau_mean": 1.1204, "bus_tau_std": 2.7387, "bus_v_mean": 24.5461, "bus_v_std": 13.8683, "car_acc": 3.3808, "car_dcc": 1.3548, "car_lcAssertive": 84.1605, "car_lcCooperative": 0.5831, "car_lcLookaheadLeft": 45.3855, "car_lcPushy": 0.8341, "car_lcSigma": 0.9359, "car_lcSpeedGainRight": 2.7029, "car_lcSublane": 0.6511, "car_sigma": 0.9938, "car_tau_mean": 3.7999, "car_tau_std": 5.7567, "car_v_mean": 20.5082, "car_v_std": 13.4871}, "datetime": {"datetime": "2024-08-11 19:14:09", "elapsed": 5520.107049, "delta": 4.501753}}
{"target": -0.31526982701772405, "params": {"bus_acc": 0.8194, "bus_dcc": 3.8064, "bus_lcAssertive": 74.5027, "bus_lcCooperative": 0.2134, "bus_lcLookaheadLeft": 70.4264, "bus_lcPushy": 0.1922, "bus_lcSigma": 0.4326, "bus_lcSpeedGainRight": 4.5571, "bus_lcSublane": 0.0079, "bus_sigma": 0.5914, "bus_tau_mean": 3.9852, "bus_tau_std": 6.5953, "bus_v_mean": 13.1892, "bus_v_std": 1.0412, "car_acc": 1.5576, "car_dcc": 3.5817, "car_lcAssertive": 33.5688, "car_lcCooperative": 0.966, "car_lcLookaheadLeft": 99.013, "car_lcPushy": 0.4011, "car_lcSigma": 0.9051, "car_lcSpeedGainRight": 1.4049, "car_lcSublane": 0.3349, "car_sigma": 0.6939, "car_tau_mean": 1.3214, "car_tau_std": 1.3489, "car_v_mean": 8.9123, "car_v_std": 5.9617}, "datetime": {"datetime": "2024-08-11 19:14:15", "elapsed": 5526.108994, "delta": 6.001945}}
{"target": -0.30845339883250283, "params": {"bus_acc": 0.3018, "bus_dcc": 2.9424, "bus_lcAssertive": 24.0553, "bus_lcCooperative": 0.7231, "bus_lcLookaheadLeft": 46.3017, "bus_lcPushy": 0.6265, "bus_lcSigma": 0.48, "bus_lcSpeedGainRight": 0.126, "bus_lcSublane": 0.3606, "bus_sigma": 0.4159, "bus_tau_mean": 1.2905, "bus_tau_std": 6.5535, "bus_v_mean": 20.3776, "bus_v_std": 9.5974, "car_acc": 3.1531, "car_dcc": 1.283, "car_lcAssertive": 45.1709, "car_lcCooperative": 0.8567, "car_lcLookaheadLeft": 79.0135, "car_lcPushy": 0.3717, "car_lcSigma": 0.2706, "car_lcSpeedGainRight": 1.6965, "car_lcSublane": 0.217, "car_sigma": 0.6603, "car_tau_mean": 0.8057, "car_tau_std": 6.3765, "car_v_mean": 20.7348, "car_v_std": 1.5483}, "datetime": {"datetime": "2024-08-11 19:14:21", "elapsed": 5531.679058, "delta": 5.570064}}
{"target": -0.3861678977791416, "params": {"bus_acc": 3.6076, "bus_dcc": 0.9398, "bus_lcAssertive": 80.4469, "bus_lcCooperative": 0.4605, "bus_lcLookaheadLeft": 93.2434, "bus_lcPushy": 0.2265, "bus_lcSigma": 0.1672, "bus_lcSpeedGainRight": 2.0733, "bus_lcSublane": 0.7998, "bus_sigma": 0.1975, "bus_tau_mean": 1.2302, "bus_tau_std": 7.2175, "bus_v_mean": 8.9325, "bus_v_std": 6.9376, "car_acc": 0.9667, "car_dcc": 2.6151, "car_lcAssertive": 7.6926, "car_lcCooperative": 0.3065, "car_lcLookaheadLeft": 46.32, "car_lcPushy": 0.2815, "car_lcSigma": 0.4515, "car_lcSpeedGainRight": 2.2003, "car_lcSublane": 0.667, "car_sigma": 0.0954, "car_tau_mean": 1.2715, "car_tau_std": 7.9021, "car_v_mean": 19.925, "car_v_std": 1.3285}, "datetime": {"datetime": "2024-08-11 19:14:26", "elapsed": 5537.080355, "delta": 5.401297}}
{"target": -0.39590957243094915, "params": {"bus_acc": 3.3258, "bus_dcc": 0.7269, "bus_lcAssertive": 55.9844, "bus_lcCooperative": 0.7476, "bus_lcLookaheadLeft": 90.1746, "bus_lcPushy": 0.3558, "bus_lcSigma": 0.3395, "bus_lcSpeedGainRight": 3.793, "bus_lcSublane": 0.345, "bus_sigma": 0.3932, "bus_tau_mean": 0.5611, "bus_tau_std": 0.6991, "bus_v_mean": 25.0037, "bus_v_std": 0.5981, "car_acc": 1.7828, "car_dcc": 2.5928, "car_lcAssertive": 46.6573, "car_lcCooperative": 0.6864, "car_lcLookaheadLeft": 60.601, "car_lcPushy": 0.2447, "car_lcSigma": 0.0398, "car_lcSpeedGainRight": 4.0187, "car_lcSublane": 0.8316, "car_sigma": 0.6338, "car_tau_mean": 3.3966, "car_tau_std": 3.0446, "car_v_mean": 12.1498, "car_v_std": 0.6392}, "datetime": {"datetime": "2024-08-11 19:14:31", "elapsed": 5542.535071, "delta": 5.454716}}
{"target": -0.49907465021117997, "params": {"bus_acc": 3.8423, "bus_dcc": 3.7837, "bus_lcAssertive": 62.5881, "bus_lcCooperative": 0.774, "bus_lcLookaheadLeft": 99.2801, "bus_lcPushy": 0.6865, "bus_lcSigma": 0.2393, "bus_lcSpeedGainRight": 4.7407, "bus_lcSublane": 0.6905, "bus_sigma": 0.2654, "bus_tau_mean": 3.6862, "bus_tau_std": 6.3219, "bus_v_mean": 10.2908, "bus_v_std": 16.9959, "car_acc": 1.4682, "car_dcc": 0.9677, "car_lcAssertive": 16.7077, "car_lcCooperative": 0.3818, "car_lcLookaheadLeft": 74.9117, "car_lcPushy": 0.5613, "car_lcSigma": 0.1887, "car_lcSpeedGainRight": 2.3697, "car_lcSublane": 0.0446, "car_sigma": 0.4514, "car_tau_mean": 0.8191, "car_tau_std": 0.0147, "car_v_mean": 9.5081, "car_v_std": 18.2898}, "datetime": {"datetime": "2024-08-11 19:14:35", "elapsed": 5546.495112, "delta": 3.960041}}
{"target": -0.4094334748425736, "params": {"bus_acc": 2.7449, "bus_dcc": 1.4123, "bus_lcAssertive": 69.5378, "bus_lcCooperative": 0.9633, "bus_lcLookaheadLeft": 83.0963, "bus_lcPushy": 0.2284, "bus_lcSigma": 0.4831, "bus_lcSpeedGainRight": 3.0282, "bus_lcSublane": 0.4785, "bus_sigma": 0.2018, "bus_tau_mean": 2.8795, "bus_tau_std": 6.9246, "bus_v_mean": 22.1153, "bus_v_std": 1.8517, "car_acc": 3.4069, "car_dcc": 0.325, "car_lcAssertive": 8.3477, "car_lcCooperative": 0.5451, "car_lcLookaheadLeft": 18.2119, "car_lcPushy": 0.3968, "car_lcSigma": 0.5847, "car_lcSpeedGainRight": 2.9665, "car_lcSublane": 0.6754, "car_sigma": 0.8774, "car_tau_mean": 2.4618, "car_tau_std": 6.2492, "car_v_mean": 17.2899, "car_v_std": 17.0596}, "datetime": {"datetime": "2024-08-11 19:14:40", "elapsed": 5550.685995, "delta": 4.190883}}
{"target": -0.49818112378751467, "params": {"bus_acc": 2.9179, "bus_dcc": 0.52, "bus_lcAssertive": 96.5662, "bus_lcCooperative": 0.8867, "bus_lcLookaheadLeft": 60.8024, "bus_lcPushy": 0.6859, "bus_lcSigma": 0.3848, "bus_lcSpeedGainRight": 0.1861, "bus_lcSublane": 0.1891, "bus_sigma": 0.315, "bus_tau_mean": 1.8002, "bus_tau_std": 0.0542, "bus_v_mean": 20.3396, "bus_v_std": 12.9476, "car_acc": 2.7456, "car_dcc": 2.3799, "car_lcAssertive": 10.5183, "car_lcCooperative": 0.5294, "car_lcLookaheadLeft": 23.8388, "car_lcPushy": 0.5125, "car_lcSigma": 0.7054, "car_lcSpeedGainRight": 4.3009, "car_lcSublane": 0.0157, "car_sigma": 0.0714, "car_tau_mean": 3.6526, "car_tau_std": 8.8439, "car_v_mean": 9.8431, "car_v_std": 13.3316}, "datetime": {"datetime": "2024-08-11 19:14:46", "elapsed": 5557.384955, "delta": 6.69896}}
{"target": -0.41739195684341485, "params": {"bus_acc": 2.5853, "bus_dcc": 2.8032, "bus_lcAssertive": 63.4627, "bus_lcCooperative": 0.1181, "bus_lcLookaheadLeft": 19.3193, "bus_lcPushy": 0.9716, "bus_lcSigma": 0.2022, "bus_lcSpeedGainRight": 2.4678, "bus_lcSublane": 0.1984, "bus_sigma": 0.7517, "bus_tau_mean": 2.9294, "bus_tau_std": 6.3737, "bus_v_mean": 20.1338, "bus_v_std": 1.2544, "car_acc": 2.1663, "car_dcc": 3.7735, "car_lcAssertive": 8.3915, "car_lcCooperative": 0.2202, "car_lcLookaheadLeft": 70.293, "car_lcPushy": 0.8322, "car_lcSigma": 0.677, "car_lcSpeedGainRight": 0.345, "car_lcSublane": 0.5016, "car_sigma": 0.392, "car_tau_mean": 1.3333, "car_tau_std": 9.6903, "car_v_mean": 12.8916, "car_v_std": 11.1882}, "datetime": {"datetime": "2024-08-11 19:14:50", "elapsed": 5561.249051, "delta": 3.864096}}
{"target": -0.46142758806486395, "params": {"bus_acc": 2.9743, "bus_dcc": 2.1292, "bus_lcAssertive": 69.3921, "bus_lcCooperative": 0.5728, "bus_lcLookaheadLeft": 86.6213, "bus_lcPushy": 0.502, "bus_lcSigma": 0.7959, "bus_lcSpeedGainRight": 3.189, "bus_lcSublane": 0.4104, "bus_sigma": 0.3958, "bus_tau_mean": 3.7502, "bus_tau_std": 7.8997, "bus_v_mean": 14.7583, "bus_v_std": 10.5123, "car_acc": 0.9072, "car_dcc": 0.6501, "car_lcAssertive": 49.3287, "car_lcCooperative": 0.0713, "car_lcLookaheadLeft": 43.1034, "car_lcPushy": 0.587, "car_lcSigma": 0.3636, "car_lcSpeedGainRight": 0.7372, "car_lcSublane": 0.1231, "car_sigma": 0.0387, "car_tau_mean": 2.1469, "car_tau_std": 7.5504, "car_v_mean": 14.5289, "car_v_std": 0.051}, "datetime": {"datetime": "2024-08-11 19:14:54", "elapsed": 5565.429231, "delta": 4.18018}}
{"target": -0.41748521684042333, "params": {"bus_acc": 0.2006, "bus_dcc": 0.7152, "bus_lcAssertive": 28.2355, "bus_lcCooperative": 0.0162, "bus_lcLookaheadLeft": 26.0715, "bus_lcPushy": 0.0563, "bus_lcSigma": 0.1595, "bus_lcSpeedGainRight": 4.7939, "bus_lcSublane": 0.9563, "bus_sigma": 0.2061, "bus_tau_mean": 2.1234, "bus_tau_std": 5.6556, "bus_v_mean": 12.9472, "bus_v_std": 4.2036, "car_acc": 3.6793, "car_dcc": 2.4486, "car_lcAssertive": 51.1899, "car_lcCooperative": 0.2001, "car_lcLookaheadLeft": 54.0315, "car_lcPushy": 0.9431, "car_lcSigma": 0.001, "car_lcSpeedGainRight": 2.1603, "car_lcSublane": 0.9502, "car_sigma": 0.227, "car_tau_mean": 2.8954, "car_tau_std": 9.9707, "car_v_mean": 16.6399, "car_v_std": 16.8141}, "datetime": {"datetime": "2024-08-11 19:14:59", "elapsed": 5569.901914, "delta": 4.472683}}
{"target": -0.49361921975826056, "params": {"bus_acc": 1.1276, "bus_dcc": 1.3684, "bus_lcAssertive": 57.0454, "bus_lcCooperative": 0.1861, "bus_lcLookaheadLeft": 13.4376, "bus_lcPushy": 0.5526, "bus_lcSigma": 0.7622, "bus_lcSpeedGainRight": 2.944, "bus_lcSublane": 0.5548, "bus_sigma": 0.5204, "bus_tau_mean": 2.6405, "bus_tau_std": 6.319, "bus_v_mean": 20.1765, "bus_v_std": 3.8783, "car_acc": 3.1534, "car_dcc": 3.2621, "car_lcAssertive": 80.7898, "car_lcCooperative": 0.914, "car_lcLookaheadLeft": 46.8252, "car_lcPushy": 0.6797, "car_lcSigma": 0.2106, "car_lcSpeedGainRight": 0.0591, "car_lcSublane": 0.7979, "car_sigma": 0.1306, "car_tau_mean": 1.9365, "car_tau_std": 0.7112, "car_v_mean": 23.0425, "car_v_std": 4.9293}, "datetime": {"datetime": "2024-08-11 19:15:04", "elapsed": 5575.00617, "delta": 5.104256}}
{"target": -0.409564815280455, "params": {"bus_acc": 3.4336, "bus_dcc": 2.5709, "bus_lcAssertive": 44.2303, "bus_lcCooperative": 0.1616, "bus_lcLookaheadLeft": 63.4633, "bus_lcPushy": 0.7616, "bus_lcSigma": 0.0873, "bus_lcSpeedGainRight": 1.4946, "bus_lcSublane": 0.3146, "bus_sigma": 0.6206, "bus_tau_mean": 3.8699, "bus_tau_std": 0.5901, "bus_v_mean": 20.9174, "bus_v_std": 3.237, "car_acc": 1.1413, "car_dcc": 2.8148, "car_lcAssertive": 61.8305, "car_lcCooperative": 0.1761, "car_lcLookaheadLeft": 29.9678, "car_lcPushy": 0.3045, "car_lcSigma": 0.1458, "car_lcSpeedGainRight": 4.9559, "car_lcSublane": 0.0958, "car_sigma": 0.6123, "car_tau_mean": 3.5204, "car_tau_std": 8.5441, "car_v_mean": 19.7482, "car_v_std": 16.4674}, "datetime": {"datetime": "2024-08-11 19:15:11", "elapsed": 5582.126357, "delta": 7.120187}}
{"target": -0.3641584934570163, "params": {"bus_acc": 1.4458, "bus_dcc": 1.6084, "bus_lcAssertive": 77.3363, "bus_lcCooperative": 0.3535, "bus_lcLookaheadLeft": 84.4114, "bus_lcPushy": 0.0253, "bus_lcSigma": 0.3955, "bus_lcSpeedGainRight": 3.332, "bus_lcSublane": 0.0328, "bus_sigma": 0.8801, "bus_tau_mean": 3.0065, "bus_tau_std": 3.2412, "bus_v_mean": 18.5169, "bus_v_std": 5.2964, "car_acc": 2.7042, "car_dcc": 1.2937, "car_lcAssertive": 76.5595, "car_lcCooperative": 0.9314, "car_lcLookaheadLeft": 79.1965, "car_lcPushy": 0.0503, "car_lcSigma": 0.5706, "car_lcSpeedGainRight": 3.7354, "car_lcSublane": 0.9421, "car_sigma": 0.9107, "car_tau_mean": 0.9549, "car_tau_std": 1.6615, "car_v_mean": 22.1122, "car_v_std": 5.6495}, "datetime": {"datetime": "2024-08-11 19:15:15", "elapsed": 5586.09984, "delta": 3.973483}}
{"target": -0.21143714211439776, "params": {"bus_acc": 2.7529, "bus_dcc": 1.0564, "bus_lcAssertive": 22.6081, "bus_lcCooperative": 0.6379, "bus_lcLookaheadLeft": 52.723, "bus_lcPushy": 0.2832, "bus_lcSigma": 0.4018, "bus_lcSpeedGainRight": 4.0043, "bus_lcSublane": 0.1548, "bus_sigma": 0.4307, "bus_tau_mean": 1.6257, "bus_tau_std": 7.4619, "bus_v_mean": 14.2947, "bus_v_std": 8.9778, "car_acc": 0.2466, "car_dcc": 2.1834, "car_lcAssertive": 78.868, "car_lcCooperative": 0.9766, "car_lcLookaheadLeft": 19.1318, "car_lcPushy": 0.4772, "car_lcSigma": 0.2466, "car_lcSpeedGainRight": 3.4943, "car_lcSublane": 0.0302, "car_sigma": 0.8149, "car_tau_mean": 1.334, "car_tau_std": 3.1664, "car_v_mean": 14.5823, "car_v_std": 10.1042}, "datetime": {"datetime": "2024-08-11 19:15:20", "elapsed": 5591.080088, "delta": 4.980248}}
{"target": -0.3575457504123738, "params": {"bus_acc": 1.1914, "bus_dcc": 3.8287, "bus_lcAssertive": 17.4783, "bus_lcCooperative": 0.0698, "bus_lcLookaheadLeft": 86.9058, "bus_lcPushy": 0.9997, "bus_lcSigma": 0.7699, "bus_lcSpeedGainRight": 3.3591, "bus_lcSublane": 0.7604, "bus_sigma": 0.6496, "bus_tau_mean": 1.3725, "bus_tau_std": 7.9803, "bus_v_mean": 18.0017, "bus_v_std": 15.2548, "car_acc": 3.266, "car_dcc": 3.3867, "car_lcAssertive": 42.3341, "car_lcCooperative": 0.806, "car_lcLookaheadLeft": 10.2476, "car_lcPushy": 0.5077, "car_lcSigma": 0.1292, "car_lcSpeedGainRight": 0.4881, "car_lcSublane": 0.0755, "car_sigma": 0.423, "car_tau_mean": 1.9565, "car_tau_std": 1.4333, "car_v_mean": 19.5391, "car_v_std": 8.6956}, "datetime": {"datetime": "2024-08-11 19:15:28", "elapsed": 5599.335874, "delta": 8.255786}}
{"target": -0.5195740839121674, "params": {"bus_acc": 2.7386, "bus_dcc": 2.0165, "bus_lcAssertive": 71.2741, "bus_lcCooperative": 0.7022, "bus_lcLookaheadLeft": 30.0701, "bus_lcPushy": 0.5735, "bus_lcSigma": 0.034, "bus_lcSpeedGainRight": 0.5963, "bus_lcSublane": 0.6994, "bus_sigma": 0.6214, "bus_tau_mean": 2.1837, "bus_tau_std": 7.7895, "bus_v_mean": 16.485, "bus_v_std": 0.3672, "car_acc": 1.2739, "car_dcc": 0.3982, "car_lcAssertive": 61.8444, "car_lcCooperative": 0.918, "car_lcLookaheadLeft": 43.8926, "car_lcPushy": 0.3801, "car_lcSigma": 0.4672, "car_lcSpeedGainRight": 1.9685, "car_lcSublane": 0.4537, "car_sigma": 0.7241, "car_tau_mean": 1.3787, "car_tau_std": 0.2586, "car_v_mean": 10.1529, "car_v_std": 6.0469}, "datetime": {"datetime": "2024-08-11 19:15:32", "elapsed": 5603.606893, "delta": 4.271019}}
{"target": -0.4532672558718582, "params": {"bus_acc": 1.8736, "bus_dcc": 2.8324, "bus_lcAssertive": 61.9989, "bus_lcCooperative": 0.4342, "bus_lcLookaheadLeft": 88.7089, "bus_lcPushy": 0.0606, "bus_lcSigma": 0.799, "bus_lcSpeedGainRight": 4.3292, "bus_lcSublane": 0.9432, "bus_sigma": 0.7633, "bus_tau_mean": 2.4074, "bus_tau_std": 5.8838, "bus_v_mean": 9.5316, "bus_v_std": 15.7607, "car_acc": 2.4636, "car_dcc": 3.0938, "car_lcAssertive": 87.9302, "car_lcCooperative": 0.4029, "car_lcLookaheadLeft": 75.2189, "car_lcPushy": 0.22, "car_lcSigma": 0.3703, "car_lcSpeedGainRight": 2.3629, "car_lcSublane": 0.5733, "car_sigma": 0.4107, "car_tau_mean": 2.8542, "car_tau_std": 0.8413, "car_v_mean": 9.4192, "car_v_std": 10.9079}, "datetime": {"datetime": "2024-08-11 19:15:38", "elapsed": 5609.145721, "delta": 5.538828}}
{"target": -0.4460608187942097, "params": {"bus_acc": 2.9342, "bus_dcc": 2.8682, "bus_lcAssertive": 3.7466, "bus_lcCooperative": 0.4963, "bus_lcLookaheadLeft": 52.5278, "bus_lcPushy": 0.0703, "bus_lcSigma": 0.9553, "bus_lcSpeedGainRight": 3.6192, "bus_lcSublane": 0.8366, "bus_sigma": 0.102, "bus_tau_mean": 3.2957, "bus_tau_std": 3.1391, "bus_v_mean": 15.3306, "bus_v_std": 5.208, "car_acc": 2.8402, "car_dcc": 1.9817, "car_lcAssertive": 28.7299, "car_lcCooperative": 0.2898, "car_lcLookaheadLeft": 32.5764, "car_lcPushy": 0.0139, "car_lcSigma": 0.8469, "car_lcSpeedGainRight": 4.8356, "car_lcSublane": 0.217, "car_sigma": 0.9832, "car_tau_mean": 1.3775, "car_tau_std": 3.7719, "car_v_mean": 20.8437, "car_v_std": 4.0456}, "datetime": {"datetime": "2024-08-11 19:15:44", "elapsed": 5615.506066, "delta": 6.360345}}
{"target": -0.2567363041615121, "params": {"bus_acc": 0.9199, "bus_dcc": 2.4832, "bus_lcAssertive": 37.4984, "bus_lcCooperative": 0.6692, "bus_lcLookaheadLeft": 40.8453, "bus_lcPushy": 0.8886, "bus_lcSigma": 0.5134, "bus_lcSpeedGainRight": 0.4365, "bus_lcSublane": 0.5946, "bus_sigma": 0.3065, "bus_tau_mean": 0.6152, "bus_tau_std": 5.9916, "bus_v_mean": 23.9673, "bus_v_std": 19.5338, "car_acc": 0.391, "car_dcc": 1.3456, "car_lcAssertive": 89.1751, "car_lcCooperative": 0.8902, "car_lcLookaheadLeft": 74.0346, "car_lcPushy": 0.9047, "car_lcSigma": 0.2354, "car_lcSpeedGainRight": 1.9018, "car_lcSublane": 0.6642, "car_sigma": 0.2201, "car_tau_mean": 1.2923, "car_tau_std": 6.4512, "car_v_mean": 12.4427, "car_v_std": 15.4714}, "datetime": {"datetime": "2024-08-11 19:15:50", "elapsed": 5620.806535, "delta": 5.300469}}
{"target": -0.3528466261282341, "params": {"bus_acc": 0.5636, "bus_dcc": 2.4548, "bus_lcAssertive": 30.8558, "bus_lcCooperative": 0.7871, "bus_lcLookaheadLeft": 51.9035, "bus_lcPushy": 0.0327, "bus_lcSigma": 0.4403, "bus_lcSpeedGainRight": 4.4246, "bus_lcSublane": 0.5265, "bus_sigma": 0.6644, "bus_tau_mean": 1.9353, "bus_tau_std": 6.9671, "bus_v_mean": 23.2677, "bus_v_std": 1.1329, "car_acc": 1.9701, "car_dcc": 3.4448, "car_lcAssertive": 41.7109, "car_lcCooperative": 0.7712, "car_lcLookaheadLeft": 77.0884, "car_lcPushy": 0.9374, "car_lcSigma": 0.2545, "car_lcSpeedGainRight": 2.087, "car_lcSublane": 0.136, "car_sigma": 0.3705, "car_tau_mean": 0.7411, "car_tau_std": 7.6801, "car_v_mean": 10.4756, "car_v_std": 8.5579}, "datetime": {"datetime": "2024-08-11 19:15:55", "elapsed": 5625.763221, "delta": 4.956686}}
{"target": -0.4456105832490618, "params": {"bus_acc": 3.222, "bus_dcc": 2.5873, "bus_lcAssertive": 71.0901, "bus_lcCooperative": 0.3603, "bus_lcLookaheadLeft": 78.2495, "bus_lcPushy": 0.6372, "bus_lcSigma": 0.1386, "bus_lcSpeedGainRight": 3.0029, "bus_lcSublane": 0.574, "bus_sigma": 0.9637, "bus_tau_mean": 3.3652, "bus_tau_std": 9.8064, "bus_v_mean": 22.3917, "bus_v_std": 14.0046, "car_acc": 3.0828, "car_dcc": 2.7002, "car_lcAssertive": 61.3873, "car_lcCooperative": 0.5397, "car_lcLookaheadLeft": 49.8413, "car_lcPushy": 0.5667, "car_lcSigma": 0.3005, "car_lcSpeedGainRight": 2.4534, "car_lcSublane": 0.9302, "car_sigma": 0.3855, "car_tau_mean": 3.8128, "car_tau_std": 4.0616, "car_v_mean": 12.2181, "car_v_std": 19.5285}, "datetime": {"datetime": "2024-08-11 19:15:59", "elapsed": 5630.215463, "delta": 4.452242}}
