{"target": -0.36530270673303766, "params": {"bus_acc": 0.8406, "bus_dcc": 2.2915, "bus_lcAssertive": 82.2243, "bus_lcCooperative": 0.1693, "bus_lcLookaheadLeft": 22.3013, "bus_lcPushy": 0.8678, "bus_lcSigma": 0.9922, "bus_lcSpeedGainRight": 2.6573, "bus_lcSublane": 0.232, "bus_sigma": 0.8691, "bus_tau_mean": 1.6159, "bus_tau_std": 7.3188, "bus_v_mean": 17.5596, "bus_v_std": 9.5636, "car_acc": 3.2289, "car_dcc": 2.6659, "car_lcAssertive": 61.3104, "car_lcCooperative": 0.6216, "car_lcLookaheadLeft": 6.1815, "car_lcPushy": 0.3946, "car_lcSigma": 0.2675, "car_lcSpeedGainRight": 0.5789, "car_lcSublane": 0.7361, "car_sigma": 0.4197, "car_tau_mean": 0.6744, "car_tau_std": 6.5004, "car_v_mean": 24.7779, "car_v_std": 14.3765}, "datetime": {"datetime": "2024-08-11 19:46:28", "elapsed": 7459.171407, "delta": 7.378707}}
{"target": -0.3047994230440418, "params": {"bus_acc": 3.3918, "bus_dcc": 2.6207, "bus_lcAssertive": 75.1678, "bus_lcCooperative": 0.7642, "bus_lcLookaheadLeft": 11.6662, "bus_lcPushy": 0.6005, "bus_lcSigma": 0.7298, "bus_lcSpeedGainRight": 4.8077, "bus_lcSublane": 0.1899, "bus_sigma": 0.1137, "bus_tau_mean": 0.6291, "bus_tau_std": 3.3212, "bus_v_mean": 21.8301, "bus_v_std": 19.2708, "car_acc": 0.5581, "car_dcc": 2.1072, "car_lcAssertive": 94.6289, "car_lcCooperative": 0.4237, "car_lcLookaheadLeft": 31.4912, "car_lcPushy": 0.3647, "car_lcSigma": 0.0195, "car_lcSpeedGainRight": 4.7564, "car_lcSublane": 0.7903, "car_sigma": 0.0527, "car_tau_mean": 3.9174, "car_tau_std": 0.8018, "car_v_mean": 19.7233, "car_v_std": 7.3202}, "datetime": {"datetime": "2024-08-11 19:46:35", "elapsed": 7465.949385, "delta": 6.777978}}
{"target": -0.31480394675588613, "params": {"bus_acc": 1.9131, "bus_dcc": 1.5648, "bus_lcAssertive": 72.8297, "bus_lcCooperative": 0.2941, "bus_lcLookaheadLeft": 40.4433, "bus_lcPushy": 0.6462, "bus_lcSigma": 0.261, "bus_lcSpeedGainRight": 3.7398, "bus_lcSublane": 0.6993, "bus_sigma": 0.7989, "bus_tau_mean": 0.6041, "bus_tau_std": 6.8774, "bus_v_mean": 22.1297, "bus_v_std": 5.82, "car_acc": 0.408, "car_dcc": 0.9539, "car_lcAssertive": 87.8138, "car_lcCooperative": 0.9952, "car_lcLookaheadLeft": 88.9167, "car_lcPushy": 0.5287, "car_lcSigma": 0.4286, "car_lcSpeedGainRight": 1.3496, "car_lcSublane": 0.7291, "car_sigma": 0.1304, "car_tau_mean": 3.2963, "car_tau_std": 2.952, "car_v_mean": 17.9951, "car_v_std": 7.7682}, "datetime": {"datetime": "2024-08-11 19:46:40", "elapsed": 7470.904024, "delta": 4.954639}}
{"target": -0.29499148987694673, "params": {"bus_acc": 3.8697, "bus_dcc": 1.0438, "bus_lcAssertive": 47.7854, "bus_lcCooperative": 0.126, "bus_lcLookaheadLeft": 25.2275, "bus_lcPushy": 0.8765, "bus_lcSigma": 0.7861, "bus_lcSpeedGainRight": 3.5784, "bus_lcSublane": 0.3627, "bus_sigma": 0.6321, "bus_tau_mean": 1.7809, "bus_tau_std": 1.81, "bus_v_mean": 12.0709, "bus_v_std": 9.9674, "car_acc": 0.3131, "car_dcc": 3.8749, "car_lcAssertive": 63.0289, "car_lcCooperative": 0.779, "car_lcLookaheadLeft": 62.4346, "car_lcPushy": 0.6149, "car_lcSigma": 0.1264, "car_lcSpeedGainRight": 1.7931, "car_lcSublane": 0.0834, "car_sigma": 0.8989, "car_tau_mean": 2.0784, "car_tau_std": 5.0843, "car_v_mean": 14.6351, "car_v_std": 4.0645}, "datetime": {"datetime": "2024-08-11 19:46:46", "elapsed": 7476.646136, "delta": 5.742112}}
{"target": -0.3369711334344017, "params": {"bus_acc": 3.7924, "bus_dcc": 2.8285, "bus_lcAssertive": 13.2973, "bus_lcCooperative": 0.4881, "bus_lcLookaheadLeft": 48.9262, "bus_lcPushy": 0.2171, "bus_lcSigma": 0.1159, "bus_lcSpeedGainRight": 2.8693, "bus_lcSublane": 0.0357, "bus_sigma": 0.6801, "bus_tau_mean": 2.3274, "bus_tau_std": 8.6964, "bus_v_mean": 13.1091, "bus_v_std": 15.421, "car_acc": 0.4215, "car_dcc": 2.7541, "car_lcAssertive": 17.3018, "car_lcCooperative": 0.3273, "car_lcLookaheadLeft": 66.3838, "car_lcPushy": 0.6398, "car_lcSigma": 0.3375, "car_lcSpeedGainRight": 0.3966, "car_lcSublane": 0.7069, "car_sigma": 0.6713, "car_tau_mean": 1.858, "car_tau_std": 8.3593, "car_v_mean": 18.4474, "car_v_std": 15.2508}, "datetime": {"datetime": "2024-08-11 19:46:52", "elapsed": 7482.663598, "delta": 6.017462}}
{"target": -0.40680514293800485, "params": {"bus_acc": 2.0334, "bus_dcc": 2.0265, "bus_lcAssertive": 74.8457, "bus_lcCooperative": 0.7834, "bus_lcLookaheadLeft": 92.8596, "bus_lcPushy": 0.8352, "bus_lcSigma": 0.7567, "bus_lcSpeedGainRight": 2.0497, "bus_lcSublane": 0.9415, "bus_sigma": 0.0729, "bus_tau_mean": 2.1163, "bus_tau_std": 8.8783, "bus_v_mean": 11.2662, "bus_v_std": 19.7154, "car_acc": 3.6589, "car_dcc": 0.7886, "car_lcAssertive": 73.7519, "car_lcCooperative": 0.2266, "car_lcLookaheadLeft": 58.3664, "car_lcPushy": 0.0772, "car_lcSigma": 0.8661, "car_lcSpeedGainRight": 2.3624, "car_lcSublane": 0.5193, "car_sigma": 0.7398, "car_tau_mean": 2.1481, "car_tau_std": 0.3329, "car_v_mean": 17.7362, "car_v_std": 0.3122}, "datetime": {"datetime": "2024-08-11 19:47:06", "elapsed": 7496.653508, "delta": 13.98991}}
{"target": -0.29564629021260047, "params": {"bus_acc": 1.4052, "bus_dcc": 0.7042, "bus_lcAssertive": 68.0775, "bus_lcCooperative": 0.6295, "bus_lcLookaheadLeft": 70.1822, "bus_lcPushy": 0.8973, "bus_lcSigma": 0.9255, "bus_lcSpeedGainRight": 2.4493, "bus_lcSublane": 0.2831, "bus_sigma": 0.3759, "bus_tau_mean": 2.8749, "bus_tau_std": 1.9204, "bus_v_mean": 9.0282, "bus_v_std": 0.3237, "car_acc": 0.2795, "car_dcc": 1.587, "car_lcAssertive": 10.7723, "car_lcCooperative": 0.3932, "car_lcLookaheadLeft": 81.2121, "car_lcPushy": 0.7703, "car_lcSigma": 0.3192, "car_lcSpeedGainRight": 0.5106, "car_lcSublane": 0.6434, "car_sigma": 0.1149, "car_tau_mean": 2.5772, "car_tau_std": 9.9527, "car_v_mean": 13.7254, "car_v_std": 2.2344}, "datetime": {"datetime": "2024-08-11 19:47:14", "elapsed": 7505.620261, "delta": 8.966753}}
{"target": -0.3532881642648142, "params": {"bus_acc": 0.6853, "bus_dcc": 3.5316, "bus_lcAssertive": 37.2385, "bus_lcCooperative": 0.872, "bus_lcLookaheadLeft": 65.332, "bus_lcPushy": 0.8592, "bus_lcSigma": 0.4793, "bus_lcSpeedGainRight": 1.6243, "bus_lcSublane": 0.9229, "bus_sigma": 0.733, "bus_tau_mean": 2.6565, "bus_tau_std": 5.595, "bus_v_mean": 23.9014, "bus_v_std": 16.8847, "car_acc": 3.4336, "car_dcc": 3.1007, "car_lcAssertive": 71.2789, "car_lcCooperative": 0.4345, "car_lcLookaheadLeft": 23.9088, "car_lcPushy": 0.7924, "car_lcSigma": 0.4293, "car_lcSpeedGainRight": 4.6261, "car_lcSublane": 0.94, "car_sigma": 0.5468, "car_tau_mean": 1.6756, "car_tau_std": 6.3123, "car_v_mean": 15.6232, "car_v_std": 12.986}, "datetime": {"datetime": "2024-08-11 19:47:21", "elapsed": 7512.102749, "delta": 6.482488}}
{"target": -0.33493106285109775, "params": {"bus_acc": 1.9329, "bus_dcc": 3.175, "bus_lcAssertive": 28.8895, "bus_lcCooperative": 0.3016, "bus_lcLookaheadLeft": 34.9788, "bus_lcPushy": 0.5361, "bus_lcSigma": 0.4303, "bus_lcSpeedGainRight": 3.581, "bus_lcSublane": 0.7659, "bus_sigma": 0.9426, "bus_tau_mean": 3.3194, "bus_tau_std": 3.3588, "bus_v_mean": 9.9661, "bus_v_std": 10.9588, "car_acc": 0.3002, "car_dcc": 2.5891, "car_lcAssertive": 42.4307, "car_lcCooperative": 0.2057, "car_lcLookaheadLeft": 92.0509, "car_lcPushy": 0.0153, "car_lcSigma": 0.1191, "car_lcSpeedGainRight": 2.576, "car_lcSublane": 0.1273, "car_sigma": 0.8862, "car_tau_mean": 3.1593, "car_tau_std": 5.4617, "car_v_mean": 10.3324, "car_v_std": 7.7225}, "datetime": {"datetime": "2024-08-11 19:47:26", "elapsed": 7517.293606, "delta": 5.190857}}
{"target": -0.3175042040303006, "params": {"bus_acc": 0.7078, "bus_dcc": 1.2172, "bus_lcAssertive": 55.9736, "bus_lcCooperative": 0.4514, "bus_lcLookaheadLeft": 91.9794, "bus_lcPushy": 0.0912, "bus_lcSigma": 0.7832, "bus_lcSpeedGainRight": 3.4783, "bus_lcSublane": 0.8706, "bus_sigma": 0.2872, "bus_tau_mean": 3.1499, "bus_tau_std": 5.8559, "bus_v_mean": 22.2731, "bus_v_std": 9.1061, "car_acc": 2.5987, "car_dcc": 2.1643, "car_lcAssertive": 12.2193, "car_lcCooperative": 0.0289, "car_lcLookaheadLeft": 69.7907, "car_lcPushy": 0.0116, "car_lcSigma": 0.7428, "car_lcSpeedGainRight": 1.5233, "car_lcSublane": 0.3318, "car_sigma": 0.5362, "car_tau_mean": 0.5313, "car_tau_std": 4.1684, "car_v_mean": 21.3311, "car_v_std": 12.983}, "datetime": {"datetime": "2024-08-11 19:47:32", "elapsed": 7522.66523, "delta": 5.371624}}
{"target": -0.42025133595486586, "params": {"bus_acc": 1.3663, "bus_dcc": 3.0982, "bus_lcAssertive": 3.5977, "bus_lcCooperative": 0.2602, "bus_lcLookaheadLeft": 5.3384, "bus_lcPushy": 0.9066, "bus_lcSigma": 0.1333, "bus_lcSpeedGainRight": 0.6781, "bus_lcSublane": 0.1655, "bus_sigma": 0.9182, "bus_tau_mean": 1.3678, "bus_tau_std": 7.8015, "bus_v_mean": 12.6911, "bus_v_std": 14.5093, "car_acc": 3.9979, "car_dcc": 2.6291, "car_lcAssertive": 31.633, "car_lcCooperative": 0.8794, "car_lcLookaheadLeft": 95.1161, "car_lcPushy": 0.0985, "car_lcSigma": 0.8005, "car_lcSpeedGainRight": 0.3917, "car_lcSublane": 0.9608, "car_sigma": 0.8002, "car_tau_mean": 2.2268, "car_tau_std": 7.3839, "car_v_mean": 22.0954, "car_v_std": 11.7821}, "datetime": {"datetime": "2024-08-11 19:47:37", "elapsed": 7528.036266, "delta": 5.371036}}
{"target": -0.5199912250914518, "params": {"bus_acc": 2.5703, "bus_dcc": 0.8747, "bus_lcAssertive": 43.1946, "bus_lcCooperative": 0.3466, "bus_lcLookaheadLeft": 18.768, "bus_lcPushy": 0.7525, "bus_lcSigma": 0.2669, "bus_lcSpeedGainRight": 2.1949, "bus_lcSublane": 0.953, "bus_sigma": 0.4737, "bus_tau_mean": 0.6043, "bus_tau_std": 2.2292, "bus_v_mean": 21.5312, "bus_v_std": 4.3713, "car_acc": 2.0299, "car_dcc": 0.4875, "car_lcAssertive": 55.1906, "car_lcCooperative": 0.2624, "car_lcLookaheadLeft": 19.7042, "car_lcPushy": 0.006, "car_lcSigma": 0.4958, "car_lcSpeedGainRight": 0.3532, "car_lcSublane": 0.9599, "car_sigma": 0.2214, "car_tau_mean": 2.1768, "car_tau_std": 1.9278, "car_v_mean": 24.8596, "car_v_std": 5.2513}, "datetime": {"datetime": "2024-08-11 19:47:44", "elapsed": 7534.993706, "delta": 6.95744}}
{"target": -0.4282035361183769, "params": {"bus_acc": 3.7464, "bus_dcc": 3.9439, "bus_lcAssertive": 17.3481, "bus_lcCooperative": 0.6851, "bus_lcLookaheadLeft": 98.2049, "bus_lcPushy": 0.7851, "bus_lcSigma": 0.2564, "bus_lcSpeedGainRight": 0.6197, "bus_lcSublane": 0.3001, "bus_sigma": 0.5707, "bus_tau_mean": 2.3168, "bus_tau_std": 6.7913, "bus_v_mean": 12.9535, "bus_v_std": 8.1885, "car_acc": 2.3928, "car_dcc": 3.0843, "car_lcAssertive": 29.7752, "car_lcCooperative": 0.0431, "car_lcLookaheadLeft": 84.4398, "car_lcPushy": 0.8138, "car_lcSigma": 0.093, "car_lcSpeedGainRight": 2.9347, "car_lcSublane": 0.636, "car_sigma": 0.2391, "car_tau_mean": 1.4883, "car_tau_std": 7.2968, "car_v_mean": 24.5049, "car_v_std": 16.7263}, "datetime": {"datetime": "2024-08-11 19:47:50", "elapsed": 7541.426029, "delta": 6.432323}}
{"target": -0.4281821107587702, "params": {"bus_acc": 3.6825, "bus_dcc": 3.8085, "bus_lcAssertive": 54.4601, "bus_lcCooperative": 0.6745, "bus_lcLookaheadLeft": 25.8899, "bus_lcPushy": 0.795, "bus_lcSigma": 0.747, "bus_lcSpeedGainRight": 0.1726, "bus_lcSublane": 0.8496, "bus_sigma": 0.172, "bus_tau_mean": 1.625, "bus_tau_std": 4.4851, "bus_v_mean": 13.1014, "bus_v_std": 4.6249, "car_acc": 0.2794, "car_dcc": 3.2458, "car_lcAssertive": 93.7265, "car_lcCooperative": 0.4056, "car_lcLookaheadLeft": 34.0858, "car_lcPushy": 0.5931, "car_lcSigma": 0.8854, "car_lcSpeedGainRight": 3.2167, "car_lcSublane": 0.1901, "car_sigma": 0.1267, "car_tau_mean": 0.9787, "car_tau_std": 0.7124, "car_v_mean": 18.7923, "car_v_std": 16.6991}, "datetime": {"datetime": "2024-08-11 19:47:58", "elapsed": 7549.357567, "delta": 7.931538}}
{"target": -0.45977832373587213, "params": {"bus_acc": 2.4535, "bus_dcc": 3.8869, "bus_lcAssertive": 12.6319, "bus_lcCooperative": 0.1212, "bus_lcLookaheadLeft": 81.6227, "bus_lcPushy": 0.8251, "bus_lcSigma": 0.7269, "bus_lcSpeedGainRight": 1.5627, "bus_lcSublane": 0.8241, "bus_sigma": 0.4394, "bus_tau_mean": 1.448, "bus_tau_std": 7.9435, "bus_v_mean": 23.0127, "bus_v_std": 0.7102, "car_acc": 2.2389, "car_dcc": 1.2256, "car_lcAssertive": 31.0357, "car_lcCooperative": 0.1323, "car_lcLookaheadLeft": 34.0429, "car_lcPushy": 0.5938, "car_lcSigma": 0.9457, "car_lcSpeedGainRight": 0.4736, "car_lcSublane": 0.6551, "car_sigma": 0.3023, "car_tau_mean": 1.4256, "car_tau_std": 2.3881, "car_v_mean": 20.1205, "car_v_std": 1.1272}, "datetime": {"datetime": "2024-08-11 19:48:04", "elapsed": 7554.805179, "delta": 5.447612}}
{"target": -0.46883036064549355, "params": {"bus_acc": 1.8782, "bus_dcc": 2.6195, "bus_lcAssertive": 43.9019, "bus_lcCooperative": 0.7256, "bus_lcLookaheadLeft": 37.834, "bus_lcPushy": 0.8708, "bus_lcSigma": 0.6123, "bus_lcSpeedGainRight": 1.1416, "bus_lcSublane": 0.805, "bus_sigma": 0.0855, "bus_tau_mean": 2.1814, "bus_tau_std": 8.5378, "bus_v_mean": 18.5066, "bus_v_std": 0.0221, "car_acc": 1.1268, "car_dcc": 2.0725, "car_lcAssertive": 82.7322, "car_lcCooperative": 0.9261, "car_lcLookaheadLeft": 77.909, "car_lcPushy": 0.4043, "car_lcSigma": 0.7508, "car_lcSpeedGainRight": 0.608, "car_lcSublane": 0.9306, "car_sigma": 0.9667, "car_tau_mean": 1.3744, "car_tau_std": 8.4885, "car_v_mean": 14.8121, "car_v_std": 15.4722}, "datetime": {"datetime": "2024-08-11 19:48:09", "elapsed": 7559.971422, "delta": 5.166243}}
{"target": -0.36205524334765715, "params": {"bus_acc": 2.8604, "bus_dcc": 3.5165, "bus_lcAssertive": 99.7417, "bus_lcCooperative": 0.2901, "bus_lcLookaheadLeft": 47.4541, "bus_lcPushy": 0.8108, "bus_lcSigma": 0.1063, "bus_lcSpeedGainRight": 3.5349, "bus_lcSublane": 0.0655, "bus_sigma": 0.3347, "bus_tau_mean": 2.0848, "bus_tau_std": 3.2434, "bus_v_mean": 14.354, "bus_v_std": 10.726, "car_acc": 2.4557, "car_dcc": 2.7941, "car_lcAssertive": 41.1748, "car_lcCooperative": 0.1262, "car_lcLookaheadLeft": 80.2616, "car_lcPushy": 0.3664, "car_lcSigma": 0.5423, "car_lcSpeedGainRight": 3.4983, "car_lcSublane": 0.0065, "car_sigma": 0.3517, "car_tau_mean": 2.0436, "car_tau_std": 6.8057, "car_v_mean": 25.5713, "car_v_std": 6.5108}, "datetime": {"datetime": "2024-08-11 19:48:15", "elapsed": 7566.106235, "delta": 6.134813}}
{"target": -0.29462141143018217, "params": {"bus_acc": 1.3767, "bus_dcc": 1.7224, "bus_lcAssertive": 24.0512, "bus_lcCooperative": 0.6483, "bus_lcLookaheadLeft": 20.5029, "bus_lcPushy": 0.7835, "bus_lcSigma": 0.5202, "bus_lcSpeedGainRight": 0.5297, "bus_lcSublane": 0.344, "bus_sigma": 0.8281, "bus_tau_mean": 3.4316, "bus_tau_std": 2.4801, "bus_v_mean": 12.3542, "bus_v_std": 5.3076, "car_acc": 0.4119, "car_dcc": 2.9326, "car_lcAssertive": 35.5004, "car_lcCooperative": 0.1245, "car_lcLookaheadLeft": 46.6175, "car_lcPushy": 0.1438, "car_lcSigma": 0.5953, "car_lcSpeedGainRight": 3.2767, "car_lcSublane": 0.6875, "car_sigma": 0.366, "car_tau_mean": 1.6711, "car_tau_std": 7.3415, "car_v_mean": 18.8384, "car_v_std": 4.6085}, "datetime": {"datetime": "2024-08-11 19:48:21", "elapsed": 7572.062076, "delta": 5.955841}}
{"target": -0.3373105819249796, "params": {"bus_acc": 0.4471, "bus_dcc": 1.0158, "bus_lcAssertive": 97.6556, "bus_lcCooperative": 0.0747, "bus_lcLookaheadLeft": 47.8277, "bus_lcPushy": 0.0756, "bus_lcSigma": 0.1557, "bus_lcSpeedGainRight": 2.8846, "bus_lcSublane": 0.4496, "bus_sigma": 0.8461, "bus_tau_mean": 0.9949, "bus_tau_std": 8.2266, "bus_v_mean": 17.3842, "bus_v_std": 7.6411, "car_acc": 0.9125, "car_dcc": 0.8517, "car_lcAssertive": 58.6049, "car_lcCooperative": 0.9744, "car_lcLookaheadLeft": 46.3529, "car_lcPushy": 0.3876, "car_lcSigma": 0.8405, "car_lcSpeedGainRight": 3.9898, "car_lcSublane": 0.5961, "car_sigma": 0.5967, "car_tau_mean": 1.1883, "car_tau_std": 3.8372, "car_v_mean": 11.1614, "car_v_std": 4.0935}, "datetime": {"datetime": "2024-08-11 19:48:28", "elapsed": 7579.550599, "delta": 7.488523}}
{"target": -0.35203994686608525, "params": {"bus_acc": 2.1649, "bus_dcc": 1.2787, "bus_lcAssertive": 73.6747, "bus_lcCooperative": 0.1684, "bus_lcLookaheadLeft": 7.495, "bus_lcPushy": 0.2695, "bus_lcSigma": 0.4652, "bus_lcSpeedGainRight": 4.2435, "bus_lcSublane": 0.2603, "bus_sigma": 0.6418, "bus_tau_mean": 1.4412, "bus_tau_std": 6.3091, "bus_v_mean": 18.4982, "bus_v_std": 6.7509, "car_acc": 1.2325, "car_dcc": 3.6413, "car_lcAssertive": 41.213, "car_lcCooperative": 0.3743, "car_lcLookaheadLeft": 23.2534, "car_lcPushy": 0.7347, "car_lcSigma": 0.1827, "car_lcSpeedGainRight": 4.9366, "car_lcSublane": 0.4889, "car_sigma": 0.0366, "car_tau_mean": 2.5232, "car_tau_std": 8.9372, "car_v_mean": 20.5563, "car_v_std": 6.8071}, "datetime": {"datetime": "2024-08-11 19:48:36", "elapsed": 7586.812703, "delta": 7.262104}}
{"target": -0.21330784276739245, "params": {"bus_acc": 0.4451, "bus_dcc": 3.3249, "bus_lcAssertive": 80.5583, "bus_lcCooperative": 0.8634, "bus_lcLookaheadLeft": 86.4334, "bus_lcPushy": 0.4537, "bus_lcSigma": 0.6966, "bus_lcSpeedGainRight": 2.5586, "bus_lcSublane": 0.0245, "bus_sigma": 0.4898, "bus_tau_mean": 2.1333, "bus_tau_std": 4.6585, "bus_v_mean": 24.2028, "bus_v_std": 5.2849, "car_acc": 1.0218, "car_dcc": 3.456, "car_lcAssertive": 58.0988, "car_lcCooperative": 0.9732, "car_lcLookaheadLeft": 62.6486, "car_lcPushy": 0.8822, "car_lcSigma": 0.701, "car_lcSpeedGainRight": 4.9454, "car_lcSublane": 0.5675, "car_sigma": 0.5433, "car_tau_mean": 3.1651, "car_tau_std": 6.7383, "car_v_mean": 22.7601, "car_v_std": 1.6013}, "datetime": {"datetime": "2024-08-11 19:48:45", "elapsed": 7596.043574, "delta": 9.230871}}
{"target": -0.6043662608886149, "params": {"bus_acc": 1.9452, "bus_dcc": 3.8525, "bus_lcAssertive": 62.3698, "bus_lcCooperative": 0.0694, "bus_lcLookaheadLeft": 68.8299, "bus_lcPushy": 0.7078, "bus_lcSigma": 0.1009, "bus_lcSpeedGainRight": 2.8512, "bus_lcSublane": 0.3216, "bus_sigma": 0.9999, "bus_tau_mean": 1.0054, "bus_tau_std": 2.0934, "bus_v_mean": 10.0193, "bus_v_std": 14.741, "car_acc": 2.4219, "car_dcc": 0.3978, "car_lcAssertive": 2.2586, "car_lcCooperative": 0.1388, "car_lcLookaheadLeft": 33.9144, "car_lcPushy": 0.4431, "car_lcSigma": 0.3341, "car_lcSpeedGainRight": 2.5329, "car_lcSublane": 0.9429, "car_sigma": 0.2651, "car_tau_mean": 2.2178, "car_tau_std": 0.9091, "car_v_mean": 12.0978, "car_v_std": 5.3875}, "datetime": {"datetime": "2024-08-11 19:48:54", "elapsed": 7605.230054, "delta": 9.18648}}
{"target": -0.37552582543283825, "params": {"bus_acc": 2.0899, "bus_dcc": 3.0861, "bus_lcAssertive": 45.5752, "bus_lcCooperative": 0.3351, "bus_lcLookaheadLeft": 15.3317, "bus_lcPushy": 0.6938, "bus_lcSigma": 0.3936, "bus_lcSpeedGainRight": 2.6083, "bus_lcSublane": 0.1475, "bus_sigma": 0.3963, "bus_tau_mean": 1.4768, "bus_tau_std": 8.7253, "bus_v_mean": 23.6613, "bus_v_std": 4.9767, "car_acc": 2.422, "car_dcc": 3.9282, "car_lcAssertive": 47.6202, "car_lcCooperative": 0.779, "car_lcLookaheadLeft": 52.6115, "car_lcPushy": 0.6204, "car_lcSigma": 0.2971, "car_lcSpeedGainRight": 0.5339, "car_lcSublane": 0.8624, "car_sigma": 0.9828, "car_tau_mean": 1.6533, "car_tau_std": 9.5974, "car_v_mean": 23.6735, "car_v_std": 9.7285}, "datetime": {"datetime": "2024-08-11 19:49:01", "elapsed": 7611.638215, "delta": 6.408161}}
{"target": -0.3506848231660998, "params": {"bus_acc": 0.7509, "bus_dcc": 3.5786, "bus_lcAssertive": 79.728, "bus_lcCooperative": 0.4668, "bus_lcLookaheadLeft": 9.5557, "bus_lcPushy": 0.0358, "bus_lcSigma": 0.0351, "bus_lcSpeedGainRight": 3.5092, "bus_lcSublane": 0.1249, "bus_sigma": 0.3299, "bus_tau_mean": 2.95, "bus_tau_std": 3.6065, "bus_v_mean": 25.3429, "bus_v_std": 14.9761, "car_acc": 2.1601, "car_dcc": 3.538, "car_lcAssertive": 58.5937, "car_lcCooperative": 0.615, "car_lcLookaheadLeft": 7.4637, "car_lcPushy": 0.7862, "car_lcSigma": 0.1839, "car_lcSpeedGainRight": 4.913, "car_lcSublane": 0.3742, "car_sigma": 0.6324, "car_tau_mean": 2.8033, "car_tau_std": 0.3735, "car_v_mean": 22.8266, "car_v_std": 8.1414}, "datetime": {"datetime": "2024-08-11 19:49:07", "elapsed": 7618.394769, "delta": 6.756554}}
{"target": -0.521738925929584, "params": {"bus_acc": 2.7259, "bus_dcc": 2.2913, "bus_lcAssertive": 90.6718, "bus_lcCooperative": 0.4487, "bus_lcLookaheadLeft": 11.0047, "bus_lcPushy": 0.1908, "bus_lcSigma": 0.7878, "bus_lcSpeedGainRight": 3.6997, "bus_lcSublane": 0.6584, "bus_sigma": 0.2983, "bus_tau_mean": 2.1509, "bus_tau_std": 5.5683, "bus_v_mean": 8.6676, "bus_v_std": 10.9648, "car_acc": 0.764, "car_dcc": 1.1872, "car_lcAssertive": 94.251, "car_lcCooperative": 0.1183, "car_lcLookaheadLeft": 92.4298, "car_lcPushy": 0.2381, "car_lcSigma": 0.0832, "car_lcSpeedGainRight": 1.5186, "car_lcSublane": 0.1832, "car_sigma": 0.2492, "car_tau_mean": 2.1599, "car_tau_std": 6.4316, "car_v_mean": 25.2274, "car_v_std": 4.9198}, "datetime": {"datetime": "2024-08-11 19:49:13", "elapsed": 7624.3753, "delta": 5.980531}}
{"target": -0.380037239164745, "params": {"bus_acc": 0.9672, "bus_dcc": 2.6523, "bus_lcAssertive": 59.3696, "bus_lcCooperative": 0.2835, "bus_lcLookaheadLeft": 25.5939, "bus_lcPushy": 0.4512, "bus_lcSigma": 0.1278, "bus_lcSpeedGainRight": 2.7702, "bus_lcSublane": 0.1286, "bus_sigma": 0.5439, "bus_tau_mean": 2.6032, "bus_tau_std": 1.5307, "bus_v_mean": 19.6535, "bus_v_std": 9.2074, "car_acc": 2.3726, "car_dcc": 1.5184, "car_lcAssertive": 31.4738, "car_lcCooperative": 0.8279, "car_lcLookaheadLeft": 70.3777, "car_lcPushy": 0.4285, "car_lcSigma": 0.6784, "car_lcSpeedGainRight": 1.9781, "car_lcSublane": 0.5239, "car_sigma": 0.5629, "car_tau_mean": 2.0655, "car_tau_std": 3.2424, "car_v_mean": 13.7758, "car_v_std": 0.4839}, "datetime": {"datetime": "2024-08-11 19:49:19", "elapsed": 7629.842357, "delta": 5.467057}}
