{"target": -0.20548157182113105, "params": {"bus_acc": 2.9723, "bus_dcc": 1.5886, "bus_lcAssertive": 6.1249, "bus_lcCooperative": 0.4263, "bus_lcLookaheadLeft": 69.6751, "bus_lcPushy": 0.1543, "bus_lcSigma": 0.5728, "bus_lcSpeedGainRight": 3.4274, "bus_lcSublane": 0.4235, "bus_sigma": 0.0749, "bus_tau_mean": 3.8025, "bus_tau_std": 5.8229, "bus_v_mean": 12.3101, "bus_v_std": 4.2669, "car_acc": 0.7944, "car_dcc": 3.9986, "car_lcAssertive": 65.0557, "car_lcCooperative": 0.3484, "car_lcLookaheadLeft": 89.1833, "car_lcPushy": 0.8588, "car_lcSigma": 0.363, "car_lcSpeedGainRight": 1.1451, "car_lcSublane": 0.9599, "car_sigma": 0.1032, "car_tau_mean": 3.4188, "car_tau_std": 8.3216, "car_v_mean": 14.7916, "car_v_std": 8.429}, "datetime": {"datetime": "2024-09-05 11:47:27", "elapsed": 3503.415591, "delta": 3.159934}}
{"target": -0.6152670979171148, "params": {"bus_acc": 0.387, "bus_dcc": 2.6806, "bus_lcAssertive": 51.6215, "bus_lcCooperative": 0.3539, "bus_lcLookaheadLeft": 78.3794, "bus_lcPushy": 0.8809, "bus_lcSigma": 0.105, "bus_lcSpeedGainRight": 2.0934, "bus_lcSublane": 0.0307, "bus_sigma": 0.2259, "bus_tau_mean": 1.8274, "bus_tau_std": 9.2886, "bus_v_mean": 9.2615, "bus_v_std": 18.8446, "car_acc": 2.2586, "car_dcc": 2.4322, "car_lcAssertive": 15.8679, "car_lcCooperative": 0.51, "car_lcLookaheadLeft": 96.8316, "car_lcPushy": 0.6993, "car_lcSigma": 0.9552, "car_lcSpeedGainRight": 2.5883, "car_lcSublane": 0.5996, "car_sigma": 0.8613, "car_tau_mean": 1.5657, "car_tau_std": 1.5423, "car_v_mean": 24.9456, "car_v_std": 3.9206}, "datetime": {"datetime": "2024-09-05 11:47:30", "elapsed": 3505.560037, "delta": 2.144446}}
{"target": -0.20427625163126195, "params": {"bus_acc": 2.6068, "bus_dcc": 1.8475, "bus_lcAssertive": 59.812, "bus_lcCooperative": 0.0481, "bus_lcLookaheadLeft": 87.8373, "bus_lcPushy": 0.5916, "bus_lcSigma": 0.2972, "bus_lcSpeedGainRight": 3.1804, "bus_lcSublane": 0.6788, "bus_sigma": 0.5094, "bus_tau_mean": 2.3018, "bus_tau_std": 0.5686, "bus_v_mean": 8.8624, "bus_v_std": 3.4904, "car_acc": 3.5748, "car_dcc": 2.6376, "car_lcAssertive": 33.1084, "car_lcCooperative": 0.3281, "car_lcLookaheadLeft": 5.2073, "car_lcPushy": 0.4639, "car_lcSigma": 0.8707, "car_lcSpeedGainRight": 0.0259, "car_lcSublane": 0.9751, "car_sigma": 0.4685, "car_tau_mean": 3.4269, "car_tau_std": 8.0118, "car_v_mean": 8.475, "car_v_std": 13.0008}, "datetime": {"datetime": "2024-09-05 11:47:32", "elapsed": 3507.71564, "delta": 2.155603}}
{"target": -0.18179263744369634, "params": {"bus_acc": 2.521, "bus_dcc": 3.2115, "bus_lcAssertive": 35.5978, "bus_lcCooperative": 0.8984, "bus_lcLookaheadLeft": 83.4602, "bus_lcPushy": 0.4602, "bus_lcSigma": 0.1182, "bus_lcSpeedGainRight": 0.3467, "bus_lcSublane": 0.5791, "bus_sigma": 0.9681, "bus_tau_mean": 2.311, "bus_tau_std": 8.7548, "bus_v_mean": 19.7403, "bus_v_std": 4.2415, "car_acc": 1.8098, "car_dcc": 1.4992, "car_lcAssertive": 41.2111, "car_lcCooperative": 0.7244, "car_lcLookaheadLeft": 75.6496, "car_lcPushy": 0.4923, "car_lcSigma": 0.2225, "car_lcSpeedGainRight": 3.4209, "car_lcSublane": 0.7524, "car_sigma": 0.9623, "car_tau_mean": 1.2562, "car_tau_std": 7.9562, "car_v_mean": 15.8351, "car_v_std": 18.1131}, "datetime": {"datetime": "2024-09-05 11:47:33", "elapsed": 3509.232463, "delta": 1.516823}}
{"target": -0.21534509254931067, "params": {"bus_acc": 0.8112, "bus_dcc": 3.4911, "bus_lcAssertive": 48.84, "bus_lcCooperative": 0.5882, "bus_lcLookaheadLeft": 70.3953, "bus_lcPushy": 0.7046, "bus_lcSigma": 0.4262, "bus_lcSpeedGainRight": 0.163, "bus_lcSublane": 0.2663, "bus_sigma": 0.0362, "bus_tau_mean": 1.5588, "bus_tau_std": 8.214, "bus_v_mean": 12.8315, "bus_v_std": 14.7321, "car_acc": 0.3354, "car_dcc": 0.5994, "car_lcAssertive": 70.2543, "car_lcCooperative": 0.2017, "car_lcLookaheadLeft": 85.1864, "car_lcPushy": 0.4711, "car_lcSigma": 0.1798, "car_lcSpeedGainRight": 1.7982, "car_lcSublane": 0.2639, "car_sigma": 0.323, "car_tau_mean": 2.8459, "car_tau_std": 9.749, "car_v_mean": 16.9569, "car_v_std": 10.4848}, "datetime": {"datetime": "2024-09-05 11:47:42", "elapsed": 3517.672704, "delta": 8.440241}}
{"target": -0.5055768523994345, "params": {"bus_acc": 3.343, "bus_dcc": 3.623, "bus_lcAssertive": 67.2507, "bus_lcCooperative": 0.8283, "bus_lcLookaheadLeft": 59.293, "bus_lcPushy": 0.6121, "bus_lcSigma": 0.4149, "bus_lcSpeedGainRight": 3.8568, "bus_lcSublane": 0.8564, "bus_sigma": 0.1096, "bus_tau_mean": 2.7702, "bus_tau_std": 7.6415, "bus_v_mean": 23.9238, "bus_v_std": 4.6868, "car_acc": 1.8361, "car_dcc": 1.3611, "car_lcAssertive": 2.164, "car_lcCooperative": 0.5919, "car_lcLookaheadLeft": 6.3078, "car_lcPushy": 0.5348, "car_lcSigma": 0.6813, "car_lcSpeedGainRight": 2.3278, "car_lcSublane": 0.9667, "car_sigma": 0.9078, "car_tau_mean": 1.4752, "car_tau_std": 0.369, "car_v_mean": 20.1395, "car_v_std": 9.2294}, "datetime": {"datetime": "2024-09-05 11:47:50", "elapsed": 3526.298411, "delta": 8.625707}}
{"target": -0.8606613026915008, "params": {"bus_acc": 0.4042, "bus_dcc": 3.2521, "bus_lcAssertive": 69.9533, "bus_lcCooperative": 0.183, "bus_lcLookaheadLeft": 99.54, "bus_lcPushy": 0.9027, "bus_lcSigma": 0.2502, "bus_lcSpeedGainRight": 3.355, "bus_lcSublane": 0.8405, "bus_sigma": 0.1024, "bus_tau_mean": 0.8463, "bus_tau_std": 4.051, "bus_v_mean": 24.1996, "bus_v_std": 19.935, "car_acc": 0.6646, "car_dcc": 1.5552, "car_lcAssertive": 14.2985, "car_lcCooperative": 0.3243, "car_lcLookaheadLeft": 34.4644, "car_lcPushy": 0.7186, "car_lcSigma": 0.003, "car_lcSpeedGainRight": 3.1098, "car_lcSublane": 0.3161, "car_sigma": 0.3109, "car_tau_mean": 1.6512, "car_tau_std": 5.8008, "car_v_mean": 10.1187, "car_v_std": 2.502}, "datetime": {"datetime": "2024-09-05 11:48:03", "elapsed": 3538.517892, "delta": 12.219481}}
{"target": -0.23393709318315073, "params": {"bus_acc": 3.9559, "bus_dcc": 0.7761, "bus_lcAssertive": 71.0755, "bus_lcCooperative": 0.2498, "bus_lcLookaheadLeft": 8.1304, "bus_lcPushy": 0.4866, "bus_lcSigma": 0.018, "bus_lcSpeedGainRight": 0.5237, "bus_lcSublane": 0.8291, "bus_sigma": 0.6747, "bus_tau_mean": 1.9588, "bus_tau_std": 4.624, "bus_v_mean": 25.179, "bus_v_std": 6.7456, "car_acc": 2.7116, "car_dcc": 3.0641, "car_lcAssertive": 96.4275, "car_lcCooperative": 0.7153, "car_lcLookaheadLeft": 61.5133, "car_lcPushy": 0.1708, "car_lcSigma": 0.1448, "car_lcSpeedGainRight": 1.3472, "car_lcSublane": 0.6713, "car_sigma": 0.1574, "car_tau_mean": 3.6482, "car_tau_std": 0.0098, "car_v_mean": 11.9411, "car_v_std": 8.7599}, "datetime": {"datetime": "2024-09-05 11:48:12", "elapsed": 3547.93379, "delta": 9.415898}}
{"target": -0.20292866404052265, "params": {"bus_acc": 0.6744, "bus_dcc": 2.9361, "bus_lcAssertive": 42.9838, "bus_lcCooperative": 0.3081, "bus_lcLookaheadLeft": 12.2071, "bus_lcPushy": 0.2432, "bus_lcSigma": 0.2668, "bus_lcSpeedGainRight": 3.4639, "bus_lcSublane": 0.9317, "bus_sigma": 0.068, "bus_tau_mean": 3.0188, "bus_tau_std": 9.8546, "bus_v_mean": 16.3551, "bus_v_std": 9.7959, "car_acc": 0.9698, "car_dcc": 2.3038, "car_lcAssertive": 89.2532, "car_lcCooperative": 0.7133, "car_lcLookaheadLeft": 49.4926, "car_lcPushy": 0.4636, "car_lcSigma": 0.2201, "car_lcSpeedGainRight": 1.6629, "car_lcSublane": 0.5722, "car_sigma": 0.5194, "car_tau_mean": 1.5776, "car_tau_std": 4.7641, "car_v_mean": 18.6134, "car_v_std": 4.6315}, "datetime": {"datetime": "2024-09-05 11:48:18", "elapsed": 3554.370172, "delta": 6.436382}}
{"target": -0.17675920741003184, "params": {"bus_acc": 0.3983, "bus_dcc": 1.1169, "bus_lcAssertive": 83.2731, "bus_lcCooperative": 0.5861, "bus_lcLookaheadLeft": 80.5809, "bus_lcPushy": 0.6242, "bus_lcSigma": 0.06, "bus_lcSpeedGainRight": 2.0105, "bus_lcSublane": 0.7271, "bus_sigma": 0.9224, "bus_tau_mean": 1.4068, "bus_tau_std": 9.0692, "bus_v_mean": 15.0245, "bus_v_std": 3.9001, "car_acc": 3.1527, "car_dcc": 0.8642, "car_lcAssertive": 97.7496, "car_lcCooperative": 0.2169, "car_lcLookaheadLeft": 39.1813, "car_lcPushy": 0.9075, "car_lcSigma": 0.3213, "car_lcSpeedGainRight": 3.4143, "car_lcSublane": 0.9639, "car_sigma": 0.6604, "car_tau_mean": 1.0585, "car_tau_std": 7.9316, "car_v_mean": 24.72, "car_v_std": 12.4388}, "datetime": {"datetime": "2024-09-05 11:48:37", "elapsed": 3573.184817, "delta": 18.814645}}
{"target": -0.2018807977981999, "params": {"bus_acc": 1.5129, "bus_dcc": 2.4812, "bus_lcAssertive": 75.2927, "bus_lcCooperative": 0.1849, "bus_lcLookaheadLeft": 9.9223, "bus_lcPushy": 0.3615, "bus_lcSigma": 0.7284, "bus_lcSpeedGainRight": 0.4779, "bus_lcSublane": 0.6935, "bus_sigma": 0.8225, "bus_tau_mean": 3.571, "bus_tau_std": 9.222, "bus_v_mean": 14.1051, "bus_v_std": 13.6019, "car_acc": 2.2306, "car_dcc": 3.4282, "car_lcAssertive": 52.9352, "car_lcCooperative": 0.7829, "car_lcLookaheadLeft": 67.4158, "car_lcPushy": 0.3789, "car_lcSigma": 0.0487, "car_lcSpeedGainRight": 3.256, "car_lcSublane": 0.3331, "car_sigma": 0.4926, "car_tau_mean": 3.1776, "car_tau_std": 5.4807, "car_v_mean": 22.3812, "car_v_std": 19.6095}, "datetime": {"datetime": "2024-09-05 11:48:42", "elapsed": 3577.991874, "delta": 4.807057}}
{"target": -0.1978581749619591, "params": {"bus_acc": 2.3036, "bus_dcc": 2.1268, "bus_lcAssertive": 13.1032, "bus_lcCooperative": 0.702, "bus_lcLookaheadLeft": 60.9224, "bus_lcPushy": 0.9883, "bus_lcSigma": 0.6227, "bus_lcSpeedGainRight": 2.8142, "bus_lcSublane": 0.0464, "bus_sigma": 0.5018, "bus_tau_mean": 1.4806, "bus_tau_std": 6.9529, "bus_v_mean": 11.0605, "bus_v_std": 1.4465, "car_acc": 2.4745, "car_dcc": 3.0996, "car_lcAssertive": 11.6979, "car_lcCooperative": 0.6304, "car_lcLookaheadLeft": 9.1731, "car_lcPushy": 0.9934, "car_lcSigma": 0.3354, "car_lcSpeedGainRight": 2.1812, "car_lcSublane": 0.9717, "car_sigma": 0.9435, "car_tau_mean": 1.9096, "car_tau_std": 5.0595, "car_v_mean": 8.1918, "car_v_std": 2.189}, "datetime": {"datetime": "2024-09-05 11:48:45", "elapsed": 3580.586639, "delta": 2.594765}}
{"target": -0.17474884293782836, "params": {"bus_acc": 3.5265, "bus_dcc": 3.7083, "bus_lcAssertive": 83.1257, "bus_lcCooperative": 0.0964, "bus_lcLookaheadLeft": 75.4664, "bus_lcPushy": 0.5082, "bus_lcSigma": 0.0166, "bus_lcSpeedGainRight": 3.5642, "bus_lcSublane": 0.1615, "bus_sigma": 0.6203, "bus_tau_mean": 3.5016, "bus_tau_std": 8.8313, "bus_v_mean": 14.3114, "bus_v_std": 11.9977, "car_acc": 1.5091, "car_dcc": 1.2657, "car_lcAssertive": 84.6948, "car_lcCooperative": 0.7522, "car_lcLookaheadLeft": 28.5512, "car_lcPushy": 0.2114, "car_lcSigma": 0.7346, "car_lcSpeedGainRight": 2.3275, "car_lcSublane": 0.2156, "car_sigma": 0.5053, "car_tau_mean": 1.8761, "car_tau_std": 3.022, "car_v_mean": 25.9363, "car_v_std": 11.6065}, "datetime": {"datetime": "2024-09-05 11:49:17", "elapsed": 3613.114442, "delta": 32.527803}}
{"target": -0.1805584732782921, "params": {"bus_acc": 2.8332, "bus_dcc": 2.7364, "bus_lcAssertive": 19.1635, "bus_lcCooperative": 0.6, "bus_lcLookaheadLeft": 43.5164, "bus_lcPushy": 0.8549, "bus_lcSigma": 0.7951, "bus_lcSpeedGainRight": 2.4801, "bus_lcSublane": 0.7574, "bus_sigma": 0.5892, "bus_tau_mean": 0.8595, "bus_tau_std": 5.1672, "bus_v_mean": 8.5143, "bus_v_std": 7.2068, "car_acc": 3.3263, "car_dcc": 1.7414, "car_lcAssertive": 71.6231, "car_lcCooperative": 0.9068, "car_lcLookaheadLeft": 66.9733, "car_lcPushy": 0.6166, "car_lcSigma": 0.1089, "car_lcSpeedGainRight": 3.1553, "car_lcSublane": 0.3464, "car_sigma": 0.9429, "car_tau_mean": 2.9739, "car_tau_std": 5.4881, "car_v_mean": 16.2848, "car_v_std": 3.2217}, "datetime": {"datetime": "2024-09-05 11:49:25", "elapsed": 3620.892124, "delta": 7.777682}}
{"target": -0.212413484854269, "params": {"bus_acc": 2.2707, "bus_dcc": 0.3708, "bus_lcAssertive": 68.7772, "bus_lcCooperative": 0.5472, "bus_lcLookaheadLeft": 92.2503, "bus_lcPushy": 0.7747, "bus_lcSigma": 0.8615, "bus_lcSpeedGainRight": 1.3629, "bus_lcSublane": 0.6587, "bus_sigma": 0.5796, "bus_tau_mean": 0.5076, "bus_tau_std": 3.6424, "bus_v_mean": 8.7554, "bus_v_std": 16.6175, "car_acc": 1.2386, "car_dcc": 0.9616, "car_lcAssertive": 37.5423, "car_lcCooperative": 0.3794, "car_lcLookaheadLeft": 77.5018, "car_lcPushy": 0.3493, "car_lcSigma": 0.9745, "car_lcSpeedGainRight": 1.6778, "car_lcSublane": 0.561, "car_sigma": 0.7427, "car_tau_mean": 1.6687, "car_tau_std": 5.1203, "car_v_mean": 14.0526, "car_v_std": 12.0826}, "datetime": {"datetime": "2024-09-05 11:49:31", "elapsed": 3627.069997, "delta": 6.177873}}
{"target": -0.3303623481571838, "params": {"bus_acc": 3.4117, "bus_dcc": 0.9868, "bus_lcAssertive": 83.8829, "bus_lcCooperative": 0.5664, "bus_lcLookaheadLeft": 44.7726, "bus_lcPushy": 0.608, "bus_lcSigma": 0.8846, "bus_lcSpeedGainRight": 1.2806, "bus_lcSublane": 0.4188, "bus_sigma": 0.5465, "bus_tau_mean": 3.1583, "bus_tau_std": 5.0751, "bus_v_mean": 25.2479, "bus_v_std": 9.7495, "car_acc": 3.6892, "car_dcc": 1.3846, "car_lcAssertive": 87.7841, "car_lcCooperative": 0.0809, "car_lcLookaheadLeft": 15.6897, "car_lcPushy": 0.0961, "car_lcSigma": 0.063, "car_lcSpeedGainRight": 3.9804, "car_lcSublane": 0.0809, "car_sigma": 0.9752, "car_tau_mean": 0.7383, "car_tau_std": 1.2288, "car_v_mean": 22.6064, "car_v_std": 3.7829}, "datetime": {"datetime": "2024-09-05 11:49:42", "elapsed": 3637.83177, "delta": 10.761773}}
{"target": -0.18808733727452698, "params": {"bus_acc": 1.5214, "bus_dcc": 3.7957, "bus_lcAssertive": 55.1198, "bus_lcCooperative": 0.0565, "bus_lcLookaheadLeft": 69.3509, "bus_lcPushy": 0.6408, "bus_lcSigma": 0.6163, "bus_lcSpeedGainRight": 4.7146, "bus_lcSublane": 0.4963, "bus_sigma": 0.996, "bus_tau_mean": 2.7482, "bus_tau_std": 1.8048, "bus_v_mean": 16.3321, "bus_v_std": 15.4114, "car_acc": 3.2348, "car_dcc": 3.2945, "car_lcAssertive": 44.3032, "car_lcCooperative": 0.994, "car_lcLookaheadLeft": 5.2946, "car_lcPushy": 0.2635, "car_lcSigma": 0.5632, "car_lcSpeedGainRight": 0.1101, "car_lcSublane": 0.6784, "car_sigma": 0.8728, "car_tau_mean": 1.526, "car_tau_std": 1.7149, "car_v_mean": 25.4006, "car_v_std": 3.9437}, "datetime": {"datetime": "2024-09-05 11:49:51", "elapsed": 3647.403876, "delta": 9.572106}}
{"target": -0.2093521856956978, "params": {"bus_acc": 2.0071, "bus_dcc": 1.9346, "bus_lcAssertive": 76.378, "bus_lcCooperative": 0.072, "bus_lcLookaheadLeft": 12.9973, "bus_lcPushy": 0.2128, "bus_lcSigma": 0.6922, "bus_lcSpeedGainRight": 1.7697, "bus_lcSublane": 0.3671, "bus_sigma": 0.5352, "bus_tau_mean": 1.7283, "bus_tau_std": 0.6536, "bus_v_mean": 22.1158, "bus_v_std": 5.691, "car_acc": 2.3242, "car_dcc": 0.4908, "car_lcAssertive": 26.9661, "car_lcCooperative": 0.4924, "car_lcLookaheadLeft": 55.6241, "car_lcPushy": 0.4543, "car_lcSigma": 0.8627, "car_lcSpeedGainRight": 2.4066, "car_lcSublane": 0.0966, "car_sigma": 0.2995, "car_tau_mean": 0.8459, "car_tau_std": 4.4769, "car_v_mean": 12.4932, "car_v_std": 13.6273}, "datetime": {"datetime": "2024-09-05 11:50:07", "elapsed": 3663.340156, "delta": 15.93628}}
{"target": -0.20065431353959617, "params": {"bus_acc": 2.509, "bus_dcc": 0.928, "bus_lcAssertive": 36.4326, "bus_lcCooperative": 0.8496, "bus_lcLookaheadLeft": 3.4823, "bus_lcPushy": 0.349, "bus_lcSigma": 0.2584, "bus_lcSpeedGainRight": 3.2339, "bus_lcSublane": 0.4218, "bus_sigma": 0.1655, "bus_tau_mean": 1.6183, "bus_tau_std": 6.9036, "bus_v_mean": 22.3653, "bus_v_std": 15.7575, "car_acc": 0.9268, "car_dcc": 2.3954, "car_lcAssertive": 71.6837, "car_lcCooperative": 0.7252, "car_lcLookaheadLeft": 18.6341, "car_lcPushy": 0.9834, "car_lcSigma": 0.576, "car_lcSpeedGainRight": 1.3428, "car_lcSublane": 0.847, "car_sigma": 0.7367, "car_tau_mean": 1.6932, "car_tau_std": 9.399, "car_v_mean": 10.0604, "car_v_std": 5.6568}, "datetime": {"datetime": "2024-09-05 11:50:15", "elapsed": 3671.40454, "delta": 8.064384}}
{"target": -0.21459272485762992, "params": {"bus_acc": 0.3082, "bus_dcc": 3.839, "bus_lcAssertive": 66.2199, "bus_lcCooperative": 0.6161, "bus_lcLookaheadLeft": 92.5265, "bus_lcPushy": 0.9711, "bus_lcSigma": 0.2391, "bus_lcSpeedGainRight": 0.9776, "bus_lcSublane": 0.4999, "bus_sigma": 0.641, "bus_tau_mean": 1.6027, "bus_tau_std": 9.2112, "bus_v_mean": 13.4707, "bus_v_std": 15.5723, "car_acc": 0.7555, "car_dcc": 0.7294, "car_lcAssertive": 42.1439, "car_lcCooperative": 0.3388, "car_lcLookaheadLeft": 78.8352, "car_lcPushy": 0.8235, "car_lcSigma": 0.6101, "car_lcSpeedGainRight": 0.2115, "car_lcSublane": 0.3969, "car_sigma": 0.8274, "car_tau_mean": 2.2834, "car_tau_std": 5.2019, "car_v_mean": 9.0858, "car_v_std": 3.7275}, "datetime": {"datetime": "2024-09-05 11:50:23", "elapsed": 3678.537107, "delta": 7.132567}}
{"target": -0.1968054808181278, "params": {"bus_acc": 0.9371, "bus_dcc": 2.4454, "bus_lcAssertive": 70.2308, "bus_lcCooperative": 0.0964, "bus_lcLookaheadLeft": 94.9654, "bus_lcPushy": 0.1133, "bus_lcSigma": 0.4556, "bus_lcSpeedGainRight": 0.7305, "bus_lcSublane": 0.2079, "bus_sigma": 0.4392, "bus_tau_mean": 3.3707, "bus_tau_std": 5.6047, "bus_v_mean": 12.2527, "bus_v_std": 0.4417, "car_acc": 0.771, "car_dcc": 3.7827, "car_lcAssertive": 15.5804, "car_lcCooperative": 0.7986, "car_lcLookaheadLeft": 51.6244, "car_lcPushy": 0.9804, "car_lcSigma": 0.901, "car_lcSpeedGainRight": 1.0515, "car_lcSublane": 0.5487, "car_sigma": 0.7707, "car_tau_mean": 3.9739, "car_tau_std": 2.2182, "car_v_mean": 25.4589, "car_v_std": 6.0166}, "datetime": {"datetime": "2024-09-05 11:50:25", "elapsed": 3680.534882, "delta": 1.997775}}
{"target": -0.23406700143511308, "params": {"bus_acc": 1.391, "bus_dcc": 1.3649, "bus_lcAssertive": 50.7791, "bus_lcCooperative": 0.2285, "bus_lcLookaheadLeft": 72.7441, "bus_lcPushy": 0.2262, "bus_lcSigma": 0.7669, "bus_lcSpeedGainRight": 0.6226, "bus_lcSublane": 0.1404, "bus_sigma": 0.7112, "bus_tau_mean": 2.0328, "bus_tau_std": 4.1781, "bus_v_mean": 20.5012, "bus_v_std": 0.8314, "car_acc": 1.1554, "car_dcc": 2.1184, "car_lcAssertive": 83.1227, "car_lcCooperative": 0.1716, "car_lcLookaheadLeft": 41.9715, "car_lcPushy": 0.1636, "car_lcSigma": 0.1839, "car_lcSpeedGainRight": 3.3468, "car_lcSublane": 0.4713, "car_sigma": 0.7718, "car_tau_mean": 1.7123, "car_tau_std": 8.0577, "car_v_mean": 9.8721, "car_v_std": 18.9136}, "datetime": {"datetime": "2024-09-05 11:50:26", "elapsed": 3682.246012, "delta": 1.71113}}
{"target": -0.18969017122883583, "params": {"bus_acc": 0.4904, "bus_dcc": 1.5676, "bus_lcAssertive": 27.4215, "bus_lcCooperative": 0.7406, "bus_lcLookaheadLeft": 67.1137, "bus_lcPushy": 0.0911, "bus_lcSigma": 0.9709, "bus_lcSpeedGainRight": 2.4247, "bus_lcSublane": 0.7341, "bus_sigma": 0.2697, "bus_tau_mean": 1.9024, "bus_tau_std": 1.6303, "bus_v_mean": 14.6808, "bus_v_std": 1.1549, "car_acc": 2.9583, "car_dcc": 1.4844, "car_lcAssertive": 59.9614, "car_lcCooperative": 0.4007, "car_lcLookaheadLeft": 17.961, "car_lcPushy": 0.6798, "car_lcSigma": 0.6688, "car_lcSpeedGainRight": 3.6858, "car_lcSublane": 0.2012, "car_sigma": 0.0699, "car_tau_mean": 2.2439, "car_tau_std": 1.2741, "car_v_mean": 18.3417, "car_v_std": 5.9173}, "datetime": {"datetime": "2024-09-05 11:50:40", "elapsed": 3696.214421, "delta": 13.968409}}
{"target": -0.22477443619468596, "params": {"bus_acc": 3.4426, "bus_dcc": 2.5256, "bus_lcAssertive": 86.2383, "bus_lcCooperative": 0.5916, "bus_lcLookaheadLeft": 12.8542, "bus_lcPushy": 0.9477, "bus_lcSigma": 0.221, "bus_lcSpeedGainRight": 0.5572, "bus_lcSublane": 0.5334, "bus_sigma": 0.9175, "bus_tau_mean": 1.229, "bus_tau_std": 6.1023, "bus_v_mean": 25.1472, "bus_v_std": 11.269, "car_acc": 0.6512, "car_dcc": 2.1807, "car_lcAssertive": 80.4425, "car_lcCooperative": 0.0796, "car_lcLookaheadLeft": 83.2566, "car_lcPushy": 0.4365, "car_lcSigma": 0.9407, "car_lcSpeedGainRight": 0.3505, "car_lcSublane": 0.3248, "car_sigma": 0.5596, "car_tau_mean": 1.3246, "car_tau_std": 6.6482, "car_v_mean": 13.4232, "car_v_std": 13.6414}, "datetime": {"datetime": "2024-09-05 11:50:47", "elapsed": 3703.228741, "delta": 7.01432}}
{"target": -0.18974764473984884, "params": {"bus_acc": 2.9924, "bus_dcc": 1.5261, "bus_lcAssertive": 76.2864, "bus_lcCooperative": 0.2303, "bus_lcLookaheadLeft": 35.1424, "bus_lcPushy": 0.7514, "bus_lcSigma": 0.7091, "bus_lcSpeedGainRight": 0.5559, "bus_lcSublane": 0.2253, "bus_sigma": 0.788, "bus_tau_mean": 2.2582, "bus_tau_std": 9.1014, "bus_v_mean": 21.7204, "bus_v_std": 17.9543, "car_acc": 2.4923, "car_dcc": 3.6936, "car_lcAssertive": 66.3934, "car_lcCooperative": 0.1856, "car_lcLookaheadLeft": 31.7445, "car_lcPushy": 0.135, "car_lcSigma": 0.2993, "car_lcSpeedGainRight": 1.0473, "car_lcSublane": 0.7893, "car_sigma": 0.3858, "car_tau_mean": 3.8575, "car_tau_std": 5.667, "car_v_mean": 18.0762, "car_v_std": 1.7633}, "datetime": {"datetime": "2024-09-05 11:50:51", "elapsed": 3706.614492, "delta": 3.385751}}
{"target": -0.2309332930843551, "params": {"bus_acc": 1.7722, "bus_dcc": 3.9623, "bus_lcAssertive": 8.845, "bus_lcCooperative": 0.0184, "bus_lcLookaheadLeft": 33.5656, "bus_lcPushy": 0.4295, "bus_lcSigma": 0.5446, "bus_lcSpeedGainRight": 4.686, "bus_lcSublane": 0.8616, "bus_sigma": 0.8494, "bus_tau_mean": 1.9276, "bus_tau_std": 8.696, "bus_v_mean": 16.1564, "bus_v_std": 1.4117, "car_acc": 0.9439, "car_dcc": 1.3391, "car_lcAssertive": 81.0039, "car_lcCooperative": 0.7604, "car_lcLookaheadLeft": 54.1943, "car_lcPushy": 0.5943, "car_lcSigma": 0.119, "car_lcSpeedGainRight": 0.4606, "car_lcSublane": 0.9052, "car_sigma": 0.4446, "car_tau_mean": 3.8778, "car_tau_std": 9.3177, "car_v_mean": 16.9519, "car_v_std": 14.9173}, "datetime": {"datetime": "2024-09-05 11:50:55", "elapsed": 3710.681433, "delta": 4.066941}}
