{"target": -0.369356143082937, "params": {"bus_acc": 3.0691, "bus_dcc": 3.6855, "bus_lcAssertive": 24.8164, "bus_lcCooperative": 0.6336, "bus_lcLookaheadLeft": 68.8701, "bus_lcPushy": 0.3024, "bus_lcSigma": 0.6454, "bus_lcSpeedGainRight": 3.6803, "bus_lcSublane": 0.4686, "bus_sigma": 0.5961, "bus_tau_mean": 3.4492, "bus_tau_std": 4.648, "bus_v_mean": 22.1044, "bus_v_std": 10.1777, "car_acc": 3.0474, "car_dcc": 1.2568, "car_lcAssertive": 79.0596, "car_lcCooperative": 0.092, "car_lcLookaheadLeft": 19.1106, "car_lcPushy": 0.3901, "car_lcSigma": 0.5912, "car_lcSpeedGainRight": 3.9758, "car_lcSublane": 0.7946, "car_sigma": 0.1863, "car_tau_mean": 0.636, "car_tau_std": 1.832, "car_v_mean": 10.1994, "car_v_std": 0.6105}, "datetime": {"datetime": "2024-08-11 17:54:36", "elapsed": 747.603727, "delta": 2.708629}}
{"target": -0.3459219360270964, "params": {"bus_acc": 1.2007, "bus_dcc": 3.3375, "bus_lcAssertive": 93.3134, "bus_lcCooperative": 0.842, "bus_lcLookaheadLeft": 82.9173, "bus_lcPushy": 0.7736, "bus_lcSigma": 0.4108, "bus_lcSpeedGainRight": 3.4565, "bus_lcSublane": 0.879, "bus_sigma": 0.6876, "bus_tau_mean": 3.0793, "bus_tau_std": 6.8829, "bus_v_mean": 16.525, "bus_v_std": 8.5419, "car_acc": 0.5551, "car_dcc": 1.2974, "car_lcAssertive": 66.8772, "car_lcCooperative": 0.9115, "car_lcLookaheadLeft": 50.3276, "car_lcPushy": 0.3663, "car_lcSigma": 0.5032, "car_lcSpeedGainRight": 0.7376, "car_lcSublane": 0.2329, "car_sigma": 0.4828, "car_tau_mean": 2.8361, "car_tau_std": 1.5122, "car_v_mean": 14.4534, "car_v_std": 2.3}, "datetime": {"datetime": "2024-08-11 17:54:39", "elapsed": 749.725006, "delta": 2.121279}}
{"target": -0.37507925798279645, "params": {"bus_acc": 1.856, "bus_dcc": 0.5181, "bus_lcAssertive": 9.2997, "bus_lcCooperative": 0.0918, "bus_lcLookaheadLeft": 46.8659, "bus_lcPushy": 0.7284, "bus_lcSigma": 0.3556, "bus_lcSpeedGainRight": 2.2122, "bus_lcSublane": 0.5119, "bus_sigma": 0.3814, "bus_tau_mean": 2.3496, "bus_tau_std": 9.2477, "bus_v_mean": 11.7999, "bus_v_std": 9.7446, "car_acc": 3.4123, "car_dcc": 3.5731, "car_lcAssertive": 79.2946, "car_lcCooperative": 0.7444, "car_lcLookaheadLeft": 96.9322, "car_lcPushy": 0.3184, "car_lcSigma": 0.8095, "car_lcSpeedGainRight": 3.4658, "car_lcSublane": 0.552, "car_sigma": 0.0047, "car_tau_mean": 0.9364, "car_tau_std": 7.1265, "car_v_mean": 15.7443, "car_v_std": 0.262}, "datetime": {"datetime": "2024-08-11 17:54:41", "elapsed": 752.078275, "delta": 2.353269}}
{"target": -0.5309457030496049, "params": {"bus_acc": 3.4036, "bus_dcc": 1.4612, "bus_lcAssertive": 78.6589, "bus_lcCooperative": 0.6676, "bus_lcLookaheadLeft": 57.6293, "bus_lcPushy": 0.1904, "bus_lcSigma": 0.0664, "bus_lcSpeedGainRight": 0.1414, "bus_lcSublane": 0.0625, "bus_sigma": 0.08, "bus_tau_mean": 3.9669, "bus_tau_std": 6.8323, "bus_v_mean": 10.6313, "bus_v_std": 8.0454, "car_acc": 2.4566, "car_dcc": 2.2243, "car_lcAssertive": 56.8189, "car_lcCooperative": 0.9724, "car_lcLookaheadLeft": 10.4238, "car_lcPushy": 0.9809, "car_lcSigma": 0.0685, "car_lcSpeedGainRight": 2.7273, "car_lcSublane": 0.0442, "car_sigma": 0.2358, "car_tau_mean": 1.8227, "car_tau_std": 9.0989, "car_v_mean": 14.645, "car_v_std": 18.9238}, "datetime": {"datetime": "2024-08-11 17:54:44", "elapsed": 754.731203, "delta": 2.652928}}
{"target": -0.3533179330552454, "params": {"bus_acc": 2.1176, "bus_dcc": 3.2734, "bus_lcAssertive": 52.3127, "bus_lcCooperative": 0.6127, "bus_lcLookaheadLeft": 36.6747, "bus_lcPushy": 0.4523, "bus_lcSigma": 0.4503, "bus_lcSpeedGainRight": 2.5491, "bus_lcSublane": 0.8718, "bus_sigma": 0.8232, "bus_tau_mean": 0.6936, "bus_tau_std": 0.6541, "bus_v_mean": 9.0347, "bus_v_std": 11.9492, "car_acc": 0.7618, "car_dcc": 2.1501, "car_lcAssertive": 81.5233, "car_lcCooperative": 0.7706, "car_lcLookaheadLeft": 69.6446, "car_lcPushy": 0.9558, "car_lcSigma": 0.0888, "car_lcSpeedGainRight": 2.7949, "car_lcSublane": 0.3614, "car_sigma": 0.2342, "car_tau_mean": 1.2027, "car_tau_std": 5.5101, "car_v_mean": 11.939, "car_v_std": 0.4542}, "datetime": {"datetime": "2024-08-11 17:54:45", "elapsed": 756.514322, "delta": 1.783119}}
{"target": -0.4580335344684981, "params": {"bus_acc": 3.9638, "bus_dcc": 2.5422, "bus_lcAssertive": 86.849, "bus_lcCooperative": 0.6952, "bus_lcLookaheadLeft": 24.4113, "bus_lcPushy": 0.9013, "bus_lcSigma": 0.0852, "bus_lcSpeedGainRight": 1.3879, "bus_lcSublane": 0.3593, "bus_sigma": 0.3518, "bus_tau_mean": 2.0008, "bus_tau_std": 5.5536, "bus_v_mean": 16.758, "bus_v_std": 19.5435, "car_acc": 3.1869, "car_dcc": 2.8958, "car_lcAssertive": 85.3503, "car_lcCooperative": 0.7842, "car_lcLookaheadLeft": 54.5994, "car_lcPushy": 0.3505, "car_lcSigma": 0.1101, "car_lcSpeedGainRight": 4.8579, "car_lcSublane": 0.6304, "car_sigma": 0.3472, "car_tau_mean": 3.1967, "car_tau_std": 0.5464, "car_v_mean": 23.4407, "car_v_std": 16.7062}, "datetime": {"datetime": "2024-08-11 17:54:49", "elapsed": 759.828173, "delta": 3.313851}}
{"target": -0.6200087036253834, "params": {"bus_acc": 3.1667, "bus_dcc": 0.7286, "bus_lcAssertive": 41.3551, "bus_lcCooperative": 0.2771, "bus_lcLookaheadLeft": 56.1649, "bus_lcPushy": 0.0451, "bus_lcSigma": 0.5804, "bus_lcSpeedGainRight": 1.6367, "bus_lcSublane": 0.785, "bus_sigma": 0.6182, "bus_tau_mean": 2.9464, "bus_tau_std": 9.3591, "bus_v_mean": 19.5229, "bus_v_std": 15.4817, "car_acc": 3.1274, "car_dcc": 0.2157, "car_lcAssertive": 35.648, "car_lcCooperative": 0.5404, "car_lcLookaheadLeft": 55.3144, "car_lcPushy": 0.9046, "car_lcSigma": 0.0181, "car_lcSpeedGainRight": 1.9439, "car_lcSublane": 0.0688, "car_sigma": 0.3371, "car_tau_mean": 3.3118, "car_tau_std": 0.4665, "car_v_mean": 11.1862, "car_v_std": 5.0161}, "datetime": {"datetime": "2024-08-11 17:54:51", "elapsed": 762.065019, "delta": 2.236846}}
{"target": -0.36620403983643585, "params": {"bus_acc": 0.5318, "bus_dcc": 0.5163, "bus_lcAssertive": 9.5697, "bus_lcCooperative": 0.178, "bus_lcLookaheadLeft": 82.9364, "bus_lcPushy": 0.8105, "bus_lcSigma": 0.4825, "bus_lcSpeedGainRight": 3.3249, "bus_lcSublane": 0.4719, "bus_sigma": 0.1169, "bus_tau_mean": 3.719, "bus_tau_std": 8.568, "bus_v_mean": 12.2344, "bus_v_std": 2.561, "car_acc": 3.1082, "car_dcc": 1.2278, "car_lcAssertive": 64.2449, "car_lcCooperative": 0.1324, "car_lcLookaheadLeft": 13.3331, "car_lcPushy": 0.1376, "car_lcSigma": 0.6411, "car_lcSpeedGainRight": 1.0821, "car_lcSublane": 0.9109, "car_sigma": 0.3791, "car_tau_mean": 3.3567, "car_tau_std": 9.1948, "car_v_mean": 17.1118, "car_v_std": 19.9934}, "datetime": {"datetime": "2024-08-11 17:54:54", "elapsed": 765.162358, "delta": 3.097339}}
{"target": -0.37132195569101584, "params": {"bus_acc": 2.9321, "bus_dcc": 0.9223, "bus_lcAssertive": 23.7443, "bus_lcCooperative": 0.0196, "bus_lcLookaheadLeft": 9.5809, "bus_lcPushy": 0.8909, "bus_lcSigma": 0.0393, "bus_lcSpeedGainRight": 3.0506, "bus_lcSublane": 0.1336, "bus_sigma": 0.4875, "bus_tau_mean": 3.4862, "bus_tau_std": 8.8202, "bus_v_mean": 17.4959, "bus_v_std": 4.3016, "car_acc": 2.8204, "car_dcc": 1.3742, "car_lcAssertive": 44.8768, "car_lcCooperative": 0.8377, "car_lcLookaheadLeft": 90.1887, "car_lcPushy": 0.5285, "car_lcSigma": 0.2506, "car_lcSpeedGainRight": 0.8831, "car_lcSublane": 0.9813, "car_sigma": 0.37, "car_tau_mean": 2.4392, "car_tau_std": 6.2636, "car_v_mean": 16.9223, "car_v_std": 4.2135}, "datetime": {"datetime": "2024-08-11 17:54:59", "elapsed": 769.995191, "delta": 4.832833}}
{"target": -0.30803751313739086, "params": {"bus_acc": 0.4045, "bus_dcc": 3.9857, "bus_lcAssertive": 89.0619, "bus_lcCooperative": 0.9073, "bus_lcLookaheadLeft": 96.8074, "bus_lcPushy": 0.2634, "bus_lcSigma": 0.1053, "bus_lcSpeedGainRight": 0.4342, "bus_lcSublane": 0.5072, "bus_sigma": 0.9551, "bus_tau_mean": 0.5794, "bus_tau_std": 7.4945, "bus_v_mean": 22.4211, "bus_v_std": 19.4728, "car_acc": 2.7851, "car_dcc": 3.9505, "car_lcAssertive": 78.5151, "car_lcCooperative": 0.7911, "car_lcLookaheadLeft": 58.0669, "car_lcPushy": 0.5468, "car_lcSigma": 0.5747, "car_lcSpeedGainRight": 0.4957, "car_lcSublane": 0.6734, "car_sigma": 0.507, "car_tau_mean": 2.122, "car_tau_std": 5.6112, "car_v_mean": 11.794, "car_v_std": 12.3647}, "datetime": {"datetime": "2024-08-11 17:55:03", "elapsed": 774.267666, "delta": 4.272475}}
{"target": -0.3341643197692088, "params": {"bus_acc": 1.2282, "bus_dcc": 1.9157, "bus_lcAssertive": 40.6268, "bus_lcCooperative": 0.4299, "bus_lcLookaheadLeft": 25.5599, "bus_lcPushy": 0.1304, "bus_lcSigma": 0.6123, "bus_lcSpeedGainRight": 3.9434, "bus_lcSublane": 0.8948, "bus_sigma": 0.9626, "bus_tau_mean": 3.7477, "bus_tau_std": 5.7237, "bus_v_mean": 22.0439, "bus_v_std": 10.9146, "car_acc": 0.4507, "car_dcc": 0.77, "car_lcAssertive": 51.3885, "car_lcCooperative": 0.6392, "car_lcLookaheadLeft": 15.4097, "car_lcPushy": 0.9225, "car_lcSigma": 0.9019, "car_lcSpeedGainRight": 4.9677, "car_lcSublane": 0.2914, "car_sigma": 0.5498, "car_tau_mean": 2.306, "car_tau_std": 3.5433, "car_v_mean": 9.833, "car_v_std": 0.3944}, "datetime": {"datetime": "2024-08-11 17:55:06", "elapsed": 776.774496, "delta": 2.50683}}
{"target": -0.4356712225949108, "params": {"bus_acc": 2.2826, "bus_dcc": 1.1614, "bus_lcAssertive": 85.2226, "bus_lcCooperative": 0.0052, "bus_lcLookaheadLeft": 74.6858, "bus_lcPushy": 0.5007, "bus_lcSigma": 0.6631, "bus_lcSpeedGainRight": 0.874, "bus_lcSublane": 0.85, "bus_sigma": 0.8846, "bus_tau_mean": 2.8296, "bus_tau_std": 5.6252, "bus_v_mean": 18.1199, "bus_v_std": 5.9692, "car_acc": 1.3468, "car_dcc": 2.423, "car_lcAssertive": 92.8023, "car_lcCooperative": 0.4173, "car_lcLookaheadLeft": 19.1079, "car_lcPushy": 0.3796, "car_lcSigma": 0.9893, "car_lcSpeedGainRight": 1.5143, "car_lcSublane": 0.4717, "car_sigma": 0.6558, "car_tau_mean": 1.6358, "car_tau_std": 4.3386, "car_v_mean": 14.038, "car_v_std": 15.2876}, "datetime": {"datetime": "2024-08-11 17:55:08", "elapsed": 778.955249, "delta": 2.180753}}
{"target": -0.3393061492572244, "params": {"bus_acc": 0.6335, "bus_dcc": 3.611, "bus_lcAssertive": 59.0404, "bus_lcCooperative": 0.1649, "bus_lcLookaheadLeft": 52.4086, "bus_lcPushy": 0.1299, "bus_lcSigma": 0.6859, "bus_lcSpeedGainRight": 0.5803, "bus_lcSublane": 0.8293, "bus_sigma": 0.7153, "bus_tau_mean": 0.6232, "bus_tau_std": 2.3814, "bus_v_mean": 21.6339, "bus_v_std": 5.4408, "car_acc": 2.8446, "car_dcc": 2.1805, "car_lcAssertive": 17.1421, "car_lcCooperative": 0.6074, "car_lcLookaheadLeft": 55.1024, "car_lcPushy": 0.6279, "car_lcSigma": 0.6575, "car_lcSpeedGainRight": 3.8278, "car_lcSublane": 0.8967, "car_sigma": 0.1323, "car_tau_mean": 3.1172, "car_tau_std": 2.4947, "car_v_mean": 10.7257, "car_v_std": 16.2994}, "datetime": {"datetime": "2024-08-11 17:55:11", "elapsed": 781.721437, "delta": 2.766188}}
{"target": -0.4508318056726551, "params": {"bus_acc": 2.7867, "bus_dcc": 0.9438, "bus_lcAssertive": 77.7999, "bus_lcCooperative": 0.4562, "bus_lcLookaheadLeft": 32.6333, "bus_lcPushy": 0.4494, "bus_lcSigma": 0.568, "bus_lcSpeedGainRight": 3.0416, "bus_lcSublane": 0.6919, "bus_sigma": 0.7816, "bus_tau_mean": 3.2957, "bus_tau_std": 9.6439, "bus_v_mean": 14.1795, "bus_v_std": 16.7329, "car_acc": 2.1406, "car_dcc": 1.4173, "car_lcAssertive": 96.1282, "car_lcCooperative": 0.7564, "car_lcLookaheadLeft": 92.323, "car_lcPushy": 0.0371, "car_lcSigma": 0.1169, "car_lcSpeedGainRight": 0.2154, "car_lcSublane": 0.883, "car_sigma": 0.6032, "car_tau_mean": 3.9836, "car_tau_std": 7.334, "car_v_mean": 9.492, "car_v_std": 19.9688}, "datetime": {"datetime": "2024-08-11 17:55:13", "elapsed": 784.536194, "delta": 2.814757}}
{"target": -0.40557856745995596, "params": {"bus_acc": 3.3001, "bus_dcc": 2.004, "bus_lcAssertive": 81.9851, "bus_lcCooperative": 0.5892, "bus_lcLookaheadLeft": 82.1296, "bus_lcPushy": 0.2592, "bus_lcSigma": 0.959, "bus_lcSpeedGainRight": 2.1407, "bus_lcSublane": 0.6642, "bus_sigma": 0.1142, "bus_tau_mean": 1.4771, "bus_tau_std": 9.2209, "bus_v_mean": 25.4761, "bus_v_std": 9.8568, "car_acc": 3.2746, "car_dcc": 3.2082, "car_lcAssertive": 81.4051, "car_lcCooperative": 0.7117, "car_lcLookaheadLeft": 87.7148, "car_lcPushy": 0.5104, "car_lcSigma": 0.1301, "car_lcSpeedGainRight": 1.2254, "car_lcSublane": 0.4898, "car_sigma": 0.2594, "car_tau_mean": 3.4116, "car_tau_std": 6.8407, "car_v_mean": 12.1105, "car_v_std": 7.3457}, "datetime": {"datetime": "2024-08-11 17:55:16", "elapsed": 787.575969, "delta": 3.039775}}
{"target": -0.49584291975632305, "params": {"bus_acc": 2.6774, "bus_dcc": 3.7314, "bus_lcAssertive": 81.4509, "bus_lcCooperative": 0.9861, "bus_lcLookaheadLeft": 97.6226, "bus_lcPushy": 0.6969, "bus_lcSigma": 0.8136, "bus_lcSpeedGainRight": 4.3699, "bus_lcSublane": 0.6469, "bus_sigma": 0.1627, "bus_tau_mean": 0.724, "bus_tau_std": 6.8641, "bus_v_mean": 24.4863, "bus_v_std": 14.1845, "car_acc": 3.9574, "car_dcc": 3.3896, "car_lcAssertive": 83.227, "car_lcCooperative": 0.1563, "car_lcLookaheadLeft": 66.3361, "car_lcPushy": 0.1028, "car_lcSigma": 0.1547, "car_lcSpeedGainRight": 4.1921, "car_lcSublane": 0.1838, "car_sigma": 0.1085, "car_tau_mean": 2.4822, "car_tau_std": 8.3839, "car_v_mean": 8.0412, "car_v_std": 2.5591}, "datetime": {"datetime": "2024-08-11 17:55:19", "elapsed": 790.246162, "delta": 2.670193}}
{"target": -0.42133658007240316, "params": {"bus_acc": 3.4608, "bus_dcc": 1.1014, "bus_lcAssertive": 96.1086, "bus_lcCooperative": 0.2554, "bus_lcLookaheadLeft": 45.8869, "bus_lcPushy": 0.4242, "bus_lcSigma": 0.6977, "bus_lcSpeedGainRight": 3.997, "bus_lcSublane": 0.4026, "bus_sigma": 0.4834, "bus_tau_mean": 3.926, "bus_tau_std": 2.2653, "bus_v_mean": 17.9921, "bus_v_std": 1.7734, "car_acc": 1.0437, "car_dcc": 3.9352, "car_lcAssertive": 15.8284, "car_lcCooperative": 0.7235, "car_lcLookaheadLeft": 19.2729, "car_lcPushy": 0.8236, "car_lcSigma": 0.7392, "car_lcSpeedGainRight": 0.7119, "car_lcSublane": 0.4598, "car_sigma": 0.6138, "car_tau_mean": 2.2951, "car_tau_std": 6.4744, "car_v_mean": 8.6322, "car_v_std": 8.6081}, "datetime": {"datetime": "2024-08-11 17:55:21", "elapsed": 792.545307, "delta": 2.299145}}
{"target": -0.38674842522638864, "params": {"bus_acc": 3.9326, "bus_dcc": 3.3249, "bus_lcAssertive": 19.4857, "bus_lcCooperative": 0.3373, "bus_lcLookaheadLeft": 73.7799, "bus_lcPushy": 0.7971, "bus_lcSigma": 0.7086, "bus_lcSpeedGainRight": 4.1087, "bus_lcSublane": 0.2014, "bus_sigma": 0.8735, "bus_tau_mean": 2.0767, "bus_tau_std": 9.0453, "bus_v_mean": 16.2923, "bus_v_std": 9.2798, "car_acc": 3.6693, "car_dcc": 3.3513, "car_lcAssertive": 14.4502, "car_lcCooperative": 0.6246, "car_lcLookaheadLeft": 68.1432, "car_lcPushy": 0.4159, "car_lcSigma": 0.5082, "car_lcSpeedGainRight": 4.6726, "car_lcSublane": 0.1107, "car_sigma": 0.497, "car_tau_mean": 1.9255, "car_tau_std": 8.1106, "car_v_mean": 13.0012, "car_v_std": 7.8708}, "datetime": {"datetime": "2024-08-11 17:55:25", "elapsed": 795.731414, "delta": 3.186107}}
{"target": -0.39015567725644634, "params": {"bus_acc": 0.9322, "bus_dcc": 3.0225, "bus_lcAssertive": 90.4853, "bus_lcCooperative": 0.9648, "bus_lcLookaheadLeft": 77.0248, "bus_lcPushy": 0.1202, "bus_lcSigma": 0.724, "bus_lcSpeedGainRight": 2.7462, "bus_lcSublane": 0.9011, "bus_sigma": 0.9115, "bus_tau_mean": 2.1788, "bus_tau_std": 5.1301, "bus_v_mean": 16.8503, "bus_v_std": 2.364, "car_acc": 2.6922, "car_dcc": 2.1076, "car_lcAssertive": 96.0975, "car_lcCooperative": 0.7305, "car_lcLookaheadLeft": 83.3394, "car_lcPushy": 0.9135, "car_lcSigma": 0.3839, "car_lcSpeedGainRight": 4.2852, "car_lcSublane": 0.5604, "car_sigma": 0.1963, "car_tau_mean": 1.4774, "car_tau_std": 5.2855, "car_v_mean": 9.4534, "car_v_std": 1.6206}, "datetime": {"datetime": "2024-08-11 17:55:27", "elapsed": 798.116046, "delta": 2.384632}}
{"target": -0.5150694248656129, "params": {"bus_acc": 3.0453, "bus_dcc": 1.0553, "bus_lcAssertive": 27.3855, "bus_lcCooperative": 0.1144, "bus_lcLookaheadLeft": 2.4621, "bus_lcPushy": 0.5267, "bus_lcSigma": 0.7898, "bus_lcSpeedGainRight": 3.4287, "bus_lcSublane": 0.3679, "bus_sigma": 0.2809, "bus_tau_mean": 2.785, "bus_tau_std": 2.5391, "bus_v_mean": 11.1, "bus_v_std": 19.992, "car_acc": 3.583, "car_dcc": 2.2595, "car_lcAssertive": 42.2256, "car_lcCooperative": 0.61, "car_lcLookaheadLeft": 17.8752, "car_lcPushy": 0.7171, "car_lcSigma": 0.1833, "car_lcSpeedGainRight": 0.233, "car_lcSublane": 0.5431, "car_sigma": 0.5196, "car_tau_mean": 3.1163, "car_tau_std": 0.886, "car_v_mean": 13.012, "car_v_std": 5.9302}, "datetime": {"datetime": "2024-08-11 17:55:29", "elapsed": 800.38736, "delta": 2.271314}}
{"target": -0.488039021562432, "params": {"bus_acc": 2.4311, "bus_dcc": 0.7582, "bus_lcAssertive": 67.3303, "bus_lcCooperative": 0.8114, "bus_lcLookaheadLeft": 88.1294, "bus_lcPushy": 0.4601, "bus_lcSigma": 0.5044, "bus_lcSpeedGainRight": 2.2516, "bus_lcSublane": 0.9185, "bus_sigma": 0.3334, "bus_tau_mean": 3.8275, "bus_tau_std": 1.3606, "bus_v_mean": 24.6759, "bus_v_std": 8.7565, "car_acc": 1.184, "car_dcc": 0.7957, "car_lcAssertive": 78.5901, "car_lcCooperative": 0.7498, "car_lcLookaheadLeft": 52.4137, "car_lcPushy": 0.2746, "car_lcSigma": 0.8275, "car_lcSpeedGainRight": 0.6562, "car_lcSublane": 0.1713, "car_sigma": 0.8923, "car_tau_mean": 3.3285, "car_tau_std": 6.6857, "car_v_mean": 22.8559, "car_v_std": 5.3925}, "datetime": {"datetime": "2024-08-11 17:55:31", "elapsed": 802.249532, "delta": 1.862172}}
{"target": -0.3808474455933936, "params": {"bus_acc": 3.2835, "bus_dcc": 2.2617, "bus_lcAssertive": 54.0869, "bus_lcCooperative": 0.0732, "bus_lcLookaheadLeft": 69.6091, "bus_lcPushy": 0.4646, "bus_lcSigma": 0.0775, "bus_lcSpeedGainRight": 2.9424, "bus_lcSublane": 0.4204, "bus_sigma": 0.3673, "bus_tau_mean": 3.996, "bus_tau_std": 5.0031, "bus_v_mean": 19.9071, "bus_v_std": 10.6367, "car_acc": 1.2603, "car_dcc": 1.9811, "car_lcAssertive": 75.2906, "car_lcCooperative": 0.7928, "car_lcLookaheadLeft": 29.4166, "car_lcPushy": 0.7578, "car_lcSigma": 0.9429, "car_lcSpeedGainRight": 1.6972, "car_lcSublane": 0.5738, "car_sigma": 0.3807, "car_tau_mean": 1.8703, "car_tau_std": 9.1749, "car_v_mean": 23.2436, "car_v_std": 12.4036}, "datetime": {"datetime": "2024-08-11 17:55:36", "elapsed": 807.107361, "delta": 4.857829}}
{"target": -0.7546346925360167, "params": {"bus_acc": 0.8599, "bus_dcc": 3.1495, "bus_lcAssertive": 4.823, "bus_lcCooperative": 0.7959, "bus_lcLookaheadLeft": 49.941, "bus_lcPushy": 0.5414, "bus_lcSigma": 0.457, "bus_lcSpeedGainRight": 4.5421, "bus_lcSublane": 0.4986, "bus_sigma": 0.1472, "bus_tau_mean": 3.2371, "bus_tau_std": 7.3074, "bus_v_mean": 22.9753, "bus_v_std": 17.314, "car_acc": 1.5394, "car_dcc": 3.9179, "car_lcAssertive": 30.7415, "car_lcCooperative": 0.1925, "car_lcLookaheadLeft": 88.3012, "car_lcPushy": 0.8481, "car_lcSigma": 0.8451, "car_lcSpeedGainRight": 0.0263, "car_lcSublane": 0.6524, "car_sigma": 0.8963, "car_tau_mean": 3.1404, "car_tau_std": 0.1909, "car_v_mean": 11.4849, "car_v_std": 16.4056}, "datetime": {"datetime": "2024-08-11 17:55:41", "elapsed": 812.172055, "delta": 5.064694}}
{"target": -0.5752025594466826, "params": {"bus_acc": 0.684, "bus_dcc": 0.6591, "bus_lcAssertive": 76.4212, "bus_lcCooperative": 0.6413, "bus_lcLookaheadLeft": 88.7371, "bus_lcPushy": 0.9252, "bus_lcSigma": 0.3144, "bus_lcSpeedGainRight": 3.6037, "bus_lcSublane": 0.4235, "bus_sigma": 0.3987, "bus_tau_mean": 1.8737, "bus_tau_std": 1.0913, "bus_v_mean": 22.6156, "bus_v_std": 8.4649, "car_acc": 3.3713, "car_dcc": 0.3471, "car_lcAssertive": 98.2169, "car_lcCooperative": 0.8834, "car_lcLookaheadLeft": 9.1811, "car_lcPushy": 0.0361, "car_lcSigma": 0.1685, "car_lcSpeedGainRight": 3.4127, "car_lcSublane": 0.5564, "car_sigma": 0.5213, "car_tau_mean": 1.0324, "car_tau_std": 2.3779, "car_v_mean": 25.844, "car_v_std": 18.9227}, "datetime": {"datetime": "2024-08-11 17:55:44", "elapsed": 814.795402, "delta": 2.623347}}
{"target": -0.36120691603926264, "params": {"bus_acc": 3.2721, "bus_dcc": 3.1443, "bus_lcAssertive": 82.045, "bus_lcCooperative": 0.4899, "bus_lcLookaheadLeft": 42.4741, "bus_lcPushy": 0.9859, "bus_lcSigma": 0.2573, "bus_lcSpeedGainRight": 2.5608, "bus_lcSublane": 0.9199, "bus_sigma": 0.5817, "bus_tau_mean": 3.8568, "bus_tau_std": 3.4968, "bus_v_mean": 13.1493, "bus_v_std": 0.0397, "car_acc": 3.1029, "car_dcc": 1.9816, "car_lcAssertive": 36.1649, "car_lcCooperative": 0.3744, "car_lcLookaheadLeft": 45.6146, "car_lcPushy": 0.0161, "car_lcSigma": 0.5265, "car_lcSpeedGainRight": 1.0341, "car_lcSublane": 0.2329, "car_sigma": 0.0529, "car_tau_mean": 3.533, "car_tau_std": 7.7272, "car_v_mean": 17.9765, "car_v_std": 6.907}, "datetime": {"datetime": "2024-08-11 17:55:46", "elapsed": 817.228901, "delta": 2.433499}}
{"target": -0.4096680568783729, "params": {"bus_acc": 3.0456, "bus_dcc": 2.5651, "bus_lcAssertive": 36.0717, "bus_lcCooperative": 0.6349, "bus_lcLookaheadLeft": 37.0878, "bus_lcPushy": 0.8591, "bus_lcSigma": 0.4903, "bus_lcSpeedGainRight": 4.9111, "bus_lcSublane": 0.2293, "bus_sigma": 0.4876, "bus_tau_mean": 0.9912, "bus_tau_std": 3.3614, "bus_v_mean": 18.0778, "bus_v_std": 11.715, "car_acc": 2.2432, "car_dcc": 0.653, "car_lcAssertive": 31.8213, "car_lcCooperative": 0.1763, "car_lcLookaheadLeft": 75.9261, "car_lcPushy": 0.6611, "car_lcSigma": 0.6091, "car_lcSpeedGainRight": 3.168, "car_lcSublane": 0.5658, "car_sigma": 0.0399, "car_tau_mean": 1.447, "car_tau_std": 3.7514, "car_v_mean": 8.271, "car_v_std": 5.2114}, "datetime": {"datetime": "2024-08-11 17:55:48", "elapsed": 819.529555, "delta": 2.300654}}
