{"target": -0.36463606087161654, "params": {"bus_acc": 0.5038, "bus_dcc": 2.4202, "bus_lcAssertive": 55.169, "bus_lcCooperative": 0.4041, "bus_lcLookaheadLeft": 68.5859, "bus_lcPushy": 0.4322, "bus_lcSigma": 0.6603, "bus_lcSpeedGainRight": 1.8527, "bus_lcSublane": 0.0777, "bus_sigma": 0.8534, "bus_tau_mean": 1.7284, "bus_tau_std": 2.9712, "bus_v_mean": 21.6134, "bus_v_std": 18.4284, "car_acc": 2.2961, "car_dcc": 1.9933, "car_lcAssertive": 14.4331, "car_lcCooperative": 0.5494, "car_lcLookaheadLeft": 88.5305, "car_lcPushy": 0.7131, "car_lcSigma": 0.8025, "car_lcSpeedGainRight": 2.033, "car_lcSublane": 0.3187, "car_sigma": 0.9068, "car_tau_mean": 3.1382, "car_tau_std": 1.2501, "car_v_mean": 10.5742, "car_v_std": 10.9401}, "datetime": {"datetime": "2024-08-11 21:34:58", "elapsed": 13969.324117, "delta": 9.554591}}
{"target": -0.33007354913523046, "params": {"bus_acc": 0.652, "bus_dcc": 2.3306, "bus_lcAssertive": 66.1427, "bus_lcCooperative": 0.4936, "bus_lcLookaheadLeft": 56.9076, "bus_lcPushy": 0.6518, "bus_lcSigma": 0.9298, "bus_lcSpeedGainRight": 1.8197, "bus_lcSublane": 0.7375, "bus_sigma": 0.7178, "bus_tau_mean": 2.9423, "bus_tau_std": 7.6126, "bus_v_mean": 25.8195, "bus_v_std": 19.8286, "car_acc": 3.8253, "car_dcc": 1.2076, "car_lcAssertive": 87.2699, "car_lcCooperative": 0.7125, "car_lcLookaheadLeft": 79.9717, "car_lcPushy": 0.2462, "car_lcSigma": 0.6929, "car_lcSpeedGainRight": 4.291, "car_lcSublane": 0.4985, "car_sigma": 0.2942, "car_tau_mean": 2.8927, "car_tau_std": 5.7436, "car_v_mean": 24.4566, "car_v_std": 2.6274}, "datetime": {"datetime": "2024-08-11 21:35:08", "elapsed": 13979.11779, "delta": 9.793673}}
{"target": -0.39093135932286965, "params": {"bus_acc": 0.812, "bus_dcc": 1.446, "bus_lcAssertive": 96.8169, "bus_lcCooperative": 0.8793, "bus_lcLookaheadLeft": 63.6543, "bus_lcPushy": 0.3514, "bus_lcSigma": 0.5504, "bus_lcSpeedGainRight": 2.7971, "bus_lcSublane": 0.8333, "bus_sigma": 0.1747, "bus_tau_mean": 1.3515, "bus_tau_std": 3.1745, "bus_v_mean": 9.4164, "bus_v_std": 16.1132, "car_acc": 2.5141, "car_dcc": 1.6673, "car_lcAssertive": 52.7726, "car_lcCooperative": 0.7956, "car_lcLookaheadLeft": 83.4365, "car_lcPushy": 0.7492, "car_lcSigma": 0.2335, "car_lcSpeedGainRight": 2.6097, "car_lcSublane": 0.6153, "car_sigma": 0.9009, "car_tau_mean": 3.8716, "car_tau_std": 7.5149, "car_v_mean": 10.3477, "car_v_std": 4.5531}, "datetime": {"datetime": "2024-08-11 21:35:19", "elapsed": 13989.909645, "delta": 10.791855}}
{"target": -0.4666168353394542, "params": {"bus_acc": 0.8849, "bus_dcc": 2.0036, "bus_lcAssertive": 96.0287, "bus_lcCooperative": 0.0214, "bus_lcLookaheadLeft": 94.0481, "bus_lcPushy": 0.5567, "bus_lcSigma": 0.9387, "bus_lcSpeedGainRight": 3.3139, "bus_lcSublane": 0.8389, "bus_sigma": 0.9819, "bus_tau_mean": 3.1847, "bus_tau_std": 8.326, "bus_v_mean": 14.4407, "bus_v_std": 16.53, "car_acc": 1.9638, "car_dcc": 1.4257, "car_lcAssertive": 96.2512, "car_lcCooperative": 0.9215, "car_lcLookaheadLeft": 29.3505, "car_lcPushy": 0.6066, "car_lcSigma": 0.6788, "car_lcSpeedGainRight": 2.6401, "car_lcSublane": 0.4413, "car_sigma": 0.491, "car_tau_mean": 3.4279, "car_tau_std": 6.9286, "car_v_mean": 9.7269, "car_v_std": 5.2296}, "datetime": {"datetime": "2024-08-11 21:35:33", "elapsed": 14003.939815, "delta": 14.03017}}
{"target": -0.41082616567535785, "params": {"bus_acc": 3.0453, "bus_dcc": 3.8993, "bus_lcAssertive": 56.038, "bus_lcCooperative": 0.9804, "bus_lcLookaheadLeft": 70.8818, "bus_lcPushy": 0.7056, "bus_lcSigma": 0.1719, "bus_lcSpeedGainRight": 3.5171, "bus_lcSublane": 0.2458, "bus_sigma": 0.5809, "bus_tau_mean": 0.5052, "bus_tau_std": 4.3082, "bus_v_mean": 12.0192, "bus_v_std": 6.5455, "car_acc": 3.3279, "car_dcc": 2.6589, "car_lcAssertive": 7.7606, "car_lcCooperative": 0.6406, "car_lcLookaheadLeft": 84.8263, "car_lcPushy": 0.4465, "car_lcSigma": 0.3485, "car_lcSpeedGainRight": 1.4664, "car_lcSublane": 0.4361, "car_sigma": 0.5233, "car_tau_mean": 0.7067, "car_tau_std": 1.4023, "car_v_mean": 19.4204, "car_v_std": 4.2104}, "datetime": {"datetime": "2024-08-11 21:35:48", "elapsed": 14019.396211, "delta": 15.456396}}
{"target": -0.4043613068386456, "params": {"bus_acc": 0.6924, "bus_dcc": 3.3214, "bus_lcAssertive": 78.9935, "bus_lcCooperative": 0.6779, "bus_lcLookaheadLeft": 68.7411, "bus_lcPushy": 0.643, "bus_lcSigma": 0.7334, "bus_lcSpeedGainRight": 1.9471, "bus_lcSublane": 0.6731, "bus_sigma": 0.4591, "bus_tau_mean": 2.7882, "bus_tau_std": 6.0536, "bus_v_mean": 23.288, "bus_v_std": 19.6923, "car_acc": 3.933, "car_dcc": 1.6703, "car_lcAssertive": 6.2313, "car_lcCooperative": 0.8433, "car_lcLookaheadLeft": 28.2524, "car_lcPushy": 0.3337, "car_lcSigma": 0.4422, "car_lcSpeedGainRight": 3.5592, "car_lcSublane": 0.1151, "car_sigma": 0.0969, "car_tau_mean": 0.5826, "car_tau_std": 2.0522, "car_v_mean": 14.7297, "car_v_std": 5.9923}, "datetime": {"datetime": "2024-08-11 21:35:58", "elapsed": 14028.884931, "delta": 9.48872}}
{"target": -0.5250578768249228, "params": {"bus_acc": 3.5601, "bus_dcc": 1.8802, "bus_lcAssertive": 6.6766, "bus_lcCooperative": 0.6434, "bus_lcLookaheadLeft": 29.4517, "bus_lcPushy": 0.9274, "bus_lcSigma": 0.0193, "bus_lcSpeedGainRight": 0.8581, "bus_lcSublane": 0.4776, "bus_sigma": 0.7841, "bus_tau_mean": 3.6718, "bus_tau_std": 6.727, "bus_v_mean": 16.9101, "bus_v_std": 0.9337, "car_acc": 0.9533, "car_dcc": 0.4206, "car_lcAssertive": 62.0434, "car_lcCooperative": 0.9924, "car_lcLookaheadLeft": 2.2886, "car_lcPushy": 0.982, "car_lcSigma": 0.7285, "car_lcSpeedGainRight": 4.0674, "car_lcSublane": 0.8211, "car_sigma": 0.8072, "car_tau_mean": 1.1451, "car_tau_std": 5.7047, "car_v_mean": 19.3652, "car_v_std": 4.3998}, "datetime": {"datetime": "2024-08-11 21:36:08", "elapsed": 14038.921266, "delta": 10.036335}}
{"target": -0.4695110019318287, "params": {"bus_acc": 3.3498, "bus_dcc": 2.3442, "bus_lcAssertive": 13.7452, "bus_lcCooperative": 0.9788, "bus_lcLookaheadLeft": 3.4624, "bus_lcPushy": 0.9968, "bus_lcSigma": 0.183, "bus_lcSpeedGainRight": 1.4835, "bus_lcSublane": 0.5437, "bus_sigma": 0.652, "bus_tau_mean": 3.6468, "bus_tau_std": 3.7982, "bus_v_mean": 16.2726, "bus_v_std": 12.1277, "car_acc": 3.5988, "car_dcc": 3.9948, "car_lcAssertive": 18.6397, "car_lcCooperative": 0.7736, "car_lcLookaheadLeft": 56.8097, "car_lcPushy": 0.0546, "car_lcSigma": 0.6652, "car_lcSpeedGainRight": 3.7698, "car_lcSublane": 0.4934, "car_sigma": 0.9429, "car_tau_mean": 3.9906, "car_tau_std": 4.9875, "car_v_mean": 22.7469, "car_v_std": 9.6099}, "datetime": {"datetime": "2024-08-11 21:36:29", "elapsed": 14060.09673, "delta": 21.175464}}
{"target": -0.3328335442720512, "params": {"bus_acc": 0.2961, "bus_dcc": 0.364, "bus_lcAssertive": 88.3838, "bus_lcCooperative": 0.1406, "bus_lcLookaheadLeft": 64.068, "bus_lcPushy": 0.3482, "bus_lcSigma": 0.9675, "bus_lcSpeedGainRight": 3.7175, "bus_lcSublane": 0.8779, "bus_sigma": 0.9524, "bus_tau_mean": 1.4288, "bus_tau_std": 8.7999, "bus_v_mean": 14.4513, "bus_v_std": 7.7189, "car_acc": 0.6518, "car_dcc": 0.6556, "car_lcAssertive": 99.3661, "car_lcCooperative": 0.093, "car_lcLookaheadLeft": 15.9513, "car_lcPushy": 0.0977, "car_lcSigma": 0.3073, "car_lcSpeedGainRight": 0.6972, "car_lcSublane": 0.3776, "car_sigma": 0.4006, "car_tau_mean": 0.72, "car_tau_std": 1.5863, "car_v_mean": 18.5069, "car_v_std": 14.9062}, "datetime": {"datetime": "2024-08-11 21:36:39", "elapsed": 14070.43526, "delta": 10.33853}}
{"target": -0.28507712086885745, "params": {"bus_acc": 1.508, "bus_dcc": 2.185, "bus_lcAssertive": 52.7798, "bus_lcCooperative": 0.8692, "bus_lcLookaheadLeft": 45.2307, "bus_lcPushy": 0.0902, "bus_lcSigma": 0.1937, "bus_lcSpeedGainRight": 4.8178, "bus_lcSublane": 0.2557, "bus_sigma": 0.4753, "bus_tau_mean": 3.6561, "bus_tau_std": 8.1713, "bus_v_mean": 15.6627, "bus_v_std": 17.6661, "car_acc": 0.6117, "car_dcc": 3.3644, "car_lcAssertive": 10.2942, "car_lcCooperative": 0.9425, "car_lcLookaheadLeft": 75.5029, "car_lcPushy": 0.7652, "car_lcSigma": 0.2024, "car_lcSpeedGainRight": 0.8908, "car_lcSublane": 0.8406, "car_sigma": 0.671, "car_tau_mean": 2.1831, "car_tau_std": 2.1485, "car_v_mean": 11.3485, "car_v_std": 12.3434}, "datetime": {"datetime": "2024-08-11 21:36:53", "elapsed": 14084.427544, "delta": 13.992284}}
{"target": -0.44672868210377925, "params": {"bus_acc": 3.6117, "bus_dcc": 1.476, "bus_lcAssertive": 15.3407, "bus_lcCooperative": 0.1289, "bus_lcLookaheadLeft": 32.9375, "bus_lcPushy": 0.4113, "bus_lcSigma": 0.1157, "bus_lcSpeedGainRight": 4.5495, "bus_lcSublane": 0.3168, "bus_sigma": 0.6372, "bus_tau_mean": 1.7188, "bus_tau_std": 5.1282, "bus_v_mean": 24.2704, "bus_v_std": 17.7696, "car_acc": 3.7961, "car_dcc": 0.9036, "car_lcAssertive": 71.2861, "car_lcCooperative": 0.0633, "car_lcLookaheadLeft": 99.5882, "car_lcPushy": 0.4571, "car_lcSigma": 0.4496, "car_lcSpeedGainRight": 1.7925, "car_lcSublane": 0.1034, "car_sigma": 0.7537, "car_tau_mean": 1.2742, "car_tau_std": 5.5889, "car_v_mean": 16.0259, "car_v_std": 3.0566}, "datetime": {"datetime": "2024-08-11 21:37:09", "elapsed": 14100.055828, "delta": 15.628284}}
{"target": -0.36114672331191927, "params": {"bus_acc": 0.8338, "bus_dcc": 3.3845, "bus_lcAssertive": 32.1183, "bus_lcCooperative": 0.4849, "bus_lcLookaheadLeft": 95.9866, "bus_lcPushy": 0.0501, "bus_lcSigma": 0.486, "bus_lcSpeedGainRight": 4.3173, "bus_lcSublane": 0.5564, "bus_sigma": 0.1968, "bus_tau_mean": 2.6645, "bus_tau_std": 9.0577, "bus_v_mean": 23.8965, "bus_v_std": 11.8533, "car_acc": 0.5783, "car_dcc": 0.4942, "car_lcAssertive": 90.7978, "car_lcCooperative": 0.3888, "car_lcLookaheadLeft": 93.8098, "car_lcPushy": 0.7353, "car_lcSigma": 0.6395, "car_lcSpeedGainRight": 1.1579, "car_lcSublane": 0.6896, "car_sigma": 0.3738, "car_tau_mean": 3.5605, "car_tau_std": 5.3603, "car_v_mean": 22.0207, "car_v_std": 15.5581}, "datetime": {"datetime": "2024-08-11 21:37:23", "elapsed": 14113.8895, "delta": 13.833672}}
{"target": -0.38462125794273944, "params": {"bus_acc": 1.0778, "bus_dcc": 3.4139, "bus_lcAssertive": 8.7182, "bus_lcCooperative": 0.9957, "bus_lcLookaheadLeft": 2.2306, "bus_lcPushy": 0.7059, "bus_lcSigma": 0.9201, "bus_lcSpeedGainRight": 2.2217, "bus_lcSublane": 0.1131, "bus_sigma": 0.2911, "bus_tau_mean": 1.511, "bus_tau_std": 2.0907, "bus_v_mean": 23.4947, "bus_v_std": 19.0327, "car_acc": 1.3345, "car_dcc": 2.5555, "car_lcAssertive": 69.7557, "car_lcCooperative": 0.566, "car_lcLookaheadLeft": 43.564, "car_lcPushy": 0.8058, "car_lcSigma": 0.1989, "car_lcSpeedGainRight": 0.6428, "car_lcSublane": 0.8819, "car_sigma": 0.4424, "car_tau_mean": 1.5777, "car_tau_std": 5.2768, "car_v_mean": 17.5992, "car_v_std": 19.4387}, "datetime": {"datetime": "2024-08-11 21:37:37", "elapsed": 14127.770816, "delta": 13.881316}}
{"target": -0.5315862474243326, "params": {"bus_acc": 0.8638, "bus_dcc": 2.2291, "bus_lcAssertive": 67.2401, "bus_lcCooperative": 0.4142, "bus_lcLookaheadLeft": 2.5116, "bus_lcPushy": 0.0969, "bus_lcSigma": 0.3496, "bus_lcSpeedGainRight": 1.1686, "bus_lcSublane": 0.337, "bus_sigma": 0.0903, "bus_tau_mean": 1.7235, "bus_tau_std": 2.6372, "bus_v_mean": 9.8548, "bus_v_std": 16.5411, "car_acc": 1.8419, "car_dcc": 1.5422, "car_lcAssertive": 2.2787, "car_lcCooperative": 0.5417, "car_lcLookaheadLeft": 50.0702, "car_lcPushy": 0.5861, "car_lcSigma": 0.1383, "car_lcSpeedGainRight": 2.4289, "car_lcSublane": 0.4999, "car_sigma": 0.4975, "car_tau_mean": 3.454, "car_tau_std": 7.496, "car_v_mean": 15.3723, "car_v_std": 15.0973}, "datetime": {"datetime": "2024-08-11 21:37:56", "elapsed": 14146.629222, "delta": 18.858406}}
{"target": -0.3106460834743952, "params": {"bus_acc": 1.3339, "bus_dcc": 2.286, "bus_lcAssertive": 24.2973, "bus_lcCooperative": 0.4501, "bus_lcLookaheadLeft": 38.9979, "bus_lcPushy": 0.3243, "bus_lcSigma": 0.6919, "bus_lcSpeedGainRight": 3.6481, "bus_lcSublane": 0.3736, "bus_sigma": 0.9301, "bus_tau_mean": 0.6841, "bus_tau_std": 4.7925, "bus_v_mean": 12.6056, "bus_v_std": 7.1844, "car_acc": 0.6592, "car_dcc": 2.2603, "car_lcAssertive": 44.5169, "car_lcCooperative": 0.3442, "car_lcLookaheadLeft": 63.3713, "car_lcPushy": 0.9215, "car_lcSigma": 0.1916, "car_lcSpeedGainRight": 2.6612, "car_lcSublane": 0.7135, "car_sigma": 0.9967, "car_tau_mean": 0.7716, "car_tau_std": 6.3621, "car_v_mean": 9.6047, "car_v_std": 5.0842}, "datetime": {"datetime": "2024-08-11 21:38:09", "elapsed": 14160.015384, "delta": 13.386162}}
{"target": -0.3065813199492806, "params": {"bus_acc": 1.5223, "bus_dcc": 1.548, "bus_lcAssertive": 18.7827, "bus_lcCooperative": 0.2937, "bus_lcLookaheadLeft": 21.2534, "bus_lcPushy": 0.4325, "bus_lcSigma": 0.009, "bus_lcSpeedGainRight": 3.1607, "bus_lcSublane": 0.7726, "bus_sigma": 0.7893, "bus_tau_mean": 1.0018, "bus_tau_std": 5.2511, "bus_v_mean": 12.9728, "bus_v_std": 2.9977, "car_acc": 1.1166, "car_dcc": 3.0034, "car_lcAssertive": 54.5186, "car_lcCooperative": 0.609, "car_lcLookaheadLeft": 50.7439, "car_lcPushy": 0.9034, "car_lcSigma": 0.1233, "car_lcSpeedGainRight": 2.9266, "car_lcSublane": 0.7946, "car_sigma": 0.7734, "car_tau_mean": 1.6699, "car_tau_std": 7.7249, "car_v_mean": 12.2543, "car_v_std": 18.4666}, "datetime": {"datetime": "2024-08-11 21:38:19", "elapsed": 14169.629074, "delta": 9.61369}}
{"target": -0.42707469161568734, "params": {"bus_acc": 2.0925, "bus_dcc": 2.8448, "bus_lcAssertive": 10.3399, "bus_lcCooperative": 0.7254, "bus_lcLookaheadLeft": 80.2732, "bus_lcPushy": 0.5424, "bus_lcSigma": 0.6299, "bus_lcSpeedGainRight": 4.3384, "bus_lcSublane": 0.5139, "bus_sigma": 0.2748, "bus_tau_mean": 3.2278, "bus_tau_std": 8.6025, "bus_v_mean": 9.4608, "bus_v_std": 8.6708, "car_acc": 3.1864, "car_dcc": 1.034, "car_lcAssertive": 91.0657, "car_lcCooperative": 0.2362, "car_lcLookaheadLeft": 20.5726, "car_lcPushy": 0.0424, "car_lcSigma": 0.4978, "car_lcSpeedGainRight": 2.9181, "car_lcSublane": 0.1387, "car_sigma": 0.6404, "car_tau_mean": 1.2781, "car_tau_std": 5.1486, "car_v_mean": 18.1895, "car_v_std": 10.4408}, "datetime": {"datetime": "2024-08-11 21:38:31", "elapsed": 14182.211509, "delta": 12.582435}}
{"target": -0.43239106289316687, "params": {"bus_acc": 3.6342, "bus_dcc": 0.4161, "bus_lcAssertive": 37.8484, "bus_lcCooperative": 0.3786, "bus_lcLookaheadLeft": 49.7163, "bus_lcPushy": 0.8865, "bus_lcSigma": 0.0284, "bus_lcSpeedGainRight": 3.0909, "bus_lcSublane": 0.1146, "bus_sigma": 0.4699, "bus_tau_mean": 2.3051, "bus_tau_std": 5.2998, "bus_v_mean": 18.7124, "bus_v_std": 6.949, "car_acc": 0.8717, "car_dcc": 1.9029, "car_lcAssertive": 73.1152, "car_lcCooperative": 0.6158, "car_lcLookaheadLeft": 66.6007, "car_lcPushy": 0.1787, "car_lcSigma": 0.4682, "car_lcSpeedGainRight": 3.7977, "car_lcSublane": 0.6193, "car_sigma": 0.0297, "car_tau_mean": 2.8393, "car_tau_std": 5.2447, "car_v_mean": 14.3522, "car_v_std": 5.1916}, "datetime": {"datetime": "2024-08-11 21:38:52", "elapsed": 14202.902651, "delta": 20.691142}}
{"target": -0.4679868101446772, "params": {"bus_acc": 0.9776, "bus_dcc": 1.0403, "bus_lcAssertive": 20.4889, "bus_lcCooperative": 0.7208, "bus_lcLookaheadLeft": 93.79, "bus_lcPushy": 0.9755, "bus_lcSigma": 0.4979, "bus_lcSpeedGainRight": 2.8005, "bus_lcSublane": 0.7243, "bus_sigma": 0.6003, "bus_tau_mean": 3.3212, "bus_tau_std": 1.4703, "bus_v_mean": 8.0579, "bus_v_std": 11.997, "car_acc": 1.1258, "car_dcc": 1.9152, "car_lcAssertive": 9.9309, "car_lcCooperative": 0.824, "car_lcLookaheadLeft": 86.8022, "car_lcPushy": 0.5418, "car_lcSigma": 0.718, "car_lcSpeedGainRight": 1.6125, "car_lcSublane": 0.1667, "car_sigma": 0.3542, "car_tau_mean": 0.9112, "car_tau_std": 0.7092, "car_v_mean": 14.1942, "car_v_std": 10.5439}, "datetime": {"datetime": "2024-08-11 21:39:01", "elapsed": 14212.437061, "delta": 9.53441}}
{"target": -0.4395697433506645, "params": {"bus_acc": 2.6234, "bus_dcc": 0.2238, "bus_lcAssertive": 36.5624, "bus_lcCooperative": 0.4154, "bus_lcLookaheadLeft": 27.1578, "bus_lcPushy": 0.9781, "bus_lcSigma": 0.4686, "bus_lcSpeedGainRight": 0.3335, "bus_lcSublane": 0.2886, "bus_sigma": 0.9526, "bus_tau_mean": 1.8063, "bus_tau_std": 3.7291, "bus_v_mean": 17.69, "bus_v_std": 11.2873, "car_acc": 1.8294, "car_dcc": 2.6134, "car_lcAssertive": 36.1895, "car_lcCooperative": 0.7685, "car_lcLookaheadLeft": 8.1065, "car_lcPushy": 0.2651, "car_lcSigma": 0.1491, "car_lcSpeedGainRight": 0.8792, "car_lcSublane": 0.3913, "car_sigma": 0.7922, "car_tau_mean": 3.7989, "car_tau_std": 2.0525, "car_v_mean": 8.9359, "car_v_std": 18.827}, "datetime": {"datetime": "2024-08-11 21:39:12", "elapsed": 14222.726985, "delta": 10.289924}}
{"target": -0.3392423009597423, "params": {"bus_acc": 0.4149, "bus_dcc": 0.387, "bus_lcAssertive": 63.13, "bus_lcCooperative": 0.2641, "bus_lcLookaheadLeft": 80.3665, "bus_lcPushy": 0.3398, "bus_lcSigma": 0.3617, "bus_lcSpeedGainRight": 4.6328, "bus_lcSublane": 0.0079, "bus_sigma": 0.1464, "bus_tau_mean": 3.441, "bus_tau_std": 5.4151, "bus_v_mean": 15.044, "bus_v_std": 7.2211, "car_acc": 1.821, "car_dcc": 3.9558, "car_lcAssertive": 21.87, "car_lcCooperative": 0.9947, "car_lcLookaheadLeft": 35.3697, "car_lcPushy": 0.7687, "car_lcSigma": 0.5634, "car_lcSpeedGainRight": 4.0813, "car_lcSublane": 0.3123, "car_sigma": 0.5027, "car_tau_mean": 3.027, "car_tau_std": 2.2816, "car_v_mean": 25.2036, "car_v_std": 2.0256}, "datetime": {"datetime": "2024-08-11 21:39:26", "elapsed": 14236.836098, "delta": 14.109113}}
{"target": -0.4178377067425862, "params": {"bus_acc": 2.969, "bus_dcc": 2.4064, "bus_lcAssertive": 48.9758, "bus_lcCooperative": 0.8052, "bus_lcLookaheadLeft": 24.983, "bus_lcPushy": 0.2879, "bus_lcSigma": 0.1519, "bus_lcSpeedGainRight": 4.1045, "bus_lcSublane": 0.9584, "bus_sigma": 0.7464, "bus_tau_mean": 2.7632, "bus_tau_std": 1.0304, "bus_v_mean": 14.9127, "bus_v_std": 2.2057, "car_acc": 3.7702, "car_dcc": 3.7273, "car_lcAssertive": 50.3955, "car_lcCooperative": 0.1004, "car_lcLookaheadLeft": 90.8411, "car_lcPushy": 0.4799, "car_lcSigma": 0.29, "car_lcSpeedGainRight": 4.1341, "car_lcSublane": 0.3667, "car_sigma": 0.6169, "car_tau_mean": 2.9264, "car_tau_std": 8.9402, "car_v_mean": 12.8681, "car_v_std": 1.4542}, "datetime": {"datetime": "2024-08-11 21:39:40", "elapsed": 14250.636336, "delta": 13.800238}}
{"target": -0.48857261967434745, "params": {"bus_acc": 2.1583, "bus_dcc": 1.0684, "bus_lcAssertive": 52.4013, "bus_lcCooperative": 0.3055, "bus_lcLookaheadLeft": 53.4274, "bus_lcPushy": 0.5245, "bus_lcSigma": 0.9203, "bus_lcSpeedGainRight": 3.205, "bus_lcSublane": 0.5086, "bus_sigma": 0.6465, "bus_tau_mean": 0.9994, "bus_tau_std": 7.4303, "bus_v_mean": 20.3775, "bus_v_std": 19.5361, "car_acc": 3.9729, "car_dcc": 1.3895, "car_lcAssertive": 58.2212, "car_lcCooperative": 0.4742, "car_lcLookaheadLeft": 8.9139, "car_lcPushy": 0.8937, "car_lcSigma": 0.9969, "car_lcSpeedGainRight": 2.5523, "car_lcSublane": 0.2452, "car_sigma": 0.7783, "car_tau_mean": 2.5788, "car_tau_std": 0.0613, "car_v_mean": 16.8843, "car_v_std": 4.7741}, "datetime": {"datetime": "2024-08-11 21:40:00", "elapsed": 14271.020357, "delta": 20.384021}}
{"target": -0.3010343168582552, "params": {"bus_acc": 3.6984, "bus_dcc": 1.9965, "bus_lcAssertive": 73.4038, "bus_lcCooperative": 0.3932, "bus_lcLookaheadLeft": 88.9967, "bus_lcPushy": 0.7512, "bus_lcSigma": 0.6656, "bus_lcSpeedGainRight": 3.6248, "bus_lcSublane": 0.7949, "bus_sigma": 0.0598, "bus_tau_mean": 1.0391, "bus_tau_std": 6.0628, "bus_v_mean": 19.4224, "bus_v_std": 2.4148, "car_acc": 1.1306, "car_dcc": 3.8797, "car_lcAssertive": 95.3435, "car_lcCooperative": 0.994, "car_lcLookaheadLeft": 26.441, "car_lcPushy": 0.8194, "car_lcSigma": 0.0785, "car_lcSpeedGainRight": 0.8511, "car_lcSublane": 0.2258, "car_sigma": 0.4321, "car_tau_mean": 1.7343, "car_tau_std": 7.2706, "car_v_mean": 12.8784, "car_v_std": 19.9054}, "datetime": {"datetime": "2024-08-11 21:40:15", "elapsed": 14286.362649, "delta": 15.342292}}
{"target": -0.46068683124030835, "params": {"bus_acc": 1.5028, "bus_dcc": 2.0984, "bus_lcAssertive": 65.328, "bus_lcCooperative": 0.6517, "bus_lcLookaheadLeft": 93.7719, "bus_lcPushy": 0.1127, "bus_lcSigma": 0.6719, "bus_lcSpeedGainRight": 3.0173, "bus_lcSublane": 0.7371, "bus_sigma": 0.6614, "bus_tau_mean": 1.0563, "bus_tau_std": 9.9656, "bus_v_mean": 12.2895, "bus_v_std": 13.3134, "car_acc": 1.2582, "car_dcc": 2.244, "car_lcAssertive": 32.2084, "car_lcCooperative": 0.9893, "car_lcLookaheadLeft": 21.1844, "car_lcPushy": 0.5847, "car_lcSigma": 0.0572, "car_lcSpeedGainRight": 4.896, "car_lcSublane": 0.1649, "car_sigma": 0.9952, "car_tau_mean": 1.7343, "car_tau_std": 0.9958, "car_v_mean": 8.3368, "car_v_std": 18.8096}, "datetime": {"datetime": "2024-08-11 21:40:33", "elapsed": 14303.691425, "delta": 17.328776}}
{"target": -0.35585101407991454, "params": {"bus_acc": 3.9856, "bus_dcc": 2.604, "bus_lcAssertive": 25.9731, "bus_lcCooperative": 0.9186, "bus_lcLookaheadLeft": 77.9536, "bus_lcPushy": 0.1997, "bus_lcSigma": 0.2772, "bus_lcSpeedGainRight": 4.6455, "bus_lcSublane": 0.9003, "bus_sigma": 0.9979, "bus_tau_mean": 1.3382, "bus_tau_std": 9.37, "bus_v_mean": 22.1, "bus_v_std": 18.7144, "car_acc": 1.4762, "car_dcc": 2.5504, "car_lcAssertive": 92.069, "car_lcCooperative": 0.8308, "car_lcLookaheadLeft": 91.8891, "car_lcPushy": 0.6331, "car_lcSigma": 0.986, "car_lcSpeedGainRight": 2.6378, "car_lcSublane": 0.2439, "car_sigma": 0.7484, "car_tau_mean": 0.9875, "car_tau_std": 5.3463, "car_v_mean": 18.8452, "car_v_std": 17.1898}, "datetime": {"datetime": "2024-08-11 21:40:56", "elapsed": 14327.437467, "delta": 23.746042}}
