{"target": -0.1987631951035167, "params": {"bus_acc": 0.5682, "bus_dcc": 1.7039, "bus_lcAssertive": 68.4502, "bus_lcCooperative": 0.2072, "bus_lcLookaheadLeft": 41.3714, "bus_lcPushy": 0.6679, "bus_lcSigma": 0.846, "bus_lcSpeedGainRight": 0.3835, "bus_lcSublane": 0.5622, "bus_sigma": 0.6388, "bus_tau_mean": 1.0092, "bus_tau_std": 5.5709, "bus_v_mean": 8.0305, "bus_v_std": 10.3056, "car_acc": 2.5866, "car_dcc": 2.3753, "car_lcAssertive": 19.4577, "car_lcCooperative": 0.1705, "car_lcLookaheadLeft": 61.0284, "car_lcPushy": 0.9778, "car_lcSigma": 0.1184, "car_lcSpeedGainRight": 4.6292, "car_lcSublane": 0.9957, "car_sigma": 0.9767, "car_tau_mean": 1.2883, "car_tau_std": 9.0225, "car_v_mean": 18.4404, "car_v_std": 13.2372}, "datetime": {"datetime": "2024-09-05 11:06:10", "elapsed": 1026.266782, "delta": 7.250964}}
{"target": -0.2620750368589518, "params": {"bus_acc": 0.2079, "bus_dcc": 1.4261, "bus_lcAssertive": 72.7307, "bus_lcCooperative": 0.8462, "bus_lcLookaheadLeft": 57.6162, "bus_lcPushy": 0.9053, "bus_lcSigma": 0.4988, "bus_lcSpeedGainRight": 1.4137, "bus_lcSublane": 0.6191, "bus_sigma": 0.0235, "bus_tau_mean": 3.7067, "bus_tau_std": 0.0233, "bus_v_mean": 16.6564, "bus_v_std": 14.7029, "car_acc": 1.325, "car_dcc": 3.4888, "car_lcAssertive": 32.6993, "car_lcCooperative": 0.0558, "car_lcLookaheadLeft": 8.3562, "car_lcPushy": 0.8458, "car_lcSigma": 0.4776, "car_lcSpeedGainRight": 0.587, "car_lcSublane": 0.0122, "car_sigma": 0.3738, "car_tau_mean": 1.6675, "car_tau_std": 1.4014, "car_v_mean": 22.1448, "car_v_std": 2.3972}, "datetime": {"datetime": "2024-09-05 11:06:11", "elapsed": 1027.324407, "delta": 1.057625}}
{"target": -0.20786168401914473, "params": {"bus_acc": 0.2595, "bus_dcc": 3.7965, "bus_lcAssertive": 21.7654, "bus_lcCooperative": 0.8862, "bus_lcLookaheadLeft": 38.5715, "bus_lcPushy": 0.1295, "bus_lcSigma": 0.316, "bus_lcSpeedGainRight": 4.3524, "bus_lcSublane": 0.4158, "bus_sigma": 0.6309, "bus_tau_mean": 3.2022, "bus_tau_std": 3.6216, "bus_v_mean": 16.4284, "bus_v_std": 16.8476, "car_acc": 2.6851, "car_dcc": 1.8727, "car_lcAssertive": 22.4465, "car_lcCooperative": 0.2285, "car_lcLookaheadLeft": 41.8674, "car_lcPushy": 0.8611, "car_lcSigma": 0.3154, "car_lcSpeedGainRight": 1.1609, "car_lcSublane": 0.7488, "car_sigma": 0.4303, "car_tau_mean": 0.655, "car_tau_std": 2.4577, "car_v_mean": 19.2911, "car_v_std": 5.1994}, "datetime": {"datetime": "2024-09-05 11:06:12", "elapsed": 1028.336097, "delta": 1.01169}}
{"target": -0.2944556626793611, "params": {"bus_acc": 0.7118, "bus_dcc": 2.8491, "bus_lcAssertive": 32.5544, "bus_lcCooperative": 0.7515, "bus_lcLookaheadLeft": 36.5226, "bus_lcPushy": 0.1097, "bus_lcSigma": 0.0413, "bus_lcSpeedGainRight": 3.8815, "bus_lcSublane": 0.7171, "bus_sigma": 0.5718, "bus_tau_mean": 3.203, "bus_tau_std": 4.6651, "bus_v_mean": 8.4798, "bus_v_std": 1.9987, "car_acc": 0.3709, "car_dcc": 3.3626, "car_lcAssertive": 60.4222, "car_lcCooperative": 0.905, "car_lcLookaheadLeft": 51.2251, "car_lcPushy": 0.2435, "car_lcSigma": 0.8875, "car_lcSpeedGainRight": 3.5308, "car_lcSublane": 0.4492, "car_sigma": 0.1822, "car_tau_mean": 3.1219, "car_tau_std": 6.8451, "car_v_mean": 19.4498, "car_v_std": 3.8441}, "datetime": {"datetime": "2024-09-05 11:06:26", "elapsed": 1041.811438, "delta": 13.475341}}
{"target": -0.918303110214603, "params": {"bus_acc": 3.6878, "bus_dcc": 0.3287, "bus_lcAssertive": 34.4257, "bus_lcCooperative": 0.9414, "bus_lcLookaheadLeft": 87.7588, "bus_lcPushy": 0.0207, "bus_lcSigma": 0.974, "bus_lcSpeedGainRight": 1.3515, "bus_lcSublane": 0.3666, "bus_sigma": 0.7382, "bus_tau_mean": 0.6989, "bus_tau_std": 5.7276, "bus_v_mean": 16.3308, "bus_v_std": 13.4943, "car_acc": 3.9825, "car_dcc": 3.4491, "car_lcAssertive": 64.4812, "car_lcCooperative": 0.8818, "car_lcLookaheadLeft": 57.1178, "car_lcPushy": 0.5357, "car_lcSigma": 0.8573, "car_lcSpeedGainRight": 2.4164, "car_lcSublane": 0.9885, "car_sigma": 0.591, "car_tau_mean": 2.8411, "car_tau_std": 9.9102, "car_v_mean": 23.3093, "car_v_std": 15.9229}, "datetime": {"datetime": "2024-09-05 11:06:28", "elapsed": 1043.816249, "delta": 2.004811}}
{"target": -0.2058853919863363, "params": {"bus_acc": 3.4934, "bus_dcc": 2.0671, "bus_lcAssertive": 94.6629, "bus_lcCooperative": 0.312, "bus_lcLookaheadLeft": 67.4846, "bus_lcPushy": 0.1745, "bus_lcSigma": 0.4397, "bus_lcSpeedGainRight": 3.385, "bus_lcSublane": 0.5549, "bus_sigma": 0.7325, "bus_tau_mean": 2.4615, "bus_tau_std": 7.0991, "bus_v_mean": 16.9979, "bus_v_std": 8.6303, "car_acc": 2.3962, "car_dcc": 3.4721, "car_lcAssertive": 35.5371, "car_lcCooperative": 0.6478, "car_lcLookaheadLeft": 93.2428, "car_lcPushy": 0.1039, "car_lcSigma": 0.4316, "car_lcSpeedGainRight": 3.5432, "car_lcSublane": 0.2987, "car_sigma": 0.5979, "car_tau_mean": 3.5469, "car_tau_std": 4.28, "car_v_mean": 22.576, "car_v_std": 5.1042}, "datetime": {"datetime": "2024-09-05 11:06:35", "elapsed": 1050.739926, "delta": 6.923677}}
{"target": -0.17809560832233273, "params": {"bus_acc": 1.7443, "bus_dcc": 3.1087, "bus_lcAssertive": 2.867, "bus_lcCooperative": 0.1702, "bus_lcLookaheadLeft": 44.1214, "bus_lcPushy": 0.1366, "bus_lcSigma": 0.2824, "bus_lcSpeedGainRight": 2.4336, "bus_lcSublane": 0.9627, "bus_sigma": 0.3673, "bus_tau_mean": 2.4924, "bus_tau_std": 3.341, "bus_v_mean": 23.2818, "bus_v_std": 9.5539, "car_acc": 1.3652, "car_dcc": 0.47, "car_lcAssertive": 20.1891, "car_lcCooperative": 0.8258, "car_lcLookaheadLeft": 26.9624, "car_lcPushy": 0.1149, "car_lcSigma": 0.9276, "car_lcSpeedGainRight": 4.6581, "car_lcSublane": 0.144, "car_sigma": 0.2954, "car_tau_mean": 1.9516, "car_tau_std": 7.2606, "car_v_mean": 18.0392, "car_v_std": 7.8336}, "datetime": {"datetime": "2024-09-05 11:06:56", "elapsed": 1071.832399, "delta": 21.092473}}
{"target": -0.1872534549512225, "params": {"bus_acc": 2.3679, "bus_dcc": 1.1701, "bus_lcAssertive": 47.4422, "bus_lcCooperative": 0.5429, "bus_lcLookaheadLeft": 3.8863, "bus_lcPushy": 0.1745, "bus_lcSigma": 0.3376, "bus_lcSpeedGainRight": 2.2881, "bus_lcSublane": 0.2673, "bus_sigma": 0.7732, "bus_tau_mean": 3.0839, "bus_tau_std": 7.3904, "bus_v_mean": 24.9607, "bus_v_std": 4.3024, "car_acc": 2.9289, "car_dcc": 2.1342, "car_lcAssertive": 73.6144, "car_lcCooperative": 0.313, "car_lcLookaheadLeft": 13.2145, "car_lcPushy": 0.3471, "car_lcSigma": 0.7964, "car_lcSpeedGainRight": 0.7924, "car_lcSublane": 0.606, "car_sigma": 0.0172, "car_tau_mean": 3.2632, "car_tau_std": 2.4818, "car_v_mean": 16.7398, "car_v_std": 8.6607}, "datetime": {"datetime": "2024-09-05 11:07:07", "elapsed": 1082.746204, "delta": 10.913805}}
{"target": -0.3827562989903626, "params": {"bus_acc": 3.8852, "bus_dcc": 3.6958, "bus_lcAssertive": 37.5185, "bus_lcCooperative": 0.7119, "bus_lcLookaheadLeft": 73.8707, "bus_lcPushy": 0.4125, "bus_lcSigma": 0.3483, "bus_lcSpeedGainRight": 3.9535, "bus_lcSublane": 0.2293, "bus_sigma": 0.4843, "bus_tau_mean": 2.0171, "bus_tau_std": 1.0868, "bus_v_mean": 14.2821, "bus_v_std": 7.4011, "car_acc": 2.4398, "car_dcc": 1.2054, "car_lcAssertive": 11.9159, "car_lcCooperative": 0.5145, "car_lcLookaheadLeft": 56.684, "car_lcPushy": 0.776, "car_lcSigma": 0.7645, "car_lcSpeedGainRight": 2.7183, "car_lcSublane": 0.6607, "car_sigma": 0.4745, "car_tau_mean": 3.6496, "car_tau_std": 6.0591, "car_v_mean": 9.6483, "car_v_std": 3.4285}, "datetime": {"datetime": "2024-09-05 11:07:15", "elapsed": 1091.172732, "delta": 8.426528}}
{"target": -0.19369350404425326, "params": {"bus_acc": 3.4312, "bus_dcc": 2.4753, "bus_lcAssertive": 32.9963, "bus_lcCooperative": 0.2652, "bus_lcLookaheadLeft": 65.3139, "bus_lcPushy": 0.0059, "bus_lcSigma": 0.9831, "bus_lcSpeedGainRight": 3.8678, "bus_lcSublane": 0.1009, "bus_sigma": 0.2199, "bus_tau_mean": 1.8523, "bus_tau_std": 6.6557, "bus_v_mean": 16.0804, "bus_v_std": 16.6302, "car_acc": 1.5849, "car_dcc": 1.5562, "car_lcAssertive": 21.5648, "car_lcCooperative": 0.4783, "car_lcLookaheadLeft": 46.6899, "car_lcPushy": 0.1134, "car_lcSigma": 0.0393, "car_lcSpeedGainRight": 2.8968, "car_lcSublane": 0.5324, "car_sigma": 0.7103, "car_tau_mean": 1.6089, "car_tau_std": 9.5152, "car_v_mean": 14.8219, "car_v_std": 14.8312}, "datetime": {"datetime": "2024-09-05 11:07:31", "elapsed": 1107.291504, "delta": 16.118772}}
{"target": -0.2670273142389485, "params": {"bus_acc": 2.8916, "bus_dcc": 2.2926, "bus_lcAssertive": 54.3625, "bus_lcCooperative": 0.8236, "bus_lcLookaheadLeft": 83.8528, "bus_lcPushy": 0.5663, "bus_lcSigma": 0.2034, "bus_lcSpeedGainRight": 4.2612, "bus_lcSublane": 0.9806, "bus_sigma": 0.6978, "bus_tau_mean": 1.1341, "bus_tau_std": 5.0141, "bus_v_mean": 16.3276, "bus_v_std": 17.0889, "car_acc": 3.9764, "car_dcc": 2.0011, "car_lcAssertive": 78.5203, "car_lcCooperative": 0.7316, "car_lcLookaheadLeft": 46.6255, "car_lcPushy": 0.9393, "car_lcSigma": 0.6263, "car_lcSpeedGainRight": 3.978, "car_lcSublane": 0.8136, "car_sigma": 0.9866, "car_tau_mean": 0.8057, "car_tau_std": 0.5098, "car_v_mean": 23.986, "car_v_std": 8.0116}, "datetime": {"datetime": "2024-09-05 11:07:41", "elapsed": 1117.255963, "delta": 9.964459}}
{"target": -0.17482113447178269, "params": {"bus_acc": 3.022, "bus_dcc": 3.5969, "bus_lcAssertive": 21.0611, "bus_lcCooperative": 0.0805, "bus_lcLookaheadLeft": 11.3967, "bus_lcPushy": 0.4374, "bus_lcSigma": 0.8902, "bus_lcSpeedGainRight": 3.5407, "bus_lcSublane": 0.3783, "bus_sigma": 0.4585, "bus_tau_mean": 1.8576, "bus_tau_std": 4.6379, "bus_v_mean": 24.7437, "bus_v_std": 4.486, "car_acc": 1.9052, "car_dcc": 3.7559, "car_lcAssertive": 62.2294, "car_lcCooperative": 0.1171, "car_lcLookaheadLeft": 75.368, "car_lcPushy": 0.3505, "car_lcSigma": 0.1511, "car_lcSpeedGainRight": 1.9087, "car_lcSublane": 0.3144, "car_sigma": 0.6557, "car_tau_mean": 1.5878, "car_tau_std": 9.447, "car_v_mean": 9.4225, "car_v_std": 0.7215}, "datetime": {"datetime": "2024-09-05 11:08:00", "elapsed": 1135.867806, "delta": 18.611843}}
{"target": -0.15388284663347204, "params": {"bus_acc": 0.647, "bus_dcc": 3.1805, "bus_lcAssertive": 48.9274, "bus_lcCooperative": 0.6422, "bus_lcLookaheadLeft": 28.5839, "bus_lcPushy": 0.2092, "bus_lcSigma": 0.6953, "bus_lcSpeedGainRight": 1.1259, "bus_lcSublane": 0.6118, "bus_sigma": 0.9425, "bus_tau_mean": 2.4076, "bus_tau_std": 4.3227, "bus_v_mean": 13.4585, "bus_v_std": 5.4054, "car_acc": 1.1412, "car_dcc": 1.6068, "car_lcAssertive": 34.6383, "car_lcCooperative": 0.1437, "car_lcLookaheadLeft": 60.4232, "car_lcPushy": 0.251, "car_lcSigma": 0.8318, "car_lcSpeedGainRight": 4.9779, "car_lcSublane": 0.7678, "car_sigma": 0.6245, "car_tau_mean": 3.9065, "car_tau_std": 8.9965, "car_v_mean": 9.0168, "car_v_std": 1.9865}, "datetime": {"datetime": "2024-09-05 11:08:06", "elapsed": 1141.771711, "delta": 5.903905}}
{"target": -0.18192026830957, "params": {"bus_acc": 2.8949, "bus_dcc": 3.7861, "bus_lcAssertive": 29.1505, "bus_lcCooperative": 0.5964, "bus_lcLookaheadLeft": 41.2773, "bus_lcPushy": 0.2717, "bus_lcSigma": 0.0058, "bus_lcSpeedGainRight": 4.5762, "bus_lcSublane": 0.9744, "bus_sigma": 0.9491, "bus_tau_mean": 2.5148, "bus_tau_std": 5.6842, "bus_v_mean": 21.3424, "bus_v_std": 19.3573, "car_acc": 1.1336, "car_dcc": 3.7108, "car_lcAssertive": 53.2067, "car_lcCooperative": 0.4291, "car_lcLookaheadLeft": 87.0573, "car_lcPushy": 0.0482, "car_lcSigma": 0.7932, "car_lcSpeedGainRight": 4.672, "car_lcSublane": 0.2463, "car_sigma": 0.1856, "car_tau_mean": 2.3495, "car_tau_std": 1.9004, "car_v_mean": 12.8273, "car_v_std": 0.3896}, "datetime": {"datetime": "2024-09-05 11:08:10", "elapsed": 1145.843438, "delta": 4.071727}}
{"target": -0.18293971154121028, "params": {"bus_acc": 1.2283, "bus_dcc": 2.9283, "bus_lcAssertive": 66.0077, "bus_lcCooperative": 0.0956, "bus_lcLookaheadLeft": 51.0365, "bus_lcPushy": 0.7543, "bus_lcSigma": 0.2521, "bus_lcSpeedGainRight": 4.0006, "bus_lcSublane": 0.388, "bus_sigma": 0.1993, "bus_tau_mean": 1.9748, "bus_tau_std": 4.8894, "bus_v_mean": 9.4514, "bus_v_std": 1.8635, "car_acc": 3.4899, "car_dcc": 3.0142, "car_lcAssertive": 36.5507, "car_lcCooperative": 0.7907, "car_lcLookaheadLeft": 86.56, "car_lcPushy": 0.0244, "car_lcSigma": 0.3058, "car_lcSpeedGainRight": 3.6506, "car_lcSublane": 0.0526, "car_sigma": 0.6965, "car_tau_mean": 1.4746, "car_tau_std": 6.5619, "car_v_mean": 15.2671, "car_v_std": 17.8776}, "datetime": {"datetime": "2024-09-05 11:08:20", "elapsed": 1155.654903, "delta": 9.811465}}
{"target": -0.22793276455978773, "params": {"bus_acc": 3.5812, "bus_dcc": 3.3456, "bus_lcAssertive": 23.5823, "bus_lcCooperative": 0.6078, "bus_lcLookaheadLeft": 77.5871, "bus_lcPushy": 0.9146, "bus_lcSigma": 0.0945, "bus_lcSpeedGainRight": 4.7589, "bus_lcSublane": 0.7358, "bus_sigma": 0.2236, "bus_tau_mean": 2.4511, "bus_tau_std": 4.2836, "bus_v_mean": 21.0967, "bus_v_std": 14.745, "car_acc": 2.7537, "car_dcc": 0.5811, "car_lcAssertive": 92.7811, "car_lcCooperative": 0.2575, "car_lcLookaheadLeft": 13.7023, "car_lcPushy": 0.5806, "car_lcSigma": 0.4638, "car_lcSpeedGainRight": 0.0643, "car_lcSublane": 0.6092, "car_sigma": 0.4598, "car_tau_mean": 3.5384, "car_tau_std": 2.245, "car_v_mean": 20.4139, "car_v_std": 7.6443}, "datetime": {"datetime": "2024-09-05 11:08:22", "elapsed": 1157.958389, "delta": 2.303486}}
{"target": -0.18657141401896196, "params": {"bus_acc": 3.8418, "bus_dcc": 2.9918, "bus_lcAssertive": 42.3116, "bus_lcCooperative": 0.4304, "bus_lcLookaheadLeft": 80.7789, "bus_lcPushy": 0.987, "bus_lcSigma": 0.6802, "bus_lcSpeedGainRight": 1.8001, "bus_lcSublane": 0.3655, "bus_sigma": 0.2224, "bus_tau_mean": 2.7841, "bus_tau_std": 1.2814, "bus_v_mean": 11.9336, "bus_v_std": 10.8174, "car_acc": 2.0148, "car_dcc": 1.3299, "car_lcAssertive": 54.0529, "car_lcCooperative": 0.0767, "car_lcLookaheadLeft": 20.5864, "car_lcPushy": 0.3655, "car_lcSigma": 0.0271, "car_lcSpeedGainRight": 2.4023, "car_lcSublane": 0.5201, "car_sigma": 0.4412, "car_tau_mean": 2.9811, "car_tau_std": 4.8706, "car_v_mean": 14.395, "car_v_std": 3.1809}, "datetime": {"datetime": "2024-09-05 11:08:25", "elapsed": 1161.09389, "delta": 3.135501}}
{"target": -0.2030420397628547, "params": {"bus_acc": 1.4068, "bus_dcc": 1.8239, "bus_lcAssertive": 41.0126, "bus_lcCooperative": 0.4854, "bus_lcLookaheadLeft": 53.5492, "bus_lcPushy": 0.7741, "bus_lcSigma": 0.5864, "bus_lcSpeedGainRight": 1.1051, "bus_lcSublane": 0.7277, "bus_sigma": 0.5534, "bus_tau_mean": 3.6757, "bus_tau_std": 2.8862, "bus_v_mean": 23.6707, "bus_v_std": 5.2613, "car_acc": 2.3102, "car_dcc": 1.2701, "car_lcAssertive": 88.1483, "car_lcCooperative": 0.4785, "car_lcLookaheadLeft": 64.8161, "car_lcPushy": 0.3862, "car_lcSigma": 0.392, "car_lcSpeedGainRight": 0.1485, "car_lcSublane": 0.0922, "car_sigma": 0.4983, "car_tau_mean": 1.4207, "car_tau_std": 8.7905, "car_v_mean": 8.2814, "car_v_std": 16.5461}, "datetime": {"datetime": "2024-09-05 11:08:35", "elapsed": 1171.224126, "delta": 10.130236}}
{"target": -0.1974863449306498, "params": {"bus_acc": 3.9203, "bus_dcc": 1.0437, "bus_lcAssertive": 91.0802, "bus_lcCooperative": 0.3147, "bus_lcLookaheadLeft": 20.2249, "bus_lcPushy": 0.5481, "bus_lcSigma": 0.2931, "bus_lcSpeedGainRight": 1.6175, "bus_lcSublane": 0.8757, "bus_sigma": 0.5996, "bus_tau_mean": 2.2334, "bus_tau_std": 8.1182, "bus_v_mean": 15.199, "bus_v_std": 0.085, "car_acc": 1.2436, "car_dcc": 0.4254, "car_lcAssertive": 34.0033, "car_lcCooperative": 0.8503, "car_lcLookaheadLeft": 19.6796, "car_lcPushy": 0.8272, "car_lcSigma": 0.6091, "car_lcSpeedGainRight": 2.6032, "car_lcSublane": 0.878, "car_sigma": 0.0286, "car_tau_mean": 2.3412, "car_tau_std": 9.4571, "car_v_mean": 23.1864, "car_v_std": 15.2287}, "datetime": {"datetime": "2024-09-05 11:08:47", "elapsed": 1183.362143, "delta": 12.138017}}
{"target": -0.21509550891492316, "params": {"bus_acc": 1.5609, "bus_dcc": 3.0598, "bus_lcAssertive": 96.2275, "bus_lcCooperative": 0.1059, "bus_lcLookaheadLeft": 28.9918, "bus_lcPushy": 0.9758, "bus_lcSigma": 0.8144, "bus_lcSpeedGainRight": 3.6432, "bus_lcSublane": 0.8146, "bus_sigma": 0.762, "bus_tau_mean": 2.4645, "bus_tau_std": 4.9116, "bus_v_mean": 16.5309, "bus_v_std": 16.6794, "car_acc": 1.439, "car_dcc": 1.9625, "car_lcAssertive": 60.4638, "car_lcCooperative": 0.6043, "car_lcLookaheadLeft": 71.9409, "car_lcPushy": 0.6785, "car_lcSigma": 0.5885, "car_lcSpeedGainRight": 1.1437, "car_lcSublane": 0.366, "car_sigma": 0.8527, "car_tau_mean": 2.5736, "car_tau_std": 5.0852, "car_v_mean": 14.246, "car_v_std": 10.9662}, "datetime": {"datetime": "2024-09-05 11:08:54", "elapsed": 1190.015731, "delta": 6.653588}}
{"target": -0.17662807074670736, "params": {"bus_acc": 1.879, "bus_dcc": 3.8063, "bus_lcAssertive": 59.3529, "bus_lcCooperative": 0.4385, "bus_lcLookaheadLeft": 12.3627, "bus_lcPushy": 0.2413, "bus_lcSigma": 0.3008, "bus_lcSpeedGainRight": 3.4512, "bus_lcSublane": 0.003, "bus_sigma": 0.5228, "bus_tau_mean": 1.5302, "bus_tau_std": 4.8318, "bus_v_mean": 15.1244, "bus_v_std": 10.8496, "car_acc": 2.7488, "car_dcc": 3.6533, "car_lcAssertive": 92.5379, "car_lcCooperative": 0.9764, "car_lcLookaheadLeft": 47.3414, "car_lcPushy": 0.7149, "car_lcSigma": 0.8456, "car_lcSpeedGainRight": 0.7269, "car_lcSublane": 0.4835, "car_sigma": 0.8481, "car_tau_mean": 3.8666, "car_tau_std": 3.7174, "car_v_mean": 23.5337, "car_v_std": 0.2309}, "datetime": {"datetime": "2024-09-05 11:09:04", "elapsed": 1199.926777, "delta": 9.911046}}
{"target": -0.20735373667142665, "params": {"bus_acc": 1.4659, "bus_dcc": 3.1152, "bus_lcAssertive": 83.384, "bus_lcCooperative": 0.8249, "bus_lcLookaheadLeft": 17.0386, "bus_lcPushy": 0.1207, "bus_lcSigma": 0.3881, "bus_lcSpeedGainRight": 2.5867, "bus_lcSublane": 0.2254, "bus_sigma": 0.6195, "bus_tau_mean": 3.2918, "bus_tau_std": 0.5813, "bus_v_mean": 22.2202, "bus_v_std": 5.584, "car_acc": 0.6381, "car_dcc": 1.5376, "car_lcAssertive": 12.1187, "car_lcCooperative": 0.3171, "car_lcLookaheadLeft": 96.7043, "car_lcPushy": 0.4861, "car_lcSigma": 0.4781, "car_lcSpeedGainRight": 2.5573, "car_lcSublane": 0.1996, "car_sigma": 0.4959, "car_tau_mean": 0.5596, "car_tau_std": 7.5601, "car_v_mean": 24.7545, "car_v_std": 5.6273}, "datetime": {"datetime": "2024-09-05 11:09:10", "elapsed": 1205.75496, "delta": 5.828183}}
{"target": -0.19756034919028534, "params": {"bus_acc": 0.5331, "bus_dcc": 3.59, "bus_lcAssertive": 75.8409, "bus_lcCooperative": 0.2258, "bus_lcLookaheadLeft": 9.4538, "bus_lcPushy": 0.3522, "bus_lcSigma": 0.9562, "bus_lcSpeedGainRight": 0.0112, "bus_lcSublane": 0.1223, "bus_sigma": 0.624, "bus_tau_mean": 2.9709, "bus_tau_std": 6.8114, "bus_v_mean": 10.3989, "bus_v_std": 15.1346, "car_acc": 3.1353, "car_dcc": 2.1106, "car_lcAssertive": 13.3548, "car_lcCooperative": 0.4856, "car_lcLookaheadLeft": 43.0742, "car_lcPushy": 0.9832, "car_lcSigma": 0.9914, "car_lcSpeedGainRight": 2.5551, "car_lcSublane": 0.1231, "car_sigma": 0.9637, "car_tau_mean": 2.719, "car_tau_std": 6.8423, "car_v_mean": 23.7452, "car_v_std": 2.4817}, "datetime": {"datetime": "2024-09-05 11:09:15", "elapsed": 1211.038609, "delta": 5.283649}}
{"target": -0.1998637816329819, "params": {"bus_acc": 2.3277, "bus_dcc": 2.6583, "bus_lcAssertive": 65.3487, "bus_lcCooperative": 0.2454, "bus_lcLookaheadLeft": 34.2382, "bus_lcPushy": 0.3355, "bus_lcSigma": 0.2497, "bus_lcSpeedGainRight": 1.6489, "bus_lcSublane": 0.6659, "bus_sigma": 0.8059, "bus_tau_mean": 1.8955, "bus_tau_std": 3.0363, "bus_v_mean": 16.4737, "bus_v_std": 6.5788, "car_acc": 3.225, "car_dcc": 1.9842, "car_lcAssertive": 71.5539, "car_lcCooperative": 0.0928, "car_lcLookaheadLeft": 43.4167, "car_lcPushy": 0.79, "car_lcSigma": 0.6158, "car_lcSpeedGainRight": 2.9882, "car_lcSublane": 0.6562, "car_sigma": 0.0006, "car_tau_mean": 3.2246, "car_tau_std": 9.0006, "car_v_mean": 13.4214, "car_v_std": 13.7772}, "datetime": {"datetime": "2024-09-05 11:09:32", "elapsed": 1227.647291, "delta": 16.608682}}
{"target": -0.31413539690043585, "params": {"bus_acc": 1.8408, "bus_dcc": 2.8851, "bus_lcAssertive": 20.7031, "bus_lcCooperative": 0.8535, "bus_lcLookaheadLeft": 81.3881, "bus_lcPushy": 0.9052, "bus_lcSigma": 0.6427, "bus_lcSpeedGainRight": 4.9176, "bus_lcSublane": 0.1013, "bus_sigma": 0.4932, "bus_tau_mean": 1.6756, "bus_tau_std": 0.8004, "bus_v_mean": 18.6287, "bus_v_std": 6.2885, "car_acc": 0.2642, "car_dcc": 2.873, "car_lcAssertive": 90.3068, "car_lcCooperative": 0.0961, "car_lcLookaheadLeft": 16.3384, "car_lcPushy": 0.2482, "car_lcSigma": 0.418, "car_lcSpeedGainRight": 0.4776, "car_lcSublane": 0.463, "car_sigma": 0.0191, "car_tau_mean": 3.1367, "car_tau_std": 6.4341, "car_v_mean": 22.3412, "car_v_std": 10.9325}, "datetime": {"datetime": "2024-09-05 11:09:34", "elapsed": 1230.013688, "delta": 2.366397}}
{"target": -0.2038590957865932, "params": {"bus_acc": 1.5065, "bus_dcc": 0.2956, "bus_lcAssertive": 52.2846, "bus_lcCooperative": 0.3417, "bus_lcLookaheadLeft": 95.629, "bus_lcPushy": 0.3739, "bus_lcSigma": 0.1731, "bus_lcSpeedGainRight": 2.9325, "bus_lcSublane": 0.5688, "bus_sigma": 0.7651, "bus_tau_mean": 2.9614, "bus_tau_std": 2.33, "bus_v_mean": 17.4596, "bus_v_std": 2.7308, "car_acc": 3.4186, "car_dcc": 2.3469, "car_lcAssertive": 20.5952, "car_lcCooperative": 0.5913, "car_lcLookaheadLeft": 17.1171, "car_lcPushy": 0.0241, "car_lcSigma": 0.3642, "car_lcSpeedGainRight": 1.8293, "car_lcSublane": 0.9595, "car_sigma": 0.1521, "car_tau_mean": 3.3402, "car_tau_std": 4.5948, "car_v_mean": 9.4392, "car_v_std": 6.1111}, "datetime": {"datetime": "2024-09-05 11:09:47", "elapsed": 1242.794713, "delta": 12.781025}}
