{"target": -0.6535506279986771, "params": {"bus_acc": 1.7284, "bus_dcc": 1.8104, "bus_lcAssertive": 50.5569, "bus_lcCooperative": 0.4581, "bus_lcLookaheadLeft": 8.8309, "bus_lcPushy": 0.3839, "bus_lcSigma": 0.9948, "bus_lcSpeedGainRight": 2.7303, "bus_lcSublane": 0.1339, "bus_sigma": 0.2763, "bus_tau_mean": 0.9569, "bus_tau_std": 6.429, "bus_v_mean": 22.1717, "bus_v_std": 8.6435, "car_acc": 2.9279, "car_dcc": 2.5177, "car_lcAssertive": 63.9096, "car_lcCooperative": 0.2658, "car_lcLookaheadLeft": 54.5803, "car_lcPushy": 0.31, "car_lcSigma": 0.7395, "car_lcSpeedGainRight": 4.5123, "car_lcSublane": 0.8324, "car_sigma": 0.4354, "car_tau_mean": 1.9535, "car_tau_std": 9.4274, "car_v_mean": 8.3198, "car_v_std": 9.7218}, "datetime": {"datetime": "2024-08-12 01:03:00", "elapsed": 1220.916107, "delta": 4.227497}}
{"target": -0.6261630666329231, "params": {"bus_acc": 3.6825, "bus_dcc": 2.281, "bus_lcAssertive": 40.3225, "bus_lcCooperative": 0.5025, "bus_lcLookaheadLeft": 26.2185, "bus_lcPushy": 0.6704, "bus_lcSigma": 0.469, "bus_lcSpeedGainRight": 0.283, "bus_lcSublane": 0.911, "bus_sigma": 0.0955, "bus_tau_mean": 2.7055, "bus_tau_std": 8.212, "bus_v_mean": 23.4714, "bus_v_std": 5.8086, "car_acc": 2.6855, "car_dcc": 2.2461, "car_lcAssertive": 58.8795, "car_lcCooperative": 0.1897, "car_lcLookaheadLeft": 92.6489, "car_lcPushy": 0.7446, "car_lcSigma": 0.4523, "car_lcSpeedGainRight": 2.5709, "car_lcSublane": 0.0377, "car_sigma": 0.6511, "car_tau_mean": 2.1801, "car_tau_std": 6.3022, "car_v_mean": 13.0031, "car_v_std": 10.3433}, "datetime": {"datetime": "2024-08-12 01:03:02", "elapsed": 1222.652367, "delta": 1.73626}}
{"target": -0.5735768918505079, "params": {"bus_acc": 1.5436, "bus_dcc": 3.9183, "bus_lcAssertive": 43.719, "bus_lcCooperative": 0.5475, "bus_lcLookaheadLeft": 87.6291, "bus_lcPushy": 0.3134, "bus_lcSigma": 0.4163, "bus_lcSpeedGainRight": 1.0059, "bus_lcSublane": 0.3135, "bus_sigma": 0.4616, "bus_tau_mean": 3.4566, "bus_tau_std": 0.4356, "bus_v_mean": 21.5708, "bus_v_std": 5.985, "car_acc": 3.4337, "car_dcc": 1.5866, "car_lcAssertive": 26.9379, "car_lcCooperative": 0.1455, "car_lcLookaheadLeft": 96.3927, "car_lcPushy": 0.7272, "car_lcSigma": 0.6617, "car_lcSpeedGainRight": 1.8732, "car_lcSublane": 0.688, "car_sigma": 0.4155, "car_tau_mean": 1.2323, "car_tau_std": 1.8941, "car_v_mean": 23.5364, "car_v_std": 11.3292}, "datetime": {"datetime": "2024-08-12 01:03:05", "elapsed": 1225.292793, "delta": 2.640426}}
{"target": -0.5455850150398415, "params": {"bus_acc": 1.9893, "bus_dcc": 2.2749, "bus_lcAssertive": 84.2599, "bus_lcCooperative": 0.1226, "bus_lcLookaheadLeft": 62.5001, "bus_lcPushy": 0.1926, "bus_lcSigma": 0.3066, "bus_lcSpeedGainRight": 1.6991, "bus_lcSublane": 0.2103, "bus_sigma": 0.6942, "bus_tau_mean": 2.6769, "bus_tau_std": 4.3753, "bus_v_mean": 8.2929, "bus_v_std": 8.9754, "car_acc": 1.1045, "car_dcc": 2.4939, "car_lcAssertive": 35.7625, "car_lcCooperative": 0.761, "car_lcLookaheadLeft": 45.8819, "car_lcPushy": 0.5615, "car_lcSigma": 0.3986, "car_lcSpeedGainRight": 3.4847, "car_lcSublane": 0.0039, "car_sigma": 0.5163, "car_tau_mean": 1.9405, "car_tau_std": 5.2371, "car_v_mean": 9.1681, "car_v_std": 6.8649}, "datetime": {"datetime": "2024-08-12 01:03:07", "elapsed": 1227.356365, "delta": 2.063572}}
{"target": -0.5450015946753887, "params": {"bus_acc": 3.1596, "bus_dcc": 2.3421, "bus_lcAssertive": 11.6322, "bus_lcCooperative": 0.5992, "bus_lcLookaheadLeft": 9.2117, "bus_lcPushy": 0.2301, "bus_lcSigma": 0.4998, "bus_lcSpeedGainRight": 2.9501, "bus_lcSublane": 0.5261, "bus_sigma": 0.7522, "bus_tau_mean": 3.2219, "bus_tau_std": 4.5183, "bus_v_mean": 16.3298, "bus_v_std": 16.0336, "car_acc": 3.8264, "car_dcc": 3.8205, "car_lcAssertive": 32.08, "car_lcCooperative": 0.4378, "car_lcLookaheadLeft": 61.6517, "car_lcPushy": 0.2799, "car_lcSigma": 0.3278, "car_lcSpeedGainRight": 3.3405, "car_lcSublane": 0.8382, "car_sigma": 0.3935, "car_tau_mean": 0.7675, "car_tau_std": 6.9118, "car_v_mean": 14.433, "car_v_std": 11.5432}, "datetime": {"datetime": "2024-08-12 01:03:09", "elapsed": 1229.331733, "delta": 1.975368}}
{"target": -0.678040425507993, "params": {"bus_acc": 2.9784, "bus_dcc": 1.7451, "bus_lcAssertive": 86.9059, "bus_lcCooperative": 0.9022, "bus_lcLookaheadLeft": 30.4759, "bus_lcPushy": 0.4907, "bus_lcSigma": 0.2705, "bus_lcSpeedGainRight": 2.418, "bus_lcSublane": 0.8666, "bus_sigma": 0.4473, "bus_tau_mean": 2.7197, "bus_tau_std": 1.536, "bus_v_mean": 16.9133, "bus_v_std": 2.3884, "car_acc": 1.5511, "car_dcc": 1.268, "car_lcAssertive": 10.0772, "car_lcCooperative": 0.8122, "car_lcLookaheadLeft": 65.9897, "car_lcPushy": 0.1557, "car_lcSigma": 0.0677, "car_lcSpeedGainRight": 4.1823, "car_lcSublane": 0.7757, "car_sigma": 0.4841, "car_tau_mean": 1.3365, "car_tau_std": 6.0898, "car_v_mean": 10.9932, "car_v_std": 7.4225}, "datetime": {"datetime": "2024-08-12 01:03:12", "elapsed": 1232.710762, "delta": 3.379029}}
{"target": -0.4657803874687321, "params": {"bus_acc": 0.3993, "bus_dcc": 2.9337, "bus_lcAssertive": 18.5256, "bus_lcCooperative": 0.6886, "bus_lcLookaheadLeft": 10.5437, "bus_lcPushy": 0.0104, "bus_lcSigma": 0.7462, "bus_lcSpeedGainRight": 0.2172, "bus_lcSublane": 0.1923, "bus_sigma": 0.6717, "bus_tau_mean": 1.8797, "bus_tau_std": 2.3282, "bus_v_mean": 19.4412, "bus_v_std": 10.8126, "car_acc": 2.4554, "car_dcc": 1.2643, "car_lcAssertive": 26.6416, "car_lcCooperative": 0.0439, "car_lcLookaheadLeft": 51.4562, "car_lcPushy": 0.4086, "car_lcSigma": 0.2145, "car_lcSpeedGainRight": 2.8434, "car_lcSublane": 0.0356, "car_sigma": 0.8924, "car_tau_mean": 2.0846, "car_tau_std": 2.4571, "car_v_mean": 22.2926, "car_v_std": 6.7437}, "datetime": {"datetime": "2024-08-12 01:03:15", "elapsed": 1235.447291, "delta": 2.736529}}
{"target": -0.6063523214506358, "params": {"bus_acc": 3.3354, "bus_dcc": 2.3502, "bus_lcAssertive": 96.8743, "bus_lcCooperative": 0.331, "bus_lcLookaheadLeft": 80.4481, "bus_lcPushy": 0.8616, "bus_lcSigma": 0.8727, "bus_lcSpeedGainRight": 4.7747, "bus_lcSublane": 0.0049, "bus_sigma": 0.2876, "bus_tau_mean": 2.101, "bus_tau_std": 4.7735, "bus_v_mean": 14.2553, "bus_v_std": 13.5253, "car_acc": 1.022, "car_dcc": 0.3502, "car_lcAssertive": 43.1822, "car_lcCooperative": 0.7295, "car_lcLookaheadLeft": 92.251, "car_lcPushy": 0.0139, "car_lcSigma": 0.2633, "car_lcSpeedGainRight": 1.161, "car_lcSublane": 0.8796, "car_sigma": 0.048, "car_tau_mean": 3.0861, "car_tau_std": 3.8406, "car_v_mean": 24.8589, "car_v_std": 13.8682}, "datetime": {"datetime": "2024-08-12 01:03:17", "elapsed": 1237.872245, "delta": 2.424954}}
{"target": -0.5916667444282127, "params": {"bus_acc": 1.4266, "bus_dcc": 3.8091, "bus_lcAssertive": 82.529, "bus_lcCooperative": 0.3956, "bus_lcLookaheadLeft": 51.0991, "bus_lcPushy": 0.177, "bus_lcSigma": 0.7172, "bus_lcSpeedGainRight": 1.5938, "bus_lcSublane": 0.2899, "bus_sigma": 0.8588, "bus_tau_mean": 3.3393, "bus_tau_std": 1.6075, "bus_v_mean": 18.8355, "bus_v_std": 11.0176, "car_acc": 3.3368, "car_dcc": 3.4787, "car_lcAssertive": 90.7712, "car_lcCooperative": 0.3954, "car_lcLookaheadLeft": 70.7602, "car_lcPushy": 0.8965, "car_lcSigma": 0.2874, "car_lcSpeedGainRight": 0.4444, "car_lcSublane": 0.8383, "car_sigma": 0.6661, "car_tau_mean": 3.585, "car_tau_std": 9.4205, "car_v_mean": 17.7548, "car_v_std": 15.3027}, "datetime": {"datetime": "2024-08-12 01:03:21", "elapsed": 1241.602331, "delta": 3.730086}}
{"target": -0.5240189285989206, "params": {"bus_acc": 2.9487, "bus_dcc": 2.7803, "bus_lcAssertive": 30.4462, "bus_lcCooperative": 0.6417, "bus_lcLookaheadLeft": 61.5026, "bus_lcPushy": 0.7847, "bus_lcSigma": 0.416, "bus_lcSpeedGainRight": 1.9269, "bus_lcSublane": 0.4942, "bus_sigma": 0.1044, "bus_tau_mean": 2.4237, "bus_tau_std": 1.8581, "bus_v_mean": 25.4168, "bus_v_std": 13.3634, "car_acc": 1.266, "car_dcc": 3.8984, "car_lcAssertive": 43.52, "car_lcCooperative": 0.9988, "car_lcLookaheadLeft": 47.5457, "car_lcPushy": 0.7999, "car_lcSigma": 0.7542, "car_lcSpeedGainRight": 0.6038, "car_lcSublane": 0.3818, "car_sigma": 0.7473, "car_tau_mean": 3.7033, "car_tau_std": 7.7115, "car_v_mean": 25.813, "car_v_std": 6.7462}, "datetime": {"datetime": "2024-08-12 01:03:25", "elapsed": 1245.23881, "delta": 3.636479}}
{"target": -0.36697118313664384, "params": {"bus_acc": 0.4343, "bus_dcc": 2.5366, "bus_lcAssertive": 79.4823, "bus_lcCooperative": 0.1984, "bus_lcLookaheadLeft": 43.2184, "bus_lcPushy": 0.3859, "bus_lcSigma": 0.5654, "bus_lcSpeedGainRight": 2.5589, "bus_lcSublane": 0.0375, "bus_sigma": 0.7305, "bus_tau_mean": 1.2986, "bus_tau_std": 6.4894, "bus_v_mean": 17.5483, "bus_v_std": 7.8523, "car_acc": 2.3286, "car_dcc": 2.2416, "car_lcAssertive": 29.6775, "car_lcCooperative": 0.1547, "car_lcLookaheadLeft": 55.7994, "car_lcPushy": 0.0042, "car_lcSigma": 0.2588, "car_lcSpeedGainRight": 3.2132, "car_lcSublane": 0.1513, "car_sigma": 0.5888, "car_tau_mean": 1.6791, "car_tau_std": 3.1475, "car_v_mean": 21.7508, "car_v_std": 16.7269}, "datetime": {"datetime": "2024-08-12 01:03:28", "elapsed": 1248.434369, "delta": 3.195559}}
{"target": -0.6297816913966551, "params": {"bus_acc": 0.4382, "bus_dcc": 3.9527, "bus_lcAssertive": 80.9313, "bus_lcCooperative": 0.0282, "bus_lcLookaheadLeft": 78.6996, "bus_lcPushy": 0.1468, "bus_lcSigma": 0.1463, "bus_lcSpeedGainRight": 0.9987, "bus_lcSublane": 0.666, "bus_sigma": 0.0611, "bus_tau_mean": 1.1285, "bus_tau_std": 8.9447, "bus_v_mean": 12.1349, "bus_v_std": 6.2943, "car_acc": 2.9277, "car_dcc": 0.8597, "car_lcAssertive": 13.2751, "car_lcCooperative": 0.8875, "car_lcLookaheadLeft": 24.9374, "car_lcPushy": 0.3736, "car_lcSigma": 0.5075, "car_lcSpeedGainRight": 3.6876, "car_lcSublane": 0.1756, "car_sigma": 0.5606, "car_tau_mean": 3.6926, "car_tau_std": 9.163, "car_v_mean": 20.0996, "car_v_std": 5.6187}, "datetime": {"datetime": "2024-08-12 01:03:31", "elapsed": 1252.075378, "delta": 3.641009}}
{"target": -0.6304940397247002, "params": {"bus_acc": 1.0168, "bus_dcc": 0.4864, "bus_lcAssertive": 27.2232, "bus_lcCooperative": 0.001, "bus_lcLookaheadLeft": 21.7078, "bus_lcPushy": 0.9593, "bus_lcSigma": 0.9421, "bus_lcSpeedGainRight": 0.7804, "bus_lcSublane": 0.8382, "bus_sigma": 0.3134, "bus_tau_mean": 1.894, "bus_tau_std": 6.1671, "bus_v_mean": 18.8777, "bus_v_std": 3.3852, "car_acc": 2.2986, "car_dcc": 1.2538, "car_lcAssertive": 88.9357, "car_lcCooperative": 0.071, "car_lcLookaheadLeft": 77.4611, "car_lcPushy": 0.8384, "car_lcSigma": 0.2956, "car_lcSpeedGainRight": 0.7288, "car_lcSublane": 0.8784, "car_sigma": 0.794, "car_tau_mean": 2.4269, "car_tau_std": 8.1362, "car_v_mean": 13.2043, "car_v_std": 16.2077}, "datetime": {"datetime": "2024-08-12 01:03:35", "elapsed": 1255.543444, "delta": 3.468066}}
{"target": -0.24779563884688086, "params": {"bus_acc": 3.0898, "bus_dcc": 2.5611, "bus_lcAssertive": 89.1397, "bus_lcCooperative": 0.5412, "bus_lcLookaheadLeft": 42.1735, "bus_lcPushy": 0.0477, "bus_lcSigma": 0.5384, "bus_lcSpeedGainRight": 0.8642, "bus_lcSublane": 0.3938, "bus_sigma": 0.7827, "bus_tau_mean": 2.1219, "bus_tau_std": 8.5577, "bus_v_mean": 20.068, "bus_v_std": 13.972, "car_acc": 0.4535, "car_dcc": 3.7283, "car_lcAssertive": 78.4402, "car_lcCooperative": 0.0958, "car_lcLookaheadLeft": 40.9666, "car_lcPushy": 0.6423, "car_lcSigma": 0.6112, "car_lcSpeedGainRight": 1.4362, "car_lcSublane": 0.8833, "car_sigma": 0.8502, "car_tau_mean": 2.7018, "car_tau_std": 2.8481, "car_v_mean": 25.8545, "car_v_std": 14.5229}, "datetime": {"datetime": "2024-08-12 01:03:39", "elapsed": 1259.945955, "delta": 4.402511}}
{"target": -0.5169946615881305, "params": {"bus_acc": 1.5097, "bus_dcc": 3.1299, "bus_lcAssertive": 13.1567, "bus_lcCooperative": 0.5039, "bus_lcLookaheadLeft": 94.1555, "bus_lcPushy": 0.2496, "bus_lcSigma": 0.1517, "bus_lcSpeedGainRight": 3.9108, "bus_lcSublane": 0.2127, "bus_sigma": 0.8297, "bus_tau_mean": 0.9649, "bus_tau_std": 9.5304, "bus_v_mean": 9.1711, "bus_v_std": 14.9357, "car_acc": 1.5403, "car_dcc": 3.9487, "car_lcAssertive": 76.7049, "car_lcCooperative": 0.1581, "car_lcLookaheadLeft": 33.668, "car_lcPushy": 0.0718, "car_lcSigma": 0.5653, "car_lcSpeedGainRight": 4.3214, "car_lcSublane": 0.2909, "car_sigma": 0.2647, "car_tau_mean": 2.9838, "car_tau_std": 3.6395, "car_v_mean": 19.991, "car_v_std": 1.1801}, "datetime": {"datetime": "2024-08-12 01:03:44", "elapsed": 1264.608714, "delta": 4.662759}}
{"target": -0.6460598430768488, "params": {"bus_acc": 0.36, "bus_dcc": 3.9899, "bus_lcAssertive": 69.2953, "bus_lcCooperative": 0.0358, "bus_lcLookaheadLeft": 40.2563, "bus_lcPushy": 0.1844, "bus_lcSigma": 0.7262, "bus_lcSpeedGainRight": 1.1115, "bus_lcSublane": 0.6529, "bus_sigma": 0.5005, "bus_tau_mean": 2.351, "bus_tau_std": 0.0815, "bus_v_mean": 25.7286, "bus_v_std": 7.1865, "car_acc": 2.6341, "car_dcc": 3.8219, "car_lcAssertive": 13.5794, "car_lcCooperative": 0.9311, "car_lcLookaheadLeft": 37.1611, "car_lcPushy": 0.7, "car_lcSigma": 0.5121, "car_lcSpeedGainRight": 0.63, "car_lcSublane": 0.4215, "car_sigma": 0.1497, "car_tau_mean": 1.1212, "car_tau_std": 5.7989, "car_v_mean": 15.185, "car_v_std": 10.7607}, "datetime": {"datetime": "2024-08-12 01:03:47", "elapsed": 1267.448662, "delta": 2.839948}}
{"target": -0.5163138764442629, "params": {"bus_acc": 0.223, "bus_dcc": 3.2586, "bus_lcAssertive": 2.4017, "bus_lcCooperative": 0.0046, "bus_lcLookaheadLeft": 46.5799, "bus_lcPushy": 0.6691, "bus_lcSigma": 0.0029, "bus_lcSpeedGainRight": 3.3942, "bus_lcSublane": 0.5886, "bus_sigma": 0.8818, "bus_tau_mean": 1.2218, "bus_tau_std": 4.1148, "bus_v_mean": 16.9915, "bus_v_std": 17.4301, "car_acc": 0.7854, "car_dcc": 0.6627, "car_lcAssertive": 76.2552, "car_lcCooperative": 0.8607, "car_lcLookaheadLeft": 60.704, "car_lcPushy": 0.483, "car_lcSigma": 0.5196, "car_lcSpeedGainRight": 0.4026, "car_lcSublane": 0.4207, "car_sigma": 0.8867, "car_tau_mean": 2.7358, "car_tau_std": 5.2051, "car_v_mean": 10.3204, "car_v_std": 11.2676}, "datetime": {"datetime": "2024-08-12 01:03:52", "elapsed": 1272.605745, "delta": 5.157083}}
{"target": -0.6352799323076749, "params": {"bus_acc": 2.7235, "bus_dcc": 2.6646, "bus_lcAssertive": 49.3232, "bus_lcCooperative": 0.6753, "bus_lcLookaheadLeft": 39.7552, "bus_lcPushy": 0.9462, "bus_lcSigma": 0.6526, "bus_lcSpeedGainRight": 0.7749, "bus_lcSublane": 0.1213, "bus_sigma": 0.9491, "bus_tau_mean": 2.2205, "bus_tau_std": 8.0093, "bus_v_mean": 8.0153, "bus_v_std": 6.7668, "car_acc": 2.2035, "car_dcc": 0.5143, "car_lcAssertive": 54.178, "car_lcCooperative": 0.1782, "car_lcLookaheadLeft": 31.4535, "car_lcPushy": 0.1377, "car_lcSigma": 0.6929, "car_lcSpeedGainRight": 1.1361, "car_lcSublane": 0.4232, "car_sigma": 0.4315, "car_tau_mean": 2.1013, "car_tau_std": 6.0885, "car_v_mean": 22.8874, "car_v_std": 10.6094}, "datetime": {"datetime": "2024-08-12 01:03:55", "elapsed": 1275.323033, "delta": 2.717288}}
{"target": -0.49436497796121937, "params": {"bus_acc": 2.7599, "bus_dcc": 1.7743, "bus_lcAssertive": 85.799, "bus_lcCooperative": 0.5839, "bus_lcLookaheadLeft": 37.5638, "bus_lcPushy": 0.6547, "bus_lcSigma": 0.3792, "bus_lcSpeedGainRight": 4.5363, "bus_lcSublane": 0.4934, "bus_sigma": 0.1777, "bus_tau_mean": 2.6903, "bus_tau_std": 3.4864, "bus_v_mean": 14.3399, "bus_v_std": 8.9325, "car_acc": 0.846, "car_dcc": 0.8067, "car_lcAssertive": 73.2646, "car_lcCooperative": 0.7811, "car_lcLookaheadLeft": 57.4372, "car_lcPushy": 0.2166, "car_lcSigma": 0.7967, "car_lcSpeedGainRight": 3.0034, "car_lcSublane": 0.0253, "car_sigma": 0.7441, "car_tau_mean": 0.617, "car_tau_std": 6.288, "car_v_mean": 16.8658, "car_v_std": 2.0655}, "datetime": {"datetime": "2024-08-12 01:03:57", "elapsed": 1277.686207, "delta": 2.363174}}
{"target": -0.6872313263250499, "params": {"bus_acc": 1.4761, "bus_dcc": 1.0494, "bus_lcAssertive": 60.5958, "bus_lcCooperative": 0.0853, "bus_lcLookaheadLeft": 72.5633, "bus_lcPushy": 0.5995, "bus_lcSigma": 0.791, "bus_lcSpeedGainRight": 3.4968, "bus_lcSublane": 0.9924, "bus_sigma": 0.7431, "bus_tau_mean": 0.6071, "bus_tau_std": 2.1943, "bus_v_mean": 18.8958, "bus_v_std": 10.7142, "car_acc": 3.9895, "car_dcc": 1.8208, "car_lcAssertive": 20.9519, "car_lcCooperative": 0.6008, "car_lcLookaheadLeft": 38.9362, "car_lcPushy": 0.3061, "car_lcSigma": 0.3023, "car_lcSpeedGainRight": 0.8851, "car_lcSublane": 0.5024, "car_sigma": 0.6249, "car_tau_mean": 1.5198, "car_tau_std": 4.7557, "car_v_mean": 19.3874, "car_v_std": 3.7045}, "datetime": {"datetime": "2024-08-12 01:04:01", "elapsed": 1281.980334, "delta": 4.294127}}
{"target": -0.6755822519193582, "params": {"bus_acc": 0.681, "bus_dcc": 3.1853, "bus_lcAssertive": 26.5371, "bus_lcCooperative": 0.7525, "bus_lcLookaheadLeft": 47.9942, "bus_lcPushy": 0.482, "bus_lcSigma": 0.8041, "bus_lcSpeedGainRight": 3.6719, "bus_lcSublane": 0.3452, "bus_sigma": 0.9458, "bus_tau_mean": 2.9216, "bus_tau_std": 0.3668, "bus_v_mean": 15.685, "bus_v_std": 2.8769, "car_acc": 2.7961, "car_dcc": 3.7609, "car_lcAssertive": 37.4997, "car_lcCooperative": 0.2511, "car_lcLookaheadLeft": 27.7387, "car_lcPushy": 0.1453, "car_lcSigma": 0.2249, "car_lcSpeedGainRight": 4.9279, "car_lcSublane": 0.3083, "car_sigma": 0.0568, "car_tau_mean": 1.3119, "car_tau_std": 0.9918, "car_v_mean": 16.8342, "car_v_std": 15.0916}, "datetime": {"datetime": "2024-08-12 01:04:04", "elapsed": 1284.34383, "delta": 2.363496}}
{"target": -0.3721383614052036, "params": {"bus_acc": 1.2406, "bus_dcc": 3.5968, "bus_lcAssertive": 67.0435, "bus_lcCooperative": 0.8943, "bus_lcLookaheadLeft": 58.3092, "bus_lcPushy": 0.4215, "bus_lcSigma": 0.1734, "bus_lcSpeedGainRight": 1.8891, "bus_lcSublane": 0.4247, "bus_sigma": 0.7583, "bus_tau_mean": 2.9027, "bus_tau_std": 1.5257, "bus_v_mean": 11.2016, "bus_v_std": 8.5467, "car_acc": 1.2725, "car_dcc": 2.8912, "car_lcAssertive": 81.1069, "car_lcCooperative": 0.3208, "car_lcLookaheadLeft": 67.6066, "car_lcPushy": 0.435, "car_lcSigma": 0.7554, "car_lcSpeedGainRight": 3.7145, "car_lcSublane": 0.9556, "car_sigma": 0.1213, "car_tau_mean": 0.8, "car_tau_std": 0.7433, "car_v_mean": 14.0509, "car_v_std": 18.8216}, "datetime": {"datetime": "2024-08-12 01:04:08", "elapsed": 1288.634485, "delta": 4.290655}}
{"target": -0.5978930480082797, "params": {"bus_acc": 2.0755, "bus_dcc": 2.1765, "bus_lcAssertive": 80.4031, "bus_lcCooperative": 0.4368, "bus_lcLookaheadLeft": 33.3981, "bus_lcPushy": 0.8081, "bus_lcSigma": 0.6402, "bus_lcSpeedGainRight": 1.515, "bus_lcSublane": 0.8733, "bus_sigma": 0.9587, "bus_tau_mean": 3.447, "bus_tau_std": 6.6861, "bus_v_mean": 12.5898, "bus_v_std": 2.7194, "car_acc": 1.0827, "car_dcc": 0.4256, "car_lcAssertive": 83.1311, "car_lcCooperative": 0.7286, "car_lcLookaheadLeft": 3.4391, "car_lcPushy": 0.9002, "car_lcSigma": 0.7357, "car_lcSpeedGainRight": 3.7032, "car_lcSublane": 0.2576, "car_sigma": 0.7489, "car_tau_mean": 3.8992, "car_tau_std": 6.0112, "car_v_mean": 25.7736, "car_v_std": 6.0878}, "datetime": {"datetime": "2024-08-12 01:04:12", "elapsed": 1292.45734, "delta": 3.822855}}
{"target": -0.8284564053223944, "params": {"bus_acc": 3.9494, "bus_dcc": 1.3239, "bus_lcAssertive": 78.7336, "bus_lcCooperative": 0.6123, "bus_lcLookaheadLeft": 26.9707, "bus_lcPushy": 0.8411, "bus_lcSigma": 0.5912, "bus_lcSpeedGainRight": 4.8222, "bus_lcSublane": 0.1458, "bus_sigma": 0.7223, "bus_tau_mean": 2.0387, "bus_tau_std": 2.692, "bus_v_mean": 20.5167, "bus_v_std": 1.2849, "car_acc": 2.2638, "car_dcc": 1.9885, "car_lcAssertive": 3.5444, "car_lcCooperative": 0.2139, "car_lcLookaheadLeft": 90.5087, "car_lcPushy": 0.9575, "car_lcSigma": 0.8207, "car_lcSpeedGainRight": 1.4471, "car_lcSublane": 0.1411, "car_sigma": 0.3492, "car_tau_mean": 1.4958, "car_tau_std": 3.05, "car_v_mean": 19.2972, "car_v_std": 10.4977}, "datetime": {"datetime": "2024-08-12 01:04:16", "elapsed": 1296.759124, "delta": 4.301784}}
{"target": -0.6928646625705671, "params": {"bus_acc": 3.3714, "bus_dcc": 1.0939, "bus_lcAssertive": 96.2224, "bus_lcCooperative": 0.365, "bus_lcLookaheadLeft": 14.6327, "bus_lcPushy": 0.962, "bus_lcSigma": 0.4683, "bus_lcSpeedGainRight": 3.0116, "bus_lcSublane": 0.8738, "bus_sigma": 0.3773, "bus_tau_mean": 2.6679, "bus_tau_std": 6.3472, "bus_v_mean": 13.2518, "bus_v_std": 1.2961, "car_acc": 1.396, "car_dcc": 0.3997, "car_lcAssertive": 25.1991, "car_lcCooperative": 0.5196, "car_lcLookaheadLeft": 62.4499, "car_lcPushy": 0.5978, "car_lcSigma": 0.2689, "car_lcSpeedGainRight": 1.0242, "car_lcSublane": 0.9717, "car_sigma": 0.452, "car_tau_mean": 3.2116, "car_tau_std": 2.7903, "car_v_mean": 9.732, "car_v_std": 1.219}, "datetime": {"datetime": "2024-08-12 01:04:19", "elapsed": 1299.393852, "delta": 2.634728}}
{"target": -0.5558910836453745, "params": {"bus_acc": 0.4429, "bus_dcc": 2.4032, "bus_lcAssertive": 12.2918, "bus_lcCooperative": 0.2298, "bus_lcLookaheadLeft": 4.3687, "bus_lcPushy": 0.8792, "bus_lcSigma": 0.1305, "bus_lcSpeedGainRight": 1.8281, "bus_lcSublane": 0.3397, "bus_sigma": 0.7288, "bus_tau_mean": 1.0583, "bus_tau_std": 6.8144, "bus_v_mean": 23.2488, "bus_v_std": 17.1809, "car_acc": 3.7107, "car_dcc": 1.0356, "car_lcAssertive": 26.3459, "car_lcCooperative": 0.9768, "car_lcLookaheadLeft": 61.5151, "car_lcPushy": 0.9475, "car_lcSigma": 0.0865, "car_lcSpeedGainRight": 3.4011, "car_lcSublane": 0.3815, "car_sigma": 0.857, "car_tau_mean": 2.6106, "car_tau_std": 4.1319, "car_v_mean": 22.591, "car_v_std": 12.6321}, "datetime": {"datetime": "2024-08-12 01:04:22", "elapsed": 1302.430316, "delta": 3.036464}}
