{"target": -0.4421570282090282, "params": {"bus_acc": 3.4413, "bus_dcc": 1.4096, "bus_lcAssertive": 44.8521, "bus_lcCooperative": 0.5501, "bus_lcLookaheadLeft": 12.9441, "bus_lcPushy": 0.4104, "bus_lcSigma": 0.6461, "bus_lcSpeedGainRight": 3.7677, "bus_lcSublane": 0.4543, "bus_sigma": 0.9376, "bus_tau_mean": 3.5593, "bus_tau_std": 5.8744, "bus_v_mean": 14.9997, "bus_v_std": 13.1781, "car_acc": 0.3112, "car_dcc": 1.5134, "car_lcAssertive": 34.7664, "car_lcCooperative": 0.3408, "car_lcLookaheadLeft": 10.0344, "car_lcPushy": 0.1084, "car_lcSigma": 0.3188, "car_lcSpeedGainRight": 1.8012, "car_lcSublane": 0.9397, "car_sigma": 0.1732, "car_tau_mean": 1.5265, "car_tau_std": 0.0167, "car_v_mean": 8.0973, "car_v_std": 10.7709}, "datetime": {"datetime": "2024-08-12 02:11:05", "elapsed": 5305.590807, "delta": 4.21974}}
{"target": -0.3781181133848346, "params": {"bus_acc": 2.0237, "bus_dcc": 0.2203, "bus_lcAssertive": 17.5751, "bus_lcCooperative": 0.026, "bus_lcLookaheadLeft": 6.887, "bus_lcPushy": 0.7091, "bus_lcSigma": 0.1166, "bus_lcSpeedGainRight": 2.4853, "bus_lcSublane": 0.0255, "bus_sigma": 0.8127, "bus_tau_mean": 2.292, "bus_tau_std": 0.5166, "bus_v_mean": 25.4171, "bus_v_std": 19.5448, "car_acc": 0.7681, "car_dcc": 3.8537, "car_lcAssertive": 51.4636, "car_lcCooperative": 0.0156, "car_lcLookaheadLeft": 36.426, "car_lcPushy": 0.3715, "car_lcSigma": 0.6866, "car_lcSpeedGainRight": 1.4283, "car_lcSublane": 0.9072, "car_sigma": 0.0833, "car_tau_mean": 3.9552, "car_tau_std": 8.6275, "car_v_mean": 10.6658, "car_v_std": 4.1248}, "datetime": {"datetime": "2024-08-12 02:11:09", "elapsed": 5309.591252, "delta": 4.000445}}
{"target": -0.6739325769153006, "params": {"bus_acc": 2.5325, "bus_dcc": 2.6726, "bus_lcAssertive": 22.7991, "bus_lcCooperative": 0.1956, "bus_lcLookaheadLeft": 81.9772, "bus_lcPushy": 0.9863, "bus_lcSigma": 0.6048, "bus_lcSpeedGainRight": 2.2088, "bus_lcSublane": 0.886, "bus_sigma": 0.546, "bus_tau_mean": 2.1751, "bus_tau_std": 1.2843, "bus_v_mean": 25.8884, "bus_v_std": 4.6893, "car_acc": 3.5116, "car_dcc": 1.467, "car_lcAssertive": 29.5467, "car_lcCooperative": 0.8308, "car_lcLookaheadLeft": 56.2272, "car_lcPushy": 0.6575, "car_lcSigma": 0.0029, "car_lcSpeedGainRight": 2.2242, "car_lcSublane": 0.7602, "car_sigma": 0.0675, "car_tau_mean": 0.7158, "car_tau_std": 8.0323, "car_v_mean": 11.3967, "car_v_std": 5.2686}, "datetime": {"datetime": "2024-08-12 02:11:13", "elapsed": 5313.345506, "delta": 3.754254}}
{"target": -0.8602311669683237, "params": {"bus_acc": 1.0108, "bus_dcc": 3.9229, "bus_lcAssertive": 91.1533, "bus_lcCooperative": 0.9875, "bus_lcLookaheadLeft": 79.229, "bus_lcPushy": 0.6411, "bus_lcSigma": 0.2335, "bus_lcSpeedGainRight": 4.2835, "bus_lcSublane": 0.2272, "bus_sigma": 0.5486, "bus_tau_mean": 3.3541, "bus_tau_std": 8.1576, "bus_v_mean": 10.4761, "bus_v_std": 7.8022, "car_acc": 2.35, "car_dcc": 1.8114, "car_lcAssertive": 2.5448, "car_lcCooperative": 0.1982, "car_lcLookaheadLeft": 44.6049, "car_lcPushy": 0.294, "car_lcSigma": 0.7511, "car_lcSpeedGainRight": 0.3805, "car_lcSublane": 0.1366, "car_sigma": 0.8381, "car_tau_mean": 2.2273, "car_tau_std": 7.509, "car_v_mean": 10.9677, "car_v_std": 6.4591}, "datetime": {"datetime": "2024-08-12 02:11:18", "elapsed": 5318.908632, "delta": 5.563126}}
{"target": -0.3144864560502681, "params": {"bus_acc": 0.6359, "bus_dcc": 2.6433, "bus_lcAssertive": 37.8863, "bus_lcCooperative": 0.3121, "bus_lcLookaheadLeft": 63.3505, "bus_lcPushy": 0.0079, "bus_lcSigma": 0.105, "bus_lcSpeedGainRight": 1.5094, "bus_lcSublane": 0.8113, "bus_sigma": 0.9863, "bus_tau_mean": 1.5795, "bus_tau_std": 7.2999, "bus_v_mean": 14.635, "bus_v_std": 9.4201, "car_acc": 0.5606, "car_dcc": 3.7332, "car_lcAssertive": 48.0654, "car_lcCooperative": 0.0238, "car_lcLookaheadLeft": 22.923, "car_lcPushy": 0.7082, "car_lcSigma": 0.1431, "car_lcSpeedGainRight": 1.9793, "car_lcSublane": 0.2529, "car_sigma": 0.7415, "car_tau_mean": 3.9325, "car_tau_std": 0.0413, "car_v_mean": 14.2688, "car_v_std": 7.5523}, "datetime": {"datetime": "2024-08-12 02:11:26", "elapsed": 5326.189851, "delta": 7.281219}}
{"target": -0.6359421426070351, "params": {"bus_acc": 2.6653, "bus_dcc": 2.8319, "bus_lcAssertive": 54.4741, "bus_lcCooperative": 0.9295, "bus_lcLookaheadLeft": 43.1506, "bus_lcPushy": 0.8126, "bus_lcSigma": 0.0421, "bus_lcSpeedGainRight": 2.0909, "bus_lcSublane": 0.2032, "bus_sigma": 0.6525, "bus_tau_mean": 3.4623, "bus_tau_std": 5.9555, "bus_v_mean": 22.1818, "bus_v_std": 17.3861, "car_acc": 3.6875, "car_dcc": 2.3841, "car_lcAssertive": 35.8395, "car_lcCooperative": 0.8532, "car_lcLookaheadLeft": 43.1295, "car_lcPushy": 0.4265, "car_lcSigma": 0.9053, "car_lcSpeedGainRight": 0.3502, "car_lcSublane": 0.0392, "car_sigma": 0.9322, "car_tau_mean": 1.595, "car_tau_std": 4.8431, "car_v_mean": 19.9256, "car_v_std": 1.9914}, "datetime": {"datetime": "2024-08-12 02:11:32", "elapsed": 5332.203393, "delta": 6.013542}}
{"target": -0.5647332189539738, "params": {"bus_acc": 3.7056, "bus_dcc": 3.1178, "bus_lcAssertive": 54.228, "bus_lcCooperative": 0.5054, "bus_lcLookaheadLeft": 26.1124, "bus_lcPushy": 0.5309, "bus_lcSigma": 0.5104, "bus_lcSpeedGainRight": 3.9349, "bus_lcSublane": 0.9621, "bus_sigma": 0.8989, "bus_tau_mean": 2.9293, "bus_tau_std": 2.8562, "bus_v_mean": 19.7436, "bus_v_std": 3.2606, "car_acc": 2.3976, "car_dcc": 2.3357, "car_lcAssertive": 81.7088, "car_lcCooperative": 0.4761, "car_lcLookaheadLeft": 83.4986, "car_lcPushy": 0.9802, "car_lcSigma": 0.8044, "car_lcSpeedGainRight": 2.4779, "car_lcSublane": 0.0924, "car_sigma": 0.0041, "car_tau_mean": 2.3313, "car_tau_std": 0.87, "car_v_mean": 8.8401, "car_v_std": 19.2247}, "datetime": {"datetime": "2024-08-12 02:11:36", "elapsed": 5336.718583, "delta": 4.51519}}
{"target": -0.5765607297957147, "params": {"bus_acc": 3.7546, "bus_dcc": 1.6384, "bus_lcAssertive": 21.8328, "bus_lcCooperative": 0.0078, "bus_lcLookaheadLeft": 92.812, "bus_lcPushy": 0.9512, "bus_lcSigma": 0.4939, "bus_lcSpeedGainRight": 4.7585, "bus_lcSublane": 0.8394, "bus_sigma": 0.6916, "bus_tau_mean": 3.8861, "bus_tau_std": 4.9693, "bus_v_mean": 19.8027, "bus_v_std": 13.7165, "car_acc": 2.1059, "car_dcc": 1.7725, "car_lcAssertive": 33.1433, "car_lcCooperative": 0.3304, "car_lcLookaheadLeft": 20.0314, "car_lcPushy": 0.1528, "car_lcSigma": 0.9674, "car_lcSpeedGainRight": 2.2369, "car_lcSublane": 0.9422, "car_sigma": 0.702, "car_tau_mean": 3.9033, "car_tau_std": 5.7547, "car_v_mean": 21.958, "car_v_std": 12.8995}, "datetime": {"datetime": "2024-08-12 02:11:40", "elapsed": 5340.620225, "delta": 3.901642}}
{"target": -1.2178795216519989, "params": {"bus_acc": 1.1477, "bus_dcc": 0.7641, "bus_lcAssertive": 59.8208, "bus_lcCooperative": 0.439, "bus_lcLookaheadLeft": 23.8103, "bus_lcPushy": 0.7166, "bus_lcSigma": 0.781, "bus_lcSpeedGainRight": 2.1549, "bus_lcSublane": 0.1081, "bus_sigma": 0.0252, "bus_tau_mean": 2.5067, "bus_tau_std": 1.0921, "bus_v_mean": 8.9754, "bus_v_std": 14.0259, "car_acc": 0.6632, "car_dcc": 0.2343, "car_lcAssertive": 2.8543, "car_lcCooperative": 0.521, "car_lcLookaheadLeft": 46.1293, "car_lcPushy": 0.8667, "car_lcSigma": 0.1041, "car_lcSpeedGainRight": 2.6145, "car_lcSublane": 0.0658, "car_sigma": 0.8776, "car_tau_mean": 2.3402, "car_tau_std": 3.4063, "car_v_mean": 24.5288, "car_v_std": 7.4759}, "datetime": {"datetime": "2024-08-12 02:11:46", "elapsed": 5347.056936, "delta": 6.436711}}
{"target": -0.36783883646372106, "params": {"bus_acc": 0.7777, "bus_dcc": 3.1423, "bus_lcAssertive": 12.1987, "bus_lcCooperative": 0.3962, "bus_lcLookaheadLeft": 41.2276, "bus_lcPushy": 0.3036, "bus_lcSigma": 0.7674, "bus_lcSpeedGainRight": 4.4217, "bus_lcSublane": 0.8757, "bus_sigma": 0.4968, "bus_tau_mean": 1.1907, "bus_tau_std": 2.2996, "bus_v_mean": 8.6973, "bus_v_std": 4.2943, "car_acc": 0.5703, "car_dcc": 1.9981, "car_lcAssertive": 54.5575, "car_lcCooperative": 0.5789, "car_lcLookaheadLeft": 48.1232, "car_lcPushy": 0.4931, "car_lcSigma": 0.9262, "car_lcSpeedGainRight": 3.5867, "car_lcSublane": 0.9465, "car_sigma": 0.3141, "car_tau_mean": 2.3433, "car_tau_std": 3.639, "car_v_mean": 25.2097, "car_v_std": 19.7286}, "datetime": {"datetime": "2024-08-12 02:11:52", "elapsed": 5352.724655, "delta": 5.667719}}
{"target": -0.9198192100772905, "params": {"bus_acc": 3.1259, "bus_dcc": 1.4151, "bus_lcAssertive": 12.0156, "bus_lcCooperative": 0.7644, "bus_lcLookaheadLeft": 44.5367, "bus_lcPushy": 0.321, "bus_lcSigma": 0.1219, "bus_lcSpeedGainRight": 0.2319, "bus_lcSublane": 0.5892, "bus_sigma": 0.0545, "bus_tau_mean": 1.348, "bus_tau_std": 0.8601, "bus_v_mean": 19.0306, "bus_v_std": 2.0496, "car_acc": 3.8043, "car_dcc": 1.8457, "car_lcAssertive": 53.9563, "car_lcCooperative": 0.6613, "car_lcLookaheadLeft": 43.9358, "car_lcPushy": 0.9432, "car_lcSigma": 0.5085, "car_lcSpeedGainRight": 3.7806, "car_lcSublane": 0.0097, "car_sigma": 0.103, "car_tau_mean": 2.7261, "car_tau_std": 0.7994, "car_v_mean": 19.7851, "car_v_std": 5.6484}, "datetime": {"datetime": "2024-08-12 02:12:02", "elapsed": 5362.370366, "delta": 9.645711}}
{"target": -0.6771279203224921, "params": {"bus_acc": 1.2303, "bus_dcc": 1.9488, "bus_lcAssertive": 46.8983, "bus_lcCooperative": 0.0958, "bus_lcLookaheadLeft": 15.6634, "bus_lcPushy": 0.0332, "bus_lcSigma": 0.2398, "bus_lcSpeedGainRight": 2.4409, "bus_lcSublane": 0.9581, "bus_sigma": 0.5273, "bus_tau_mean": 3.5536, "bus_tau_std": 6.8488, "bus_v_mean": 13.4033, "bus_v_std": 18.4837, "car_acc": 2.1534, "car_dcc": 3.366, "car_lcAssertive": 26.8959, "car_lcCooperative": 0.9076, "car_lcLookaheadLeft": 72.4706, "car_lcPushy": 0.2997, "car_lcSigma": 0.7288, "car_lcSpeedGainRight": 1.3845, "car_lcSublane": 0.4155, "car_sigma": 0.2616, "car_tau_mean": 3.2324, "car_tau_std": 2.6137, "car_v_mean": 9.5064, "car_v_std": 16.4094}, "datetime": {"datetime": "2024-08-12 02:12:09", "elapsed": 5369.714336, "delta": 7.34397}}
{"target": -0.36773353548404186, "params": {"bus_acc": 2.0437, "bus_dcc": 3.8387, "bus_lcAssertive": 21.0822, "bus_lcCooperative": 0.4281, "bus_lcLookaheadLeft": 63.9534, "bus_lcPushy": 0.0703, "bus_lcSigma": 0.298, "bus_lcSpeedGainRight": 3.956, "bus_lcSublane": 0.1932, "bus_sigma": 0.6155, "bus_tau_mean": 1.4408, "bus_tau_std": 6.6686, "bus_v_mean": 9.5008, "bus_v_std": 6.5345, "car_acc": 1.3635, "car_dcc": 2.4661, "car_lcAssertive": 88.6571, "car_lcCooperative": 0.6565, "car_lcLookaheadLeft": 7.8021, "car_lcPushy": 0.2413, "car_lcSigma": 0.6201, "car_lcSpeedGainRight": 3.1408, "car_lcSublane": 0.291, "car_sigma": 0.6227, "car_tau_mean": 3.3563, "car_tau_std": 7.4898, "car_v_mean": 16.9066, "car_v_std": 6.8888}, "datetime": {"datetime": "2024-08-12 02:12:13", "elapsed": 5374.064149, "delta": 4.349813}}
{"target": -0.665360596699048, "params": {"bus_acc": 1.8609, "bus_dcc": 0.8256, "bus_lcAssertive": 89.2061, "bus_lcCooperative": 0.3623, "bus_lcLookaheadLeft": 95.9326, "bus_lcPushy": 0.6075, "bus_lcSigma": 0.2158, "bus_lcSpeedGainRight": 3.3144, "bus_lcSublane": 0.1987, "bus_sigma": 0.6875, "bus_tau_mean": 2.4247, "bus_tau_std": 4.0235, "bus_v_mean": 14.8215, "bus_v_std": 10.4425, "car_acc": 3.2552, "car_dcc": 3.3184, "car_lcAssertive": 69.6752, "car_lcCooperative": 0.4641, "car_lcLookaheadLeft": 38.2371, "car_lcPushy": 0.1833, "car_lcSigma": 0.1675, "car_lcSpeedGainRight": 3.957, "car_lcSublane": 0.9654, "car_sigma": 0.4761, "car_tau_mean": 2.8125, "car_tau_std": 5.971, "car_v_mean": 15.0937, "car_v_std": 0.5602}, "datetime": {"datetime": "2024-08-12 02:12:20", "elapsed": 5380.729856, "delta": 6.665707}}
{"target": -0.6833106491876384, "params": {"bus_acc": 2.5576, "bus_dcc": 2.049, "bus_lcAssertive": 51.7424, "bus_lcCooperative": 0.7006, "bus_lcLookaheadLeft": 53.9973, "bus_lcPushy": 0.0351, "bus_lcSigma": 0.2914, "bus_lcSpeedGainRight": 3.5755, "bus_lcSublane": 0.6311, "bus_sigma": 0.8959, "bus_tau_mean": 1.7253, "bus_tau_std": 8.3864, "bus_v_mean": 22.4301, "bus_v_std": 4.5572, "car_acc": 3.3491, "car_dcc": 0.3973, "car_lcAssertive": 23.7545, "car_lcCooperative": 0.9331, "car_lcLookaheadLeft": 84.8901, "car_lcPushy": 0.3633, "car_lcSigma": 0.5346, "car_lcSpeedGainRight": 2.4512, "car_lcSublane": 0.6353, "car_sigma": 0.1123, "car_tau_mean": 2.5695, "car_tau_std": 7.3386, "car_v_mean": 18.2161, "car_v_std": 13.8159}, "datetime": {"datetime": "2024-08-12 02:12:24", "elapsed": 5384.567728, "delta": 3.837872}}
{"target": -0.7322509044593123, "params": {"bus_acc": 1.3481, "bus_dcc": 1.9059, "bus_lcAssertive": 85.5932, "bus_lcCooperative": 0.4841, "bus_lcLookaheadLeft": 17.0839, "bus_lcPushy": 0.1266, "bus_lcSigma": 0.7919, "bus_lcSpeedGainRight": 1.5639, "bus_lcSublane": 0.7524, "bus_sigma": 0.8895, "bus_tau_mean": 2.9904, "bus_tau_std": 1.3046, "bus_v_mean": 24.9907, "bus_v_std": 1.0102, "car_acc": 2.1948, "car_dcc": 2.3096, "car_lcAssertive": 68.9712, "car_lcCooperative": 0.5389, "car_lcLookaheadLeft": 93.1559, "car_lcPushy": 0.2759, "car_lcSigma": 0.3979, "car_lcSpeedGainRight": 3.118, "car_lcSublane": 0.9657, "car_sigma": 0.5845, "car_tau_mean": 2.1126, "car_tau_std": 7.9233, "car_v_mean": 10.7846, "car_v_std": 4.6738}, "datetime": {"datetime": "2024-08-12 02:12:28", "elapsed": 5388.362179, "delta": 3.794451}}
{"target": -0.22738873298483112, "params": {"bus_acc": 2.3381, "bus_dcc": 0.3502, "bus_lcAssertive": 98.2791, "bus_lcCooperative": 0.8472, "bus_lcLookaheadLeft": 71.147, "bus_lcPushy": 0.158, "bus_lcSigma": 0.8177, "bus_lcSpeedGainRight": 0.9376, "bus_lcSublane": 0.1043, "bus_sigma": 0.9392, "bus_tau_mean": 3.397, "bus_tau_std": 4.8405, "bus_v_mean": 23.7472, "bus_v_std": 1.3727, "car_acc": 0.2746, "car_dcc": 2.4442, "car_lcAssertive": 67.5979, "car_lcCooperative": 0.2819, "car_lcLookaheadLeft": 76.5092, "car_lcPushy": 0.6469, "car_lcSigma": 0.7863, "car_lcSpeedGainRight": 3.7156, "car_lcSublane": 0.7086, "car_sigma": 0.5033, "car_tau_mean": 0.8839, "car_tau_std": 7.4697, "car_v_mean": 14.9572, "car_v_std": 5.5303}, "datetime": {"datetime": "2024-08-12 02:12:33", "elapsed": 5393.600303, "delta": 5.238124}}
{"target": -0.5953357406163009, "params": {"bus_acc": 3.5749, "bus_dcc": 2.7913, "bus_lcAssertive": 54.2524, "bus_lcCooperative": 0.1225, "bus_lcLookaheadLeft": 53.7634, "bus_lcPushy": 0.1349, "bus_lcSigma": 0.196, "bus_lcSpeedGainRight": 0.6726, "bus_lcSublane": 0.9978, "bus_sigma": 0.7397, "bus_tau_mean": 1.02, "bus_tau_std": 4.6858, "bus_v_mean": 12.3675, "bus_v_std": 10.1401, "car_acc": 1.4157, "car_dcc": 3.4621, "car_lcAssertive": 84.7769, "car_lcCooperative": 0.5155, "car_lcLookaheadLeft": 59.3938, "car_lcPushy": 0.4774, "car_lcSigma": 0.9325, "car_lcSpeedGainRight": 0.8791, "car_lcSublane": 0.3653, "car_sigma": 0.1451, "car_tau_mean": 0.5212, "car_tau_std": 5.9924, "car_v_mean": 17.7615, "car_v_std": 0.9766}, "datetime": {"datetime": "2024-08-12 02:12:37", "elapsed": 5397.500723, "delta": 3.90042}}
{"target": -0.340896661497414, "params": {"bus_acc": 2.4184, "bus_dcc": 2.7957, "bus_lcAssertive": 28.6261, "bus_lcCooperative": 0.1611, "bus_lcLookaheadLeft": 91.3382, "bus_lcPushy": 0.0328, "bus_lcSigma": 0.4258, "bus_lcSpeedGainRight": 3.3169, "bus_lcSublane": 0.6389, "bus_sigma": 0.6823, "bus_tau_mean": 1.6132, "bus_tau_std": 2.4321, "bus_v_mean": 19.9639, "bus_v_std": 1.4215, "car_acc": 0.4508, "car_dcc": 3.3906, "car_lcAssertive": 97.9137, "car_lcCooperative": 0.6427, "car_lcLookaheadLeft": 70.4281, "car_lcPushy": 0.5157, "car_lcSigma": 0.5514, "car_lcSpeedGainRight": 3.364, "car_lcSublane": 0.9413, "car_sigma": 0.833, "car_tau_mean": 0.6999, "car_tau_std": 3.4963, "car_v_mean": 22.7679, "car_v_std": 8.9821}, "datetime": {"datetime": "2024-08-12 02:12:42", "elapsed": 5402.268772, "delta": 4.768049}}
{"target": -0.7952059644309268, "params": {"bus_acc": 0.6616, "bus_dcc": 1.7896, "bus_lcAssertive": 26.1505, "bus_lcCooperative": 0.1757, "bus_lcLookaheadLeft": 82.2758, "bus_lcPushy": 0.619, "bus_lcSigma": 0.7565, "bus_lcSpeedGainRight": 0.2062, "bus_lcSublane": 0.7174, "bus_sigma": 0.7758, "bus_tau_mean": 1.5169, "bus_tau_std": 0.9641, "bus_v_mean": 24.4121, "bus_v_std": 18.3098, "car_acc": 0.5693, "car_dcc": 3.7717, "car_lcAssertive": 1.8431, "car_lcCooperative": 0.3264, "car_lcLookaheadLeft": 64.6877, "car_lcPushy": 0.7687, "car_lcSigma": 0.7288, "car_lcSpeedGainRight": 3.7243, "car_lcSublane": 0.867, "car_sigma": 0.6698, "car_tau_mean": 0.9073, "car_tau_std": 1.0096, "car_v_mean": 20.2233, "car_v_std": 10.9272}, "datetime": {"datetime": "2024-08-12 02:12:46", "elapsed": 5406.300071, "delta": 4.031299}}
{"target": -0.5669284347120961, "params": {"bus_acc": 2.2005, "bus_dcc": 1.9261, "bus_lcAssertive": 96.4941, "bus_lcCooperative": 0.3601, "bus_lcLookaheadLeft": 25.9859, "bus_lcPushy": 0.6266, "bus_lcSigma": 0.3309, "bus_lcSpeedGainRight": 1.1158, "bus_lcSublane": 0.7633, "bus_sigma": 0.5588, "bus_tau_mean": 2.7214, "bus_tau_std": 8.1802, "bus_v_mean": 25.2493, "bus_v_std": 0.2728, "car_acc": 1.0115, "car_dcc": 2.6259, "car_lcAssertive": 86.2337, "car_lcCooperative": 0.5299, "car_lcLookaheadLeft": 77.4234, "car_lcPushy": 0.3527, "car_lcSigma": 0.0194, "car_lcSpeedGainRight": 0.7095, "car_lcSublane": 0.404, "car_sigma": 0.2213, "car_tau_mean": 3.6526, "car_tau_std": 2.1032, "car_v_mean": 11.9884, "car_v_std": 1.5851}, "datetime": {"datetime": "2024-08-12 02:12:49", "elapsed": 5410.111784, "delta": 3.811713}}
{"target": -0.5365733223592158, "params": {"bus_acc": 0.8058, "bus_dcc": 1.9055, "bus_lcAssertive": 57.3766, "bus_lcCooperative": 0.5088, "bus_lcLookaheadLeft": 46.4231, "bus_lcPushy": 0.2537, "bus_lcSigma": 0.7907, "bus_lcSpeedGainRight": 2.398, "bus_lcSublane": 0.9712, "bus_sigma": 0.1302, "bus_tau_mean": 0.803, "bus_tau_std": 3.8405, "bus_v_mean": 12.1988, "bus_v_std": 0.0246, "car_acc": 2.5859, "car_dcc": 2.1793, "car_lcAssertive": 99.7214, "car_lcCooperative": 0.988, "car_lcLookaheadLeft": 56.1759, "car_lcPushy": 0.6937, "car_lcSigma": 0.124, "car_lcSpeedGainRight": 1.1504, "car_lcSublane": 0.5065, "car_sigma": 0.9789, "car_tau_mean": 1.1026, "car_tau_std": 2.7048, "car_v_mean": 15.7567, "car_v_std": 8.0668}, "datetime": {"datetime": "2024-08-12 02:12:57", "elapsed": 5417.860438, "delta": 7.748654}}
{"target": -0.3495055659690831, "params": {"bus_acc": 0.3402, "bus_dcc": 1.5179, "bus_lcAssertive": 86.1996, "bus_lcCooperative": 0.9491, "bus_lcLookaheadLeft": 45.5895, "bus_lcPushy": 0.6487, "bus_lcSigma": 0.1904, "bus_lcSpeedGainRight": 2.862, "bus_lcSublane": 0.1689, "bus_sigma": 0.866, "bus_tau_mean": 3.4271, "bus_tau_std": 4.4452, "bus_v_mean": 13.2115, "bus_v_std": 12.1591, "car_acc": 0.2761, "car_dcc": 2.5127, "car_lcAssertive": 5.2249, "car_lcCooperative": 0.4994, "car_lcLookaheadLeft": 80.3703, "car_lcPushy": 0.1654, "car_lcSigma": 0.2641, "car_lcSpeedGainRight": 4.6875, "car_lcSublane": 0.1005, "car_sigma": 0.4514, "car_tau_mean": 1.9355, "car_tau_std": 0.2847, "car_v_mean": 21.9215, "car_v_std": 11.3811}, "datetime": {"datetime": "2024-08-12 02:13:03", "elapsed": 5423.590115, "delta": 5.729677}}
{"target": -0.5902357963654908, "params": {"bus_acc": 1.5504, "bus_dcc": 1.2054, "bus_lcAssertive": 62.0577, "bus_lcCooperative": 0.3052, "bus_lcLookaheadLeft": 3.9082, "bus_lcPushy": 0.3005, "bus_lcSigma": 0.3012, "bus_lcSpeedGainRight": 4.8007, "bus_lcSublane": 0.2831, "bus_sigma": 0.553, "bus_tau_mean": 2.6752, "bus_tau_std": 8.2106, "bus_v_mean": 16.3752, "bus_v_std": 9.1005, "car_acc": 3.2892, "car_dcc": 1.357, "car_lcAssertive": 88.2693, "car_lcCooperative": 0.3149, "car_lcLookaheadLeft": 44.968, "car_lcPushy": 0.112, "car_lcSigma": 0.9198, "car_lcSpeedGainRight": 3.7173, "car_lcSublane": 0.7633, "car_sigma": 0.5099, "car_tau_mean": 3.0727, "car_tau_std": 9.7439, "car_v_mean": 14.7844, "car_v_std": 4.9906}, "datetime": {"datetime": "2024-08-12 02:13:11", "elapsed": 5432.087363, "delta": 8.497248}}
{"target": -0.3599372490958463, "params": {"bus_acc": 0.5645, "bus_dcc": 0.378, "bus_lcAssertive": 34.1951, "bus_lcCooperative": 0.2303, "bus_lcLookaheadLeft": 62.5216, "bus_lcPushy": 0.2973, "bus_lcSigma": 0.0254, "bus_lcSpeedGainRight": 0.9363, "bus_lcSublane": 0.7141, "bus_sigma": 0.9243, "bus_tau_mean": 3.753, "bus_tau_std": 8.8228, "bus_v_mean": 14.4185, "bus_v_std": 10.8638, "car_acc": 0.4924, "car_dcc": 2.8266, "car_lcAssertive": 95.0696, "car_lcCooperative": 0.9423, "car_lcLookaheadLeft": 78.4897, "car_lcPushy": 0.0459, "car_lcSigma": 0.8066, "car_lcSpeedGainRight": 4.449, "car_lcSublane": 0.9043, "car_sigma": 0.8145, "car_tau_mean": 3.8278, "car_tau_std": 7.743, "car_v_mean": 12.0298, "car_v_std": 3.9417}, "datetime": {"datetime": "2024-08-12 02:13:23", "elapsed": 5443.206243, "delta": 11.11888}}
{"target": -0.4623026710452192, "params": {"bus_acc": 0.9813, "bus_dcc": 3.4224, "bus_lcAssertive": 77.2266, "bus_lcCooperative": 0.0659, "bus_lcLookaheadLeft": 59.5808, "bus_lcPushy": 0.9661, "bus_lcSigma": 0.8015, "bus_lcSpeedGainRight": 0.223, "bus_lcSublane": 0.1007, "bus_sigma": 0.1277, "bus_tau_mean": 2.6263, "bus_tau_std": 9.0895, "bus_v_mean": 18.3742, "bus_v_std": 13.4512, "car_acc": 2.4481, "car_dcc": 1.9583, "car_lcAssertive": 68.4357, "car_lcCooperative": 0.3055, "car_lcLookaheadLeft": 26.7049, "car_lcPushy": 0.4972, "car_lcSigma": 0.9452, "car_lcSpeedGainRight": 0.5831, "car_lcSublane": 0.7563, "car_sigma": 0.8405, "car_tau_mean": 1.6203, "car_tau_std": 4.6379, "car_v_mean": 8.4984, "car_v_std": 0.0315}, "datetime": {"datetime": "2024-08-12 02:13:29", "elapsed": 5449.445178, "delta": 6.238935}}
