{"target": -0.5937260166598267, "params": {"bus_acc": 1.7422, "bus_dcc": 1.4396, "bus_lcAssertive": 35.7549, "bus_lcCooperative": 0.7111, "bus_lcLookaheadLeft": 69.7868, "bus_lcPushy": 0.4961, "bus_lcSigma": 0.1387, "bus_lcSpeedGainRight": 0.9415, "bus_lcSublane": 0.4478, "bus_sigma": 0.5271, "bus_tau_mean": 1.3644, "bus_tau_std": 5.6568, "bus_v_mean": 24.0905, "bus_v_std": 17.4, "car_acc": 0.289, "car_dcc": 0.6159, "car_lcAssertive": 6.2679, "car_lcCooperative": 0.447, "car_lcLookaheadLeft": 84.546, "car_lcPushy": 0.1399, "car_lcSigma": 0.8172, "car_lcSpeedGainRight": 3.6675, "car_lcSublane": 0.2946, "car_sigma": 0.4376, "car_tau_mean": 3.477, "car_tau_std": 1.5301, "car_v_mean": 8.2853, "car_v_std": 9.226}, "datetime": {"datetime": "2024-08-12 00:48:59", "elapsed": 379.667722, "delta": 0.972516}}
{"target": -0.5488559810107394, "params": {"bus_acc": 1.6924, "bus_dcc": 3.9153, "bus_lcAssertive": 18.5803, "bus_lcCooperative": 0.6779, "bus_lcLookaheadLeft": 58.0364, "bus_lcPushy": 0.5824, "bus_lcSigma": 0.0579, "bus_lcSpeedGainRight": 4.7024, "bus_lcSublane": 0.3359, "bus_sigma": 0.9573, "bus_tau_mean": 3.367, "bus_tau_std": 1.4101, "bus_v_mean": 12.4991, "bus_v_std": 14.0116, "car_acc": 3.257, "car_dcc": 2.6625, "car_lcAssertive": 43.9058, "car_lcCooperative": 0.1002, "car_lcLookaheadLeft": 57.0234, "car_lcPushy": 0.8984, "car_lcSigma": 0.5253, "car_lcSpeedGainRight": 2.4275, "car_lcSublane": 0.5193, "car_sigma": 0.7429, "car_tau_mean": 3.7012, "car_tau_std": 6.9783, "car_v_mean": 17.2897, "car_v_std": 3.0555}, "datetime": {"datetime": "2024-08-12 00:49:00", "elapsed": 380.777897, "delta": 1.110175}}
{"target": -0.6140457968007298, "params": {"bus_acc": 3.403, "bus_dcc": 0.9863, "bus_lcAssertive": 76.9465, "bus_lcCooperative": 0.2068, "bus_lcLookaheadLeft": 48.2984, "bus_lcPushy": 0.6404, "bus_lcSigma": 0.708, "bus_lcSpeedGainRight": 3.9303, "bus_lcSublane": 0.2132, "bus_sigma": 0.9215, "bus_tau_mean": 3.8589, "bus_tau_std": 5.2059, "bus_v_mean": 8.5291, "bus_v_std": 13.3021, "car_acc": 3.6305, "car_dcc": 1.5748, "car_lcAssertive": 52.0301, "car_lcCooperative": 0.8893, "car_lcLookaheadLeft": 55.5291, "car_lcPushy": 0.5617, "car_lcSigma": 0.3425, "car_lcSpeedGainRight": 4.9633, "car_lcSublane": 0.0228, "car_sigma": 0.8531, "car_tau_mean": 2.4187, "car_tau_std": 9.0081, "car_v_mean": 17.7612, "car_v_std": 4.532}, "datetime": {"datetime": "2024-08-12 00:49:01", "elapsed": 381.976261, "delta": 1.198364}}
{"target": -0.20742450541639826, "params": {"bus_acc": 1.5008, "bus_dcc": 3.8795, "bus_lcAssertive": 43.6562, "bus_lcCooperative": 0.965, "bus_lcLookaheadLeft": 67.155, "bus_lcPushy": 0.6219, "bus_lcSigma": 0.2525, "bus_lcSpeedGainRight": 5.0, "bus_lcSublane": 0.5876, "bus_sigma": 0.5786, "bus_tau_mean": 2.2036, "bus_tau_std": 2.6454, "bus_v_mean": 24.536, "bus_v_std": 11.7487, "car_acc": 0.3486, "car_dcc": 2.8203, "car_lcAssertive": 33.613, "car_lcCooperative": 0.5272, "car_lcLookaheadLeft": 88.96, "car_lcPushy": 0.495, "car_lcSigma": 0.9087, "car_lcSpeedGainRight": 3.3919, "car_lcSublane": 0.1535, "car_sigma": 0.9296, "car_tau_mean": 3.1933, "car_tau_std": 10.0, "car_v_mean": 11.3773, "car_v_std": 3.0178}, "datetime": {"datetime": "2024-08-12 00:49:03", "elapsed": 383.256004, "delta": 1.279743}}
{"target": -0.48230171082933637, "params": {"bus_acc": 2.715, "bus_dcc": 3.1236, "bus_lcAssertive": 72.5935, "bus_lcCooperative": 0.846, "bus_lcLookaheadLeft": 89.459, "bus_lcPushy": 0.2028, "bus_lcSigma": 0.0441, "bus_lcSpeedGainRight": 4.7117, "bus_lcSublane": 0.3786, "bus_sigma": 0.7946, "bus_tau_mean": 1.2665, "bus_tau_std": 8.3039, "bus_v_mean": 9.8003, "bus_v_std": 16.5177, "car_acc": 1.0237, "car_dcc": 2.5821, "car_lcAssertive": 68.3172, "car_lcCooperative": 0.4282, "car_lcLookaheadLeft": 69.5222, "car_lcPushy": 0.4502, "car_lcSigma": 0.8517, "car_lcSpeedGainRight": 1.352, "car_lcSublane": 0.5828, "car_sigma": 0.5385, "car_tau_mean": 2.8488, "car_tau_std": 3.2862, "car_v_mean": 19.5906, "car_v_std": 16.2333}, "datetime": {"datetime": "2024-08-12 00:49:04", "elapsed": 384.444123, "delta": 1.188119}}
{"target": -0.3723073484280294, "params": {"bus_acc": 1.5131, "bus_dcc": 3.8918, "bus_lcAssertive": 43.6684, "bus_lcCooperative": 0.9647, "bus_lcLookaheadLeft": 67.1609, "bus_lcPushy": 0.6215, "bus_lcSigma": 0.2584, "bus_lcSpeedGainRight": 5.0, "bus_lcSublane": 0.5935, "bus_sigma": 0.5782, "bus_tau_mean": 2.2159, "bus_tau_std": 2.6577, "bus_v_mean": 24.5482, "bus_v_std": 11.761, "car_acc": 0.3545, "car_dcc": 2.8326, "car_lcAssertive": 33.6253, "car_lcCooperative": 0.5269, "car_lcLookaheadLeft": 88.966, "car_lcPushy": 0.5009, "car_lcSigma": 0.9084, "car_lcSpeedGainRight": 3.4042, "car_lcSublane": 0.1594, "car_sigma": 0.9293, "car_tau_mean": 3.2056, "car_tau_std": 10.0, "car_v_mean": 11.3895, "car_v_std": 3.0301}, "datetime": {"datetime": "2024-08-12 00:49:05", "elapsed": 385.571207, "delta": 1.127084}}
{"target": -0.26857245336497376, "params": {"bus_acc": 1.5116, "bus_dcc": 3.8902, "bus_lcAssertive": 43.6669, "bus_lcCooperative": 0.9648, "bus_lcLookaheadLeft": 67.16, "bus_lcPushy": 0.6217, "bus_lcSigma": 0.2574, "bus_lcSpeedGainRight": 5.0, "bus_lcSublane": 0.5926, "bus_sigma": 0.5784, "bus_tau_mean": 2.2143, "bus_tau_std": 2.6561, "bus_v_mean": 24.5467, "bus_v_std": 11.7595, "car_acc": 0.3536, "car_dcc": 2.831, "car_lcAssertive": 33.6237, "car_lcCooperative": 0.5271, "car_lcLookaheadLeft": 88.965, "car_lcPushy": 0.5, "car_lcSigma": 0.9085, "car_lcSpeedGainRight": 3.4027, "car_lcSublane": 0.1585, "car_sigma": 0.9294, "car_tau_mean": 3.204, "car_tau_std": 10.0, "car_v_mean": 11.388, "car_v_std": 3.0286}, "datetime": {"datetime": "2024-08-12 00:49:06", "elapsed": 386.756575, "delta": 1.185368}}
{"target": -0.25494502148364556, "params": {"bus_acc": 1.499, "bus_dcc": 3.8776, "bus_lcAssertive": 43.6543, "bus_lcCooperative": 0.9648, "bus_lcLookaheadLeft": 67.1538, "bus_lcPushy": 0.6217, "bus_lcSigma": 0.2513, "bus_lcSpeedGainRight": 5.0, "bus_lcSublane": 0.5865, "bus_sigma": 0.5784, "bus_tau_mean": 2.2017, "bus_tau_std": 2.6435, "bus_v_mean": 24.5341, "bus_v_std": 11.7468, "car_acc": 0.3474, "car_dcc": 2.8184, "car_lcAssertive": 33.6111, "car_lcCooperative": 0.5271, "car_lcLookaheadLeft": 88.9589, "car_lcPushy": 0.4938, "car_lcSigma": 0.9085, "car_lcSpeedGainRight": 3.39, "car_lcSublane": 0.1524, "car_sigma": 0.9294, "car_tau_mean": 3.1914, "car_tau_std": 10.0, "car_v_mean": 11.3754, "car_v_std": 3.016}, "datetime": {"datetime": "2024-08-12 00:49:07", "elapsed": 387.721857, "delta": 0.965282}}
{"target": -0.5572737756079712, "params": {"bus_acc": 1.8606, "bus_dcc": 3.7097, "bus_lcAssertive": 38.8484, "bus_lcCooperative": 0.8024, "bus_lcLookaheadLeft": 93.5421, "bus_lcPushy": 0.9967, "bus_lcSigma": 0.5019, "bus_lcSpeedGainRight": 3.5982, "bus_lcSublane": 0.9527, "bus_sigma": 0.7598, "bus_tau_mean": 3.7309, "bus_tau_std": 5.5434, "bus_v_mean": 10.3368, "bus_v_std": 12.0849, "car_acc": 1.7794, "car_dcc": 2.0391, "car_lcAssertive": 85.4816, "car_lcCooperative": 0.4903, "car_lcLookaheadLeft": 10.8, "car_lcPushy": 0.3607, "car_lcSigma": 0.0102, "car_lcSpeedGainRight": 4.6884, "car_lcSublane": 0.0509, "car_sigma": 0.6899, "car_tau_mean": 0.8256, "car_tau_std": 4.9364, "car_v_mean": 20.3318, "car_v_std": 19.631}, "datetime": {"datetime": "2024-08-12 00:49:08", "elapsed": 389.037826, "delta": 1.315969}}
{"target": -0.7864218689885448, "params": {"bus_acc": 3.3796, "bus_dcc": 1.2157, "bus_lcAssertive": 94.6575, "bus_lcCooperative": 0.8837, "bus_lcLookaheadLeft": 55.0097, "bus_lcPushy": 0.0785, "bus_lcSigma": 0.3338, "bus_lcSpeedGainRight": 1.9382, "bus_lcSublane": 0.5834, "bus_sigma": 0.5915, "bus_tau_mean": 2.6053, "bus_tau_std": 7.5517, "bus_v_mean": 19.7856, "bus_v_std": 4.2913, "car_acc": 3.2137, "car_dcc": 0.2637, "car_lcAssertive": 65.6729, "car_lcCooperative": 0.9275, "car_lcLookaheadLeft": 6.3651, "car_lcPushy": 0.5511, "car_lcSigma": 0.4374, "car_lcSpeedGainRight": 2.9435, "car_lcSublane": 0.0442, "car_sigma": 0.245, "car_tau_mean": 1.0937, "car_tau_std": 9.7025, "car_v_mean": 12.7253, "car_v_std": 9.6173}, "datetime": {"datetime": "2024-08-12 00:49:10", "elapsed": 390.509923, "delta": 1.472097}}
{"target": -0.5180838670189538, "params": {"bus_acc": 1.8664, "bus_dcc": 2.0357, "bus_lcAssertive": 67.0587, "bus_lcCooperative": 0.0826, "bus_lcLookaheadLeft": 57.2319, "bus_lcPushy": 0.2827, "bus_lcSigma": 0.9667, "bus_lcSpeedGainRight": 2.9011, "bus_lcSublane": 0.3863, "bus_sigma": 0.2751, "bus_tau_mean": 2.3647, "bus_tau_std": 8.2342, "bus_v_mean": 14.327, "bus_v_std": 14.3745, "car_acc": 1.8459, "car_dcc": 3.5083, "car_lcAssertive": 71.1209, "car_lcCooperative": 0.6847, "car_lcLookaheadLeft": 94.6839, "car_lcPushy": 0.3056, "car_lcSigma": 0.9122, "car_lcSpeedGainRight": 3.2036, "car_lcSublane": 0.66, "car_sigma": 0.6259, "car_tau_mean": 3.4396, "car_tau_std": 5.8041, "car_v_mean": 10.0928, "car_v_std": 11.7073}, "datetime": {"datetime": "2024-08-12 00:49:11", "elapsed": 391.580131, "delta": 1.070208}}
{"target": -0.5008367831557639, "params": {"bus_acc": 3.1979, "bus_dcc": 1.9284, "bus_lcAssertive": 20.7343, "bus_lcCooperative": 0.324, "bus_lcLookaheadLeft": 38.6031, "bus_lcPushy": 0.4358, "bus_lcSigma": 0.8498, "bus_lcSpeedGainRight": 1.7693, "bus_lcSublane": 0.2822, "bus_sigma": 0.2134, "bus_tau_mean": 2.6283, "bus_tau_std": 1.2088, "bus_v_mean": 20.3827, "bus_v_std": 7.1431, "car_acc": 3.3048, "car_dcc": 1.3302, "car_lcAssertive": 71.2534, "car_lcCooperative": 0.0852, "car_lcLookaheadLeft": 64.9514, "car_lcPushy": 0.5668, "car_lcSigma": 0.1547, "car_lcSpeedGainRight": 2.2444, "car_lcSublane": 0.4681, "car_sigma": 0.233, "car_tau_mean": 2.4321, "car_tau_std": 3.6639, "car_v_mean": 14.3461, "car_v_std": 5.862}, "datetime": {"datetime": "2024-08-12 00:49:12", "elapsed": 392.91385, "delta": 1.333719}}
{"target": -0.48656141893888144, "params": {"bus_acc": 3.4465, "bus_dcc": 1.0361, "bus_lcAssertive": 74.9848, "bus_lcCooperative": 0.6066, "bus_lcLookaheadLeft": 8.543, "bus_lcPushy": 0.1261, "bus_lcSigma": 0.7331, "bus_lcSpeedGainRight": 2.9563, "bus_lcSublane": 0.8081, "bus_sigma": 0.6615, "bus_tau_mean": 1.5308, "bus_tau_std": 5.5466, "bus_v_mean": 8.0612, "bus_v_std": 2.2758, "car_acc": 2.3729, "car_dcc": 1.5814, "car_lcAssertive": 31.1974, "car_lcCooperative": 0.2036, "car_lcLookaheadLeft": 94.6308, "car_lcPushy": 0.5815, "car_lcSigma": 0.8951, "car_lcSpeedGainRight": 2.5707, "car_lcSublane": 0.0246, "car_sigma": 0.0749, "car_tau_mean": 3.2255, "car_tau_std": 6.3309, "car_v_mean": 19.9004, "car_v_std": 3.5099}, "datetime": {"datetime": "2024-08-12 00:49:13", "elapsed": 393.865257, "delta": 0.951407}}
{"target": -0.6074183317588188, "params": {"bus_acc": 3.8153, "bus_dcc": 2.3008, "bus_lcAssertive": 96.3352, "bus_lcCooperative": 0.1964, "bus_lcLookaheadLeft": 88.4433, "bus_lcPushy": 0.1159, "bus_lcSigma": 0.6057, "bus_lcSpeedGainRight": 3.0863, "bus_lcSublane": 0.5436, "bus_sigma": 0.9995, "bus_tau_mean": 3.9372, "bus_tau_std": 0.1289, "bus_v_mean": 23.0602, "bus_v_std": 19.1539, "car_acc": 2.8219, "car_dcc": 1.9227, "car_lcAssertive": 53.924, "car_lcCooperative": 0.2878, "car_lcLookaheadLeft": 7.5839, "car_lcPushy": 0.0165, "car_lcSigma": 0.4342, "car_lcSpeedGainRight": 1.0281, "car_lcSublane": 0.382, "car_sigma": 0.3724, "car_tau_mean": 2.696, "car_tau_std": 5.628, "car_v_mean": 22.2444, "car_v_std": 1.8427}, "datetime": {"datetime": "2024-08-12 00:49:14", "elapsed": 395.057684, "delta": 1.192427}}
{"target": -0.5329694163488873, "params": {"bus_acc": 3.9116, "bus_dcc": 2.0649, "bus_lcAssertive": 70.606, "bus_lcCooperative": 0.6311, "bus_lcLookaheadLeft": 22.7613, "bus_lcPushy": 0.8497, "bus_lcSigma": 0.2612, "bus_lcSpeedGainRight": 0.5762, "bus_lcSublane": 0.416, "bus_sigma": 0.9926, "bus_tau_mean": 1.3277, "bus_tau_std": 4.3228, "bus_v_mean": 22.2722, "bus_v_std": 13.4911, "car_acc": 0.5382, "car_dcc": 0.7296, "car_lcAssertive": 38.7581, "car_lcCooperative": 0.3661, "car_lcLookaheadLeft": 83.2846, "car_lcPushy": 0.3069, "car_lcSigma": 0.7845, "car_lcSpeedGainRight": 1.3444, "car_lcSublane": 0.5782, "car_sigma": 0.0138, "car_tau_mean": 1.236, "car_tau_std": 7.6093, "car_v_mean": 21.0277, "car_v_std": 11.59}, "datetime": {"datetime": "2024-08-12 00:49:16", "elapsed": 396.395158, "delta": 1.337474}}
{"target": -0.6169666364514665, "params": {"bus_acc": 3.6694, "bus_dcc": 3.7666, "bus_lcAssertive": 78.3813, "bus_lcCooperative": 0.4962, "bus_lcLookaheadLeft": 40.637, "bus_lcPushy": 0.8612, "bus_lcSigma": 0.5235, "bus_lcSpeedGainRight": 1.4459, "bus_lcSublane": 0.0438, "bus_sigma": 0.2045, "bus_tau_mean": 2.9731, "bus_tau_std": 8.5512, "bus_v_mean": 13.9604, "bus_v_std": 7.5017, "car_acc": 2.2044, "car_dcc": 2.6285, "car_lcAssertive": 15.7506, "car_lcCooperative": 0.7748, "car_lcLookaheadLeft": 47.051, "car_lcPushy": 0.3342, "car_lcSigma": 0.9322, "car_lcSpeedGainRight": 4.5205, "car_lcSublane": 0.4502, "car_sigma": 0.8924, "car_tau_mean": 2.537, "car_tau_std": 8.5732, "car_v_mean": 19.0968, "car_v_std": 12.2153}, "datetime": {"datetime": "2024-08-12 00:49:17", "elapsed": 397.534449, "delta": 1.139291}}
{"target": -0.5379455758341288, "params": {"bus_acc": 3.1039, "bus_dcc": 3.9996, "bus_lcAssertive": 84.6099, "bus_lcCooperative": 0.4786, "bus_lcLookaheadLeft": 55.0462, "bus_lcPushy": 0.7801, "bus_lcSigma": 0.8478, "bus_lcSpeedGainRight": 3.2626, "bus_lcSublane": 0.7417, "bus_sigma": 0.7512, "bus_tau_mean": 0.9882, "bus_tau_std": 5.2914, "bus_v_mean": 10.9986, "bus_v_std": 2.5622, "car_acc": 1.3269, "car_dcc": 2.0336, "car_lcAssertive": 14.9743, "car_lcCooperative": 0.6655, "car_lcLookaheadLeft": 58.2015, "car_lcPushy": 0.4009, "car_lcSigma": 0.4752, "car_lcSpeedGainRight": 4.0925, "car_lcSublane": 0.0396, "car_sigma": 0.6036, "car_tau_mean": 3.663, "car_tau_std": 4.999, "car_v_mean": 22.6849, "car_v_std": 2.4686}, "datetime": {"datetime": "2024-08-12 00:49:18", "elapsed": 398.655354, "delta": 1.120905}}
{"target": -0.5953346423093863, "params": {"bus_acc": 1.1673, "bus_dcc": 2.8455, "bus_lcAssertive": 10.4627, "bus_lcCooperative": 0.3421, "bus_lcLookaheadLeft": 42.0719, "bus_lcPushy": 0.0042, "bus_lcSigma": 0.2716, "bus_lcSpeedGainRight": 2.5054, "bus_lcSublane": 0.2171, "bus_sigma": 0.0524, "bus_tau_mean": 2.3142, "bus_tau_std": 6.11, "bus_v_mean": 19.8285, "bus_v_std": 12.461, "car_acc": 3.8801, "car_dcc": 3.5243, "car_lcAssertive": 25.129, "car_lcCooperative": 0.1046, "car_lcLookaheadLeft": 60.4042, "car_lcPushy": 0.2601, "car_lcSigma": 0.0596, "car_lcSpeedGainRight": 3.252, "car_lcSublane": 0.0122, "car_sigma": 0.6898, "car_tau_mean": 1.0574, "car_tau_std": 4.9674, "car_v_mean": 24.8312, "car_v_std": 0.2138}, "datetime": {"datetime": "2024-08-12 00:49:19", "elapsed": 400.090471, "delta": 1.435117}}
{"target": -0.46917223239143807, "params": {"bus_acc": 3.7786, "bus_dcc": 3.1019, "bus_lcAssertive": 49.4489, "bus_lcCooperative": 0.8592, "bus_lcLookaheadLeft": 8.981, "bus_lcPushy": 0.7763, "bus_lcSigma": 0.5468, "bus_lcSpeedGainRight": 4.991, "bus_lcSublane": 0.4734, "bus_sigma": 0.8514, "bus_tau_mean": 0.6723, "bus_tau_std": 1.3781, "bus_v_mean": 10.4374, "bus_v_std": 12.8283, "car_acc": 1.5582, "car_dcc": 1.6207, "car_lcAssertive": 75.7633, "car_lcCooperative": 0.7257, "car_lcLookaheadLeft": 91.3119, "car_lcPushy": 0.9418, "car_lcSigma": 0.7948, "car_lcSpeedGainRight": 2.818, "car_lcSublane": 0.7801, "car_sigma": 0.4288, "car_tau_mean": 3.0971, "car_tau_std": 6.543, "car_v_mean": 13.5442, "car_v_std": 16.452}, "datetime": {"datetime": "2024-08-12 00:49:21", "elapsed": 401.368002, "delta": 1.277531}}
{"target": -0.7970596638033101, "params": {"bus_acc": 2.0939, "bus_dcc": 3.2947, "bus_lcAssertive": 14.2061, "bus_lcCooperative": 0.0591, "bus_lcLookaheadLeft": 48.4332, "bus_lcPushy": 0.8368, "bus_lcSigma": 0.7789, "bus_lcSpeedGainRight": 1.6951, "bus_lcSublane": 0.8984, "bus_sigma": 0.9821, "bus_tau_mean": 2.055, "bus_tau_std": 8.1292, "bus_v_mean": 9.1327, "bus_v_std": 16.6245, "car_acc": 0.9944, "car_dcc": 2.2958, "car_lcAssertive": 1.7325, "car_lcCooperative": 0.6376, "car_lcLookaheadLeft": 71.0835, "car_lcPushy": 0.297, "car_lcSigma": 0.0034, "car_lcSpeedGainRight": 1.9142, "car_lcSublane": 0.784, "car_sigma": 0.8714, "car_tau_mean": 0.968, "car_tau_std": 4.2215, "car_v_mean": 14.6645, "car_v_std": 17.7559}, "datetime": {"datetime": "2024-08-12 00:49:23", "elapsed": 403.391396, "delta": 2.023394}}
{"target": -0.5720397478668223, "params": {"bus_acc": 0.5516, "bus_dcc": 1.1595, "bus_lcAssertive": 6.222, "bus_lcCooperative": 0.2966, "bus_lcLookaheadLeft": 59.1489, "bus_lcPushy": 0.4081, "bus_lcSigma": 0.9127, "bus_lcSpeedGainRight": 3.9833, "bus_lcSublane": 0.6369, "bus_sigma": 0.1071, "bus_tau_mean": 2.2827, "bus_tau_std": 8.9199, "bus_v_mean": 14.6692, "bus_v_std": 3.7045, "car_acc": 2.1439, "car_dcc": 2.0291, "car_lcAssertive": 95.6138, "car_lcCooperative": 0.0853, "car_lcLookaheadLeft": 93.8791, "car_lcPushy": 0.7805, "car_lcSigma": 0.1626, "car_lcSpeedGainRight": 3.5109, "car_lcSublane": 0.1506, "car_sigma": 0.6141, "car_tau_mean": 3.2834, "car_tau_std": 0.8155, "car_v_mean": 14.0434, "car_v_std": 17.8794}, "datetime": {"datetime": "2024-08-12 00:49:25", "elapsed": 405.591344, "delta": 2.199948}}
{"target": -0.3248819492598651, "params": {"bus_acc": 1.3353, "bus_dcc": 3.7138, "bus_lcAssertive": 43.5998, "bus_lcCooperative": 0.9649, "bus_lcLookaheadLeft": 67.2361, "bus_lcPushy": 0.8405, "bus_lcSigma": 0.1148, "bus_lcSpeedGainRight": 4.8569, "bus_lcSublane": 0.6687, "bus_sigma": 0.7972, "bus_tau_mean": 2.038, "bus_tau_std": 2.3704, "bus_v_mean": 24.3704, "bus_v_std": 11.5832, "car_acc": 0.4297, "car_dcc": 2.6546, "car_lcAssertive": 33.4474, "car_lcCooperative": 0.7459, "car_lcLookaheadLeft": 89.0411, "car_lcPushy": 0.5761, "car_lcSigma": 0.9998, "car_lcSpeedGainRight": 3.2263, "car_lcSublane": 0.1253, "car_sigma": 0.9999, "car_tau_mean": 3.0276, "car_tau_std": 10.0, "car_v_mean": 11.2117, "car_v_std": 2.8522}, "datetime": {"datetime": "2024-08-12 00:49:26", "elapsed": 406.755591, "delta": 1.164247}}
{"target": -0.248374938829979, "params": {"bus_acc": 2.7122, "bus_dcc": 2.0587, "bus_lcAssertive": 36.9784, "bus_lcCooperative": 0.5532, "bus_lcLookaheadLeft": 45.7055, "bus_lcPushy": 0.9618, "bus_lcSigma": 0.0474, "bus_lcSpeedGainRight": 3.4738, "bus_lcSublane": 0.817, "bus_sigma": 0.4095, "bus_tau_mean": 2.9266, "bus_tau_std": 6.1061, "bus_v_mean": 16.3488, "bus_v_std": 12.7992, "car_acc": 0.343, "car_dcc": 3.2397, "car_lcAssertive": 26.4305, "car_lcCooperative": 0.186, "car_lcLookaheadLeft": 73.3738, "car_lcPushy": 0.1698, "car_lcSigma": 0.8921, "car_lcSpeedGainRight": 3.8695, "car_lcSublane": 0.2669, "car_sigma": 0.461, "car_tau_mean": 0.9133, "car_tau_std": 7.5141, "car_v_mean": 16.8333, "car_v_std": 12.1366}, "datetime": {"datetime": "2024-08-12 00:49:27", "elapsed": 407.901755, "delta": 1.146164}}
{"target": -0.741905790373643, "params": {"bus_acc": 1.8373, "bus_dcc": 2.1589, "bus_lcAssertive": 17.313, "bus_lcCooperative": 0.1852, "bus_lcLookaheadLeft": 75.8861, "bus_lcPushy": 0.1026, "bus_lcSigma": 0.7832, "bus_lcSpeedGainRight": 1.918, "bus_lcSublane": 0.4712, "bus_sigma": 0.1406, "bus_tau_mean": 3.9163, "bus_tau_std": 9.6476, "bus_v_mean": 18.5068, "bus_v_std": 15.1146, "car_acc": 1.519, "car_dcc": 0.3527, "car_lcAssertive": 41.3622, "car_lcCooperative": 0.1638, "car_lcLookaheadLeft": 72.4324, "car_lcPushy": 0.9387, "car_lcSigma": 0.8515, "car_lcSpeedGainRight": 0.8581, "car_lcSublane": 0.0946, "car_sigma": 0.688, "car_tau_mean": 0.7637, "car_tau_std": 3.7359, "car_v_mean": 15.2833, "car_v_std": 3.3775}, "datetime": {"datetime": "2024-08-12 00:49:29", "elapsed": 409.680717, "delta": 1.778962}}
{"target": -0.5442049721021172, "params": {"bus_acc": 1.2923, "bus_dcc": 0.8258, "bus_lcAssertive": 34.7571, "bus_lcCooperative": 0.7775, "bus_lcLookaheadLeft": 42.2638, "bus_lcPushy": 0.1374, "bus_lcSigma": 0.9596, "bus_lcSpeedGainRight": 2.197, "bus_lcSublane": 0.511, "bus_sigma": 0.6811, "bus_tau_mean": 3.9124, "bus_tau_std": 9.2091, "bus_v_mean": 16.351, "bus_v_std": 4.3234, "car_acc": 0.3646, "car_dcc": 0.2332, "car_lcAssertive": 34.1313, "car_lcCooperative": 0.95, "car_lcLookaheadLeft": 26.9482, "car_lcPushy": 0.3175, "car_lcSigma": 0.181, "car_lcSpeedGainRight": 4.3441, "car_lcSublane": 0.0083, "car_sigma": 0.1216, "car_tau_mean": 0.9534, "car_tau_std": 8.1626, "car_v_mean": 19.8302, "car_v_std": 18.9562}, "datetime": {"datetime": "2024-08-12 00:49:30", "elapsed": 411.074466, "delta": 1.393749}}
{"target": -0.5598056139359117, "params": {"bus_acc": 3.7296, "bus_dcc": 2.9018, "bus_lcAssertive": 33.2337, "bus_lcCooperative": 0.0206, "bus_lcLookaheadLeft": 82.3633, "bus_lcPushy": 0.1284, "bus_lcSigma": 0.5043, "bus_lcSpeedGainRight": 2.4744, "bus_lcSublane": 0.4976, "bus_sigma": 0.3376, "bus_tau_mean": 3.216, "bus_tau_std": 4.9582, "bus_v_mean": 16.5217, "bus_v_std": 1.7762, "car_acc": 1.3949, "car_dcc": 3.0842, "car_lcAssertive": 70.1155, "car_lcCooperative": 0.0804, "car_lcLookaheadLeft": 43.9353, "car_lcPushy": 0.4705, "car_lcSigma": 0.3742, "car_lcSpeedGainRight": 0.8307, "car_lcSublane": 0.2813, "car_sigma": 0.2019, "car_tau_mean": 2.3358, "car_tau_std": 7.4992, "car_v_mean": 12.4493, "car_v_std": 16.8213}, "datetime": {"datetime": "2024-08-12 00:49:33", "elapsed": 413.247073, "delta": 2.172607}}
