{"target": -0.801969532923088, "params": {"bus_acc": 2.50695781549535, "bus_dcc": 1.771628377004413, "bus_lcAssertive": 81.8187996708942, "bus_lcCooperative": 0.18513039826903066, "bus_lcLookaheadLeft": 70.78389991611843, "bus_lcPushy": 0.24035562484913886, "bus_lcSigma": 0.5742190888408597, "bus_lcSpeedGainRight": 1.7449379861039445, "bus_lcSublane": 0.05696439948283272, "bus_sigma": 0.22881367096037586, "bus_tau_mean": 2.8243589437417773, "bus_tau_std": 4.972500933605312, "bus_v_mean": 17.34228771332622, "bus_v_std": 3.49440300217845, "car_acc": 2.368720235875774, "car_dcc": 3.987663015791198, "car_lcAssertive": 81.86667577037056, "car_lcCooperative": 0.5943726238309778, "car_lcLookaheadLeft": 97.64692869642869, "car_lcPushy": 0.9015625846693213, "car_lcSigma": 0.5956079336026455, "car_lcSpeedGainRight": 0.16213162657228553, "car_lcSublane": 0.09357709581748075, "car_sigma": 0.06537171504222639, "car_tau_mean": 2.0810660204201636, "car_tau_std": 3.7543483316785773, "car_v_mean": 25.55630061686516, "car_v_std": 3.3596658639922983}, "datetime": {"datetime": "2024-08-12 00:43:16", "elapsed": 36.221109, "delta": 0.334512}}
{"target": -0.8441265068248752, "params": {"bus_acc": 2.38164690086965, "bus_dcc": 0.7575685846420785, "bus_lcAssertive": 59.34124815342514, "bus_lcCooperative": 0.6997583600209312, "bus_lcLookaheadLeft": 12.028774025126932, "bus_lcPushy": 0.4140559878195683, "bus_lcSigma": 0.6944001577277451, "bus_lcSpeedGainRight": 2.0708963476345135, "bus_lcSublane": 0.04995345894608716, "bus_sigma": 0.5358964059155116, "bus_tau_mean": 2.823281258269261, "bus_tau_std": 5.148891120583086, "bus_v_mean": 25.00270560783464, "bus_v_std": 11.731100810039859, "car_acc": 3.632927278093957, "car_dcc": 0.7224038757557025, "car_lcAssertive": 14.788358377825096, "car_lcCooperative": 0.8073912887095238, "car_lcLookaheadLeft": 40.97233002458229, "car_lcPushy": 0.16535419711693278, "car_lcSigma": 0.9275085803960339, "car_lcSpeedGainRight": 1.738829298727533, "car_lcSublane": 0.7508121031361555, "car_sigma": 0.7259979853504515, "car_tau_mean": 3.5915713192203342, "car_tau_std": 6.236722070556089, "car_v_mean": 21.51696381249207, "car_v_std": 6.977966839556851}, "datetime": {"datetime": "2024-08-12 00:43:16", "elapsed": 36.78506, "delta": 0.563951}}
{"target": -0.639521964842444, "params": {"bus_acc": 1.3298592497276345, "bus_dcc": 0.30490284542711377, "bus_lcAssertive": 59.749812496997485, "bus_lcCooperative": 0.8438404289311888, "bus_lcLookaheadLeft": 39.33958015809699, "bus_lcPushy": 0.7498583107261434, "bus_lcSigma": 0.5111414782971282, "bus_lcSpeedGainRight": 2.704759024810943, "bus_lcSublane": 0.9594343210617524, "bus_sigma": 0.8039608914986468, "bus_tau_mean": 0.6131307331825089, "bus_tau_std": 7.0938725123129505, "bus_v_mean": 16.37002666814311, "bus_v_std": 18.950978827901995, "car_acc": 1.0414443904292556, "car_dcc": 1.21487367480059, "car_lcAssertive": 9.065922522848938, "car_lcCooperative": 0.42861882866378653, "car_lcLookaheadLeft": 12.683838873868693, "car_lcPushy": 0.6337867606119179, "car_lcSigma": 0.8029632373737379, "car_lcSpeedGainRight": 3.4840024806008922, "car_lcSublane": 0.7662113810757705, "car_sigma": 0.3424541198435198, "car_tau_mean": 3.4604801905968716, "car_tau_std": 4.287687749994426, "car_v_mean": 22.83217766742174, "car_v_std": 12.529923172485875}, "datetime": {"datetime": "2024-08-12 00:43:17", "elapsed": 37.347047, "delta": 0.561987}}
{"target": -0.41082359383020384, "params": {"bus_acc": 2.168523734058753, "bus_dcc": 1.6164454479704453, "bus_lcAssertive": 71.32510325364133, "bus_lcCooperative": 0.455643424642054, "bus_lcLookaheadLeft": 61.31086372207486, "bus_lcPushy": 0.9904061968899467, "bus_lcSigma": 0.7739162499564685, "bus_lcSpeedGainRight": 1.6713820249691314, "bus_lcSublane": 0.08899822082237796, "bus_sigma": 0.18490559027840836, "bus_tau_mean": 2.3439815656214202, "bus_tau_std": 4.17102418106858, "bus_v_mean": 22.411873846326316, "bus_v_std": 18.664046763733634, "car_acc": 0.8758860422151244, "car_dcc": 3.4682537293296214, "car_lcAssertive": 95.78209770634021, "car_lcCooperative": 0.9594706068497821, "car_lcLookaheadLeft": 5.710533596602189, "car_lcPushy": 0.05758350560817371, "car_lcSigma": 0.005797392917688993, "car_lcSpeedGainRight": 1.5634057807773822, "car_lcSublane": 0.05569841271210463, "car_sigma": 0.29386248547054417, "car_tau_mean": 1.746057701109153, "car_tau_std": 9.536770184739218, "car_v_mean": 16.585116604762003, "car_v_std": 5.564768848426606}, "datetime": {"datetime": "2024-08-12 00:43:17", "elapsed": 37.806744, "delta": 0.459697}}
{"target": -0.4101671863516481, "params": {"bus_acc": 1.7141411468863523, "bus_dcc": 1.633510356615936, "bus_lcAssertive": 66.69666053543827, "bus_lcCooperative": 0.08633328681516406, "bus_lcLookaheadLeft": 55.88921220625415, "bus_lcPushy": 0.015421822343255842, "bus_lcSigma": 0.9830389835394168, "bus_lcSpeedGainRight": 2.992136111940074, "bus_lcSublane": 0.38411422799622663, "bus_sigma": 0.1467479307274827, "bus_tau_mean": 2.939074142528818, "bus_tau_std": 9.058084167065523, "bus_v_mean": 13.725957542203101, "bus_v_std": 15.329842893124594, "car_acc": 1.2924927877565129, "car_dcc": 3.8374563010226947, "car_lcAssertive": 70.52925972468594, "car_lcCooperative": 0.6250155931933211, "car_lcLookaheadLeft": 93.21200384871447, "car_lcPushy": 0.26904238725191854, "car_lcSigma": 0.9236157463407607, "car_lcSpeedGainRight": 3.3904146706199123, "car_lcSublane": 0.7713625072014619, "car_sigma": 0.5716353364349513, "car_tau_mean": 3.4186663712473164, "car_tau_std": 6.982817992918626, "car_v_mean": 10.638956631984362, "car_v_std": 12.249222572561498}, "datetime": {"datetime": "2024-08-12 00:43:17", "elapsed": 38.177192, "delta": 0.370448}}
{"target": -0.6397115760393003, "params": {"bus_acc": 3.89659284934409, "bus_dcc": 3.1164045016794497, "bus_lcAssertive": 82.59954612282529, "bus_lcCooperative": 0.6326158167779973, "bus_lcLookaheadLeft": 67.53581148025974, "bus_lcPushy": 0.47688233352119336, "bus_lcSigma": 0.013136356923072245, "bus_lcSpeedGainRight": 1.765030427709124, "bus_lcSublane": 0.49207180149355845, "bus_sigma": 0.7300912110901043, "bus_tau_mean": 2.1401991996113825, "bus_tau_std": 4.574049160894317, "bus_v_mean": 10.477929337020857, "bus_v_std": 0.2177746760695798, "car_acc": 3.0814573898125857, "car_dcc": 1.4158207846951778, "car_lcAssertive": 98.45396156915756, "car_lcCooperative": 0.220234226159156, "car_lcLookaheadLeft": 35.19338649720461, "car_lcPushy": 0.5238961356661317, "car_lcSigma": 0.7548914570605327, "car_lcSpeedGainRight": 2.3192889195014783, "car_lcSublane": 0.12482254311167629, "car_sigma": 0.3125013784920495, "car_tau_mean": 2.265817093953481, "car_tau_std": 6.738490080168677, "car_v_mean": 21.86269921361766, "car_v_std": 2.6067156190870855}, "datetime": {"datetime": "2024-08-12 00:43:18", "elapsed": 38.590924, "delta": 0.413732}}
{"target": -0.5445393503860622, "params": {"bus_acc": 2.549714303445965, "bus_dcc": 2.2188936798280205, "bus_lcAssertive": 25.58078217071276, "bus_lcCooperative": 0.2950785752494959, "bus_lcLookaheadLeft": 87.52324416210728, "bus_lcPushy": 0.42166593484970927, "bus_lcSigma": 0.0644302555796068, "bus_lcSpeedGainRight": 4.484925347537913, "bus_lcSublane": 0.20338083282405106, "bus_sigma": 0.8262275354923914, "bus_tau_mean": 3.5861971807898256, "bus_tau_std": 4.867507448183382, "bus_v_mean": 18.772364475883457, "bus_v_std": 10.545349129708338, "car_acc": 2.5743209179048963, "car_dcc": 3.4491585411199357, "car_lcAssertive": 28.9318053920812, "car_lcCooperative": 0.8837555081806009, "car_lcLookaheadLeft": 57.63365235167663, "car_lcPushy": 0.11510304096690338, "car_lcSigma": 0.22700116521465796, "car_lcSpeedGainRight": 2.9799119280650688, "car_lcSublane": 0.23944623690468037, "car_sigma": 0.13141566053746057, "car_tau_mean": 1.066466999433423, "car_tau_std": 8.448725182357391, "car_v_mean": 18.839305770068794, "car_v_std": 19.27134174376684}, "datetime": {"datetime": "2024-08-12 00:43:18", "elapsed": 39.014161, "delta": 0.423237}}
{"target": -0.5759656745981491, "params": {"bus_acc": 1.3601914195035656, "bus_dcc": 0.24758678016859842, "bus_lcAssertive": 27.5580200844577, "bus_lcCooperative": 0.7967454755900841, "bus_lcLookaheadLeft": 93.13932271842313, "bus_lcPushy": 0.6253311549032551, "bus_lcSigma": 0.13280748458041103, "bus_lcSpeedGainRight": 3.7878517962371063, "bus_lcSublane": 0.526905346047344, "bus_sigma": 0.753869071621213, "bus_tau_mean": 3.505140960745044, "bus_tau_std": 9.475415511018243, "bus_v_mean": 19.781675623210965, "bus_v_std": 17.08516419685293, "car_acc": 3.021834619246878, "car_dcc": 2.962984515933972, "car_lcAssertive": 86.0202848704295, "car_lcCooperative": 0.9230030407536653, "car_lcLookaheadLeft": 90.40344814943477, "car_lcPushy": 0.39575026156518067, "car_lcSigma": 0.0840212797987252, "car_lcSpeedGainRight": 4.147868592290745, "car_lcSublane": 0.5389315533076343, "car_sigma": 0.542076154739123, "car_tau_mean": 3.3881136569824686, "car_tau_std": 0.31984184375773883, "car_v_mean": 23.80328753705282, "car_v_std": 0.6926800267544064}, "datetime": {"datetime": "2024-08-12 00:43:19", "elapsed": 39.436613, "delta": 0.422452}}
{"target": -0.5995285278983968, "params": {"bus_acc": 2.204961732134127, "bus_dcc": 1.542321142735624, "bus_lcAssertive": 20.621723702698993, "bus_lcCooperative": 0.22059408184733575, "bus_lcLookaheadLeft": 6.2945079532604, "bus_lcPushy": 0.7131639731598145, "bus_lcSigma": 0.6538401991962549, "bus_lcSpeedGainRight": 2.218848963623612, "bus_lcSublane": 0.7189394880898436, "bus_sigma": 0.10997597244532042, "bus_tau_mean": 3.785517106791259, "bus_tau_std": 8.476267092393876, "bus_v_mean": 19.8626418739859, "bus_v_std": 7.576623373234637, "car_acc": 1.7829535702560402, "car_dcc": 2.032184904198376, "car_lcAssertive": 93.59309323067326, "car_lcCooperative": 0.8635929549181026, "car_lcLookaheadLeft": 48.83653722322282, "car_lcPushy": 0.554518498278167, "car_lcSigma": 0.8754038622793218, "car_lcSpeedGainRight": 4.74632216886145, "car_lcSublane": 0.639184755868246, "car_sigma": 0.7485203200897537, "car_tau_mean": 1.7306871722615491, "car_tau_std": 9.1802831908618, "car_v_mean": 23.06153689736896, "car_v_std": 11.041117624495255}, "datetime": {"datetime": "2024-08-12 00:43:19", "elapsed": 39.85424, "delta": 0.417627}}
{"target": -0.8311517759526391, "params": {"bus_acc": 0.4680597700260569, "bus_dcc": 0.4791732865684687, "bus_lcAssertive": 2.459635299094746, "bus_lcCooperative": 0.971820072977926, "bus_lcLookaheadLeft": 11.287157812808454, "bus_lcPushy": 0.8417368261858497, "bus_lcSigma": 0.6851729969076996, "bus_lcSpeedGainRight": 2.4377858374145904, "bus_lcSublane": 0.3466948813585782, "bus_sigma": 0.35364778706700506, "bus_tau_mean": 1.3884360882151552, "bus_tau_std": 9.110179736986264, "bus_v_mean": 21.061565818907642, "bus_v_std": 0.5185158556853975, "car_acc": 1.9537807623390353, "car_dcc": 1.2689448356398831, "car_lcAssertive": 3.8676524316119494, "car_lcCooperative": 0.8846818943092944, "car_lcLookaheadLeft": 77.55852507955886, "car_lcPushy": 0.32973507924426093, "car_lcSigma": 0.796558587536711, "car_lcSpeedGainRight": 1.6231916110149829, "car_lcSublane": 0.30788244381764673, "car_sigma": 0.9281090785007262, "car_tau_mean": 3.919206566810476, "car_tau_std": 5.235553047168928, "car_v_mean": 25.13483301622265, "car_v_std": 17.75992987852929}, "datetime": {"datetime": "2024-08-12 00:43:20", "elapsed": 40.268559, "delta": 0.414319}}
{"target": -0.7112281640706947, "params": {"bus_acc": 1.1545720967276691, "bus_dcc": 2.691890918032791, "bus_lcAssertive": 96.07931767378179, "bus_lcCooperative": 0.0035547604644260433, "bus_lcLookaheadLeft": 72.88938235064201, "bus_lcPushy": 0.10899503392964371, "bus_lcSigma": 0.5437874916638252, "bus_lcSpeedGainRight": 3.134580083401673, "bus_lcSublane": 0.24294712577080113, "bus_sigma": 0.9138438752466082, "bus_tau_mean": 2.6780938504206624, "bus_tau_std": 2.3169469139485988, "bus_v_mean": 21.862379376796536, "bus_v_std": 2.1101415999466955, "car_acc": 2.309856210419109, "car_dcc": 0.5608330652494677, "car_lcAssertive": 58.51742319482693, "car_lcCooperative": 0.2529801127201884, "car_lcLookaheadLeft": 65.64774717956513, "car_lcPushy": 0.71582695285818, "car_lcSigma": 0.5241856145686612, "car_lcSpeedGainRight": 3.2876070385155503, "car_lcSublane": 0.8132938453250557, "car_sigma": 0.8075122716430321, "car_tau_mean": 2.6688869721885196, "car_tau_std": 4.511024621207749, "car_v_mean": 15.343099802852613, "car_v_std": 17.494952398087268}, "datetime": {"datetime": "2024-08-12 00:43:20", "elapsed": 40.589969, "delta": 0.32141}}
{"target": -0.48167636369897515, "params": {"bus_acc": 0.8073678713075547, "bus_dcc": 0.9698880758347177, "bus_lcAssertive": 43.686993760876724, "bus_lcCooperative": 0.40420190577514725, "bus_lcLookaheadLeft": 16.381645114900824, "bus_lcPushy": 0.7293189193611234, "bus_lcSigma": 0.18874506687718595, "bus_lcSpeedGainRight": 3.219478221558314, "bus_lcSublane": 0.7543059505762987, "bus_sigma": 0.21073239208332073, "bus_tau_mean": 2.60333986837674, "bus_tau_std": 7.489283752458364, "bus_v_mean": 19.487936791166, "bus_v_std": 11.942546058932981, "car_acc": 1.3228326854908887, "car_dcc": 2.9801045907177333, "car_lcAssertive": 94.58553555999502, "car_lcCooperative": 0.42556139026154693, "car_lcLookaheadLeft": 78.65381804947772, "car_lcPushy": 0.056141039661915304, "car_lcSigma": 0.8352716024899659, "car_lcSpeedGainRight": 0.9612500841107385, "car_lcSublane": 0.3950968688899732, "car_sigma": 0.30008104592535645, "car_tau_mean": 0.7803627533211726, "car_tau_std": 9.046310029362429, "car_v_mean": 14.662775195967289, "car_v_std": 10.61394876952279}, "datetime": {"datetime": "2024-08-12 00:43:20", "elapsed": 41.160172, "delta": 0.570203}}
{"target": -0.47371695027230704, "params": {"bus_acc": 2.529826874394647, "bus_dcc": 3.755797813111159, "bus_lcAssertive": 60.09196396965134, "bus_lcCooperative": 0.9795901743594252, "bus_lcLookaheadLeft": 45.218648800069374, "bus_lcPushy": 0.7396119625075467, "bus_lcSigma": 0.03760387864960013, "bus_lcSpeedGainRight": 3.8236331950024303, "bus_lcSublane": 0.5182815803268124, "bus_sigma": 0.0053165329611032375, "bus_tau_mean": 1.4702003667390948, "bus_tau_std": 5.348322325198115, "bus_v_mean": 21.82333180906361, "bus_v_std": 1.0618519090505019, "car_acc": 2.286403086631975, "car_dcc": 3.2437793120337526, "car_lcAssertive": 65.3087224329694, "car_lcCooperative": 0.9314470149929107, "car_lcLookaheadLeft": 9.323681611446592, "car_lcPushy": 0.2768064626005866, "car_lcSigma": 0.9192375042561725, "car_lcSpeedGainRight": 3.8250257414907147, "car_lcSublane": 0.5997403444720987, "car_sigma": 0.8329681438370704, "car_tau_mean": 3.636152220512507, "car_tau_std": 9.727203528528248, "car_v_mean": 25.973369127616508, "car_v_std": 2.7929866736820697}, "datetime": {"datetime": "2024-08-12 00:43:21", "elapsed": 41.691074, "delta": 0.530902}}
{"target": -0.6977954441410984, "params": {"bus_acc": 3.7662311890555893, "bus_dcc": 1.5035068173555448, "bus_lcAssertive": 78.19468525277739, "bus_lcCooperative": 0.17473631282740743, "bus_lcLookaheadLeft": 35.51137795764034, "bus_lcPushy": 0.14459772083809674, "bus_lcSigma": 0.716770814146376, "bus_lcSpeedGainRight": 3.496538118484071, "bus_lcSublane": 0.6884973179489188, "bus_sigma": 0.25339603448629966, "bus_tau_mean": 2.923260425681931, "bus_tau_std": 2.2729754091594954, "bus_v_mean": 15.643684086764114, "bus_v_std": 7.438442433353744, "car_acc": 1.5501700641564642, "car_dcc": 0.41908826751677425, "car_lcAssertive": 63.53301605972803, "car_lcCooperative": 0.7073166026816995, "car_lcLookaheadLeft": 62.13169206127789, "car_lcPushy": 0.6483127561631246, "car_lcSigma": 0.16994071421725776, "car_lcSpeedGainRight": 0.7472339946943124, "car_lcSublane": 0.5141750435258828, "car_sigma": 0.8753327263545391, "car_tau_mean": 1.143837045415277, "car_tau_std": 4.628391187082599, "car_v_mean": 15.720782012538253, "car_v_std": 9.945783718390327}, "datetime": {"datetime": "2024-08-12 00:43:22", "elapsed": 42.594833, "delta": 0.903759}}
{"target": -0.5401963592957348, "params": {"bus_acc": 0.8137409278468453, "bus_dcc": 1.5012744363122799, "bus_lcAssertive": 26.9261600062485, "bus_lcCooperative": 0.844526943229479, "bus_lcLookaheadLeft": 80.43256008608736, "bus_lcPushy": 0.4266391582681436, "bus_lcSigma": 0.6070154607890389, "bus_lcSpeedGainRight": 0.7273280513310998, "bus_lcSublane": 0.5096132942175586, "bus_sigma": 0.29694708578690454, "bus_tau_mean": 3.508778337492204, "bus_tau_std": 6.715983809063899, "bus_v_mean": 19.40253222720358, "bus_v_std": 2.4950260013835845, "car_acc": 1.9882339420957655, "car_dcc": 3.9489765624301496, "car_lcAssertive": 94.88161823319385, "car_lcCooperative": 0.6450856402604436, "car_lcLookaheadLeft": 16.869037361133415, "car_lcPushy": 0.639126848719905, "car_lcSigma": 0.5656621125439275, "car_lcSpeedGainRight": 2.34332918830626, "car_lcSublane": 0.42803746946827015, "car_sigma": 0.5992697556580301, "car_tau_mean": 3.474894609805879, "car_tau_std": 7.511210403719374, "car_v_mean": 18.428489725350197, "car_v_std": 18.49408363072056}, "datetime": {"datetime": "2024-08-12 00:43:23", "elapsed": 43.65823, "delta": 1.063397}}
{"target": -0.4574856412646122, "params": {"bus_acc": 0.6491319915187461, "bus_dcc": 3.3805915724113462, "bus_lcAssertive": 74.66945621558399, "bus_lcCooperative": 0.5905205476471171, "bus_lcLookaheadLeft": 25.803374346557327, "bus_lcPushy": 0.6232471451875841, "bus_lcSigma": 0.638355320741173, "bus_lcSpeedGainRight": 1.6378472205616257, "bus_lcSublane": 0.06748934306754228, "bus_sigma": 0.8805385975643267, "bus_tau_mean": 2.1098485587599045, "bus_tau_std": 7.638727180664299, "bus_v_mean": 12.569995176969314, "bus_v_std": 11.827743645350337, "car_acc": 1.8294216093254312, "car_dcc": 1.6519824416867301, "car_lcAssertive": 13.544625000845354, "car_lcCooperative": 0.24426666320897583, "car_lcLookaheadLeft": 9.775475129915257, "car_lcPushy": 0.3028583047175786, "car_lcSigma": 0.7417048002315554, "car_lcSpeedGainRight": 3.0750786248552444, "car_lcSublane": 0.6724110989339258, "car_sigma": 0.00838307952503159, "car_tau_mean": 2.8743194028796197, "car_tau_std": 5.031806905428871, "car_v_mean": 12.156352108715225, "car_v_std": 3.4979301796384443}, "datetime": {"datetime": "2024-08-12 00:43:24", "elapsed": 44.926636, "delta": 1.268406}}
{"target": -0.5415685251994383, "params": {"bus_acc": 0.44601193707788567, "bus_dcc": 3.9671167331808745, "bus_lcAssertive": 6.246459724130964, "bus_lcCooperative": 0.19949554613856135, "bus_lcLookaheadLeft": 43.429760841166974, "bus_lcPushy": 0.10750887618516769, "bus_lcSigma": 0.6236704109977018, "bus_lcSpeedGainRight": 0.23996282024433657, "bus_lcSublane": 0.28462388100694214, "bus_sigma": 0.06103668111967109, "bus_tau_mean": 2.962317658867784, "bus_tau_std": 6.68456167589482, "bus_v_mean": 14.814450678510841, "bus_v_std": 3.763885200596424, "car_acc": 3.038618350313792, "car_dcc": 1.4934413049087754, "car_lcAssertive": 79.73481557315864, "car_lcCooperative": 0.4879009391796203, "car_lcLookaheadLeft": 53.51560554639598, "car_lcPushy": 0.028490849491567216, "car_lcSigma": 0.6442320198790318, "car_lcSpeedGainRight": 1.7532825121608369, "car_lcSublane": 0.2292050272920657, "car_sigma": 0.4338833762117006, "car_tau_mean": 1.8386361004482115, "car_tau_std": 4.697890400863603, "car_v_mean": 25.630700375236515, "car_v_std": 7.287561407364609}, "datetime": {"datetime": "2024-08-12 00:43:26", "elapsed": 46.27668, "delta": 1.350044}}
{"target": -0.5013645991995448, "params": {"bus_acc": 0.5293553960810584, "bus_dcc": 2.4594947748241784, "bus_lcAssertive": 93.16799666925122, "bus_lcCooperative": 0.1337783077430914, "bus_lcLookaheadLeft": 52.27520477868174, "bus_lcPushy": 0.6839992141169576, "bus_lcSigma": 0.17182975960682711, "bus_lcSpeedGainRight": 0.05629946746094738, "bus_lcSublane": 0.8876831304797248, "bus_sigma": 0.035231270653359514, "bus_tau_mean": 1.401103993326861, "bus_tau_std": 6.516840317406684, "bus_v_mean": 13.144092800403719, "bus_v_std": 0.19415193149633136, "car_acc": 2.386716970966933, "car_dcc": 1.3696106576719, "car_lcAssertive": 15.99989212336019, "car_lcCooperative": 0.9712833117325801, "car_lcLookaheadLeft": 18.167282254097344, "car_lcPushy": 0.7272354411432771, "car_lcSigma": 0.890724191493513, "car_lcSpeedGainRight": 4.2935755786347265, "car_lcSublane": 0.1842570671584468, "car_sigma": 0.23680853369423926, "car_tau_mean": 0.5642692277590035, "car_tau_std": 9.314054672648544, "car_v_mean": 23.968181179831515, "car_v_std": 11.909323379390857}, "datetime": {"datetime": "2024-08-12 00:43:27", "elapsed": 47.66704, "delta": 1.39036}}
{"target": -0.601953429718559, "params": {"bus_acc": 1.5497956794906462, "bus_dcc": 3.902007986001347, "bus_lcAssertive": 13.154440815492576, "bus_lcCooperative": 0.18756989261723955, "bus_lcLookaheadLeft": 89.16536259551893, "bus_lcPushy": 0.5834063146082279, "bus_lcSigma": 0.3092463846587796, "bus_lcSpeedGainRight": 0.0038219273909401164, "bus_lcSublane": 0.22759773832225305, "bus_sigma": 0.1454036341712357, "bus_tau_mean": 1.212018385295317, "bus_tau_std": 8.963225568040047, "bus_v_mean": 23.71569880885353, "bus_v_std": 14.005788752668995, "car_acc": 1.9878911693783943, "car_dcc": 3.3431168088626957, "car_lcAssertive": 50.086813311436025, "car_lcCooperative": 0.36348868328490525, "car_lcLookaheadLeft": 29.009104070564156, "car_lcPushy": 0.9247408135383717, "car_lcSigma": 0.38698923425629217, "car_lcSpeedGainRight": 2.464404367156601, "car_lcSublane": 0.2544381023144221, "car_sigma": 0.8849665188380633, "car_tau_mean": 1.8414220988185035, "car_tau_std": 2.9757471531387525, "car_v_mean": 20.91670931950558, "car_v_std": 3.8173988634461486}, "datetime": {"datetime": "2024-08-12 00:43:29", "elapsed": 49.740993, "delta": 2.073953}}
