{"target": -0.40651163525635997, "params": {"bus_acc": 1.0775784916240716, "bus_dcc": 1.288233099842053, "bus_lcAssertive": 83.24438532353815, "bus_lcCooperative": 0.15342094116241234, "bus_lcLookaheadLeft": 56.109603140241184, "bus_lcPushy": 0.5681397176921924, "bus_lcSigma": 0.3434200931086723, "bus_lcSpeedGainRight": 1.7530859465347681, "bus_lcSublane": 0.9591120175192023, "bus_sigma": 0.5533439494595207, "bus_tau_mean": 2.7845592031533415, "bus_tau_std": 4.907401164444133, "bus_v_mean": 19.63969967009223, "bus_v_std": 12.10501571014124, "car_acc": 0.7516585130963633, "car_dcc": 1.471786024961454, "car_lcAssertive": 46.58296535243441, "car_lcCooperative": 0.12782166160638486, "car_lcLookaheadLeft": 37.58118571324082, "car_lcPushy": 0.22814163429292222, "car_lcSigma": 0.847502602270402, "car_lcSpeedGainRight": 1.7073704001064933, "car_lcSublane": 0.2267893206662649, "car_sigma": 0.4081814028522822, "car_tau_mean": 2.890724166677864, "car_tau_std": 0.6562199896142484, "car_v_mean": 11.253125844853816, "car_v_std": 13.886138778474573}, "datetime": {"datetime": "2024-08-12 00:44:07", "elapsed": 87.772866, "delta": 1.592293}}
{"target": -0.530871397778304, "params": {"bus_acc": 2.0409862316043257, "bus_dcc": 3.5723292966763647, "bus_lcAssertive": 14.606911412798858, "bus_lcCooperative": 0.9643727973861176, "bus_lcLookaheadLeft": 6.177708816064829, "bus_lcPushy": 0.09944025725488481, "bus_lcSigma": 0.2232384309404435, "bus_lcSpeedGainRight": 4.03292541130257, "bus_lcSublane": 0.4558728073695024, "bus_sigma": 0.6532511422613194, "bus_tau_mean": 1.1101239813194304, "bus_tau_std": 1.6672193292652826, "bus_v_mean": 17.375270129968204, "bus_v_std": 14.805872705604433, "car_acc": 1.9574029678171079, "car_dcc": 3.504533523460229, "car_lcAssertive": 66.38078153239339, "car_lcCooperative": 0.2490900884519328, "car_lcLookaheadLeft": 25.02041763860628, "car_lcPushy": 0.3740467168670696, "car_lcSigma": 0.7566160562962172, "car_lcSpeedGainRight": 4.689688321548911, "car_lcSublane": 0.8619059993188329, "car_sigma": 0.26161079268292176, "car_tau_mean": 1.9429762479249943, "car_tau_std": 6.115440994503215, "car_v_mean": 17.84302020468455, "car_v_std": 7.785498908179314}, "datetime": {"datetime": "2024-08-12 00:44:08", "elapsed": 88.845298, "delta": 1.072432}}
{"target": -0.5999669206814352, "params": {"bus_acc": 0.5853989521488514, "bus_dcc": 2.9065302567095714, "bus_lcAssertive": 9.725381228617952, "bus_lcCooperative": 0.8660774293737196, "bus_lcLookaheadLeft": 86.61794715259819, "bus_lcPushy": 0.7084507915153727, "bus_lcSigma": 0.4864245738076861, "bus_lcSpeedGainRight": 3.4957328270645824, "bus_lcSublane": 0.3949870601017651, "bus_sigma": 0.7974959842933487, "bus_tau_mean": 3.252459787979467, "bus_tau_std": 1.5552858387362167, "bus_v_mean": 13.72071590631076, "bus_v_std": 6.879663535719807, "car_acc": 1.583847134883398, "car_dcc": 2.3532531154140153, "car_lcAssertive": 5.12705680950849, "car_lcCooperative": 0.6599697189638991, "car_lcLookaheadLeft": 21.759912387550166, "car_lcPushy": 0.4164625561731081, "car_lcSigma": 0.4508926565007, "car_lcSpeedGainRight": 1.7436338477382296, "car_lcSublane": 0.38328031012801256, "car_sigma": 0.18030606084775935, "car_tau_mean": 0.7384552008792604, "car_tau_std": 5.512566489358516, "car_v_mean": 18.725605021099717, "car_v_std": 2.909995784434176}, "datetime": {"datetime": "2024-08-12 00:44:09", "elapsed": 90.120997, "delta": 1.275699}}
{"target": -0.7190562667912132, "params": {"bus_acc": 3.391394698751136, "bus_dcc": 3.5063889881687573, "bus_lcAssertive": 81.85864247329991, "bus_lcCooperative": 0.8778014186346996, "bus_lcLookaheadLeft": 57.95885866983316, "bus_lcPushy": 0.9640361333390818, "bus_lcSigma": 0.6065443482504677, "bus_lcSpeedGainRight": 3.019738705398407, "bus_lcSublane": 0.31929773707461884, "bus_sigma": 0.681204184117019, "bus_tau_mean": 0.6818799097687634, "bus_tau_std": 1.3454642101194225, "bus_v_mean": 10.34435901630977, "bus_v_std": 13.104025744494713, "car_acc": 0.8662638487310856, "car_dcc": 1.4963579283558792, "car_lcAssertive": 5.386853927477355, "car_lcCooperative": 0.2337343601165106, "car_lcLookaheadLeft": 96.49398383523082, "car_lcPushy": 0.5091394025163677, "car_lcSigma": 0.15107451847143194, "car_lcSpeedGainRight": 2.6150426586723214, "car_lcSublane": 0.9435093839110807, "car_sigma": 0.865686014006334, "car_tau_mean": 1.872230541256354, "car_tau_std": 2.8386751597340263, "car_v_mean": 21.71113752846935, "car_v_std": 4.809686496061756}, "datetime": {"datetime": "2024-08-12 00:44:10", "elapsed": 91.134325, "delta": 1.013328}}
{"target": -0.19831158649664352, "params": {"bus_acc": 1.7846836178697811, "bus_dcc": 2.9372330750802007, "bus_lcAssertive": 1.0113231069171438, "bus_lcCooperative": 0.30233257263183977, "bus_lcLookaheadLeft": 16.38207730007708, "bus_lcPushy": 0.0923385947687978, "bus_lcSigma": 0.1862602113776709, "bus_lcSpeedGainRight": 1.7278036352152388, "bus_lcSublane": 0.39676747423066994, "bus_sigma": 0.538816734003357, "bus_tau_mean": 1.9671808004115319, "bus_tau_std": 6.852195003967595, "bus_v_mean": 11.680140495167315, "bus_v_std": 17.562348727818907, "car_acc": 0.30407285415211943, "car_dcc": 2.7477765386779285, "car_lcAssertive": 42.31317543434557, "car_lcCooperative": 0.5586898284457517, "car_lcLookaheadLeft": 15.75791998233291, "car_lcPushy": 0.1981014890848788, "car_lcSigma": 0.8007445686755367, "car_lcSpeedGainRight": 4.841307878596988, "car_lcSublane": 0.31342417815924284, "car_sigma": 0.6923226156693141, "car_tau_mean": 3.567362033036134, "car_tau_std": 8.946066635038473, "car_v_mean": 9.530795804656002, "car_v_std": 0.7810956646576472}, "datetime": {"datetime": "2024-08-12 00:44:12", "elapsed": 92.180386, "delta": 1.046061}}
{"target": -0.6902684757736209, "params": {"bus_acc": 2.111419741193628, "bus_dcc": 2.644760113666715, "bus_lcAssertive": 12.013321584176065, "bus_lcCooperative": 0.7580616581331086, "bus_lcLookaheadLeft": 85.49068558615497, "bus_lcPushy": 0.8442498595694283, "bus_lcSigma": 0.8905068324120895, "bus_lcSpeedGainRight": 1.9092119837788057, "bus_lcSublane": 0.44380519836651855, "bus_sigma": 0.10158147594616618, "bus_tau_mean": 1.290324228509323, "bus_tau_std": 9.713204692732111, "bus_v_mean": 13.123231441437238, "bus_v_std": 18.147922844819945, "car_acc": 3.584098688237582, "car_dcc": 3.705517089589495, "car_lcAssertive": 16.45880687963868, "car_lcCooperative": 0.8797221435013809, "car_lcLookaheadLeft": 63.93550514538744, "car_lcPushy": 0.21062817841880244, "car_lcSigma": 0.3451159147800812, "car_lcSpeedGainRight": 0.7995939429464161, "car_lcSublane": 0.4443481574461272, "car_sigma": 0.08377495384546052, "car_tau_mean": 1.0786147166808395, "car_tau_std": 1.9719634646666928, "car_v_mean": 20.438492148020675, "car_v_std": 11.476057383307058}, "datetime": {"datetime": "2024-08-12 00:44:13", "elapsed": 93.991612, "delta": 1.811226}}
{"target": -0.5099048147014716, "params": {"bus_acc": 3.058575098255554, "bus_dcc": 2.5474662625182583, "bus_lcAssertive": 88.04065749312295, "bus_lcCooperative": 0.16880019007759361, "bus_lcLookaheadLeft": 70.94767775573999, "bus_lcPushy": 0.9172601590800086, "bus_lcSigma": 0.1507396591030582, "bus_lcSpeedGainRight": 1.218819886980906, "bus_lcSublane": 0.5466845720908042, "bus_sigma": 0.3441193369759975, "bus_tau_mean": 2.9172367827383794, "bus_tau_std": 0.5756761842510749, "bus_v_mean": 10.893754561822277, "bus_v_std": 14.32476612959243, "car_acc": 3.8883510540489867, "car_dcc": 3.732291430746894, "car_lcAssertive": 90.20563234885856, "car_lcCooperative": 0.12774331390359328, "car_lcLookaheadLeft": 16.30103397101714, "car_lcPushy": 0.07226475681487265, "car_lcSigma": 0.5425402331447909, "car_lcSpeedGainRight": 4.412430864511857, "car_lcSublane": 0.5317919000668885, "car_sigma": 0.7817152853959399, "car_tau_mean": 1.1595882541894156, "car_tau_std": 8.63111260166335, "car_v_mean": 11.373645873056326, "car_v_std": 1.095282521330465}, "datetime": {"datetime": "2024-08-12 00:44:14", "elapsed": 95.1156, "delta": 1.123988}}
{"target": -0.38315727793571536, "params": {"bus_acc": 1.1872084345567753, "bus_dcc": 2.4086943007064523, "bus_lcAssertive": 95.5709631002805, "bus_lcCooperative": 0.0807539078120788, "bus_lcLookaheadLeft": 10.186352292050627, "bus_lcPushy": 0.6191348314199072, "bus_lcSigma": 0.22449347883595772, "bus_lcSpeedGainRight": 3.8259197836675405, "bus_lcSublane": 0.5681525429491051, "bus_sigma": 0.6661880902234952, "bus_tau_mean": 0.8773486527810734, "bus_tau_std": 0.8428305143655679, "bus_v_mean": 19.252179229498815, "bus_v_std": 8.19462522268041, "car_acc": 0.5315595907135309, "car_dcc": 1.6100429910615186, "car_lcAssertive": 67.54229655602802, "car_lcCooperative": 0.1895874001915857, "car_lcLookaheadLeft": 89.78145263581301, "car_lcPushy": 0.9498463888800873, "car_lcSigma": 0.9615725424345338, "car_lcSpeedGainRight": 3.650412788701301, "car_lcSublane": 0.4062884276883151, "car_sigma": 0.7437491963512196, "car_tau_mean": 1.5079540774616302, "car_tau_std": 3.144172223907462, "car_v_mean": 18.906134501921443, "car_v_std": 11.896942668158353}, "datetime": {"datetime": "2024-08-12 00:44:16", "elapsed": 97.158537, "delta": 2.042937}}
{"target": -0.6580668149429272, "params": {"bus_acc": 1.1880720934354307, "bus_dcc": 0.9652890441121369, "bus_lcAssertive": 59.30196162730165, "bus_lcCooperative": 0.8425182098415589, "bus_lcLookaheadLeft": 34.99866679501538, "bus_lcPushy": 0.5864294214642616, "bus_lcSigma": 0.16224499947880777, "bus_lcSpeedGainRight": 0.9729686761907091, "bus_lcSublane": 0.7613352159920956, "bus_sigma": 0.15009846135204996, "bus_tau_mean": 1.430674643667396, "bus_tau_std": 6.894948631776694, "bus_v_mean": 8.271607537393624, "bus_v_std": 0.6438880773714106, "car_acc": 1.2925985720913087, "car_dcc": 1.4791680859467364, "car_lcAssertive": 36.859394447471104, "car_lcCooperative": 0.8071905755135196, "car_lcLookaheadLeft": 5.526134830546906, "car_lcPushy": 0.3583952446253251, "car_lcSigma": 0.6382781332668243, "car_lcSpeedGainRight": 0.7150205475916133, "car_lcSublane": 0.8577386145114406, "car_sigma": 0.6455644082734328, "car_tau_mean": 0.9035269891800948, "car_tau_std": 2.080974099989472, "car_v_mean": 21.418969953466963, "car_v_std": 8.068132566683456}, "datetime": {"datetime": "2024-08-12 00:44:18", "elapsed": 98.189963, "delta": 1.031426}}
{"target": -0.704232003563319, "params": {"bus_acc": 1.166082947697939, "bus_dcc": 0.5195281458837321, "bus_lcAssertive": 86.55026538163867, "bus_lcCooperative": 0.44789891562027984, "bus_lcLookaheadLeft": 57.05505353977741, "bus_lcPushy": 0.7367109576935199, "bus_lcSigma": 0.7964888671311956, "bus_lcSpeedGainRight": 2.2375406949515693, "bus_lcSublane": 0.18412755617579835, "bus_sigma": 0.8287328515283018, "bus_tau_mean": 0.6084928593988954, "bus_tau_std": 9.467282696079524, "bus_v_mean": 18.38560123659503, "bus_v_std": 17.50777476901374, "car_acc": 2.5125486604995233, "car_dcc": 1.15630641977883, "car_lcAssertive": 30.316862426094534, "car_lcCooperative": 0.5329225590316532, "car_lcLookaheadLeft": 96.28366485901516, "car_lcPushy": 0.18449560449017766, "car_lcSigma": 0.509898378143109, "car_lcSpeedGainRight": 1.718940517184222, "car_lcSublane": 0.7697253449571857, "car_sigma": 0.802866486432424, "car_tau_mean": 1.9859596860577582, "car_tau_std": 2.0412249999433585, "car_v_mean": 9.207610285919396, "car_v_std": 3.97296528841123}, "datetime": {"datetime": "2024-08-12 00:44:19", "elapsed": 99.423326, "delta": 1.233363}}
{"target": -0.6783790475512864, "params": {"bus_acc": 1.9562007674271569, "bus_dcc": 2.148069037677047, "bus_lcAssertive": 57.814667162342396, "bus_lcCooperative": 0.4403192075855932, "bus_lcLookaheadLeft": 20.96877785693343, "bus_lcPushy": 0.11396576145918635, "bus_lcSigma": 0.151227927370148, "bus_lcSpeedGainRight": 0.2624548192656695, "bus_lcSublane": 0.5586764110636315, "bus_sigma": 0.8477210140360106, "bus_tau_mean": 1.7569176862343876, "bus_tau_std": 0.7531087263581782, "bus_v_mean": 15.663039415732092, "bus_v_std": 12.040156769440028, "car_acc": 1.8165331691874227, "car_dcc": 3.2807406877080063, "car_lcAssertive": 94.24673837248382, "car_lcCooperative": 0.8699107732683544, "car_lcLookaheadLeft": 70.99195083142908, "car_lcPushy": 0.4702989247821753, "car_lcSigma": 0.6826980429032513, "car_lcSpeedGainRight": 0.06709155278264767, "car_lcSublane": 0.9824781185020439, "car_sigma": 0.17207733182889595, "car_tau_mean": 3.6719113858658865, "car_tau_std": 8.07109901666106, "car_v_mean": 22.40251431896578, "car_v_std": 5.378721155701298}, "datetime": {"datetime": "2024-08-12 00:44:20", "elapsed": 100.518747, "delta": 1.095421}}
{"target": -0.4120817232567173, "params": {"bus_acc": 2.0126493787286, "bus_dcc": 1.9057395794857088, "bus_lcAssertive": 88.71379914536978, "bus_lcCooperative": 0.5276187723115614, "bus_lcLookaheadLeft": 42.090901527852274, "bus_lcPushy": 0.26889202221264585, "bus_lcSigma": 0.07201203516976995, "bus_lcSpeedGainRight": 2.090680668626579, "bus_lcSublane": 0.025753482406583372, "bus_sigma": 0.29115394055242805, "bus_tau_mean": 2.2622832844693876, "bus_tau_std": 9.659330650197223, "bus_v_mean": 9.968892455484523, "bus_v_std": 13.460821084332439, "car_acc": 2.09974301017696, "car_dcc": 3.1529732712479754, "car_lcAssertive": 15.217092789546719, "car_lcCooperative": 0.08320263643587555, "car_lcLookaheadLeft": 41.12342332454047, "car_lcPushy": 0.7969622519799001, "car_lcSigma": 0.1916757389098901, "car_lcSpeedGainRight": 3.83888596073637, "car_lcSublane": 0.2902979970618682, "car_sigma": 0.21689148761179533, "car_tau_mean": 0.5585045617695226, "car_tau_std": 3.986590599223787, "car_v_mean": 14.859466843282142, "car_v_std": 13.186898723907294}, "datetime": {"datetime": "2024-08-12 00:44:21", "elapsed": 102.05447, "delta": 1.535723}}
{"target": -0.5853851400474549, "params": {"bus_acc": 3.9615571226810387, "bus_dcc": 0.8742322400993952, "bus_lcAssertive": 82.32322728240342, "bus_lcCooperative": 0.2309885592816333, "bus_lcLookaheadLeft": 7.681629710531169, "bus_lcPushy": 0.13881651804567363, "bus_lcSigma": 0.9351531155423887, "bus_lcSpeedGainRight": 4.4427105167811405, "bus_lcSublane": 0.28926049548291, "bus_sigma": 0.9477640661016069, "bus_tau_mean": 3.4747568733099663, "bus_tau_std": 4.346547940716735, "bus_v_mean": 16.42489198759651, "bus_v_std": 12.597060431668455, "car_acc": 0.8005209728624882, "car_dcc": 0.25617192961995305, "car_lcAssertive": 27.285689729766197, "car_lcCooperative": 0.015443631942760883, "car_lcLookaheadLeft": 68.10088672790123, "car_lcPushy": 0.5514688358127765, "car_lcSigma": 0.32164814560277766, "car_lcSpeedGainRight": 3.9010116855987933, "car_lcSublane": 0.14578543121477705, "car_sigma": 0.2448806387618836, "car_tau_mean": 1.523098167137493, "car_tau_std": 1.9593194649899215, "car_v_mean": 9.58289630787086, "car_v_std": 17.39952360543215}, "datetime": {"datetime": "2024-08-12 00:44:28", "elapsed": 108.940425, "delta": 6.885955}}
{"target": -0.8244297127240117, "params": {"bus_acc": 0.47555900657276073, "bus_dcc": 0.8562641349026447, "bus_lcAssertive": 32.913391424138354, "bus_lcCooperative": 0.248424246330199, "bus_lcLookaheadLeft": 50.55850817339691, "bus_lcPushy": 0.8244596107976835, "bus_lcSigma": 0.8539724149421759, "bus_lcSpeedGainRight": 2.9791497102935076, "bus_lcSublane": 0.24017373383106666, "bus_sigma": 0.18649268827268528, "bus_tau_mean": 3.1018667934071367, "bus_tau_std": 2.372140576435476, "bus_v_mean": 17.710836036677893, "bus_v_std": 14.985615742543835, "car_acc": 1.0673465975384666, "car_dcc": 0.8631045127764272, "car_lcAssertive": 4.933832971009274, "car_lcCooperative": 0.14756883769994755, "car_lcLookaheadLeft": 85.44101288080509, "car_lcPushy": 0.10463591174495857, "car_lcSigma": 0.2236450455273178, "car_lcSpeedGainRight": 0.16378599872988564, "car_lcSublane": 0.6763566354512786, "car_sigma": 0.2317031414647196, "car_tau_mean": 1.9475710123061751, "car_tau_std": 1.3930117132372677, "car_v_mean": 14.789911177007117, "car_v_std": 8.488749324792305}, "datetime": {"datetime": "2024-08-12 00:44:29", "elapsed": 110.000991, "delta": 1.060566}}
{"target": -0.5876476306676118, "params": {"bus_acc": 0.615597090926044, "bus_dcc": 0.8594620580015058, "bus_lcAssertive": 58.11907672232824, "bus_lcCooperative": 0.25165697350014493, "bus_lcLookaheadLeft": 31.416839657132748, "bus_lcPushy": 0.17098734894301837, "bus_lcSigma": 0.18959171907276484, "bus_lcSpeedGainRight": 2.317105771952257, "bus_lcSublane": 0.5098739726284359, "bus_sigma": 0.5115798896647326, "bus_tau_mean": 3.989985797784223, "bus_tau_std": 1.295958172701398, "bus_v_mean": 21.611057990979237, "bus_v_std": 15.875134944497852, "car_acc": 2.4225538753279783, "car_dcc": 1.9584050850234358, "car_lcAssertive": 89.44923709767765, "car_lcCooperative": 0.8281802190731247, "car_lcLookaheadLeft": 6.928511730812964, "car_lcPushy": 0.962983753087854, "car_lcSigma": 0.007339891753643801, "car_lcSpeedGainRight": 2.8656610234197095, "car_lcSublane": 0.5724308169270726, "car_sigma": 0.8343796647905168, "car_tau_mean": 1.8465062377388146, "car_tau_std": 0.9104086904598219, "car_v_mean": 18.47037084864065, "car_v_std": 0.4969172072746253}, "datetime": {"datetime": "2024-08-12 00:44:31", "elapsed": 111.647899, "delta": 1.646908}}
{"target": -0.5183655360214382, "params": {"bus_acc": 0.5351168531717383, "bus_dcc": 2.798099276122224, "bus_lcAssertive": 12.919686808914616, "bus_lcCooperative": 0.010699003144174157, "bus_lcLookaheadLeft": 56.61228654734155, "bus_lcPushy": 0.9071090552203707, "bus_lcSigma": 0.8604566673368852, "bus_lcSpeedGainRight": 1.6922569205912503, "bus_lcSublane": 0.02715882932586222, "bus_sigma": 0.8008593551300331, "bus_tau_mean": 3.3209472630138306, "bus_tau_std": 8.684881163027722, "bus_v_mean": 20.053638797759596, "bus_v_std": 16.15557724630153, "car_acc": 3.6104934727507167, "car_dcc": 1.9245538118620467, "car_lcAssertive": 56.224705067776135, "car_lcCooperative": 0.5061311288282347, "car_lcLookaheadLeft": 69.81442264337343, "car_lcPushy": 0.6829068676298748, "car_lcSigma": 0.5203136358633165, "car_lcSpeedGainRight": 4.142340740427357, "car_lcSublane": 0.5057793867898664, "car_sigma": 0.8248585623852319, "car_tau_mean": 1.4864578085013502, "car_tau_std": 1.7849483297748825, "car_v_mean": 25.457670266204854, "car_v_std": 14.838790509121536}, "datetime": {"datetime": "2024-08-12 00:44:32", "elapsed": 112.603631, "delta": 0.955732}}
{"target": -0.6733258357694748, "params": {"bus_acc": 1.4325773469595087, "bus_dcc": 3.517105030320422, "bus_lcAssertive": 84.6262511526049, "bus_lcCooperative": 0.5384405925945437, "bus_lcLookaheadLeft": 86.92761086831827, "bus_lcPushy": 0.9498059913536265, "bus_lcSigma": 0.8264069976293413, "bus_lcSpeedGainRight": 4.270577219182694, "bus_lcSublane": 0.09874340182034835, "bus_sigma": 0.651304332340991, "bus_tau_mean": 2.9623094585342855, "bus_tau_std": 6.102408126466297, "bus_v_mean": 22.393074711248502, "bus_v_std": 0.691424397432685, "car_acc": 3.126907191308924, "car_dcc": 2.9805686828102025, "car_lcAssertive": 26.710140936536956, "car_lcCooperative": 0.2570692988221467, "car_lcLookaheadLeft": 63.965725108152526, "car_lcPushy": 0.34529746159108154, "car_lcSigma": 0.7965886780072875, "car_lcSpeedGainRight": 2.230731160017286, "car_lcSublane": 0.7827494147841719, "car_sigma": 0.9904717836238407, "car_tau_mean": 1.5508691883686503, "car_tau_std": 1.4300582825809938, "car_v_mean": 24.223551854286928, "car_v_std": 10.831187577747466}, "datetime": {"datetime": "2024-08-12 00:44:33", "elapsed": 113.931775, "delta": 1.328144}}
{"target": -0.2943907681056424, "params": {"bus_acc": 3.49698339653766, "bus_dcc": 3.4295131494732627, "bus_lcAssertive": 81.03272430400804, "bus_lcCooperative": 0.13069282439738805, "bus_lcLookaheadLeft": 54.52825233253759, "bus_lcPushy": 0.900783114706916, "bus_lcSigma": 0.7708318305538303, "bus_lcSpeedGainRight": 2.103565995125959, "bus_lcSublane": 0.9778803933599658, "bus_sigma": 0.25077315667300226, "bus_tau_mean": 1.667635800967642, "bus_tau_std": 9.54200507429589, "bus_v_mean": 22.556876267335213, "bus_v_std": 18.006800090213236, "car_acc": 0.2440404397576017, "car_dcc": 1.64310484552918, "car_lcAssertive": 24.31667370437706, "car_lcCooperative": 0.2959350518874113, "car_lcLookaheadLeft": 74.3235586475764, "car_lcPushy": 0.7240848448640741, "car_lcSigma": 0.46179941019906146, "car_lcSpeedGainRight": 1.8263723060354686, "car_lcSublane": 0.5846916130045258, "car_sigma": 0.5337077546342763, "car_tau_mean": 2.427028456527517, "car_tau_std": 6.154770711146577, "car_v_mean": 15.12166890081588, "car_v_std": 15.434369648309168}, "datetime": {"datetime": "2024-08-12 00:44:34", "elapsed": 115.041617, "delta": 1.109842}}
{"target": -0.4930073091555343, "params": {"bus_acc": 1.5135810105248966, "bus_dcc": 2.4633753729128087, "bus_lcAssertive": 60.29954360836855, "bus_lcCooperative": 0.6157042872039488, "bus_lcLookaheadLeft": 7.799366304200794, "bus_lcPushy": 0.7503171845746859, "bus_lcSigma": 0.9482094981876252, "bus_lcSpeedGainRight": 2.6733952858979437, "bus_lcSublane": 0.1925560209550684, "bus_sigma": 0.7529259149799422, "bus_tau_mean": 0.5256163926475232, "bus_tau_std": 3.2825610365078086, "bus_v_mean": 24.516914257599076, "bus_v_std": 11.767346657877535, "car_acc": 3.449723078835714, "car_dcc": 2.4977537989269134, "car_lcAssertive": 82.43523709986323, "car_lcCooperative": 0.8794835234293169, "car_lcLookaheadLeft": 33.45666470339641, "car_lcPushy": 0.12295477155217849, "car_lcSigma": 0.7213033441865708, "car_lcSpeedGainRight": 2.201735434156191, "car_lcSublane": 0.1267357091420086, "car_sigma": 0.5898236481098892, "car_tau_mean": 0.6262391009945097, "car_tau_std": 2.0018211641098693, "car_v_mean": 22.189421414023442, "car_v_std": 0.24193520030715732}, "datetime": {"datetime": "2024-08-12 00:44:35", "elapsed": 116.177499, "delta": 1.135882}}
