{"target": -0.5410328347400782, "params": {"bus_acc": 2.5715, "bus_dcc": 3.1493, "bus_lcAssertive": 97.4635, "bus_lcCooperative": 0.9026, "bus_lcLookaheadLeft": 53.5458, "bus_lcPushy": 0.145, "bus_lcSigma": 0.8853, "bus_lcSpeedGainRight": 2.2633, "bus_lcSublane": 0.4798, "bus_sigma": 0.2721, "bus_tau_mean": 2.795, "bus_tau_std": 2.8625, "bus_v_mean": 16.4887, "bus_v_std": 18.0431, "car_acc": 1.6801, "car_dcc": 2.7608, "car_lcAssertive": 47.8708, "car_lcCooperative": 0.3635, "car_lcLookaheadLeft": 16.3449, "car_lcPushy": 0.3598, "car_lcSigma": 0.4554, "car_lcSpeedGainRight": 1.4037, "car_lcSublane": 0.0873, "car_sigma": 0.3476, "car_tau_mean": 2.0525, "car_tau_std": 7.5452, "car_v_mean": 23.009, "car_v_std": 15.959}, "datetime": {"datetime": "2024-08-12 04:02:46", "elapsed": 12006.637303, "delta": 13.959522}}
{"target": -0.4855332827027097, "params": {"bus_acc": 0.3251, "bus_dcc": 0.5604, "bus_lcAssertive": 72.2049, "bus_lcCooperative": 0.2125, "bus_lcLookaheadLeft": 78.5262, "bus_lcPushy": 0.1519, "bus_lcSigma": 0.0631, "bus_lcSpeedGainRight": 3.0064, "bus_lcSublane": 0.7862, "bus_sigma": 0.1336, "bus_tau_mean": 2.7501, "bus_tau_std": 2.9239, "bus_v_mean": 14.6541, "bus_v_std": 14.8547, "car_acc": 2.3702, "car_dcc": 0.9719, "car_lcAssertive": 84.0057, "car_lcCooperative": 0.514, "car_lcLookaheadLeft": 47.1008, "car_lcPushy": 0.1685, "car_lcSigma": 0.1919, "car_lcSpeedGainRight": 3.8314, "car_lcSublane": 0.7876, "car_sigma": 0.3784, "car_tau_mean": 1.4894, "car_tau_std": 7.0278, "car_v_mean": 10.3577, "car_v_std": 8.6161}, "datetime": {"datetime": "2024-08-12 04:02:56", "elapsed": 12016.473491, "delta": 9.836188}}
{"target": -0.5446092732946145, "params": {"bus_acc": 2.2726, "bus_dcc": 2.3418, "bus_lcAssertive": 73.7925, "bus_lcCooperative": 0.4506, "bus_lcLookaheadLeft": 66.2027, "bus_lcPushy": 0.2723, "bus_lcSigma": 0.8001, "bus_lcSpeedGainRight": 1.8029, "bus_lcSublane": 0.7604, "bus_sigma": 0.3695, "bus_tau_mean": 0.9656, "bus_tau_std": 8.3918, "bus_v_mean": 24.882, "bus_v_std": 8.2491, "car_acc": 1.1402, "car_dcc": 1.9015, "car_lcAssertive": 66.4724, "car_lcCooperative": 0.7978, "car_lcLookaheadLeft": 61.8023, "car_lcPushy": 0.219, "car_lcSigma": 0.1051, "car_lcSpeedGainRight": 0.7863, "car_lcSublane": 0.8413, "car_sigma": 0.1056, "car_tau_mean": 0.7224, "car_tau_std": 0.2194, "car_v_mean": 22.6629, "car_v_std": 13.4883}, "datetime": {"datetime": "2024-08-12 04:03:05", "elapsed": 12026.12929, "delta": 9.655799}}
{"target": -0.6361332878552094, "params": {"bus_acc": 0.6975, "bus_dcc": 1.9151, "bus_lcAssertive": 93.5912, "bus_lcCooperative": 0.4179, "bus_lcLookaheadLeft": 2.2438, "bus_lcPushy": 0.1131, "bus_lcSigma": 0.272, "bus_lcSpeedGainRight": 3.4251, "bus_lcSublane": 0.4162, "bus_sigma": 0.2962, "bus_tau_mean": 3.8069, "bus_tau_std": 5.7081, "bus_v_mean": 14.7163, "bus_v_std": 11.7366, "car_acc": 2.0411, "car_dcc": 0.2686, "car_lcAssertive": 88.769, "car_lcCooperative": 0.9799, "car_lcLookaheadLeft": 13.5449, "car_lcPushy": 0.0351, "car_lcSigma": 0.3066, "car_lcSpeedGainRight": 3.7974, "car_lcSublane": 0.7868, "car_sigma": 0.679, "car_tau_mean": 1.9565, "car_tau_std": 9.4614, "car_v_mean": 8.4401, "car_v_std": 17.1669}, "datetime": {"datetime": "2024-08-12 04:03:19", "elapsed": 12039.371886, "delta": 13.242596}}
{"target": -0.5626765199545289, "params": {"bus_acc": 2.2125, "bus_dcc": 1.7903, "bus_lcAssertive": 17.2016, "bus_lcCooperative": 0.7945, "bus_lcLookaheadLeft": 42.5837, "bus_lcPushy": 0.81, "bus_lcSigma": 0.2928, "bus_lcSpeedGainRight": 2.5264, "bus_lcSublane": 0.2957, "bus_sigma": 0.5927, "bus_tau_mean": 3.3407, "bus_tau_std": 4.9071, "bus_v_mean": 19.7364, "bus_v_std": 4.6937, "car_acc": 0.7845, "car_dcc": 1.7162, "car_lcAssertive": 66.2026, "car_lcCooperative": 0.7651, "car_lcLookaheadLeft": 13.8351, "car_lcPushy": 0.4047, "car_lcSigma": 0.0393, "car_lcSpeedGainRight": 1.756, "car_lcSublane": 0.0706, "car_sigma": 0.9288, "car_tau_mean": 2.1522, "car_tau_std": 0.4958, "car_v_mean": 14.9567, "car_v_std": 15.6139}, "datetime": {"datetime": "2024-08-12 04:03:26", "elapsed": 12046.692106, "delta": 7.32022}}
{"target": -0.59109086555714, "params": {"bus_acc": 0.5575, "bus_dcc": 2.5326, "bus_lcAssertive": 53.8359, "bus_lcCooperative": 0.4285, "bus_lcLookaheadLeft": 27.6564, "bus_lcPushy": 0.9213, "bus_lcSigma": 0.4149, "bus_lcSpeedGainRight": 3.5457, "bus_lcSublane": 0.473, "bus_sigma": 0.5611, "bus_tau_mean": 2.2773, "bus_tau_std": 3.1528, "bus_v_mean": 17.2893, "bus_v_std": 1.7265, "car_acc": 2.532, "car_dcc": 0.6582, "car_lcAssertive": 19.0881, "car_lcCooperative": 0.1437, "car_lcLookaheadLeft": 82.6255, "car_lcPushy": 0.1357, "car_lcSigma": 0.4449, "car_lcSpeedGainRight": 0.5708, "car_lcSublane": 0.7528, "car_sigma": 0.8075, "car_tau_mean": 3.8718, "car_tau_std": 4.3052, "car_v_mean": 21.6708, "car_v_std": 6.0914}, "datetime": {"datetime": "2024-08-12 04:03:53", "elapsed": 12073.990679, "delta": 27.298573}}
{"target": -0.4996879426453793, "params": {"bus_acc": 0.2298, "bus_dcc": 2.9754, "bus_lcAssertive": 1.9508, "bus_lcCooperative": 0.557, "bus_lcLookaheadLeft": 33.5302, "bus_lcPushy": 0.5124, "bus_lcSigma": 0.3804, "bus_lcSpeedGainRight": 2.0985, "bus_lcSublane": 0.3078, "bus_sigma": 0.7996, "bus_tau_mean": 1.2003, "bus_tau_std": 2.2957, "bus_v_mean": 22.805, "bus_v_std": 5.8852, "car_acc": 1.7419, "car_dcc": 1.0043, "car_lcAssertive": 27.6412, "car_lcCooperative": 0.9083, "car_lcLookaheadLeft": 52.695, "car_lcPushy": 0.1239, "car_lcSigma": 0.4097, "car_lcSpeedGainRight": 2.7854, "car_lcSublane": 0.0922, "car_sigma": 0.0048, "car_tau_mean": 3.5739, "car_tau_std": 1.2562, "car_v_mean": 9.145, "car_v_std": 9.8813}, "datetime": {"datetime": "2024-08-12 04:04:01", "elapsed": 12082.085587, "delta": 8.094908}}
{"target": -0.6681009426964613, "params": {"bus_acc": 2.665, "bus_dcc": 2.8823, "bus_lcAssertive": 74.3884, "bus_lcCooperative": 0.5871, "bus_lcLookaheadLeft": 53.5331, "bus_lcPushy": 0.2815, "bus_lcSigma": 0.5078, "bus_lcSpeedGainRight": 4.4234, "bus_lcSublane": 0.2669, "bus_sigma": 0.337, "bus_tau_mean": 3.0865, "bus_tau_std": 3.6609, "bus_v_mean": 18.3979, "bus_v_std": 0.8456, "car_acc": 3.1192, "car_dcc": 3.2135, "car_lcAssertive": 64.4588, "car_lcCooperative": 0.9316, "car_lcLookaheadLeft": 58.6795, "car_lcPushy": 0.2373, "car_lcSigma": 0.503, "car_lcSpeedGainRight": 3.141, "car_lcSublane": 0.2894, "car_sigma": 0.0864, "car_tau_mean": 3.9082, "car_tau_std": 5.407, "car_v_mean": 21.2041, "car_v_std": 10.4993}, "datetime": {"datetime": "2024-08-12 04:04:11", "elapsed": 12091.627872, "delta": 9.542285}}
{"target": -0.12808754825990412, "params": {"bus_acc": 0.4977, "bus_dcc": 3.552, "bus_lcAssertive": 76.1243, "bus_lcCooperative": 0.6335, "bus_lcLookaheadLeft": 45.8167, "bus_lcPushy": 0.648, "bus_lcSigma": 0.6479, "bus_lcSpeedGainRight": 2.659, "bus_lcSublane": 0.7096, "bus_sigma": 0.296, "bus_tau_mean": 2.0427, "bus_tau_std": 8.7461, "bus_v_mean": 8.5757, "bus_v_std": 12.2106, "car_acc": 0.2516, "car_dcc": 2.2746, "car_lcAssertive": 84.0718, "car_lcCooperative": 0.8121, "car_lcLookaheadLeft": 98.1008, "car_lcPushy": 0.3861, "car_lcSigma": 0.1671, "car_lcSpeedGainRight": 4.7615, "car_lcSublane": 0.0885, "car_sigma": 0.17, "car_tau_mean": 3.1203, "car_tau_std": 0.4647, "car_v_mean": 23.6811, "car_v_std": 0.7127}, "datetime": {"datetime": "2024-08-12 04:04:30", "elapsed": 12110.393424, "delta": 18.765552}}
{"target": -0.8849549925158543, "params": {"bus_acc": 0.2079, "bus_dcc": 2.6571, "bus_lcAssertive": 2.1165, "bus_lcCooperative": 0.7167, "bus_lcLookaheadLeft": 25.6129, "bus_lcPushy": 0.6288, "bus_lcSigma": 0.2043, "bus_lcSpeedGainRight": 4.4387, "bus_lcSublane": 0.51, "bus_sigma": 0.1453, "bus_tau_mean": 1.4064, "bus_tau_std": 1.592, "bus_v_mean": 25.4525, "bus_v_std": 5.0052, "car_acc": 2.7169, "car_dcc": 3.0589, "car_lcAssertive": 17.2533, "car_lcCooperative": 0.9271, "car_lcLookaheadLeft": 33.7193, "car_lcPushy": 0.4482, "car_lcSigma": 0.0173, "car_lcSpeedGainRight": 1.4016, "car_lcSublane": 0.4474, "car_sigma": 0.6542, "car_tau_mean": 0.7984, "car_tau_std": 0.029, "car_v_mean": 10.7632, "car_v_std": 10.7599}, "datetime": {"datetime": "2024-08-12 04:04:43", "elapsed": 12124.122251, "delta": 13.728827}}
{"target": -0.6912197202091847, "params": {"bus_acc": 0.3988, "bus_dcc": 0.7264, "bus_lcAssertive": 78.4361, "bus_lcCooperative": 0.3539, "bus_lcLookaheadLeft": 50.9499, "bus_lcPushy": 0.4144, "bus_lcSigma": 0.0431, "bus_lcSpeedGainRight": 2.4712, "bus_lcSublane": 0.599, "bus_sigma": 0.1891, "bus_tau_mean": 2.4964, "bus_tau_std": 9.0131, "bus_v_mean": 16.2388, "bus_v_std": 11.4096, "car_acc": 0.3901, "car_dcc": 0.8605, "car_lcAssertive": 6.7809, "car_lcCooperative": 0.9044, "car_lcLookaheadLeft": 3.2634, "car_lcPushy": 0.1319, "car_lcSigma": 0.2146, "car_lcSpeedGainRight": 3.5113, "car_lcSublane": 0.499, "car_sigma": 0.3294, "car_tau_mean": 0.5575, "car_tau_std": 8.1227, "car_v_mean": 14.283, "car_v_std": 1.1379}, "datetime": {"datetime": "2024-08-12 04:04:55", "elapsed": 12135.474155, "delta": 11.351904}}
{"target": -0.4458099037121707, "params": {"bus_acc": 1.796, "bus_dcc": 3.9709, "bus_lcAssertive": 37.1725, "bus_lcCooperative": 0.8229, "bus_lcLookaheadLeft": 39.0588, "bus_lcPushy": 0.9611, "bus_lcSigma": 0.3447, "bus_lcSpeedGainRight": 4.4711, "bus_lcSublane": 0.5021, "bus_sigma": 0.0502, "bus_tau_mean": 3.3528, "bus_tau_std": 6.0234, "bus_v_mean": 25.0196, "bus_v_std": 9.7354, "car_acc": 3.8962, "car_dcc": 0.3562, "car_lcAssertive": 84.9364, "car_lcCooperative": 0.609, "car_lcLookaheadLeft": 75.5555, "car_lcPushy": 0.8332, "car_lcSigma": 0.2977, "car_lcSpeedGainRight": 2.5075, "car_lcSublane": 0.0535, "car_sigma": 0.0681, "car_tau_mean": 2.7471, "car_tau_std": 2.2444, "car_v_mean": 10.3004, "car_v_std": 0.4687}, "datetime": {"datetime": "2024-08-12 04:05:03", "elapsed": 12143.976721, "delta": 8.502566}}
{"target": -0.7079252510348445, "params": {"bus_acc": 2.8043, "bus_dcc": 3.4021, "bus_lcAssertive": 17.2801, "bus_lcCooperative": 0.7367, "bus_lcLookaheadLeft": 43.8587, "bus_lcPushy": 0.9037, "bus_lcSigma": 0.6726, "bus_lcSpeedGainRight": 2.2064, "bus_lcSublane": 0.3732, "bus_sigma": 0.9806, "bus_tau_mean": 2.761, "bus_tau_std": 2.7053, "bus_v_mean": 16.3845, "bus_v_std": 16.9282, "car_acc": 3.2169, "car_dcc": 1.8538, "car_lcAssertive": 31.0646, "car_lcCooperative": 0.5774, "car_lcLookaheadLeft": 85.7503, "car_lcPushy": 0.0957, "car_lcSigma": 0.0481, "car_lcSpeedGainRight": 0.3667, "car_lcSublane": 0.2176, "car_sigma": 0.8801, "car_tau_mean": 1.794, "car_tau_std": 8.6853, "car_v_mean": 17.0246, "car_v_std": 10.7428}, "datetime": {"datetime": "2024-08-12 04:05:12", "elapsed": 12152.522388, "delta": 8.545667}}
{"target": -0.7365766705355976, "params": {"bus_acc": 1.2744, "bus_dcc": 2.9839, "bus_lcAssertive": 78.2202, "bus_lcCooperative": 0.061, "bus_lcLookaheadLeft": 76.8813, "bus_lcPushy": 0.6902, "bus_lcSigma": 0.3538, "bus_lcSpeedGainRight": 4.8177, "bus_lcSublane": 0.3116, "bus_sigma": 0.001, "bus_tau_mean": 3.1615, "bus_tau_std": 7.5017, "bus_v_mean": 12.4108, "bus_v_std": 16.3531, "car_acc": 3.8717, "car_dcc": 1.7028, "car_lcAssertive": 28.3218, "car_lcCooperative": 0.4138, "car_lcLookaheadLeft": 62.8245, "car_lcPushy": 0.4816, "car_lcSigma": 0.0229, "car_lcSpeedGainRight": 1.4817, "car_lcSublane": 0.3095, "car_sigma": 0.0281, "car_tau_mean": 3.4441, "car_tau_std": 9.7946, "car_v_mean": 8.7247, "car_v_std": 19.0762}, "datetime": {"datetime": "2024-08-12 04:05:33", "elapsed": 12173.226554, "delta": 20.704166}}
{"target": -0.5350903475144199, "params": {"bus_acc": 0.619, "bus_dcc": 1.9427, "bus_lcAssertive": 56.4744, "bus_lcCooperative": 0.0568, "bus_lcLookaheadLeft": 69.3505, "bus_lcPushy": 0.4816, "bus_lcSigma": 0.3895, "bus_lcSpeedGainRight": 1.1326, "bus_lcSublane": 0.7235, "bus_sigma": 0.2966, "bus_tau_mean": 1.0879, "bus_tau_std": 0.5131, "bus_v_mean": 14.1312, "bus_v_std": 10.7632, "car_acc": 2.9914, "car_dcc": 3.7212, "car_lcAssertive": 50.6066, "car_lcCooperative": 0.0414, "car_lcLookaheadLeft": 33.2953, "car_lcPushy": 0.7171, "car_lcSigma": 0.4675, "car_lcSpeedGainRight": 1.1327, "car_lcSublane": 0.9966, "car_sigma": 0.3527, "car_tau_mean": 1.7689, "car_tau_std": 6.0926, "car_v_mean": 12.6199, "car_v_std": 14.643}, "datetime": {"datetime": "2024-08-12 04:05:42", "elapsed": 12182.818887, "delta": 9.592333}}
{"target": -0.7600640913383981, "params": {"bus_acc": 0.9716, "bus_dcc": 1.457, "bus_lcAssertive": 90.8233, "bus_lcCooperative": 0.0341, "bus_lcLookaheadLeft": 22.1522, "bus_lcPushy": 0.1428, "bus_lcSigma": 0.0935, "bus_lcSpeedGainRight": 1.1493, "bus_lcSublane": 0.8073, "bus_sigma": 0.8602, "bus_tau_mean": 3.8767, "bus_tau_std": 4.5804, "bus_v_mean": 17.0311, "bus_v_std": 2.0269, "car_acc": 3.4886, "car_dcc": 3.1196, "car_lcAssertive": 63.1672, "car_lcCooperative": 0.3332, "car_lcLookaheadLeft": 54.0132, "car_lcPushy": 0.7174, "car_lcSigma": 0.7213, "car_lcSpeedGainRight": 4.1338, "car_lcSublane": 0.8453, "car_sigma": 0.445, "car_tau_mean": 0.7094, "car_tau_std": 1.3393, "car_v_mean": 11.7921, "car_v_std": 12.9596}, "datetime": {"datetime": "2024-08-12 04:05:56", "elapsed": 12197.167086, "delta": 14.348199}}
{"target": -0.726288288463361, "params": {"bus_acc": 3.7437, "bus_dcc": 3.1397, "bus_lcAssertive": 37.434, "bus_lcCooperative": 0.8823, "bus_lcLookaheadLeft": 51.3429, "bus_lcPushy": 0.6197, "bus_lcSigma": 0.5183, "bus_lcSpeedGainRight": 3.8946, "bus_lcSublane": 0.2686, "bus_sigma": 0.7697, "bus_tau_mean": 2.34, "bus_tau_std": 6.0331, "bus_v_mean": 22.8364, "bus_v_std": 10.8868, "car_acc": 1.6428, "car_dcc": 2.4441, "car_lcAssertive": 4.2373, "car_lcCooperative": 0.8724, "car_lcLookaheadLeft": 43.0303, "car_lcPushy": 0.247, "car_lcSigma": 0.5382, "car_lcSpeedGainRight": 0.4107, "car_lcSublane": 0.8489, "car_sigma": 0.6747, "car_tau_mean": 3.0371, "car_tau_std": 2.1062, "car_v_mean": 8.8093, "car_v_std": 7.2745}, "datetime": {"datetime": "2024-08-12 04:06:05", "elapsed": 12205.535994, "delta": 8.368908}}
{"target": -0.6006178616548027, "params": {"bus_acc": 1.3715, "bus_dcc": 1.7984, "bus_lcAssertive": 28.9641, "bus_lcCooperative": 0.3389, "bus_lcLookaheadLeft": 26.2388, "bus_lcPushy": 0.7755, "bus_lcSigma": 0.3485, "bus_lcSpeedGainRight": 4.7319, "bus_lcSublane": 0.3687, "bus_sigma": 0.3869, "bus_tau_mean": 3.8282, "bus_tau_std": 4.0878, "bus_v_mean": 23.4636, "bus_v_std": 0.6122, "car_acc": 3.1703, "car_dcc": 1.4476, "car_lcAssertive": 29.33, "car_lcCooperative": 0.0643, "car_lcLookaheadLeft": 89.6922, "car_lcPushy": 0.718, "car_lcSigma": 0.0988, "car_lcSpeedGainRight": 3.781, "car_lcSublane": 0.6149, "car_sigma": 0.2233, "car_tau_mean": 3.2619, "car_tau_std": 1.0745, "car_v_mean": 12.6315, "car_v_std": 10.7586}, "datetime": {"datetime": "2024-08-12 04:06:14", "elapsed": 12214.560675, "delta": 9.024681}}
{"target": -0.5829131880797062, "params": {"bus_acc": 1.4545, "bus_dcc": 2.1827, "bus_lcAssertive": 82.6401, "bus_lcCooperative": 0.2701, "bus_lcLookaheadLeft": 62.2632, "bus_lcPushy": 0.5079, "bus_lcSigma": 0.7861, "bus_lcSpeedGainRight": 1.5552, "bus_lcSublane": 0.2461, "bus_sigma": 0.4171, "bus_tau_mean": 3.6566, "bus_tau_std": 3.2693, "bus_v_mean": 18.1358, "bus_v_std": 4.7495, "car_acc": 2.1938, "car_dcc": 3.2559, "car_lcAssertive": 35.0716, "car_lcCooperative": 0.4577, "car_lcLookaheadLeft": 7.53, "car_lcPushy": 0.2011, "car_lcSigma": 0.6844, "car_lcSpeedGainRight": 2.9389, "car_lcSublane": 0.6907, "car_sigma": 0.8545, "car_tau_mean": 0.8531, "car_tau_std": 1.9297, "car_v_mean": 22.3896, "car_v_std": 15.603}, "datetime": {"datetime": "2024-08-12 04:06:26", "elapsed": 12226.460906, "delta": 11.900231}}
{"target": -0.5023793685177437, "params": {"bus_acc": 3.336, "bus_dcc": 0.4852, "bus_lcAssertive": 69.3985, "bus_lcCooperative": 0.5053, "bus_lcLookaheadLeft": 55.4152, "bus_lcPushy": 0.7026, "bus_lcSigma": 0.9596, "bus_lcSpeedGainRight": 3.9064, "bus_lcSublane": 0.2293, "bus_sigma": 0.4815, "bus_tau_mean": 2.1476, "bus_tau_std": 3.5565, "bus_v_mean": 23.8684, "bus_v_std": 12.6744, "car_acc": 0.9902, "car_dcc": 1.5983, "car_lcAssertive": 59.4125, "car_lcCooperative": 0.8088, "car_lcLookaheadLeft": 20.7145, "car_lcPushy": 0.1448, "car_lcSigma": 0.0799, "car_lcSpeedGainRight": 0.8305, "car_lcSublane": 0.0604, "car_sigma": 0.3039, "car_tau_mean": 1.374, "car_tau_std": 5.6737, "car_v_mean": 8.39, "car_v_std": 12.2444}, "datetime": {"datetime": "2024-08-12 04:06:44", "elapsed": 12244.319846, "delta": 17.85894}}
{"target": -0.6105217541823357, "params": {"bus_acc": 1.0829, "bus_dcc": 1.8214, "bus_lcAssertive": 53.4689, "bus_lcCooperative": 0.3982, "bus_lcLookaheadLeft": 24.3499, "bus_lcPushy": 0.5558, "bus_lcSigma": 0.5893, "bus_lcSpeedGainRight": 3.6735, "bus_lcSublane": 0.2593, "bus_sigma": 0.9603, "bus_tau_mean": 1.3064, "bus_tau_std": 9.1578, "bus_v_mean": 18.9275, "bus_v_std": 8.5823, "car_acc": 2.1438, "car_dcc": 2.7469, "car_lcAssertive": 57.5791, "car_lcCooperative": 0.1407, "car_lcLookaheadLeft": 57.9657, "car_lcPushy": 0.0953, "car_lcSigma": 0.9402, "car_lcSpeedGainRight": 2.8983, "car_lcSublane": 0.4856, "car_sigma": 0.0366, "car_tau_mean": 3.8123, "car_tau_std": 7.4041, "car_v_mean": 22.2984, "car_v_std": 12.9409}, "datetime": {"datetime": "2024-08-12 04:06:56", "elapsed": 12256.759897, "delta": 12.440051}}
{"target": -0.5627679347893317, "params": {"bus_acc": 2.9514, "bus_dcc": 3.2414, "bus_lcAssertive": 40.705, "bus_lcCooperative": 0.8812, "bus_lcLookaheadLeft": 93.0593, "bus_lcPushy": 0.8727, "bus_lcSigma": 0.2312, "bus_lcSpeedGainRight": 0.9897, "bus_lcSublane": 0.5689, "bus_sigma": 0.2089, "bus_tau_mean": 3.8775, "bus_tau_std": 9.8428, "bus_v_mean": 23.5094, "bus_v_std": 12.6812, "car_acc": 2.0642, "car_dcc": 2.3391, "car_lcAssertive": 94.0936, "car_lcCooperative": 0.1977, "car_lcLookaheadLeft": 68.5181, "car_lcPushy": 0.2522, "car_lcSigma": 0.1154, "car_lcSpeedGainRight": 1.6276, "car_lcSublane": 0.6115, "car_sigma": 0.0941, "car_tau_mean": 2.4748, "car_tau_std": 9.8903, "car_v_mean": 24.4635, "car_v_std": 14.007}, "datetime": {"datetime": "2024-08-12 04:07:05", "elapsed": 12265.86869, "delta": 9.108793}}
{"target": -0.500951631209443, "params": {"bus_acc": 1.2104, "bus_dcc": 0.5353, "bus_lcAssertive": 61.994, "bus_lcCooperative": 0.517, "bus_lcLookaheadLeft": 99.8509, "bus_lcPushy": 0.8174, "bus_lcSigma": 0.8623, "bus_lcSpeedGainRight": 2.0699, "bus_lcSublane": 0.1546, "bus_sigma": 0.2447, "bus_tau_mean": 0.8925, "bus_tau_std": 9.426, "bus_v_mean": 12.2747, "bus_v_std": 11.4722, "car_acc": 3.0506, "car_dcc": 2.1278, "car_lcAssertive": 59.7022, "car_lcCooperative": 0.6422, "car_lcLookaheadLeft": 13.3596, "car_lcPushy": 0.2708, "car_lcSigma": 0.203, "car_lcSpeedGainRight": 4.797, "car_lcSublane": 0.7729, "car_sigma": 0.906, "car_tau_mean": 0.9184, "car_tau_std": 5.5585, "car_v_mean": 19.4872, "car_v_std": 10.1706}, "datetime": {"datetime": "2024-08-12 04:07:14", "elapsed": 12274.831123, "delta": 8.962433}}
{"target": -0.24499699369914063, "params": {"bus_acc": 3.3869, "bus_dcc": 1.1866, "bus_lcAssertive": 4.225, "bus_lcCooperative": 0.8573, "bus_lcLookaheadLeft": 89.5931, "bus_lcPushy": 0.841, "bus_lcSigma": 0.8651, "bus_lcSpeedGainRight": 1.4811, "bus_lcSublane": 0.5617, "bus_sigma": 0.1127, "bus_tau_mean": 3.0802, "bus_tau_std": 0.1751, "bus_v_mean": 12.1434, "bus_v_std": 0.3508, "car_acc": 0.2297, "car_dcc": 1.4982, "car_lcAssertive": 49.0767, "car_lcCooperative": 0.2628, "car_lcLookaheadLeft": 98.7417, "car_lcPushy": 0.917, "car_lcSigma": 0.2416, "car_lcSpeedGainRight": 3.6666, "car_lcSublane": 0.7211, "car_sigma": 0.0494, "car_tau_mean": 0.8244, "car_tau_std": 6.8711, "car_v_mean": 14.3714, "car_v_std": 15.3419}, "datetime": {"datetime": "2024-08-12 04:07:24", "elapsed": 12284.688747, "delta": 9.857624}}
{"target": -0.46490790376862234, "params": {"bus_acc": 3.2446, "bus_dcc": 2.1654, "bus_lcAssertive": 95.991, "bus_lcCooperative": 0.9076, "bus_lcLookaheadLeft": 15.8882, "bus_lcPushy": 0.8155, "bus_lcSigma": 0.7952, "bus_lcSpeedGainRight": 1.4991, "bus_lcSublane": 0.3781, "bus_sigma": 0.4937, "bus_tau_mean": 2.6188, "bus_tau_std": 2.985, "bus_v_mean": 16.8065, "bus_v_std": 3.9071, "car_acc": 2.423, "car_dcc": 2.1358, "car_lcAssertive": 94.0922, "car_lcCooperative": 0.2223, "car_lcLookaheadLeft": 63.2184, "car_lcPushy": 0.8275, "car_lcSigma": 0.1011, "car_lcSpeedGainRight": 3.0941, "car_lcSublane": 0.6063, "car_sigma": 0.0786, "car_tau_mean": 3.4536, "car_tau_std": 7.4681, "car_v_mean": 15.4699, "car_v_std": 7.9231}, "datetime": {"datetime": "2024-08-12 04:07:32", "elapsed": 12292.691021, "delta": 8.002274}}
{"target": -0.6647918047014292, "params": {"bus_acc": 3.2444, "bus_dcc": 3.1076, "bus_lcAssertive": 21.645, "bus_lcCooperative": 0.1358, "bus_lcLookaheadLeft": 48.211, "bus_lcPushy": 0.5921, "bus_lcSigma": 0.8511, "bus_lcSpeedGainRight": 4.42, "bus_lcSublane": 0.6094, "bus_sigma": 0.7483, "bus_tau_mean": 1.0003, "bus_tau_std": 8.2933, "bus_v_mean": 22.0127, "bus_v_std": 0.8238, "car_acc": 3.8181, "car_dcc": 3.1887, "car_lcAssertive": 73.9542, "car_lcCooperative": 0.7046, "car_lcLookaheadLeft": 51.3523, "car_lcPushy": 0.4428, "car_lcSigma": 0.2254, "car_lcSpeedGainRight": 4.37, "car_lcSublane": 0.1436, "car_sigma": 0.4348, "car_tau_mean": 3.8833, "car_tau_std": 2.1894, "car_v_mean": 16.3846, "car_v_std": 4.3508}, "datetime": {"datetime": "2024-08-12 04:07:44", "elapsed": 12305.047522, "delta": 12.356501}}
