{"target": -0.5849955929281553, "params": {"bus_acc": 1.7321, "bus_dcc": 1.1684, "bus_lcAssertive": 4.636, "bus_lcCooperative": 0.2419, "bus_lcLookaheadLeft": 17.8215, "bus_lcPushy": 0.3315, "bus_lcSigma": 0.955, "bus_lcSpeedGainRight": 1.7053, "bus_lcSublane": 0.1319, "bus_sigma": 0.9414, "bus_tau_mean": 0.808, "bus_tau_std": 1.4731, "bus_v_mean": 20.7488, "bus_v_std": 9.4307, "car_acc": 1.555, "car_dcc": 3.5298, "car_lcAssertive": 48.3676, "car_lcCooperative": 0.6725, "car_lcLookaheadLeft": 9.1771, "car_lcPushy": 0.3674, "car_lcSigma": 0.9434, "car_lcSpeedGainRight": 0.1437, "car_lcSublane": 0.1758, "car_sigma": 0.277, "car_tau_mean": 1.1064, "car_tau_std": 5.9806, "car_v_mean": 15.3445, "car_v_std": 19.2052}, "datetime": {"datetime": "2024-08-12 02:08:38", "elapsed": 5158.252508, "delta": 3.878799}}
{"target": -0.5218609394580512, "params": {"bus_acc": 1.2054, "bus_dcc": 1.9459, "bus_lcAssertive": 84.0593, "bus_lcCooperative": 0.3044, "bus_lcLookaheadLeft": 6.9689, "bus_lcPushy": 0.1077, "bus_lcSigma": 0.9463, "bus_lcSpeedGainRight": 1.6978, "bus_lcSublane": 0.6234, "bus_sigma": 0.3018, "bus_tau_mean": 3.2067, "bus_tau_std": 0.2714, "bus_v_mean": 17.2726, "bus_v_std": 1.649, "car_acc": 2.0977, "car_dcc": 1.708, "car_lcAssertive": 67.917, "car_lcCooperative": 0.6504, "car_lcLookaheadLeft": 46.4563, "car_lcPushy": 0.0771, "car_lcSigma": 0.3541, "car_lcSpeedGainRight": 0.4083, "car_lcSublane": 0.6964, "car_sigma": 0.2801, "car_tau_mean": 2.8965, "car_tau_std": 4.367, "car_v_mean": 20.8606, "car_v_std": 19.5952}, "datetime": {"datetime": "2024-08-12 02:08:43", "elapsed": 5163.313591, "delta": 5.061083}}
{"target": -0.7519023031032773, "params": {"bus_acc": 2.3138, "bus_dcc": 3.7777, "bus_lcAssertive": 71.114, "bus_lcCooperative": 0.4476, "bus_lcLookaheadLeft": 44.8929, "bus_lcPushy": 0.9111, "bus_lcSigma": 0.1999, "bus_lcSpeedGainRight": 4.6374, "bus_lcSublane": 0.2319, "bus_sigma": 0.5162, "bus_tau_mean": 2.324, "bus_tau_std": 2.4704, "bus_v_mean": 23.7421, "bus_v_std": 4.0408, "car_acc": 2.1636, "car_dcc": 1.2421, "car_lcAssertive": 78.601, "car_lcCooperative": 0.3468, "car_lcLookaheadLeft": 35.1517, "car_lcPushy": 0.1124, "car_lcSigma": 0.0104, "car_lcSpeedGainRight": 0.4012, "car_lcSublane": 0.5664, "car_sigma": 0.6805, "car_tau_mean": 2.4004, "car_tau_std": 5.6782, "car_v_mean": 14.393, "car_v_std": 2.2662}, "datetime": {"datetime": "2024-08-12 02:08:50", "elapsed": 5171.065269, "delta": 7.751678}}
{"target": -0.2206443735350709, "params": {"bus_acc": 0.3401, "bus_dcc": 1.0306, "bus_lcAssertive": 36.5316, "bus_lcCooperative": 0.9905, "bus_lcLookaheadLeft": 61.5577, "bus_lcPushy": 0.4969, "bus_lcSigma": 0.4027, "bus_lcSpeedGainRight": 3.8807, "bus_lcSublane": 0.7373, "bus_sigma": 0.033, "bus_tau_mean": 0.6762, "bus_tau_std": 4.5938, "bus_v_mean": 16.9149, "bus_v_std": 15.2771, "car_acc": 0.2176, "car_dcc": 3.3908, "car_lcAssertive": 66.5808, "car_lcCooperative": 0.9099, "car_lcLookaheadLeft": 83.103, "car_lcPushy": 0.2287, "car_lcSigma": 0.5941, "car_lcSpeedGainRight": 4.5107, "car_lcSublane": 0.1229, "car_sigma": 0.0048, "car_tau_mean": 1.841, "car_tau_std": 1.4501, "car_v_mean": 16.7176, "car_v_std": 6.3461}, "datetime": {"datetime": "2024-08-12 02:08:54", "elapsed": 5175.146491, "delta": 4.081222}}
{"target": -0.597791839929474, "params": {"bus_acc": 1.8401, "bus_dcc": 0.8768, "bus_lcAssertive": 38.8261, "bus_lcCooperative": 0.7961, "bus_lcLookaheadLeft": 95.8979, "bus_lcPushy": 0.492, "bus_lcSigma": 0.6227, "bus_lcSpeedGainRight": 2.7565, "bus_lcSublane": 0.7848, "bus_sigma": 0.6269, "bus_tau_mean": 2.6833, "bus_tau_std": 3.4909, "bus_v_mean": 20.2592, "bus_v_std": 14.0061, "car_acc": 1.6149, "car_dcc": 3.8493, "car_lcAssertive": 73.2414, "car_lcCooperative": 0.1069, "car_lcLookaheadLeft": 20.0373, "car_lcPushy": 0.1275, "car_lcSigma": 0.0744, "car_lcSpeedGainRight": 3.9907, "car_lcSublane": 0.4688, "car_sigma": 0.8619, "car_tau_mean": 2.2654, "car_tau_std": 6.4982, "car_v_mean": 17.4327, "car_v_std": 16.6132}, "datetime": {"datetime": "2024-08-12 02:09:02", "elapsed": 5183.133404, "delta": 7.986913}}
{"target": -0.627971688281285, "params": {"bus_acc": 3.7641, "bus_dcc": 3.1294, "bus_lcAssertive": 19.7312, "bus_lcCooperative": 0.1572, "bus_lcLookaheadLeft": 57.263, "bus_lcPushy": 0.876, "bus_lcSigma": 0.8217, "bus_lcSpeedGainRight": 2.8738, "bus_lcSublane": 0.3992, "bus_sigma": 0.1481, "bus_tau_mean": 2.5302, "bus_tau_std": 8.9255, "bus_v_mean": 24.7307, "bus_v_std": 12.465, "car_acc": 2.462, "car_dcc": 2.805, "car_lcAssertive": 85.1476, "car_lcCooperative": 0.0825, "car_lcLookaheadLeft": 55.069, "car_lcPushy": 0.7917, "car_lcSigma": 0.5712, "car_lcSpeedGainRight": 0.426, "car_lcSublane": 0.0906, "car_sigma": 0.6346, "car_tau_mean": 2.9211, "car_tau_std": 1.314, "car_v_mean": 16.1515, "car_v_std": 4.5075}, "datetime": {"datetime": "2024-08-12 02:09:09", "elapsed": 5189.347783, "delta": 6.214379}}
{"target": -0.6817340101584678, "params": {"bus_acc": 0.6808, "bus_dcc": 0.2674, "bus_lcAssertive": 84.7267, "bus_lcCooperative": 0.9693, "bus_lcLookaheadLeft": 67.6253, "bus_lcPushy": 0.3318, "bus_lcSigma": 0.4264, "bus_lcSpeedGainRight": 4.404, "bus_lcSublane": 0.9405, "bus_sigma": 0.2392, "bus_tau_mean": 1.7999, "bus_tau_std": 8.0815, "bus_v_mean": 8.2969, "bus_v_std": 14.3296, "car_acc": 3.7363, "car_dcc": 2.1607, "car_lcAssertive": 80.1675, "car_lcCooperative": 0.4577, "car_lcLookaheadLeft": 22.7861, "car_lcPushy": 0.547, "car_lcSigma": 0.2395, "car_lcSpeedGainRight": 1.0702, "car_lcSublane": 0.4523, "car_sigma": 0.2241, "car_tau_mean": 2.9167, "car_tau_std": 3.8842, "car_v_mean": 22.0105, "car_v_std": 19.674}, "datetime": {"datetime": "2024-08-12 02:09:15", "elapsed": 5195.720776, "delta": 6.372993}}
{"target": -0.4501418160566036, "params": {"bus_acc": 0.7766, "bus_dcc": 1.9181, "bus_lcAssertive": 99.2172, "bus_lcCooperative": 0.4707, "bus_lcLookaheadLeft": 78.1422, "bus_lcPushy": 0.3526, "bus_lcSigma": 0.7189, "bus_lcSpeedGainRight": 4.8076, "bus_lcSublane": 0.7317, "bus_sigma": 0.1727, "bus_tau_mean": 2.8285, "bus_tau_std": 7.5311, "bus_v_mean": 8.9252, "bus_v_std": 19.9089, "car_acc": 3.7542, "car_dcc": 2.9021, "car_lcAssertive": 86.7729, "car_lcCooperative": 0.9897, "car_lcLookaheadLeft": 46.1556, "car_lcPushy": 0.0244, "car_lcSigma": 0.436, "car_lcSpeedGainRight": 3.7107, "car_lcSublane": 0.9781, "car_sigma": 0.0773, "car_tau_mean": 1.0028, "car_tau_std": 5.0661, "car_v_mean": 22.5134, "car_v_std": 19.7814}, "datetime": {"datetime": "2024-08-12 02:09:19", "elapsed": 5199.284511, "delta": 3.563735}}
{"target": -0.36201781723928744, "params": {"bus_acc": 2.9731, "bus_dcc": 0.6776, "bus_lcAssertive": 68.8589, "bus_lcCooperative": 0.2519, "bus_lcLookaheadLeft": 52.3527, "bus_lcPushy": 0.1728, "bus_lcSigma": 0.5867, "bus_lcSpeedGainRight": 0.4961, "bus_lcSublane": 0.4492, "bus_sigma": 0.0985, "bus_tau_mean": 0.592, "bus_tau_std": 6.5714, "bus_v_mean": 19.3863, "bus_v_std": 1.1356, "car_acc": 0.4078, "car_dcc": 2.5384, "car_lcAssertive": 42.586, "car_lcCooperative": 0.5582, "car_lcLookaheadLeft": 67.0285, "car_lcPushy": 0.9292, "car_lcSigma": 0.0561, "car_lcSpeedGainRight": 1.3563, "car_lcSublane": 0.4738, "car_sigma": 0.0536, "car_tau_mean": 3.2266, "car_tau_std": 3.7422, "car_v_mean": 16.1071, "car_v_std": 6.8734}, "datetime": {"datetime": "2024-08-12 02:09:26", "elapsed": 5206.183794, "delta": 6.899283}}
{"target": -0.5342391952838633, "params": {"bus_acc": 1.7923, "bus_dcc": 2.5989, "bus_lcAssertive": 90.7726, "bus_lcCooperative": 0.1544, "bus_lcLookaheadLeft": 44.7469, "bus_lcPushy": 0.0672, "bus_lcSigma": 0.0264, "bus_lcSpeedGainRight": 2.6935, "bus_lcSublane": 0.5392, "bus_sigma": 0.9703, "bus_tau_mean": 3.7321, "bus_tau_std": 1.9013, "bus_v_mean": 22.9609, "bus_v_std": 18.72, "car_acc": 2.8425, "car_dcc": 0.7248, "car_lcAssertive": 17.8837, "car_lcCooperative": 0.937, "car_lcLookaheadLeft": 92.8495, "car_lcPushy": 0.6767, "car_lcSigma": 0.7086, "car_lcSpeedGainRight": 3.0324, "car_lcSublane": 0.378, "car_sigma": 0.7724, "car_tau_mean": 2.1672, "car_tau_std": 6.2374, "car_v_mean": 25.7994, "car_v_std": 3.8372}, "datetime": {"datetime": "2024-08-12 02:09:35", "elapsed": 5215.799225, "delta": 9.615431}}
{"target": -0.37388679330171687, "params": {"bus_acc": 2.7832, "bus_dcc": 3.7687, "bus_lcAssertive": 38.2957, "bus_lcCooperative": 0.2238, "bus_lcLookaheadLeft": 6.5858, "bus_lcPushy": 0.2268, "bus_lcSigma": 0.0162, "bus_lcSpeedGainRight": 3.474, "bus_lcSublane": 0.9818, "bus_sigma": 0.373, "bus_tau_mean": 1.2009, "bus_tau_std": 8.6346, "bus_v_mean": 16.9837, "bus_v_std": 5.3045, "car_acc": 0.8711, "car_dcc": 2.214, "car_lcAssertive": 50.069, "car_lcCooperative": 0.675, "car_lcLookaheadLeft": 27.7652, "car_lcPushy": 0.2047, "car_lcSigma": 0.5142, "car_lcSpeedGainRight": 0.4277, "car_lcSublane": 0.38, "car_sigma": 0.5265, "car_tau_mean": 2.3255, "car_tau_std": 3.3164, "car_v_mean": 20.6538, "car_v_std": 9.3019}, "datetime": {"datetime": "2024-08-12 02:09:40", "elapsed": 5220.252338, "delta": 4.453113}}
{"target": -0.5111098954333434, "params": {"bus_acc": 3.5009, "bus_dcc": 1.7636, "bus_lcAssertive": 33.6364, "bus_lcCooperative": 0.1823, "bus_lcLookaheadLeft": 37.6416, "bus_lcPushy": 0.6164, "bus_lcSigma": 0.3948, "bus_lcSpeedGainRight": 1.5609, "bus_lcSublane": 0.7794, "bus_sigma": 0.4555, "bus_tau_mean": 0.7491, "bus_tau_std": 3.7808, "bus_v_mean": 20.6712, "bus_v_std": 15.938, "car_acc": 3.1731, "car_dcc": 2.9555, "car_lcAssertive": 82.3618, "car_lcCooperative": 0.3008, "car_lcLookaheadLeft": 21.3151, "car_lcPushy": 0.6882, "car_lcSigma": 0.3208, "car_lcSpeedGainRight": 3.1205, "car_lcSublane": 0.6347, "car_sigma": 0.2915, "car_tau_mean": 2.2075, "car_tau_std": 5.6247, "car_v_mean": 16.419, "car_v_std": 15.9366}, "datetime": {"datetime": "2024-08-12 02:09:45", "elapsed": 5225.288173, "delta": 5.035835}}
{"target": -0.45204975512864753, "params": {"bus_acc": 3.9795, "bus_dcc": 3.9728, "bus_lcAssertive": 46.7183, "bus_lcCooperative": 0.63, "bus_lcLookaheadLeft": 32.9013, "bus_lcPushy": 0.4855, "bus_lcSigma": 0.9734, "bus_lcSpeedGainRight": 3.7958, "bus_lcSublane": 0.5761, "bus_sigma": 0.9093, "bus_tau_mean": 1.7967, "bus_tau_std": 8.2037, "bus_v_mean": 22.914, "bus_v_std": 2.9621, "car_acc": 0.8095, "car_dcc": 1.2668, "car_lcAssertive": 15.7058, "car_lcCooperative": 0.4369, "car_lcLookaheadLeft": 66.3934, "car_lcPushy": 0.4456, "car_lcSigma": 0.8856, "car_lcSpeedGainRight": 2.5541, "car_lcSublane": 0.7505, "car_sigma": 0.3282, "car_tau_mean": 2.3754, "car_tau_std": 4.0431, "car_v_mean": 19.6243, "car_v_std": 8.1169}, "datetime": {"datetime": "2024-08-12 02:09:55", "elapsed": 5235.603574, "delta": 10.315401}}
{"target": -0.6254236669794616, "params": {"bus_acc": 1.3936, "bus_dcc": 3.2464, "bus_lcAssertive": 64.1143, "bus_lcCooperative": 0.0614, "bus_lcLookaheadLeft": 50.54, "bus_lcPushy": 0.9233, "bus_lcSigma": 0.9135, "bus_lcSpeedGainRight": 3.5371, "bus_lcSublane": 0.5128, "bus_sigma": 0.0762, "bus_tau_mean": 3.2416, "bus_tau_std": 6.8456, "bus_v_mean": 25.2816, "bus_v_std": 10.1718, "car_acc": 2.2924, "car_dcc": 3.9745, "car_lcAssertive": 53.1947, "car_lcCooperative": 0.6225, "car_lcLookaheadLeft": 37.9303, "car_lcPushy": 0.339, "car_lcSigma": 0.8161, "car_lcSpeedGainRight": 2.3117, "car_lcSublane": 0.8803, "car_sigma": 0.601, "car_tau_mean": 3.2222, "car_tau_std": 8.2927, "car_v_mean": 19.3528, "car_v_std": 14.0323}, "datetime": {"datetime": "2024-08-12 02:09:59", "elapsed": 5239.203234, "delta": 3.59966}}
{"target": -0.630255032870256, "params": {"bus_acc": 1.0301, "bus_dcc": 0.4695, "bus_lcAssertive": 33.8061, "bus_lcCooperative": 0.7434, "bus_lcLookaheadLeft": 4.1409, "bus_lcPushy": 0.9749, "bus_lcSigma": 0.1363, "bus_lcSpeedGainRight": 3.8829, "bus_lcSublane": 0.7548, "bus_sigma": 0.8259, "bus_tau_mean": 1.999, "bus_tau_std": 0.2862, "bus_v_mean": 14.1285, "bus_v_std": 13.1554, "car_acc": 3.3781, "car_dcc": 1.4734, "car_lcAssertive": 27.7335, "car_lcCooperative": 0.9096, "car_lcLookaheadLeft": 17.5959, "car_lcPushy": 0.7597, "car_lcSigma": 0.2523, "car_lcSpeedGainRight": 0.4788, "car_lcSublane": 0.6413, "car_sigma": 0.3455, "car_tau_mean": 3.807, "car_tau_std": 7.431, "car_v_mean": 22.4828, "car_v_std": 6.7236}, "datetime": {"datetime": "2024-08-12 02:10:02", "elapsed": 5242.699661, "delta": 3.496427}}
{"target": -0.7263078231892731, "params": {"bus_acc": 3.4547, "bus_dcc": 1.0182, "bus_lcAssertive": 61.9953, "bus_lcCooperative": 0.123, "bus_lcLookaheadLeft": 51.4421, "bus_lcPushy": 0.1484, "bus_lcSigma": 0.5191, "bus_lcSpeedGainRight": 2.8149, "bus_lcSublane": 0.2418, "bus_sigma": 0.224, "bus_tau_mean": 3.2128, "bus_tau_std": 7.9204, "bus_v_mean": 16.1774, "bus_v_std": 3.3322, "car_acc": 1.216, "car_dcc": 1.3129, "car_lcAssertive": 8.2744, "car_lcCooperative": 0.9115, "car_lcLookaheadLeft": 64.2761, "car_lcPushy": 0.761, "car_lcSigma": 0.3114, "car_lcSpeedGainRight": 4.6896, "car_lcSublane": 0.4648, "car_sigma": 0.7898, "car_tau_mean": 3.9759, "car_tau_std": 0.5407, "car_v_mean": 18.0782, "car_v_std": 13.4192}, "datetime": {"datetime": "2024-08-12 02:10:05", "elapsed": 5246.079658, "delta": 3.379997}}
{"target": -0.601123846317903, "params": {"bus_acc": 3.9215, "bus_dcc": 1.2016, "bus_lcAssertive": 96.2771, "bus_lcCooperative": 0.351, "bus_lcLookaheadLeft": 17.3608, "bus_lcPushy": 0.2495, "bus_lcSigma": 0.8879, "bus_lcSpeedGainRight": 1.6538, "bus_lcSublane": 0.3655, "bus_sigma": 0.6508, "bus_tau_mean": 1.0599, "bus_tau_std": 7.2976, "bus_v_mean": 21.0442, "bus_v_std": 3.8356, "car_acc": 1.5936, "car_dcc": 1.1628, "car_lcAssertive": 41.0902, "car_lcCooperative": 0.2211, "car_lcLookaheadLeft": 65.536, "car_lcPushy": 0.8847, "car_lcSigma": 0.6512, "car_lcSpeedGainRight": 4.5679, "car_lcSublane": 0.0419, "car_sigma": 0.5402, "car_tau_mean": 1.6854, "car_tau_std": 6.6237, "car_v_mean": 8.2374, "car_v_std": 15.8712}, "datetime": {"datetime": "2024-08-12 02:10:10", "elapsed": 5250.535036, "delta": 4.455378}}
{"target": -0.6640105312281308, "params": {"bus_acc": 0.9427, "bus_dcc": 0.5617, "bus_lcAssertive": 66.0143, "bus_lcCooperative": 0.2023, "bus_lcLookaheadLeft": 37.1906, "bus_lcPushy": 0.0233, "bus_lcSigma": 0.5502, "bus_lcSpeedGainRight": 2.2509, "bus_lcSublane": 0.4964, "bus_sigma": 0.5953, "bus_tau_mean": 3.5904, "bus_tau_std": 6.128, "bus_v_mean": 20.5306, "bus_v_std": 15.1637, "car_acc": 3.0076, "car_dcc": 3.6704, "car_lcAssertive": 33.3129, "car_lcCooperative": 0.4227, "car_lcLookaheadLeft": 39.1521, "car_lcPushy": 0.8089, "car_lcSigma": 0.8401, "car_lcSpeedGainRight": 3.6314, "car_lcSublane": 0.0868, "car_sigma": 0.3322, "car_tau_mean": 0.638, "car_tau_std": 6.645, "car_v_mean": 8.5365, "car_v_std": 16.783}, "datetime": {"datetime": "2024-08-12 02:10:15", "elapsed": 5255.46296, "delta": 4.927924}}
{"target": -0.8122439956752691, "params": {"bus_acc": 0.4464, "bus_dcc": 0.7854, "bus_lcAssertive": 94.6777, "bus_lcCooperative": 0.5576, "bus_lcLookaheadLeft": 74.1553, "bus_lcPushy": 0.3915, "bus_lcSigma": 0.1585, "bus_lcSpeedGainRight": 1.1224, "bus_lcSublane": 0.5312, "bus_sigma": 0.8686, "bus_tau_mean": 2.1505, "bus_tau_std": 4.0044, "bus_v_mean": 10.6472, "bus_v_std": 16.4837, "car_acc": 2.5153, "car_dcc": 1.7704, "car_lcAssertive": 96.9016, "car_lcCooperative": 0.8771, "car_lcLookaheadLeft": 70.6496, "car_lcPushy": 0.0373, "car_lcSigma": 0.0141, "car_lcSpeedGainRight": 4.3106, "car_lcSublane": 0.0332, "car_sigma": 0.0301, "car_tau_mean": 1.0318, "car_tau_std": 0.8547, "car_v_mean": 20.6738, "car_v_std": 2.3451}, "datetime": {"datetime": "2024-08-12 02:10:20", "elapsed": 5260.70534, "delta": 5.24238}}
{"target": -0.4981930982288228, "params": {"bus_acc": 1.1191, "bus_dcc": 0.6998, "bus_lcAssertive": 13.7238, "bus_lcCooperative": 0.0305, "bus_lcLookaheadLeft": 69.1319, "bus_lcPushy": 0.5422, "bus_lcSigma": 0.314, "bus_lcSpeedGainRight": 4.2871, "bus_lcSublane": 0.0447, "bus_sigma": 0.2483, "bus_tau_mean": 0.8222, "bus_tau_std": 8.0499, "bus_v_mean": 25.3205, "bus_v_std": 18.5488, "car_acc": 1.5951, "car_dcc": 2.5322, "car_lcAssertive": 41.4035, "car_lcCooperative": 0.3404, "car_lcLookaheadLeft": 21.4201, "car_lcPushy": 0.384, "car_lcSigma": 0.5249, "car_lcSpeedGainRight": 0.7025, "car_lcSublane": 0.6491, "car_sigma": 0.048, "car_tau_mean": 2.1267, "car_tau_std": 3.3704, "car_v_mean": 25.4766, "car_v_std": 16.108}, "datetime": {"datetime": "2024-08-12 02:10:30", "elapsed": 5270.520318, "delta": 9.814978}}
{"target": -0.4998752938524498, "params": {"bus_acc": 0.2662, "bus_dcc": 0.815, "bus_lcAssertive": 16.4424, "bus_lcCooperative": 0.965, "bus_lcLookaheadLeft": 11.5199, "bus_lcPushy": 0.1112, "bus_lcSigma": 0.2627, "bus_lcSpeedGainRight": 4.649, "bus_lcSublane": 0.8021, "bus_sigma": 0.2292, "bus_tau_mean": 1.7621, "bus_tau_std": 0.7216, "bus_v_mean": 16.791, "bus_v_std": 12.1037, "car_acc": 1.5787, "car_dcc": 3.3488, "car_lcAssertive": 45.7464, "car_lcCooperative": 0.9215, "car_lcLookaheadLeft": 93.6599, "car_lcPushy": 0.0304, "car_lcSigma": 0.0281, "car_lcSpeedGainRight": 1.1919, "car_lcSublane": 0.6988, "car_sigma": 0.5286, "car_tau_mean": 1.1206, "car_tau_std": 2.7337, "car_v_mean": 23.0168, "car_v_std": 17.085}, "datetime": {"datetime": "2024-08-12 02:10:34", "elapsed": 5274.334403, "delta": 3.814085}}
{"target": -0.7782653564958504, "params": {"bus_acc": 3.2145, "bus_dcc": 1.6854, "bus_lcAssertive": 27.666, "bus_lcCooperative": 0.2983, "bus_lcLookaheadLeft": 53.28, "bus_lcPushy": 0.7088, "bus_lcSigma": 0.7908, "bus_lcSpeedGainRight": 1.8005, "bus_lcSublane": 0.0777, "bus_sigma": 0.0057, "bus_tau_mean": 1.6613, "bus_tau_std": 0.4457, "bus_v_mean": 21.4925, "bus_v_std": 16.9786, "car_acc": 2.1506, "car_dcc": 0.3513, "car_lcAssertive": 17.7095, "car_lcCooperative": 0.0499, "car_lcLookaheadLeft": 96.7351, "car_lcPushy": 0.2393, "car_lcSigma": 0.417, "car_lcSpeedGainRight": 3.6814, "car_lcSublane": 0.6374, "car_sigma": 0.8772, "car_tau_mean": 2.6802, "car_tau_std": 6.0982, "car_v_mean": 23.8186, "car_v_std": 11.5318}, "datetime": {"datetime": "2024-08-12 02:10:37", "elapsed": 5278.104232, "delta": 3.769829}}
{"target": -0.49761192551460215, "params": {"bus_acc": 0.5244, "bus_dcc": 2.307, "bus_lcAssertive": 71.3992, "bus_lcCooperative": 0.7441, "bus_lcLookaheadLeft": 25.3865, "bus_lcPushy": 0.3669, "bus_lcSigma": 0.0881, "bus_lcSpeedGainRight": 4.594, "bus_lcSublane": 0.2871, "bus_sigma": 0.9943, "bus_tau_mean": 1.2726, "bus_tau_std": 5.1812, "bus_v_mean": 15.9193, "bus_v_std": 1.0706, "car_acc": 2.5777, "car_dcc": 3.1327, "car_lcAssertive": 16.0081, "car_lcCooperative": 0.0098, "car_lcLookaheadLeft": 87.1709, "car_lcPushy": 0.6707, "car_lcSigma": 0.1486, "car_lcSpeedGainRight": 0.1161, "car_lcSublane": 0.2594, "car_sigma": 0.9276, "car_tau_mean": 2.9613, "car_tau_std": 7.8954, "car_v_mean": 15.8301, "car_v_std": 2.3353}, "datetime": {"datetime": "2024-08-12 02:10:45", "elapsed": 5286.150431, "delta": 8.046199}}
{"target": -0.3928158962555636, "params": {"bus_acc": 0.3684, "bus_dcc": 3.8921, "bus_lcAssertive": 73.8861, "bus_lcCooperative": 0.299, "bus_lcLookaheadLeft": 38.7389, "bus_lcPushy": 0.7301, "bus_lcSigma": 0.3647, "bus_lcSpeedGainRight": 0.9687, "bus_lcSublane": 0.7292, "bus_sigma": 0.9032, "bus_tau_mean": 3.1749, "bus_tau_std": 3.6641, "bus_v_mean": 22.2522, "bus_v_std": 10.5673, "car_acc": 0.4839, "car_dcc": 1.3183, "car_lcAssertive": 81.8603, "car_lcCooperative": 0.0303, "car_lcLookaheadLeft": 90.4281, "car_lcPushy": 0.6682, "car_lcSigma": 0.3839, "car_lcSpeedGainRight": 2.5208, "car_lcSublane": 0.7761, "car_sigma": 0.6456, "car_tau_mean": 1.7129, "car_tau_std": 3.8803, "car_v_mean": 23.316, "car_v_std": 12.8783}, "datetime": {"datetime": "2024-08-12 02:10:51", "elapsed": 5292.178679, "delta": 6.028248}}
{"target": -0.6889812832179424, "params": {"bus_acc": 3.6311, "bus_dcc": 1.4989, "bus_lcAssertive": 60.7004, "bus_lcCooperative": 0.9261, "bus_lcLookaheadLeft": 51.2153, "bus_lcPushy": 0.7777, "bus_lcSigma": 0.6081, "bus_lcSpeedGainRight": 0.3832, "bus_lcSublane": 0.3058, "bus_sigma": 0.4003, "bus_tau_mean": 2.337, "bus_tau_std": 8.919, "bus_v_mean": 21.8091, "bus_v_std": 2.4395, "car_acc": 2.5994, "car_dcc": 3.4729, "car_lcAssertive": 74.0553, "car_lcCooperative": 0.9667, "car_lcLookaheadLeft": 58.0947, "car_lcPushy": 0.8066, "car_lcSigma": 0.9198, "car_lcSpeedGainRight": 1.8381, "car_lcSublane": 0.2503, "car_sigma": 0.3745, "car_tau_mean": 0.8392, "car_tau_std": 4.7862, "car_v_mean": 12.7672, "car_v_std": 16.1213}, "datetime": {"datetime": "2024-08-12 02:10:57", "elapsed": 5297.381616, "delta": 5.202937}}
{"target": -0.4275243926054127, "params": {"bus_acc": 1.5589, "bus_dcc": 1.4474, "bus_lcAssertive": 77.643, "bus_lcCooperative": 0.6056, "bus_lcLookaheadLeft": 88.701, "bus_lcPushy": 0.8947, "bus_lcSigma": 0.2931, "bus_lcSpeedGainRight": 2.8131, "bus_lcSublane": 0.0705, "bus_sigma": 0.4196, "bus_tau_mean": 2.8045, "bus_tau_std": 7.9106, "bus_v_mean": 21.2601, "bus_v_std": 11.499, "car_acc": 0.692, "car_dcc": 1.1665, "car_lcAssertive": 77.8967, "car_lcCooperative": 0.9011, "car_lcLookaheadLeft": 51.0475, "car_lcPushy": 0.1059, "car_lcSigma": 0.1026, "car_lcSpeedGainRight": 0.2382, "car_lcSublane": 0.6578, "car_sigma": 0.3031, "car_tau_mean": 2.8663, "car_tau_std": 4.2844, "car_v_mean": 21.1286, "car_v_std": 14.3216}, "datetime": {"datetime": "2024-08-12 02:11:01", "elapsed": 5301.371067, "delta": 3.989451}}
