{"target": -0.40083411443993705, "params": {"bus_acc": 3.6546, "bus_dcc": 2.0922, "bus_lcAssertive": 2.3359, "bus_lcCooperative": 0.8888, "bus_lcLookaheadLeft": 25.638, "bus_lcPushy": 0.3402, "bus_lcSigma": 0.8926, "bus_lcSpeedGainRight": 3.0451, "bus_lcSublane": 0.3192, "bus_sigma": 0.6541, "bus_tau_mean": 3.9797, "bus_tau_std": 4.9473, "bus_v_mean": 9.0127, "bus_v_std": 8.379, "car_acc": 3.1348, "car_dcc": 3.0301, "car_lcAssertive": 15.4868, "car_lcCooperative": 0.3744, "car_lcLookaheadLeft": 63.591, "car_lcPushy": 0.4604, "car_lcSigma": 0.6641, "car_lcSpeedGainRight": 4.8835, "car_lcSublane": 0.3346, "car_sigma": 0.7504, "car_tau_mean": 1.936, "car_tau_std": 9.3497, "car_v_mean": 9.6953, "car_v_std": 0.2628}, "datetime": {"datetime": "2024-08-12 01:31:47", "elapsed": 2947.508642, "delta": 3.28645}}
{"target": -0.6558756270423741, "params": {"bus_acc": 1.7112, "bus_dcc": 1.2051, "bus_lcAssertive": 4.6786, "bus_lcCooperative": 0.2803, "bus_lcLookaheadLeft": 52.5344, "bus_lcPushy": 0.8532, "bus_lcSigma": 0.7343, "bus_lcSpeedGainRight": 0.3997, "bus_lcSublane": 0.1918, "bus_sigma": 0.4305, "bus_tau_mean": 2.0081, "bus_tau_std": 6.1064, "bus_v_mean": 19.4299, "bus_v_std": 1.5913, "car_acc": 3.0462, "car_dcc": 1.3129, "car_lcAssertive": 46.3918, "car_lcCooperative": 0.3291, "car_lcLookaheadLeft": 90.9486, "car_lcPushy": 0.2259, "car_lcSigma": 0.5196, "car_lcSpeedGainRight": 3.0452, "car_lcSublane": 0.8582, "car_sigma": 0.5154, "car_tau_mean": 3.3002, "car_tau_std": 9.8495, "car_v_mean": 16.3297, "car_v_std": 0.1702}, "datetime": {"datetime": "2024-08-12 01:31:51", "elapsed": 2952.095302, "delta": 4.58666}}
{"target": -0.47046473091631774, "params": {"bus_acc": 1.1964, "bus_dcc": 0.4204, "bus_lcAssertive": 7.0201, "bus_lcCooperative": 0.1613, "bus_lcLookaheadLeft": 45.6333, "bus_lcPushy": 0.9238, "bus_lcSigma": 0.8023, "bus_lcSpeedGainRight": 0.5632, "bus_lcSublane": 0.0171, "bus_sigma": 0.0271, "bus_tau_mean": 3.9425, "bus_tau_std": 9.7989, "bus_v_mean": 19.5708, "bus_v_std": 19.1246, "car_acc": 2.5099, "car_dcc": 1.0064, "car_lcAssertive": 97.8964, "car_lcCooperative": 0.2208, "car_lcLookaheadLeft": 41.8718, "car_lcPushy": 0.2965, "car_lcSigma": 0.6199, "car_lcSpeedGainRight": 3.3201, "car_lcSublane": 0.5448, "car_sigma": 0.0788, "car_tau_mean": 3.6482, "car_tau_std": 8.2597, "car_v_mean": 12.1674, "car_v_std": 11.6984}, "datetime": {"datetime": "2024-08-12 01:31:55", "elapsed": 2955.376564, "delta": 3.281262}}
{"target": -0.7252338257461063, "params": {"bus_acc": 1.3601, "bus_dcc": 1.9469, "bus_lcAssertive": 34.2187, "bus_lcCooperative": 0.2737, "bus_lcLookaheadLeft": 42.2864, "bus_lcPushy": 0.6838, "bus_lcSigma": 0.6083, "bus_lcSpeedGainRight": 2.7393, "bus_lcSublane": 0.3523, "bus_sigma": 0.5306, "bus_tau_mean": 3.5482, "bus_tau_std": 0.2452, "bus_v_mean": 8.8994, "bus_v_std": 3.3038, "car_acc": 2.0241, "car_dcc": 0.5203, "car_lcAssertive": 37.8491, "car_lcCooperative": 0.0082, "car_lcLookaheadLeft": 56.48, "car_lcPushy": 0.9372, "car_lcSigma": 0.0975, "car_lcSpeedGainRight": 0.9614, "car_lcSublane": 0.3905, "car_sigma": 0.4281, "car_tau_mean": 0.7003, "car_tau_std": 2.0144, "car_v_mean": 12.5858, "car_v_std": 0.1875}, "datetime": {"datetime": "2024-08-12 01:31:59", "elapsed": 2959.931335, "delta": 4.554771}}
{"target": -0.5912221042258886, "params": {"bus_acc": 1.33, "bus_dcc": 3.6739, "bus_lcAssertive": 16.3095, "bus_lcCooperative": 0.3962, "bus_lcLookaheadLeft": 53.0798, "bus_lcPushy": 0.462, "bus_lcSigma": 0.3384, "bus_lcSpeedGainRight": 0.3248, "bus_lcSublane": 0.2067, "bus_sigma": 0.7346, "bus_tau_mean": 0.9013, "bus_tau_std": 2.9729, "bus_v_mean": 22.6848, "bus_v_std": 15.9686, "car_acc": 2.3772, "car_dcc": 3.9472, "car_lcAssertive": 66.4133, "car_lcCooperative": 0.9269, "car_lcLookaheadLeft": 29.8379, "car_lcPushy": 0.4984, "car_lcSigma": 0.4803, "car_lcSpeedGainRight": 3.9013, "car_lcSublane": 0.077, "car_sigma": 0.6656, "car_tau_mean": 3.4761, "car_tau_std": 4.5771, "car_v_mean": 15.1347, "car_v_std": 7.4456}, "datetime": {"datetime": "2024-08-12 01:32:03", "elapsed": 2963.25655, "delta": 3.325215}}
{"target": -0.5574427488653454, "params": {"bus_acc": 0.629, "bus_dcc": 1.6916, "bus_lcAssertive": 21.2977, "bus_lcCooperative": 0.3341, "bus_lcLookaheadLeft": 70.5297, "bus_lcPushy": 0.2538, "bus_lcSigma": 0.6613, "bus_lcSpeedGainRight": 4.1379, "bus_lcSublane": 0.9982, "bus_sigma": 0.1129, "bus_tau_mean": 2.5235, "bus_tau_std": 3.6291, "bus_v_mean": 14.319, "bus_v_std": 4.872, "car_acc": 2.9612, "car_dcc": 1.8457, "car_lcAssertive": 70.1616, "car_lcCooperative": 0.7295, "car_lcLookaheadLeft": 48.5354, "car_lcPushy": 0.6714, "car_lcSigma": 0.9061, "car_lcSpeedGainRight": 3.0574, "car_lcSublane": 0.1131, "car_sigma": 0.3538, "car_tau_mean": 2.4226, "car_tau_std": 5.3573, "car_v_mean": 20.6867, "car_v_std": 5.066}, "datetime": {"datetime": "2024-08-12 01:32:13", "elapsed": 2973.402377, "delta": 10.145827}}
{"target": -0.6413725954539585, "params": {"bus_acc": 3.2687, "bus_dcc": 1.2758, "bus_lcAssertive": 23.5135, "bus_lcCooperative": 0.9217, "bus_lcLookaheadLeft": 63.8343, "bus_lcPushy": 0.3111, "bus_lcSigma": 0.3829, "bus_lcSpeedGainRight": 2.9452, "bus_lcSublane": 0.1703, "bus_sigma": 0.9591, "bus_tau_mean": 2.1684, "bus_tau_std": 8.7754, "bus_v_mean": 12.0683, "bus_v_std": 14.7746, "car_acc": 2.175, "car_dcc": 3.2948, "car_lcAssertive": 87.5373, "car_lcCooperative": 0.5917, "car_lcLookaheadLeft": 40.4468, "car_lcPushy": 0.1353, "car_lcSigma": 0.6482, "car_lcSpeedGainRight": 4.6704, "car_lcSublane": 0.4358, "car_sigma": 0.2001, "car_tau_mean": 1.5823, "car_tau_std": 1.6833, "car_v_mean": 25.8636, "car_v_std": 11.8996}, "datetime": {"datetime": "2024-08-12 01:32:17", "elapsed": 2977.80938, "delta": 4.407003}}
{"target": -0.6467520137769464, "params": {"bus_acc": 3.9823, "bus_dcc": 1.4063, "bus_lcAssertive": 80.919, "bus_lcCooperative": 0.2237, "bus_lcLookaheadLeft": 74.7461, "bus_lcPushy": 0.0702, "bus_lcSigma": 0.9801, "bus_lcSpeedGainRight": 3.6496, "bus_lcSublane": 0.9158, "bus_sigma": 0.8056, "bus_tau_mean": 1.6479, "bus_tau_std": 9.2509, "bus_v_mean": 8.0718, "bus_v_std": 15.3271, "car_acc": 1.9482, "car_dcc": 3.9409, "car_lcAssertive": 46.5919, "car_lcCooperative": 0.8655, "car_lcLookaheadLeft": 44.6357, "car_lcPushy": 0.6693, "car_lcSigma": 0.2327, "car_lcSpeedGainRight": 2.1506, "car_lcSublane": 0.1774, "car_sigma": 0.9419, "car_tau_mean": 0.7832, "car_tau_std": 9.0714, "car_v_mean": 18.7222, "car_v_std": 16.0441}, "datetime": {"datetime": "2024-08-12 01:32:22", "elapsed": 2982.376032, "delta": 4.566652}}
{"target": -0.4094318688292377, "params": {"bus_acc": 0.4878, "bus_dcc": 2.9846, "bus_lcAssertive": 83.4394, "bus_lcCooperative": 0.4314, "bus_lcLookaheadLeft": 95.1708, "bus_lcPushy": 0.1852, "bus_lcSigma": 0.786, "bus_lcSpeedGainRight": 0.8014, "bus_lcSublane": 0.3207, "bus_sigma": 0.3461, "bus_tau_mean": 1.1439, "bus_tau_std": 1.9926, "bus_v_mean": 20.5728, "bus_v_std": 1.4072, "car_acc": 1.265, "car_dcc": 3.1772, "car_lcAssertive": 75.1054, "car_lcCooperative": 0.5853, "car_lcLookaheadLeft": 12.9869, "car_lcPushy": 0.2719, "car_lcSigma": 0.3215, "car_lcSpeedGainRight": 0.7261, "car_lcSublane": 0.5212, "car_sigma": 0.1015, "car_tau_mean": 1.2039, "car_tau_std": 4.4425, "car_v_mean": 9.7307, "car_v_std": 12.0332}, "datetime": {"datetime": "2024-08-12 01:32:25", "elapsed": 2985.530513, "delta": 3.154481}}
{"target": -0.8507029698027716, "params": {"bus_acc": 1.1443, "bus_dcc": 0.2108, "bus_lcAssertive": 67.3517, "bus_lcCooperative": 0.5092, "bus_lcLookaheadLeft": 46.0651, "bus_lcPushy": 0.3371, "bus_lcSigma": 0.933, "bus_lcSpeedGainRight": 4.1822, "bus_lcSublane": 0.8947, "bus_sigma": 0.9599, "bus_tau_mean": 2.1566, "bus_tau_std": 6.4443, "bus_v_mean": 19.5192, "bus_v_std": 11.4223, "car_acc": 2.8254, "car_dcc": 3.3567, "car_lcAssertive": 56.1605, "car_lcCooperative": 0.6725, "car_lcLookaheadLeft": 18.5131, "car_lcPushy": 0.6116, "car_lcSigma": 0.1896, "car_lcSpeedGainRight": 4.9532, "car_lcSublane": 0.5226, "car_sigma": 0.9361, "car_tau_mean": 3.3958, "car_tau_std": 2.4537, "car_v_mean": 10.9083, "car_v_std": 9.4588}, "datetime": {"datetime": "2024-08-12 01:32:31", "elapsed": 2992.062452, "delta": 6.531939}}
{"target": -0.5327933764085452, "params": {"bus_acc": 3.9018, "bus_dcc": 3.3168, "bus_lcAssertive": 94.6505, "bus_lcCooperative": 0.218, "bus_lcLookaheadLeft": 16.668, "bus_lcPushy": 0.9818, "bus_lcSigma": 0.8909, "bus_lcSpeedGainRight": 0.6436, "bus_lcSublane": 0.9297, "bus_sigma": 0.5506, "bus_tau_mean": 0.7583, "bus_tau_std": 8.0957, "bus_v_mean": 13.8945, "bus_v_std": 18.4675, "car_acc": 1.0357, "car_dcc": 2.7632, "car_lcAssertive": 69.3602, "car_lcCooperative": 0.6587, "car_lcLookaheadLeft": 35.8832, "car_lcPushy": 0.2572, "car_lcSigma": 0.2718, "car_lcSpeedGainRight": 2.499, "car_lcSublane": 0.0997, "car_sigma": 0.8394, "car_tau_mean": 1.1903, "car_tau_std": 0.848, "car_v_mean": 22.6628, "car_v_std": 17.1873}, "datetime": {"datetime": "2024-08-12 01:32:37", "elapsed": 2997.999051, "delta": 5.936599}}
{"target": -0.5666622608870681, "params": {"bus_acc": 2.3877, "bus_dcc": 2.58, "bus_lcAssertive": 3.636, "bus_lcCooperative": 0.864, "bus_lcLookaheadLeft": 71.1784, "bus_lcPushy": 0.5124, "bus_lcSigma": 0.7031, "bus_lcSpeedGainRight": 3.3991, "bus_lcSublane": 0.4883, "bus_sigma": 0.6218, "bus_tau_mean": 2.0377, "bus_tau_std": 9.2878, "bus_v_mean": 20.3266, "bus_v_std": 6.3457, "car_acc": 1.2669, "car_dcc": 1.7972, "car_lcAssertive": 10.9398, "car_lcCooperative": 0.526, "car_lcLookaheadLeft": 56.5708, "car_lcPushy": 0.2721, "car_lcSigma": 0.6984, "car_lcSpeedGainRight": 2.6823, "car_lcSublane": 0.2565, "car_sigma": 0.0625, "car_tau_mean": 3.7673, "car_tau_std": 0.7745, "car_v_mean": 21.3134, "car_v_std": 12.5232}, "datetime": {"datetime": "2024-08-12 01:32:40", "elapsed": 3001.170334, "delta": 3.171283}}
{"target": -0.34437934770683354, "params": {"bus_acc": 1.124, "bus_dcc": 2.5413, "bus_lcAssertive": 66.2075, "bus_lcCooperative": 0.7974, "bus_lcLookaheadLeft": 24.8462, "bus_lcPushy": 0.3884, "bus_lcSigma": 0.1198, "bus_lcSpeedGainRight": 0.4766, "bus_lcSublane": 0.2617, "bus_sigma": 0.1061, "bus_tau_mean": 3.6653, "bus_tau_std": 3.6628, "bus_v_mean": 17.4384, "bus_v_std": 17.5341, "car_acc": 0.5897, "car_dcc": 3.409, "car_lcAssertive": 89.3186, "car_lcCooperative": 0.9584, "car_lcLookaheadLeft": 29.6964, "car_lcPushy": 0.3819, "car_lcSigma": 0.3161, "car_lcSpeedGainRight": 4.8856, "car_lcSublane": 0.5139, "car_sigma": 0.5801, "car_tau_mean": 3.5039, "car_tau_std": 6.5617, "car_v_mean": 10.7439, "car_v_std": 14.6955}, "datetime": {"datetime": "2024-08-12 01:32:45", "elapsed": 3005.414609, "delta": 4.244275}}
{"target": -0.5562166451421572, "params": {"bus_acc": 2.5687, "bus_dcc": 1.338, "bus_lcAssertive": 94.5908, "bus_lcCooperative": 0.3998, "bus_lcLookaheadLeft": 51.6506, "bus_lcPushy": 0.6526, "bus_lcSigma": 0.5156, "bus_lcSpeedGainRight": 1.9705, "bus_lcSublane": 0.4308, "bus_sigma": 0.9402, "bus_tau_mean": 1.3676, "bus_tau_std": 9.3888, "bus_v_mean": 11.3025, "bus_v_std": 16.9945, "car_acc": 3.8332, "car_dcc": 1.0544, "car_lcAssertive": 53.4932, "car_lcCooperative": 0.4639, "car_lcLookaheadLeft": 59.1227, "car_lcPushy": 0.0077, "car_lcSigma": 0.7959, "car_lcSpeedGainRight": 0.5232, "car_lcSublane": 0.0561, "car_sigma": 0.6564, "car_tau_mean": 1.5188, "car_tau_std": 6.5452, "car_v_mean": 12.6907, "car_v_std": 0.4664}, "datetime": {"datetime": "2024-08-12 01:32:49", "elapsed": 3009.523206, "delta": 4.108597}}
{"target": -0.6784400994726069, "params": {"bus_acc": 2.5597, "bus_dcc": 3.7614, "bus_lcAssertive": 63.695, "bus_lcCooperative": 0.8974, "bus_lcLookaheadLeft": 83.388, "bus_lcPushy": 0.6407, "bus_lcSigma": 0.1346, "bus_lcSpeedGainRight": 1.0763, "bus_lcSublane": 0.1543, "bus_sigma": 0.513, "bus_tau_mean": 0.9233, "bus_tau_std": 3.1103, "bus_v_mean": 25.3565, "bus_v_std": 5.9721, "car_acc": 1.8127, "car_dcc": 2.8254, "car_lcAssertive": 83.0739, "car_lcCooperative": 0.2327, "car_lcLookaheadLeft": 16.9076, "car_lcPushy": 0.888, "car_lcSigma": 0.9082, "car_lcSpeedGainRight": 0.3205, "car_lcSublane": 0.9473, "car_sigma": 0.0405, "car_tau_mean": 2.8914, "car_tau_std": 2.5118, "car_v_mean": 9.3857, "car_v_std": 18.6995}, "datetime": {"datetime": "2024-08-12 01:32:54", "elapsed": 3014.86289, "delta": 5.339684}}
{"target": -0.7358392724286335, "params": {"bus_acc": 2.0766, "bus_dcc": 2.9061, "bus_lcAssertive": 89.6085, "bus_lcCooperative": 0.2073, "bus_lcLookaheadLeft": 44.2313, "bus_lcPushy": 0.9331, "bus_lcSigma": 0.5554, "bus_lcSpeedGainRight": 0.341, "bus_lcSublane": 0.6581, "bus_sigma": 0.5936, "bus_tau_mean": 3.5508, "bus_tau_std": 7.0277, "bus_v_mean": 25.3398, "bus_v_std": 12.0012, "car_acc": 3.1817, "car_dcc": 1.7227, "car_lcAssertive": 73.0492, "car_lcCooperative": 0.9835, "car_lcLookaheadLeft": 76.717, "car_lcPushy": 0.2686, "car_lcSigma": 0.0984, "car_lcSpeedGainRight": 1.7879, "car_lcSublane": 0.1762, "car_sigma": 0.5404, "car_tau_mean": 0.5606, "car_tau_std": 4.7174, "car_v_mean": 17.7255, "car_v_std": 6.1455}, "datetime": {"datetime": "2024-08-12 01:33:00", "elapsed": 3020.786074, "delta": 5.923184}}
{"target": -0.3903213867613809, "params": {"bus_acc": 0.2468, "bus_dcc": 3.9184, "bus_lcAssertive": 73.0652, "bus_lcCooperative": 0.1179, "bus_lcLookaheadLeft": 50.2106, "bus_lcPushy": 0.5326, "bus_lcSigma": 0.0209, "bus_lcSpeedGainRight": 4.5802, "bus_lcSublane": 0.4113, "bus_sigma": 0.1158, "bus_tau_mean": 1.8527, "bus_tau_std": 3.3224, "bus_v_mean": 22.2403, "bus_v_std": 10.3188, "car_acc": 1.9659, "car_dcc": 3.1429, "car_lcAssertive": 91.8664, "car_lcCooperative": 0.6303, "car_lcLookaheadLeft": 27.6473, "car_lcPushy": 0.2461, "car_lcSigma": 0.5715, "car_lcSpeedGainRight": 2.9336, "car_lcSublane": 0.9858, "car_sigma": 0.6465, "car_tau_mean": 1.3648, "car_tau_std": 6.5269, "car_v_mean": 16.1977, "car_v_std": 16.9186}, "datetime": {"datetime": "2024-08-12 01:33:04", "elapsed": 3024.700708, "delta": 3.914634}}
{"target": -0.7387700690415885, "params": {"bus_acc": 3.5631, "bus_dcc": 3.8805, "bus_lcAssertive": 57.8356, "bus_lcCooperative": 0.8656, "bus_lcLookaheadLeft": 86.8318, "bus_lcPushy": 0.4153, "bus_lcSigma": 0.1296, "bus_lcSpeedGainRight": 2.7706, "bus_lcSublane": 0.0229, "bus_sigma": 0.5138, "bus_tau_mean": 2.0154, "bus_tau_std": 0.5543, "bus_v_mean": 19.4652, "bus_v_std": 8.2525, "car_acc": 3.7732, "car_dcc": 0.7245, "car_lcAssertive": 26.8993, "car_lcCooperative": 0.4253, "car_lcLookaheadLeft": 84.5579, "car_lcPushy": 0.3715, "car_lcSigma": 0.2806, "car_lcSpeedGainRight": 2.9743, "car_lcSublane": 0.4485, "car_sigma": 0.0615, "car_tau_mean": 2.2819, "car_tau_std": 6.9853, "car_v_mean": 8.6627, "car_v_std": 13.5724}, "datetime": {"datetime": "2024-08-12 01:33:09", "elapsed": 3029.423984, "delta": 4.723276}}
{"target": -0.5065710274572437, "params": {"bus_acc": 2.2001, "bus_dcc": 2.0874, "bus_lcAssertive": 28.6493, "bus_lcCooperative": 0.4079, "bus_lcLookaheadLeft": 29.8849, "bus_lcPushy": 0.7166, "bus_lcSigma": 0.4331, "bus_lcSpeedGainRight": 1.11, "bus_lcSublane": 0.5925, "bus_sigma": 0.5832, "bus_tau_mean": 2.5226, "bus_tau_std": 3.1958, "bus_v_mean": 11.7726, "bus_v_std": 17.4427, "car_acc": 3.2301, "car_dcc": 3.7988, "car_lcAssertive": 78.9456, "car_lcCooperative": 0.8625, "car_lcLookaheadLeft": 93.4547, "car_lcPushy": 0.6666, "car_lcSigma": 0.653, "car_lcSpeedGainRight": 4.2611, "car_lcSublane": 0.8189, "car_sigma": 0.3704, "car_tau_mean": 3.1103, "car_tau_std": 9.9542, "car_v_mean": 19.8247, "car_v_std": 6.2222}, "datetime": {"datetime": "2024-08-12 01:33:14", "elapsed": 3034.640716, "delta": 5.216732}}
{"target": -0.6174435116493259, "params": {"bus_acc": 0.9032, "bus_dcc": 2.1129, "bus_lcAssertive": 33.6056, "bus_lcCooperative": 0.8982, "bus_lcLookaheadLeft": 5.0735, "bus_lcPushy": 0.5689, "bus_lcSigma": 0.4125, "bus_lcSpeedGainRight": 2.44, "bus_lcSublane": 0.9337, "bus_sigma": 0.8543, "bus_tau_mean": 0.7427, "bus_tau_std": 1.9428, "bus_v_mean": 13.6666, "bus_v_std": 15.4873, "car_acc": 3.1499, "car_dcc": 2.5906, "car_lcAssertive": 79.1611, "car_lcCooperative": 0.1626, "car_lcLookaheadLeft": 95.2807, "car_lcPushy": 0.1334, "car_lcSigma": 0.2009, "car_lcSpeedGainRight": 0.1178, "car_lcSublane": 0.818, "car_sigma": 0.7423, "car_tau_mean": 1.8267, "car_tau_std": 4.8055, "car_v_mean": 16.4155, "car_v_std": 16.1157}, "datetime": {"datetime": "2024-08-12 01:33:19", "elapsed": 3039.471074, "delta": 4.830358}}
{"target": -0.40714567921426265, "params": {"bus_acc": 2.942, "bus_dcc": 1.5512, "bus_lcAssertive": 70.0895, "bus_lcCooperative": 0.2295, "bus_lcLookaheadLeft": 69.7596, "bus_lcPushy": 0.9474, "bus_lcSigma": 0.2704, "bus_lcSpeedGainRight": 4.8982, "bus_lcSublane": 0.1127, "bus_sigma": 0.7385, "bus_tau_mean": 3.5846, "bus_tau_std": 1.1717, "bus_v_mean": 10.2325, "bus_v_std": 1.2958, "car_acc": 0.3538, "car_dcc": 1.3069, "car_lcAssertive": 11.8816, "car_lcCooperative": 0.4206, "car_lcLookaheadLeft": 85.262, "car_lcPushy": 0.6613, "car_lcSigma": 0.0965, "car_lcSpeedGainRight": 2.2412, "car_lcSublane": 0.4393, "car_sigma": 0.6298, "car_tau_mean": 0.9539, "car_tau_std": 9.9258, "car_v_mean": 10.2114, "car_v_std": 8.219}, "datetime": {"datetime": "2024-08-12 01:33:22", "elapsed": 3042.718192, "delta": 3.247118}}
{"target": -0.7209237413222307, "params": {"bus_acc": 2.4108, "bus_dcc": 1.5723, "bus_lcAssertive": 43.4762, "bus_lcCooperative": 0.0244, "bus_lcLookaheadLeft": 78.181, "bus_lcPushy": 0.1377, "bus_lcSigma": 0.0439, "bus_lcSpeedGainRight": 0.006, "bus_lcSublane": 0.9707, "bus_sigma": 0.6793, "bus_tau_mean": 1.3413, "bus_tau_std": 2.7159, "bus_v_mean": 8.0302, "bus_v_std": 11.1375, "car_acc": 3.1161, "car_dcc": 3.4591, "car_lcAssertive": 18.9741, "car_lcCooperative": 0.7306, "car_lcLookaheadLeft": 41.48, "car_lcPushy": 0.6762, "car_lcSigma": 0.4189, "car_lcSpeedGainRight": 0.5177, "car_lcSublane": 0.859, "car_sigma": 0.9316, "car_tau_mean": 1.3939, "car_tau_std": 9.9217, "car_v_mean": 25.341, "car_v_std": 15.0755}, "datetime": {"datetime": "2024-08-12 01:33:26", "elapsed": 3047.028785, "delta": 4.310593}}
{"target": -0.5082591964449502, "params": {"bus_acc": 2.6698, "bus_dcc": 3.3716, "bus_lcAssertive": 37.8734, "bus_lcCooperative": 0.7411, "bus_lcLookaheadLeft": 6.9127, "bus_lcPushy": 0.3505, "bus_lcSigma": 0.2976, "bus_lcSpeedGainRight": 0.3077, "bus_lcSublane": 0.0001, "bus_sigma": 0.5176, "bus_tau_mean": 3.7601, "bus_tau_std": 3.8995, "bus_v_mean": 25.6199, "bus_v_std": 14.4024, "car_acc": 3.6511, "car_dcc": 1.8252, "car_lcAssertive": 57.2938, "car_lcCooperative": 0.0623, "car_lcLookaheadLeft": 14.7415, "car_lcPushy": 0.6102, "car_lcSigma": 0.4092, "car_lcSpeedGainRight": 1.3566, "car_lcSublane": 0.9191, "car_sigma": 0.3058, "car_tau_mean": 3.1802, "car_tau_std": 1.7857, "car_v_mean": 23.3421, "car_v_std": 19.8731}, "datetime": {"datetime": "2024-08-12 01:33:31", "elapsed": 3051.628201, "delta": 4.599416}}
{"target": -0.48368099538240417, "params": {"bus_acc": 2.0457, "bus_dcc": 1.9678, "bus_lcAssertive": 77.1975, "bus_lcCooperative": 0.1036, "bus_lcLookaheadLeft": 33.9944, "bus_lcPushy": 0.3845, "bus_lcSigma": 0.0447, "bus_lcSpeedGainRight": 2.6076, "bus_lcSublane": 0.5059, "bus_sigma": 0.5477, "bus_tau_mean": 1.4747, "bus_tau_std": 4.1933, "bus_v_mean": 15.4098, "bus_v_std": 0.9157, "car_acc": 1.0804, "car_dcc": 0.6337, "car_lcAssertive": 91.7282, "car_lcCooperative": 0.6233, "car_lcLookaheadLeft": 3.1957, "car_lcPushy": 0.7857, "car_lcSigma": 0.8139, "car_lcSpeedGainRight": 1.6916, "car_lcSublane": 0.7947, "car_sigma": 0.8795, "car_tau_mean": 2.2846, "car_tau_std": 3.154, "car_v_mean": 22.9423, "car_v_std": 5.4151}, "datetime": {"datetime": "2024-08-12 01:33:39", "elapsed": 3059.456169, "delta": 7.827968}}
{"target": -0.5073163346287476, "params": {"bus_acc": 0.7531, "bus_dcc": 2.6378, "bus_lcAssertive": 22.0349, "bus_lcCooperative": 0.9218, "bus_lcLookaheadLeft": 71.3837, "bus_lcPushy": 0.1791, "bus_lcSigma": 0.1542, "bus_lcSpeedGainRight": 1.8819, "bus_lcSublane": 0.1327, "bus_sigma": 0.4553, "bus_tau_mean": 1.4029, "bus_tau_std": 3.8051, "bus_v_mean": 15.4093, "bus_v_std": 2.3447, "car_acc": 1.9872, "car_dcc": 1.0962, "car_lcAssertive": 97.5476, "car_lcCooperative": 0.1352, "car_lcLookaheadLeft": 50.7269, "car_lcPushy": 0.4016, "car_lcSigma": 0.4133, "car_lcSpeedGainRight": 2.5405, "car_lcSublane": 0.5128, "car_sigma": 0.2819, "car_tau_mean": 3.7011, "car_tau_std": 5.4291, "car_v_mean": 13.7029, "car_v_std": 6.2165}, "datetime": {"datetime": "2024-08-12 01:33:41", "elapsed": 3062.0799, "delta": 2.623731}}
{"target": -0.34436811217634405, "params": {"bus_acc": 3.7075, "bus_dcc": 2.6466, "bus_lcAssertive": 71.3372, "bus_lcCooperative": 0.9226, "bus_lcLookaheadLeft": 68.0058, "bus_lcPushy": 0.7042, "bus_lcSigma": 0.8384, "bus_lcSpeedGainRight": 2.201, "bus_lcSublane": 0.8784, "bus_sigma": 0.7473, "bus_tau_mean": 0.9053, "bus_tau_std": 3.0759, "bus_v_mean": 12.8092, "bus_v_std": 13.7236, "car_acc": 0.2384, "car_dcc": 0.5196, "car_lcAssertive": 37.352, "car_lcCooperative": 0.1561, "car_lcLookaheadLeft": 53.4805, "car_lcPushy": 0.5188, "car_lcSigma": 0.914, "car_lcSpeedGainRight": 3.2338, "car_lcSublane": 0.676, "car_sigma": 0.6394, "car_tau_mean": 2.0735, "car_tau_std": 2.6881, "car_v_mean": 15.6533, "car_v_std": 4.2454}, "datetime": {"datetime": "2024-08-12 01:33:46", "elapsed": 3067.095928, "delta": 5.016028}}
