{"target": -0.46418180761246325, "params": {"bus_acc": 2.6084, "bus_dcc": 3.8619, "bus_lcAssertive": 57.39, "bus_lcCooperative": 0.4109, "bus_lcLookaheadLeft": 11.9058, "bus_lcPushy": 0.5719, "bus_lcSigma": 0.5273, "bus_lcSpeedGainRight": 1.5015, "bus_lcSublane": 0.6983, "bus_sigma": 0.1392, "bus_tau_mean": 3.4874, "bus_tau_std": 6.3456, "bus_v_mean": 13.8404, "bus_v_std": 6.4109, "car_acc": 1.0745, "car_dcc": 3.6713, "car_lcAssertive": 21.5671, "car_lcCooperative": 0.2582, "car_lcLookaheadLeft": 73.413, "car_lcPushy": 0.6798, "car_lcSigma": 0.3372, "car_lcSpeedGainRight": 0.518, "car_lcSublane": 0.0634, "car_sigma": 0.8689, "car_tau_mean": 2.1492, "car_tau_std": 7.8543, "car_v_mean": 22.702, "car_v_std": 18.9399}, "datetime": {"datetime": "2024-08-12 02:28:56", "elapsed": 6377.152244, "delta": 8.919299}}
{"target": -0.6216790487912396, "params": {"bus_acc": 2.0115, "bus_dcc": 2.1658, "bus_lcAssertive": 93.3647, "bus_lcCooperative": 0.7741, "bus_lcLookaheadLeft": 41.1092, "bus_lcPushy": 0.9523, "bus_lcSigma": 0.5535, "bus_lcSpeedGainRight": 0.4082, "bus_lcSublane": 0.4096, "bus_sigma": 0.6712, "bus_tau_mean": 1.1993, "bus_tau_std": 6.0119, "bus_v_mean": 12.7816, "bus_v_std": 8.2279, "car_acc": 3.2278, "car_dcc": 3.1609, "car_lcAssertive": 56.2192, "car_lcCooperative": 0.6886, "car_lcLookaheadLeft": 19.9038, "car_lcPushy": 0.4847, "car_lcSigma": 0.5256, "car_lcSpeedGainRight": 1.4248, "car_lcSublane": 0.1336, "car_sigma": 0.3017, "car_tau_mean": 0.9176, "car_tau_std": 3.2718, "car_v_mean": 15.4217, "car_v_std": 1.0274}, "datetime": {"datetime": "2024-08-12 02:29:00", "elapsed": 6381.154108, "delta": 4.001864}}
{"target": -0.6588298946336338, "params": {"bus_acc": 2.4523, "bus_dcc": 2.2345, "bus_lcAssertive": 24.7281, "bus_lcCooperative": 0.6069, "bus_lcLookaheadLeft": 97.6275, "bus_lcPushy": 0.7081, "bus_lcSigma": 0.6764, "bus_lcSpeedGainRight": 4.3205, "bus_lcSublane": 0.6626, "bus_sigma": 0.9757, "bus_tau_mean": 1.798, "bus_tau_std": 7.9133, "bus_v_mean": 10.815, "bus_v_std": 5.3344, "car_acc": 2.732, "car_dcc": 3.7874, "car_lcAssertive": 90.7788, "car_lcCooperative": 0.8383, "car_lcLookaheadLeft": 24.5661, "car_lcPushy": 0.2939, "car_lcSigma": 0.764, "car_lcSpeedGainRight": 3.6379, "car_lcSublane": 0.0823, "car_sigma": 0.168, "car_tau_mean": 1.2826, "car_tau_std": 4.2647, "car_v_mean": 10.2973, "car_v_std": 12.9669}, "datetime": {"datetime": "2024-08-12 02:29:07", "elapsed": 6387.859178, "delta": 6.70507}}
{"target": -0.3643825783230609, "params": {"bus_acc": 2.052, "bus_dcc": 1.2319, "bus_lcAssertive": 74.6762, "bus_lcCooperative": 0.8979, "bus_lcLookaheadLeft": 75.0104, "bus_lcPushy": 0.3223, "bus_lcSigma": 0.1699, "bus_lcSpeedGainRight": 1.1203, "bus_lcSublane": 0.8961, "bus_sigma": 0.2888, "bus_tau_mean": 3.6067, "bus_tau_std": 2.1213, "bus_v_mean": 14.0135, "bus_v_std": 13.7327, "car_acc": 0.6967, "car_dcc": 2.5593, "car_lcAssertive": 97.4286, "car_lcCooperative": 0.4697, "car_lcLookaheadLeft": 18.4957, "car_lcPushy": 0.675, "car_lcSigma": 0.6232, "car_lcSpeedGainRight": 3.2473, "car_lcSublane": 0.9243, "car_sigma": 0.4735, "car_tau_mean": 2.411, "car_tau_std": 1.0603, "car_v_mean": 10.2628, "car_v_std": 17.1634}, "datetime": {"datetime": "2024-08-12 02:29:12", "elapsed": 6392.251193, "delta": 4.392015}}
{"target": -1.0058932328382857, "params": {"bus_acc": 0.6692, "bus_dcc": 0.2046, "bus_lcAssertive": 4.6983, "bus_lcCooperative": 0.9737, "bus_lcLookaheadLeft": 64.0856, "bus_lcPushy": 0.789, "bus_lcSigma": 0.1761, "bus_lcSpeedGainRight": 3.0643, "bus_lcSublane": 0.1735, "bus_sigma": 0.4621, "bus_tau_mean": 0.5183, "bus_tau_std": 7.2381, "bus_v_mean": 18.6681, "bus_v_std": 11.1417, "car_acc": 1.6126, "car_dcc": 0.6234, "car_lcAssertive": 3.9805, "car_lcCooperative": 0.5894, "car_lcLookaheadLeft": 59.7339, "car_lcPushy": 0.7105, "car_lcSigma": 0.5907, "car_lcSpeedGainRight": 3.5309, "car_lcSublane": 0.1014, "car_sigma": 0.19, "car_tau_mean": 1.8649, "car_tau_std": 8.5925, "car_v_mean": 21.36, "car_v_std": 13.8571}, "datetime": {"datetime": "2024-08-12 02:29:21", "elapsed": 6401.843496, "delta": 9.592303}}
{"target": -0.5091463892333256, "params": {"bus_acc": 0.2726, "bus_dcc": 1.0895, "bus_lcAssertive": 26.2201, "bus_lcCooperative": 0.6985, "bus_lcLookaheadLeft": 56.6136, "bus_lcPushy": 0.8951, "bus_lcSigma": 0.0518, "bus_lcSpeedGainRight": 3.6058, "bus_lcSublane": 0.9116, "bus_sigma": 0.1278, "bus_tau_mean": 1.1405, "bus_tau_std": 1.3544, "bus_v_mean": 9.4903, "bus_v_std": 13.5135, "car_acc": 3.5278, "car_dcc": 1.9971, "car_lcAssertive": 87.4093, "car_lcCooperative": 0.69, "car_lcLookaheadLeft": 83.4933, "car_lcPushy": 0.9369, "car_lcSigma": 0.7809, "car_lcSpeedGainRight": 1.683, "car_lcSublane": 0.7892, "car_sigma": 0.6523, "car_tau_mean": 0.9001, "car_tau_std": 8.569, "car_v_mean": 15.3459, "car_v_std": 12.5479}, "datetime": {"datetime": "2024-08-12 02:29:26", "elapsed": 6406.347807, "delta": 4.504311}}
{"target": -0.736223689909265, "params": {"bus_acc": 1.2716, "bus_dcc": 1.3586, "bus_lcAssertive": 4.0179, "bus_lcCooperative": 0.422, "bus_lcLookaheadLeft": 49.5374, "bus_lcPushy": 0.8403, "bus_lcSigma": 0.2689, "bus_lcSpeedGainRight": 0.1282, "bus_lcSublane": 0.562, "bus_sigma": 0.9364, "bus_tau_mean": 1.9807, "bus_tau_std": 6.4939, "bus_v_mean": 14.8855, "bus_v_std": 4.7045, "car_acc": 2.6111, "car_dcc": 3.9652, "car_lcAssertive": 62.1234, "car_lcCooperative": 0.3227, "car_lcLookaheadLeft": 96.6334, "car_lcPushy": 0.7516, "car_lcSigma": 0.5318, "car_lcSpeedGainRight": 1.8395, "car_lcSublane": 0.4646, "car_sigma": 0.4252, "car_tau_mean": 2.5974, "car_tau_std": 9.4267, "car_v_mean": 12.0138, "car_v_std": 10.4367}, "datetime": {"datetime": "2024-08-12 02:29:34", "elapsed": 6415.176154, "delta": 8.828347}}
{"target": -0.5809030853513036, "params": {"bus_acc": 1.4483, "bus_dcc": 1.1692, "bus_lcAssertive": 25.7086, "bus_lcCooperative": 0.8939, "bus_lcLookaheadLeft": 59.371, "bus_lcPushy": 0.3689, "bus_lcSigma": 0.3365, "bus_lcSpeedGainRight": 4.7442, "bus_lcSublane": 0.8089, "bus_sigma": 0.2288, "bus_tau_mean": 2.0938, "bus_tau_std": 8.207, "bus_v_mean": 20.0789, "bus_v_std": 8.6844, "car_acc": 0.8718, "car_dcc": 1.6107, "car_lcAssertive": 95.4056, "car_lcCooperative": 0.5285, "car_lcLookaheadLeft": 75.6425, "car_lcPushy": 0.8372, "car_lcSigma": 0.497, "car_lcSpeedGainRight": 0.1587, "car_lcSublane": 0.3139, "car_sigma": 0.5245, "car_tau_mean": 3.2306, "car_tau_std": 6.1186, "car_v_mean": 15.0115, "car_v_std": 10.9238}, "datetime": {"datetime": "2024-08-12 02:29:42", "elapsed": 6422.218469, "delta": 7.042315}}
{"target": -0.5162291779228633, "params": {"bus_acc": 2.1824, "bus_dcc": 1.7909, "bus_lcAssertive": 48.9495, "bus_lcCooperative": 0.025, "bus_lcLookaheadLeft": 20.3507, "bus_lcPushy": 0.5948, "bus_lcSigma": 0.5119, "bus_lcSpeedGainRight": 2.1155, "bus_lcSublane": 0.2754, "bus_sigma": 0.0799, "bus_tau_mean": 2.867, "bus_tau_std": 6.9143, "bus_v_mean": 24.2919, "bus_v_std": 0.6792, "car_acc": 2.9855, "car_dcc": 2.6831, "car_lcAssertive": 42.347, "car_lcCooperative": 0.2263, "car_lcLookaheadLeft": 50.3548, "car_lcPushy": 0.8047, "car_lcSigma": 0.0864, "car_lcSpeedGainRight": 4.2266, "car_lcSublane": 0.6811, "car_sigma": 0.4056, "car_tau_mean": 0.6159, "car_tau_std": 9.2111, "car_v_mean": 8.5075, "car_v_std": 3.5451}, "datetime": {"datetime": "2024-08-12 02:29:45", "elapsed": 6425.882027, "delta": 3.663558}}
{"target": -0.8018656955641967, "params": {"bus_acc": 3.3276, "bus_dcc": 0.2276, "bus_lcAssertive": 65.0432, "bus_lcCooperative": 0.7313, "bus_lcLookaheadLeft": 94.8729, "bus_lcPushy": 0.2658, "bus_lcSigma": 0.207, "bus_lcSpeedGainRight": 1.0246, "bus_lcSublane": 0.852, "bus_sigma": 0.6099, "bus_tau_mean": 0.5288, "bus_tau_std": 7.8616, "bus_v_mean": 19.6815, "bus_v_std": 15.3687, "car_acc": 2.7931, "car_dcc": 3.1502, "car_lcAssertive": 3.4513, "car_lcCooperative": 0.9197, "car_lcLookaheadLeft": 11.8196, "car_lcPushy": 0.4063, "car_lcSigma": 0.9929, "car_lcSpeedGainRight": 1.1185, "car_lcSublane": 0.3086, "car_sigma": 0.5748, "car_tau_mean": 3.8777, "car_tau_std": 7.2094, "car_v_mean": 8.4419, "car_v_std": 12.8837}, "datetime": {"datetime": "2024-08-12 02:29:50", "elapsed": 6430.371835, "delta": 4.489808}}
{"target": -0.616175389953891, "params": {"bus_acc": 1.566, "bus_dcc": 2.9018, "bus_lcAssertive": 39.5326, "bus_lcCooperative": 0.7117, "bus_lcLookaheadLeft": 53.7847, "bus_lcPushy": 0.6334, "bus_lcSigma": 0.4369, "bus_lcSpeedGainRight": 2.4238, "bus_lcSublane": 0.2422, "bus_sigma": 0.9491, "bus_tau_mean": 3.5667, "bus_tau_std": 3.1419, "bus_v_mean": 18.8928, "bus_v_std": 16.3131, "car_acc": 1.8084, "car_dcc": 0.5921, "car_lcAssertive": 88.0579, "car_lcCooperative": 0.595, "car_lcLookaheadLeft": 45.7138, "car_lcPushy": 0.7489, "car_lcSigma": 0.678, "car_lcSpeedGainRight": 3.0148, "car_lcSublane": 0.0754, "car_sigma": 0.755, "car_tau_mean": 3.607, "car_tau_std": 8.7699, "car_v_mean": 17.7024, "car_v_std": 5.1398}, "datetime": {"datetime": "2024-08-12 02:29:54", "elapsed": 6435.119007, "delta": 4.747172}}
{"target": -0.5111340469322778, "params": {"bus_acc": 3.218, "bus_dcc": 1.2265, "bus_lcAssertive": 29.2564, "bus_lcCooperative": 0.7325, "bus_lcLookaheadLeft": 9.8158, "bus_lcPushy": 0.4782, "bus_lcSigma": 0.677, "bus_lcSpeedGainRight": 4.6979, "bus_lcSublane": 0.9177, "bus_sigma": 0.0431, "bus_tau_mean": 3.7768, "bus_tau_std": 1.8556, "bus_v_mean": 24.0509, "bus_v_std": 18.5931, "car_acc": 1.2069, "car_dcc": 1.2147, "car_lcAssertive": 88.0445, "car_lcCooperative": 0.2396, "car_lcLookaheadLeft": 43.8503, "car_lcPushy": 0.8997, "car_lcSigma": 0.4946, "car_lcSpeedGainRight": 0.9504, "car_lcSublane": 0.6476, "car_sigma": 0.7327, "car_tau_mean": 3.3579, "car_tau_std": 2.9008, "car_v_mean": 15.1627, "car_v_std": 1.3157}, "datetime": {"datetime": "2024-08-12 02:30:00", "elapsed": 6440.542582, "delta": 5.423575}}
{"target": -0.42714082285012295, "params": {"bus_acc": 2.2448, "bus_dcc": 0.686, "bus_lcAssertive": 20.0963, "bus_lcCooperative": 0.034, "bus_lcLookaheadLeft": 6.372, "bus_lcPushy": 0.2061, "bus_lcSigma": 0.7223, "bus_lcSpeedGainRight": 2.6416, "bus_lcSublane": 0.25, "bus_sigma": 0.9426, "bus_tau_mean": 2.9928, "bus_tau_std": 0.8684, "bus_v_mean": 15.6281, "bus_v_std": 8.4556, "car_acc": 0.8974, "car_dcc": 2.525, "car_lcAssertive": 67.7258, "car_lcCooperative": 0.2447, "car_lcLookaheadLeft": 62.9275, "car_lcPushy": 0.9943, "car_lcSigma": 0.9127, "car_lcSpeedGainRight": 4.3631, "car_lcSublane": 0.6725, "car_sigma": 0.2199, "car_tau_mean": 1.4304, "car_tau_std": 3.0788, "car_v_mean": 23.4674, "car_v_std": 1.419}, "datetime": {"datetime": "2024-08-12 02:30:04", "elapsed": 6444.817735, "delta": 4.275153}}
{"target": -0.3154715691645724, "params": {"bus_acc": 1.9237, "bus_dcc": 2.0471, "bus_lcAssertive": 23.7921, "bus_lcCooperative": 0.7967, "bus_lcLookaheadLeft": 51.4917, "bus_lcPushy": 0.6457, "bus_lcSigma": 0.2491, "bus_lcSpeedGainRight": 4.4168, "bus_lcSublane": 0.5963, "bus_sigma": 0.3498, "bus_tau_mean": 2.2428, "bus_tau_std": 7.2846, "bus_v_mean": 23.1953, "bus_v_std": 7.8662, "car_acc": 1.0813, "car_dcc": 3.5088, "car_lcAssertive": 15.9798, "car_lcCooperative": 0.9233, "car_lcLookaheadLeft": 31.2016, "car_lcPushy": 0.1308, "car_lcSigma": 0.5886, "car_lcSpeedGainRight": 2.429, "car_lcSublane": 0.5498, "car_sigma": 0.291, "car_tau_mean": 3.951, "car_tau_std": 2.2464, "car_v_mean": 24.2912, "car_v_std": 0.6972}, "datetime": {"datetime": "2024-08-12 02:30:10", "elapsed": 6450.275219, "delta": 5.457484}}
{"target": -0.8716251893096979, "params": {"bus_acc": 1.4348, "bus_dcc": 1.353, "bus_lcAssertive": 39.4014, "bus_lcCooperative": 0.2197, "bus_lcLookaheadLeft": 23.6157, "bus_lcPushy": 0.3671, "bus_lcSigma": 0.9633, "bus_lcSpeedGainRight": 0.4916, "bus_lcSublane": 0.1962, "bus_sigma": 0.3278, "bus_tau_mean": 2.6881, "bus_tau_std": 2.8448, "bus_v_mean": 13.4499, "bus_v_std": 0.0126, "car_acc": 1.8235, "car_dcc": 0.4473, "car_lcAssertive": 7.4499, "car_lcCooperative": 0.7948, "car_lcLookaheadLeft": 6.1507, "car_lcPushy": 0.9326, "car_lcSigma": 0.6109, "car_lcSpeedGainRight": 2.8223, "car_lcSublane": 0.715, "car_sigma": 0.963, "car_tau_mean": 1.445, "car_tau_std": 1.3576, "car_v_mean": 12.8455, "car_v_std": 14.9134}, "datetime": {"datetime": "2024-08-12 02:30:14", "elapsed": 6454.260876, "delta": 3.985657}}
{"target": -0.3883182957347575, "params": {"bus_acc": 3.7221, "bus_dcc": 3.1228, "bus_lcAssertive": 83.4485, "bus_lcCooperative": 0.0717, "bus_lcLookaheadLeft": 98.8545, "bus_lcPushy": 0.6211, "bus_lcSigma": 0.7481, "bus_lcSpeedGainRight": 3.6677, "bus_lcSublane": 0.5422, "bus_sigma": 0.935, "bus_tau_mean": 3.0585, "bus_tau_std": 2.2689, "bus_v_mean": 10.6937, "bus_v_std": 9.2397, "car_acc": 1.0761, "car_dcc": 2.0057, "car_lcAssertive": 51.2904, "car_lcCooperative": 0.2288, "car_lcLookaheadLeft": 88.2763, "car_lcPushy": 0.6966, "car_lcSigma": 0.7516, "car_lcSpeedGainRight": 4.1297, "car_lcSublane": 0.1916, "car_sigma": 0.0848, "car_tau_mean": 0.9866, "car_tau_std": 8.4811, "car_v_mean": 10.2371, "car_v_std": 12.0251}, "datetime": {"datetime": "2024-08-12 02:30:18", "elapsed": 6459.03046, "delta": 4.769584}}
{"target": -0.5831708531948716, "params": {"bus_acc": 0.3463, "bus_dcc": 0.4809, "bus_lcAssertive": 34.3469, "bus_lcCooperative": 0.7839, "bus_lcLookaheadLeft": 90.1273, "bus_lcPushy": 0.16, "bus_lcSigma": 0.2647, "bus_lcSpeedGainRight": 2.3747, "bus_lcSublane": 0.5745, "bus_sigma": 0.7513, "bus_tau_mean": 3.9604, "bus_tau_std": 5.2621, "bus_v_mean": 11.1016, "bus_v_std": 6.2167, "car_acc": 1.8661, "car_dcc": 3.3108, "car_lcAssertive": 42.2646, "car_lcCooperative": 0.4356, "car_lcLookaheadLeft": 48.1431, "car_lcPushy": 0.5786, "car_lcSigma": 0.4704, "car_lcSpeedGainRight": 3.9738, "car_lcSublane": 0.2584, "car_sigma": 0.4246, "car_tau_mean": 1.2632, "car_tau_std": 6.964, "car_v_mean": 15.5718, "car_v_std": 8.4007}, "datetime": {"datetime": "2024-08-12 02:30:25", "elapsed": 6465.219007, "delta": 6.188547}}
{"target": -0.5847153493979361, "params": {"bus_acc": 2.9353, "bus_dcc": 2.3274, "bus_lcAssertive": 68.5074, "bus_lcCooperative": 0.9675, "bus_lcLookaheadLeft": 33.2127, "bus_lcPushy": 0.2289, "bus_lcSigma": 0.3523, "bus_lcSpeedGainRight": 0.0376, "bus_lcSublane": 0.6993, "bus_sigma": 0.6358, "bus_tau_mean": 2.5751, "bus_tau_std": 4.5673, "bus_v_mean": 24.4979, "bus_v_std": 18.0565, "car_acc": 3.2273, "car_dcc": 1.3696, "car_lcAssertive": 90.5381, "car_lcCooperative": 0.226, "car_lcLookaheadLeft": 89.2244, "car_lcPushy": 0.0184, "car_lcSigma": 0.1945, "car_lcSpeedGainRight": 3.5849, "car_lcSublane": 0.7061, "car_sigma": 0.7173, "car_tau_mean": 2.8754, "car_tau_std": 2.2076, "car_v_mean": 20.7547, "car_v_std": 13.5485}, "datetime": {"datetime": "2024-08-12 02:30:29", "elapsed": 6470.148887, "delta": 4.92988}}
{"target": -0.7843546538948107, "params": {"bus_acc": 3.8776, "bus_dcc": 0.277, "bus_lcAssertive": 26.3095, "bus_lcCooperative": 0.8739, "bus_lcLookaheadLeft": 40.4917, "bus_lcPushy": 0.7995, "bus_lcSigma": 0.9268, "bus_lcSpeedGainRight": 2.9315, "bus_lcSublane": 0.4392, "bus_sigma": 0.9362, "bus_tau_mean": 0.6049, "bus_tau_std": 2.5773, "bus_v_mean": 19.1021, "bus_v_std": 14.5485, "car_acc": 3.7519, "car_dcc": 1.4551, "car_lcAssertive": 17.9023, "car_lcCooperative": 0.1563, "car_lcLookaheadLeft": 63.7856, "car_lcPushy": 0.7749, "car_lcSigma": 0.0227, "car_lcSpeedGainRight": 0.1819, "car_lcSublane": 0.6357, "car_sigma": 0.1275, "car_tau_mean": 1.8163, "car_tau_std": 4.9338, "car_v_mean": 16.8341, "car_v_std": 9.5904}, "datetime": {"datetime": "2024-08-12 02:30:36", "elapsed": 6476.355388, "delta": 6.206501}}
{"target": -0.6274994795015462, "params": {"bus_acc": 2.4795, "bus_dcc": 2.9481, "bus_lcAssertive": 73.7726, "bus_lcCooperative": 0.125, "bus_lcLookaheadLeft": 73.7674, "bus_lcPushy": 0.3866, "bus_lcSigma": 0.745, "bus_lcSpeedGainRight": 0.0657, "bus_lcSublane": 0.5829, "bus_sigma": 0.016, "bus_tau_mean": 2.1059, "bus_tau_std": 9.879, "bus_v_mean": 22.9455, "bus_v_std": 12.7234, "car_acc": 2.4007, "car_dcc": 0.7553, "car_lcAssertive": 43.1424, "car_lcCooperative": 0.2587, "car_lcLookaheadLeft": 68.1747, "car_lcPushy": 0.4935, "car_lcSigma": 0.5593, "car_lcSpeedGainRight": 0.5245, "car_lcSublane": 0.239, "car_sigma": 0.8967, "car_tau_mean": 1.9107, "car_tau_std": 3.2651, "car_v_mean": 16.1272, "car_v_std": 8.4851}, "datetime": {"datetime": "2024-08-12 02:30:44", "elapsed": 6485.091692, "delta": 8.736304}}
{"target": -0.6411546884079612, "params": {"bus_acc": 3.9146, "bus_dcc": 3.9659, "bus_lcAssertive": 58.6857, "bus_lcCooperative": 0.3328, "bus_lcLookaheadLeft": 32.8378, "bus_lcPushy": 0.6303, "bus_lcSigma": 0.0426, "bus_lcSpeedGainRight": 3.7594, "bus_lcSublane": 0.3, "bus_sigma": 0.5995, "bus_tau_mean": 3.0471, "bus_tau_std": 5.701, "bus_v_mean": 15.0115, "bus_v_std": 5.1825, "car_acc": 3.34, "car_dcc": 2.318, "car_lcAssertive": 54.7539, "car_lcCooperative": 0.9503, "car_lcLookaheadLeft": 90.4752, "car_lcPushy": 0.6536, "car_lcSigma": 0.1781, "car_lcSpeedGainRight": 0.5698, "car_lcSublane": 0.5367, "car_sigma": 0.0581, "car_tau_mean": 3.1641, "car_tau_std": 2.7619, "car_v_mean": 11.9476, "car_v_std": 16.997}, "datetime": {"datetime": "2024-08-12 02:30:49", "elapsed": 6489.768388, "delta": 4.676696}}
{"target": -0.5965287730083089, "params": {"bus_acc": 2.0515, "bus_dcc": 1.27, "bus_lcAssertive": 60.6993, "bus_lcCooperative": 0.229, "bus_lcLookaheadLeft": 45.4787, "bus_lcPushy": 0.7733, "bus_lcSigma": 0.4869, "bus_lcSpeedGainRight": 0.1641, "bus_lcSublane": 0.5294, "bus_sigma": 0.0431, "bus_tau_mean": 1.2012, "bus_tau_std": 2.0841, "bus_v_mean": 24.8774, "bus_v_std": 4.3745, "car_acc": 3.6572, "car_dcc": 1.484, "car_lcAssertive": 65.5481, "car_lcCooperative": 0.0777, "car_lcLookaheadLeft": 62.7584, "car_lcPushy": 0.5408, "car_lcSigma": 0.317, "car_lcSpeedGainRight": 4.3914, "car_lcSublane": 0.8522, "car_sigma": 0.0511, "car_tau_mean": 3.8478, "car_tau_std": 6.0625, "car_v_mean": 19.5326, "car_v_std": 2.8074}, "datetime": {"datetime": "2024-08-12 02:30:58", "elapsed": 6499.128421, "delta": 9.360033}}
{"target": -0.17150702929106698, "params": {"bus_acc": 3.0008, "bus_dcc": 0.8411, "bus_lcAssertive": 87.1323, "bus_lcCooperative": 0.8517, "bus_lcLookaheadLeft": 64.3938, "bus_lcPushy": 0.1443, "bus_lcSigma": 0.7664, "bus_lcSpeedGainRight": 1.5473, "bus_lcSublane": 0.2753, "bus_sigma": 0.9892, "bus_tau_mean": 2.1056, "bus_tau_std": 5.2582, "bus_v_mean": 18.5703, "bus_v_std": 10.3502, "car_acc": 0.331, "car_dcc": 2.7966, "car_lcAssertive": 80.4872, "car_lcCooperative": 0.1574, "car_lcLookaheadLeft": 9.9441, "car_lcPushy": 0.3804, "car_lcSigma": 0.2021, "car_lcSpeedGainRight": 1.9939, "car_lcSublane": 0.0288, "car_sigma": 0.0929, "car_tau_mean": 2.1703, "car_tau_std": 6.9898, "car_v_mean": 21.4611, "car_v_std": 5.7983}, "datetime": {"datetime": "2024-08-12 02:31:06", "elapsed": 6506.409146, "delta": 7.280725}}
{"target": -0.8130722824629167, "params": {"bus_acc": 3.7913, "bus_dcc": 0.9882, "bus_lcAssertive": 28.0845, "bus_lcCooperative": 0.9796, "bus_lcLookaheadLeft": 55.1749, "bus_lcPushy": 0.7317, "bus_lcSigma": 0.6015, "bus_lcSpeedGainRight": 1.5725, "bus_lcSublane": 0.4313, "bus_sigma": 0.4033, "bus_tau_mean": 3.2898, "bus_tau_std": 8.4725, "bus_v_mean": 17.2162, "bus_v_std": 5.6522, "car_acc": 2.2994, "car_dcc": 2.6546, "car_lcAssertive": 56.0815, "car_lcCooperative": 0.5766, "car_lcLookaheadLeft": 11.685, "car_lcPushy": 0.1936, "car_lcSigma": 0.9107, "car_lcSpeedGainRight": 1.4453, "car_lcSublane": 0.1083, "car_sigma": 0.9432, "car_tau_mean": 3.311, "car_tau_std": 4.2032, "car_v_mean": 14.6674, "car_v_std": 15.0976}, "datetime": {"datetime": "2024-08-12 02:31:13", "elapsed": 6513.483828, "delta": 7.074682}}
{"target": -0.533812882640938, "params": {"bus_acc": 1.1447, "bus_dcc": 1.4653, "bus_lcAssertive": 34.1536, "bus_lcCooperative": 0.9966, "bus_lcLookaheadLeft": 49.4853, "bus_lcPushy": 0.013, "bus_lcSigma": 0.5344, "bus_lcSpeedGainRight": 0.4591, "bus_lcSublane": 0.2384, "bus_sigma": 0.667, "bus_tau_mean": 0.9592, "bus_tau_std": 0.5968, "bus_v_mean": 20.9413, "bus_v_std": 10.8244, "car_acc": 1.6447, "car_dcc": 2.4608, "car_lcAssertive": 83.7417, "car_lcCooperative": 0.0329, "car_lcLookaheadLeft": 8.7739, "car_lcPushy": 0.8096, "car_lcSigma": 0.5021, "car_lcSpeedGainRight": 3.5517, "car_lcSublane": 0.7173, "car_sigma": 0.0531, "car_tau_mean": 2.718, "car_tau_std": 9.1967, "car_v_mean": 13.4469, "car_v_std": 15.8804}, "datetime": {"datetime": "2024-08-12 02:31:17", "elapsed": 6518.098951, "delta": 4.615123}}
{"target": -0.20807205698367645, "params": {"bus_acc": 2.0171, "bus_dcc": 1.6449, "bus_lcAssertive": 72.8399, "bus_lcCooperative": 0.5434, "bus_lcLookaheadLeft": 13.1487, "bus_lcPushy": 0.7033, "bus_lcSigma": 0.7489, "bus_lcSpeedGainRight": 1.8854, "bus_lcSublane": 0.3442, "bus_sigma": 0.1727, "bus_tau_mean": 1.3742, "bus_tau_std": 1.9007, "bus_v_mean": 11.9274, "bus_v_std": 1.6431, "car_acc": 0.2094, "car_dcc": 2.5414, "car_lcAssertive": 29.0841, "car_lcCooperative": 0.2595, "car_lcLookaheadLeft": 43.1684, "car_lcPushy": 0.2261, "car_lcSigma": 0.2267, "car_lcSpeedGainRight": 4.5524, "car_lcSublane": 0.6228, "car_sigma": 0.8527, "car_tau_mean": 2.3345, "car_tau_std": 9.5692, "car_v_mean": 10.1565, "car_v_std": 9.948}, "datetime": {"datetime": "2024-08-12 02:31:25", "elapsed": 6526.178605, "delta": 8.079654}}
