{"target": -0.4277971693644285, "params": {"bus_acc": 0.9203, "bus_dcc": 0.7664, "bus_lcAssertive": 58.068, "bus_lcCooperative": 0.3669, "bus_lcLookaheadLeft": 82.8491, "bus_lcPushy": 0.7674, "bus_lcSigma": 0.0377, "bus_lcSpeedGainRight": 2.6927, "bus_lcSublane": 0.1194, "bus_sigma": 0.7648, "bus_tau_mean": 2.7529, "bus_tau_std": 9.0704, "bus_v_mean": 24.5653, "bus_v_std": 11.9012, "car_acc": 1.5106, "car_dcc": 2.1498, "car_lcAssertive": 38.9318, "car_lcCooperative": 0.1656, "car_lcLookaheadLeft": 16.4683, "car_lcPushy": 0.9606, "car_lcSigma": 0.6074, "car_lcSpeedGainRight": 2.8472, "car_lcSublane": 0.8266, "car_sigma": 0.4886, "car_tau_mean": 1.6517, "car_tau_std": 8.3318, "car_v_mean": 9.6023, "car_v_std": 0.2165}, "datetime": {"datetime": "2024-08-12 01:22:42", "elapsed": 2402.390986, "delta": 3.550399}}
{"target": -0.7926484101690843, "params": {"bus_acc": 2.8405, "bus_dcc": 0.5889, "bus_lcAssertive": 10.7121, "bus_lcCooperative": 0.1164, "bus_lcLookaheadLeft": 79.0149, "bus_lcPushy": 0.4941, "bus_lcSigma": 0.1164, "bus_lcSpeedGainRight": 3.8048, "bus_lcSublane": 0.0626, "bus_sigma": 0.3724, "bus_tau_mean": 3.9727, "bus_tau_std": 3.084, "bus_v_mean": 21.4374, "bus_v_std": 0.9968, "car_acc": 3.1923, "car_dcc": 2.3541, "car_lcAssertive": 16.0238, "car_lcCooperative": 0.4797, "car_lcLookaheadLeft": 41.3164, "car_lcPushy": 0.1699, "car_lcSigma": 0.8556, "car_lcSpeedGainRight": 3.553, "car_lcSublane": 0.4092, "car_sigma": 0.0056, "car_tau_mean": 2.2851, "car_tau_std": 1.1303, "car_v_mean": 13.2141, "car_v_std": 17.1979}, "datetime": {"datetime": "2024-08-12 01:22:46", "elapsed": 2406.456914, "delta": 4.065928}}
{"target": -0.48408323423858796, "params": {"bus_acc": 3.286, "bus_dcc": 3.1981, "bus_lcAssertive": 75.4506, "bus_lcCooperative": 0.7057, "bus_lcLookaheadLeft": 47.2689, "bus_lcPushy": 0.1222, "bus_lcSigma": 0.0914, "bus_lcSpeedGainRight": 2.0199, "bus_lcSublane": 0.225, "bus_sigma": 0.3984, "bus_tau_mean": 0.657, "bus_tau_std": 2.7471, "bus_v_mean": 17.0366, "bus_v_std": 8.6653, "car_acc": 1.0311, "car_dcc": 2.77, "car_lcAssertive": 82.9287, "car_lcCooperative": 0.3045, "car_lcLookaheadLeft": 43.6984, "car_lcPushy": 0.4626, "car_lcSigma": 0.7225, "car_lcSpeedGainRight": 3.155, "car_lcSublane": 0.6531, "car_sigma": 0.4207, "car_tau_mean": 1.632, "car_tau_std": 7.1686, "car_v_mean": 11.6566, "car_v_std": 17.6288}, "datetime": {"datetime": "2024-08-12 01:22:50", "elapsed": 2411.167001, "delta": 4.710087}}
{"target": -0.6411865862353977, "params": {"bus_acc": 1.4651, "bus_dcc": 2.6843, "bus_lcAssertive": 56.2608, "bus_lcCooperative": 0.9147, "bus_lcLookaheadLeft": 96.9471, "bus_lcPushy": 0.6301, "bus_lcSigma": 0.2778, "bus_lcSpeedGainRight": 3.8224, "bus_lcSublane": 0.1063, "bus_sigma": 0.8112, "bus_tau_mean": 1.2198, "bus_tau_std": 7.3825, "bus_v_mean": 13.234, "bus_v_std": 1.6907, "car_acc": 0.903, "car_dcc": 2.7228, "car_lcAssertive": 5.2341, "car_lcCooperative": 0.2703, "car_lcLookaheadLeft": 94.9629, "car_lcPushy": 0.2736, "car_lcSigma": 0.0041, "car_lcSpeedGainRight": 1.6247, "car_lcSublane": 0.4559, "car_sigma": 0.4215, "car_tau_mean": 1.5178, "car_tau_std": 4.9066, "car_v_mean": 8.1751, "car_v_std": 2.2357}, "datetime": {"datetime": "2024-08-12 01:22:55", "elapsed": 2415.561265, "delta": 4.394264}}
{"target": -0.4784311653974887, "params": {"bus_acc": 0.7193, "bus_dcc": 3.2843, "bus_lcAssertive": 62.1377, "bus_lcCooperative": 0.6638, "bus_lcLookaheadLeft": 16.0959, "bus_lcPushy": 0.5219, "bus_lcSigma": 0.0191, "bus_lcSpeedGainRight": 4.6272, "bus_lcSublane": 0.4298, "bus_sigma": 0.532, "bus_tau_mean": 2.1218, "bus_tau_std": 5.7249, "bus_v_mean": 11.6359, "bus_v_std": 19.0315, "car_acc": 2.0808, "car_dcc": 1.5671, "car_lcAssertive": 64.0266, "car_lcCooperative": 0.9255, "car_lcLookaheadLeft": 23.5535, "car_lcPushy": 0.3662, "car_lcSigma": 0.9886, "car_lcSpeedGainRight": 2.3697, "car_lcSublane": 0.3101, "car_sigma": 0.3523, "car_tau_mean": 2.8517, "car_tau_std": 0.5268, "car_v_mean": 23.7578, "car_v_std": 11.1966}, "datetime": {"datetime": "2024-08-12 01:22:58", "elapsed": 2418.496207, "delta": 2.934942}}
{"target": -0.4954564298239354, "params": {"bus_acc": 2.1639, "bus_dcc": 3.2288, "bus_lcAssertive": 42.4997, "bus_lcCooperative": 0.8998, "bus_lcLookaheadLeft": 51.0099, "bus_lcPushy": 0.7017, "bus_lcSigma": 0.0865, "bus_lcSpeedGainRight": 2.0195, "bus_lcSublane": 0.9321, "bus_sigma": 0.1164, "bus_tau_mean": 3.8081, "bus_tau_std": 3.7993, "bus_v_mean": 19.2744, "bus_v_std": 12.7858, "car_acc": 1.8835, "car_dcc": 3.9505, "car_lcAssertive": 60.1981, "car_lcCooperative": 0.8241, "car_lcLookaheadLeft": 52.7742, "car_lcPushy": 0.4986, "car_lcSigma": 0.7338, "car_lcSpeedGainRight": 2.5272, "car_lcSublane": 0.6255, "car_sigma": 0.7339, "car_tau_mean": 1.7251, "car_tau_std": 8.7381, "car_v_mean": 21.8197, "car_v_std": 3.4332}, "datetime": {"datetime": "2024-08-12 01:23:02", "elapsed": 2422.694864, "delta": 4.198657}}
{"target": -0.7915847157493822, "params": {"bus_acc": 3.1092, "bus_dcc": 1.3346, "bus_lcAssertive": 25.7641, "bus_lcCooperative": 0.0695, "bus_lcLookaheadLeft": 13.4958, "bus_lcPushy": 0.5694, "bus_lcSigma": 0.7159, "bus_lcSpeedGainRight": 2.5019, "bus_lcSublane": 0.3621, "bus_sigma": 0.4189, "bus_tau_mean": 2.1837, "bus_tau_std": 0.2525, "bus_v_mean": 14.6388, "bus_v_std": 8.3226, "car_acc": 2.805, "car_dcc": 1.9317, "car_lcAssertive": 4.8796, "car_lcCooperative": 0.6932, "car_lcLookaheadLeft": 91.1903, "car_lcPushy": 0.413, "car_lcSigma": 0.1946, "car_lcSpeedGainRight": 2.6228, "car_lcSublane": 0.3921, "car_sigma": 0.781, "car_tau_mean": 2.8659, "car_tau_std": 2.6245, "car_v_mean": 8.0254, "car_v_std": 4.6735}, "datetime": {"datetime": "2024-08-12 01:23:07", "elapsed": 2427.877708, "delta": 5.182844}}
{"target": -0.2993804273511647, "params": {"bus_acc": 0.8587, "bus_dcc": 0.55, "bus_lcAssertive": 65.4387, "bus_lcCooperative": 0.864, "bus_lcLookaheadLeft": 73.2008, "bus_lcPushy": 0.0674, "bus_lcSigma": 0.1444, "bus_lcSpeedGainRight": 2.1197, "bus_lcSublane": 0.6948, "bus_sigma": 0.5765, "bus_tau_mean": 1.9336, "bus_tau_std": 5.7132, "bus_v_mean": 13.0501, "bus_v_std": 5.6682, "car_acc": 0.4406, "car_dcc": 2.7146, "car_lcAssertive": 29.4795, "car_lcCooperative": 0.5674, "car_lcLookaheadLeft": 87.7198, "car_lcPushy": 0.234, "car_lcSigma": 0.0998, "car_lcSpeedGainRight": 1.7021, "car_lcSublane": 0.7014, "car_sigma": 0.757, "car_tau_mean": 2.5566, "car_tau_std": 7.8665, "car_v_mean": 21.0949, "car_v_std": 6.0231}, "datetime": {"datetime": "2024-08-12 01:23:10", "elapsed": 2431.029357, "delta": 3.151649}}
{"target": -0.6341733164645101, "params": {"bus_acc": 3.3431, "bus_dcc": 0.9478, "bus_lcAssertive": 74.4612, "bus_lcCooperative": 0.9419, "bus_lcLookaheadLeft": 63.3064, "bus_lcPushy": 0.2678, "bus_lcSigma": 0.1425, "bus_lcSpeedGainRight": 1.225, "bus_lcSublane": 0.4048, "bus_sigma": 0.018, "bus_tau_mean": 2.2528, "bus_tau_std": 5.7347, "bus_v_mean": 13.6318, "bus_v_std": 17.363, "car_acc": 2.4022, "car_dcc": 2.0664, "car_lcAssertive": 10.917, "car_lcCooperative": 0.5663, "car_lcLookaheadLeft": 52.5258, "car_lcPushy": 0.5734, "car_lcSigma": 0.07, "car_lcSpeedGainRight": 3.8577, "car_lcSublane": 0.9446, "car_sigma": 0.8159, "car_tau_mean": 2.1651, "car_tau_std": 8.2554, "car_v_mean": 24.4737, "car_v_std": 8.047}, "datetime": {"datetime": "2024-08-12 01:23:14", "elapsed": 2434.570215, "delta": 3.540858}}
{"target": -0.40168701535767726, "params": {"bus_acc": 3.7151, "bus_dcc": 3.4106, "bus_lcAssertive": 37.3721, "bus_lcCooperative": 0.6085, "bus_lcLookaheadLeft": 38.6516, "bus_lcPushy": 0.3972, "bus_lcSigma": 0.5451, "bus_lcSpeedGainRight": 0.9635, "bus_lcSublane": 0.6893, "bus_sigma": 0.9768, "bus_tau_mean": 2.9156, "bus_tau_std": 1.1363, "bus_v_mean": 11.8688, "bus_v_std": 12.7649, "car_acc": 0.3957, "car_dcc": 1.1484, "car_lcAssertive": 44.9602, "car_lcCooperative": 0.3874, "car_lcLookaheadLeft": 58.7199, "car_lcPushy": 0.8615, "car_lcSigma": 0.7157, "car_lcSpeedGainRight": 0.4363, "car_lcSublane": 0.9859, "car_sigma": 0.8218, "car_tau_mean": 0.969, "car_tau_std": 6.0801, "car_v_mean": 21.9775, "car_v_std": 6.8235}, "datetime": {"datetime": "2024-08-12 01:23:20", "elapsed": 2440.87266, "delta": 6.302445}}
{"target": -0.6550750713085938, "params": {"bus_acc": 1.8381, "bus_dcc": 2.5021, "bus_lcAssertive": 5.4788, "bus_lcCooperative": 0.1478, "bus_lcLookaheadLeft": 93.6492, "bus_lcPushy": 0.5614, "bus_lcSigma": 0.8082, "bus_lcSpeedGainRight": 4.0158, "bus_lcSublane": 0.5773, "bus_sigma": 0.8185, "bus_tau_mean": 1.0522, "bus_tau_std": 3.7731, "bus_v_mean": 20.1863, "bus_v_std": 18.0438, "car_acc": 1.4045, "car_dcc": 0.3274, "car_lcAssertive": 36.8763, "car_lcCooperative": 0.3006, "car_lcLookaheadLeft": 93.4662, "car_lcPushy": 0.1343, "car_lcSigma": 0.3892, "car_lcSpeedGainRight": 0.5804, "car_lcSublane": 0.3547, "car_sigma": 0.9949, "car_tau_mean": 1.2687, "car_tau_std": 3.9739, "car_v_mean": 21.7166, "car_v_std": 2.5698}, "datetime": {"datetime": "2024-08-12 01:23:23", "elapsed": 2443.929161, "delta": 3.056501}}
{"target": -0.6593363636102922, "params": {"bus_acc": 3.7092, "bus_dcc": 2.5957, "bus_lcAssertive": 94.8566, "bus_lcCooperative": 0.4309, "bus_lcLookaheadLeft": 98.1809, "bus_lcPushy": 0.4521, "bus_lcSigma": 0.1331, "bus_lcSpeedGainRight": 0.7171, "bus_lcSublane": 0.1487, "bus_sigma": 0.8832, "bus_tau_mean": 3.9281, "bus_tau_std": 6.696, "bus_v_mean": 15.2864, "bus_v_std": 11.3425, "car_acc": 3.885, "car_dcc": 3.862, "car_lcAssertive": 80.3591, "car_lcCooperative": 0.1436, "car_lcLookaheadLeft": 33.0153, "car_lcPushy": 0.0795, "car_lcSigma": 0.0976, "car_lcSpeedGainRight": 2.9251, "car_lcSublane": 0.2062, "car_sigma": 0.5215, "car_tau_mean": 2.9193, "car_tau_std": 7.2646, "car_v_mean": 18.9917, "car_v_std": 5.4064}, "datetime": {"datetime": "2024-08-12 01:23:28", "elapsed": 2448.706937, "delta": 4.777776}}
{"target": -0.7138827487840392, "params": {"bus_acc": 1.1813, "bus_dcc": 3.467, "bus_lcAssertive": 73.5368, "bus_lcCooperative": 0.6739, "bus_lcLookaheadLeft": 90.1865, "bus_lcPushy": 0.5985, "bus_lcSigma": 0.7029, "bus_lcSpeedGainRight": 0.4718, "bus_lcSublane": 0.9901, "bus_sigma": 0.2673, "bus_tau_mean": 1.6418, "bus_tau_std": 3.7349, "bus_v_mean": 13.0616, "bus_v_std": 7.1236, "car_acc": 1.018, "car_dcc": 0.6142, "car_lcAssertive": 23.8794, "car_lcCooperative": 0.8493, "car_lcLookaheadLeft": 87.3131, "car_lcPushy": 0.5902, "car_lcSigma": 0.5411, "car_lcSpeedGainRight": 0.3659, "car_lcSublane": 0.4323, "car_sigma": 0.9194, "car_tau_mean": 2.2204, "car_tau_std": 9.368, "car_v_mean": 19.1244, "car_v_std": 6.6943}, "datetime": {"datetime": "2024-08-12 01:23:34", "elapsed": 2454.757674, "delta": 6.050737}}
{"target": -0.6700712410830585, "params": {"bus_acc": 3.3208, "bus_dcc": 3.0655, "bus_lcAssertive": 17.6648, "bus_lcCooperative": 0.3646, "bus_lcLookaheadLeft": 50.9563, "bus_lcPushy": 0.858, "bus_lcSigma": 0.8464, "bus_lcSpeedGainRight": 0.4155, "bus_lcSublane": 0.3829, "bus_sigma": 0.8386, "bus_tau_mean": 2.5898, "bus_tau_std": 6.3661, "bus_v_mean": 25.0838, "bus_v_std": 9.1317, "car_acc": 3.6057, "car_dcc": 3.9122, "car_lcAssertive": 58.2571, "car_lcCooperative": 0.956, "car_lcLookaheadLeft": 14.5598, "car_lcPushy": 0.4657, "car_lcSigma": 0.5961, "car_lcSpeedGainRight": 4.9943, "car_lcSublane": 0.5709, "car_sigma": 0.6251, "car_tau_mean": 3.7958, "car_tau_std": 1.5837, "car_v_mean": 20.0521, "car_v_std": 10.532}, "datetime": {"datetime": "2024-08-12 01:23:39", "elapsed": 2459.47899, "delta": 4.721316}}
{"target": -0.6949102085165464, "params": {"bus_acc": 2.4319, "bus_dcc": 2.2534, "bus_lcAssertive": 20.8272, "bus_lcCooperative": 0.2296, "bus_lcLookaheadLeft": 42.6547, "bus_lcPushy": 0.2555, "bus_lcSigma": 0.6945, "bus_lcSpeedGainRight": 0.3209, "bus_lcSublane": 0.4399, "bus_sigma": 0.0606, "bus_tau_mean": 3.9057, "bus_tau_std": 6.0925, "bus_v_mean": 10.5984, "bus_v_std": 8.0398, "car_acc": 2.4185, "car_dcc": 2.6709, "car_lcAssertive": 58.816, "car_lcCooperative": 0.6696, "car_lcLookaheadLeft": 67.9586, "car_lcPushy": 0.2354, "car_lcSigma": 0.9899, "car_lcSpeedGainRight": 4.0491, "car_lcSublane": 0.604, "car_sigma": 0.8232, "car_tau_mean": 1.0658, "car_tau_std": 2.9923, "car_v_mean": 8.7804, "car_v_std": 6.9692}, "datetime": {"datetime": "2024-08-12 01:23:43", "elapsed": 2463.264127, "delta": 3.785137}}
{"target": -0.7589251416779609, "params": {"bus_acc": 3.7627, "bus_dcc": 2.5937, "bus_lcAssertive": 40.0467, "bus_lcCooperative": 0.3744, "bus_lcLookaheadLeft": 25.8474, "bus_lcPushy": 0.9584, "bus_lcSigma": 0.1194, "bus_lcSpeedGainRight": 2.5384, "bus_lcSublane": 0.5391, "bus_sigma": 0.1196, "bus_tau_mean": 0.5682, "bus_tau_std": 1.3647, "bus_v_mean": 15.5412, "bus_v_std": 8.2287, "car_acc": 3.6264, "car_dcc": 2.3989, "car_lcAssertive": 13.6106, "car_lcCooperative": 0.0868, "car_lcLookaheadLeft": 6.6177, "car_lcPushy": 0.9393, "car_lcSigma": 0.342, "car_lcSpeedGainRight": 2.4613, "car_lcSublane": 0.6011, "car_sigma": 0.7809, "car_tau_mean": 3.6292, "car_tau_std": 7.0174, "car_v_mean": 11.6662, "car_v_std": 18.6217}, "datetime": {"datetime": "2024-08-12 01:23:47", "elapsed": 2467.727248, "delta": 4.463121}}
{"target": -0.6585186722835168, "params": {"bus_acc": 1.3949, "bus_dcc": 1.7938, "bus_lcAssertive": 83.2515, "bus_lcCooperative": 0.8319, "bus_lcLookaheadLeft": 24.435, "bus_lcPushy": 0.2434, "bus_lcSigma": 0.277, "bus_lcSpeedGainRight": 3.2032, "bus_lcSublane": 0.4545, "bus_sigma": 0.4707, "bus_tau_mean": 2.2102, "bus_tau_std": 2.7971, "bus_v_mean": 12.6195, "bus_v_std": 18.3878, "car_acc": 3.1405, "car_dcc": 2.0621, "car_lcAssertive": 11.5246, "car_lcCooperative": 0.8984, "car_lcLookaheadLeft": 44.343, "car_lcPushy": 0.1774, "car_lcSigma": 0.3244, "car_lcSpeedGainRight": 3.9266, "car_lcSublane": 0.1631, "car_sigma": 0.1632, "car_tau_mean": 1.3025, "car_tau_std": 6.0307, "car_v_mean": 18.1636, "car_v_std": 0.8746}, "datetime": {"datetime": "2024-08-12 01:23:52", "elapsed": 2472.52848, "delta": 4.801232}}
{"target": -0.5383761985803727, "params": {"bus_acc": 2.496, "bus_dcc": 2.8405, "bus_lcAssertive": 85.9253, "bus_lcCooperative": 0.504, "bus_lcLookaheadLeft": 43.3289, "bus_lcPushy": 0.2892, "bus_lcSigma": 0.8202, "bus_lcSpeedGainRight": 3.2365, "bus_lcSublane": 0.0337, "bus_sigma": 0.1406, "bus_tau_mean": 2.8387, "bus_tau_std": 5.5028, "bus_v_mean": 18.8983, "bus_v_std": 2.0739, "car_acc": 1.6611, "car_dcc": 3.4701, "car_lcAssertive": 37.1939, "car_lcCooperative": 0.063, "car_lcLookaheadLeft": 48.3121, "car_lcPushy": 0.0212, "car_lcSigma": 0.2301, "car_lcSpeedGainRight": 3.9475, "car_lcSublane": 0.6319, "car_sigma": 0.01, "car_tau_mean": 1.0902, "car_tau_std": 1.8159, "car_v_mean": 23.6064, "car_v_std": 16.606}, "datetime": {"datetime": "2024-08-12 01:23:55", "elapsed": 2475.347345, "delta": 2.818865}}
{"target": -0.7234484687171915, "params": {"bus_acc": 1.4925, "bus_dcc": 2.5521, "bus_lcAssertive": 88.4816, "bus_lcCooperative": 0.0876, "bus_lcLookaheadLeft": 17.4661, "bus_lcPushy": 0.8678, "bus_lcSigma": 0.4526, "bus_lcSpeedGainRight": 0.3364, "bus_lcSublane": 0.958, "bus_sigma": 0.9357, "bus_tau_mean": 3.0116, "bus_tau_std": 3.3704, "bus_v_mean": 12.9731, "bus_v_std": 3.6488, "car_acc": 2.9598, "car_dcc": 2.2948, "car_lcAssertive": 4.7229, "car_lcCooperative": 0.0939, "car_lcLookaheadLeft": 52.0046, "car_lcPushy": 0.4577, "car_lcSigma": 0.5463, "car_lcSpeedGainRight": 3.7279, "car_lcSublane": 0.4358, "car_sigma": 0.3977, "car_tau_mean": 1.553, "car_tau_std": 6.5879, "car_v_mean": 17.5793, "car_v_std": 3.2225}, "datetime": {"datetime": "2024-08-12 01:24:02", "elapsed": 2483.147068, "delta": 7.799723}}
{"target": -0.7583495796295336, "params": {"bus_acc": 3.1492, "bus_dcc": 1.0472, "bus_lcAssertive": 93.0858, "bus_lcCooperative": 0.378, "bus_lcLookaheadLeft": 63.2648, "bus_lcPushy": 0.5156, "bus_lcSigma": 0.4708, "bus_lcSpeedGainRight": 0.5051, "bus_lcSublane": 0.936, "bus_sigma": 0.4487, "bus_tau_mean": 1.2789, "bus_tau_std": 5.2893, "bus_v_mean": 10.6043, "bus_v_std": 2.5428, "car_acc": 2.7796, "car_dcc": 3.3846, "car_lcAssertive": 81.4836, "car_lcCooperative": 0.122, "car_lcLookaheadLeft": 10.8076, "car_lcPushy": 0.0708, "car_lcSigma": 0.9977, "car_lcSpeedGainRight": 1.6232, "car_lcSublane": 0.8287, "car_sigma": 0.9053, "car_tau_mean": 2.0547, "car_tau_std": 7.2688, "car_v_mean": 11.3857, "car_v_std": 8.7429}, "datetime": {"datetime": "2024-08-12 01:24:07", "elapsed": 2487.862387, "delta": 4.715319}}
{"target": -0.7301864528854111, "params": {"bus_acc": 2.3087, "bus_dcc": 0.8741, "bus_lcAssertive": 64.0949, "bus_lcCooperative": 0.9419, "bus_lcLookaheadLeft": 51.6711, "bus_lcPushy": 0.0434, "bus_lcSigma": 0.3172, "bus_lcSpeedGainRight": 3.2668, "bus_lcSublane": 0.2447, "bus_sigma": 0.5803, "bus_tau_mean": 2.9062, "bus_tau_std": 8.7108, "bus_v_mean": 21.833, "bus_v_std": 7.7203, "car_acc": 2.7847, "car_dcc": 1.1434, "car_lcAssertive": 15.6883, "car_lcCooperative": 0.6847, "car_lcLookaheadLeft": 45.9631, "car_lcPushy": 0.5254, "car_lcSigma": 0.6174, "car_lcSpeedGainRight": 4.5309, "car_lcSublane": 0.5483, "car_sigma": 0.2343, "car_tau_mean": 2.3634, "car_tau_std": 8.2473, "car_v_mean": 8.9225, "car_v_std": 5.3481}, "datetime": {"datetime": "2024-08-12 01:24:13", "elapsed": 2493.748288, "delta": 5.885901}}
{"target": -0.4181471557807888, "params": {"bus_acc": 0.598, "bus_dcc": 2.3845, "bus_lcAssertive": 5.5285, "bus_lcCooperative": 0.6216, "bus_lcLookaheadLeft": 23.6263, "bus_lcPushy": 0.1331, "bus_lcSigma": 0.9062, "bus_lcSpeedGainRight": 0.3403, "bus_lcSublane": 0.8989, "bus_sigma": 0.184, "bus_tau_mean": 2.8893, "bus_tau_std": 5.5225, "bus_v_mean": 19.0455, "bus_v_std": 7.2461, "car_acc": 1.1698, "car_dcc": 1.6094, "car_lcAssertive": 34.2895, "car_lcCooperative": 0.1388, "car_lcLookaheadLeft": 56.1535, "car_lcPushy": 0.8802, "car_lcSigma": 0.6215, "car_lcSpeedGainRight": 4.5688, "car_lcSublane": 0.1948, "car_sigma": 0.9049, "car_tau_mean": 1.5218, "car_tau_std": 0.3494, "car_v_mean": 25.1048, "car_v_std": 17.6581}, "datetime": {"datetime": "2024-08-12 01:24:16", "elapsed": 2497.010934, "delta": 3.262646}}
{"target": -0.6097358507269091, "params": {"bus_acc": 0.5351, "bus_dcc": 3.8016, "bus_lcAssertive": 90.1065, "bus_lcCooperative": 0.948, "bus_lcLookaheadLeft": 7.4649, "bus_lcPushy": 0.6481, "bus_lcSigma": 0.8966, "bus_lcSpeedGainRight": 0.458, "bus_lcSublane": 0.5793, "bus_sigma": 0.0035, "bus_tau_mean": 3.0431, "bus_tau_std": 7.2363, "bus_v_mean": 10.1352, "bus_v_std": 11.7192, "car_acc": 3.6597, "car_dcc": 1.3112, "car_lcAssertive": 24.1407, "car_lcCooperative": 0.0303, "car_lcLookaheadLeft": 86.4961, "car_lcPushy": 0.4542, "car_lcSigma": 0.4324, "car_lcSpeedGainRight": 2.1397, "car_lcSublane": 0.784, "car_sigma": 0.9825, "car_tau_mean": 2.9073, "car_tau_std": 8.1057, "car_v_mean": 17.5011, "car_v_std": 13.7094}, "datetime": {"datetime": "2024-08-12 01:24:19", "elapsed": 2499.875221, "delta": 2.864287}}
{"target": -0.5256261301184267, "params": {"bus_acc": 1.5392, "bus_dcc": 3.3202, "bus_lcAssertive": 32.8633, "bus_lcCooperative": 0.3179, "bus_lcLookaheadLeft": 70.7262, "bus_lcPushy": 0.6146, "bus_lcSigma": 0.0464, "bus_lcSpeedGainRight": 1.363, "bus_lcSublane": 0.6743, "bus_sigma": 0.7622, "bus_tau_mean": 1.3732, "bus_tau_std": 1.7941, "bus_v_mean": 9.2621, "bus_v_std": 0.5143, "car_acc": 3.1692, "car_dcc": 2.0768, "car_lcAssertive": 65.2132, "car_lcCooperative": 0.3135, "car_lcLookaheadLeft": 45.8322, "car_lcPushy": 0.3197, "car_lcSigma": 0.6347, "car_lcSpeedGainRight": 3.0781, "car_lcSublane": 0.5768, "car_sigma": 0.0763, "car_tau_mean": 3.4881, "car_tau_std": 1.4054, "car_v_mean": 18.0231, "car_v_std": 2.6178}, "datetime": {"datetime": "2024-08-12 01:24:22", "elapsed": 2502.891568, "delta": 3.016347}}
{"target": -0.7060448853293272, "params": {"bus_acc": 1.1538, "bus_dcc": 0.5218, "bus_lcAssertive": 15.6752, "bus_lcCooperative": 0.551, "bus_lcLookaheadLeft": 31.349, "bus_lcPushy": 0.4346, "bus_lcSigma": 0.7564, "bus_lcSpeedGainRight": 3.1171, "bus_lcSublane": 0.3676, "bus_sigma": 0.5332, "bus_tau_mean": 1.1813, "bus_tau_std": 8.7492, "bus_v_mean": 21.8808, "bus_v_std": 14.1793, "car_acc": 3.9476, "car_dcc": 1.8112, "car_lcAssertive": 40.5661, "car_lcCooperative": 0.7282, "car_lcLookaheadLeft": 67.9944, "car_lcPushy": 0.475, "car_lcSigma": 0.8777, "car_lcSpeedGainRight": 4.9359, "car_lcSublane": 0.196, "car_sigma": 0.3559, "car_tau_mean": 1.0578, "car_tau_std": 2.7341, "car_v_mean": 20.4204, "car_v_std": 4.3141}, "datetime": {"datetime": "2024-08-12 01:24:25", "elapsed": 2505.45651, "delta": 2.564942}}
{"target": -0.5067910766103894, "params": {"bus_acc": 3.833, "bus_dcc": 3.4532, "bus_lcAssertive": 5.6449, "bus_lcCooperative": 0.1973, "bus_lcLookaheadLeft": 24.4544, "bus_lcPushy": 0.0095, "bus_lcSigma": 0.9936, "bus_lcSpeedGainRight": 4.6621, "bus_lcSublane": 0.596, "bus_sigma": 0.2186, "bus_tau_mean": 1.491, "bus_tau_std": 4.6293, "bus_v_mean": 21.1513, "bus_v_std": 5.7878, "car_acc": 1.0274, "car_dcc": 1.0006, "car_lcAssertive": 95.2132, "car_lcCooperative": 0.8139, "car_lcLookaheadLeft": 5.4249, "car_lcPushy": 0.0667, "car_lcSigma": 0.2857, "car_lcSpeedGainRight": 2.2519, "car_lcSublane": 0.4311, "car_sigma": 0.0668, "car_tau_mean": 3.9293, "car_tau_std": 8.9669, "car_v_mean": 20.7026, "car_v_std": 10.8506}, "datetime": {"datetime": "2024-08-12 01:24:28", "elapsed": 2508.716138, "delta": 3.259628}}
