{"target": -0.6283855899440051, "params": {"bus_acc": 3.41, "bus_dcc": 3.8005, "bus_lcAssertive": 71.2797, "bus_lcCooperative": 0.4283, "bus_lcLookaheadLeft": 38.1689, "bus_lcPushy": 0.5687, "bus_lcSigma": 0.483, "bus_lcSpeedGainRight": 0.9815, "bus_lcSublane": 0.9662, "bus_sigma": 0.1359, "bus_tau_mean": 1.6929, "bus_tau_std": 1.4309, "bus_v_mean": 21.6597, "bus_v_std": 12.0005, "car_acc": 1.5214, "car_dcc": 1.2702, "car_lcAssertive": 15.7712, "car_lcCooperative": 0.9024, "car_lcLookaheadLeft": 25.8793, "car_lcPushy": 0.1814, "car_lcSigma": 0.4713, "car_lcSpeedGainRight": 1.5169, "car_lcSublane": 0.2463, "car_sigma": 0.5601, "car_tau_mean": 0.9177, "car_tau_std": 3.9539, "car_v_mean": 18.9796, "car_v_std": 18.3561}, "datetime": {"datetime": "2024-08-12 01:29:57", "elapsed": 2837.860942, "delta": 5.094021}}
{"target": -0.6748267866391525, "params": {"bus_acc": 3.2243, "bus_dcc": 3.6855, "bus_lcAssertive": 97.7573, "bus_lcCooperative": 0.2106, "bus_lcLookaheadLeft": 9.1277, "bus_lcPushy": 0.5755, "bus_lcSigma": 0.3576, "bus_lcSpeedGainRight": 2.6648, "bus_lcSublane": 0.4408, "bus_sigma": 0.3152, "bus_tau_mean": 0.6876, "bus_tau_std": 1.927, "bus_v_mean": 16.0096, "bus_v_std": 13.2751, "car_acc": 3.7592, "car_dcc": 2.0821, "car_lcAssertive": 41.1515, "car_lcCooperative": 0.8468, "car_lcLookaheadLeft": 46.4438, "car_lcPushy": 0.1652, "car_lcSigma": 0.0124, "car_lcSpeedGainRight": 3.6479, "car_lcSublane": 0.8405, "car_sigma": 0.3757, "car_tau_mean": 1.2014, "car_tau_std": 8.0343, "car_v_mean": 14.2999, "car_v_std": 5.0384}, "datetime": {"datetime": "2024-08-12 01:30:01", "elapsed": 2841.78022, "delta": 3.919278}}
{"target": -0.20787530365456416, "params": {"bus_acc": 0.7276, "bus_dcc": 0.6663, "bus_lcAssertive": 14.1558, "bus_lcCooperative": 0.1346, "bus_lcLookaheadLeft": 28.1198, "bus_lcPushy": 0.5741, "bus_lcSigma": 0.1152, "bus_lcSpeedGainRight": 2.055, "bus_lcSublane": 0.2088, "bus_sigma": 0.262, "bus_tau_mean": 1.4259, "bus_tau_std": 4.1358, "bus_v_mean": 21.0013, "bus_v_std": 8.9242, "car_acc": 0.224, "car_dcc": 3.9591, "car_lcAssertive": 28.7177, "car_lcCooperative": 0.5126, "car_lcLookaheadLeft": 16.6161, "car_lcPushy": 0.1829, "car_lcSigma": 0.2794, "car_lcSpeedGainRight": 1.9465, "car_lcSublane": 0.6752, "car_sigma": 0.1422, "car_tau_mean": 3.1062, "car_tau_std": 4.674, "car_v_mean": 23.0612, "car_v_std": 4.0626}, "datetime": {"datetime": "2024-08-12 01:30:05", "elapsed": 2845.40336, "delta": 3.62314}}
{"target": -0.6395581893323451, "params": {"bus_acc": 2.7642, "bus_dcc": 3.0932, "bus_lcAssertive": 29.4765, "bus_lcCooperative": 0.3989, "bus_lcLookaheadLeft": 65.8029, "bus_lcPushy": 0.5644, "bus_lcSigma": 0.5105, "bus_lcSpeedGainRight": 2.0712, "bus_lcSublane": 0.7962, "bus_sigma": 0.8302, "bus_tau_mean": 3.4662, "bus_tau_std": 3.4796, "bus_v_mean": 15.3932, "bus_v_std": 9.5391, "car_acc": 2.8472, "car_dcc": 3.228, "car_lcAssertive": 64.321, "car_lcCooperative": 0.1544, "car_lcLookaheadLeft": 33.4411, "car_lcPushy": 0.569, "car_lcSigma": 0.3014, "car_lcSpeedGainRight": 1.703, "car_lcSublane": 0.3236, "car_sigma": 0.0312, "car_tau_mean": 3.0614, "car_tau_std": 1.5308, "car_v_mean": 19.0913, "car_v_std": 0.2687}, "datetime": {"datetime": "2024-08-12 01:30:08", "elapsed": 2848.251843, "delta": 2.848483}}
{"target": -0.37442913423921004, "params": {"bus_acc": 0.2957, "bus_dcc": 2.3372, "bus_lcAssertive": 38.4612, "bus_lcCooperative": 0.6826, "bus_lcLookaheadLeft": 83.1457, "bus_lcPushy": 0.1575, "bus_lcSigma": 0.5407, "bus_lcSpeedGainRight": 0.0374, "bus_lcSublane": 0.2743, "bus_sigma": 0.4349, "bus_tau_mean": 2.7393, "bus_tau_std": 7.7888, "bus_v_mean": 15.89, "bus_v_std": 17.1465, "car_acc": 2.7407, "car_dcc": 1.454, "car_lcAssertive": 80.2167, "car_lcCooperative": 0.2926, "car_lcLookaheadLeft": 33.517, "car_lcPushy": 0.4591, "car_lcSigma": 0.9389, "car_lcSpeedGainRight": 4.5149, "car_lcSublane": 0.312, "car_sigma": 0.4962, "car_tau_mean": 3.2661, "car_tau_std": 8.2019, "car_v_mean": 15.0217, "car_v_std": 2.9885}, "datetime": {"datetime": "2024-08-12 01:30:12", "elapsed": 2852.526877, "delta": 4.275034}}
{"target": -0.3299568406753937, "params": {"bus_acc": 2.3606, "bus_dcc": 0.7827, "bus_lcAssertive": 29.5361, "bus_lcCooperative": 0.2831, "bus_lcLookaheadLeft": 19.8514, "bus_lcPushy": 0.9049, "bus_lcSigma": 0.6971, "bus_lcSpeedGainRight": 4.4333, "bus_lcSublane": 0.3936, "bus_sigma": 0.2192, "bus_tau_mean": 3.2589, "bus_tau_std": 1.9786, "bus_v_mean": 13.4713, "bus_v_std": 6.7913, "car_acc": 0.6774, "car_dcc": 2.9789, "car_lcAssertive": 69.7279, "car_lcCooperative": 0.8484, "car_lcLookaheadLeft": 37.7253, "car_lcPushy": 0.3545, "car_lcSigma": 0.3818, "car_lcSpeedGainRight": 2.7842, "car_lcSublane": 0.3918, "car_sigma": 0.9847, "car_tau_mean": 3.0757, "car_tau_std": 1.3363, "car_v_mean": 20.6805, "car_v_std": 17.1535}, "datetime": {"datetime": "2024-08-12 01:30:16", "elapsed": 2856.619738, "delta": 4.092861}}
{"target": -0.49820280848370974, "params": {"bus_acc": 2.1449, "bus_dcc": 3.5047, "bus_lcAssertive": 19.1533, "bus_lcCooperative": 0.4565, "bus_lcLookaheadLeft": 98.4693, "bus_lcPushy": 0.6719, "bus_lcSigma": 0.5353, "bus_lcSpeedGainRight": 4.887, "bus_lcSublane": 0.4067, "bus_sigma": 0.4169, "bus_tau_mean": 0.6524, "bus_tau_std": 7.9199, "bus_v_mean": 10.9165, "bus_v_std": 18.1296, "car_acc": 1.8108, "car_dcc": 2.6609, "car_lcAssertive": 7.7918, "car_lcCooperative": 0.1799, "car_lcLookaheadLeft": 77.0045, "car_lcPushy": 0.9044, "car_lcSigma": 0.4447, "car_lcSpeedGainRight": 2.9477, "car_lcSublane": 0.0105, "car_sigma": 0.4473, "car_tau_mean": 2.4752, "car_tau_std": 9.7727, "car_v_mean": 24.8109, "car_v_std": 12.1716}, "datetime": {"datetime": "2024-08-12 01:30:19", "elapsed": 2859.991183, "delta": 3.371445}}
{"target": -0.5163251505166523, "params": {"bus_acc": 0.2455, "bus_dcc": 3.3573, "bus_lcAssertive": 62.692, "bus_lcCooperative": 0.3061, "bus_lcLookaheadLeft": 78.1601, "bus_lcPushy": 0.2661, "bus_lcSigma": 0.0372, "bus_lcSpeedGainRight": 2.9698, "bus_lcSublane": 0.6605, "bus_sigma": 0.848, "bus_tau_mean": 3.3648, "bus_tau_std": 5.216, "bus_v_mean": 14.7781, "bus_v_std": 4.785, "car_acc": 3.5776, "car_dcc": 3.5212, "car_lcAssertive": 88.2221, "car_lcCooperative": 0.3067, "car_lcLookaheadLeft": 42.6332, "car_lcPushy": 0.1697, "car_lcSigma": 0.921, "car_lcSpeedGainRight": 1.6163, "car_lcSublane": 0.4153, "car_sigma": 0.2154, "car_tau_mean": 1.0522, "car_tau_std": 0.2999, "car_v_mean": 20.1139, "car_v_std": 0.0934}, "datetime": {"datetime": "2024-08-12 01:30:23", "elapsed": 2863.316412, "delta": 3.325229}}
{"target": -0.6004600754549165, "params": {"bus_acc": 2.8706, "bus_dcc": 3.258, "bus_lcAssertive": 15.0283, "bus_lcCooperative": 0.9874, "bus_lcLookaheadLeft": 79.0085, "bus_lcPushy": 0.4521, "bus_lcSigma": 0.3153, "bus_lcSpeedGainRight": 4.2924, "bus_lcSublane": 0.7709, "bus_sigma": 0.6406, "bus_tau_mean": 0.992, "bus_tau_std": 4.9282, "bus_v_mean": 17.5906, "bus_v_std": 16.9444, "car_acc": 2.549, "car_dcc": 3.4706, "car_lcAssertive": 28.7532, "car_lcCooperative": 0.8044, "car_lcLookaheadLeft": 13.4151, "car_lcPushy": 0.1183, "car_lcSigma": 0.7162, "car_lcSpeedGainRight": 2.0977, "car_lcSublane": 0.0685, "car_sigma": 0.278, "car_tau_mean": 2.5487, "car_tau_std": 5.2229, "car_v_mean": 9.0776, "car_v_std": 18.1626}, "datetime": {"datetime": "2024-08-12 01:30:28", "elapsed": 2868.344363, "delta": 5.027951}}
{"target": -0.8290436998966407, "params": {"bus_acc": 1.3978, "bus_dcc": 0.2562, "bus_lcAssertive": 91.6988, "bus_lcCooperative": 0.4263, "bus_lcLookaheadLeft": 67.582, "bus_lcPushy": 0.7831, "bus_lcSigma": 0.9532, "bus_lcSpeedGainRight": 2.541, "bus_lcSublane": 0.1788, "bus_sigma": 0.1395, "bus_tau_mean": 0.5871, "bus_tau_std": 1.4973, "bus_v_mean": 15.7001, "bus_v_std": 0.0279, "car_acc": 1.0288, "car_dcc": 1.9339, "car_lcAssertive": 6.0338, "car_lcCooperative": 0.6029, "car_lcLookaheadLeft": 99.7754, "car_lcPushy": 0.279, "car_lcSigma": 0.5397, "car_lcSpeedGainRight": 0.2892, "car_lcSublane": 0.5423, "car_sigma": 0.5995, "car_tau_mean": 1.4452, "car_tau_std": 8.4021, "car_v_mean": 9.3116, "car_v_std": 14.684}, "datetime": {"datetime": "2024-08-12 01:30:33", "elapsed": 2874.087555, "delta": 5.743192}}
{"target": -0.33171374651559116, "params": {"bus_acc": 2.8958, "bus_dcc": 1.8197, "bus_lcAssertive": 61.6817, "bus_lcCooperative": 0.8965, "bus_lcLookaheadLeft": 79.3143, "bus_lcPushy": 0.8983, "bus_lcSigma": 0.8812, "bus_lcSpeedGainRight": 1.7015, "bus_lcSublane": 0.9953, "bus_sigma": 0.5279, "bus_tau_mean": 2.6668, "bus_tau_std": 9.5916, "bus_v_mean": 15.2838, "bus_v_std": 0.1777, "car_acc": 0.3678, "car_dcc": 3.4561, "car_lcAssertive": 96.8473, "car_lcCooperative": 0.2716, "car_lcLookaheadLeft": 40.4638, "car_lcPushy": 0.9041, "car_lcSigma": 0.1811, "car_lcSpeedGainRight": 1.509, "car_lcSublane": 0.6391, "car_sigma": 0.4609, "car_tau_mean": 2.9651, "car_tau_std": 7.1268, "car_v_mean": 23.3764, "car_v_std": 0.6586}, "datetime": {"datetime": "2024-08-12 01:30:41", "elapsed": 2881.658489, "delta": 7.570934}}
{"target": -0.35306235140224657, "params": {"bus_acc": 2.0687, "bus_dcc": 2.8896, "bus_lcAssertive": 64.223, "bus_lcCooperative": 0.4601, "bus_lcLookaheadLeft": 23.3035, "bus_lcPushy": 0.0685, "bus_lcSigma": 0.221, "bus_lcSpeedGainRight": 3.4486, "bus_lcSublane": 0.9392, "bus_sigma": 0.5129, "bus_tau_mean": 2.6132, "bus_tau_std": 9.5622, "bus_v_mean": 10.8928, "bus_v_std": 3.9856, "car_acc": 0.3014, "car_dcc": 3.9303, "car_lcAssertive": 13.3934, "car_lcCooperative": 0.4923, "car_lcLookaheadLeft": 86.8668, "car_lcPushy": 0.6007, "car_lcSigma": 0.1551, "car_lcSpeedGainRight": 4.4201, "car_lcSublane": 0.628, "car_sigma": 0.4689, "car_tau_mean": 2.6273, "car_tau_std": 9.5545, "car_v_mean": 18.441, "car_v_std": 4.0957}, "datetime": {"datetime": "2024-08-12 01:30:46", "elapsed": 2886.475475, "delta": 4.816986}}
{"target": -0.4214873371258607, "params": {"bus_acc": 2.6552, "bus_dcc": 2.6118, "bus_lcAssertive": 75.017, "bus_lcCooperative": 0.9384, "bus_lcLookaheadLeft": 49.0147, "bus_lcPushy": 0.0797, "bus_lcSigma": 0.7881, "bus_lcSpeedGainRight": 1.4482, "bus_lcSublane": 0.2294, "bus_sigma": 0.2958, "bus_tau_mean": 2.8972, "bus_tau_std": 7.2315, "bus_v_mean": 22.1612, "bus_v_std": 5.1719, "car_acc": 0.8146, "car_dcc": 1.8525, "car_lcAssertive": 99.0821, "car_lcCooperative": 0.4884, "car_lcLookaheadLeft": 50.6964, "car_lcPushy": 0.9219, "car_lcSigma": 0.5297, "car_lcSpeedGainRight": 3.9451, "car_lcSublane": 0.0513, "car_sigma": 0.1411, "car_tau_mean": 1.3254, "car_tau_std": 9.0696, "car_v_mean": 21.3256, "car_v_std": 4.4771}, "datetime": {"datetime": "2024-08-12 01:30:50", "elapsed": 2890.500682, "delta": 4.025207}}
{"target": -0.6385775572800666, "params": {"bus_acc": 0.6907, "bus_dcc": 1.3356, "bus_lcAssertive": 23.0571, "bus_lcCooperative": 0.7889, "bus_lcLookaheadLeft": 26.2805, "bus_lcPushy": 0.7725, "bus_lcSigma": 0.1466, "bus_lcSpeedGainRight": 4.9304, "bus_lcSublane": 0.1594, "bus_sigma": 0.5149, "bus_tau_mean": 2.7238, "bus_tau_std": 4.9674, "bus_v_mean": 19.5789, "bus_v_std": 19.3082, "car_acc": 0.6549, "car_dcc": 0.5793, "car_lcAssertive": 57.5951, "car_lcCooperative": 0.0022, "car_lcLookaheadLeft": 55.98, "car_lcPushy": 0.9474, "car_lcSigma": 0.3589, "car_lcSpeedGainRight": 0.1509, "car_lcSublane": 0.4785, "car_sigma": 0.5468, "car_tau_mean": 3.9101, "car_tau_std": 0.2242, "car_v_mean": 20.1715, "car_v_std": 2.2078}, "datetime": {"datetime": "2024-08-12 01:30:54", "elapsed": 2894.319289, "delta": 3.818607}}
{"target": -0.7654575516967084, "params": {"bus_acc": 2.5321, "bus_dcc": 1.1256, "bus_lcAssertive": 80.4885, "bus_lcCooperative": 0.2933, "bus_lcLookaheadLeft": 14.6956, "bus_lcPushy": 0.8773, "bus_lcSigma": 0.9805, "bus_lcSpeedGainRight": 1.1129, "bus_lcSublane": 0.4438, "bus_sigma": 0.8106, "bus_tau_mean": 3.6012, "bus_tau_std": 8.5764, "bus_v_mean": 15.7434, "bus_v_std": 12.1576, "car_acc": 3.3439, "car_dcc": 0.6664, "car_lcAssertive": 6.3476, "car_lcCooperative": 0.4584, "car_lcLookaheadLeft": 2.7634, "car_lcPushy": 0.4332, "car_lcSigma": 0.3817, "car_lcSpeedGainRight": 0.8246, "car_lcSublane": 0.2089, "car_sigma": 0.7993, "car_tau_mean": 3.3892, "car_tau_std": 3.2901, "car_v_mean": 11.9957, "car_v_std": 2.1269}, "datetime": {"datetime": "2024-08-12 01:30:57", "elapsed": 2897.630393, "delta": 3.311104}}
{"target": -0.29451121274642916, "params": {"bus_acc": 1.5756, "bus_dcc": 1.5765, "bus_lcAssertive": 31.9251, "bus_lcCooperative": 0.9615, "bus_lcLookaheadLeft": 93.9426, "bus_lcPushy": 0.9131, "bus_lcSigma": 0.735, "bus_lcSpeedGainRight": 3.6785, "bus_lcSublane": 0.7234, "bus_sigma": 0.4705, "bus_tau_mean": 2.1137, "bus_tau_std": 8.2272, "bus_v_mean": 9.6519, "bus_v_std": 6.3056, "car_acc": 0.31, "car_dcc": 3.5726, "car_lcAssertive": 53.5295, "car_lcCooperative": 0.4927, "car_lcLookaheadLeft": 65.5342, "car_lcPushy": 0.0776, "car_lcSigma": 0.2672, "car_lcSpeedGainRight": 3.718, "car_lcSublane": 0.8522, "car_sigma": 0.5181, "car_tau_mean": 2.7192, "car_tau_std": 4.4743, "car_v_mean": 23.0338, "car_v_std": 18.4577}, "datetime": {"datetime": "2024-08-12 01:31:00", "elapsed": 2901.004514, "delta": 3.374121}}
{"target": -0.9229055665950225, "params": {"bus_acc": 1.3432, "bus_dcc": 1.4986, "bus_lcAssertive": 50.9678, "bus_lcCooperative": 0.0253, "bus_lcLookaheadLeft": 48.5441, "bus_lcPushy": 0.8775, "bus_lcSigma": 0.9114, "bus_lcSpeedGainRight": 0.9655, "bus_lcSublane": 0.3115, "bus_sigma": 0.4807, "bus_tau_mean": 0.5461, "bus_tau_std": 7.6337, "bus_v_mean": 19.0398, "bus_v_std": 11.1867, "car_acc": 2.2022, "car_dcc": 1.2708, "car_lcAssertive": 3.4069, "car_lcCooperative": 0.2469, "car_lcLookaheadLeft": 8.3541, "car_lcPushy": 0.1938, "car_lcSigma": 0.8555, "car_lcSpeedGainRight": 4.2157, "car_lcSublane": 0.441, "car_sigma": 0.3692, "car_tau_mean": 0.6024, "car_tau_std": 8.2847, "car_v_mean": 11.8716, "car_v_std": 2.4693}, "datetime": {"datetime": "2024-08-12 01:31:05", "elapsed": 2905.64744, "delta": 4.642926}}
{"target": -0.5004533786819745, "params": {"bus_acc": 0.41, "bus_dcc": 2.7016, "bus_lcAssertive": 24.587, "bus_lcCooperative": 0.9042, "bus_lcLookaheadLeft": 90.5415, "bus_lcPushy": 0.3958, "bus_lcSigma": 0.5392, "bus_lcSpeedGainRight": 2.977, "bus_lcSublane": 0.7156, "bus_sigma": 0.8767, "bus_tau_mean": 2.6102, "bus_tau_std": 9.8901, "bus_v_mean": 9.9692, "bus_v_std": 7.9106, "car_acc": 1.7269, "car_dcc": 0.5248, "car_lcAssertive": 96.9992, "car_lcCooperative": 0.6773, "car_lcLookaheadLeft": 4.1594, "car_lcPushy": 0.9972, "car_lcSigma": 0.9134, "car_lcSpeedGainRight": 0.5617, "car_lcSublane": 0.7891, "car_sigma": 0.9118, "car_tau_mean": 1.6095, "car_tau_std": 4.1792, "car_v_mean": 16.658, "car_v_std": 13.302}, "datetime": {"datetime": "2024-08-12 01:31:08", "elapsed": 2908.696076, "delta": 3.048636}}
{"target": -0.7446885269547492, "params": {"bus_acc": 2.5937, "bus_dcc": 2.8829, "bus_lcAssertive": 48.8879, "bus_lcCooperative": 0.6057, "bus_lcLookaheadLeft": 72.4579, "bus_lcPushy": 0.7101, "bus_lcSigma": 0.8014, "bus_lcSpeedGainRight": 3.4528, "bus_lcSublane": 0.6321, "bus_sigma": 0.0906, "bus_tau_mean": 3.9485, "bus_tau_std": 7.7749, "bus_v_mean": 21.1484, "bus_v_std": 18.9645, "car_acc": 3.2848, "car_dcc": 0.525, "car_lcAssertive": 77.751, "car_lcCooperative": 0.4438, "car_lcLookaheadLeft": 36.3366, "car_lcPushy": 0.9879, "car_lcSigma": 0.1679, "car_lcSpeedGainRight": 2.8844, "car_lcSublane": 0.9645, "car_sigma": 0.8024, "car_tau_mean": 3.7797, "car_tau_std": 4.4281, "car_v_mean": 22.965, "car_v_std": 15.133}, "datetime": {"datetime": "2024-08-12 01:31:12", "elapsed": 2912.956851, "delta": 4.260775}}
{"target": -0.5037691887982275, "params": {"bus_acc": 3.1855, "bus_dcc": 0.4793, "bus_lcAssertive": 29.6258, "bus_lcCooperative": 0.7591, "bus_lcLookaheadLeft": 76.9639, "bus_lcPushy": 0.5509, "bus_lcSigma": 0.8692, "bus_lcSpeedGainRight": 4.2191, "bus_lcSublane": 0.6383, "bus_sigma": 0.1261, "bus_tau_mean": 1.6971, "bus_tau_std": 6.2605, "bus_v_mean": 23.6961, "bus_v_std": 3.7726, "car_acc": 0.9996, "car_dcc": 3.2917, "car_lcAssertive": 46.8671, "car_lcCooperative": 0.8774, "car_lcLookaheadLeft": 58.5719, "car_lcPushy": 0.2839, "car_lcSigma": 0.5213, "car_lcSpeedGainRight": 1.9914, "car_lcSublane": 0.0979, "car_sigma": 0.7831, "car_tau_mean": 1.8889, "car_tau_std": 6.6148, "car_v_mean": 9.5242, "car_v_std": 19.6943}, "datetime": {"datetime": "2024-08-12 01:31:17", "elapsed": 2917.70312, "delta": 4.746269}}
{"target": -0.48745629051461287, "params": {"bus_acc": 0.4074, "bus_dcc": 2.1507, "bus_lcAssertive": 95.9114, "bus_lcCooperative": 0.1874, "bus_lcLookaheadLeft": 6.4679, "bus_lcPushy": 0.6139, "bus_lcSigma": 0.6089, "bus_lcSpeedGainRight": 4.42, "bus_lcSublane": 0.6548, "bus_sigma": 0.8066, "bus_tau_mean": 0.8972, "bus_tau_std": 5.4765, "bus_v_mean": 15.0922, "bus_v_std": 5.3524, "car_acc": 2.2364, "car_dcc": 3.9093, "car_lcAssertive": 35.5769, "car_lcCooperative": 0.2424, "car_lcLookaheadLeft": 99.1044, "car_lcPushy": 0.6083, "car_lcSigma": 0.9229, "car_lcSpeedGainRight": 1.7447, "car_lcSublane": 0.0228, "car_sigma": 0.5204, "car_tau_mean": 3.3062, "car_tau_std": 6.2395, "car_v_mean": 17.5865, "car_v_std": 10.7788}, "datetime": {"datetime": "2024-08-12 01:31:20", "elapsed": 2920.902965, "delta": 3.199845}}
{"target": -0.6506864206297261, "params": {"bus_acc": 3.0965, "bus_dcc": 0.616, "bus_lcAssertive": 12.0759, "bus_lcCooperative": 0.5294, "bus_lcLookaheadLeft": 78.8418, "bus_lcPushy": 0.3652, "bus_lcSigma": 0.73, "bus_lcSpeedGainRight": 2.9357, "bus_lcSublane": 0.1516, "bus_sigma": 0.1797, "bus_tau_mean": 1.8521, "bus_tau_std": 1.9469, "bus_v_mean": 24.6382, "bus_v_std": 4.5216, "car_acc": 3.6571, "car_dcc": 2.2013, "car_lcAssertive": 18.4929, "car_lcCooperative": 0.7809, "car_lcLookaheadLeft": 97.0577, "car_lcPushy": 0.3786, "car_lcSigma": 0.3992, "car_lcSpeedGainRight": 4.6481, "car_lcSublane": 0.35, "car_sigma": 0.1237, "car_tau_mean": 3.1334, "car_tau_std": 8.0616, "car_v_mean": 21.8843, "car_v_std": 7.0814}, "datetime": {"datetime": "2024-08-12 01:31:25", "elapsed": 2925.691598, "delta": 4.788633}}
{"target": -0.5448093970296446, "params": {"bus_acc": 2.5303, "bus_dcc": 1.4701, "bus_lcAssertive": 32.7871, "bus_lcCooperative": 0.3461, "bus_lcLookaheadLeft": 18.0774, "bus_lcPushy": 0.5839, "bus_lcSigma": 0.1845, "bus_lcSpeedGainRight": 4.1582, "bus_lcSublane": 0.0776, "bus_sigma": 0.4691, "bus_tau_mean": 1.1969, "bus_tau_std": 2.172, "bus_v_mean": 18.4238, "bus_v_std": 17.4744, "car_acc": 1.6734, "car_dcc": 3.768, "car_lcAssertive": 50.3892, "car_lcCooperative": 0.6597, "car_lcLookaheadLeft": 6.2043, "car_lcPushy": 0.0192, "car_lcSigma": 0.1076, "car_lcSpeedGainRight": 2.5945, "car_lcSublane": 0.0056, "car_sigma": 0.1742, "car_tau_mean": 1.0803, "car_tau_std": 6.9561, "car_v_mean": 12.508, "car_v_std": 12.7372}, "datetime": {"datetime": "2024-08-12 01:31:30", "elapsed": 2930.301213, "delta": 4.609615}}
{"target": -0.5967094802994, "params": {"bus_acc": 0.7294, "bus_dcc": 2.8168, "bus_lcAssertive": 44.5504, "bus_lcCooperative": 0.8967, "bus_lcLookaheadLeft": 59.416, "bus_lcPushy": 0.617, "bus_lcSigma": 0.8536, "bus_lcSpeedGainRight": 4.4294, "bus_lcSublane": 0.2303, "bus_sigma": 0.2286, "bus_tau_mean": 2.7385, "bus_tau_std": 5.9767, "bus_v_mean": 18.3789, "bus_v_std": 6.8996, "car_acc": 3.7317, "car_dcc": 0.604, "car_lcAssertive": 97.9876, "car_lcCooperative": 0.1881, "car_lcLookaheadLeft": 86.6616, "car_lcPushy": 0.5418, "car_lcSigma": 0.9301, "car_lcSpeedGainRight": 2.6254, "car_lcSublane": 0.1422, "car_sigma": 0.3962, "car_tau_mean": 3.5074, "car_tau_std": 3.6931, "car_v_mean": 8.8321, "car_v_std": 3.559}, "datetime": {"datetime": "2024-08-12 01:31:35", "elapsed": 2935.820739, "delta": 5.519526}}
{"target": -0.7760201409582234, "params": {"bus_acc": 2.1266, "bus_dcc": 1.9993, "bus_lcAssertive": 75.3159, "bus_lcCooperative": 0.9444, "bus_lcLookaheadLeft": 79.2818, "bus_lcPushy": 0.4384, "bus_lcSigma": 0.6995, "bus_lcSpeedGainRight": 0.6393, "bus_lcSublane": 0.5368, "bus_sigma": 0.5026, "bus_tau_mean": 0.6768, "bus_tau_std": 0.9145, "bus_v_mean": 22.8842, "bus_v_std": 17.4962, "car_acc": 3.2807, "car_dcc": 2.1961, "car_lcAssertive": 8.2328, "car_lcCooperative": 0.8006, "car_lcLookaheadLeft": 80.6518, "car_lcPushy": 0.9285, "car_lcSigma": 0.159, "car_lcSpeedGainRight": 1.0941, "car_lcSublane": 0.7073, "car_sigma": 0.0533, "car_tau_mean": 2.8047, "car_tau_std": 2.6111, "car_v_mean": 15.4979, "car_v_std": 7.5292}, "datetime": {"datetime": "2024-08-12 01:31:40", "elapsed": 2940.293112, "delta": 4.472373}}
{"target": -0.5479898744811308, "params": {"bus_acc": 0.7636, "bus_dcc": 0.7621, "bus_lcAssertive": 88.6122, "bus_lcCooperative": 0.6063, "bus_lcLookaheadLeft": 66.9847, "bus_lcPushy": 0.3244, "bus_lcSigma": 0.8835, "bus_lcSpeedGainRight": 0.502, "bus_lcSublane": 0.8, "bus_sigma": 0.7787, "bus_tau_mean": 3.156, "bus_tau_std": 8.9004, "bus_v_mean": 17.3085, "bus_v_std": 7.6274, "car_acc": 1.2265, "car_dcc": 2.5468, "car_lcAssertive": 50.9044, "car_lcCooperative": 0.9725, "car_lcLookaheadLeft": 39.2118, "car_lcPushy": 0.7232, "car_lcSigma": 0.7071, "car_lcSpeedGainRight": 0.4482, "car_lcSublane": 0.8951, "car_sigma": 0.522, "car_tau_mean": 1.0031, "car_tau_std": 2.2588, "car_v_mean": 12.3084, "car_v_std": 16.8117}, "datetime": {"datetime": "2024-08-12 01:31:44", "elapsed": 2944.222192, "delta": 3.92908}}
