{"target": -0.535002043053879, "params": {"bus_acc": 1.5092, "bus_dcc": 3.8878, "bus_lcAssertive": 43.6645, "bus_lcCooperative": 0.9647, "bus_lcLookaheadLeft": 67.1592, "bus_lcPushy": 0.6215, "bus_lcSigma": 0.2566, "bus_lcSpeedGainRight": 5.0, "bus_lcSublane": 0.5918, "bus_sigma": 0.5782, "bus_tau_mean": 2.2119, "bus_tau_std": 2.6537, "bus_v_mean": 24.5443, "bus_v_std": 11.7571, "car_acc": 0.3528, "car_dcc": 2.8286, "car_lcAssertive": 33.6213, "car_lcCooperative": 0.5269, "car_lcLookaheadLeft": 88.9642, "car_lcPushy": 0.4992, "car_lcSigma": 0.9084, "car_lcSpeedGainRight": 3.4003, "car_lcSublane": 0.1577, "car_sigma": 0.9293, "car_tau_mean": 3.2016, "car_tau_std": 10.0, "car_v_mean": 11.3856, "car_v_std": 3.0262}, "datetime": {"datetime": "2024-08-12 00:48:13", "elapsed": 333.665934, "delta": 1.319259}}
{"target": -0.3283592459314016, "params": {"bus_acc": 0.9652, "bus_dcc": 3.1449, "bus_lcAssertive": 43.9502, "bus_lcCooperative": 0.6931, "bus_lcLookaheadLeft": 67.1688, "bus_lcPushy": 0.6773, "bus_lcSigma": 0.0944, "bus_lcSpeedGainRight": 3.7069, "bus_lcSublane": 0.5366, "bus_sigma": 0.6084, "bus_tau_mean": 1.8532, "bus_tau_std": 1.894, "bus_v_mean": 23.2145, "bus_v_std": 12.9866, "car_acc": 1.0045, "car_dcc": 2.6445, "car_lcAssertive": 33.1737, "car_lcCooperative": 0.6624, "car_lcLookaheadLeft": 87.7912, "car_lcPushy": 0.3281, "car_lcSigma": 0.8074, "car_lcSpeedGainRight": 2.7193, "car_lcSublane": 0.1286, "car_sigma": 0.6953, "car_tau_mean": 3.0052, "car_tau_std": 8.0124, "car_v_mean": 12.2944, "car_v_std": 4.5751}, "datetime": {"datetime": "2024-08-12 00:48:15", "elapsed": 335.238678, "delta": 1.572744}}
{"target": -0.3008179717000388, "params": {"bus_acc": 1.5064, "bus_dcc": 3.8851, "bus_lcAssertive": 43.6617, "bus_lcCooperative": 0.9652, "bus_lcLookaheadLeft": 67.1575, "bus_lcPushy": 0.622, "bus_lcSigma": 0.2549, "bus_lcSpeedGainRight": 5.0, "bus_lcSublane": 0.5901, "bus_sigma": 0.5787, "bus_tau_mean": 2.2092, "bus_tau_std": 2.651, "bus_v_mean": 24.5415, "bus_v_std": 11.7543, "car_acc": 0.3511, "car_dcc": 2.8259, "car_lcAssertive": 33.6186, "car_lcCooperative": 0.5274, "car_lcLookaheadLeft": 88.9625, "car_lcPushy": 0.4975, "car_lcSigma": 0.9088, "car_lcSpeedGainRight": 3.3975, "car_lcSublane": 0.156, "car_sigma": 0.9298, "car_tau_mean": 3.1989, "car_tau_std": 10.0, "car_v_mean": 11.3828, "car_v_std": 3.0234}, "datetime": {"datetime": "2024-08-12 00:48:17", "elapsed": 337.827162, "delta": 2.588484}}
{"target": -0.4776463955424159, "params": {"bus_acc": 0.447, "bus_dcc": 2.1993, "bus_lcAssertive": 79.4006, "bus_lcCooperative": 0.3384, "bus_lcLookaheadLeft": 68.7482, "bus_lcPushy": 0.6942, "bus_lcSigma": 0.7163, "bus_lcSpeedGainRight": 3.7941, "bus_lcSublane": 0.678, "bus_sigma": 0.3045, "bus_tau_mean": 2.2669, "bus_tau_std": 5.6952, "bus_v_mean": 20.5677, "bus_v_std": 14.8572, "car_acc": 1.544, "car_dcc": 3.1205, "car_lcAssertive": 27.185, "car_lcCooperative": 0.3983, "car_lcLookaheadLeft": 66.9213, "car_lcPushy": 0.409, "car_lcSigma": 0.4243, "car_lcSpeedGainRight": 2.0809, "car_lcSublane": 0.7815, "car_sigma": 0.3941, "car_tau_mean": 3.5715, "car_tau_std": 6.3151, "car_v_mean": 22.3097, "car_v_std": 6.1729}, "datetime": {"datetime": "2024-08-12 00:48:20", "elapsed": 340.218072, "delta": 2.39091}}
{"target": -0.2603377350386083, "params": {"bus_acc": 1.5055, "bus_dcc": 3.8842, "bus_lcAssertive": 43.6608, "bus_lcCooperative": 0.9652, "bus_lcLookaheadLeft": 67.157, "bus_lcPushy": 0.622, "bus_lcSigma": 0.2545, "bus_lcSpeedGainRight": 5.0, "bus_lcSublane": 0.5896, "bus_sigma": 0.5787, "bus_tau_mean": 2.2083, "bus_tau_std": 2.6501, "bus_v_mean": 24.5406, "bus_v_std": 11.7534, "car_acc": 0.3506, "car_dcc": 2.8249, "car_lcAssertive": 33.6176, "car_lcCooperative": 0.5274, "car_lcLookaheadLeft": 88.9621, "car_lcPushy": 0.497, "car_lcSigma": 0.9089, "car_lcSpeedGainRight": 3.3966, "car_lcSublane": 0.1556, "car_sigma": 0.9298, "car_tau_mean": 3.1979, "car_tau_std": 10.0, "car_v_mean": 11.3819, "car_v_std": 3.0225}, "datetime": {"datetime": "2024-08-12 00:48:21", "elapsed": 341.948737, "delta": 1.730665}}
{"target": -0.3052610391712775, "params": {"bus_acc": 2.7828, "bus_dcc": 3.8898, "bus_lcAssertive": 51.6433, "bus_lcCooperative": 1.0, "bus_lcLookaheadLeft": 49.8063, "bus_lcPushy": 0.8553, "bus_lcSigma": 0.567, "bus_lcSpeedGainRight": 2.3844, "bus_lcSublane": 0.1386, "bus_sigma": 0.5339, "bus_tau_mean": 3.4829, "bus_tau_std": 0.0, "bus_v_mean": 17.9818, "bus_v_std": 12.0367, "car_acc": 0.2, "car_dcc": 3.0306, "car_lcAssertive": 15.8652, "car_lcCooperative": 0.4483, "car_lcLookaheadLeft": 87.9699, "car_lcPushy": 0.2639, "car_lcSigma": 0.7764, "car_lcSpeedGainRight": 4.0366, "car_lcSublane": 0.0, "car_sigma": 1.0, "car_tau_mean": 2.3253, "car_tau_std": 10.0, "car_v_mean": 8.0, "car_v_std": 4.5266}, "datetime": {"datetime": "2024-08-12 00:48:23", "elapsed": 343.796202, "delta": 1.847465}}
{"target": -0.32240086019943454, "params": {"bus_acc": 1.4772, "bus_dcc": 3.4184, "bus_lcAssertive": 43.1605, "bus_lcCooperative": 0.8798, "bus_lcLookaheadLeft": 67.7784, "bus_lcPushy": 0.5655, "bus_lcSigma": 0.2727, "bus_lcSpeedGainRight": 4.588, "bus_lcSublane": 0.4042, "bus_sigma": 0.6536, "bus_tau_mean": 2.2494, "bus_tau_std": 3.6203, "bus_v_mean": 24.3864, "bus_v_std": 12.1381, "car_acc": 0.8169, "car_dcc": 2.1248, "car_lcAssertive": 35.0523, "car_lcCooperative": 0.5243, "car_lcLookaheadLeft": 88.6303, "car_lcPushy": 0.4994, "car_lcSigma": 0.8107, "car_lcSpeedGainRight": 3.4475, "car_lcSublane": 0.1464, "car_sigma": 0.8412, "car_tau_mean": 3.007, "car_tau_std": 8.837, "car_v_mean": 10.4502, "car_v_std": 4.295}, "datetime": {"datetime": "2024-08-12 00:48:25", "elapsed": 345.840148, "delta": 2.043946}}
{"target": -0.306469957309851, "params": {"bus_acc": 1.5038, "bus_dcc": 3.8824, "bus_lcAssertive": 43.6591, "bus_lcCooperative": 0.9647, "bus_lcLookaheadLeft": 67.156, "bus_lcPushy": 0.6215, "bus_lcSigma": 0.2534, "bus_lcSpeedGainRight": 5.0, "bus_lcSublane": 0.5886, "bus_sigma": 0.5782, "bus_tau_mean": 2.2065, "bus_tau_std": 2.6483, "bus_v_mean": 24.5389, "bus_v_std": 11.7516, "car_acc": 0.3496, "car_dcc": 2.8232, "car_lcAssertive": 33.6159, "car_lcCooperative": 0.5269, "car_lcLookaheadLeft": 88.961, "car_lcPushy": 0.496, "car_lcSigma": 0.9084, "car_lcSpeedGainRight": 3.3948, "car_lcSublane": 0.1545, "car_sigma": 0.9293, "car_tau_mean": 3.1962, "car_tau_std": 10.0, "car_v_mean": 11.3802, "car_v_std": 3.0208}, "datetime": {"datetime": "2024-08-12 00:48:26", "elapsed": 346.832558, "delta": 0.99241}}
{"target": -0.2881588063267692, "params": {"bus_acc": 1.5014, "bus_dcc": 3.8801, "bus_lcAssertive": 43.6567, "bus_lcCooperative": 0.9648, "bus_lcLookaheadLeft": 67.1549, "bus_lcPushy": 0.6217, "bus_lcSigma": 0.2524, "bus_lcSpeedGainRight": 5.0, "bus_lcSublane": 0.5876, "bus_sigma": 0.5784, "bus_tau_mean": 2.2042, "bus_tau_std": 2.646, "bus_v_mean": 24.5365, "bus_v_std": 11.7493, "car_acc": 0.3486, "car_dcc": 2.8208, "car_lcAssertive": 33.6135, "car_lcCooperative": 0.5271, "car_lcLookaheadLeft": 88.96, "car_lcPushy": 0.495, "car_lcSigma": 0.9085, "car_lcSpeedGainRight": 3.3925, "car_lcSublane": 0.1535, "car_sigma": 0.9294, "car_tau_mean": 3.1938, "car_tau_std": 10.0, "car_v_mean": 11.3778, "car_v_std": 3.0184}, "datetime": {"datetime": "2024-08-12 00:48:28", "elapsed": 348.508515, "delta": 1.675957}}
{"target": -0.36655680939806073, "params": {"bus_acc": 1.5064, "bus_dcc": 3.8851, "bus_lcAssertive": 43.6617, "bus_lcCooperative": 0.965, "bus_lcLookaheadLeft": 67.1578, "bus_lcPushy": 0.6219, "bus_lcSigma": 0.2553, "bus_lcSpeedGainRight": 5.0, "bus_lcSublane": 0.5904, "bus_sigma": 0.5786, "bus_tau_mean": 2.2092, "bus_tau_std": 2.651, "bus_v_mean": 24.5415, "bus_v_std": 11.7543, "car_acc": 0.3514, "car_dcc": 2.8258, "car_lcAssertive": 33.6185, "car_lcCooperative": 0.5272, "car_lcLookaheadLeft": 88.9628, "car_lcPushy": 0.4978, "car_lcSigma": 0.9087, "car_lcSpeedGainRight": 3.3975, "car_lcSublane": 0.1563, "car_sigma": 0.9296, "car_tau_mean": 3.1988, "car_tau_std": 10.0, "car_v_mean": 11.3828, "car_v_std": 3.0234}, "datetime": {"datetime": "2024-08-12 00:48:30", "elapsed": 350.83209, "delta": 2.323575}}
{"target": -0.3092496430615633, "params": {"bus_acc": 1.5023, "bus_dcc": 3.8809, "bus_lcAssertive": 43.6576, "bus_lcCooperative": 0.9647, "bus_lcLookaheadLeft": 67.1557, "bus_lcPushy": 0.6215, "bus_lcSigma": 0.2532, "bus_lcSpeedGainRight": 5.0, "bus_lcSublane": 0.5883, "bus_sigma": 0.5782, "bus_tau_mean": 2.205, "bus_tau_std": 2.6468, "bus_v_mean": 24.5374, "bus_v_std": 11.7501, "car_acc": 0.3493, "car_dcc": 2.8217, "car_lcAssertive": 33.6144, "car_lcCooperative": 0.5269, "car_lcLookaheadLeft": 88.9608, "car_lcPushy": 0.4957, "car_lcSigma": 0.9084, "car_lcSpeedGainRight": 3.3933, "car_lcSublane": 0.1542, "car_sigma": 0.9293, "car_tau_mean": 3.1947, "car_tau_std": 10.0, "car_v_mean": 11.3787, "car_v_std": 3.0193}, "datetime": {"datetime": "2024-08-12 00:48:32", "elapsed": 352.295251, "delta": 1.463161}}
{"target": -0.31691968031131107, "params": {"bus_acc": 1.4974, "bus_dcc": 3.876, "bus_lcAssertive": 43.6527, "bus_lcCooperative": 0.9648, "bus_lcLookaheadLeft": 67.1527, "bus_lcPushy": 0.6217, "bus_lcSigma": 0.2502, "bus_lcSpeedGainRight": 5.0, "bus_lcSublane": 0.5854, "bus_sigma": 0.5784, "bus_tau_mean": 2.2001, "bus_tau_std": 2.6419, "bus_v_mean": 24.5325, "bus_v_std": 11.7452, "car_acc": 0.3464, "car_dcc": 2.8168, "car_lcAssertive": 33.6095, "car_lcCooperative": 0.5271, "car_lcLookaheadLeft": 88.9578, "car_lcPushy": 0.4927, "car_lcSigma": 0.9085, "car_lcSpeedGainRight": 3.3884, "car_lcSublane": 0.1513, "car_sigma": 0.9294, "car_tau_mean": 3.1898, "car_tau_std": 10.0, "car_v_mean": 11.3738, "car_v_std": 3.0144}, "datetime": {"datetime": "2024-08-12 00:48:33", "elapsed": 353.958068, "delta": 1.662817}}
{"target": -0.28319731610508075, "params": {"bus_acc": 1.5168, "bus_dcc": 3.8955, "bus_lcAssertive": 43.6721, "bus_lcCooperative": 0.965, "bus_lcLookaheadLeft": 67.1627, "bus_lcPushy": 0.6219, "bus_lcSigma": 0.2602, "bus_lcSpeedGainRight": 5.0, "bus_lcSublane": 0.5954, "bus_sigma": 0.5786, "bus_tau_mean": 2.2196, "bus_tau_std": 2.6614, "bus_v_mean": 24.5519, "bus_v_std": 11.7647, "car_acc": 0.3564, "car_dcc": 2.8362, "car_lcAssertive": 33.6289, "car_lcCooperative": 0.5272, "car_lcLookaheadLeft": 88.9678, "car_lcPushy": 0.5027, "car_lcSigma": 0.9087, "car_lcSpeedGainRight": 3.4079, "car_lcSublane": 0.1613, "car_sigma": 0.9296, "car_tau_mean": 3.2092, "car_tau_std": 10.0, "car_v_mean": 11.3932, "car_v_std": 3.0338}, "datetime": {"datetime": "2024-08-12 00:48:36", "elapsed": 357.151377, "delta": 3.193309}}
{"target": -0.2674745962790053, "params": {"bus_acc": 1.5032, "bus_dcc": 3.8818, "bus_lcAssertive": 43.6585, "bus_lcCooperative": 0.9647, "bus_lcLookaheadLeft": 67.1559, "bus_lcPushy": 0.6215, "bus_lcSigma": 0.2534, "bus_lcSpeedGainRight": 5.0, "bus_lcSublane": 0.5886, "bus_sigma": 0.5782, "bus_tau_mean": 2.206, "bus_tau_std": 2.6477, "bus_v_mean": 24.5383, "bus_v_std": 11.7511, "car_acc": 0.3496, "car_dcc": 2.8226, "car_lcAssertive": 33.6153, "car_lcCooperative": 0.5269, "car_lcLookaheadLeft": 88.961, "car_lcPushy": 0.4959, "car_lcSigma": 0.9084, "car_lcSpeedGainRight": 3.3943, "car_lcSublane": 0.1545, "car_sigma": 0.9293, "car_tau_mean": 3.1956, "car_tau_std": 10.0, "car_v_mean": 11.3796, "car_v_std": 3.0202}, "datetime": {"datetime": "2024-08-12 00:48:38", "elapsed": 358.841305, "delta": 1.689928}}
{"target": -0.3006196800770929, "params": {"bus_acc": 1.5017, "bus_dcc": 3.8803, "bus_lcAssertive": 43.657, "bus_lcCooperative": 0.9655, "bus_lcLookaheadLeft": 67.1553, "bus_lcPushy": 0.6224, "bus_lcSigma": 0.2528, "bus_lcSpeedGainRight": 5.0, "bus_lcSublane": 0.588, "bus_sigma": 0.579, "bus_tau_mean": 2.2044, "bus_tau_std": 2.6462, "bus_v_mean": 24.5368, "bus_v_std": 11.7495, "car_acc": 0.349, "car_dcc": 2.8211, "car_lcAssertive": 33.6138, "car_lcCooperative": 0.5277, "car_lcLookaheadLeft": 88.9604, "car_lcPushy": 0.4953, "car_lcSigma": 0.9092, "car_lcSpeedGainRight": 3.3928, "car_lcSublane": 0.1539, "car_sigma": 0.9301, "car_tau_mean": 3.1941, "car_tau_std": 10.0, "car_v_mean": 11.3781, "car_v_std": 3.0187}, "datetime": {"datetime": "2024-08-12 00:48:39", "elapsed": 360.164578, "delta": 1.323273}}
{"target": -0.26186505825723594, "params": {"bus_acc": 1.5023, "bus_dcc": 3.881, "bus_lcAssertive": 43.6576, "bus_lcCooperative": 0.965, "bus_lcLookaheadLeft": 67.1557, "bus_lcPushy": 0.6219, "bus_lcSigma": 0.2532, "bus_lcSpeedGainRight": 5.0, "bus_lcSublane": 0.5884, "bus_sigma": 0.5785, "bus_tau_mean": 2.2051, "bus_tau_std": 2.6469, "bus_v_mean": 24.5374, "bus_v_std": 11.7502, "car_acc": 0.3494, "car_dcc": 2.8217, "car_lcAssertive": 33.6144, "car_lcCooperative": 0.5272, "car_lcLookaheadLeft": 88.9608, "car_lcPushy": 0.4957, "car_lcSigma": 0.9087, "car_lcSpeedGainRight": 3.3934, "car_lcSublane": 0.1543, "car_sigma": 0.9296, "car_tau_mean": 3.1947, "car_tau_std": 10.0, "car_v_mean": 11.3787, "car_v_std": 3.0193}, "datetime": {"datetime": "2024-08-12 00:48:41", "elapsed": 362.036257, "delta": 1.871679}}
{"target": -0.3623517976417367, "params": {"bus_acc": 1.2335, "bus_dcc": 3.6111, "bus_lcAssertive": 43.3888, "bus_lcCooperative": 0.9709, "bus_lcLookaheadLeft": 67.025, "bus_lcPushy": 0.6284, "bus_lcSigma": 0.1224, "bus_lcSpeedGainRight": 4.7539, "bus_lcSublane": 0.4569, "bus_sigma": 0.5852, "bus_tau_mean": 1.9362, "bus_tau_std": 2.378, "bus_v_mean": 24.2686, "bus_v_std": 11.4813, "car_acc": 0.2187, "car_dcc": 2.5529, "car_lcAssertive": 33.3456, "car_lcCooperative": 0.5339, "car_lcLookaheadLeft": 88.8301, "car_lcPushy": 0.3645, "car_lcSigma": 0.9147, "car_lcSpeedGainRight": 3.1245, "car_lcSublane": 0.0236, "car_sigma": 0.9356, "car_tau_mean": 2.9259, "car_tau_std": 9.9793, "car_v_mean": 11.1099, "car_v_std": 2.7505}, "datetime": {"datetime": "2024-08-12 00:48:43", "elapsed": 363.750632, "delta": 1.714375}}
{"target": -0.20541463246969585, "params": {"bus_acc": 2.218, "bus_dcc": 4.0, "bus_lcAssertive": 55.2435, "bus_lcCooperative": 1.0, "bus_lcLookaheadLeft": 68.4641, "bus_lcPushy": 0.8408, "bus_lcSigma": 0.4128, "bus_lcSpeedGainRight": 2.9762, "bus_lcSublane": 0.3599, "bus_sigma": 0.4139, "bus_tau_mean": 2.7068, "bus_tau_std": 0.8911, "bus_v_mean": 19.1197, "bus_v_std": 10.3544, "car_acc": 0.2, "car_dcc": 2.2581, "car_lcAssertive": 23.0107, "car_lcCooperative": 0.6198, "car_lcLookaheadLeft": 83.1162, "car_lcPushy": 0.3625, "car_lcSigma": 0.7891, "car_lcSpeedGainRight": 4.005, "car_lcSublane": 0.0, "car_sigma": 0.9233, "car_tau_mean": 2.5944, "car_tau_std": 10.0, "car_v_mean": 8.0, "car_v_std": 5.3613}, "datetime": {"datetime": "2024-08-12 00:48:45", "elapsed": 366.010847, "delta": 2.260215}}
{"target": -0.271218447623177, "params": {"bus_acc": 1.5017, "bus_dcc": 3.8804, "bus_lcAssertive": 43.657, "bus_lcCooperative": 0.9647, "bus_lcLookaheadLeft": 67.1553, "bus_lcPushy": 0.6215, "bus_lcSigma": 0.2528, "bus_lcSpeedGainRight": 5.0, "bus_lcSublane": 0.5879, "bus_sigma": 0.5782, "bus_tau_mean": 2.2045, "bus_tau_std": 2.6463, "bus_v_mean": 24.5369, "bus_v_std": 11.7496, "car_acc": 0.3489, "car_dcc": 2.8212, "car_lcAssertive": 33.6139, "car_lcCooperative": 0.5269, "car_lcLookaheadLeft": 88.9603, "car_lcPushy": 0.4953, "car_lcSigma": 0.9084, "car_lcSpeedGainRight": 3.3928, "car_lcSublane": 0.1538, "car_sigma": 0.9293, "car_tau_mean": 3.1942, "car_tau_std": 10.0, "car_v_mean": 11.3782, "car_v_std": 3.0187}, "datetime": {"datetime": "2024-08-12 00:48:46", "elapsed": 367.176726, "delta": 1.165879}}
{"target": -0.19789649077314744, "params": {"bus_acc": 1.5014, "bus_dcc": 3.88, "bus_lcAssertive": 43.6567, "bus_lcCooperative": 0.965, "bus_lcLookaheadLeft": 67.1549, "bus_lcPushy": 0.6219, "bus_lcSigma": 0.2524, "bus_lcSpeedGainRight": 5.0, "bus_lcSublane": 0.5876, "bus_sigma": 0.5785, "bus_tau_mean": 2.2041, "bus_tau_std": 2.6459, "bus_v_mean": 24.5365, "bus_v_std": 11.7492, "car_acc": 0.3486, "car_dcc": 2.8208, "car_lcAssertive": 33.6135, "car_lcCooperative": 0.5272, "car_lcLookaheadLeft": 88.96, "car_lcPushy": 0.4949, "car_lcSigma": 0.9087, "car_lcSpeedGainRight": 3.3924, "car_lcSublane": 0.1535, "car_sigma": 0.9296, "car_tau_mean": 3.1938, "car_tau_std": 10.0, "car_v_mean": 11.3778, "car_v_std": 3.0184}, "datetime": {"datetime": "2024-08-12 00:48:49", "elapsed": 369.794436, "delta": 2.61771}}
{"target": -0.3233700082929937, "params": {"bus_acc": 1.5033, "bus_dcc": 3.882, "bus_lcAssertive": 43.6586, "bus_lcCooperative": 0.9647, "bus_lcLookaheadLeft": 67.1557, "bus_lcPushy": 0.6215, "bus_lcSigma": 0.2532, "bus_lcSpeedGainRight": 5.0, "bus_lcSublane": 0.5884, "bus_sigma": 0.5782, "bus_tau_mean": 2.2061, "bus_tau_std": 2.6479, "bus_v_mean": 24.5384, "bus_v_std": 11.7512, "car_acc": 0.3494, "car_dcc": 2.8228, "car_lcAssertive": 33.6155, "car_lcCooperative": 0.5269, "car_lcLookaheadLeft": 88.9608, "car_lcPushy": 0.4958, "car_lcSigma": 0.9084, "car_lcSpeedGainRight": 3.3944, "car_lcSublane": 0.1543, "car_sigma": 0.9293, "car_tau_mean": 3.1958, "car_tau_std": 10.0, "car_v_mean": 11.3797, "car_v_std": 3.0203}, "datetime": {"datetime": "2024-08-12 00:48:51", "elapsed": 372.138979, "delta": 2.344543}}
{"target": -0.2573023665429145, "params": {"bus_acc": 1.5054, "bus_dcc": 3.884, "bus_lcAssertive": 43.6607, "bus_lcCooperative": 0.9647, "bus_lcLookaheadLeft": 67.1567, "bus_lcPushy": 0.6215, "bus_lcSigma": 0.2542, "bus_lcSpeedGainRight": 5.0, "bus_lcSublane": 0.5893, "bus_sigma": 0.5782, "bus_tau_mean": 2.2081, "bus_tau_std": 2.6499, "bus_v_mean": 24.5405, "bus_v_std": 11.7532, "car_acc": 0.3503, "car_dcc": 2.8248, "car_lcAssertive": 33.6175, "car_lcCooperative": 0.5269, "car_lcLookaheadLeft": 88.9618, "car_lcPushy": 0.4967, "car_lcSigma": 0.9084, "car_lcSpeedGainRight": 3.3965, "car_lcSublane": 0.1552, "car_sigma": 0.9293, "car_tau_mean": 3.1978, "car_tau_std": 10.0, "car_v_mean": 11.3818, "car_v_std": 3.0224}, "datetime": {"datetime": "2024-08-12 00:48:53", "elapsed": 373.417632, "delta": 1.278653}}
{"target": -0.23651947811688276, "params": {"bus_acc": 1.4989, "bus_dcc": 3.8776, "bus_lcAssertive": 43.6542, "bus_lcCooperative": 0.9652, "bus_lcLookaheadLeft": 67.1542, "bus_lcPushy": 0.622, "bus_lcSigma": 0.2517, "bus_lcSpeedGainRight": 5.0, "bus_lcSublane": 0.5868, "bus_sigma": 0.5787, "bus_tau_mean": 2.2017, "bus_tau_std": 2.6435, "bus_v_mean": 24.534, "bus_v_std": 11.7468, "car_acc": 0.3478, "car_dcc": 2.8183, "car_lcAssertive": 33.611, "car_lcCooperative": 0.5274, "car_lcLookaheadLeft": 88.9592, "car_lcPushy": 0.4942, "car_lcSigma": 0.9089, "car_lcSpeedGainRight": 3.39, "car_lcSublane": 0.1527, "car_sigma": 0.9298, "car_tau_mean": 3.1913, "car_tau_std": 10.0, "car_v_mean": 11.3753, "car_v_std": 3.0159}, "datetime": {"datetime": "2024-08-12 00:48:54", "elapsed": 374.404524, "delta": 0.986892}}
{"target": -0.34674617083533005, "params": {"bus_acc": 0.8989, "bus_dcc": 2.3037, "bus_lcAssertive": 63.607, "bus_lcCooperative": 0.1908, "bus_lcLookaheadLeft": 88.48, "bus_lcPushy": 0.8537, "bus_lcSigma": 0.7358, "bus_lcSpeedGainRight": 3.6872, "bus_lcSublane": 0.7607, "bus_sigma": 0.8889, "bus_tau_mean": 1.2301, "bus_tau_std": 7.7028, "bus_v_mean": 11.7679, "bus_v_std": 18.37, "car_acc": 0.649, "car_dcc": 2.744, "car_lcAssertive": 83.3385, "car_lcCooperative": 0.3301, "car_lcLookaheadLeft": 92.2818, "car_lcPushy": 0.85, "car_lcSigma": 0.5786, "car_lcSpeedGainRight": 4.0294, "car_lcSublane": 0.4647, "car_sigma": 0.1162, "car_tau_mean": 2.0627, "car_tau_std": 6.9238, "car_v_mean": 17.1391, "car_v_std": 12.9887}, "datetime": {"datetime": "2024-08-12 00:48:55", "elapsed": 375.37288, "delta": 0.968356}}
{"target": -0.7887207652750504, "params": {"bus_acc": 1.5905, "bus_dcc": 0.9845, "bus_lcAssertive": 44.1306, "bus_lcCooperative": 0.0221, "bus_lcLookaheadLeft": 48.4009, "bus_lcPushy": 0.4439, "bus_lcSigma": 0.0165, "bus_lcSpeedGainRight": 3.5592, "bus_lcSublane": 0.0567, "bus_sigma": 0.1213, "bus_tau_mean": 0.7047, "bus_tau_std": 1.193, "bus_v_mean": 25.7223, "bus_v_std": 0.2581, "car_acc": 2.2231, "car_dcc": 3.4956, "car_lcAssertive": 10.5455, "car_lcCooperative": 0.8574, "car_lcLookaheadLeft": 87.6785, "car_lcPushy": 0.2699, "car_lcSigma": 0.0723, "car_lcSpeedGainRight": 4.8524, "car_lcSublane": 0.0321, "car_sigma": 0.8362, "car_tau_mean": 2.5333, "car_tau_std": 9.2938, "car_v_mean": 20.1994, "car_v_std": 9.8663}, "datetime": {"datetime": "2024-08-12 00:48:56", "elapsed": 376.991737, "delta": 1.618857}}
{"target": -0.38325391681610466, "params": {"bus_acc": 1.5139, "bus_dcc": 3.8925, "bus_lcAssertive": 43.6692, "bus_lcCooperative": 0.965, "bus_lcLookaheadLeft": 67.1613, "bus_lcPushy": 0.6219, "bus_lcSigma": 0.2588, "bus_lcSpeedGainRight": 5.0, "bus_lcSublane": 0.594, "bus_sigma": 0.5785, "bus_tau_mean": 2.2166, "bus_tau_std": 2.6584, "bus_v_mean": 24.549, "bus_v_std": 11.7617, "car_acc": 0.355, "car_dcc": 2.8333, "car_lcAssertive": 33.626, "car_lcCooperative": 0.5272, "car_lcLookaheadLeft": 88.9664, "car_lcPushy": 0.5013, "car_lcSigma": 0.9087, "car_lcSpeedGainRight": 3.4049, "car_lcSublane": 0.1599, "car_sigma": 0.9296, "car_tau_mean": 3.2063, "car_tau_std": 10.0, "car_v_mean": 11.3903, "car_v_std": 3.0309}, "datetime": {"datetime": "2024-08-12 00:48:57", "elapsed": 377.760487, "delta": 0.76875}}
{"target": -0.29294951058875257, "params": {"bus_acc": 1.5099, "bus_dcc": 3.8886, "bus_lcAssertive": 43.6652, "bus_lcCooperative": 0.9648, "bus_lcLookaheadLeft": 67.1589, "bus_lcPushy": 0.6217, "bus_lcSigma": 0.2564, "bus_lcSpeedGainRight": 5.0, "bus_lcSublane": 0.5915, "bus_sigma": 0.5784, "bus_tau_mean": 2.2127, "bus_tau_std": 2.6545, "bus_v_mean": 24.545, "bus_v_std": 11.7578, "car_acc": 0.3525, "car_dcc": 2.8293, "car_lcAssertive": 33.622, "car_lcCooperative": 0.5271, "car_lcLookaheadLeft": 88.9639, "car_lcPushy": 0.4989, "car_lcSigma": 0.9085, "car_lcSpeedGainRight": 3.401, "car_lcSublane": 0.1574, "car_sigma": 0.9294, "car_tau_mean": 3.2023, "car_tau_std": 10.0, "car_v_mean": 11.3863, "car_v_std": 3.0269}, "datetime": {"datetime": "2024-08-12 00:48:58", "elapsed": 378.695206, "delta": 0.934719}}
