{"target": -0.5627302969581663, "params": {"bus_acc": 1.8623, "bus_dcc": 3.6092, "bus_lcAssertive": 24.5019, "bus_lcCooperative": 0.1008, "bus_lcLookaheadLeft": 40.6821, "bus_lcPushy": 0.2662, "bus_lcSigma": 0.7497, "bus_lcSpeedGainRight": 4.358, "bus_lcSublane": 0.0142, "bus_sigma": 0.8645, "bus_tau_mean": 1.4246, "bus_tau_std": 9.4887, "bus_v_mean": 25.8939, "bus_v_std": 13.9504, "car_acc": 2.7554, "car_dcc": 1.9145, "car_lcAssertive": 40.6123, "car_lcCooperative": 0.6325, "car_lcLookaheadLeft": 87.0556, "car_lcPushy": 0.672, "car_lcSigma": 0.2134, "car_lcSpeedGainRight": 4.0575, "car_lcSublane": 0.7567, "car_sigma": 0.3389, "car_tau_mean": 3.2846, "car_tau_std": 2.0798, "car_v_mean": 18.6976, "car_v_std": 12.228}, "datetime": {"datetime": "2024-08-12 02:20:56", "elapsed": 5896.330317, "delta": 5.70731}}
{"target": -0.6483513921957059, "params": {"bus_acc": 3.3443, "bus_dcc": 1.8243, "bus_lcAssertive": 22.1457, "bus_lcCooperative": 0.2805, "bus_lcLookaheadLeft": 90.3733, "bus_lcPushy": 0.4921, "bus_lcSigma": 0.2241, "bus_lcSpeedGainRight": 4.179, "bus_lcSublane": 0.0761, "bus_sigma": 0.1368, "bus_tau_mean": 2.2823, "bus_tau_std": 4.1174, "bus_v_mean": 22.0934, "bus_v_std": 17.2146, "car_acc": 2.4022, "car_dcc": 1.2831, "car_lcAssertive": 31.1338, "car_lcCooperative": 0.7225, "car_lcLookaheadLeft": 74.3267, "car_lcPushy": 0.6449, "car_lcSigma": 0.3268, "car_lcSpeedGainRight": 4.2429, "car_lcSublane": 0.6394, "car_sigma": 0.2615, "car_tau_mean": 2.8917, "car_tau_std": 1.2453, "car_v_mean": 23.1159, "car_v_std": 12.012}, "datetime": {"datetime": "2024-08-12 02:21:02", "elapsed": 5902.706361, "delta": 6.376044}}
{"target": -0.6818947601460471, "params": {"bus_acc": 2.577, "bus_dcc": 2.5394, "bus_lcAssertive": 85.4002, "bus_lcCooperative": 0.2211, "bus_lcLookaheadLeft": 52.557, "bus_lcPushy": 0.4284, "bus_lcSigma": 0.0636, "bus_lcSpeedGainRight": 1.8417, "bus_lcSublane": 0.1639, "bus_sigma": 0.2329, "bus_tau_mean": 1.0564, "bus_tau_std": 6.3947, "bus_v_mean": 9.678, "bus_v_std": 2.8743, "car_acc": 1.092, "car_dcc": 0.2021, "car_lcAssertive": 48.2795, "car_lcCooperative": 0.5194, "car_lcLookaheadLeft": 28.8161, "car_lcPushy": 0.6941, "car_lcSigma": 0.5169, "car_lcSpeedGainRight": 4.607, "car_lcSublane": 0.9022, "car_sigma": 0.3086, "car_tau_mean": 3.6683, "car_tau_std": 8.525, "car_v_mean": 13.3296, "car_v_std": 17.824}, "datetime": {"datetime": "2024-08-12 02:21:08", "elapsed": 5908.39646, "delta": 5.690099}}
{"target": -0.6691588624723043, "params": {"bus_acc": 2.0723, "bus_dcc": 1.5243, "bus_lcAssertive": 12.5001, "bus_lcCooperative": 0.6462, "bus_lcLookaheadLeft": 18.1353, "bus_lcPushy": 0.3597, "bus_lcSigma": 0.3463, "bus_lcSpeedGainRight": 0.6248, "bus_lcSublane": 0.7967, "bus_sigma": 0.4399, "bus_tau_mean": 1.6882, "bus_tau_std": 0.1568, "bus_v_mean": 9.7994, "bus_v_std": 5.5423, "car_acc": 2.2951, "car_dcc": 2.5783, "car_lcAssertive": 9.8829, "car_lcCooperative": 0.49, "car_lcLookaheadLeft": 31.1054, "car_lcPushy": 0.3249, "car_lcSigma": 0.0166, "car_lcSpeedGainRight": 4.4184, "car_lcSublane": 0.9058, "car_sigma": 0.8267, "car_tau_mean": 2.3095, "car_tau_std": 1.6589, "car_v_mean": 20.2699, "car_v_std": 15.9674}, "datetime": {"datetime": "2024-08-12 02:21:19", "elapsed": 5919.674681, "delta": 11.278221}}
{"target": -0.5115185217825307, "params": {"bus_acc": 1.743, "bus_dcc": 1.5253, "bus_lcAssertive": 65.6521, "bus_lcCooperative": 0.1555, "bus_lcLookaheadLeft": 48.5816, "bus_lcPushy": 0.4509, "bus_lcSigma": 0.9016, "bus_lcSpeedGainRight": 3.3797, "bus_lcSublane": 0.686, "bus_sigma": 0.7985, "bus_tau_mean": 1.5573, "bus_tau_std": 9.4503, "bus_v_mean": 8.7628, "bus_v_std": 12.273, "car_acc": 1.8176, "car_dcc": 2.5366, "car_lcAssertive": 85.5845, "car_lcCooperative": 0.8149, "car_lcLookaheadLeft": 58.7033, "car_lcPushy": 0.0277, "car_lcSigma": 0.032, "car_lcSpeedGainRight": 4.2607, "car_lcSublane": 0.3075, "car_sigma": 0.0517, "car_tau_mean": 2.8167, "car_tau_std": 9.0053, "car_v_mean": 23.586, "car_v_std": 8.309}, "datetime": {"datetime": "2024-08-12 02:21:24", "elapsed": 5925.144807, "delta": 5.470126}}
{"target": -0.5945578834104526, "params": {"bus_acc": 1.9625, "bus_dcc": 0.9406, "bus_lcAssertive": 35.3359, "bus_lcCooperative": 0.0305, "bus_lcLookaheadLeft": 94.5977, "bus_lcPushy": 0.9788, "bus_lcSigma": 0.2908, "bus_lcSpeedGainRight": 0.0422, "bus_lcSublane": 0.5396, "bus_sigma": 0.8834, "bus_tau_mean": 1.1074, "bus_tau_std": 9.9385, "bus_v_mean": 12.4836, "bus_v_std": 9.9269, "car_acc": 1.0011, "car_dcc": 2.3926, "car_lcAssertive": 19.0462, "car_lcCooperative": 0.7331, "car_lcLookaheadLeft": 60.3489, "car_lcPushy": 0.833, "car_lcSigma": 0.2437, "car_lcSpeedGainRight": 3.7593, "car_lcSublane": 0.9524, "car_sigma": 0.004, "car_tau_mean": 2.6553, "car_tau_std": 1.5407, "car_v_mean": 18.8863, "car_v_std": 18.7237}, "datetime": {"datetime": "2024-08-12 02:21:30", "elapsed": 5930.733469, "delta": 5.588662}}
{"target": -0.7469638059359772, "params": {"bus_acc": 2.3648, "bus_dcc": 3.2717, "bus_lcAssertive": 90.8115, "bus_lcCooperative": 0.8243, "bus_lcLookaheadLeft": 49.6287, "bus_lcPushy": 0.8165, "bus_lcSigma": 0.4551, "bus_lcSpeedGainRight": 0.7475, "bus_lcSublane": 0.2705, "bus_sigma": 0.4456, "bus_tau_mean": 0.5672, "bus_tau_std": 6.6908, "bus_v_mean": 24.8029, "bus_v_std": 1.014, "car_acc": 3.6426, "car_dcc": 1.5702, "car_lcAssertive": 69.3542, "car_lcCooperative": 0.4658, "car_lcLookaheadLeft": 43.2461, "car_lcPushy": 0.7651, "car_lcSigma": 0.601, "car_lcSpeedGainRight": 4.035, "car_lcSublane": 0.4686, "car_sigma": 0.4185, "car_tau_mean": 2.6257, "car_tau_std": 5.1766, "car_v_mean": 15.8289, "car_v_std": 12.5885}, "datetime": {"datetime": "2024-08-12 02:21:35", "elapsed": 5935.265687, "delta": 4.532218}}
{"target": -0.4887886650820765, "params": {"bus_acc": 3.5186, "bus_dcc": 2.9543, "bus_lcAssertive": 82.8814, "bus_lcCooperative": 0.2051, "bus_lcLookaheadLeft": 77.8742, "bus_lcPushy": 0.0584, "bus_lcSigma": 0.9894, "bus_lcSpeedGainRight": 4.8984, "bus_lcSublane": 0.9548, "bus_sigma": 0.8279, "bus_tau_mean": 1.0145, "bus_tau_std": 3.6343, "bus_v_mean": 9.6182, "bus_v_std": 12.9333, "car_acc": 2.8609, "car_dcc": 3.5702, "car_lcAssertive": 36.3598, "car_lcCooperative": 0.0494, "car_lcLookaheadLeft": 6.6533, "car_lcPushy": 0.5517, "car_lcSigma": 0.7973, "car_lcSpeedGainRight": 4.6848, "car_lcSublane": 0.0537, "car_sigma": 0.1071, "car_tau_mean": 2.5359, "car_tau_std": 7.1272, "car_v_mean": 11.934, "car_v_std": 16.2442}, "datetime": {"datetime": "2024-08-12 02:21:41", "elapsed": 5941.639511, "delta": 6.373824}}
{"target": -0.49080815669901207, "params": {"bus_acc": 1.1544, "bus_dcc": 1.9498, "bus_lcAssertive": 62.8045, "bus_lcCooperative": 0.8024, "bus_lcLookaheadLeft": 33.1551, "bus_lcPushy": 0.2902, "bus_lcSigma": 0.41, "bus_lcSpeedGainRight": 2.4578, "bus_lcSublane": 0.4354, "bus_sigma": 0.3267, "bus_tau_mean": 3.4333, "bus_tau_std": 3.9711, "bus_v_mean": 24.6224, "bus_v_std": 13.4734, "car_acc": 1.517, "car_dcc": 0.8505, "car_lcAssertive": 97.6487, "car_lcCooperative": 0.4026, "car_lcLookaheadLeft": 28.1, "car_lcPushy": 0.3589, "car_lcSigma": 0.8489, "car_lcSpeedGainRight": 3.8235, "car_lcSublane": 0.2963, "car_sigma": 0.0671, "car_tau_mean": 1.1393, "car_tau_std": 8.5162, "car_v_mean": 10.4574, "car_v_std": 14.6948}, "datetime": {"datetime": "2024-08-12 02:21:48", "elapsed": 5948.682862, "delta": 7.043351}}
{"target": -0.6502052918972546, "params": {"bus_acc": 0.5393, "bus_dcc": 0.9824, "bus_lcAssertive": 5.7281, "bus_lcCooperative": 0.9705, "bus_lcLookaheadLeft": 67.3798, "bus_lcPushy": 0.1686, "bus_lcSigma": 0.9111, "bus_lcSpeedGainRight": 2.3192, "bus_lcSublane": 0.177, "bus_sigma": 0.6322, "bus_tau_mean": 2.5624, "bus_tau_std": 5.2988, "bus_v_mean": 19.1196, "bus_v_std": 6.3399, "car_acc": 3.0738, "car_dcc": 3.6624, "car_lcAssertive": 67.5197, "car_lcCooperative": 0.0307, "car_lcLookaheadLeft": 66.7377, "car_lcPushy": 0.9474, "car_lcSigma": 0.542, "car_lcSpeedGainRight": 3.7471, "car_lcSublane": 0.1631, "car_sigma": 0.0051, "car_tau_mean": 1.9922, "car_tau_std": 4.9321, "car_v_mean": 20.0854, "car_v_std": 12.6054}, "datetime": {"datetime": "2024-08-12 02:21:53", "elapsed": 5953.285362, "delta": 4.6025}}
{"target": -0.7469269321237232, "params": {"bus_acc": 3.323, "bus_dcc": 1.0841, "bus_lcAssertive": 31.1204, "bus_lcCooperative": 0.5237, "bus_lcLookaheadLeft": 85.0939, "bus_lcPushy": 0.8788, "bus_lcSigma": 0.7528, "bus_lcSpeedGainRight": 4.1312, "bus_lcSublane": 0.256, "bus_sigma": 0.5088, "bus_tau_mean": 1.617, "bus_tau_std": 4.5532, "bus_v_mean": 11.3377, "bus_v_std": 18.0757, "car_acc": 2.869, "car_dcc": 0.3404, "car_lcAssertive": 23.2702, "car_lcCooperative": 0.8027, "car_lcLookaheadLeft": 49.885, "car_lcPushy": 0.3661, "car_lcSigma": 0.0119, "car_lcSpeedGainRight": 3.2767, "car_lcSublane": 0.4654, "car_sigma": 0.7858, "car_tau_mean": 1.6031, "car_tau_std": 7.0676, "car_v_mean": 22.6176, "car_v_std": 18.9325}, "datetime": {"datetime": "2024-08-12 02:21:59", "elapsed": 5960.034214, "delta": 6.748852}}
{"target": -0.5632433800160275, "params": {"bus_acc": 0.2279, "bus_dcc": 1.2663, "bus_lcAssertive": 81.5907, "bus_lcCooperative": 0.6958, "bus_lcLookaheadLeft": 79.2897, "bus_lcPushy": 0.0606, "bus_lcSigma": 0.9622, "bus_lcSpeedGainRight": 3.2876, "bus_lcSublane": 0.0864, "bus_sigma": 0.072, "bus_tau_mean": 0.7766, "bus_tau_std": 0.7796, "bus_v_mean": 15.547, "bus_v_std": 2.8829, "car_acc": 2.3939, "car_dcc": 1.0502, "car_lcAssertive": 66.7134, "car_lcCooperative": 0.1497, "car_lcLookaheadLeft": 7.086, "car_lcPushy": 0.6441, "car_lcSigma": 0.2714, "car_lcSpeedGainRight": 2.1694, "car_lcSublane": 0.9239, "car_sigma": 0.845, "car_tau_mean": 2.1778, "car_tau_std": 5.4246, "car_v_mean": 21.8366, "car_v_std": 9.7979}, "datetime": {"datetime": "2024-08-12 02:22:04", "elapsed": 5964.794876, "delta": 4.760662}}
{"target": -0.522389800695921, "params": {"bus_acc": 3.8933, "bus_dcc": 3.5505, "bus_lcAssertive": 5.9726, "bus_lcCooperative": 0.7561, "bus_lcLookaheadLeft": 15.2693, "bus_lcPushy": 0.3421, "bus_lcSigma": 0.9107, "bus_lcSpeedGainRight": 0.9441, "bus_lcSublane": 0.3046, "bus_sigma": 0.9631, "bus_tau_mean": 3.4874, "bus_tau_std": 9.231, "bus_v_mean": 18.3901, "bus_v_std": 19.9577, "car_acc": 2.321, "car_dcc": 0.2376, "car_lcAssertive": 74.2187, "car_lcCooperative": 0.5876, "car_lcLookaheadLeft": 91.8556, "car_lcPushy": 0.4073, "car_lcSigma": 0.8173, "car_lcSpeedGainRight": 3.6692, "car_lcSublane": 0.4589, "car_sigma": 0.9373, "car_tau_mean": 1.6696, "car_tau_std": 8.217, "car_v_mean": 13.816, "car_v_std": 0.3474}, "datetime": {"datetime": "2024-08-12 02:22:09", "elapsed": 5970.089131, "delta": 5.294255}}
{"target": -0.6261249698231902, "params": {"bus_acc": 2.9819, "bus_dcc": 3.7802, "bus_lcAssertive": 19.4915, "bus_lcCooperative": 0.585, "bus_lcLookaheadLeft": 76.5922, "bus_lcPushy": 0.9729, "bus_lcSigma": 0.8997, "bus_lcSpeedGainRight": 4.5817, "bus_lcSublane": 0.9438, "bus_sigma": 0.7211, "bus_tau_mean": 3.8802, "bus_tau_std": 3.1427, "bus_v_mean": 17.104, "bus_v_std": 0.2382, "car_acc": 3.1314, "car_dcc": 0.4526, "car_lcAssertive": 80.5919, "car_lcCooperative": 0.5895, "car_lcLookaheadLeft": 36.6567, "car_lcPushy": 0.5009, "car_lcSigma": 0.6641, "car_lcSpeedGainRight": 2.1866, "car_lcSublane": 0.3718, "car_sigma": 0.2178, "car_tau_mean": 3.8257, "car_tau_std": 9.8217, "car_v_mean": 12.0168, "car_v_std": 18.6307}, "datetime": {"datetime": "2024-08-12 02:22:18", "elapsed": 5978.973639, "delta": 8.884508}}
{"target": -0.6178462266072186, "params": {"bus_acc": 3.8307, "bus_dcc": 3.9439, "bus_lcAssertive": 56.973, "bus_lcCooperative": 0.4836, "bus_lcLookaheadLeft": 57.1382, "bus_lcPushy": 0.3913, "bus_lcSigma": 0.1593, "bus_lcSpeedGainRight": 2.3056, "bus_lcSublane": 0.1715, "bus_sigma": 0.9419, "bus_tau_mean": 2.9869, "bus_tau_std": 4.488, "bus_v_mean": 16.037, "bus_v_std": 15.0534, "car_acc": 3.0092, "car_dcc": 3.2871, "car_lcAssertive": 47.583, "car_lcCooperative": 0.8246, "car_lcLookaheadLeft": 13.4352, "car_lcPushy": 0.7693, "car_lcSigma": 0.18, "car_lcSpeedGainRight": 2.6719, "car_lcSublane": 0.2084, "car_sigma": 0.9274, "car_tau_mean": 1.7567, "car_tau_std": 2.5361, "car_v_mean": 21.7118, "car_v_std": 15.9763}, "datetime": {"datetime": "2024-08-12 02:22:25", "elapsed": 5985.926776, "delta": 6.953137}}
{"target": -0.6784401549529897, "params": {"bus_acc": 1.5916, "bus_dcc": 2.6549, "bus_lcAssertive": 52.8176, "bus_lcCooperative": 0.4573, "bus_lcLookaheadLeft": 45.1476, "bus_lcPushy": 0.6967, "bus_lcSigma": 0.0308, "bus_lcSpeedGainRight": 2.6022, "bus_lcSublane": 0.623, "bus_sigma": 0.356, "bus_tau_mean": 1.6219, "bus_tau_std": 4.0392, "bus_v_mean": 16.7991, "bus_v_std": 16.5991, "car_acc": 0.8301, "car_dcc": 0.3049, "car_lcAssertive": 13.8154, "car_lcCooperative": 0.8532, "car_lcLookaheadLeft": 40.0291, "car_lcPushy": 0.0329, "car_lcSigma": 0.2193, "car_lcSpeedGainRight": 4.7852, "car_lcSublane": 0.0417, "car_sigma": 0.4912, "car_tau_mean": 2.1259, "car_tau_std": 8.9731, "car_v_mean": 25.5205, "car_v_std": 5.6881}, "datetime": {"datetime": "2024-08-12 02:22:30", "elapsed": 5990.613822, "delta": 4.687046}}
{"target": -0.6416506308540585, "params": {"bus_acc": 0.8401, "bus_dcc": 1.5093, "bus_lcAssertive": 42.4056, "bus_lcCooperative": 0.6414, "bus_lcLookaheadLeft": 80.3757, "bus_lcPushy": 0.5776, "bus_lcSigma": 0.5353, "bus_lcSpeedGainRight": 3.7984, "bus_lcSublane": 0.8121, "bus_sigma": 0.2278, "bus_tau_mean": 0.5403, "bus_tau_std": 3.0426, "bus_v_mean": 12.1094, "bus_v_std": 9.0931, "car_acc": 2.6867, "car_dcc": 2.276, "car_lcAssertive": 8.0838, "car_lcCooperative": 0.1493, "car_lcLookaheadLeft": 28.2697, "car_lcPushy": 0.2508, "car_lcSigma": 0.9268, "car_lcSpeedGainRight": 2.9743, "car_lcSublane": 0.4706, "car_sigma": 0.7494, "car_tau_mean": 0.7865, "car_tau_std": 5.2602, "car_v_mean": 23.3245, "car_v_std": 2.6903}, "datetime": {"datetime": "2024-08-12 02:22:36", "elapsed": 5997.009743, "delta": 6.395921}}
{"target": -0.8581570641527624, "params": {"bus_acc": 2.0057, "bus_dcc": 1.4017, "bus_lcAssertive": 3.4729, "bus_lcCooperative": 0.143, "bus_lcLookaheadLeft": 15.04, "bus_lcPushy": 0.1828, "bus_lcSigma": 0.7626, "bus_lcSpeedGainRight": 1.9769, "bus_lcSublane": 0.4532, "bus_sigma": 0.4035, "bus_tau_mean": 1.367, "bus_tau_std": 3.6832, "bus_v_mean": 21.7617, "bus_v_std": 8.3175, "car_acc": 1.1916, "car_dcc": 0.2591, "car_lcAssertive": 51.5624, "car_lcCooperative": 0.8368, "car_lcLookaheadLeft": 57.6135, "car_lcPushy": 0.5962, "car_lcSigma": 0.791, "car_lcSpeedGainRight": 0.9445, "car_lcSublane": 0.0241, "car_sigma": 0.0715, "car_tau_mean": 1.9449, "car_tau_std": 7.375, "car_v_mean": 8.8382, "car_v_std": 7.3751}, "datetime": {"datetime": "2024-08-12 02:22:40", "elapsed": 6000.885092, "delta": 3.875349}}
{"target": -0.6264478440080516, "params": {"bus_acc": 2.3697, "bus_dcc": 2.3676, "bus_lcAssertive": 45.446, "bus_lcCooperative": 0.5482, "bus_lcLookaheadLeft": 77.7588, "bus_lcPushy": 0.4565, "bus_lcSigma": 0.903, "bus_lcSpeedGainRight": 4.6466, "bus_lcSublane": 0.6301, "bus_sigma": 0.3245, "bus_tau_mean": 1.7785, "bus_tau_std": 3.4129, "bus_v_mean": 8.1489, "bus_v_std": 6.0264, "car_acc": 2.385, "car_dcc": 3.0962, "car_lcAssertive": 89.2953, "car_lcCooperative": 0.2019, "car_lcLookaheadLeft": 22.5256, "car_lcPushy": 0.9811, "car_lcSigma": 0.4073, "car_lcSpeedGainRight": 3.8243, "car_lcSublane": 0.2924, "car_sigma": 0.4705, "car_tau_mean": 0.6474, "car_tau_std": 5.9271, "car_v_mean": 21.553, "car_v_std": 17.448}, "datetime": {"datetime": "2024-08-12 02:22:45", "elapsed": 6005.356061, "delta": 4.470969}}
{"target": -0.37856067205693017, "params": {"bus_acc": 2.2605, "bus_dcc": 2.319, "bus_lcAssertive": 87.3601, "bus_lcCooperative": 0.7509, "bus_lcLookaheadLeft": 84.0142, "bus_lcPushy": 0.1808, "bus_lcSigma": 0.039, "bus_lcSpeedGainRight": 2.2494, "bus_lcSublane": 0.4092, "bus_sigma": 0.5531, "bus_tau_mean": 2.1262, "bus_tau_std": 9.7292, "bus_v_mean": 11.0267, "bus_v_std": 12.3838, "car_acc": 1.1239, "car_dcc": 2.386, "car_lcAssertive": 54.4449, "car_lcCooperative": 0.7229, "car_lcLookaheadLeft": 96.2074, "car_lcPushy": 0.37, "car_lcSigma": 0.6472, "car_lcSpeedGainRight": 3.1625, "car_lcSublane": 0.3225, "car_sigma": 0.0639, "car_tau_mean": 3.578, "car_tau_std": 7.965, "car_v_mean": 10.0037, "car_v_std": 15.8094}, "datetime": {"datetime": "2024-08-12 02:22:53", "elapsed": 6014.042594, "delta": 8.686533}}
{"target": -0.6300952930387826, "params": {"bus_acc": 0.4555, "bus_dcc": 2.4391, "bus_lcAssertive": 66.6123, "bus_lcCooperative": 0.4668, "bus_lcLookaheadLeft": 76.694, "bus_lcPushy": 0.3204, "bus_lcSigma": 0.2141, "bus_lcSpeedGainRight": 4.6283, "bus_lcSublane": 0.7378, "bus_sigma": 0.6889, "bus_tau_mean": 1.3404, "bus_tau_std": 8.1579, "bus_v_mean": 20.7434, "bus_v_std": 2.7319, "car_acc": 3.5322, "car_dcc": 3.8274, "car_lcAssertive": 96.5039, "car_lcCooperative": 0.6265, "car_lcLookaheadLeft": 66.8884, "car_lcPushy": 0.2095, "car_lcSigma": 0.7844, "car_lcSpeedGainRight": 2.9091, "car_lcSublane": 0.3837, "car_sigma": 0.9932, "car_tau_mean": 2.8306, "car_tau_std": 5.6016, "car_v_mean": 21.2276, "car_v_std": 18.8451}, "datetime": {"datetime": "2024-08-12 02:22:58", "elapsed": 6018.400948, "delta": 4.358354}}
{"target": -0.37845932549979405, "params": {"bus_acc": 2.1114, "bus_dcc": 3.0177, "bus_lcAssertive": 15.8626, "bus_lcCooperative": 0.6594, "bus_lcLookaheadLeft": 7.9582, "bus_lcPushy": 0.7679, "bus_lcSigma": 0.7449, "bus_lcSpeedGainRight": 3.2388, "bus_lcSublane": 0.5706, "bus_sigma": 0.7104, "bus_tau_mean": 1.3425, "bus_tau_std": 0.6464, "bus_v_mean": 12.755, "bus_v_std": 1.2527, "car_acc": 0.2101, "car_dcc": 1.1829, "car_lcAssertive": 56.3286, "car_lcCooperative": 0.0617, "car_lcLookaheadLeft": 29.442, "car_lcPushy": 0.6224, "car_lcSigma": 0.5709, "car_lcSpeedGainRight": 0.1746, "car_lcSublane": 0.0742, "car_sigma": 0.0035, "car_tau_mean": 3.1657, "car_tau_std": 4.9569, "car_v_mean": 12.1805, "car_v_std": 9.9138}, "datetime": {"datetime": "2024-08-12 02:23:02", "elapsed": 6023.062272, "delta": 4.661324}}
{"target": -1.0743353979510375, "params": {"bus_acc": 0.706, "bus_dcc": 1.4674, "bus_lcAssertive": 34.8374, "bus_lcCooperative": 0.8851, "bus_lcLookaheadLeft": 66.9594, "bus_lcPushy": 0.5795, "bus_lcSigma": 0.9369, "bus_lcSpeedGainRight": 3.6132, "bus_lcSublane": 0.8713, "bus_sigma": 0.4173, "bus_tau_mean": 2.39, "bus_tau_std": 0.2964, "bus_v_mean": 22.7521, "bus_v_std": 10.4277, "car_acc": 3.0421, "car_dcc": 1.4534, "car_lcAssertive": 1.0561, "car_lcCooperative": 0.9722, "car_lcLookaheadLeft": 21.9611, "car_lcPushy": 0.3503, "car_lcSigma": 0.9653, "car_lcSpeedGainRight": 1.2882, "car_lcSublane": 0.809, "car_sigma": 0.2892, "car_tau_mean": 3.6038, "car_tau_std": 1.0425, "car_v_mean": 22.4098, "car_v_std": 5.2264}, "datetime": {"datetime": "2024-08-12 02:23:10", "elapsed": 6030.807443, "delta": 7.745171}}
{"target": -0.4669373475076024, "params": {"bus_acc": 3.3072, "bus_dcc": 2.9701, "bus_lcAssertive": 3.1844, "bus_lcCooperative": 0.3211, "bus_lcLookaheadLeft": 73.0467, "bus_lcPushy": 0.2645, "bus_lcSigma": 0.3714, "bus_lcSpeedGainRight": 1.5045, "bus_lcSublane": 0.5082, "bus_sigma": 0.6312, "bus_tau_mean": 0.6197, "bus_tau_std": 3.389, "bus_v_mean": 22.1123, "bus_v_std": 4.8835, "car_acc": 0.9099, "car_dcc": 1.3247, "car_lcAssertive": 19.4227, "car_lcCooperative": 0.0203, "car_lcLookaheadLeft": 38.2848, "car_lcPushy": 0.0752, "car_lcSigma": 0.3895, "car_lcSpeedGainRight": 3.4096, "car_lcSublane": 0.1578, "car_sigma": 0.2835, "car_tau_mean": 2.7587, "car_tau_std": 4.0185, "car_v_mean": 18.2425, "car_v_std": 5.1516}, "datetime": {"datetime": "2024-08-12 02:23:15", "elapsed": 6035.426029, "delta": 4.618586}}
{"target": -0.7212738777035784, "params": {"bus_acc": 2.6887, "bus_dcc": 3.4956, "bus_lcAssertive": 3.2897, "bus_lcCooperative": 0.6432, "bus_lcLookaheadLeft": 43.5463, "bus_lcPushy": 0.9575, "bus_lcSigma": 0.586, "bus_lcSpeedGainRight": 4.1313, "bus_lcSublane": 0.6702, "bus_sigma": 0.2321, "bus_tau_mean": 3.4809, "bus_tau_std": 4.2853, "bus_v_mean": 11.918, "bus_v_std": 5.9317, "car_acc": 3.3935, "car_dcc": 1.3738, "car_lcAssertive": 70.3859, "car_lcCooperative": 0.2383, "car_lcLookaheadLeft": 52.8436, "car_lcPushy": 0.3723, "car_lcSigma": 0.4497, "car_lcSpeedGainRight": 4.6196, "car_lcSublane": 0.5989, "car_sigma": 0.8097, "car_tau_mean": 2.4314, "car_tau_std": 1.4753, "car_v_mean": 11.1062, "car_v_std": 14.9627}, "datetime": {"datetime": "2024-08-12 02:23:25", "elapsed": 6045.62258, "delta": 10.196551}}
{"target": -0.6575661668931084, "params": {"bus_acc": 0.3372, "bus_dcc": 2.5197, "bus_lcAssertive": 45.5416, "bus_lcCooperative": 0.0638, "bus_lcLookaheadLeft": 28.8512, "bus_lcPushy": 0.8597, "bus_lcSigma": 0.0292, "bus_lcSpeedGainRight": 0.9439, "bus_lcSublane": 0.5097, "bus_sigma": 0.6948, "bus_tau_mean": 2.6322, "bus_tau_std": 2.1858, "bus_v_mean": 19.2764, "bus_v_std": 11.999, "car_acc": 3.9224, "car_dcc": 3.514, "car_lcAssertive": 11.5594, "car_lcCooperative": 0.1919, "car_lcLookaheadLeft": 27.9308, "car_lcPushy": 0.4484, "car_lcSigma": 0.7622, "car_lcSpeedGainRight": 4.3102, "car_lcSublane": 0.9017, "car_sigma": 0.0713, "car_tau_mean": 3.0233, "car_tau_std": 3.116, "car_v_mean": 12.031, "car_v_std": 9.7515}, "datetime": {"datetime": "2024-08-12 02:23:28", "elapsed": 6049.161659, "delta": 3.539079}}
