{"target": -0.6351146178462405, "params": {"bus_acc": 0.8053, "bus_dcc": 1.0312, "bus_lcAssertive": 6.3386, "bus_lcCooperative": 0.2673, "bus_lcLookaheadLeft": 33.855, "bus_lcPushy": 0.9535, "bus_lcSigma": 0.137, "bus_lcSpeedGainRight": 0.979, "bus_lcSublane": 0.8772, "bus_sigma": 0.6892, "bus_tau_mean": 0.9988, "bus_tau_std": 6.1119, "bus_v_mean": 15.5264, "bus_v_std": 19.7598, "car_acc": 3.508, "car_dcc": 3.8272, "car_lcAssertive": 60.4557, "car_lcCooperative": 0.1745, "car_lcLookaheadLeft": 79.8047, "car_lcPushy": 0.0456, "car_lcSigma": 0.6884, "car_lcSpeedGainRight": 3.7985, "car_lcSublane": 0.9909, "car_sigma": 0.7456, "car_tau_mean": 3.0204, "car_tau_std": 9.6, "car_v_mean": 10.1646, "car_v_std": 14.6863}, "datetime": {"datetime": "2024-08-12 01:26:18", "elapsed": 2618.904406, "delta": 4.380406}}
{"target": -0.3747117105412272, "params": {"bus_acc": 1.9739, "bus_dcc": 2.2322, "bus_lcAssertive": 37.3261, "bus_lcCooperative": 0.013, "bus_lcLookaheadLeft": 78.3305, "bus_lcPushy": 0.1202, "bus_lcSigma": 0.5505, "bus_lcSpeedGainRight": 0.5231, "bus_lcSublane": 0.0847, "bus_sigma": 0.096, "bus_tau_mean": 3.1521, "bus_tau_std": 2.0837, "bus_v_mean": 17.8665, "bus_v_std": 6.1014, "car_acc": 0.894, "car_dcc": 3.6619, "car_lcAssertive": 56.0312, "car_lcCooperative": 0.0072, "car_lcLookaheadLeft": 4.5173, "car_lcPushy": 0.4029, "car_lcSigma": 0.2438, "car_lcSpeedGainRight": 1.5093, "car_lcSublane": 0.0734, "car_sigma": 0.7197, "car_tau_mean": 3.7778, "car_tau_std": 3.0171, "car_v_mean": 18.2607, "car_v_std": 12.9537}, "datetime": {"datetime": "2024-08-12 01:26:21", "elapsed": 2622.033803, "delta": 3.129397}}
{"target": -0.5437955310097954, "params": {"bus_acc": 3.1113, "bus_dcc": 2.7615, "bus_lcAssertive": 73.5874, "bus_lcCooperative": 0.6592, "bus_lcLookaheadLeft": 64.9677, "bus_lcPushy": 0.7119, "bus_lcSigma": 0.8616, "bus_lcSpeedGainRight": 4.172, "bus_lcSublane": 0.5735, "bus_sigma": 0.9991, "bus_tau_mean": 0.5023, "bus_tau_std": 6.8631, "bus_v_mean": 21.5914, "bus_v_std": 19.1236, "car_acc": 1.5661, "car_dcc": 2.3677, "car_lcAssertive": 24.3344, "car_lcCooperative": 0.4383, "car_lcLookaheadLeft": 11.4384, "car_lcPushy": 0.455, "car_lcSigma": 0.4551, "car_lcSpeedGainRight": 4.4537, "car_lcSublane": 0.7247, "car_sigma": 0.8909, "car_tau_mean": 2.463, "car_tau_std": 6.2953, "car_v_mean": 25.024, "car_v_std": 7.3622}, "datetime": {"datetime": "2024-08-12 01:26:24", "elapsed": 2625.044285, "delta": 3.010482}}
{"target": -0.6383883745437255, "params": {"bus_acc": 2.2445, "bus_dcc": 3.8805, "bus_lcAssertive": 19.5859, "bus_lcCooperative": 0.6977, "bus_lcLookaheadLeft": 55.1812, "bus_lcPushy": 0.1467, "bus_lcSigma": 0.2402, "bus_lcSpeedGainRight": 3.9704, "bus_lcSublane": 0.5514, "bus_sigma": 0.1024, "bus_tau_mean": 3.7022, "bus_tau_std": 4.6384, "bus_v_mean": 14.6742, "bus_v_std": 6.5412, "car_acc": 2.8949, "car_dcc": 1.1089, "car_lcAssertive": 97.1739, "car_lcCooperative": 0.4059, "car_lcLookaheadLeft": 55.4475, "car_lcPushy": 0.1524, "car_lcSigma": 0.0082, "car_lcSpeedGainRight": 1.2651, "car_lcSublane": 0.9815, "car_sigma": 0.5438, "car_tau_mean": 2.5287, "car_tau_std": 4.0061, "car_v_mean": 8.5438, "car_v_std": 10.2212}, "datetime": {"datetime": "2024-08-12 01:26:29", "elapsed": 2629.742263, "delta": 4.697978}}
{"target": -0.5082809790884772, "params": {"bus_acc": 0.5289, "bus_dcc": 2.9739, "bus_lcAssertive": 29.3675, "bus_lcCooperative": 0.7979, "bus_lcLookaheadLeft": 62.27, "bus_lcPushy": 0.2382, "bus_lcSigma": 0.5319, "bus_lcSpeedGainRight": 4.4678, "bus_lcSublane": 0.748, "bus_sigma": 0.9748, "bus_tau_mean": 2.0723, "bus_tau_std": 8.1838, "bus_v_mean": 16.0167, "bus_v_std": 8.1205, "car_acc": 1.9276, "car_dcc": 2.0894, "car_lcAssertive": 70.3286, "car_lcCooperative": 0.2138, "car_lcLookaheadLeft": 45.3647, "car_lcPushy": 0.6091, "car_lcSigma": 0.2535, "car_lcSpeedGainRight": 1.5959, "car_lcSublane": 0.1586, "car_sigma": 0.0205, "car_tau_mean": 3.0942, "car_tau_std": 3.1936, "car_v_mean": 25.2499, "car_v_std": 7.1667}, "datetime": {"datetime": "2024-08-12 01:26:34", "elapsed": 2634.655778, "delta": 4.913515}}
{"target": -0.6570269965244716, "params": {"bus_acc": 3.4713, "bus_dcc": 1.1964, "bus_lcAssertive": 9.6105, "bus_lcCooperative": 0.8478, "bus_lcLookaheadLeft": 31.9602, "bus_lcPushy": 0.6619, "bus_lcSigma": 0.7674, "bus_lcSpeedGainRight": 3.8156, "bus_lcSublane": 0.9063, "bus_sigma": 0.3278, "bus_tau_mean": 3.6964, "bus_tau_std": 7.9849, "bus_v_mean": 25.7022, "bus_v_std": 3.3494, "car_acc": 2.4689, "car_dcc": 0.4195, "car_lcAssertive": 19.7526, "car_lcCooperative": 0.1002, "car_lcLookaheadLeft": 9.1013, "car_lcPushy": 0.7539, "car_lcSigma": 0.4534, "car_lcSpeedGainRight": 3.5765, "car_lcSublane": 0.5396, "car_sigma": 0.9582, "car_tau_mean": 3.2654, "car_tau_std": 0.0001, "car_v_mean": 21.5593, "car_v_std": 5.0695}, "datetime": {"datetime": "2024-08-12 01:26:39", "elapsed": 2639.276949, "delta": 4.621171}}
{"target": -0.5132991038990881, "params": {"bus_acc": 0.4054, "bus_dcc": 2.1549, "bus_lcAssertive": 32.2295, "bus_lcCooperative": 0.011, "bus_lcLookaheadLeft": 8.5767, "bus_lcPushy": 0.356, "bus_lcSigma": 0.7448, "bus_lcSpeedGainRight": 0.0397, "bus_lcSublane": 0.5708, "bus_sigma": 0.4601, "bus_tau_mean": 1.5487, "bus_tau_std": 4.3222, "bus_v_mean": 24.4117, "bus_v_std": 2.5983, "car_acc": 3.2605, "car_dcc": 1.3034, "car_lcAssertive": 83.4002, "car_lcCooperative": 0.8789, "car_lcLookaheadLeft": 83.3946, "car_lcPushy": 0.6902, "car_lcSigma": 0.7096, "car_lcSpeedGainRight": 3.2036, "car_lcSublane": 0.1599, "car_sigma": 0.8176, "car_tau_mean": 1.9708, "car_tau_std": 2.8767, "car_v_mean": 9.632, "car_v_std": 1.4019}, "datetime": {"datetime": "2024-08-12 01:26:44", "elapsed": 2644.284212, "delta": 5.007263}}
{"target": -0.6529229437025313, "params": {"bus_acc": 2.6859, "bus_dcc": 2.3467, "bus_lcAssertive": 70.9593, "bus_lcCooperative": 0.8627, "bus_lcLookaheadLeft": 60.1604, "bus_lcPushy": 0.3162, "bus_lcSigma": 0.7883, "bus_lcSpeedGainRight": 4.9557, "bus_lcSublane": 0.0644, "bus_sigma": 0.9793, "bus_tau_mean": 1.0606, "bus_tau_std": 2.8474, "bus_v_mean": 15.829, "bus_v_std": 7.2265, "car_acc": 2.443, "car_dcc": 0.6493, "car_lcAssertive": 62.5778, "car_lcCooperative": 0.4163, "car_lcLookaheadLeft": 15.0324, "car_lcPushy": 0.4112, "car_lcSigma": 0.9862, "car_lcSpeedGainRight": 2.5185, "car_lcSublane": 0.293, "car_sigma": 0.3217, "car_tau_mean": 1.4183, "car_tau_std": 8.1532, "car_v_mean": 17.634, "car_v_std": 18.5029}, "datetime": {"datetime": "2024-08-12 01:26:47", "elapsed": 2647.33635, "delta": 3.052138}}
{"target": -0.5824320947310592, "params": {"bus_acc": 3.3515, "bus_dcc": 3.581, "bus_lcAssertive": 76.9387, "bus_lcCooperative": 0.3731, "bus_lcLookaheadLeft": 99.7424, "bus_lcPushy": 0.665, "bus_lcSigma": 0.4806, "bus_lcSpeedGainRight": 2.1946, "bus_lcSublane": 0.313, "bus_sigma": 0.5178, "bus_tau_mean": 0.5667, "bus_tau_std": 5.7641, "bus_v_mean": 15.0974, "bus_v_std": 17.2879, "car_acc": 0.4163, "car_dcc": 0.2601, "car_lcAssertive": 39.3165, "car_lcCooperative": 0.601, "car_lcLookaheadLeft": 26.6561, "car_lcPushy": 0.0381, "car_lcSigma": 0.163, "car_lcSpeedGainRight": 4.9994, "car_lcSublane": 0.4273, "car_sigma": 0.4234, "car_tau_mean": 0.8762, "car_tau_std": 4.216, "car_v_mean": 14.9231, "car_v_std": 11.7776}, "datetime": {"datetime": "2024-08-12 01:26:51", "elapsed": 2651.607778, "delta": 4.271428}}
{"target": -0.47790426235015054, "params": {"bus_acc": 0.4237, "bus_dcc": 0.4333, "bus_lcAssertive": 89.6466, "bus_lcCooperative": 0.5988, "bus_lcLookaheadLeft": 63.9342, "bus_lcPushy": 0.9726, "bus_lcSigma": 0.7979, "bus_lcSpeedGainRight": 1.6858, "bus_lcSublane": 0.1819, "bus_sigma": 0.5693, "bus_tau_mean": 2.0959, "bus_tau_std": 4.2408, "bus_v_mean": 19.0386, "bus_v_std": 8.4314, "car_acc": 3.0926, "car_dcc": 2.0861, "car_lcAssertive": 55.3788, "car_lcCooperative": 0.8157, "car_lcLookaheadLeft": 15.6793, "car_lcPushy": 0.8465, "car_lcSigma": 0.922, "car_lcSpeedGainRight": 4.7715, "car_lcSublane": 0.8843, "car_sigma": 0.0012, "car_tau_mean": 1.568, "car_tau_std": 3.4197, "car_v_mean": 25.5769, "car_v_std": 14.1625}, "datetime": {"datetime": "2024-08-12 01:26:56", "elapsed": 2656.587727, "delta": 4.979949}}
{"target": -0.4536965874664159, "params": {"bus_acc": 3.3695, "bus_dcc": 0.265, "bus_lcAssertive": 25.9443, "bus_lcCooperative": 0.3278, "bus_lcLookaheadLeft": 54.9109, "bus_lcPushy": 0.4566, "bus_lcSigma": 0.7774, "bus_lcSpeedGainRight": 1.9543, "bus_lcSublane": 0.6095, "bus_sigma": 0.2604, "bus_tau_mean": 1.8474, "bus_tau_std": 3.8292, "bus_v_mean": 25.0395, "bus_v_std": 0.0689, "car_acc": 0.7037, "car_dcc": 1.9693, "car_lcAssertive": 15.5577, "car_lcCooperative": 0.1226, "car_lcLookaheadLeft": 75.2901, "car_lcPushy": 0.3679, "car_lcSigma": 0.6356, "car_lcSpeedGainRight": 0.5693, "car_lcSublane": 0.2949, "car_sigma": 0.8331, "car_tau_mean": 3.9994, "car_tau_std": 6.6595, "car_v_mean": 20.0871, "car_v_std": 19.4184}, "datetime": {"datetime": "2024-08-12 01:26:59", "elapsed": 2659.70497, "delta": 3.117243}}
{"target": -0.4938554389792837, "params": {"bus_acc": 1.8171, "bus_dcc": 1.9426, "bus_lcAssertive": 74.1404, "bus_lcCooperative": 0.9844, "bus_lcLookaheadLeft": 32.4378, "bus_lcPushy": 0.962, "bus_lcSigma": 0.9371, "bus_lcSpeedGainRight": 4.3365, "bus_lcSublane": 0.1788, "bus_sigma": 0.0451, "bus_tau_mean": 1.4396, "bus_tau_std": 5.2439, "bus_v_mean": 10.7698, "bus_v_std": 12.9268, "car_acc": 1.5895, "car_dcc": 3.9977, "car_lcAssertive": 82.4406, "car_lcCooperative": 0.1208, "car_lcLookaheadLeft": 12.7816, "car_lcPushy": 0.1764, "car_lcSigma": 0.7994, "car_lcSpeedGainRight": 1.8659, "car_lcSublane": 0.047, "car_sigma": 0.5798, "car_tau_mean": 2.6573, "car_tau_std": 5.1861, "car_v_mean": 19.0058, "car_v_std": 16.8326}, "datetime": {"datetime": "2024-08-12 01:27:04", "elapsed": 2664.79982, "delta": 5.09485}}
{"target": -0.5490808535926808, "params": {"bus_acc": 0.9965, "bus_dcc": 0.7035, "bus_lcAssertive": 72.2236, "bus_lcCooperative": 0.5159, "bus_lcLookaheadLeft": 90.588, "bus_lcPushy": 0.4164, "bus_lcSigma": 0.3292, "bus_lcSpeedGainRight": 4.2319, "bus_lcSublane": 0.9534, "bus_sigma": 0.8225, "bus_tau_mean": 3.1118, "bus_tau_std": 3.0585, "bus_v_mean": 8.0821, "bus_v_std": 15.6993, "car_acc": 2.3049, "car_dcc": 2.5229, "car_lcAssertive": 24.6224, "car_lcCooperative": 0.2345, "car_lcLookaheadLeft": 74.023, "car_lcPushy": 0.1697, "car_lcSigma": 0.8836, "car_lcSpeedGainRight": 2.2264, "car_lcSublane": 0.5849, "car_sigma": 0.281, "car_tau_mean": 2.051, "car_tau_std": 4.5902, "car_v_mean": 12.8305, "car_v_std": 7.5749}, "datetime": {"datetime": "2024-08-12 01:27:07", "elapsed": 2667.804203, "delta": 3.004383}}
{"target": -0.5451339178729383, "params": {"bus_acc": 1.1363, "bus_dcc": 2.1886, "bus_lcAssertive": 42.608, "bus_lcCooperative": 0.0862, "bus_lcLookaheadLeft": 42.0202, "bus_lcPushy": 0.9169, "bus_lcSigma": 0.7995, "bus_lcSpeedGainRight": 2.6446, "bus_lcSublane": 0.8972, "bus_sigma": 0.3834, "bus_tau_mean": 2.5961, "bus_tau_std": 5.1628, "bus_v_mean": 18.7276, "bus_v_std": 9.3739, "car_acc": 2.7137, "car_dcc": 3.2471, "car_lcAssertive": 58.8903, "car_lcCooperative": 0.6073, "car_lcLookaheadLeft": 20.4415, "car_lcPushy": 0.1329, "car_lcSigma": 0.187, "car_lcSpeedGainRight": 2.8319, "car_lcSublane": 0.973, "car_sigma": 0.2089, "car_tau_mean": 1.5129, "car_tau_std": 9.0353, "car_v_mean": 19.919, "car_v_std": 6.1069}, "datetime": {"datetime": "2024-08-12 01:27:12", "elapsed": 2672.443091, "delta": 4.638888}}
{"target": -0.7269618855685716, "params": {"bus_acc": 0.8881, "bus_dcc": 2.4771, "bus_lcAssertive": 37.1789, "bus_lcCooperative": 0.5615, "bus_lcLookaheadLeft": 2.5313, "bus_lcPushy": 0.076, "bus_lcSigma": 0.332, "bus_lcSpeedGainRight": 4.5842, "bus_lcSublane": 0.3817, "bus_sigma": 0.3004, "bus_tau_mean": 3.1223, "bus_tau_std": 7.933, "bus_v_mean": 10.3503, "bus_v_std": 6.3295, "car_acc": 2.314, "car_dcc": 0.6073, "car_lcAssertive": 20.7176, "car_lcCooperative": 0.0013, "car_lcLookaheadLeft": 36.7649, "car_lcPushy": 0.5973, "car_lcSigma": 0.5175, "car_lcSpeedGainRight": 1.8501, "car_lcSublane": 0.518, "car_sigma": 0.0573, "car_tau_mean": 2.956, "car_tau_std": 6.927, "car_v_mean": 12.5715, "car_v_std": 14.1228}, "datetime": {"datetime": "2024-08-12 01:27:17", "elapsed": 2678.010612, "delta": 5.567521}}
{"target": -0.7019114887861707, "params": {"bus_acc": 1.5736, "bus_dcc": 0.2916, "bus_lcAssertive": 96.5748, "bus_lcCooperative": 0.3064, "bus_lcLookaheadLeft": 77.0478, "bus_lcPushy": 0.949, "bus_lcSigma": 0.844, "bus_lcSpeedGainRight": 1.6356, "bus_lcSublane": 0.3503, "bus_sigma": 0.4932, "bus_tau_mean": 0.8478, "bus_tau_std": 3.1084, "bus_v_mean": 25.0386, "bus_v_std": 8.1466, "car_acc": 1.8418, "car_dcc": 1.6277, "car_lcAssertive": 98.7536, "car_lcCooperative": 0.5846, "car_lcLookaheadLeft": 91.054, "car_lcPushy": 0.7024, "car_lcSigma": 0.7451, "car_lcSpeedGainRight": 1.579, "car_lcSublane": 0.5041, "car_sigma": 0.8543, "car_tau_mean": 3.9827, "car_tau_std": 7.5581, "car_v_mean": 15.5728, "car_v_std": 11.914}, "datetime": {"datetime": "2024-08-12 01:27:21", "elapsed": 2682.115888, "delta": 4.105276}}
{"target": -0.6194778593631929, "params": {"bus_acc": 2.8859, "bus_dcc": 0.9842, "bus_lcAssertive": 93.3171, "bus_lcCooperative": 0.2573, "bus_lcLookaheadLeft": 69.1489, "bus_lcPushy": 0.4718, "bus_lcSigma": 0.8134, "bus_lcSpeedGainRight": 0.4997, "bus_lcSublane": 0.1443, "bus_sigma": 0.326, "bus_tau_mean": 3.2876, "bus_tau_std": 1.7706, "bus_v_mean": 20.7206, "bus_v_std": 15.9394, "car_acc": 3.1639, "car_dcc": 0.5821, "car_lcAssertive": 70.2035, "car_lcCooperative": 0.0809, "car_lcLookaheadLeft": 33.0313, "car_lcPushy": 0.5023, "car_lcSigma": 0.0904, "car_lcSpeedGainRight": 3.479, "car_lcSublane": 0.7564, "car_sigma": 0.7166, "car_tau_mean": 3.2309, "car_tau_std": 4.4802, "car_v_mean": 13.6039, "car_v_std": 15.7229}, "datetime": {"datetime": "2024-08-12 01:27:24", "elapsed": 2685.161424, "delta": 3.045536}}
{"target": -0.6972795738566903, "params": {"bus_acc": 1.0751, "bus_dcc": 1.2853, "bus_lcAssertive": 83.2206, "bus_lcCooperative": 0.5637, "bus_lcLookaheadLeft": 33.7385, "bus_lcPushy": 0.3899, "bus_lcSigma": 0.2288, "bus_lcSpeedGainRight": 0.3665, "bus_lcSublane": 0.6735, "bus_sigma": 0.6458, "bus_tau_mean": 2.5897, "bus_tau_std": 8.2195, "bus_v_mean": 16.8518, "bus_v_std": 6.5937, "car_acc": 1.5011, "car_dcc": 0.2371, "car_lcAssertive": 9.8993, "car_lcCooperative": 0.4042, "car_lcLookaheadLeft": 7.4194, "car_lcPushy": 0.8993, "car_lcSigma": 0.0943, "car_lcSpeedGainRight": 2.912, "car_lcSublane": 0.7351, "car_sigma": 0.8908, "car_tau_mean": 3.0596, "car_tau_std": 4.1721, "car_v_mean": 22.3181, "car_v_std": 2.917}, "datetime": {"datetime": "2024-08-12 01:27:31", "elapsed": 2691.864408, "delta": 6.702984}}
{"target": -0.5441323732541997, "params": {"bus_acc": 2.6157, "bus_dcc": 2.9487, "bus_lcAssertive": 92.6701, "bus_lcCooperative": 0.3245, "bus_lcLookaheadLeft": 9.6702, "bus_lcPushy": 0.6278, "bus_lcSigma": 0.7258, "bus_lcSpeedGainRight": 3.5555, "bus_lcSublane": 0.967, "bus_sigma": 0.9912, "bus_tau_mean": 1.0608, "bus_tau_std": 8.4524, "bus_v_mean": 19.647, "bus_v_std": 13.6051, "car_acc": 0.8907, "car_dcc": 2.3816, "car_lcAssertive": 11.499, "car_lcCooperative": 0.1784, "car_lcLookaheadLeft": 71.8365, "car_lcPushy": 0.4641, "car_lcSigma": 0.3379, "car_lcSpeedGainRight": 4.197, "car_lcSublane": 0.337, "car_sigma": 0.2609, "car_tau_mean": 1.9558, "car_tau_std": 0.6381, "car_v_mean": 20.664, "car_v_std": 18.3961}, "datetime": {"datetime": "2024-08-12 01:27:37", "elapsed": 2697.395356, "delta": 5.530948}}
{"target": -0.6935772102800087, "params": {"bus_acc": 2.9912, "bus_dcc": 1.0255, "bus_lcAssertive": 80.261, "bus_lcCooperative": 0.3904, "bus_lcLookaheadLeft": 56.6835, "bus_lcPushy": 0.3829, "bus_lcSigma": 0.3018, "bus_lcSpeedGainRight": 2.8741, "bus_lcSublane": 0.1098, "bus_sigma": 0.931, "bus_tau_mean": 1.9836, "bus_tau_std": 8.7658, "bus_v_mean": 21.2886, "bus_v_std": 9.2992, "car_acc": 3.9232, "car_dcc": 3.5043, "car_lcAssertive": 91.7064, "car_lcCooperative": 0.1437, "car_lcLookaheadLeft": 61.4711, "car_lcPushy": 0.842, "car_lcSigma": 0.6238, "car_lcSpeedGainRight": 4.0747, "car_lcSublane": 0.1163, "car_sigma": 0.8457, "car_tau_mean": 1.0017, "car_tau_std": 6.7421, "car_v_mean": 17.5661, "car_v_std": 18.18}, "datetime": {"datetime": "2024-08-12 01:27:42", "elapsed": 2702.709044, "delta": 5.313688}}
{"target": -0.6348948547373156, "params": {"bus_acc": 3.9142, "bus_dcc": 2.2126, "bus_lcAssertive": 12.9696, "bus_lcCooperative": 0.4748, "bus_lcLookaheadLeft": 44.5635, "bus_lcPushy": 0.3798, "bus_lcSigma": 0.9747, "bus_lcSpeedGainRight": 1.4082, "bus_lcSublane": 0.6004, "bus_sigma": 0.6938, "bus_tau_mean": 3.7991, "bus_tau_std": 4.1392, "bus_v_mean": 22.9202, "bus_v_std": 11.7465, "car_acc": 3.6568, "car_dcc": 1.2513, "car_lcAssertive": 87.994, "car_lcCooperative": 0.041, "car_lcLookaheadLeft": 92.3689, "car_lcPushy": 0.6481, "car_lcSigma": 0.6012, "car_lcSpeedGainRight": 2.5023, "car_lcSublane": 0.1259, "car_sigma": 0.3632, "car_tau_mean": 1.3404, "car_tau_std": 5.1565, "car_v_mean": 17.4678, "car_v_std": 5.451}, "datetime": {"datetime": "2024-08-12 01:27:45", "elapsed": 2705.899485, "delta": 3.190441}}
{"target": -0.6479203965694541, "params": {"bus_acc": 0.7163, "bus_dcc": 2.6765, "bus_lcAssertive": 25.6091, "bus_lcCooperative": 0.4588, "bus_lcLookaheadLeft": 11.5903, "bus_lcPushy": 0.8353, "bus_lcSigma": 0.1495, "bus_lcSpeedGainRight": 4.0505, "bus_lcSublane": 0.054, "bus_sigma": 0.9405, "bus_tau_mean": 3.7896, "bus_tau_std": 0.84, "bus_v_mean": 17.5856, "bus_v_std": 15.2508, "car_acc": 3.2728, "car_dcc": 1.1005, "car_lcAssertive": 24.0336, "car_lcCooperative": 0.1134, "car_lcLookaheadLeft": 19.998, "car_lcPushy": 0.1453, "car_lcSigma": 0.8659, "car_lcSpeedGainRight": 0.7241, "car_lcSublane": 0.3375, "car_sigma": 0.243, "car_tau_mean": 2.3064, "car_tau_std": 7.3685, "car_v_mean": 13.8765, "car_v_std": 5.35}, "datetime": {"datetime": "2024-08-12 01:27:50", "elapsed": 2710.71784, "delta": 4.818355}}
{"target": -0.43727829907517535, "params": {"bus_acc": 1.6524, "bus_dcc": 2.1048, "bus_lcAssertive": 9.2469, "bus_lcCooperative": 0.1915, "bus_lcLookaheadLeft": 14.0732, "bus_lcPushy": 0.2502, "bus_lcSigma": 0.5352, "bus_lcSpeedGainRight": 4.9891, "bus_lcSublane": 0.0053, "bus_sigma": 0.2777, "bus_tau_mean": 2.6592, "bus_tau_std": 8.0389, "bus_v_mean": 25.8393, "bus_v_std": 1.6092, "car_acc": 1.5955, "car_dcc": 3.8045, "car_lcAssertive": 89.3068, "car_lcCooperative": 0.8931, "car_lcLookaheadLeft": 42.2102, "car_lcPushy": 0.1328, "car_lcSigma": 0.7781, "car_lcSpeedGainRight": 2.2107, "car_lcSublane": 0.254, "car_sigma": 0.8756, "car_tau_mean": 1.199, "car_tau_std": 6.193, "car_v_mean": 9.7419, "car_v_std": 11.2477}, "datetime": {"datetime": "2024-08-12 01:27:53", "elapsed": 2713.281399, "delta": 2.563559}}
{"target": -0.5954804979019899, "params": {"bus_acc": 0.5138, "bus_dcc": 2.6195, "bus_lcAssertive": 31.4243, "bus_lcCooperative": 0.2826, "bus_lcLookaheadLeft": 15.1173, "bus_lcPushy": 0.0994, "bus_lcSigma": 0.27, "bus_lcSpeedGainRight": 4.2327, "bus_lcSublane": 0.2664, "bus_sigma": 0.1358, "bus_tau_mean": 1.0369, "bus_tau_std": 6.8246, "bus_v_mean": 21.548, "bus_v_std": 11.1929, "car_acc": 1.7404, "car_dcc": 2.2056, "car_lcAssertive": 13.4078, "car_lcCooperative": 0.4706, "car_lcLookaheadLeft": 10.8261, "car_lcPushy": 0.3499, "car_lcSigma": 0.8053, "car_lcSpeedGainRight": 0.5596, "car_lcSublane": 0.3263, "car_sigma": 0.1296, "car_tau_mean": 3.294, "car_tau_std": 5.2727, "car_v_mean": 25.9312, "car_v_std": 18.1483}, "datetime": {"datetime": "2024-08-12 01:27:59", "elapsed": 2719.847531, "delta": 6.566132}}
{"target": -0.5166706115117591, "params": {"bus_acc": 3.7012, "bus_dcc": 1.7044, "bus_lcAssertive": 40.5827, "bus_lcCooperative": 0.4364, "bus_lcLookaheadLeft": 33.6399, "bus_lcPushy": 0.4128, "bus_lcSigma": 0.0162, "bus_lcSpeedGainRight": 2.3828, "bus_lcSublane": 0.8752, "bus_sigma": 0.4657, "bus_tau_mean": 3.0424, "bus_tau_std": 5.0758, "bus_v_mean": 21.2436, "bus_v_std": 19.4907, "car_acc": 0.9502, "car_dcc": 2.6862, "car_lcAssertive": 64.0676, "car_lcCooperative": 0.045, "car_lcLookaheadLeft": 44.3251, "car_lcPushy": 0.6351, "car_lcSigma": 0.0576, "car_lcSpeedGainRight": 3.9436, "car_lcSublane": 0.6947, "car_sigma": 0.7309, "car_tau_mean": 0.7972, "car_tau_std": 3.738, "car_v_mean": 21.131, "car_v_std": 14.5436}, "datetime": {"datetime": "2024-08-12 01:28:02", "elapsed": 2723.039439, "delta": 3.191908}}
{"target": -0.43535156062761, "params": {"bus_acc": 3.4575, "bus_dcc": 0.9778, "bus_lcAssertive": 27.8916, "bus_lcCooperative": 0.0812, "bus_lcLookaheadLeft": 25.6734, "bus_lcPushy": 0.7842, "bus_lcSigma": 0.0581, "bus_lcSpeedGainRight": 4.5309, "bus_lcSublane": 0.0644, "bus_sigma": 0.3901, "bus_tau_mean": 2.5013, "bus_tau_std": 9.1275, "bus_v_mean": 11.3746, "bus_v_std": 6.5198, "car_acc": 0.9591, "car_dcc": 2.5555, "car_lcAssertive": 35.022, "car_lcCooperative": 0.5969, "car_lcLookaheadLeft": 79.1205, "car_lcPushy": 0.1213, "car_lcSigma": 0.1363, "car_lcSpeedGainRight": 0.3939, "car_lcSublane": 0.5893, "car_sigma": 0.9452, "car_tau_mean": 1.7505, "car_tau_std": 1.5047, "car_v_mean": 24.3504, "car_v_std": 13.8715}, "datetime": {"datetime": "2024-08-12 01:28:05", "elapsed": 2725.831277, "delta": 2.791838}}
