{"target": -0.517091490355234, "params": {"bus_acc": 0.7443, "bus_dcc": 3.7212, "bus_lcAssertive": 81.8665, "bus_lcCooperative": 0.3602, "bus_lcLookaheadLeft": 47.3377, "bus_lcPushy": 0.6928, "bus_lcSigma": 0.1405, "bus_lcSpeedGainRight": 0.3342, "bus_lcSublane": 0.744, "bus_sigma": 0.7869, "bus_tau_mean": 0.7617, "bus_tau_std": 2.0666, "bus_v_mean": 9.7917, "bus_v_std": 15.4889, "car_acc": 1.5182, "car_dcc": 2.5613, "car_lcAssertive": 21.0879, "car_lcCooperative": 0.2966, "car_lcLookaheadLeft": 46.4574, "car_lcPushy": 0.824, "car_lcSigma": 0.7802, "car_lcSpeedGainRight": 2.4652, "car_lcSublane": 0.5973, "car_sigma": 0.948, "car_tau_mean": 1.6949, "car_tau_std": 4.4527, "car_v_mean": 10.4986, "car_v_std": 8.0775}, "datetime": {"datetime": "2024-08-12 04:18:55", "elapsed": 12975.416228, "delta": 11.062141}}
{"target": -0.5800130417079016, "params": {"bus_acc": 2.0142, "bus_dcc": 3.6199, "bus_lcAssertive": 5.42, "bus_lcCooperative": 0.8409, "bus_lcLookaheadLeft": 56.1351, "bus_lcPushy": 0.69, "bus_lcSigma": 0.8172, "bus_lcSpeedGainRight": 1.6358, "bus_lcSublane": 0.7328, "bus_sigma": 0.8491, "bus_tau_mean": 2.1875, "bus_tau_std": 7.4575, "bus_v_mean": 22.4955, "bus_v_std": 8.6286, "car_acc": 3.4736, "car_dcc": 2.3673, "car_lcAssertive": 79.4748, "car_lcCooperative": 0.4575, "car_lcLookaheadLeft": 95.1658, "car_lcPushy": 0.8485, "car_lcSigma": 0.4611, "car_lcSpeedGainRight": 4.4359, "car_lcSublane": 0.4477, "car_sigma": 0.0425, "car_tau_mean": 0.8704, "car_tau_std": 8.9224, "car_v_mean": 14.7391, "car_v_std": 11.311}, "datetime": {"datetime": "2024-08-12 04:19:09", "elapsed": 12990.174982, "delta": 14.758754}}
{"target": -0.6222630389355275, "params": {"bus_acc": 2.6519, "bus_dcc": 3.8127, "bus_lcAssertive": 5.3561, "bus_lcCooperative": 0.3602, "bus_lcLookaheadLeft": 34.7796, "bus_lcPushy": 0.2517, "bus_lcSigma": 0.5376, "bus_lcSpeedGainRight": 2.388, "bus_lcSublane": 0.8309, "bus_sigma": 0.9013, "bus_tau_mean": 0.7314, "bus_tau_std": 8.3894, "bus_v_mean": 23.6685, "bus_v_std": 0.7512, "car_acc": 2.8332, "car_dcc": 3.6521, "car_lcAssertive": 36.9088, "car_lcCooperative": 0.0385, "car_lcLookaheadLeft": 80.4297, "car_lcPushy": 0.3302, "car_lcSigma": 0.7023, "car_lcSpeedGainRight": 4.641, "car_lcSublane": 0.3826, "car_sigma": 0.4143, "car_tau_mean": 3.5977, "car_tau_std": 5.8811, "car_v_mean": 16.4537, "car_v_std": 19.9926}, "datetime": {"datetime": "2024-08-12 04:19:23", "elapsed": 13003.302154, "delta": 13.127172}}
{"target": -0.6162558477901335, "params": {"bus_acc": 3.9599, "bus_dcc": 3.5815, "bus_lcAssertive": 97.0597, "bus_lcCooperative": 0.3302, "bus_lcLookaheadLeft": 47.3899, "bus_lcPushy": 0.5425, "bus_lcSigma": 0.4719, "bus_lcSpeedGainRight": 3.5393, "bus_lcSublane": 0.0752, "bus_sigma": 0.8051, "bus_tau_mean": 1.246, "bus_tau_std": 4.0702, "bus_v_mean": 16.1761, "bus_v_std": 14.3407, "car_acc": 1.1569, "car_dcc": 0.7299, "car_lcAssertive": 93.3591, "car_lcCooperative": 0.2336, "car_lcLookaheadLeft": 6.4227, "car_lcPushy": 0.295, "car_lcSigma": 0.718, "car_lcSpeedGainRight": 0.6631, "car_lcSublane": 0.6254, "car_sigma": 0.4614, "car_tau_mean": 2.919, "car_tau_std": 2.5364, "car_v_mean": 15.318, "car_v_std": 6.5613}, "datetime": {"datetime": "2024-08-12 04:19:36", "elapsed": 13016.367357, "delta": 13.065203}}
{"target": -0.7468227491460032, "params": {"bus_acc": 2.8321, "bus_dcc": 2.1337, "bus_lcAssertive": 92.2205, "bus_lcCooperative": 0.3378, "bus_lcLookaheadLeft": 42.0503, "bus_lcPushy": 0.8734, "bus_lcSigma": 0.2215, "bus_lcSpeedGainRight": 2.0559, "bus_lcSublane": 0.7895, "bus_sigma": 0.7104, "bus_tau_mean": 2.8347, "bus_tau_std": 8.9715, "bus_v_mean": 12.0898, "bus_v_std": 4.9014, "car_acc": 1.7102, "car_dcc": 1.2041, "car_lcAssertive": 9.6974, "car_lcCooperative": 0.5641, "car_lcLookaheadLeft": 16.3793, "car_lcPushy": 0.054, "car_lcSigma": 0.3917, "car_lcSpeedGainRight": 3.9198, "car_lcSublane": 0.5084, "car_sigma": 0.3196, "car_tau_mean": 2.6659, "car_tau_std": 2.3734, "car_v_mean": 22.1102, "car_v_std": 5.948}, "datetime": {"datetime": "2024-08-12 04:19:55", "elapsed": 13035.739231, "delta": 19.371874}}
{"target": -0.29437421979687056, "params": {"bus_acc": 0.9765, "bus_dcc": 1.9791, "bus_lcAssertive": 83.9538, "bus_lcCooperative": 0.4377, "bus_lcLookaheadLeft": 44.0282, "bus_lcPushy": 0.4709, "bus_lcSigma": 0.7615, "bus_lcSpeedGainRight": 0.6511, "bus_lcSublane": 0.8517, "bus_sigma": 0.3899, "bus_tau_mean": 0.807, "bus_tau_std": 3.3524, "bus_v_mean": 9.7937, "bus_v_std": 2.961, "car_acc": 0.2381, "car_dcc": 2.3039, "car_lcAssertive": 89.1615, "car_lcCooperative": 0.3643, "car_lcLookaheadLeft": 95.4212, "car_lcPushy": 0.7162, "car_lcSigma": 0.1229, "car_lcSpeedGainRight": 4.2435, "car_lcSublane": 0.3021, "car_sigma": 0.2166, "car_tau_mean": 2.3041, "car_tau_std": 3.3251, "car_v_mean": 20.313, "car_v_std": 10.291}, "datetime": {"datetime": "2024-08-12 04:20:25", "elapsed": 13065.231526, "delta": 29.492295}}
{"target": -0.5673815121914086, "params": {"bus_acc": 1.7655, "bus_dcc": 3.0055, "bus_lcAssertive": 46.1891, "bus_lcCooperative": 0.8314, "bus_lcLookaheadLeft": 76.7558, "bus_lcPushy": 0.7822, "bus_lcSigma": 0.1203, "bus_lcSpeedGainRight": 4.4264, "bus_lcSublane": 0.888, "bus_sigma": 0.1812, "bus_tau_mean": 2.2109, "bus_tau_std": 3.996, "bus_v_mean": 17.8332, "bus_v_std": 6.8884, "car_acc": 1.8972, "car_dcc": 2.9589, "car_lcAssertive": 11.9435, "car_lcCooperative": 0.6675, "car_lcLookaheadLeft": 30.0204, "car_lcPushy": 0.2939, "car_lcSigma": 0.2338, "car_lcSpeedGainRight": 3.7868, "car_lcSublane": 0.7281, "car_sigma": 0.4634, "car_tau_mean": 3.5458, "car_tau_std": 2.1846, "car_v_mean": 8.7585, "car_v_std": 2.7639}, "datetime": {"datetime": "2024-08-12 04:20:40", "elapsed": 13080.721339, "delta": 15.489813}}
{"target": -0.718695974566726, "params": {"bus_acc": 1.369, "bus_dcc": 1.2949, "bus_lcAssertive": 42.8019, "bus_lcCooperative": 0.4109, "bus_lcLookaheadLeft": 77.2104, "bus_lcPushy": 0.2957, "bus_lcSigma": 0.9609, "bus_lcSpeedGainRight": 1.1095, "bus_lcSublane": 0.3546, "bus_sigma": 0.3075, "bus_tau_mean": 3.8277, "bus_tau_std": 3.1944, "bus_v_mean": 21.7367, "bus_v_std": 13.5355, "car_acc": 2.6991, "car_dcc": 0.6108, "car_lcAssertive": 27.0077, "car_lcCooperative": 0.1116, "car_lcLookaheadLeft": 39.3709, "car_lcPushy": 0.4803, "car_lcSigma": 0.1214, "car_lcSpeedGainRight": 2.733, "car_lcSublane": 0.8158, "car_sigma": 0.9882, "car_tau_mean": 2.4554, "car_tau_std": 7.8209, "car_v_mean": 24.8239, "car_v_std": 3.1819}, "datetime": {"datetime": "2024-08-12 04:20:50", "elapsed": 13091.117607, "delta": 10.396268}}
{"target": -0.2743477021787612, "params": {"bus_acc": 0.5284, "bus_dcc": 0.3478, "bus_lcAssertive": 23.0875, "bus_lcCooperative": 0.5947, "bus_lcLookaheadLeft": 14.6756, "bus_lcPushy": 0.2287, "bus_lcSigma": 0.7494, "bus_lcSpeedGainRight": 3.534, "bus_lcSublane": 0.2102, "bus_sigma": 0.7795, "bus_tau_mean": 0.7805, "bus_tau_std": 0.7627, "bus_v_mean": 16.18, "bus_v_std": 6.2926, "car_acc": 0.2824, "car_dcc": 1.8103, "car_lcAssertive": 36.3515, "car_lcCooperative": 0.5654, "car_lcLookaheadLeft": 83.1015, "car_lcPushy": 0.3627, "car_lcSigma": 0.0369, "car_lcSpeedGainRight": 4.763, "car_lcSublane": 0.5208, "car_sigma": 0.7975, "car_tau_mean": 2.2301, "car_tau_std": 5.9529, "car_v_mean": 11.0969, "car_v_std": 18.9443}, "datetime": {"datetime": "2024-08-12 04:20:59", "elapsed": 13100.069203, "delta": 8.951596}}
{"target": -0.7714526077091787, "params": {"bus_acc": 1.9804, "bus_dcc": 0.605, "bus_lcAssertive": 20.2724, "bus_lcCooperative": 0.4459, "bus_lcLookaheadLeft": 85.2239, "bus_lcPushy": 0.183, "bus_lcSigma": 0.2399, "bus_lcSpeedGainRight": 2.7229, "bus_lcSublane": 0.7049, "bus_sigma": 0.6488, "bus_tau_mean": 0.9139, "bus_tau_std": 4.7161, "bus_v_mean": 13.9023, "bus_v_std": 2.4097, "car_acc": 2.4171, "car_dcc": 0.7628, "car_lcAssertive": 95.4682, "car_lcCooperative": 0.777, "car_lcLookaheadLeft": 71.5711, "car_lcPushy": 0.867, "car_lcSigma": 0.8637, "car_lcSpeedGainRight": 0.4691, "car_lcSublane": 0.6457, "car_sigma": 0.4058, "car_tau_mean": 3.4615, "car_tau_std": 5.9228, "car_v_mean": 15.3605, "car_v_std": 19.2522}, "datetime": {"datetime": "2024-08-12 04:21:19", "elapsed": 13119.715419, "delta": 19.646216}}
{"target": -0.5704837231845983, "params": {"bus_acc": 2.2908, "bus_dcc": 1.9702, "bus_lcAssertive": 42.047, "bus_lcCooperative": 0.0402, "bus_lcLookaheadLeft": 40.3581, "bus_lcPushy": 0.3368, "bus_lcSigma": 0.3185, "bus_lcSpeedGainRight": 4.3472, "bus_lcSublane": 0.6623, "bus_sigma": 0.2522, "bus_tau_mean": 1.7282, "bus_tau_std": 2.7543, "bus_v_mean": 9.9472, "bus_v_std": 16.7896, "car_acc": 1.7598, "car_dcc": 2.0184, "car_lcAssertive": 23.1878, "car_lcCooperative": 0.7567, "car_lcLookaheadLeft": 84.2263, "car_lcPushy": 0.2487, "car_lcSigma": 0.0556, "car_lcSpeedGainRight": 0.5613, "car_lcSublane": 0.5442, "car_sigma": 0.732, "car_tau_mean": 1.3089, "car_tau_std": 9.2777, "car_v_mean": 15.8261, "car_v_std": 18.541}, "datetime": {"datetime": "2024-08-12 04:21:35", "elapsed": 13135.881674, "delta": 16.166255}}
{"target": -0.21776359942903797, "params": {"bus_acc": 0.5633, "bus_dcc": 3.1887, "bus_lcAssertive": 43.4817, "bus_lcCooperative": 0.1535, "bus_lcLookaheadLeft": 17.1758, "bus_lcPushy": 0.2505, "bus_lcSigma": 0.8077, "bus_lcSpeedGainRight": 2.2104, "bus_lcSublane": 0.4141, "bus_sigma": 0.1664, "bus_tau_mean": 1.4162, "bus_tau_std": 4.2326, "bus_v_mean": 22.0345, "bus_v_std": 9.0396, "car_acc": 0.3712, "car_dcc": 1.3165, "car_lcAssertive": 94.8284, "car_lcCooperative": 0.2961, "car_lcLookaheadLeft": 52.2856, "car_lcPushy": 0.6584, "car_lcSigma": 0.4843, "car_lcSpeedGainRight": 0.8109, "car_lcSublane": 0.258, "car_sigma": 0.5901, "car_tau_mean": 0.9234, "car_tau_std": 8.1995, "car_v_mean": 23.3589, "car_v_std": 6.9769}, "datetime": {"datetime": "2024-08-12 04:21:48", "elapsed": 13148.218419, "delta": 12.336745}}
{"target": -0.386713130083512, "params": {"bus_acc": 1.0784, "bus_dcc": 1.75, "bus_lcAssertive": 80.7701, "bus_lcCooperative": 0.2466, "bus_lcLookaheadLeft": 39.9058, "bus_lcPushy": 0.6948, "bus_lcSigma": 0.8112, "bus_lcSpeedGainRight": 2.1669, "bus_lcSublane": 0.6555, "bus_sigma": 0.5308, "bus_tau_mean": 2.9018, "bus_tau_std": 2.282, "bus_v_mean": 10.0391, "bus_v_std": 7.9861, "car_acc": 1.1143, "car_dcc": 3.9871, "car_lcAssertive": 4.6329, "car_lcCooperative": 0.9456, "car_lcLookaheadLeft": 30.1564, "car_lcPushy": 0.1556, "car_lcSigma": 0.1591, "car_lcSpeedGainRight": 3.217, "car_lcSublane": 0.8808, "car_sigma": 0.9599, "car_tau_mean": 1.6494, "car_tau_std": 9.0046, "car_v_mean": 12.9576, "car_v_std": 19.5102}, "datetime": {"datetime": "2024-08-12 04:22:00", "elapsed": 13160.646334, "delta": 12.427915}}
{"target": -0.7180571593144561, "params": {"bus_acc": 1.1227, "bus_dcc": 1.1195, "bus_lcAssertive": 15.0739, "bus_lcCooperative": 0.553, "bus_lcLookaheadLeft": 58.3442, "bus_lcPushy": 0.9155, "bus_lcSigma": 0.908, "bus_lcSpeedGainRight": 2.9268, "bus_lcSublane": 0.4804, "bus_sigma": 0.5735, "bus_tau_mean": 3.3847, "bus_tau_std": 9.1477, "bus_v_mean": 23.3791, "bus_v_std": 10.6362, "car_acc": 3.6588, "car_dcc": 3.3902, "car_lcAssertive": 70.2052, "car_lcCooperative": 0.391, "car_lcLookaheadLeft": 39.0879, "car_lcPushy": 0.3956, "car_lcSigma": 0.2367, "car_lcSpeedGainRight": 0.1168, "car_lcSublane": 0.4159, "car_sigma": 0.0552, "car_tau_mean": 2.0641, "car_tau_std": 2.7483, "car_v_mean": 22.1125, "car_v_std": 2.2245}, "datetime": {"datetime": "2024-08-12 04:22:18", "elapsed": 13178.357781, "delta": 17.711447}}
{"target": -0.8211382136419837, "params": {"bus_acc": 3.8757, "bus_dcc": 1.4907, "bus_lcAssertive": 56.2392, "bus_lcCooperative": 0.5831, "bus_lcLookaheadLeft": 84.0232, "bus_lcPushy": 0.1812, "bus_lcSigma": 0.7555, "bus_lcSpeedGainRight": 4.0517, "bus_lcSublane": 0.9251, "bus_sigma": 0.2245, "bus_tau_mean": 2.979, "bus_tau_std": 0.2954, "bus_v_mean": 22.9443, "bus_v_std": 12.5983, "car_acc": 0.6409, "car_dcc": 0.5192, "car_lcAssertive": 85.0141, "car_lcCooperative": 0.5496, "car_lcLookaheadLeft": 40.161, "car_lcPushy": 0.3767, "car_lcSigma": 0.6624, "car_lcSpeedGainRight": 4.0868, "car_lcSublane": 0.2, "car_sigma": 0.5711, "car_tau_mean": 2.5748, "car_tau_std": 7.2671, "car_v_mean": 24.9535, "car_v_std": 16.2633}, "datetime": {"datetime": "2024-08-12 04:22:28", "elapsed": 13188.869258, "delta": 10.511477}}
{"target": -1.1202937794076886, "params": {"bus_acc": 3.1524, "bus_dcc": 0.8758, "bus_lcAssertive": 14.5514, "bus_lcCooperative": 0.1882, "bus_lcLookaheadLeft": 30.7116, "bus_lcPushy": 0.6844, "bus_lcSigma": 0.9675, "bus_lcSpeedGainRight": 3.1682, "bus_lcSublane": 0.2495, "bus_sigma": 0.6642, "bus_tau_mean": 0.8001, "bus_tau_std": 1.0695, "bus_v_mean": 21.0596, "bus_v_std": 8.0251, "car_acc": 2.1472, "car_dcc": 1.1865, "car_lcAssertive": 16.1827, "car_lcCooperative": 0.8996, "car_lcLookaheadLeft": 96.3584, "car_lcPushy": 0.7403, "car_lcSigma": 0.3047, "car_lcSpeedGainRight": 2.3886, "car_lcSublane": 0.2253, "car_sigma": 0.6923, "car_tau_mean": 1.4621, "car_tau_std": 0.1503, "car_v_mean": 25.3618, "car_v_std": 8.0781}, "datetime": {"datetime": "2024-08-12 04:22:40", "elapsed": 13200.972438, "delta": 12.10318}}
{"target": -1.2635383671797464, "params": {"bus_acc": 2.8209, "bus_dcc": 3.4456, "bus_lcAssertive": 80.4498, "bus_lcCooperative": 0.0652, "bus_lcLookaheadLeft": 53.1956, "bus_lcPushy": 0.3255, "bus_lcSigma": 0.6359, "bus_lcSpeedGainRight": 4.5978, "bus_lcSublane": 0.8008, "bus_sigma": 0.6612, "bus_tau_mean": 1.2328, "bus_tau_std": 5.6365, "bus_v_mean": 24.9007, "bus_v_std": 13.0444, "car_acc": 1.704, "car_dcc": 0.9161, "car_lcAssertive": 16.7378, "car_lcCooperative": 0.2992, "car_lcLookaheadLeft": 46.7118, "car_lcPushy": 0.3296, "car_lcSigma": 0.8486, "car_lcSpeedGainRight": 0.0349, "car_lcSublane": 0.0588, "car_sigma": 0.1579, "car_tau_mean": 2.3575, "car_tau_std": 0.0173, "car_v_mean": 8.289, "car_v_std": 13.8407}, "datetime": {"datetime": "2024-08-12 04:22:59", "elapsed": 13219.836687, "delta": 18.864249}}
{"target": -0.4487139304219536, "params": {"bus_acc": 2.9, "bus_dcc": 3.8626, "bus_lcAssertive": 83.9498, "bus_lcCooperative": 0.6741, "bus_lcLookaheadLeft": 39.2871, "bus_lcPushy": 0.5458, "bus_lcSigma": 0.0959, "bus_lcSpeedGainRight": 2.8086, "bus_lcSublane": 0.3012, "bus_sigma": 0.4532, "bus_tau_mean": 3.4125, "bus_tau_std": 8.8714, "bus_v_mean": 17.9177, "bus_v_std": 9.8771, "car_acc": 0.845, "car_dcc": 1.4971, "car_lcAssertive": 15.6272, "car_lcCooperative": 0.3212, "car_lcLookaheadLeft": 72.0015, "car_lcPushy": 0.0779, "car_lcSigma": 0.6218, "car_lcSpeedGainRight": 2.116, "car_lcSublane": 0.5422, "car_sigma": 0.4518, "car_tau_mean": 1.5991, "car_tau_std": 7.3153, "car_v_mean": 24.6747, "car_v_std": 2.9211}, "datetime": {"datetime": "2024-08-12 04:23:13", "elapsed": 13233.516152, "delta": 13.679465}}
{"target": -0.41873561628142814, "params": {"bus_acc": 0.3232, "bus_dcc": 3.3426, "bus_lcAssertive": 16.5618, "bus_lcCooperative": 0.6723, "bus_lcLookaheadLeft": 61.7281, "bus_lcPushy": 0.0356, "bus_lcSigma": 0.2918, "bus_lcSpeedGainRight": 3.2532, "bus_lcSublane": 0.0359, "bus_sigma": 0.1927, "bus_tau_mean": 1.4011, "bus_tau_std": 7.2097, "bus_v_mean": 21.0147, "bus_v_std": 3.1524, "car_acc": 2.6908, "car_dcc": 0.6012, "car_lcAssertive": 98.2363, "car_lcCooperative": 0.5179, "car_lcLookaheadLeft": 85.4993, "car_lcPushy": 0.6092, "car_lcSigma": 0.2641, "car_lcSpeedGainRight": 4.7276, "car_lcSublane": 0.6366, "car_sigma": 0.0867, "car_tau_mean": 3.3101, "car_tau_std": 0.496, "car_v_mean": 19.4726, "car_v_std": 5.7195}, "datetime": {"datetime": "2024-08-12 04:23:21", "elapsed": 13241.20151, "delta": 7.685358}}
{"target": -0.7985156975916102, "params": {"bus_acc": 3.3398, "bus_dcc": 0.2161, "bus_lcAssertive": 70.5168, "bus_lcCooperative": 0.5208, "bus_lcLookaheadLeft": 22.7646, "bus_lcPushy": 0.1316, "bus_lcSigma": 0.6698, "bus_lcSpeedGainRight": 2.6746, "bus_lcSublane": 0.0549, "bus_sigma": 0.7646, "bus_tau_mean": 2.3243, "bus_tau_std": 6.2911, "bus_v_mean": 15.1988, "bus_v_std": 6.1474, "car_acc": 1.3087, "car_dcc": 2.8854, "car_lcAssertive": 17.4747, "car_lcCooperative": 0.5611, "car_lcLookaheadLeft": 44.7193, "car_lcPushy": 0.5281, "car_lcSigma": 0.8193, "car_lcSpeedGainRight": 0.791, "car_lcSublane": 0.0993, "car_sigma": 0.1226, "car_tau_mean": 2.9629, "car_tau_std": 1.9204, "car_v_mean": 20.082, "car_v_std": 15.1463}, "datetime": {"datetime": "2024-08-12 04:23:37", "elapsed": 13257.910963, "delta": 16.709453}}
{"target": -0.49058961052138944, "params": {"bus_acc": 0.5821, "bus_dcc": 3.2303, "bus_lcAssertive": 76.3868, "bus_lcCooperative": 0.2624, "bus_lcLookaheadLeft": 33.2134, "bus_lcPushy": 0.328, "bus_lcSigma": 0.0192, "bus_lcSpeedGainRight": 1.3986, "bus_lcSublane": 0.4034, "bus_sigma": 0.4469, "bus_tau_mean": 1.0859, "bus_tau_std": 8.1954, "bus_v_mean": 19.9681, "bus_v_std": 10.6804, "car_acc": 2.4582, "car_dcc": 1.8574, "car_lcAssertive": 55.7397, "car_lcCooperative": 0.7424, "car_lcLookaheadLeft": 64.8408, "car_lcPushy": 0.8927, "car_lcSigma": 0.8205, "car_lcSpeedGainRight": 2.4391, "car_lcSublane": 0.5451, "car_sigma": 0.8431, "car_tau_mean": 0.6074, "car_tau_std": 2.6613, "car_v_mean": 25.3633, "car_v_std": 7.9144}, "datetime": {"datetime": "2024-08-12 04:23:52", "elapsed": 13272.703865, "delta": 14.792902}}
{"target": -0.4593440751058806, "params": {"bus_acc": 0.407, "bus_dcc": 1.8244, "bus_lcAssertive": 86.0837, "bus_lcCooperative": 0.5579, "bus_lcLookaheadLeft": 42.108, "bus_lcPushy": 0.8045, "bus_lcSigma": 0.6342, "bus_lcSpeedGainRight": 2.3036, "bus_lcSublane": 0.7506, "bus_sigma": 0.6937, "bus_tau_mean": 2.0002, "bus_tau_std": 2.0583, "bus_v_mean": 11.7272, "bus_v_std": 18.7794, "car_acc": 2.6609, "car_dcc": 1.8394, "car_lcAssertive": 13.1589, "car_lcCooperative": 0.9812, "car_lcLookaheadLeft": 52.8966, "car_lcPushy": 0.0346, "car_lcSigma": 0.581, "car_lcSpeedGainRight": 4.5097, "car_lcSublane": 0.2052, "car_sigma": 0.4343, "car_tau_mean": 3.3161, "car_tau_std": 3.6225, "car_v_mean": 12.6587, "car_v_std": 7.9593}, "datetime": {"datetime": "2024-08-12 04:24:11", "elapsed": 13291.814254, "delta": 19.110389}}
{"target": -0.4349523346561643, "params": {"bus_acc": 3.5156, "bus_dcc": 3.8233, "bus_lcAssertive": 33.434, "bus_lcCooperative": 0.2801, "bus_lcLookaheadLeft": 46.1875, "bus_lcPushy": 0.9835, "bus_lcSigma": 0.7537, "bus_lcSpeedGainRight": 2.2643, "bus_lcSublane": 0.7648, "bus_sigma": 0.8039, "bus_tau_mean": 2.0535, "bus_tau_std": 3.1988, "bus_v_mean": 9.0865, "bus_v_std": 8.7331, "car_acc": 0.5961, "car_dcc": 1.3443, "car_lcAssertive": 76.8137, "car_lcCooperative": 0.8791, "car_lcLookaheadLeft": 6.7184, "car_lcPushy": 0.9856, "car_lcSigma": 0.9027, "car_lcSpeedGainRight": 0.48, "car_lcSublane": 0.3658, "car_sigma": 0.7387, "car_tau_mean": 2.4107, "car_tau_std": 7.5519, "car_v_mean": 18.5671, "car_v_std": 12.7072}, "datetime": {"datetime": "2024-08-12 04:24:23", "elapsed": 13304.12492, "delta": 12.310666}}
{"target": -0.7195055487208672, "params": {"bus_acc": 2.7301, "bus_dcc": 3.2293, "bus_lcAssertive": 77.7517, "bus_lcCooperative": 0.8567, "bus_lcLookaheadLeft": 57.0248, "bus_lcPushy": 0.6038, "bus_lcSigma": 0.3713, "bus_lcSpeedGainRight": 1.3903, "bus_lcSublane": 0.4662, "bus_sigma": 0.5579, "bus_tau_mean": 1.6285, "bus_tau_std": 9.647, "bus_v_mean": 17.7956, "bus_v_std": 12.4805, "car_acc": 3.9481, "car_dcc": 3.1624, "car_lcAssertive": 71.5432, "car_lcCooperative": 0.6939, "car_lcLookaheadLeft": 11.6696, "car_lcPushy": 0.416, "car_lcSigma": 0.1214, "car_lcSpeedGainRight": 0.3179, "car_lcSublane": 0.4713, "car_sigma": 0.5117, "car_tau_mean": 3.8893, "car_tau_std": 0.9247, "car_v_mean": 16.0705, "car_v_std": 8.0072}, "datetime": {"datetime": "2024-08-12 04:24:33", "elapsed": 13313.649821, "delta": 9.524901}}
{"target": -0.2565978810435225, "params": {"bus_acc": 0.9263, "bus_dcc": 3.3923, "bus_lcAssertive": 50.4625, "bus_lcCooperative": 0.9526, "bus_lcLookaheadLeft": 95.95, "bus_lcPushy": 0.3035, "bus_lcSigma": 0.2161, "bus_lcSpeedGainRight": 4.1457, "bus_lcSublane": 0.0955, "bus_sigma": 0.2345, "bus_tau_mean": 2.5024, "bus_tau_std": 2.5499, "bus_v_mean": 25.7175, "bus_v_std": 15.8319, "car_acc": 0.2306, "car_dcc": 1.6627, "car_lcAssertive": 53.1396, "car_lcCooperative": 0.4177, "car_lcLookaheadLeft": 22.4933, "car_lcPushy": 0.4768, "car_lcSigma": 0.0158, "car_lcSpeedGainRight": 0.7231, "car_lcSublane": 0.4657, "car_sigma": 0.7226, "car_tau_mean": 2.2021, "car_tau_std": 1.4863, "car_v_mean": 16.8502, "car_v_std": 3.1195}, "datetime": {"datetime": "2024-08-12 04:24:43", "elapsed": 13323.25938, "delta": 9.609559}}
{"target": -0.8887264823837393, "params": {"bus_acc": 1.0018, "bus_dcc": 0.2479, "bus_lcAssertive": 18.3295, "bus_lcCooperative": 0.6219, "bus_lcLookaheadLeft": 32.5919, "bus_lcPushy": 0.9869, "bus_lcSigma": 0.5393, "bus_lcSpeedGainRight": 2.4439, "bus_lcSublane": 0.7203, "bus_sigma": 0.7735, "bus_tau_mean": 2.1244, "bus_tau_std": 7.0018, "bus_v_mean": 13.8634, "bus_v_std": 4.4788, "car_acc": 3.01, "car_dcc": 1.9007, "car_lcAssertive": 16.436, "car_lcCooperative": 0.3709, "car_lcLookaheadLeft": 95.4603, "car_lcPushy": 0.443, "car_lcSigma": 0.6999, "car_lcSpeedGainRight": 2.7743, "car_lcSublane": 0.7224, "car_sigma": 0.9055, "car_tau_mean": 3.4319, "car_tau_std": 3.6793, "car_v_mean": 19.0812, "car_v_std": 3.2436}, "datetime": {"datetime": "2024-08-12 04:24:54", "elapsed": 13334.531621, "delta": 11.272241}}
