{"target": -0.6976189359051351, "params": {"bus_acc": 2.2226, "bus_dcc": 1.5797, "bus_lcAssertive": 43.4877, "bus_lcCooperative": 0.6826, "bus_lcLookaheadLeft": 97.8038, "bus_lcPushy": 0.438, "bus_lcSigma": 0.8109, "bus_lcSpeedGainRight": 0.8348, "bus_lcSublane": 0.8358, "bus_sigma": 0.0079, "bus_tau_mean": 1.8679, "bus_tau_std": 0.4893, "bus_v_mean": 18.4032, "bus_v_std": 10.7395, "car_acc": 3.1558, "car_dcc": 3.2115, "car_lcAssertive": 6.8742, "car_lcCooperative": 0.7007, "car_lcLookaheadLeft": 15.5318, "car_lcPushy": 0.5839, "car_lcSigma": 0.0108, "car_lcSpeedGainRight": 1.6059, "car_lcSublane": 0.0501, "car_sigma": 0.5093, "car_tau_mean": 1.7779, "car_tau_std": 9.4623, "car_v_mean": 10.1708, "car_v_std": 9.9075}, "datetime": {"datetime": "2024-08-12 02:57:45", "elapsed": 8106.037737, "delta": 6.828724}}
{"target": -0.5265012432837572, "params": {"bus_acc": 3.2587, "bus_dcc": 2.7705, "bus_lcAssertive": 2.9313, "bus_lcCooperative": 0.728, "bus_lcLookaheadLeft": 60.4399, "bus_lcPushy": 0.6285, "bus_lcSigma": 0.052, "bus_lcSpeedGainRight": 2.9838, "bus_lcSublane": 0.8544, "bus_sigma": 0.8743, "bus_tau_mean": 2.9912, "bus_tau_std": 3.1954, "bus_v_mean": 9.1502, "bus_v_std": 15.5276, "car_acc": 2.4473, "car_dcc": 3.5917, "car_lcAssertive": 89.7267, "car_lcCooperative": 0.8531, "car_lcLookaheadLeft": 10.3042, "car_lcPushy": 0.7726, "car_lcSigma": 0.5198, "car_lcSpeedGainRight": 3.8595, "car_lcSublane": 0.9591, "car_sigma": 0.5365, "car_tau_mean": 2.5082, "car_tau_std": 3.4114, "car_v_mean": 15.0376, "car_v_std": 7.5194}, "datetime": {"datetime": "2024-08-12 02:57:51", "elapsed": 8111.841758, "delta": 5.804021}}
{"target": -0.7860169118681766, "params": {"bus_acc": 2.1026, "bus_dcc": 0.7195, "bus_lcAssertive": 26.5453, "bus_lcCooperative": 0.821, "bus_lcLookaheadLeft": 23.8523, "bus_lcPushy": 0.0086, "bus_lcSigma": 0.1705, "bus_lcSpeedGainRight": 0.6422, "bus_lcSublane": 0.5047, "bus_sigma": 0.2526, "bus_tau_mean": 3.0534, "bus_tau_std": 0.432, "bus_v_mean": 17.7894, "bus_v_std": 4.2631, "car_acc": 0.6437, "car_dcc": 2.811, "car_lcAssertive": 89.0156, "car_lcCooperative": 0.6976, "car_lcLookaheadLeft": 21.5603, "car_lcPushy": 0.5219, "car_lcSigma": 0.303, "car_lcSpeedGainRight": 1.1401, "car_lcSublane": 0.3026, "car_sigma": 0.3779, "car_tau_mean": 3.7797, "car_tau_std": 0.009, "car_v_mean": 19.2346, "car_v_std": 17.8778}, "datetime": {"datetime": "2024-08-12 02:57:56", "elapsed": 8116.753696, "delta": 4.911938}}
{"target": -0.6694288985714486, "params": {"bus_acc": 2.6924, "bus_dcc": 1.8241, "bus_lcAssertive": 87.2096, "bus_lcCooperative": 0.1948, "bus_lcLookaheadLeft": 95.6792, "bus_lcPushy": 0.0491, "bus_lcSigma": 0.6989, "bus_lcSpeedGainRight": 0.1964, "bus_lcSublane": 0.9175, "bus_sigma": 0.1406, "bus_tau_mean": 2.3141, "bus_tau_std": 8.1832, "bus_v_mean": 23.4916, "bus_v_std": 1.1992, "car_acc": 2.2064, "car_dcc": 0.9807, "car_lcAssertive": 55.6518, "car_lcCooperative": 0.0636, "car_lcLookaheadLeft": 14.9402, "car_lcPushy": 0.7571, "car_lcSigma": 0.2602, "car_lcSpeedGainRight": 4.1223, "car_lcSublane": 0.4852, "car_sigma": 0.5257, "car_tau_mean": 2.2094, "car_tau_std": 6.8287, "car_v_mean": 8.6425, "car_v_std": 4.2685}, "datetime": {"datetime": "2024-08-12 02:58:02", "elapsed": 8122.189774, "delta": 5.436078}}
{"target": -0.7083266664137225, "params": {"bus_acc": 0.8566, "bus_dcc": 1.3302, "bus_lcAssertive": 82.2771, "bus_lcCooperative": 0.599, "bus_lcLookaheadLeft": 59.7302, "bus_lcPushy": 0.2731, "bus_lcSigma": 0.3253, "bus_lcSpeedGainRight": 2.4222, "bus_lcSublane": 0.829, "bus_sigma": 0.3112, "bus_tau_mean": 1.6631, "bus_tau_std": 2.1085, "bus_v_mean": 16.3792, "bus_v_std": 3.7275, "car_acc": 1.4982, "car_dcc": 0.4871, "car_lcAssertive": 85.3799, "car_lcCooperative": 0.8086, "car_lcLookaheadLeft": 48.1428, "car_lcPushy": 0.3405, "car_lcSigma": 0.4637, "car_lcSpeedGainRight": 2.1211, "car_lcSublane": 0.6891, "car_sigma": 0.1627, "car_tau_mean": 1.9135, "car_tau_std": 1.4959, "car_v_mean": 13.7522, "car_v_std": 12.39}, "datetime": {"datetime": "2024-08-12 02:58:08", "elapsed": 8128.192985, "delta": 6.003211}}
{"target": -0.709427356005626, "params": {"bus_acc": 2.2304, "bus_dcc": 1.7808, "bus_lcAssertive": 73.5905, "bus_lcCooperative": 0.5718, "bus_lcLookaheadLeft": 70.3436, "bus_lcPushy": 0.1008, "bus_lcSigma": 0.4958, "bus_lcSpeedGainRight": 4.7178, "bus_lcSublane": 0.6007, "bus_sigma": 0.2896, "bus_tau_mean": 2.1866, "bus_tau_std": 0.1226, "bus_v_mean": 22.2514, "bus_v_std": 16.7461, "car_acc": 2.3918, "car_dcc": 2.5093, "car_lcAssertive": 9.6216, "car_lcCooperative": 0.5345, "car_lcLookaheadLeft": 96.4365, "car_lcPushy": 0.9248, "car_lcSigma": 0.3013, "car_lcSpeedGainRight": 3.7003, "car_lcSublane": 0.9613, "car_sigma": 0.0465, "car_tau_mean": 1.04, "car_tau_std": 5.0502, "car_v_mean": 17.1261, "car_v_std": 9.7472}, "datetime": {"datetime": "2024-08-12 02:58:17", "elapsed": 8137.795769, "delta": 9.602784}}
{"target": -0.653639687888183, "params": {"bus_acc": 3.765, "bus_dcc": 0.3689, "bus_lcAssertive": 50.7968, "bus_lcCooperative": 0.0786, "bus_lcLookaheadLeft": 16.2546, "bus_lcPushy": 0.5987, "bus_lcSigma": 0.1626, "bus_lcSpeedGainRight": 0.6481, "bus_lcSublane": 0.9712, "bus_sigma": 0.4859, "bus_tau_mean": 0.9826, "bus_tau_std": 8.0655, "bus_v_mean": 12.0346, "bus_v_std": 10.1197, "car_acc": 2.1383, "car_dcc": 2.1811, "car_lcAssertive": 8.8971, "car_lcCooperative": 0.985, "car_lcLookaheadLeft": 50.8417, "car_lcPushy": 0.5508, "car_lcSigma": 0.0238, "car_lcSpeedGainRight": 2.3324, "car_lcSublane": 0.3822, "car_sigma": 0.405, "car_tau_mean": 3.2682, "car_tau_std": 3.1396, "car_v_mean": 18.8524, "car_v_std": 12.9976}, "datetime": {"datetime": "2024-08-12 02:58:30", "elapsed": 8151.000152, "delta": 13.204383}}
{"target": -0.4122950396496299, "params": {"bus_acc": 0.5518, "bus_dcc": 1.7049, "bus_lcAssertive": 85.5723, "bus_lcCooperative": 0.688, "bus_lcLookaheadLeft": 32.5994, "bus_lcPushy": 0.2139, "bus_lcSigma": 0.2964, "bus_lcSpeedGainRight": 4.9193, "bus_lcSublane": 0.8049, "bus_sigma": 0.3505, "bus_tau_mean": 1.5271, "bus_tau_std": 1.5814, "bus_v_mean": 20.5811, "bus_v_std": 10.9514, "car_acc": 2.453, "car_dcc": 2.2956, "car_lcAssertive": 58.0314, "car_lcCooperative": 0.2716, "car_lcLookaheadLeft": 17.7334, "car_lcPushy": 0.1749, "car_lcSigma": 0.5574, "car_lcSpeedGainRight": 2.5832, "car_lcSublane": 0.0099, "car_sigma": 0.3507, "car_tau_mean": 1.7437, "car_tau_std": 3.131, "car_v_mean": 18.2917, "car_v_std": 7.2638}, "datetime": {"datetime": "2024-08-12 02:58:40", "elapsed": 8160.83451, "delta": 9.834358}}
{"target": -0.7410539190934496, "params": {"bus_acc": 2.5851, "bus_dcc": 0.9849, "bus_lcAssertive": 3.956, "bus_lcCooperative": 0.1689, "bus_lcLookaheadLeft": 8.857, "bus_lcPushy": 0.836, "bus_lcSigma": 0.6403, "bus_lcSpeedGainRight": 4.0157, "bus_lcSublane": 0.2129, "bus_sigma": 0.7556, "bus_tau_mean": 2.4303, "bus_tau_std": 7.8371, "bus_v_mean": 21.8871, "bus_v_std": 5.7562, "car_acc": 3.658, "car_dcc": 0.7612, "car_lcAssertive": 34.8011, "car_lcCooperative": 0.5042, "car_lcLookaheadLeft": 25.6654, "car_lcPushy": 0.2717, "car_lcSigma": 0.8382, "car_lcSpeedGainRight": 2.773, "car_lcSublane": 0.1954, "car_sigma": 0.8583, "car_tau_mean": 1.6186, "car_tau_std": 7.9375, "car_v_mean": 15.0272, "car_v_std": 16.7321}, "datetime": {"datetime": "2024-08-12 02:58:51", "elapsed": 8171.947434, "delta": 11.112924}}
{"target": -0.5421252970711748, "params": {"bus_acc": 1.3953, "bus_dcc": 2.1836, "bus_lcAssertive": 96.1671, "bus_lcCooperative": 0.6959, "bus_lcLookaheadLeft": 61.344, "bus_lcPushy": 0.0529, "bus_lcSigma": 0.7863, "bus_lcSpeedGainRight": 3.8478, "bus_lcSublane": 0.0709, "bus_sigma": 0.3438, "bus_tau_mean": 1.701, "bus_tau_std": 7.9082, "bus_v_mean": 25.5144, "bus_v_std": 5.7253, "car_acc": 2.6537, "car_dcc": 3.106, "car_lcAssertive": 72.6015, "car_lcCooperative": 0.6578, "car_lcLookaheadLeft": 81.9481, "car_lcPushy": 0.7112, "car_lcSigma": 0.383, "car_lcSpeedGainRight": 3.6672, "car_lcSublane": 0.4996, "car_sigma": 0.8756, "car_tau_mean": 3.8731, "car_tau_std": 9.9026, "car_v_mean": 16.2349, "car_v_std": 7.309}, "datetime": {"datetime": "2024-08-12 02:59:07", "elapsed": 8187.5891, "delta": 15.641666}}
{"target": -0.2028158081539335, "params": {"bus_acc": 1.3017, "bus_dcc": 1.24, "bus_lcAssertive": 64.3135, "bus_lcCooperative": 0.4296, "bus_lcLookaheadLeft": 67.8854, "bus_lcPushy": 0.4396, "bus_lcSigma": 0.8075, "bus_lcSpeedGainRight": 1.9963, "bus_lcSublane": 0.0195, "bus_sigma": 0.828, "bus_tau_mean": 2.7791, "bus_tau_std": 6.4176, "bus_v_mean": 18.7165, "bus_v_std": 14.1414, "car_acc": 0.2919, "car_dcc": 1.2911, "car_lcAssertive": 81.0984, "car_lcCooperative": 0.1849, "car_lcLookaheadLeft": 44.8425, "car_lcPushy": 0.6048, "car_lcSigma": 0.5014, "car_lcSpeedGainRight": 4.7863, "car_lcSublane": 0.1268, "car_sigma": 0.8936, "car_tau_mean": 3.2669, "car_tau_std": 2.8207, "car_v_mean": 16.9492, "car_v_std": 19.9684}, "datetime": {"datetime": "2024-08-12 02:59:12", "elapsed": 8192.822281, "delta": 5.233181}}
{"target": -0.5633024912548995, "params": {"bus_acc": 1.0265, "bus_dcc": 2.7539, "bus_lcAssertive": 99.997, "bus_lcCooperative": 0.5338, "bus_lcLookaheadLeft": 81.8695, "bus_lcPushy": 0.4961, "bus_lcSigma": 0.6034, "bus_lcSpeedGainRight": 2.0391, "bus_lcSublane": 0.5424, "bus_sigma": 0.621, "bus_tau_mean": 3.1175, "bus_tau_std": 5.9743, "bus_v_mean": 14.9903, "bus_v_std": 13.5812, "car_acc": 3.1031, "car_dcc": 0.4499, "car_lcAssertive": 25.3339, "car_lcCooperative": 0.9612, "car_lcLookaheadLeft": 40.7309, "car_lcPushy": 0.6519, "car_lcSigma": 0.4039, "car_lcSpeedGainRight": 2.5277, "car_lcSublane": 0.164, "car_sigma": 0.955, "car_tau_mean": 3.2621, "car_tau_std": 7.856, "car_v_mean": 10.7163, "car_v_std": 15.4889}, "datetime": {"datetime": "2024-08-12 02:59:18", "elapsed": 8198.645576, "delta": 5.823295}}
{"target": -0.5805865061142409, "params": {"bus_acc": 1.3329, "bus_dcc": 2.4422, "bus_lcAssertive": 6.2719, "bus_lcCooperative": 0.1045, "bus_lcLookaheadLeft": 83.0421, "bus_lcPushy": 0.5699, "bus_lcSigma": 0.7263, "bus_lcSpeedGainRight": 4.5547, "bus_lcSublane": 0.2732, "bus_sigma": 0.1042, "bus_tau_mean": 2.6357, "bus_tau_std": 3.8262, "bus_v_mean": 9.3491, "bus_v_std": 8.5706, "car_acc": 3.8669, "car_dcc": 3.9486, "car_lcAssertive": 45.9202, "car_lcCooperative": 0.9354, "car_lcLookaheadLeft": 15.7554, "car_lcPushy": 0.0219, "car_lcSigma": 0.7835, "car_lcSpeedGainRight": 2.6602, "car_lcSublane": 0.2802, "car_sigma": 0.1159, "car_tau_mean": 2.8733, "car_tau_std": 6.5716, "car_v_mean": 12.7868, "car_v_std": 0.0653}, "datetime": {"datetime": "2024-08-12 02:59:23", "elapsed": 8203.341057, "delta": 4.695481}}
{"target": -0.5846408378529748, "params": {"bus_acc": 3.4128, "bus_dcc": 2.887, "bus_lcAssertive": 61.9871, "bus_lcCooperative": 0.2422, "bus_lcLookaheadLeft": 11.1774, "bus_lcPushy": 0.9242, "bus_lcSigma": 0.4679, "bus_lcSpeedGainRight": 2.9417, "bus_lcSublane": 0.0839, "bus_sigma": 0.6348, "bus_tau_mean": 2.2219, "bus_tau_std": 3.7834, "bus_v_mean": 24.9897, "bus_v_std": 0.4767, "car_acc": 3.851, "car_dcc": 0.9147, "car_lcAssertive": 30.8391, "car_lcCooperative": 0.0249, "car_lcLookaheadLeft": 50.4553, "car_lcPushy": 0.8688, "car_lcSigma": 0.7427, "car_lcSpeedGainRight": 1.2079, "car_lcSublane": 0.2342, "car_sigma": 0.8504, "car_tau_mean": 0.5139, "car_tau_std": 8.8248, "car_v_mean": 15.0029, "car_v_std": 2.6925}, "datetime": {"datetime": "2024-08-12 02:59:30", "elapsed": 8211.116579, "delta": 7.775522}}
{"target": -0.6517557042378671, "params": {"bus_acc": 3.1007, "bus_dcc": 0.3764, "bus_lcAssertive": 67.8278, "bus_lcCooperative": 0.7591, "bus_lcLookaheadLeft": 31.1582, "bus_lcPushy": 0.5098, "bus_lcSigma": 0.0558, "bus_lcSpeedGainRight": 0.1631, "bus_lcSublane": 0.9587, "bus_sigma": 0.5808, "bus_tau_mean": 2.4438, "bus_tau_std": 2.2598, "bus_v_mean": 13.0787, "bus_v_std": 0.487, "car_acc": 2.0356, "car_dcc": 3.9341, "car_lcAssertive": 11.2989, "car_lcCooperative": 0.4634, "car_lcLookaheadLeft": 83.3685, "car_lcPushy": 0.6862, "car_lcSigma": 0.7028, "car_lcSpeedGainRight": 3.1957, "car_lcSublane": 0.4369, "car_sigma": 0.3869, "car_tau_mean": 0.9599, "car_tau_std": 7.7351, "car_v_mean": 22.1082, "car_v_std": 6.7026}, "datetime": {"datetime": "2024-08-12 02:59:43", "elapsed": 8223.634497, "delta": 12.517918}}
{"target": -0.9306769008439577, "params": {"bus_acc": 1.0711, "bus_dcc": 2.2282, "bus_lcAssertive": 13.42, "bus_lcCooperative": 0.5692, "bus_lcLookaheadLeft": 30.7607, "bus_lcPushy": 0.4229, "bus_lcSigma": 0.1751, "bus_lcSpeedGainRight": 3.6063, "bus_lcSublane": 0.689, "bus_sigma": 0.8974, "bus_tau_mean": 1.4842, "bus_tau_std": 1.5535, "bus_v_mean": 13.413, "bus_v_std": 17.3938, "car_acc": 3.7184, "car_dcc": 3.0825, "car_lcAssertive": 1.8083, "car_lcCooperative": 0.2073, "car_lcLookaheadLeft": 49.187, "car_lcPushy": 0.9403, "car_lcSigma": 0.4549, "car_lcSpeedGainRight": 2.1457, "car_lcSublane": 0.644, "car_sigma": 0.3545, "car_tau_mean": 2.4001, "car_tau_std": 7.0965, "car_v_mean": 19.1418, "car_v_std": 0.482}, "datetime": {"datetime": "2024-08-12 02:59:48", "elapsed": 8228.673627, "delta": 5.03913}}
{"target": -0.53102140005902, "params": {"bus_acc": 1.0107, "bus_dcc": 2.4535, "bus_lcAssertive": 27.825, "bus_lcCooperative": 0.3268, "bus_lcLookaheadLeft": 52.6527, "bus_lcPushy": 0.5566, "bus_lcSigma": 0.2592, "bus_lcSpeedGainRight": 3.4546, "bus_lcSublane": 0.0989, "bus_sigma": 0.5383, "bus_tau_mean": 1.5345, "bus_tau_std": 3.6858, "bus_v_mean": 21.4811, "bus_v_std": 13.4035, "car_acc": 2.0373, "car_dcc": 2.2925, "car_lcAssertive": 90.6503, "car_lcCooperative": 0.8832, "car_lcLookaheadLeft": 92.4085, "car_lcPushy": 0.7842, "car_lcSigma": 0.1043, "car_lcSpeedGainRight": 1.3985, "car_lcSublane": 0.3949, "car_sigma": 0.079, "car_tau_mean": 1.5465, "car_tau_std": 3.9887, "car_v_mean": 24.1629, "car_v_std": 3.4172}, "datetime": {"datetime": "2024-08-12 02:59:53", "elapsed": 8233.978351, "delta": 5.304724}}
{"target": -0.3874924204404668, "params": {"bus_acc": 3.0387, "bus_dcc": 2.8473, "bus_lcAssertive": 91.0901, "bus_lcCooperative": 0.2243, "bus_lcLookaheadLeft": 55.2136, "bus_lcPushy": 0.1633, "bus_lcSigma": 0.6466, "bus_lcSpeedGainRight": 3.6263, "bus_lcSublane": 0.2586, "bus_sigma": 0.7771, "bus_tau_mean": 1.6415, "bus_tau_std": 0.1541, "bus_v_mean": 8.8371, "bus_v_std": 2.7033, "car_acc": 0.4469, "car_dcc": 2.366, "car_lcAssertive": 23.0912, "car_lcCooperative": 0.1901, "car_lcLookaheadLeft": 62.1283, "car_lcPushy": 0.7255, "car_lcSigma": 0.6367, "car_lcSpeedGainRight": 3.3358, "car_lcSublane": 0.7346, "car_sigma": 0.4621, "car_tau_mean": 1.0588, "car_tau_std": 5.9181, "car_v_mean": 22.1679, "car_v_std": 12.903}, "datetime": {"datetime": "2024-08-12 03:00:01", "elapsed": 8241.694304, "delta": 7.715953}}
{"target": -0.7812533641337204, "params": {"bus_acc": 0.2481, "bus_dcc": 3.2025, "bus_lcAssertive": 41.615, "bus_lcCooperative": 0.6205, "bus_lcLookaheadLeft": 62.3562, "bus_lcPushy": 0.0433, "bus_lcSigma": 0.0604, "bus_lcSpeedGainRight": 4.0604, "bus_lcSublane": 0.9072, "bus_sigma": 0.2142, "bus_tau_mean": 1.9995, "bus_tau_std": 6.2742, "bus_v_mean": 15.8179, "bus_v_std": 19.3496, "car_acc": 1.0814, "car_dcc": 1.771, "car_lcAssertive": 1.4108, "car_lcCooperative": 0.8518, "car_lcLookaheadLeft": 50.9175, "car_lcPushy": 0.1583, "car_lcSigma": 0.4349, "car_lcSpeedGainRight": 4.7029, "car_lcSublane": 0.0436, "car_sigma": 0.1168, "car_tau_mean": 2.8003, "car_tau_std": 6.4467, "car_v_mean": 18.5409, "car_v_std": 18.5465}, "datetime": {"datetime": "2024-08-12 03:00:09", "elapsed": 8249.311061, "delta": 7.616757}}
{"target": -0.5570315801579931, "params": {"bus_acc": 2.1089, "bus_dcc": 3.687, "bus_lcAssertive": 28.0166, "bus_lcCooperative": 0.6121, "bus_lcLookaheadLeft": 73.5712, "bus_lcPushy": 0.8997, "bus_lcSigma": 0.8952, "bus_lcSpeedGainRight": 4.6247, "bus_lcSublane": 0.3224, "bus_sigma": 0.4212, "bus_tau_mean": 2.5783, "bus_tau_std": 3.214, "bus_v_mean": 15.8994, "bus_v_std": 2.5213, "car_acc": 1.8008, "car_dcc": 2.0768, "car_lcAssertive": 33.5549, "car_lcCooperative": 0.8898, "car_lcLookaheadLeft": 53.069, "car_lcPushy": 0.8684, "car_lcSigma": 0.0823, "car_lcSpeedGainRight": 1.0075, "car_lcSublane": 0.1974, "car_sigma": 0.4337, "car_tau_mean": 3.3899, "car_tau_std": 8.5692, "car_v_mean": 16.2971, "car_v_std": 3.339}, "datetime": {"datetime": "2024-08-12 03:00:14", "elapsed": 8254.290372, "delta": 4.979311}}
{"target": -0.4804558208550372, "params": {"bus_acc": 1.4519, "bus_dcc": 3.4074, "bus_lcAssertive": 17.2616, "bus_lcCooperative": 0.9058, "bus_lcLookaheadLeft": 81.6087, "bus_lcPushy": 0.819, "bus_lcSigma": 0.5079, "bus_lcSpeedGainRight": 4.3447, "bus_lcSublane": 0.5428, "bus_sigma": 0.5138, "bus_tau_mean": 1.182, "bus_tau_std": 5.775, "bus_v_mean": 24.7111, "bus_v_std": 10.4932, "car_acc": 1.0276, "car_dcc": 2.0741, "car_lcAssertive": 66.3202, "car_lcCooperative": 0.0423, "car_lcLookaheadLeft": 7.0561, "car_lcPushy": 0.4049, "car_lcSigma": 0.8897, "car_lcSpeedGainRight": 4.1144, "car_lcSublane": 0.0137, "car_sigma": 0.7694, "car_tau_mean": 1.676, "car_tau_std": 4.0417, "car_v_mean": 22.0644, "car_v_std": 14.7849}, "datetime": {"datetime": "2024-08-12 03:00:19", "elapsed": 8260.060417, "delta": 5.770045}}
{"target": -0.5789041001450138, "params": {"bus_acc": 2.9776, "bus_dcc": 3.3183, "bus_lcAssertive": 49.4021, "bus_lcCooperative": 0.7377, "bus_lcLookaheadLeft": 21.9392, "bus_lcPushy": 0.0747, "bus_lcSigma": 0.6958, "bus_lcSpeedGainRight": 4.3639, "bus_lcSublane": 0.1901, "bus_sigma": 0.9305, "bus_tau_mean": 2.6929, "bus_tau_std": 8.9675, "bus_v_mean": 25.6109, "bus_v_std": 11.7663, "car_acc": 2.7476, "car_dcc": 2.3601, "car_lcAssertive": 65.8603, "car_lcCooperative": 0.17, "car_lcLookaheadLeft": 93.7642, "car_lcPushy": 0.7951, "car_lcSigma": 0.6894, "car_lcSpeedGainRight": 1.2995, "car_lcSublane": 0.2901, "car_sigma": 0.4908, "car_tau_mean": 1.2259, "car_tau_std": 6.4068, "car_v_mean": 24.9797, "car_v_std": 18.2031}, "datetime": {"datetime": "2024-08-12 03:00:26", "elapsed": 8266.434513, "delta": 6.374096}}
{"target": -0.7697683904038982, "params": {"bus_acc": 3.656, "bus_dcc": 1.4382, "bus_lcAssertive": 95.1587, "bus_lcCooperative": 0.9849, "bus_lcLookaheadLeft": 27.0559, "bus_lcPushy": 0.7248, "bus_lcSigma": 0.8514, "bus_lcSpeedGainRight": 1.6359, "bus_lcSublane": 0.8308, "bus_sigma": 0.0369, "bus_tau_mean": 0.8169, "bus_tau_std": 3.6906, "bus_v_mean": 19.5838, "bus_v_std": 16.8238, "car_acc": 2.3848, "car_dcc": 0.6808, "car_lcAssertive": 38.3949, "car_lcCooperative": 0.8993, "car_lcLookaheadLeft": 77.2114, "car_lcPushy": 0.1911, "car_lcSigma": 0.6143, "car_lcSpeedGainRight": 0.7883, "car_lcSublane": 0.9473, "car_sigma": 0.4704, "car_tau_mean": 0.7635, "car_tau_std": 0.392, "car_v_mean": 15.7162, "car_v_std": 7.5789}, "datetime": {"datetime": "2024-08-12 03:00:34", "elapsed": 8274.849817, "delta": 8.415304}}
{"target": -0.3591991917163109, "params": {"bus_acc": 2.3901, "bus_dcc": 1.0706, "bus_lcAssertive": 68.4726, "bus_lcCooperative": 0.4322, "bus_lcLookaheadLeft": 68.939, "bus_lcPushy": 0.952, "bus_lcSigma": 0.2198, "bus_lcSpeedGainRight": 4.3078, "bus_lcSublane": 0.4066, "bus_sigma": 0.7476, "bus_tau_mean": 3.7287, "bus_tau_std": 8.7732, "bus_v_mean": 15.9981, "bus_v_std": 19.2257, "car_acc": 0.3846, "car_dcc": 1.8109, "car_lcAssertive": 16.8351, "car_lcCooperative": 0.7012, "car_lcLookaheadLeft": 27.883, "car_lcPushy": 0.9984, "car_lcSigma": 0.2118, "car_lcSpeedGainRight": 4.7136, "car_lcSublane": 0.8838, "car_sigma": 0.1713, "car_tau_mean": 3.8656, "car_tau_std": 6.9312, "car_v_mean": 10.4734, "car_v_std": 9.113}, "datetime": {"datetime": "2024-08-12 03:00:40", "elapsed": 8280.221522, "delta": 5.371705}}
{"target": -0.7169404262202131, "params": {"bus_acc": 1.8618, "bus_dcc": 0.5488, "bus_lcAssertive": 14.4052, "bus_lcCooperative": 0.2633, "bus_lcLookaheadLeft": 41.5394, "bus_lcPushy": 0.5542, "bus_lcSigma": 0.0935, "bus_lcSpeedGainRight": 2.4618, "bus_lcSublane": 0.6281, "bus_sigma": 0.1664, "bus_tau_mean": 0.8812, "bus_tau_std": 5.809, "bus_v_mean": 17.1547, "bus_v_std": 13.9598, "car_acc": 0.8792, "car_dcc": 0.2441, "car_lcAssertive": 72.8776, "car_lcCooperative": 0.7214, "car_lcLookaheadLeft": 32.9772, "car_lcPushy": 0.372, "car_lcSigma": 0.268, "car_lcSpeedGainRight": 1.9087, "car_lcSublane": 0.8245, "car_sigma": 0.0191, "car_tau_mean": 2.7705, "car_tau_std": 5.0028, "car_v_mean": 16.3621, "car_v_std": 0.1299}, "datetime": {"datetime": "2024-08-12 03:00:47", "elapsed": 8287.779132, "delta": 7.55761}}
{"target": -0.5195926411151272, "params": {"bus_acc": 0.4906, "bus_dcc": 3.7972, "bus_lcAssertive": 13.5806, "bus_lcCooperative": 0.4475, "bus_lcLookaheadLeft": 40.2717, "bus_lcPushy": 0.9497, "bus_lcSigma": 0.5992, "bus_lcSpeedGainRight": 4.7463, "bus_lcSublane": 0.1234, "bus_sigma": 0.2971, "bus_tau_mean": 0.8313, "bus_tau_std": 3.1598, "bus_v_mean": 21.4914, "bus_v_std": 1.247, "car_acc": 1.7088, "car_dcc": 2.3328, "car_lcAssertive": 35.9405, "car_lcCooperative": 0.1814, "car_lcLookaheadLeft": 20.9758, "car_lcPushy": 0.906, "car_lcSigma": 0.7856, "car_lcSpeedGainRight": 2.8816, "car_lcSublane": 0.1523, "car_sigma": 0.6408, "car_tau_mean": 1.564, "car_tau_std": 3.0858, "car_v_mean": 22.1913, "car_v_std": 12.8852}, "datetime": {"datetime": "2024-08-12 03:00:58", "elapsed": 8298.558818, "delta": 10.779686}}
