{"target": -0.5946404358382309, "params": {"bus_acc": 1.4267, "bus_dcc": 1.1436, "bus_lcAssertive": 99.0236, "bus_lcCooperative": 0.1328, "bus_lcLookaheadLeft": 98.0485, "bus_lcPushy": 0.8686, "bus_lcSigma": 0.6924, "bus_lcSpeedGainRight": 3.8345, "bus_lcSublane": 0.8252, "bus_sigma": 0.35, "bus_tau_mean": 1.497, "bus_tau_std": 4.1945, "bus_v_mean": 11.9974, "bus_v_std": 18.8808, "car_acc": 2.1137, "car_dcc": 2.977, "car_lcAssertive": 63.5798, "car_lcCooperative": 0.7186, "car_lcLookaheadLeft": 63.2783, "car_lcPushy": 0.446, "car_lcSigma": 0.7617, "car_lcSpeedGainRight": 2.2078, "car_lcSublane": 0.1837, "car_sigma": 0.1466, "car_tau_mean": 2.1623, "car_tau_std": 2.8033, "car_v_mean": 18.2233, "car_v_std": 3.6103}, "datetime": {"datetime": "2024-08-12 01:01:21", "elapsed": 1122.023861, "delta": 4.031808}}
{"target": -0.51754364710442, "params": {"bus_acc": 2.7586, "bus_dcc": 1.6811, "bus_lcAssertive": 1.1942, "bus_lcCooperative": 0.9638, "bus_lcLookaheadLeft": 22.2094, "bus_lcPushy": 0.2138, "bus_lcSigma": 0.019, "bus_lcSpeedGainRight": 3.6141, "bus_lcSublane": 0.7063, "bus_sigma": 0.6865, "bus_tau_mean": 0.8073, "bus_tau_std": 0.1325, "bus_v_mean": 16.1208, "bus_v_std": 16.8336, "car_acc": 1.4629, "car_dcc": 1.5459, "car_lcAssertive": 48.0547, "car_lcCooperative": 0.2134, "car_lcLookaheadLeft": 50.8385, "car_lcPushy": 0.9146, "car_lcSigma": 0.6738, "car_lcSpeedGainRight": 0.8224, "car_lcSublane": 0.438, "car_sigma": 0.2037, "car_tau_mean": 2.8462, "car_tau_std": 7.6218, "car_v_mean": 8.8057, "car_v_std": 13.403}, "datetime": {"datetime": "2024-08-12 01:01:26", "elapsed": 1126.788522, "delta": 4.764661}}
{"target": -0.5318836558342711, "params": {"bus_acc": 1.0648, "bus_dcc": 2.8328, "bus_lcAssertive": 96.2759, "bus_lcCooperative": 0.5704, "bus_lcLookaheadLeft": 65.6419, "bus_lcPushy": 0.4774, "bus_lcSigma": 0.1678, "bus_lcSpeedGainRight": 4.2258, "bus_lcSublane": 0.5459, "bus_sigma": 0.8379, "bus_tau_mean": 2.6693, "bus_tau_std": 7.562, "bus_v_mean": 17.7743, "bus_v_std": 7.239, "car_acc": 2.3531, "car_dcc": 1.2665, "car_lcAssertive": 92.9158, "car_lcCooperative": 0.7747, "car_lcLookaheadLeft": 78.0379, "car_lcPushy": 0.2381, "car_lcSigma": 0.2608, "car_lcSpeedGainRight": 2.8234, "car_lcSublane": 0.7605, "car_sigma": 0.5925, "car_tau_mean": 3.9057, "car_tau_std": 2.8426, "car_v_mean": 11.82, "car_v_std": 13.0927}, "datetime": {"datetime": "2024-08-12 01:01:32", "elapsed": 1133.170798, "delta": 6.382276}}
{"target": -0.5907368868103634, "params": {"bus_acc": 0.9591, "bus_dcc": 1.9254, "bus_lcAssertive": 5.5829, "bus_lcCooperative": 0.8135, "bus_lcLookaheadLeft": 89.4226, "bus_lcPushy": 0.7293, "bus_lcSigma": 0.8708, "bus_lcSpeedGainRight": 3.9884, "bus_lcSublane": 0.5983, "bus_sigma": 0.4562, "bus_tau_mean": 3.2829, "bus_tau_std": 6.8425, "bus_v_mean": 12.4893, "bus_v_std": 3.0905, "car_acc": 1.3159, "car_dcc": 0.9232, "car_lcAssertive": 23.0069, "car_lcCooperative": 0.7854, "car_lcLookaheadLeft": 81.6035, "car_lcPushy": 0.7376, "car_lcSigma": 0.9108, "car_lcSpeedGainRight": 2.7009, "car_lcSublane": 0.6973, "car_sigma": 0.4937, "car_tau_mean": 3.4633, "car_tau_std": 3.7787, "car_v_mean": 18.5917, "car_v_std": 8.943}, "datetime": {"datetime": "2024-08-12 01:01:36", "elapsed": 1136.577545, "delta": 3.406747}}
{"target": -0.5784722259334554, "params": {"bus_acc": 3.0212, "bus_dcc": 2.0818, "bus_lcAssertive": 62.3059, "bus_lcCooperative": 0.9523, "bus_lcLookaheadLeft": 41.7142, "bus_lcPushy": 0.9966, "bus_lcSigma": 0.7972, "bus_lcSpeedGainRight": 2.6279, "bus_lcSublane": 0.2856, "bus_sigma": 0.7787, "bus_tau_mean": 2.5565, "bus_tau_std": 3.9723, "bus_v_mean": 11.0833, "bus_v_std": 4.3184, "car_acc": 2.0597, "car_dcc": 2.6197, "car_lcAssertive": 22.9584, "car_lcCooperative": 0.6022, "car_lcLookaheadLeft": 65.8583, "car_lcPushy": 0.9245, "car_lcSigma": 0.8343, "car_lcSpeedGainRight": 2.3863, "car_lcSublane": 0.8364, "car_sigma": 0.1085, "car_tau_mean": 0.7314, "car_tau_std": 5.8662, "car_v_mean": 23.3905, "car_v_std": 4.8809}, "datetime": {"datetime": "2024-08-12 01:01:39", "elapsed": 1139.497278, "delta": 2.919733}}
{"target": -0.32940769104396045, "params": {"bus_acc": 3.4617, "bus_dcc": 0.6412, "bus_lcAssertive": 18.6304, "bus_lcCooperative": 0.5022, "bus_lcLookaheadLeft": 28.9988, "bus_lcPushy": 0.2499, "bus_lcSigma": 0.3409, "bus_lcSpeedGainRight": 4.8612, "bus_lcSublane": 0.2649, "bus_sigma": 0.0293, "bus_tau_mean": 0.5236, "bus_tau_std": 5.2364, "bus_v_mean": 25.0441, "bus_v_std": 16.1352, "car_acc": 0.4507, "car_dcc": 3.9625, "car_lcAssertive": 40.9177, "car_lcCooperative": 0.9436, "car_lcLookaheadLeft": 58.958, "car_lcPushy": 0.9433, "car_lcSigma": 0.7847, "car_lcSpeedGainRight": 1.0258, "car_lcSublane": 0.9832, "car_sigma": 0.9633, "car_tau_mean": 0.6511, "car_tau_std": 5.8371, "car_v_mean": 20.4516, "car_v_std": 6.7023}, "datetime": {"datetime": "2024-08-12 01:01:45", "elapsed": 1145.658156, "delta": 6.160878}}
{"target": -0.6188526969056031, "params": {"bus_acc": 0.3829, "bus_dcc": 1.1347, "bus_lcAssertive": 7.3482, "bus_lcCooperative": 0.767, "bus_lcLookaheadLeft": 86.5133, "bus_lcPushy": 0.9661, "bus_lcSigma": 0.8149, "bus_lcSpeedGainRight": 4.151, "bus_lcSublane": 0.338, "bus_sigma": 0.8977, "bus_tau_mean": 2.1837, "bus_tau_std": 4.5219, "bus_v_mean": 16.5557, "bus_v_std": 0.9684, "car_acc": 3.521, "car_dcc": 2.1868, "car_lcAssertive": 46.1295, "car_lcCooperative": 0.7788, "car_lcLookaheadLeft": 46.874, "car_lcPushy": 0.4234, "car_lcSigma": 0.3605, "car_lcSpeedGainRight": 1.0594, "car_lcSublane": 0.2792, "car_sigma": 0.1539, "car_tau_mean": 3.2539, "car_tau_std": 2.14, "car_v_mean": 18.9174, "car_v_std": 14.6792}, "datetime": {"datetime": "2024-08-12 01:01:48", "elapsed": 1148.270957, "delta": 2.612801}}
{"target": -0.5546068760304306, "params": {"bus_acc": 0.4229, "bus_dcc": 2.6706, "bus_lcAssertive": 30.5561, "bus_lcCooperative": 0.6907, "bus_lcLookaheadLeft": 26.5424, "bus_lcPushy": 0.4246, "bus_lcSigma": 0.7882, "bus_lcSpeedGainRight": 3.8373, "bus_lcSublane": 0.659, "bus_sigma": 0.0934, "bus_tau_mean": 3.6189, "bus_tau_std": 5.7767, "bus_v_mean": 8.4784, "bus_v_std": 15.2929, "car_acc": 1.5642, "car_dcc": 1.374, "car_lcAssertive": 31.0463, "car_lcCooperative": 0.8729, "car_lcLookaheadLeft": 3.7921, "car_lcPushy": 0.3537, "car_lcSigma": 0.7626, "car_lcSpeedGainRight": 0.1459, "car_lcSublane": 0.3189, "car_sigma": 0.2562, "car_tau_mean": 1.5781, "car_tau_std": 4.0913, "car_v_mean": 9.932, "car_v_std": 0.5327}, "datetime": {"datetime": "2024-08-12 01:01:52", "elapsed": 1152.955996, "delta": 4.685039}}
{"target": -0.39995599059428727, "params": {"bus_acc": 3.9332, "bus_dcc": 3.4888, "bus_lcAssertive": 21.433, "bus_lcCooperative": 0.7779, "bus_lcLookaheadLeft": 20.8678, "bus_lcPushy": 0.5576, "bus_lcSigma": 0.1134, "bus_lcSpeedGainRight": 3.4694, "bus_lcSublane": 0.6443, "bus_sigma": 0.7631, "bus_tau_mean": 2.1663, "bus_tau_std": 9.4288, "bus_v_mean": 25.8171, "bus_v_std": 13.5455, "car_acc": 0.585, "car_dcc": 2.2758, "car_lcAssertive": 64.4812, "car_lcCooperative": 0.1774, "car_lcLookaheadLeft": 2.1543, "car_lcPushy": 0.8687, "car_lcSigma": 0.9806, "car_lcSpeedGainRight": 4.7607, "car_lcSublane": 0.5547, "car_sigma": 0.0181, "car_tau_mean": 3.4632, "car_tau_std": 4.5108, "car_v_mean": 14.7743, "car_v_std": 2.722}, "datetime": {"datetime": "2024-08-12 01:01:56", "elapsed": 1156.508806, "delta": 3.55281}}
{"target": -0.6330683945337859, "params": {"bus_acc": 0.9444, "bus_dcc": 1.9614, "bus_lcAssertive": 61.2371, "bus_lcCooperative": 0.3296, "bus_lcLookaheadLeft": 80.4166, "bus_lcPushy": 0.0289, "bus_lcSigma": 0.1211, "bus_lcSpeedGainRight": 0.0367, "bus_lcSublane": 0.2184, "bus_sigma": 0.0799, "bus_tau_mean": 2.2155, "bus_tau_std": 6.2485, "bus_v_mean": 21.9313, "bus_v_std": 16.7198, "car_acc": 3.5972, "car_dcc": 0.7622, "car_lcAssertive": 22.8989, "car_lcCooperative": 0.5579, "car_lcLookaheadLeft": 7.2147, "car_lcPushy": 0.2181, "car_lcSigma": 0.5261, "car_lcSpeedGainRight": 4.1867, "car_lcSublane": 0.8478, "car_sigma": 0.3717, "car_tau_mean": 2.4829, "car_tau_std": 6.1633, "car_v_mean": 10.9964, "car_v_std": 8.4209}, "datetime": {"datetime": "2024-08-12 01:01:59", "elapsed": 1159.323023, "delta": 2.814217}}
{"target": -0.7102303527747066, "params": {"bus_acc": 3.3939, "bus_dcc": 2.7315, "bus_lcAssertive": 5.7417, "bus_lcCooperative": 0.8367, "bus_lcLookaheadLeft": 34.4915, "bus_lcPushy": 0.5845, "bus_lcSigma": 0.6541, "bus_lcSpeedGainRight": 4.0952, "bus_lcSublane": 0.6739, "bus_sigma": 0.07, "bus_tau_mean": 0.8098, "bus_tau_std": 7.9998, "bus_v_mean": 12.8336, "bus_v_std": 16.5329, "car_acc": 2.5428, "car_dcc": 0.6885, "car_lcAssertive": 31.6099, "car_lcCooperative": 0.1688, "car_lcLookaheadLeft": 73.0866, "car_lcPushy": 0.7127, "car_lcSigma": 0.9435, "car_lcSpeedGainRight": 4.0479, "car_lcSublane": 0.1639, "car_sigma": 0.4482, "car_tau_mean": 3.9319, "car_tau_std": 3.4054, "car_v_mean": 16.464, "car_v_std": 11.326}, "datetime": {"datetime": "2024-08-12 01:02:02", "elapsed": 1162.202975, "delta": 2.879952}}
{"target": -0.6107380165534728, "params": {"bus_acc": 3.9282, "bus_dcc": 2.9755, "bus_lcAssertive": 75.417, "bus_lcCooperative": 0.0183, "bus_lcLookaheadLeft": 62.7904, "bus_lcPushy": 0.9175, "bus_lcSigma": 0.2698, "bus_lcSpeedGainRight": 0.5687, "bus_lcSublane": 0.2017, "bus_sigma": 0.1492, "bus_tau_mean": 0.9669, "bus_tau_std": 3.2149, "bus_v_mean": 10.4546, "bus_v_std": 4.2139, "car_acc": 3.3579, "car_dcc": 2.3253, "car_lcAssertive": 60.4887, "car_lcCooperative": 0.3655, "car_lcLookaheadLeft": 83.2682, "car_lcPushy": 0.3956, "car_lcSigma": 0.5494, "car_lcSpeedGainRight": 3.5551, "car_lcSublane": 0.5907, "car_sigma": 0.9977, "car_tau_mean": 2.7768, "car_tau_std": 7.3155, "car_v_mean": 15.6022, "car_v_std": 2.07}, "datetime": {"datetime": "2024-08-12 01:02:04", "elapsed": 1164.649973, "delta": 2.446998}}
{"target": -0.8303945954416188, "params": {"bus_acc": 1.1809, "bus_dcc": 1.2807, "bus_lcAssertive": 35.2125, "bus_lcCooperative": 0.4369, "bus_lcLookaheadLeft": 37.3232, "bus_lcPushy": 0.8152, "bus_lcSigma": 0.7837, "bus_lcSpeedGainRight": 0.596, "bus_lcSublane": 0.8982, "bus_sigma": 0.8748, "bus_tau_mean": 1.5096, "bus_tau_std": 0.0406, "bus_v_mean": 24.4041, "bus_v_std": 14.6209, "car_acc": 0.705, "car_dcc": 0.2808, "car_lcAssertive": 31.4406, "car_lcCooperative": 0.1788, "car_lcLookaheadLeft": 72.8982, "car_lcPushy": 0.1256, "car_lcSigma": 0.3417, "car_lcSpeedGainRight": 0.388, "car_lcSublane": 0.2737, "car_sigma": 0.2542, "car_tau_mean": 3.8538, "car_tau_std": 3.4654, "car_v_mean": 22.3148, "car_v_std": 12.1347}, "datetime": {"datetime": "2024-08-12 01:02:08", "elapsed": 1168.187863, "delta": 3.53789}}
{"target": -0.6014222156133057, "params": {"bus_acc": 0.4801, "bus_dcc": 1.2765, "bus_lcAssertive": 35.3825, "bus_lcCooperative": 0.5599, "bus_lcLookaheadLeft": 68.8086, "bus_lcPushy": 0.476, "bus_lcSigma": 0.4492, "bus_lcSpeedGainRight": 2.8301, "bus_lcSublane": 0.0056, "bus_sigma": 0.4933, "bus_tau_mean": 1.6339, "bus_tau_std": 2.538, "bus_v_mean": 10.08, "bus_v_std": 14.9099, "car_acc": 1.9825, "car_dcc": 2.0223, "car_lcAssertive": 31.225, "car_lcCooperative": 0.2631, "car_lcLookaheadLeft": 47.6999, "car_lcPushy": 0.0293, "car_lcSigma": 0.1321, "car_lcSpeedGainRight": 1.2658, "car_lcSublane": 0.5335, "car_sigma": 0.5575, "car_tau_mean": 3.06, "car_tau_std": 5.9811, "car_v_mean": 24.1759, "car_v_std": 4.8879}, "datetime": {"datetime": "2024-08-12 01:02:12", "elapsed": 1172.518938, "delta": 4.331075}}
{"target": -0.548484944344421, "params": {"bus_acc": 3.7728, "bus_dcc": 1.6751, "bus_lcAssertive": 71.5028, "bus_lcCooperative": 0.563, "bus_lcLookaheadLeft": 75.5322, "bus_lcPushy": 0.6281, "bus_lcSigma": 0.408, "bus_lcSpeedGainRight": 4.6555, "bus_lcSublane": 0.9287, "bus_sigma": 0.6193, "bus_tau_mean": 3.3454, "bus_tau_std": 9.1455, "bus_v_mean": 8.6675, "bus_v_std": 4.7565, "car_acc": 2.8861, "car_dcc": 2.116, "car_lcAssertive": 77.5699, "car_lcCooperative": 0.6171, "car_lcLookaheadLeft": 79.0058, "car_lcPushy": 0.718, "car_lcSigma": 0.1914, "car_lcSpeedGainRight": 1.0744, "car_lcSublane": 0.1707, "car_sigma": 0.4125, "car_tau_mean": 2.079, "car_tau_std": 4.6823, "car_v_mean": 13.5923, "car_v_std": 19.3722}, "datetime": {"datetime": "2024-08-12 01:02:15", "elapsed": 1176.022758, "delta": 3.50382}}
{"target": -0.6676774017807601, "params": {"bus_acc": 2.5437, "bus_dcc": 0.6595, "bus_lcAssertive": 51.9909, "bus_lcCooperative": 0.1732, "bus_lcLookaheadLeft": 51.0909, "bus_lcPushy": 0.1297, "bus_lcSigma": 0.6484, "bus_lcSpeedGainRight": 0.2741, "bus_lcSublane": 0.4443, "bus_sigma": 0.1046, "bus_tau_mean": 3.3234, "bus_tau_std": 1.2223, "bus_v_mean": 18.1189, "bus_v_std": 12.4252, "car_acc": 3.4392, "car_dcc": 0.8857, "car_lcAssertive": 66.0092, "car_lcCooperative": 0.1374, "car_lcLookaheadLeft": 23.5694, "car_lcPushy": 0.7815, "car_lcSigma": 0.3213, "car_lcSpeedGainRight": 4.6591, "car_lcSublane": 0.5819, "car_sigma": 0.4202, "car_tau_mean": 3.1621, "car_tau_std": 7.1062, "car_v_mean": 24.564, "car_v_std": 10.6008}, "datetime": {"datetime": "2024-08-12 01:02:19", "elapsed": 1179.649806, "delta": 3.627048}}
{"target": -0.7410921792739235, "params": {"bus_acc": 1.922, "bus_dcc": 3.7799, "bus_lcAssertive": 84.6182, "bus_lcCooperative": 0.7529, "bus_lcLookaheadLeft": 24.1058, "bus_lcPushy": 0.0622, "bus_lcSigma": 0.9423, "bus_lcSpeedGainRight": 2.6488, "bus_lcSublane": 0.6594, "bus_sigma": 0.9087, "bus_tau_mean": 3.6021, "bus_tau_std": 9.901, "bus_v_mean": 8.9174, "bus_v_std": 17.1562, "car_acc": 2.7026, "car_dcc": 1.325, "car_lcAssertive": 68.4486, "car_lcCooperative": 0.8436, "car_lcLookaheadLeft": 23.473, "car_lcPushy": 0.9192, "car_lcSigma": 0.8481, "car_lcSpeedGainRight": 1.139, "car_lcSublane": 0.5557, "car_sigma": 0.6254, "car_tau_mean": 1.716, "car_tau_std": 2.8561, "car_v_mean": 25.2042, "car_v_std": 7.0486}, "datetime": {"datetime": "2024-08-12 01:02:24", "elapsed": 1184.185315, "delta": 4.535509}}
{"target": -0.6648185427931887, "params": {"bus_acc": 2.656, "bus_dcc": 0.5896, "bus_lcAssertive": 86.8085, "bus_lcCooperative": 0.0732, "bus_lcLookaheadLeft": 36.2496, "bus_lcPushy": 0.4727, "bus_lcSigma": 0.1208, "bus_lcSpeedGainRight": 4.1549, "bus_lcSublane": 0.9911, "bus_sigma": 0.9975, "bus_tau_mean": 2.008, "bus_tau_std": 7.7832, "bus_v_mean": 17.8943, "bus_v_std": 6.0739, "car_acc": 1.8886, "car_dcc": 3.0251, "car_lcAssertive": 65.3353, "car_lcCooperative": 0.715, "car_lcLookaheadLeft": 21.468, "car_lcPushy": 0.8509, "car_lcSigma": 0.1804, "car_lcSpeedGainRight": 3.6451, "car_lcSublane": 0.7862, "car_sigma": 0.4227, "car_tau_mean": 3.268, "car_tau_std": 2.5816, "car_v_mean": 21.1924, "car_v_std": 13.9966}, "datetime": {"datetime": "2024-08-12 01:02:27", "elapsed": 1187.753348, "delta": 3.568033}}
{"target": -0.7429614782257085, "params": {"bus_acc": 2.2496, "bus_dcc": 3.4896, "bus_lcAssertive": 86.776, "bus_lcCooperative": 0.1292, "bus_lcLookaheadLeft": 15.4107, "bus_lcPushy": 0.9148, "bus_lcSigma": 0.8862, "bus_lcSpeedGainRight": 2.2636, "bus_lcSublane": 0.8347, "bus_sigma": 0.6176, "bus_tau_mean": 0.965, "bus_tau_std": 4.5898, "bus_v_mean": 21.2294, "bus_v_std": 2.7946, "car_acc": 2.2332, "car_dcc": 1.0871, "car_lcAssertive": 16.7219, "car_lcCooperative": 0.2725, "car_lcLookaheadLeft": 52.4555, "car_lcPushy": 0.9733, "car_lcSigma": 0.8823, "car_lcSpeedGainRight": 4.0074, "car_lcSublane": 0.9641, "car_sigma": 0.0278, "car_tau_mean": 0.8727, "car_tau_std": 2.1837, "car_v_mean": 18.1395, "car_v_std": 13.8494}, "datetime": {"datetime": "2024-08-12 01:02:32", "elapsed": 1193.043005, "delta": 5.289657}}
{"target": -0.6838912363442171, "params": {"bus_acc": 0.7889, "bus_dcc": 2.98, "bus_lcAssertive": 42.2797, "bus_lcCooperative": 0.2922, "bus_lcLookaheadLeft": 78.0311, "bus_lcPushy": 0.062, "bus_lcSigma": 0.4502, "bus_lcSpeedGainRight": 0.468, "bus_lcSublane": 0.9294, "bus_sigma": 0.522, "bus_tau_mean": 3.0746, "bus_tau_std": 4.2595, "bus_v_mean": 10.8302, "bus_v_std": 10.4194, "car_acc": 3.1108, "car_dcc": 2.8519, "car_lcAssertive": 7.0351, "car_lcCooperative": 0.0642, "car_lcLookaheadLeft": 3.493, "car_lcPushy": 0.9833, "car_lcSigma": 0.8906, "car_lcSpeedGainRight": 2.3212, "car_lcSublane": 0.8535, "car_sigma": 0.9884, "car_tau_mean": 3.4487, "car_tau_std": 5.8769, "car_v_mean": 18.8861, "car_v_std": 4.5266}, "datetime": {"datetime": "2024-08-12 01:02:35", "elapsed": 1196.082869, "delta": 3.039864}}
{"target": -0.7961474425227056, "params": {"bus_acc": 3.3734, "bus_dcc": 1.5112, "bus_lcAssertive": 2.2631, "bus_lcCooperative": 0.1668, "bus_lcLookaheadLeft": 50.0862, "bus_lcPushy": 0.5687, "bus_lcSigma": 0.4469, "bus_lcSpeedGainRight": 1.0567, "bus_lcSublane": 0.7106, "bus_sigma": 0.0761, "bus_tau_mean": 1.6073, "bus_tau_std": 9.0881, "bus_v_mean": 20.0106, "bus_v_std": 15.2857, "car_acc": 2.7531, "car_dcc": 0.9322, "car_lcAssertive": 24.6336, "car_lcCooperative": 0.2871, "car_lcLookaheadLeft": 18.5296, "car_lcPushy": 0.9936, "car_lcSigma": 0.2309, "car_lcSpeedGainRight": 0.6788, "car_lcSublane": 0.5337, "car_sigma": 0.2384, "car_tau_mean": 2.3938, "car_tau_std": 3.6204, "car_v_mean": 24.4752, "car_v_std": 16.8222}, "datetime": {"datetime": "2024-08-12 01:02:38", "elapsed": 1198.482146, "delta": 2.399277}}
{"target": -0.5852949579665007, "params": {"bus_acc": 1.2001, "bus_dcc": 3.6252, "bus_lcAssertive": 15.3669, "bus_lcCooperative": 0.6118, "bus_lcLookaheadLeft": 82.6831, "bus_lcPushy": 0.6141, "bus_lcSigma": 0.4487, "bus_lcSpeedGainRight": 3.0698, "bus_lcSublane": 0.7043, "bus_sigma": 0.141, "bus_tau_mean": 3.7108, "bus_tau_std": 7.0295, "bus_v_mean": 10.5585, "bus_v_std": 8.791, "car_acc": 3.3227, "car_dcc": 3.8147, "car_lcAssertive": 66.7734, "car_lcCooperative": 0.4042, "car_lcLookaheadLeft": 58.8068, "car_lcPushy": 0.277, "car_lcSigma": 0.7507, "car_lcSpeedGainRight": 2.033, "car_lcSublane": 0.9699, "car_sigma": 0.8455, "car_tau_mean": 2.8682, "car_tau_std": 4.2396, "car_v_mean": 12.0751, "car_v_std": 2.9293}, "datetime": {"datetime": "2024-08-12 01:02:44", "elapsed": 1204.792202, "delta": 6.310056}}
{"target": -0.420108201123128, "params": {"bus_acc": 1.1569, "bus_dcc": 3.1109, "bus_lcAssertive": 30.152, "bus_lcCooperative": 0.8448, "bus_lcLookaheadLeft": 27.6415, "bus_lcPushy": 0.595, "bus_lcSigma": 0.8715, "bus_lcSpeedGainRight": 1.0974, "bus_lcSublane": 0.1826, "bus_sigma": 0.9655, "bus_tau_mean": 3.7205, "bus_tau_std": 8.8245, "bus_v_mean": 10.9465, "bus_v_std": 10.7916, "car_acc": 0.8986, "car_dcc": 3.6701, "car_lcAssertive": 73.975, "car_lcCooperative": 0.6201, "car_lcLookaheadLeft": 79.486, "car_lcPushy": 0.193, "car_lcSigma": 0.5845, "car_lcSpeedGainRight": 0.5176, "car_lcSublane": 0.5546, "car_sigma": 0.0767, "car_tau_mean": 2.2999, "car_tau_std": 3.2952, "car_v_mean": 17.8043, "car_v_std": 1.6024}, "datetime": {"datetime": "2024-08-12 01:02:47", "elapsed": 1207.700888, "delta": 2.908686}}
{"target": -0.5365757285404683, "params": {"bus_acc": 1.0735, "bus_dcc": 0.8718, "bus_lcAssertive": 19.1948, "bus_lcCooperative": 0.7862, "bus_lcLookaheadLeft": 59.6561, "bus_lcPushy": 0.5091, "bus_lcSigma": 0.8214, "bus_lcSpeedGainRight": 1.1704, "bus_lcSublane": 0.9255, "bus_sigma": 0.5772, "bus_tau_mean": 2.2629, "bus_tau_std": 7.0477, "bus_v_mean": 15.1926, "bus_v_std": 3.2941, "car_acc": 1.1793, "car_dcc": 0.8149, "car_lcAssertive": 19.1212, "car_lcCooperative": 0.9791, "car_lcLookaheadLeft": 79.1716, "car_lcPushy": 0.2497, "car_lcSigma": 0.3724, "car_lcSpeedGainRight": 4.6666, "car_lcSublane": 0.2929, "car_sigma": 0.0972, "car_tau_mean": 2.7901, "car_tau_std": 2.5787, "car_v_mean": 19.1812, "car_v_std": 18.5485}, "datetime": {"datetime": "2024-08-12 01:02:50", "elapsed": 1210.528959, "delta": 2.828071}}
{"target": -0.6480480691903278, "params": {"bus_acc": 3.1242, "bus_dcc": 2.2108, "bus_lcAssertive": 85.3882, "bus_lcCooperative": 0.0137, "bus_lcLookaheadLeft": 13.1921, "bus_lcPushy": 0.1254, "bus_lcSigma": 0.481, "bus_lcSpeedGainRight": 3.5446, "bus_lcSublane": 0.9086, "bus_sigma": 0.1339, "bus_tau_mean": 2.0274, "bus_tau_std": 3.9558, "bus_v_mean": 10.4193, "bus_v_std": 18.1435, "car_acc": 1.5155, "car_dcc": 1.808, "car_lcAssertive": 95.7961, "car_lcCooperative": 0.9184, "car_lcLookaheadLeft": 85.5702, "car_lcPushy": 0.1066, "car_lcSigma": 0.7926, "car_lcSpeedGainRight": 4.9282, "car_lcSublane": 0.8646, "car_sigma": 0.8813, "car_tau_mean": 1.4922, "car_tau_std": 4.9752, "car_v_mean": 15.0732, "car_v_std": 0.2878}, "datetime": {"datetime": "2024-08-12 01:02:54", "elapsed": 1214.200411, "delta": 3.671452}}
{"target": -0.6214484144337696, "params": {"bus_acc": 1.8607, "bus_dcc": 3.2822, "bus_lcAssertive": 14.6073, "bus_lcCooperative": 0.1213, "bus_lcLookaheadLeft": 25.4121, "bus_lcPushy": 0.9512, "bus_lcSigma": 0.7327, "bus_lcSpeedGainRight": 4.8934, "bus_lcSublane": 0.374, "bus_sigma": 0.8868, "bus_tau_mean": 3.2608, "bus_tau_std": 5.2972, "bus_v_mean": 20.9419, "bus_v_std": 14.1804, "car_acc": 2.0521, "car_dcc": 3.2488, "car_lcAssertive": 82.9064, "car_lcCooperative": 0.2279, "car_lcLookaheadLeft": 28.4405, "car_lcPushy": 0.2327, "car_lcSigma": 0.2413, "car_lcSpeedGainRight": 1.3786, "car_lcSublane": 0.6205, "car_sigma": 0.357, "car_tau_mean": 3.1301, "car_tau_std": 3.7765, "car_v_mean": 10.3826, "car_v_std": 13.1183}, "datetime": {"datetime": "2024-08-12 01:02:56", "elapsed": 1216.68861, "delta": 2.488199}}
