{"target": -0.4985923365167684, "params": {"bus_acc": 1.1158, "bus_dcc": 1.1293, "bus_lcAssertive": 59.9135, "bus_lcCooperative": 0.2583, "bus_lcLookaheadLeft": 24.9007, "bus_lcPushy": 0.1634, "bus_lcSigma": 0.8421, "bus_lcSpeedGainRight": 3.1504, "bus_lcSublane": 0.2294, "bus_sigma": 0.741, "bus_tau_mean": 1.1248, "bus_tau_std": 1.0335, "bus_v_mean": 22.2091, "bus_v_std": 14.5819, "car_acc": 0.3232, "car_dcc": 2.8435, "car_lcAssertive": 17.89, "car_lcCooperative": 0.0458, "car_lcLookaheadLeft": 69.4598, "car_lcPushy": 0.7984, "car_lcSigma": 0.0739, "car_lcSpeedGainRight": 4.0798, "car_lcSublane": 0.8245, "car_sigma": 0.453, "car_tau_mean": 2.4081, "car_tau_std": 0.0375, "car_v_mean": 9.1974, "car_v_std": 4.9103}, "datetime": {"datetime": "2024-08-12 01:57:40", "elapsed": 4500.824348, "delta": 5.808085}}
{"target": -0.5254736035069946, "params": {"bus_acc": 2.8078, "bus_dcc": 0.7441, "bus_lcAssertive": 83.5109, "bus_lcCooperative": 0.9668, "bus_lcLookaheadLeft": 92.346, "bus_lcPushy": 0.8618, "bus_lcSigma": 0.6317, "bus_lcSpeedGainRight": 4.3895, "bus_lcSublane": 0.1457, "bus_sigma": 0.3139, "bus_tau_mean": 0.7042, "bus_tau_std": 1.2643, "bus_v_mean": 22.3913, "bus_v_std": 14.0656, "car_acc": 0.9072, "car_dcc": 2.2116, "car_lcAssertive": 73.178, "car_lcCooperative": 0.9574, "car_lcLookaheadLeft": 79.917, "car_lcPushy": 0.6516, "car_lcSigma": 0.4451, "car_lcSpeedGainRight": 4.3098, "car_lcSublane": 0.1623, "car_sigma": 0.8236, "car_tau_mean": 2.2027, "car_tau_std": 1.5909, "car_v_mean": 15.2973, "car_v_std": 11.5745}, "datetime": {"datetime": "2024-08-12 01:57:44", "elapsed": 4504.47082, "delta": 3.646472}}
{"target": -0.4607548315002605, "params": {"bus_acc": 1.5682, "bus_dcc": 1.5601, "bus_lcAssertive": 50.0553, "bus_lcCooperative": 0.314, "bus_lcLookaheadLeft": 86.0359, "bus_lcPushy": 0.7594, "bus_lcSigma": 0.6379, "bus_lcSpeedGainRight": 0.7885, "bus_lcSublane": 0.3075, "bus_sigma": 0.2203, "bus_tau_mean": 2.7024, "bus_tau_std": 3.0813, "bus_v_mean": 12.4492, "bus_v_std": 9.5334, "car_acc": 0.952, "car_dcc": 1.9334, "car_lcAssertive": 62.3381, "car_lcCooperative": 0.4644, "car_lcLookaheadLeft": 7.8171, "car_lcPushy": 0.7421, "car_lcSigma": 0.0728, "car_lcSpeedGainRight": 2.6874, "car_lcSublane": 0.0092, "car_sigma": 0.7328, "car_tau_mean": 3.4123, "car_tau_std": 6.7577, "car_v_mean": 18.0516, "car_v_std": 8.0283}, "datetime": {"datetime": "2024-08-12 01:57:50", "elapsed": 4510.365705, "delta": 5.894885}}
{"target": -0.48811923019521486, "params": {"bus_acc": 2.4419, "bus_dcc": 1.6184, "bus_lcAssertive": 15.3345, "bus_lcCooperative": 0.9393, "bus_lcLookaheadLeft": 75.7097, "bus_lcPushy": 0.1052, "bus_lcSigma": 0.792, "bus_lcSpeedGainRight": 3.5916, "bus_lcSublane": 0.1172, "bus_sigma": 0.4566, "bus_tau_mean": 0.6825, "bus_tau_std": 5.6483, "bus_v_mean": 24.2651, "bus_v_std": 4.2766, "car_acc": 0.9804, "car_dcc": 1.9906, "car_lcAssertive": 6.7914, "car_lcCooperative": 0.9169, "car_lcLookaheadLeft": 81.7925, "car_lcPushy": 0.5688, "car_lcSigma": 0.1455, "car_lcSpeedGainRight": 2.3674, "car_lcSublane": 0.3574, "car_sigma": 0.3895, "car_tau_mean": 3.0648, "car_tau_std": 7.775, "car_v_mean": 16.4407, "car_v_std": 2.1595}, "datetime": {"datetime": "2024-08-12 01:57:53", "elapsed": 4514.05355, "delta": 3.687845}}
{"target": -0.7885067402802118, "params": {"bus_acc": 1.9242, "bus_dcc": 1.7491, "bus_lcAssertive": 85.9132, "bus_lcCooperative": 0.4478, "bus_lcLookaheadLeft": 96.1041, "bus_lcPushy": 0.008, "bus_lcSigma": 0.1155, "bus_lcSpeedGainRight": 3.2986, "bus_lcSublane": 0.3806, "bus_sigma": 0.8867, "bus_tau_mean": 3.3392, "bus_tau_std": 6.1311, "bus_v_mean": 24.7973, "bus_v_std": 7.6147, "car_acc": 3.5547, "car_dcc": 3.8711, "car_lcAssertive": 5.3073, "car_lcCooperative": 0.3445, "car_lcLookaheadLeft": 69.9258, "car_lcPushy": 0.3385, "car_lcSigma": 0.436, "car_lcSpeedGainRight": 0.4068, "car_lcSublane": 0.3899, "car_sigma": 0.2363, "car_tau_mean": 2.2725, "car_tau_std": 4.262, "car_v_mean": 12.9634, "car_v_std": 3.0151}, "datetime": {"datetime": "2024-08-12 01:57:58", "elapsed": 4518.803107, "delta": 4.749557}}
{"target": -0.6162991942387511, "params": {"bus_acc": 3.6455, "bus_dcc": 1.3864, "bus_lcAssertive": 18.0728, "bus_lcCooperative": 0.6213, "bus_lcLookaheadLeft": 73.4911, "bus_lcPushy": 0.3012, "bus_lcSigma": 0.7098, "bus_lcSpeedGainRight": 1.8759, "bus_lcSublane": 0.2396, "bus_sigma": 0.8993, "bus_tau_mean": 0.8432, "bus_tau_std": 3.4493, "bus_v_mean": 15.9657, "bus_v_std": 6.5508, "car_acc": 2.9173, "car_dcc": 2.0674, "car_lcAssertive": 41.7269, "car_lcCooperative": 0.7873, "car_lcLookaheadLeft": 10.7456, "car_lcPushy": 0.065, "car_lcSigma": 0.2296, "car_lcSpeedGainRight": 0.6284, "car_lcSublane": 0.7587, "car_sigma": 0.1558, "car_tau_mean": 0.9516, "car_tau_std": 5.5651, "car_v_mean": 9.9615, "car_v_std": 18.1989}, "datetime": {"datetime": "2024-08-12 01:58:05", "elapsed": 4525.467687, "delta": 6.66458}}
{"target": -0.5163878511036321, "params": {"bus_acc": 3.7974, "bus_dcc": 2.3411, "bus_lcAssertive": 78.0073, "bus_lcCooperative": 0.3889, "bus_lcLookaheadLeft": 42.2239, "bus_lcPushy": 0.1867, "bus_lcSigma": 0.942, "bus_lcSpeedGainRight": 0.6949, "bus_lcSublane": 0.2541, "bus_sigma": 0.0813, "bus_tau_mean": 1.4781, "bus_tau_std": 7.0016, "bus_v_mean": 19.3251, "bus_v_std": 1.3427, "car_acc": 1.7904, "car_dcc": 1.4042, "car_lcAssertive": 35.8763, "car_lcCooperative": 0.4631, "car_lcLookaheadLeft": 24.2565, "car_lcPushy": 0.8183, "car_lcSigma": 0.7279, "car_lcSpeedGainRight": 2.7377, "car_lcSublane": 0.0818, "car_sigma": 0.1445, "car_tau_mean": 1.1615, "car_tau_std": 9.9159, "car_v_mean": 13.3771, "car_v_std": 14.1442}, "datetime": {"datetime": "2024-08-12 01:58:09", "elapsed": 4529.826069, "delta": 4.358382}}
{"target": -0.35253269082908334, "params": {"bus_acc": 1.8369, "bus_dcc": 3.1565, "bus_lcAssertive": 99.6006, "bus_lcCooperative": 0.1074, "bus_lcLookaheadLeft": 31.1928, "bus_lcPushy": 0.3578, "bus_lcSigma": 0.8421, "bus_lcSpeedGainRight": 3.8634, "bus_lcSublane": 0.5323, "bus_sigma": 0.1395, "bus_tau_mean": 2.0601, "bus_tau_std": 0.1583, "bus_v_mean": 15.4247, "bus_v_std": 11.4533, "car_acc": 0.6333, "car_dcc": 2.6541, "car_lcAssertive": 63.9699, "car_lcCooperative": 0.4052, "car_lcLookaheadLeft": 53.796, "car_lcPushy": 0.6779, "car_lcSigma": 0.4341, "car_lcSpeedGainRight": 3.0097, "car_lcSublane": 0.3923, "car_sigma": 0.2685, "car_tau_mean": 0.8261, "car_tau_std": 8.5928, "car_v_mean": 23.9623, "car_v_std": 5.9998}, "datetime": {"datetime": "2024-08-12 01:58:14", "elapsed": 4534.656306, "delta": 4.830237}}
{"target": -0.6555072017063774, "params": {"bus_acc": 2.6595, "bus_dcc": 1.8201, "bus_lcAssertive": 63.0283, "bus_lcCooperative": 0.8626, "bus_lcLookaheadLeft": 34.353, "bus_lcPushy": 0.1192, "bus_lcSigma": 0.7223, "bus_lcSpeedGainRight": 1.3999, "bus_lcSublane": 0.416, "bus_sigma": 0.8797, "bus_tau_mean": 2.8517, "bus_tau_std": 2.7621, "bus_v_mean": 18.9451, "bus_v_std": 10.3815, "car_acc": 3.4936, "car_dcc": 0.58, "car_lcAssertive": 51.1962, "car_lcCooperative": 0.0185, "car_lcLookaheadLeft": 49.293, "car_lcPushy": 0.2207, "car_lcSigma": 0.0173, "car_lcSpeedGainRight": 3.7323, "car_lcSublane": 0.9619, "car_sigma": 0.9306, "car_tau_mean": 1.0594, "car_tau_std": 7.7367, "car_v_mean": 24.4094, "car_v_std": 6.2038}, "datetime": {"datetime": "2024-08-12 01:58:17", "elapsed": 4537.804905, "delta": 3.148599}}
{"target": -0.6802306956010816, "params": {"bus_acc": 2.3158, "bus_dcc": 0.5699, "bus_lcAssertive": 84.8453, "bus_lcCooperative": 0.9581, "bus_lcLookaheadLeft": 9.558, "bus_lcPushy": 0.5246, "bus_lcSigma": 0.8946, "bus_lcSpeedGainRight": 3.4094, "bus_lcSublane": 0.3492, "bus_sigma": 0.6811, "bus_tau_mean": 0.594, "bus_tau_std": 3.1398, "bus_v_mean": 23.8522, "bus_v_std": 7.3903, "car_acc": 2.5082, "car_dcc": 3.8378, "car_lcAssertive": 26.0905, "car_lcCooperative": 0.4074, "car_lcLookaheadLeft": 93.0639, "car_lcPushy": 0.8092, "car_lcSigma": 0.5986, "car_lcSpeedGainRight": 3.7678, "car_lcSublane": 0.5908, "car_sigma": 0.6574, "car_tau_mean": 2.6631, "car_tau_std": 2.1029, "car_v_mean": 20.9138, "car_v_std": 15.5928}, "datetime": {"datetime": "2024-08-12 01:58:23", "elapsed": 4543.300314, "delta": 5.495409}}
{"target": -0.44108559215239135, "params": {"bus_acc": 2.356, "bus_dcc": 3.5928, "bus_lcAssertive": 28.7657, "bus_lcCooperative": 0.6937, "bus_lcLookaheadLeft": 84.8677, "bus_lcPushy": 0.9817, "bus_lcSigma": 0.8007, "bus_lcSpeedGainRight": 2.8437, "bus_lcSublane": 0.3039, "bus_sigma": 0.1037, "bus_tau_mean": 2.3511, "bus_tau_std": 9.4123, "bus_v_mean": 8.2471, "bus_v_std": 18.9135, "car_acc": 0.9896, "car_dcc": 1.7297, "car_lcAssertive": 71.7038, "car_lcCooperative": 0.2585, "car_lcLookaheadLeft": 60.5049, "car_lcPushy": 0.9468, "car_lcSigma": 0.4554, "car_lcSpeedGainRight": 3.0197, "car_lcSublane": 0.8045, "car_sigma": 0.3228, "car_tau_mean": 3.2586, "car_tau_std": 8.4879, "car_v_mean": 13.5464, "car_v_std": 6.0675}, "datetime": {"datetime": "2024-08-12 01:58:27", "elapsed": 4548.012721, "delta": 4.712407}}
{"target": -0.687398594351062, "params": {"bus_acc": 0.9975, "bus_dcc": 2.0647, "bus_lcAssertive": 8.1884, "bus_lcCooperative": 0.0501, "bus_lcLookaheadLeft": 52.2212, "bus_lcPushy": 0.173, "bus_lcSigma": 0.7718, "bus_lcSpeedGainRight": 4.9959, "bus_lcSublane": 0.3081, "bus_sigma": 0.7493, "bus_tau_mean": 2.3209, "bus_tau_std": 7.7623, "bus_v_mean": 15.6826, "bus_v_std": 11.328, "car_acc": 2.4399, "car_dcc": 0.3935, "car_lcAssertive": 39.4137, "car_lcCooperative": 0.311, "car_lcLookaheadLeft": 11.271, "car_lcPushy": 0.526, "car_lcSigma": 0.37, "car_lcSpeedGainRight": 2.5311, "car_lcSublane": 0.2933, "car_sigma": 0.8725, "car_tau_mean": 2.4368, "car_tau_std": 3.2091, "car_v_mean": 16.3867, "car_v_std": 12.0256}, "datetime": {"datetime": "2024-08-12 01:58:30", "elapsed": 4551.116108, "delta": 3.103387}}
{"target": -0.5570682483561967, "params": {"bus_acc": 0.5958, "bus_dcc": 1.9802, "bus_lcAssertive": 7.6164, "bus_lcCooperative": 0.2923, "bus_lcLookaheadLeft": 2.4684, "bus_lcPushy": 0.819, "bus_lcSigma": 0.7442, "bus_lcSpeedGainRight": 0.9765, "bus_lcSublane": 0.2194, "bus_sigma": 0.0066, "bus_tau_mean": 0.6793, "bus_tau_std": 1.4061, "bus_v_mean": 19.6698, "bus_v_std": 19.6711, "car_acc": 1.126, "car_dcc": 2.7613, "car_lcAssertive": 19.4438, "car_lcCooperative": 0.027, "car_lcLookaheadLeft": 65.8893, "car_lcPushy": 0.7546, "car_lcSigma": 0.1462, "car_lcSpeedGainRight": 2.5462, "car_lcSublane": 0.1785, "car_sigma": 0.3711, "car_tau_mean": 3.5027, "car_tau_std": 6.0022, "car_v_mean": 20.4081, "car_v_std": 4.9366}, "datetime": {"datetime": "2024-08-12 01:58:35", "elapsed": 4555.492396, "delta": 4.376288}}
{"target": -0.6050597519243329, "params": {"bus_acc": 1.8902, "bus_dcc": 2.8645, "bus_lcAssertive": 92.863, "bus_lcCooperative": 0.9002, "bus_lcLookaheadLeft": 37.8066, "bus_lcPushy": 0.833, "bus_lcSigma": 0.4248, "bus_lcSpeedGainRight": 4.3516, "bus_lcSublane": 0.5437, "bus_sigma": 0.498, "bus_tau_mean": 1.3783, "bus_tau_std": 9.3852, "bus_v_mean": 19.3584, "bus_v_std": 2.6692, "car_acc": 3.607, "car_dcc": 3.5377, "car_lcAssertive": 22.5861, "car_lcCooperative": 0.2935, "car_lcLookaheadLeft": 81.078, "car_lcPushy": 0.4504, "car_lcSigma": 0.7727, "car_lcSpeedGainRight": 3.5758, "car_lcSublane": 0.1458, "car_sigma": 0.8657, "car_tau_mean": 2.3227, "car_tau_std": 0.5028, "car_v_mean": 20.2757, "car_v_std": 17.0612}, "datetime": {"datetime": "2024-08-12 01:58:38", "elapsed": 4559.157019, "delta": 3.664623}}
{"target": -0.4047750924682731, "params": {"bus_acc": 1.69, "bus_dcc": 0.7598, "bus_lcAssertive": 83.2141, "bus_lcCooperative": 0.4804, "bus_lcLookaheadLeft": 10.6078, "bus_lcPushy": 0.3931, "bus_lcSigma": 0.9626, "bus_lcSpeedGainRight": 3.4478, "bus_lcSublane": 0.5826, "bus_sigma": 0.6073, "bus_tau_mean": 3.6283, "bus_tau_std": 9.0449, "bus_v_mean": 12.1646, "bus_v_std": 16.3367, "car_acc": 0.4281, "car_dcc": 0.9679, "car_lcAssertive": 66.2132, "car_lcCooperative": 0.1876, "car_lcLookaheadLeft": 96.5218, "car_lcPushy": 0.8316, "car_lcSigma": 0.4118, "car_lcSpeedGainRight": 1.342, "car_lcSublane": 0.2867, "car_sigma": 0.5475, "car_tau_mean": 2.4384, "car_tau_std": 7.5958, "car_v_mean": 24.7557, "car_v_std": 14.196}, "datetime": {"datetime": "2024-08-12 01:58:44", "elapsed": 4564.253381, "delta": 5.096362}}
{"target": -0.5605480757983196, "params": {"bus_acc": 1.2124, "bus_dcc": 3.3888, "bus_lcAssertive": 34.393, "bus_lcCooperative": 0.3122, "bus_lcLookaheadLeft": 93.3781, "bus_lcPushy": 0.7023, "bus_lcSigma": 0.2355, "bus_lcSpeedGainRight": 1.0754, "bus_lcSublane": 0.5817, "bus_sigma": 0.6483, "bus_tau_mean": 3.8515, "bus_tau_std": 1.8248, "bus_v_mean": 14.5242, "bus_v_std": 10.3346, "car_acc": 3.0556, "car_dcc": 1.7526, "car_lcAssertive": 81.8629, "car_lcCooperative": 0.1342, "car_lcLookaheadLeft": 64.4041, "car_lcPushy": 0.8141, "car_lcSigma": 0.9466, "car_lcSpeedGainRight": 1.611, "car_lcSublane": 0.0225, "car_sigma": 0.1988, "car_tau_mean": 2.1594, "car_tau_std": 6.135, "car_v_mean": 21.3868, "car_v_std": 10.2498}, "datetime": {"datetime": "2024-08-12 01:58:52", "elapsed": 4572.212501, "delta": 7.95912}}
{"target": -0.534188658088624, "params": {"bus_acc": 0.5281, "bus_dcc": 2.8888, "bus_lcAssertive": 59.8222, "bus_lcCooperative": 0.522, "bus_lcLookaheadLeft": 83.3657, "bus_lcPushy": 0.1458, "bus_lcSigma": 0.528, "bus_lcSpeedGainRight": 3.687, "bus_lcSublane": 0.8735, "bus_sigma": 0.2021, "bus_tau_mean": 3.8304, "bus_tau_std": 8.8953, "bus_v_mean": 15.7007, "bus_v_std": 6.8713, "car_acc": 3.4622, "car_dcc": 1.9437, "car_lcAssertive": 69.3337, "car_lcCooperative": 0.2611, "car_lcLookaheadLeft": 45.633, "car_lcPushy": 0.3902, "car_lcSigma": 0.9526, "car_lcSpeedGainRight": 4.2333, "car_lcSublane": 0.4451, "car_sigma": 0.4525, "car_tau_mean": 3.9907, "car_tau_std": 5.7079, "car_v_mean": 13.9037, "car_v_std": 14.9969}, "datetime": {"datetime": "2024-08-12 01:58:57", "elapsed": 4577.229558, "delta": 5.017057}}
{"target": -0.6200101268796799, "params": {"bus_acc": 2.2148, "bus_dcc": 2.881, "bus_lcAssertive": 6.1714, "bus_lcCooperative": 0.0087, "bus_lcLookaheadLeft": 78.3459, "bus_lcPushy": 0.4391, "bus_lcSigma": 0.3323, "bus_lcSpeedGainRight": 1.8155, "bus_lcSublane": 0.4741, "bus_sigma": 0.255, "bus_tau_mean": 3.703, "bus_tau_std": 6.4297, "bus_v_mean": 23.9057, "bus_v_std": 7.5186, "car_acc": 2.1711, "car_dcc": 1.9836, "car_lcAssertive": 23.6379, "car_lcCooperative": 0.1474, "car_lcLookaheadLeft": 50.9266, "car_lcPushy": 0.4198, "car_lcSigma": 0.0465, "car_lcSpeedGainRight": 1.4463, "car_lcSublane": 0.386, "car_sigma": 0.0058, "car_tau_mean": 0.9609, "car_tau_std": 5.9527, "car_v_mean": 22.1206, "car_v_std": 8.3838}, "datetime": {"datetime": "2024-08-12 01:59:03", "elapsed": 4583.49088, "delta": 6.261322}}
{"target": -0.887914942009601, "params": {"bus_acc": 2.9621, "bus_dcc": 0.5074, "bus_lcAssertive": 34.5748, "bus_lcCooperative": 0.338, "bus_lcLookaheadLeft": 68.2177, "bus_lcPushy": 0.9354, "bus_lcSigma": 0.5063, "bus_lcSpeedGainRight": 3.7577, "bus_lcSublane": 0.5848, "bus_sigma": 0.9561, "bus_tau_mean": 3.3996, "bus_tau_std": 9.6909, "bus_v_mean": 22.4031, "bus_v_std": 13.6054, "car_acc": 3.5899, "car_dcc": 2.4718, "car_lcAssertive": 6.9076, "car_lcCooperative": 0.4415, "car_lcLookaheadLeft": 12.5505, "car_lcPushy": 0.0679, "car_lcSigma": 0.041, "car_lcSpeedGainRight": 2.53, "car_lcSublane": 0.2404, "car_sigma": 0.5207, "car_tau_mean": 3.7002, "car_tau_std": 9.9012, "car_v_mean": 8.2639, "car_v_std": 9.6615}, "datetime": {"datetime": "2024-08-12 01:59:09", "elapsed": 4589.217796, "delta": 5.726916}}
{"target": -0.5622855010986719, "params": {"bus_acc": 3.3977, "bus_dcc": 0.3731, "bus_lcAssertive": 25.6143, "bus_lcCooperative": 0.3062, "bus_lcLookaheadLeft": 68.5112, "bus_lcPushy": 0.4029, "bus_lcSigma": 0.8857, "bus_lcSpeedGainRight": 0.4526, "bus_lcSublane": 0.5435, "bus_sigma": 0.2564, "bus_tau_mean": 1.8499, "bus_tau_std": 8.7238, "bus_v_mean": 8.3252, "bus_v_std": 7.6767, "car_acc": 2.3808, "car_dcc": 2.1051, "car_lcAssertive": 81.2376, "car_lcCooperative": 0.0522, "car_lcLookaheadLeft": 38.9837, "car_lcPushy": 0.7403, "car_lcSigma": 0.7398, "car_lcSpeedGainRight": 4.2853, "car_lcSublane": 0.5208, "car_sigma": 0.524, "car_tau_mean": 3.5059, "car_tau_std": 0.7604, "car_v_mean": 25.5661, "car_v_std": 12.2762}, "datetime": {"datetime": "2024-08-12 01:59:14", "elapsed": 4594.761, "delta": 5.543204}}
{"target": -0.6189813969543304, "params": {"bus_acc": 2.2884, "bus_dcc": 3.6304, "bus_lcAssertive": 94.7712, "bus_lcCooperative": 0.2929, "bus_lcLookaheadLeft": 57.1983, "bus_lcPushy": 0.9332, "bus_lcSigma": 0.899, "bus_lcSpeedGainRight": 2.7338, "bus_lcSublane": 0.5304, "bus_sigma": 0.8307, "bus_tau_mean": 1.8099, "bus_tau_std": 8.9454, "bus_v_mean": 12.4254, "bus_v_std": 9.7391, "car_acc": 3.7731, "car_dcc": 2.1805, "car_lcAssertive": 34.2211, "car_lcCooperative": 0.9298, "car_lcLookaheadLeft": 95.1975, "car_lcPushy": 0.4541, "car_lcSigma": 0.9515, "car_lcSpeedGainRight": 1.8059, "car_lcSublane": 0.4773, "car_sigma": 0.504, "car_tau_mean": 3.5202, "car_tau_std": 2.5752, "car_v_mean": 19.2989, "car_v_std": 1.1301}, "datetime": {"datetime": "2024-08-12 01:59:19", "elapsed": 4599.625239, "delta": 4.864239}}
{"target": -0.7106520595036064, "params": {"bus_acc": 2.0145, "bus_dcc": 1.4993, "bus_lcAssertive": 50.8554, "bus_lcCooperative": 0.0673, "bus_lcLookaheadLeft": 54.3673, "bus_lcPushy": 0.6866, "bus_lcSigma": 0.1668, "bus_lcSpeedGainRight": 1.103, "bus_lcSublane": 0.5034, "bus_sigma": 0.4782, "bus_tau_mean": 3.4588, "bus_tau_std": 9.067, "bus_v_mean": 23.5843, "bus_v_std": 17.8908, "car_acc": 3.6668, "car_dcc": 0.2262, "car_lcAssertive": 52.5451, "car_lcCooperative": 0.2832, "car_lcLookaheadLeft": 2.9007, "car_lcPushy": 0.7514, "car_lcSigma": 0.4139, "car_lcSpeedGainRight": 3.4893, "car_lcSublane": 0.5871, "car_sigma": 0.6586, "car_tau_mean": 2.0655, "car_tau_std": 8.8664, "car_v_mean": 12.3036, "car_v_std": 10.2864}, "datetime": {"datetime": "2024-08-12 01:59:22", "elapsed": 4603.052508, "delta": 3.427269}}
{"target": -0.7026078086035846, "params": {"bus_acc": 3.7411, "bus_dcc": 0.7113, "bus_lcAssertive": 22.7881, "bus_lcCooperative": 0.0713, "bus_lcLookaheadLeft": 52.217, "bus_lcPushy": 0.2083, "bus_lcSigma": 0.8829, "bus_lcSpeedGainRight": 1.4497, "bus_lcSublane": 0.9508, "bus_sigma": 0.3389, "bus_tau_mean": 1.216, "bus_tau_std": 0.421, "bus_v_mean": 9.7711, "bus_v_std": 13.0582, "car_acc": 2.5897, "car_dcc": 0.8675, "car_lcAssertive": 95.3163, "car_lcCooperative": 0.7964, "car_lcLookaheadLeft": 5.6525, "car_lcPushy": 0.2352, "car_lcSigma": 0.334, "car_lcSpeedGainRight": 2.601, "car_lcSublane": 0.2926, "car_sigma": 0.1501, "car_tau_mean": 2.7455, "car_tau_std": 4.7833, "car_v_mean": 12.7279, "car_v_std": 6.5416}, "datetime": {"datetime": "2024-08-12 01:59:26", "elapsed": 4606.974473, "delta": 3.921965}}
{"target": -0.45056965680788624, "params": {"bus_acc": 0.9818, "bus_dcc": 3.9491, "bus_lcAssertive": 11.9895, "bus_lcCooperative": 0.6811, "bus_lcLookaheadLeft": 49.1772, "bus_lcPushy": 0.3135, "bus_lcSigma": 0.5802, "bus_lcSpeedGainRight": 3.2348, "bus_lcSublane": 0.6956, "bus_sigma": 0.9327, "bus_tau_mean": 1.3841, "bus_tau_std": 6.2254, "bus_v_mean": 22.1385, "bus_v_std": 0.6652, "car_acc": 1.0576, "car_dcc": 2.2249, "car_lcAssertive": 4.3782, "car_lcCooperative": 0.6379, "car_lcLookaheadLeft": 47.7127, "car_lcPushy": 0.7257, "car_lcSigma": 0.9711, "car_lcSpeedGainRight": 4.8581, "car_lcSublane": 0.4939, "car_sigma": 0.1053, "car_tau_mean": 3.8801, "car_tau_std": 0.2004, "car_v_mean": 25.6941, "car_v_std": 13.5912}, "datetime": {"datetime": "2024-08-12 01:59:33", "elapsed": 4613.599161, "delta": 6.624688}}
{"target": -0.60219736836195, "params": {"bus_acc": 3.6097, "bus_dcc": 1.2449, "bus_lcAssertive": 10.4168, "bus_lcCooperative": 0.9172, "bus_lcLookaheadLeft": 73.8669, "bus_lcPushy": 0.4021, "bus_lcSigma": 0.3774, "bus_lcSpeedGainRight": 1.3016, "bus_lcSublane": 0.0928, "bus_sigma": 0.8902, "bus_tau_mean": 2.6745, "bus_tau_std": 3.5112, "bus_v_mean": 25.2627, "bus_v_std": 9.5484, "car_acc": 1.0163, "car_dcc": 3.6623, "car_lcAssertive": 24.6585, "car_lcCooperative": 0.7657, "car_lcLookaheadLeft": 88.8016, "car_lcPushy": 0.5627, "car_lcSigma": 0.5603, "car_lcSpeedGainRight": 1.8753, "car_lcSublane": 0.65, "car_sigma": 0.9217, "car_tau_mean": 0.9472, "car_tau_std": 0.9031, "car_v_mean": 15.0185, "car_v_std": 18.611}, "datetime": {"datetime": "2024-08-12 01:59:37", "elapsed": 4617.361186, "delta": 3.762025}}
{"target": -0.6046437184291373, "params": {"bus_acc": 3.3636, "bus_dcc": 2.4785, "bus_lcAssertive": 74.8166, "bus_lcCooperative": 0.9908, "bus_lcLookaheadLeft": 36.0021, "bus_lcPushy": 0.0852, "bus_lcSigma": 0.6359, "bus_lcSpeedGainRight": 1.0895, "bus_lcSublane": 0.5677, "bus_sigma": 0.0984, "bus_tau_mean": 2.9425, "bus_tau_std": 6.5669, "bus_v_mean": 18.1007, "bus_v_std": 0.0047, "car_acc": 2.94, "car_dcc": 2.3119, "car_lcAssertive": 58.6143, "car_lcCooperative": 0.9372, "car_lcLookaheadLeft": 43.7413, "car_lcPushy": 0.2211, "car_lcSigma": 0.023, "car_lcSpeedGainRight": 1.9804, "car_lcSublane": 0.1172, "car_sigma": 0.7233, "car_tau_mean": 0.5075, "car_tau_std": 1.1324, "car_v_mean": 24.0857, "car_v_std": 8.2821}, "datetime": {"datetime": "2024-08-12 01:59:40", "elapsed": 4621.04844, "delta": 3.687254}}
