{"target": -0.7773546481731107, "params": {"bus_acc": 2.3784346318888017, "bus_dcc": 3.7824977866452074, "bus_lcAssertive": 52.268144769059866, "bus_lcCooperative": 0.1944658095278845, "bus_lcLookaheadLeft": 85.09806045946067, "bus_lcPushy": 0.25163914235585283, "bus_lcSigma": 0.700726036482538, "bus_lcSpeedGainRight": 2.7013047019844993, "bus_lcSublane": 0.9488362882802196, "bus_sigma": 0.6243367024026759, "bus_tau_mean": 3.432922867167053, "bus_tau_std": 0.07932876194523097, "bus_v_mean": 25.808121010999486, "bus_v_std": 1.5542914066477298, "car_acc": 1.4240921517361245, "car_dcc": 3.7953791027357084, "car_lcAssertive": 1.8849711347532616, "car_lcCooperative": 0.8227300054219355, "car_lcLookaheadLeft": 86.39874055994585, "car_lcPushy": 0.4398308142085725, "car_lcSigma": 0.2557451938059312, "car_lcSpeedGainRight": 4.013447598166493, "car_lcSublane": 0.47786200443222115, "car_sigma": 0.13433860865569613, "car_tau_mean": 3.7474714748875377, "car_tau_std": 8.959699670066485, "car_v_mean": 16.847812700304836, "car_v_std": 17.134049930355843}, "datetime": {"datetime": "2024-08-12 00:43:30", "elapsed": 50.828127, "delta": 1.087134}}
{"target": -0.8519915103969898, "params": {"bus_acc": 1.873674127907728, "bus_dcc": 3.0658650967296057, "bus_lcAssertive": 92.07540412447102, "bus_lcCooperative": 0.4413517453158379, "bus_lcLookaheadLeft": 53.74061744716068, "bus_lcPushy": 0.06603558401663734, "bus_lcSigma": 0.3907730736706927, "bus_lcSpeedGainRight": 2.3361928316662297, "bus_lcSublane": 0.8951377108035733, "bus_sigma": 0.11055744025544123, "bus_tau_mean": 3.058981611196383, "bus_tau_std": 5.454711685487195, "bus_v_mean": 18.917637749297782, "bus_v_std": 0.5956588825912057, "car_acc": 0.7576400430909622, "car_dcc": 1.2791362567715034, "car_lcAssertive": 1.4823327474070012, "car_lcCooperative": 0.6691577977971368, "car_lcLookaheadLeft": 87.28527899441463, "car_lcPushy": 0.5469683092712408, "car_lcSigma": 0.5431640475192038, "car_lcSpeedGainRight": 3.0786296430651867, "car_lcSublane": 0.30218150041580416, "car_sigma": 0.3667319816609417, "car_tau_mean": 2.512289045472183, "car_tau_std": 8.092165837173445, "car_v_mean": 11.628739419347081, "car_v_std": 6.550481116965782}, "datetime": {"datetime": "2024-08-12 00:43:31", "elapsed": 51.315226, "delta": 0.487099}}
{"target": -0.47478314074785805, "params": {"bus_acc": 0.34102812507717883, "bus_dcc": 2.836650563220819, "bus_lcAssertive": 67.36465316168066, "bus_lcCooperative": 0.430471782744975, "bus_lcLookaheadLeft": 77.24331981050095, "bus_lcPushy": 0.5360084947395637, "bus_lcSigma": 0.03985992663545257, "bus_lcSpeedGainRight": 0.6739655898033953, "bus_lcSublane": 0.19341639901491836, "bus_sigma": 0.3356638011646498, "bus_tau_mean": 0.6830953125311686, "bus_tau_std": 6.051167805003662, "bus_v_mean": 17.217098495430537, "bus_v_std": 12.349220240343122, "car_acc": 1.8429512601045073, "car_dcc": 3.4212617793022635, "car_lcAssertive": 45.95184654985598, "car_lcCooperative": 0.015403519791920894, "car_lcLookaheadLeft": 87.56067854781574, "car_lcPushy": 0.6562015477440989, "car_lcSigma": 0.823003040648471, "car_lcSpeedGainRight": 4.758878465169259, "car_lcSublane": 0.050912383516887205, "car_sigma": 0.23507186409101455, "car_tau_mean": 0.7217020520971893, "car_tau_std": 4.216578860324509, "car_v_mean": 23.548924619026135, "car_v_std": 1.632479654301362}, "datetime": {"datetime": "2024-08-12 00:43:31", "elapsed": 52.068918, "delta": 0.753692}}
{"target": -0.4624464534185256, "params": {"bus_acc": 1.0120343029924084, "bus_dcc": 3.1156811320027127, "bus_lcAssertive": 31.55555281543446, "bus_lcCooperative": 0.7332450677264275, "bus_lcLookaheadLeft": 74.95836900161774, "bus_lcPushy": 0.22139670090820107, "bus_lcSigma": 0.21411213682064845, "bus_lcSpeedGainRight": 0.9947396171353334, "bus_lcSublane": 0.14251833776584466, "bus_sigma": 0.3770825992073341, "bus_tau_mean": 0.5931975964206752, "bus_tau_std": 1.1092036903424063, "bus_v_mean": 20.14215242774139, "bus_v_std": 15.995530737947725, "car_acc": 0.5060122030878664, "car_dcc": 1.0804687798460098, "car_lcAssertive": 21.554940518577624, "car_lcCooperative": 0.9173335630816306, "car_lcLookaheadLeft": 71.7088227773757, "car_lcPushy": 0.5538846110514143, "car_lcSigma": 0.30451798792062024, "car_lcSpeedGainRight": 4.174270238158993, "car_lcSublane": 0.43530595762951996, "car_sigma": 0.9234562151187752, "car_tau_mean": 2.971181315175766, "car_tau_std": 4.780313079652833, "car_v_mean": 10.271781867488457, "car_v_std": 19.520871009354952}, "datetime": {"datetime": "2024-08-12 00:43:34", "elapsed": 54.188234, "delta": 2.119316}}
{"target": -0.33771227039852963, "params": {"bus_acc": 1.2351232304916522, "bus_dcc": 2.475397888055, "bus_lcAssertive": 87.43526623016912, "bus_lcCooperative": 0.1282309388454863, "bus_lcLookaheadLeft": 95.90249668805981, "bus_lcPushy": 0.6831708438541465, "bus_lcSigma": 0.7419642356783802, "bus_lcSpeedGainRight": 4.914403929604953, "bus_lcSublane": 0.41610077261814205, "bus_sigma": 0.5315834658959018, "bus_tau_mean": 2.8772453256850152, "bus_tau_std": 5.128751425899914, "bus_v_mean": 13.38402220389504, "bus_v_std": 2.1076934546007853, "car_acc": 1.28274215374415, "car_dcc": 3.1216408234934803, "car_lcAssertive": 64.43748774073276, "car_lcCooperative": 0.8013307032031926, "car_lcLookaheadLeft": 52.67781213310181, "car_lcPushy": 0.23210002184633505, "car_lcSigma": 0.6279619269819027, "car_lcSpeedGainRight": 1.5200274501115159, "car_lcSublane": 0.029528744942020957, "car_sigma": 0.9033311768168756, "car_tau_mean": 1.9712934908097477, "car_tau_std": 4.261307804247122, "car_v_mean": 21.342531235973464, "car_v_std": 18.96916808611587}, "datetime": {"datetime": "2024-08-12 00:43:34", "elapsed": 54.952116, "delta": 0.763882}}
{"target": -0.5201034082517099, "params": {"bus_acc": 3.7645084639941393, "bus_dcc": 0.9044459936616487, "bus_lcAssertive": 93.38242051949933, "bus_lcCooperative": 0.9357532076921331, "bus_lcLookaheadLeft": 29.787362333158143, "bus_lcPushy": 0.27463424842386297, "bus_lcSigma": 0.5514315736733725, "bus_lcSpeedGainRight": 0.9264461968427617, "bus_lcSublane": 0.4421011106267658, "bus_sigma": 0.1853176459376844, "bus_tau_mean": 3.8158157128388575, "bus_tau_std": 4.938246574910856, "bus_v_mean": 25.350519813631962, "bus_v_std": 12.898833450244236, "car_acc": 2.0403999375230653, "car_dcc": 3.8772419346525506, "car_lcAssertive": 15.175788389167522, "car_lcCooperative": 0.6323298746664966, "car_lcLookaheadLeft": 66.86506004800617, "car_lcPushy": 0.43383982715272595, "car_lcSigma": 0.05935722533895749, "car_lcSpeedGainRight": 2.463613005830166, "car_lcSublane": 0.46513394351807746, "car_sigma": 0.8067468107748635, "car_tau_mean": 1.398313464835417, "car_tau_std": 3.914303629842686, "car_v_mean": 12.32309972998479, "car_v_std": 13.728868303447282}, "datetime": {"datetime": "2024-08-12 00:43:35", "elapsed": 55.726269, "delta": 0.774153}}
{"target": -0.553739398560153, "params": {"bus_acc": 1.7958033667273303, "bus_dcc": 2.4905896965207255, "bus_lcAssertive": 72.21453795488647, "bus_lcCooperative": 0.8573003334512307, "bus_lcLookaheadLeft": 68.74892410492416, "bus_lcPushy": 0.23698206447169834, "bus_lcSigma": 0.92572053533626, "bus_lcSpeedGainRight": 3.9059770033788306, "bus_lcSublane": 0.3073814804278443, "bus_sigma": 0.3049656416420632, "bus_tau_mean": 3.5840891145011664, "bus_tau_std": 1.260784803971985, "bus_v_mean": 19.40229501624306, "bus_v_std": 5.554254649468485, "car_acc": 3.3433612355293634, "car_dcc": 1.5851891007123753, "car_lcAssertive": 73.60324335241457, "car_lcCooperative": 0.1924178904137388, "car_lcLookaheadLeft": 49.18169795899246, "car_lcPushy": 0.8035946264310272, "car_lcSigma": 0.39698821167237397, "car_lcSpeedGainRight": 0.8078701992804493, "car_lcSublane": 0.6489822226486474, "car_sigma": 0.7533258058943924, "car_tau_mean": 1.480674223805828, "car_tau_std": 4.5136186123240165, "car_v_mean": 24.208080422949173, "car_v_std": 17.43971262381837}, "datetime": {"datetime": "2024-08-12 00:43:36", "elapsed": 56.393413, "delta": 0.667144}}
{"target": -0.5497558359872695, "params": {"bus_acc": 1.9972668170680496, "bus_dcc": 1.8067988895467297, "bus_lcAssertive": 11.172899823542268, "bus_lcCooperative": 0.772580266631544, "bus_lcLookaheadLeft": 15.446188342011318, "bus_lcPushy": 0.424292374325812, "bus_lcSigma": 0.2719561124527795, "bus_lcSpeedGainRight": 1.5050397153995316, "bus_lcSublane": 0.6724207725864325, "bus_sigma": 0.5177867238134145, "bus_tau_mean": 1.165304676679792, "bus_tau_std": 4.691344398333771, "bus_v_mean": 14.111735638333464, "bus_v_std": 14.089943964962522, "car_acc": 1.059161769243686, "car_dcc": 3.4109549219617117, "car_lcAssertive": 53.0967368242714, "car_lcCooperative": 0.5006195729230891, "car_lcLookaheadLeft": 26.861209074992658, "car_lcPushy": 0.18615566973666398, "car_lcSigma": 0.4718190627375968, "car_lcSpeedGainRight": 4.909122089126287, "car_lcSublane": 0.13290623766182708, "car_sigma": 0.28346243242805713, "car_tau_mean": 3.3022441099920963, "car_tau_std": 6.647768985107549, "car_v_mean": 13.017651356481867, "car_v_std": 6.292952135502237}, "datetime": {"datetime": "2024-08-12 00:43:37", "elapsed": 57.19731, "delta": 0.803897}}
{"target": -0.7618676605309256, "params": {"bus_acc": 1.3527135524925624, "bus_dcc": 0.28122865213466874, "bus_lcAssertive": 99.75101428010461, "bus_lcCooperative": 0.5820299763434618, "bus_lcLookaheadLeft": 30.750875291633548, "bus_lcPushy": 0.9289494618931157, "bus_lcSigma": 0.5071194235482045, "bus_lcSpeedGainRight": 2.2734611377620344, "bus_lcSublane": 0.5878715062961865, "bus_sigma": 0.2641376442105696, "bus_tau_mean": 1.5685090477160166, "bus_tau_std": 3.7165457672418247, "bus_v_mean": 12.400063988688995, "bus_v_std": 11.690945322332595, "car_acc": 2.8442153089428404, "car_dcc": 0.4733994366232043, "car_lcAssertive": 97.13724864292091, "car_lcCooperative": 0.7530706558694549, "car_lcLookaheadLeft": 81.00398996943402, "car_lcPushy": 0.7516404040812905, "car_lcSigma": 0.0800609772712173, "car_lcSpeedGainRight": 2.4084814151058853, "car_lcSublane": 0.44567295640165605, "car_sigma": 0.6724726505249299, "car_tau_mean": 2.070580405885127, "car_tau_std": 7.0431339838390965, "car_v_mean": 20.269616076847214, "car_v_std": 13.942970575055124}, "datetime": {"datetime": "2024-08-12 00:43:37", "elapsed": 57.534223, "delta": 0.336913}}
{"target": -0.3851931103742054, "params": {"bus_acc": 2.1578158454158802, "bus_dcc": 2.0195289245047925, "bus_lcAssertive": 75.19480460446479, "bus_lcCooperative": 0.5726882932924154, "bus_lcLookaheadLeft": 37.52160109540249, "bus_lcPushy": 0.48924478546014216, "bus_lcSigma": 0.18913837493884977, "bus_lcSpeedGainRight": 1.9679170714843097, "bus_lcSublane": 0.029961752524048535, "bus_sigma": 0.46252906034220287, "bus_tau_mean": 1.460659394812498, "bus_tau_std": 5.267158603586157, "bus_v_mean": 8.526898185256025, "bus_v_std": 11.10173533044349, "car_acc": 1.3133919577877573, "car_dcc": 2.39446458785148, "car_lcAssertive": 73.5442154728753, "car_lcCooperative": 0.44033782679643774, "car_lcLookaheadLeft": 66.98936864243262, "car_lcPushy": 0.23890995487021205, "car_lcSigma": 0.9985990885864799, "car_lcSpeedGainRight": 1.2143926080988376, "car_lcSublane": 0.9408284143815248, "car_sigma": 0.21721975039101793, "car_tau_mean": 2.241475346117736, "car_tau_std": 8.211769648927358, "car_v_mean": 20.898584842305215, "car_v_std": 14.11160824241338}, "datetime": {"datetime": "2024-08-12 00:43:37", "elapsed": 58.178841, "delta": 0.644618}}
{"target": -0.40014211092559043, "params": {"bus_acc": 0.2801027567749428, "bus_dcc": 3.9431731037197837, "bus_lcAssertive": 61.545787204019646, "bus_lcCooperative": 0.3783538388352491, "bus_lcLookaheadLeft": 4.599778408824017, "bus_lcPushy": 0.3898387483749842, "bus_lcSigma": 0.4525586263864343, "bus_lcSpeedGainRight": 4.655015968822514, "bus_lcSublane": 0.27850417183805665, "bus_sigma": 0.6147818910832991, "bus_tau_mean": 2.828089241037677, "bus_tau_std": 1.8596096979633892, "bus_v_mean": 17.103740281755773, "bus_v_std": 15.730015257198698, "car_acc": 0.5670003308279714, "car_dcc": 2.5029341330420563, "car_lcAssertive": 3.5799333361509307, "car_lcCooperative": 0.00704672381007565, "car_lcLookaheadLeft": 7.833803499726993, "car_lcPushy": 0.4814004591490364, "car_lcSigma": 0.9257041086902309, "car_lcSpeedGainRight": 2.027786920695121, "car_lcSublane": 0.07503263933654081, "car_sigma": 0.8613524744830288, "car_tau_mean": 2.317541549146541, "car_tau_std": 3.1893586891742407, "car_v_mean": 25.334582098124162, "car_v_std": 18.765235370047566}, "datetime": {"datetime": "2024-08-12 00:43:38", "elapsed": 58.949477, "delta": 0.770636}}
{"target": -0.8378875849110091, "params": {"bus_acc": 0.7450075849469306, "bus_dcc": 0.4978702194488022, "bus_lcAssertive": 2.814931648387722, "bus_lcCooperative": 0.06672499763935646, "bus_lcLookaheadLeft": 46.94121374342632, "bus_lcPushy": 0.11334192276759048, "bus_lcSigma": 0.027783348848669953, "bus_lcSpeedGainRight": 3.774307406952337, "bus_lcSublane": 0.3948504804606394, "bus_sigma": 0.7469384956075251, "bus_tau_mean": 2.0834168936125805, "bus_tau_std": 4.500867470007611, "bus_v_mean": 16.60530512092096, "bus_v_std": 9.48007853124388, "car_acc": 3.2520207000338446, "car_dcc": 1.729091575459396, "car_lcAssertive": 90.56392987401868, "car_lcCooperative": 0.037061047954035864, "car_lcLookaheadLeft": 77.83968558660104, "car_lcPushy": 0.12564138113773882, "car_lcSigma": 0.6185135669120855, "car_lcSpeedGainRight": 0.051821306676159695, "car_lcSublane": 0.538627282576347, "car_sigma": 0.0030179566195963625, "car_tau_mean": 3.829178249215716, "car_tau_std": 9.054020337027781, "car_v_mean": 22.327404954960848, "car_v_std": 18.30548639829575}, "datetime": {"datetime": "2024-08-12 00:43:39", "elapsed": 59.83981, "delta": 0.890333}}
{"target": -0.3537068508368555, "params": {"bus_acc": 1.424993365510794, "bus_dcc": 2.5187792232362067, "bus_lcAssertive": 16.871999966850318, "bus_lcCooperative": 0.4867389357577533, "bus_lcLookaheadLeft": 94.67215992866635, "bus_lcPushy": 0.38391424197853796, "bus_lcSigma": 0.18896259324581144, "bus_lcSpeedGainRight": 2.3441947482109047, "bus_lcSublane": 0.8409078314535324, "bus_sigma": 0.8426677225950326, "bus_tau_mean": 3.3973113381072775, "bus_tau_std": 0.11475512605813365, "bus_v_mean": 12.806725578709313, "bus_v_std": 19.99751575148525, "car_acc": 0.6547964533314488, "car_dcc": 2.0623400851330067, "car_lcAssertive": 79.21258890966585, "car_lcCooperative": 0.12221391009385618, "car_lcLookaheadLeft": 66.91609970774229, "car_lcPushy": 0.4880804455213241, "car_lcSigma": 0.19428998208618675, "car_lcSpeedGainRight": 4.393150132913602, "car_lcSublane": 0.18148739755773036, "car_sigma": 0.6390528592947753, "car_tau_mean": 3.092894073692752, "car_tau_std": 5.626728865932282, "car_v_mean": 19.31914823474944, "car_v_std": 2.379307932440089}, "datetime": {"datetime": "2024-08-12 00:43:40", "elapsed": 60.566362, "delta": 0.726552}}
{"target": -0.3338191087018308, "params": {"bus_acc": 0.8453555943453619, "bus_dcc": 3.53694151303177, "bus_lcAssertive": 10.73633654947196, "bus_lcCooperative": 0.42110762500505217, "bus_lcLookaheadLeft": 95.87317395474919, "bus_lcPushy": 0.5331652849730171, "bus_lcSigma": 0.6918771139504734, "bus_lcSpeedGainRight": 1.5775781550303147, "bus_lcSublane": 0.6865009276815837, "bus_sigma": 0.8346256718973729, "bus_tau_mean": 0.5640089707046714, "bus_tau_std": 7.501443149449675, "bus_v_mean": 25.799499600316906, "bus_v_std": 14.963313087596788, "car_acc": 1.2656871698447396, "car_dcc": 3.1992614481156565, "car_lcAssertive": 11.21937465118656, "car_lcCooperative": 0.44789352617590517, "car_lcLookaheadLeft": 91.04235930312336, "car_lcPushy": 0.2936141483736795, "car_lcSigma": 0.28777533858634874, "car_lcSpeedGainRight": 0.6501428605913884, "car_lcSublane": 0.019366957870297075, "car_sigma": 0.678835532939891, "car_tau_mean": 1.2406984060002066, "car_tau_std": 2.655466593722262, "car_v_mean": 16.848316867046087, "car_v_std": 1.0672509023416077}, "datetime": {"datetime": "2024-08-12 00:43:42", "elapsed": 62.218099, "delta": 1.651737}}
{"target": -0.3827648831575036, "params": {"bus_acc": 0.25301597730726866, "bus_dcc": 1.090575927261398, "bus_lcAssertive": 62.0610573431641, "bus_lcCooperative": 0.9490163206876164, "bus_lcLookaheadLeft": 95.11725968621381, "bus_lcPushy": 0.5566531881951564, "bus_lcSigma": 0.9156063497662745, "bus_lcSpeedGainRight": 3.207831044731688, "bus_lcSublane": 0.39000771414124624, "bus_sigma": 0.48599066709690975, "bus_tau_mean": 2.6150866902199064, "bus_tau_std": 5.495479215085625, "bus_v_mean": 24.671265680716164, "bus_v_std": 18.374668712672122, "car_acc": 1.7005273291095084, "car_dcc": 3.8603976080747047, "car_lcAssertive": 18.22161100136597, "car_lcCooperative": 0.12632951943963733, "car_lcLookaheadLeft": 15.23775748857967, "car_lcPushy": 0.5056621656768967, "car_lcSigma": 0.021524805274197978, "car_lcSpeedGainRight": 4.739851056088405, "car_lcSublane": 0.8271154711707325, "car_sigma": 0.015018980742122379, "car_tau_mean": 1.1166868945126933, "car_tau_std": 3.3206357436683698, "car_v_mean": 10.357943206596504, "car_v_std": 16.189813842531642}, "datetime": {"datetime": "2024-08-12 00:43:42", "elapsed": 63.092346, "delta": 0.874247}}
{"target": -0.524778929570085, "params": {"bus_acc": 1.631005196033943, "bus_dcc": 3.9003774457616256, "bus_lcAssertive": 60.86689399643125, "bus_lcCooperative": 0.828845807980693, "bus_lcLookaheadLeft": 58.321727461394026, "bus_lcPushy": 0.6280761983073504, "bus_lcSigma": 0.28557628169569393, "bus_lcSpeedGainRight": 2.9341667032804146, "bus_lcSublane": 0.7500217637026599, "bus_sigma": 0.8583138364290424, "bus_tau_mean": 3.1427876596368804, "bus_tau_std": 6.98057248447303, "bus_v_mean": 23.560629740982797, "bus_v_std": 6.453619936734929, "car_acc": 2.7489974049928314, "car_dcc": 1.9133209583707267, "car_lcAssertive": 38.8281724511202, "car_lcCooperative": 0.4108113499221856, "car_lcLookaheadLeft": 41.34499918001498, "car_lcPushy": 0.3173839459582769, "car_lcSigma": 0.6219193679203014, "car_lcSpeedGainRight": 2.151236354106322, "car_lcSublane": 0.9738020779272523, "car_sigma": 0.6778008914343111, "car_tau_mean": 1.194994609494888, "car_tau_std": 4.267010093480328, "car_v_mean": 14.180232315939614, "car_v_std": 15.952776079171331}, "datetime": {"datetime": "2024-08-12 00:43:43", "elapsed": 63.795203, "delta": 0.702857}}
{"target": -0.6066887452199223, "params": {"bus_acc": 3.0231007514808486, "bus_dcc": 1.4954969467028998, "bus_lcAssertive": 5.713481941948948, "bus_lcCooperative": 0.15635692867625162, "bus_lcLookaheadLeft": 20.998756246635587, "bus_lcPushy": 0.4951123625611782, "bus_lcSigma": 0.6351249610913382, "bus_lcSpeedGainRight": 4.401099886092915, "bus_lcSublane": 0.9025365564222451, "bus_sigma": 0.307160768485095, "bus_tau_mean": 3.1368302559395502, "bus_tau_std": 2.824280305589726, "bus_v_mean": 14.634383655774966, "bus_v_std": 5.854531241862604, "car_acc": 1.772024797556585, "car_dcc": 1.015919643539846, "car_lcAssertive": 32.57961464054871, "car_lcCooperative": 0.12191981389008766, "car_lcLookaheadLeft": 96.37578748036239, "car_lcPushy": 0.5039830093987828, "car_lcSigma": 0.9231006825886638, "car_lcSpeedGainRight": 3.7308007038671054, "car_lcSublane": 0.4577052876804192, "car_sigma": 0.7546222253081317, "car_tau_mean": 2.6980807751242404, "car_tau_std": 3.0375843415186865, "car_v_mean": 17.389867641438894, "car_v_std": 14.246243912948584}, "datetime": {"datetime": "2024-08-12 00:43:44", "elapsed": 64.72513, "delta": 0.929927}}
{"target": -0.6529059476027211, "params": {"bus_acc": 3.9040134092493126, "bus_dcc": 2.6190967200072093, "bus_lcAssertive": 99.39738943643741, "bus_lcCooperative": 0.5460708041429516, "bus_lcLookaheadLeft": 53.589741522741086, "bus_lcPushy": 0.1354279030721699, "bus_lcSigma": 0.3557051709838811, "bus_lcSpeedGainRight": 0.13109283648186643, "bus_lcSublane": 0.1603951795196491, "bus_sigma": 0.7456371927074961, "bus_tau_mean": 0.6063989147507609, "bus_tau_std": 3.665430972437443, "bus_v_mean": 23.522232551084794, "bus_v_std": 13.853554350147085, "car_acc": 2.8255801398514406, "car_dcc": 0.9168198436301813, "car_lcAssertive": 44.74852379409391, "car_lcCooperative": 0.5815774073442912, "car_lcLookaheadLeft": 98.99566735104311, "car_lcPushy": 0.20390622523312185, "car_lcSigma": 0.24773290176235485, "car_lcSpeedGainRight": 1.3108654188645597, "car_lcSublane": 0.7501724132979928, "car_sigma": 0.4569753274356928, "car_tau_mean": 0.6992530344388325, "car_tau_std": 5.085162406102396, "car_v_mean": 11.815282963586167, "car_v_std": 15.972084895204205}, "datetime": {"datetime": "2024-08-12 00:43:47", "elapsed": 67.334907, "delta": 2.609777}}
{"target": -0.6208187538955653, "params": {"bus_acc": 2.792438433801012, "bus_dcc": 1.3805182450426523, "bus_lcAssertive": 47.76497077930874, "bus_lcCooperative": 0.5992558738787634, "bus_lcLookaheadLeft": 38.639120062403535, "bus_lcPushy": 0.874487796621177, "bus_lcSigma": 0.7261725883076274, "bus_lcSpeedGainRight": 4.771703523121056, "bus_lcSublane": 0.3510655228482117, "bus_sigma": 0.9371740887217811, "bus_tau_mean": 2.176852009790104, "bus_tau_std": 6.423226386484714, "bus_v_mean": 21.259649685587974, "bus_v_std": 16.186759380113603, "car_acc": 1.7057855956742365, "car_dcc": 1.9021947183561303, "car_lcAssertive": 81.91042558516232, "car_lcCooperative": 0.7175572030909549, "car_lcLookaheadLeft": 94.20322251871511, "car_lcPushy": 0.9795978714178412, "car_lcSigma": 0.1789133363658466, "car_lcSpeedGainRight": 1.139597059063776, "car_lcSublane": 0.7159864472790468, "car_sigma": 0.7473827346542434, "car_tau_mean": 2.611128439813839, "car_tau_std": 8.772997642215113, "car_v_mean": 12.535828317993293, "car_v_std": 6.789747885935848}, "datetime": {"datetime": "2024-08-12 00:43:47", "elapsed": 68.178967, "delta": 0.84406}}
