{"target": -0.4034584844644009, "params": {"bus_acc": 3.798, "bus_dcc": 3.5586, "bus_lcAssertive": 7.4779, "bus_lcCooperative": 0.3319, "bus_lcLookaheadLeft": 90.3897, "bus_lcPushy": 0.4974, "bus_lcSigma": 0.2381, "bus_lcSpeedGainRight": 1.0569, "bus_lcSublane": 0.289, "bus_sigma": 0.4833, "bus_tau_mean": 2.6008, "bus_tau_std": 5.7895, "bus_v_mean": 15.3733, "bus_v_std": 16.8242, "car_acc": 1.3358, "car_dcc": 3.4838, "car_lcAssertive": 8.876, "car_lcCooperative": 0.5947, "car_lcLookaheadLeft": 54.978, "car_lcPushy": 0.4698, "car_lcSigma": 0.7965, "car_lcSpeedGainRight": 1.2323, "car_lcSublane": 0.9706, "car_sigma": 0.7773, "car_tau_mean": 3.1682, "car_tau_std": 5.6049, "car_v_mean": 23.1381, "car_v_std": 8.2291}, "datetime": {"datetime": "2024-08-12 02:42:36", "elapsed": 7197.01633, "delta": 5.079696}}
{"target": -0.8419586144391804, "params": {"bus_acc": 3.7541, "bus_dcc": 1.8812, "bus_lcAssertive": 29.7206, "bus_lcCooperative": 0.4083, "bus_lcLookaheadLeft": 62.9777, "bus_lcPushy": 0.4244, "bus_lcSigma": 0.8523, "bus_lcSpeedGainRight": 0.0623, "bus_lcSublane": 0.4364, "bus_sigma": 0.3584, "bus_tau_mean": 1.1333, "bus_tau_std": 1.6977, "bus_v_mean": 11.5672, "bus_v_std": 5.3089, "car_acc": 3.115, "car_dcc": 3.2566, "car_lcAssertive": 91.6301, "car_lcCooperative": 0.6405, "car_lcLookaheadLeft": 90.1381, "car_lcPushy": 0.9506, "car_lcSigma": 0.8122, "car_lcSpeedGainRight": 2.7157, "car_lcSublane": 0.7618, "car_sigma": 0.5787, "car_tau_mean": 1.1199, "car_tau_std": 0.1798, "car_v_mean": 9.5115, "car_v_std": 16.5307}, "datetime": {"datetime": "2024-08-12 02:42:43", "elapsed": 7203.724529, "delta": 6.708199}}
{"target": -0.5944953643201287, "params": {"bus_acc": 1.6519, "bus_dcc": 2.6866, "bus_lcAssertive": 18.0854, "bus_lcCooperative": 0.1992, "bus_lcLookaheadLeft": 42.5167, "bus_lcPushy": 0.5783, "bus_lcSigma": 0.5797, "bus_lcSpeedGainRight": 2.0923, "bus_lcSublane": 0.9147, "bus_sigma": 0.0891, "bus_tau_mean": 2.3046, "bus_tau_std": 8.5507, "bus_v_mean": 18.2437, "bus_v_std": 18.3375, "car_acc": 1.6856, "car_dcc": 3.7356, "car_lcAssertive": 57.5713, "car_lcCooperative": 0.6483, "car_lcLookaheadLeft": 94.2016, "car_lcPushy": 0.2007, "car_lcSigma": 0.8639, "car_lcSpeedGainRight": 1.0508, "car_lcSublane": 0.038, "car_sigma": 0.0609, "car_tau_mean": 1.321, "car_tau_std": 9.9179, "car_v_mean": 9.6846, "car_v_std": 10.9456}, "datetime": {"datetime": "2024-08-12 02:42:48", "elapsed": 7208.234067, "delta": 4.509538}}
{"target": -0.3324481067108072, "params": {"bus_acc": 0.4062, "bus_dcc": 2.4904, "bus_lcAssertive": 44.7108, "bus_lcCooperative": 0.1817, "bus_lcLookaheadLeft": 67.2106, "bus_lcPushy": 0.0015, "bus_lcSigma": 0.108, "bus_lcSpeedGainRight": 3.6836, "bus_lcSublane": 0.0235, "bus_sigma": 0.6523, "bus_tau_mean": 1.6371, "bus_tau_std": 2.3063, "bus_v_mean": 22.9051, "bus_v_std": 10.5192, "car_acc": 0.4587, "car_dcc": 0.9562, "car_lcAssertive": 48.6857, "car_lcCooperative": 0.7603, "car_lcLookaheadLeft": 53.0507, "car_lcPushy": 0.2414, "car_lcSigma": 0.2945, "car_lcSpeedGainRight": 1.9904, "car_lcSublane": 0.558, "car_sigma": 0.2827, "car_tau_mean": 3.4755, "car_tau_std": 2.38, "car_v_mean": 14.8848, "car_v_std": 12.0176}, "datetime": {"datetime": "2024-08-12 02:42:56", "elapsed": 7217.13837, "delta": 8.904303}}
{"target": -0.6122520775573539, "params": {"bus_acc": 2.3513, "bus_dcc": 1.8331, "bus_lcAssertive": 69.2197, "bus_lcCooperative": 0.9663, "bus_lcLookaheadLeft": 51.628, "bus_lcPushy": 0.8359, "bus_lcSigma": 0.711, "bus_lcSpeedGainRight": 0.5635, "bus_lcSublane": 0.5771, "bus_sigma": 0.0687, "bus_tau_mean": 0.8653, "bus_tau_std": 9.6901, "bus_v_mean": 13.6031, "bus_v_std": 5.5439, "car_acc": 1.0111, "car_dcc": 1.5384, "car_lcAssertive": 96.7864, "car_lcCooperative": 0.7269, "car_lcLookaheadLeft": 52.6575, "car_lcPushy": 0.3767, "car_lcSigma": 0.7366, "car_lcSpeedGainRight": 3.564, "car_lcSublane": 0.7843, "car_sigma": 0.3449, "car_tau_mean": 2.5519, "car_tau_std": 0.6392, "car_v_mean": 19.3152, "car_v_std": 11.7983}, "datetime": {"datetime": "2024-08-12 02:43:01", "elapsed": 7222.170527, "delta": 5.032157}}
{"target": -0.2546852706502873, "params": {"bus_acc": 1.8374, "bus_dcc": 3.3083, "bus_lcAssertive": 73.1069, "bus_lcCooperative": 0.3713, "bus_lcLookaheadLeft": 49.8535, "bus_lcPushy": 0.3646, "bus_lcSigma": 0.2445, "bus_lcSpeedGainRight": 1.3478, "bus_lcSublane": 0.483, "bus_sigma": 0.2895, "bus_tau_mean": 2.1154, "bus_tau_std": 4.0781, "bus_v_mean": 9.0989, "bus_v_std": 14.0536, "car_acc": 0.3091, "car_dcc": 2.5134, "car_lcAssertive": 54.5067, "car_lcCooperative": 0.8826, "car_lcLookaheadLeft": 11.5603, "car_lcPushy": 0.3093, "car_lcSigma": 0.9314, "car_lcSpeedGainRight": 1.6007, "car_lcSublane": 0.1442, "car_sigma": 0.9063, "car_tau_mean": 2.117, "car_tau_std": 6.1892, "car_v_mean": 21.7124, "car_v_std": 12.9474}, "datetime": {"datetime": "2024-08-12 02:43:06", "elapsed": 7226.665356, "delta": 4.494829}}
{"target": -0.42480283313412687, "params": {"bus_acc": 2.5723, "bus_dcc": 0.4673, "bus_lcAssertive": 95.5753, "bus_lcCooperative": 0.4701, "bus_lcLookaheadLeft": 98.095, "bus_lcPushy": 0.4933, "bus_lcSigma": 0.4359, "bus_lcSpeedGainRight": 2.4599, "bus_lcSublane": 0.9373, "bus_sigma": 0.813, "bus_tau_mean": 1.4043, "bus_tau_std": 7.3005, "bus_v_mean": 23.5195, "bus_v_std": 16.0873, "car_acc": 0.251, "car_dcc": 0.3343, "car_lcAssertive": 76.4509, "car_lcCooperative": 0.7831, "car_lcLookaheadLeft": 94.1703, "car_lcPushy": 0.3959, "car_lcSigma": 0.3608, "car_lcSpeedGainRight": 2.23, "car_lcSublane": 0.6631, "car_sigma": 0.1693, "car_tau_mean": 2.5239, "car_tau_std": 2.7195, "car_v_mean": 14.0338, "car_v_std": 10.959}, "datetime": {"datetime": "2024-08-12 02:43:13", "elapsed": 7234.179573, "delta": 7.514217}}
{"target": -0.6587843219832027, "params": {"bus_acc": 3.7225, "bus_dcc": 2.1408, "bus_lcAssertive": 82.8985, "bus_lcCooperative": 0.2248, "bus_lcLookaheadLeft": 47.5369, "bus_lcPushy": 0.2318, "bus_lcSigma": 0.0999, "bus_lcSpeedGainRight": 1.3804, "bus_lcSublane": 0.3208, "bus_sigma": 0.3625, "bus_tau_mean": 1.6092, "bus_tau_std": 5.8245, "bus_v_mean": 22.4287, "bus_v_std": 13.8117, "car_acc": 2.0735, "car_dcc": 1.4816, "car_lcAssertive": 38.3926, "car_lcCooperative": 0.8838, "car_lcLookaheadLeft": 47.728, "car_lcPushy": 0.2448, "car_lcSigma": 0.052, "car_lcSpeedGainRight": 1.4339, "car_lcSublane": 0.8432, "car_sigma": 0.1211, "car_tau_mean": 3.9951, "car_tau_std": 7.9355, "car_v_mean": 12.7428, "car_v_std": 19.7337}, "datetime": {"datetime": "2024-08-12 02:43:19", "elapsed": 7239.424103, "delta": 5.24453}}
{"target": -0.7253303694574038, "params": {"bus_acc": 0.5208, "bus_dcc": 2.9253, "bus_lcAssertive": 72.9678, "bus_lcCooperative": 0.0134, "bus_lcLookaheadLeft": 62.0969, "bus_lcPushy": 0.9649, "bus_lcSigma": 0.8482, "bus_lcSpeedGainRight": 1.4861, "bus_lcSublane": 0.0679, "bus_sigma": 0.945, "bus_tau_mean": 3.6686, "bus_tau_std": 1.1913, "bus_v_mean": 18.7167, "bus_v_std": 10.3774, "car_acc": 2.4796, "car_dcc": 3.5246, "car_lcAssertive": 79.5699, "car_lcCooperative": 0.9846, "car_lcLookaheadLeft": 51.9531, "car_lcPushy": 0.0692, "car_lcSigma": 0.4082, "car_lcSpeedGainRight": 0.5868, "car_lcSublane": 0.3929, "car_sigma": 0.6031, "car_tau_mean": 3.9764, "car_tau_std": 1.3051, "car_v_mean": 13.3245, "car_v_std": 12.7213}, "datetime": {"datetime": "2024-08-12 02:43:25", "elapsed": 7245.205038, "delta": 5.780935}}
{"target": -0.7106652479482385, "params": {"bus_acc": 1.0398, "bus_dcc": 0.899, "bus_lcAssertive": 59.525, "bus_lcCooperative": 0.7436, "bus_lcLookaheadLeft": 9.7153, "bus_lcPushy": 0.3253, "bus_lcSigma": 0.4152, "bus_lcSpeedGainRight": 0.536, "bus_lcSublane": 0.7327, "bus_sigma": 0.2623, "bus_tau_mean": 3.5616, "bus_tau_std": 6.8958, "bus_v_mean": 23.655, "bus_v_std": 11.01, "car_acc": 1.9039, "car_dcc": 0.4138, "car_lcAssertive": 97.8039, "car_lcCooperative": 0.8422, "car_lcLookaheadLeft": 37.3093, "car_lcPushy": 0.1526, "car_lcSigma": 0.6535, "car_lcSpeedGainRight": 4.7704, "car_lcSublane": 0.8972, "car_sigma": 0.9422, "car_tau_mean": 3.1256, "car_tau_std": 7.7132, "car_v_mean": 15.1184, "car_v_std": 12.3323}, "datetime": {"datetime": "2024-08-12 02:43:29", "elapsed": 7249.855997, "delta": 4.650959}}
{"target": -0.7462833101352223, "params": {"bus_acc": 2.913, "bus_dcc": 1.2039, "bus_lcAssertive": 23.0554, "bus_lcCooperative": 0.0644, "bus_lcLookaheadLeft": 49.9159, "bus_lcPushy": 0.4889, "bus_lcSigma": 0.2647, "bus_lcSpeedGainRight": 2.7819, "bus_lcSublane": 0.5473, "bus_sigma": 0.4357, "bus_tau_mean": 3.4809, "bus_tau_std": 3.1852, "bus_v_mean": 13.7753, "bus_v_std": 15.3555, "car_acc": 2.0732, "car_dcc": 0.5969, "car_lcAssertive": 19.2078, "car_lcCooperative": 0.7388, "car_lcLookaheadLeft": 90.6643, "car_lcPushy": 0.4651, "car_lcSigma": 0.6523, "car_lcSpeedGainRight": 1.3883, "car_lcSublane": 0.7885, "car_sigma": 0.8316, "car_tau_mean": 1.4237, "car_tau_std": 1.811, "car_v_mean": 8.9047, "car_v_std": 1.2887}, "datetime": {"datetime": "2024-08-12 02:43:37", "elapsed": 7257.494787, "delta": 7.63879}}
{"target": -0.7694886495053413, "params": {"bus_acc": 0.8454, "bus_dcc": 0.5382, "bus_lcAssertive": 43.8424, "bus_lcCooperative": 0.1889, "bus_lcLookaheadLeft": 10.4732, "bus_lcPushy": 0.7919, "bus_lcSigma": 0.9524, "bus_lcSpeedGainRight": 3.7778, "bus_lcSublane": 0.3682, "bus_sigma": 0.9423, "bus_tau_mean": 3.2257, "bus_tau_std": 7.2503, "bus_v_mean": 18.3898, "bus_v_std": 15.2757, "car_acc": 0.3078, "car_dcc": 0.222, "car_lcAssertive": 41.5926, "car_lcCooperative": 0.9915, "car_lcLookaheadLeft": 92.786, "car_lcPushy": 0.8227, "car_lcSigma": 0.7465, "car_lcSpeedGainRight": 4.1711, "car_lcSublane": 0.2627, "car_sigma": 0.7208, "car_tau_mean": 2.5233, "car_tau_std": 2.2253, "car_v_mean": 12.9959, "car_v_std": 18.032}, "datetime": {"datetime": "2024-08-12 02:43:42", "elapsed": 7262.191509, "delta": 4.696722}}
{"target": -0.5684507054107953, "params": {"bus_acc": 1.289, "bus_dcc": 3.0289, "bus_lcAssertive": 31.3696, "bus_lcCooperative": 0.2543, "bus_lcLookaheadLeft": 21.7269, "bus_lcPushy": 0.6527, "bus_lcSigma": 0.373, "bus_lcSpeedGainRight": 0.2671, "bus_lcSublane": 0.1501, "bus_sigma": 0.9425, "bus_tau_mean": 0.568, "bus_tau_std": 3.643, "bus_v_mean": 15.3906, "bus_v_std": 18.1448, "car_acc": 1.2612, "car_dcc": 2.8344, "car_lcAssertive": 69.2212, "car_lcCooperative": 0.6202, "car_lcLookaheadLeft": 78.9054, "car_lcPushy": 0.929, "car_lcSigma": 0.6769, "car_lcSpeedGainRight": 3.2629, "car_lcSublane": 0.0229, "car_sigma": 0.4982, "car_tau_mean": 2.6162, "car_tau_std": 3.8001, "car_v_mean": 9.2165, "car_v_std": 12.9067}, "datetime": {"datetime": "2024-08-12 02:43:46", "elapsed": 7267.049715, "delta": 4.858206}}
{"target": -0.41024863046079857, "params": {"bus_acc": 0.5283, "bus_dcc": 3.567, "bus_lcAssertive": 89.6036, "bus_lcCooperative": 0.0907, "bus_lcLookaheadLeft": 99.8289, "bus_lcPushy": 0.2369, "bus_lcSigma": 0.6555, "bus_lcSpeedGainRight": 4.0254, "bus_lcSublane": 0.1414, "bus_sigma": 0.8197, "bus_tau_mean": 1.927, "bus_tau_std": 8.4775, "bus_v_mean": 23.8593, "bus_v_std": 18.8457, "car_acc": 2.7122, "car_dcc": 3.4132, "car_lcAssertive": 17.7663, "car_lcCooperative": 0.1913, "car_lcLookaheadLeft": 98.0142, "car_lcPushy": 0.6514, "car_lcSigma": 0.4825, "car_lcSpeedGainRight": 4.3478, "car_lcSublane": 0.3095, "car_sigma": 0.3066, "car_tau_mean": 3.6584, "car_tau_std": 9.9951, "car_v_mean": 21.105, "car_v_std": 7.8826}, "datetime": {"datetime": "2024-08-12 02:43:52", "elapsed": 7272.338216, "delta": 5.288501}}
{"target": -0.6309648793945147, "params": {"bus_acc": 1.3621, "bus_dcc": 0.7311, "bus_lcAssertive": 49.3844, "bus_lcCooperative": 0.9838, "bus_lcLookaheadLeft": 28.4081, "bus_lcPushy": 0.3268, "bus_lcSigma": 0.3018, "bus_lcSpeedGainRight": 0.2984, "bus_lcSublane": 0.9807, "bus_sigma": 0.6319, "bus_tau_mean": 1.2769, "bus_tau_std": 1.1603, "bus_v_mean": 22.7704, "bus_v_std": 17.2794, "car_acc": 3.0357, "car_dcc": 2.077, "car_lcAssertive": 83.1702, "car_lcCooperative": 0.1766, "car_lcLookaheadLeft": 70.9338, "car_lcPushy": 0.8236, "car_lcSigma": 0.1106, "car_lcSpeedGainRight": 1.8683, "car_lcSublane": 0.8829, "car_sigma": 0.4173, "car_tau_mean": 2.9918, "car_tau_std": 9.4236, "car_v_mean": 16.2893, "car_v_std": 4.9757}, "datetime": {"datetime": "2024-08-12 02:43:56", "elapsed": 7277.015929, "delta": 4.677713}}
{"target": -0.5772722091957566, "params": {"bus_acc": 3.8285, "bus_dcc": 0.2288, "bus_lcAssertive": 83.4742, "bus_lcCooperative": 0.8359, "bus_lcLookaheadLeft": 9.4354, "bus_lcPushy": 0.9914, "bus_lcSigma": 0.5271, "bus_lcSpeedGainRight": 3.8339, "bus_lcSublane": 0.4141, "bus_sigma": 0.037, "bus_tau_mean": 3.7999, "bus_tau_std": 9.3152, "bus_v_mean": 16.2312, "bus_v_std": 4.389, "car_acc": 3.9819, "car_dcc": 1.7211, "car_lcAssertive": 42.7308, "car_lcCooperative": 0.8895, "car_lcLookaheadLeft": 39.3727, "car_lcPushy": 0.6903, "car_lcSigma": 0.7951, "car_lcSpeedGainRight": 1.6172, "car_lcSublane": 0.6091, "car_sigma": 0.0606, "car_tau_mean": 3.8619, "car_tau_std": 5.6344, "car_v_mean": 13.487, "car_v_std": 6.6429}, "datetime": {"datetime": "2024-08-12 02:44:02", "elapsed": 7282.5129, "delta": 5.496971}}
{"target": -0.6508110918107458, "params": {"bus_acc": 3.2011, "bus_dcc": 1.9057, "bus_lcAssertive": 81.8948, "bus_lcCooperative": 0.5466, "bus_lcLookaheadLeft": 78.9696, "bus_lcPushy": 0.1852, "bus_lcSigma": 0.8937, "bus_lcSpeedGainRight": 1.5365, "bus_lcSublane": 0.6104, "bus_sigma": 0.7424, "bus_tau_mean": 1.138, "bus_tau_std": 8.7142, "bus_v_mean": 15.1697, "bus_v_std": 12.8395, "car_acc": 2.2669, "car_dcc": 1.5562, "car_lcAssertive": 65.5371, "car_lcCooperative": 0.5773, "car_lcLookaheadLeft": 16.0071, "car_lcPushy": 0.9266, "car_lcSigma": 0.2473, "car_lcSpeedGainRight": 1.8499, "car_lcSublane": 0.7546, "car_sigma": 0.567, "car_tau_mean": 1.0207, "car_tau_std": 7.3759, "car_v_mean": 13.9109, "car_v_std": 1.4469}, "datetime": {"datetime": "2024-08-12 02:44:16", "elapsed": 7296.189398, "delta": 13.676498}}
{"target": -0.549867987959641, "params": {"bus_acc": 1.3983, "bus_dcc": 1.0752, "bus_lcAssertive": 85.6541, "bus_lcCooperative": 0.2523, "bus_lcLookaheadLeft": 37.1911, "bus_lcPushy": 0.2109, "bus_lcSigma": 0.5327, "bus_lcSpeedGainRight": 0.9577, "bus_lcSublane": 0.9742, "bus_sigma": 0.2688, "bus_tau_mean": 3.093, "bus_tau_std": 1.948, "bus_v_mean": 16.7226, "bus_v_std": 5.0407, "car_acc": 1.4888, "car_dcc": 2.8639, "car_lcAssertive": 92.3225, "car_lcCooperative": 0.9216, "car_lcLookaheadLeft": 6.0492, "car_lcPushy": 0.4995, "car_lcSigma": 0.7046, "car_lcSpeedGainRight": 4.9328, "car_lcSublane": 0.9613, "car_sigma": 0.7271, "car_tau_mean": 2.6353, "car_tau_std": 3.7616, "car_v_mean": 9.9056, "car_v_std": 0.9461}, "datetime": {"datetime": "2024-08-12 02:44:31", "elapsed": 7312.037212, "delta": 15.847814}}
{"target": -0.7945259663650095, "params": {"bus_acc": 2.7351, "bus_dcc": 2.177, "bus_lcAssertive": 69.938, "bus_lcCooperative": 0.8115, "bus_lcLookaheadLeft": 11.269, "bus_lcPushy": 0.3722, "bus_lcSigma": 0.9076, "bus_lcSpeedGainRight": 4.0643, "bus_lcSublane": 0.1928, "bus_sigma": 0.7589, "bus_tau_mean": 0.8735, "bus_tau_std": 0.0573, "bus_v_mean": 25.4437, "bus_v_std": 17.0452, "car_acc": 1.2419, "car_dcc": 0.9808, "car_lcAssertive": 45.5052, "car_lcCooperative": 0.9199, "car_lcLookaheadLeft": 80.7812, "car_lcPushy": 0.1794, "car_lcSigma": 0.539, "car_lcSpeedGainRight": 1.3037, "car_lcSublane": 0.0446, "car_sigma": 0.0269, "car_tau_mean": 2.5106, "car_tau_std": 0.3821, "car_v_mean": 16.6574, "car_v_std": 1.7294}, "datetime": {"datetime": "2024-08-12 02:44:38", "elapsed": 7318.929164, "delta": 6.891952}}
{"target": -0.6699086578904954, "params": {"bus_acc": 3.7412, "bus_dcc": 2.0078, "bus_lcAssertive": 82.107, "bus_lcCooperative": 0.4522, "bus_lcLookaheadLeft": 31.0163, "bus_lcPushy": 0.4484, "bus_lcSigma": 0.5939, "bus_lcSpeedGainRight": 4.8161, "bus_lcSublane": 0.5984, "bus_sigma": 0.3941, "bus_tau_mean": 1.6558, "bus_tau_std": 1.3536, "bus_v_mean": 11.799, "bus_v_std": 0.5286, "car_acc": 3.7746, "car_dcc": 1.1229, "car_lcAssertive": 15.2847, "car_lcCooperative": 0.6688, "car_lcLookaheadLeft": 92.5245, "car_lcPushy": 0.4508, "car_lcSigma": 0.9758, "car_lcSpeedGainRight": 1.8982, "car_lcSublane": 0.5889, "car_sigma": 0.3079, "car_tau_mean": 1.5019, "car_tau_std": 5.4262, "car_v_mean": 18.3539, "car_v_std": 15.8973}, "datetime": {"datetime": "2024-08-12 02:44:43", "elapsed": 7323.710364, "delta": 4.7812}}
{"target": -0.7051028005388029, "params": {"bus_acc": 2.0926, "bus_dcc": 1.3203, "bus_lcAssertive": 3.6437, "bus_lcCooperative": 0.9652, "bus_lcLookaheadLeft": 81.0751, "bus_lcPushy": 0.2738, "bus_lcSigma": 0.201, "bus_lcSpeedGainRight": 0.7812, "bus_lcSublane": 0.3681, "bus_sigma": 0.0007, "bus_tau_mean": 1.6912, "bus_tau_std": 0.4892, "bus_v_mean": 22.5558, "bus_v_std": 10.9808, "car_acc": 2.1268, "car_dcc": 1.0213, "car_lcAssertive": 77.559, "car_lcCooperative": 0.4821, "car_lcLookaheadLeft": 43.8598, "car_lcPushy": 0.0147, "car_lcSigma": 0.9858, "car_lcSpeedGainRight": 4.3857, "car_lcSublane": 0.7442, "car_sigma": 0.5094, "car_tau_mean": 3.8375, "car_tau_std": 9.505, "car_v_mean": 15.5338, "car_v_std": 8.0323}, "datetime": {"datetime": "2024-08-12 02:44:50", "elapsed": 7330.344317, "delta": 6.633953}}
{"target": -0.5356550977200732, "params": {"bus_acc": 1.1774, "bus_dcc": 1.9638, "bus_lcAssertive": 63.3764, "bus_lcCooperative": 0.0297, "bus_lcLookaheadLeft": 43.9056, "bus_lcPushy": 0.5398, "bus_lcSigma": 0.9225, "bus_lcSpeedGainRight": 0.1916, "bus_lcSublane": 0.0854, "bus_sigma": 0.8923, "bus_tau_mean": 1.2296, "bus_tau_std": 6.7056, "bus_v_mean": 15.5247, "bus_v_std": 18.8589, "car_acc": 3.8658, "car_dcc": 2.5895, "car_lcAssertive": 17.6048, "car_lcCooperative": 0.3276, "car_lcLookaheadLeft": 77.8397, "car_lcPushy": 0.4891, "car_lcSigma": 0.3106, "car_lcSpeedGainRight": 1.5195, "car_lcSublane": 0.8501, "car_sigma": 0.3605, "car_tau_mean": 1.3649, "car_tau_std": 0.1752, "car_v_mean": 13.9467, "car_v_std": 5.0724}, "datetime": {"datetime": "2024-08-12 02:44:54", "elapsed": 7335.070185, "delta": 4.725868}}
{"target": -0.3476625527386809, "params": {"bus_acc": 0.5061, "bus_dcc": 3.8096, "bus_lcAssertive": 69.5032, "bus_lcCooperative": 0.2353, "bus_lcLookaheadLeft": 27.8661, "bus_lcPushy": 0.4476, "bus_lcSigma": 0.1423, "bus_lcSpeedGainRight": 2.0904, "bus_lcSublane": 0.225, "bus_sigma": 0.3655, "bus_tau_mean": 2.8641, "bus_tau_std": 8.074, "bus_v_mean": 17.8401, "bus_v_std": 2.2081, "car_acc": 1.3498, "car_dcc": 2.3385, "car_lcAssertive": 50.6409, "car_lcCooperative": 0.4954, "car_lcLookaheadLeft": 91.9448, "car_lcPushy": 0.1645, "car_lcSigma": 0.8431, "car_lcSpeedGainRight": 4.9617, "car_lcSublane": 0.4643, "car_sigma": 0.7304, "car_tau_mean": 2.5477, "car_tau_std": 1.5468, "car_v_mean": 11.8405, "car_v_std": 11.2013}, "datetime": {"datetime": "2024-08-12 02:45:07", "elapsed": 7347.369694, "delta": 12.299509}}
{"target": -0.32485400684021876, "params": {"bus_acc": 3.4469, "bus_dcc": 2.2975, "bus_lcAssertive": 78.7721, "bus_lcCooperative": 0.1735, "bus_lcLookaheadLeft": 32.3794, "bus_lcPushy": 0.3585, "bus_lcSigma": 0.4369, "bus_lcSpeedGainRight": 3.8718, "bus_lcSublane": 0.0603, "bus_sigma": 0.9118, "bus_tau_mean": 3.0631, "bus_tau_std": 6.6474, "bus_v_mean": 8.6155, "bus_v_std": 8.324, "car_acc": 0.4283, "car_dcc": 3.19, "car_lcAssertive": 75.6223, "car_lcCooperative": 0.7917, "car_lcLookaheadLeft": 9.7386, "car_lcPushy": 0.0086, "car_lcSigma": 0.5498, "car_lcSpeedGainRight": 2.332, "car_lcSublane": 0.4955, "car_sigma": 0.8517, "car_tau_mean": 3.2591, "car_tau_std": 1.1832, "car_v_mean": 24.8146, "car_v_std": 1.4549}, "datetime": {"datetime": "2024-08-12 02:45:15", "elapsed": 7355.566023, "delta": 8.196329}}
{"target": -0.582767332662648, "params": {"bus_acc": 3.3824, "bus_dcc": 3.5669, "bus_lcAssertive": 76.114, "bus_lcCooperative": 0.1264, "bus_lcLookaheadLeft": 50.8271, "bus_lcPushy": 0.1243, "bus_lcSigma": 0.9847, "bus_lcSpeedGainRight": 1.7971, "bus_lcSublane": 0.6594, "bus_sigma": 0.5077, "bus_tau_mean": 2.1906, "bus_tau_std": 0.5094, "bus_v_mean": 18.5577, "bus_v_std": 3.2586, "car_acc": 2.4395, "car_dcc": 3.6699, "car_lcAssertive": 24.9294, "car_lcCooperative": 0.8839, "car_lcLookaheadLeft": 17.8272, "car_lcPushy": 0.9385, "car_lcSigma": 0.343, "car_lcSpeedGainRight": 4.8316, "car_lcSublane": 0.8814, "car_sigma": 0.4472, "car_tau_mean": 2.4006, "car_tau_std": 9.4806, "car_v_mean": 19.8595, "car_v_std": 19.8161}, "datetime": {"datetime": "2024-08-12 02:45:22", "elapsed": 7363.157178, "delta": 7.591155}}
{"target": -0.5366693383200248, "params": {"bus_acc": 1.1935, "bus_dcc": 1.5366, "bus_lcAssertive": 37.1865, "bus_lcCooperative": 0.0145, "bus_lcLookaheadLeft": 12.1947, "bus_lcPushy": 0.2403, "bus_lcSigma": 0.977, "bus_lcSpeedGainRight": 2.1546, "bus_lcSublane": 0.817, "bus_sigma": 0.3949, "bus_tau_mean": 1.6423, "bus_tau_std": 2.9468, "bus_v_mean": 15.58, "bus_v_std": 5.8768, "car_acc": 1.5027, "car_dcc": 2.1801, "car_lcAssertive": 17.7434, "car_lcCooperative": 0.5389, "car_lcLookaheadLeft": 23.8226, "car_lcPushy": 0.4722, "car_lcSigma": 0.358, "car_lcSpeedGainRight": 1.3357, "car_lcSublane": 0.2491, "car_sigma": 0.2914, "car_tau_mean": 0.9974, "car_tau_std": 9.3257, "car_v_mean": 23.8382, "car_v_std": 4.7571}, "datetime": {"datetime": "2024-08-12 02:45:30", "elapsed": 7370.566757, "delta": 7.409579}}
