{"target": -0.5687775792478832, "params": {"bus_acc": 3.9856, "bus_dcc": 2.604, "bus_lcAssertive": 25.9731, "bus_lcCooperative": 0.9186, "bus_lcLookaheadLeft": 77.9536, "bus_lcPushy": 0.1997, "bus_lcSigma": 0.2772, "bus_lcSpeedGainRight": 4.6455, "bus_lcSublane": 0.9003, "bus_sigma": 0.9979, "bus_tau_mean": 1.3382, "bus_tau_std": 9.37, "bus_v_mean": 22.1, "bus_v_std": 18.7144, "car_acc": 1.4762, "car_dcc": 2.5504, "car_lcAssertive": 92.069, "car_lcCooperative": 0.8308, "car_lcLookaheadLeft": 91.8891, "car_lcPushy": 0.6331, "car_lcSigma": 0.986, "car_lcSpeedGainRight": 2.6378, "car_lcSublane": 0.2439, "car_sigma": 0.7484, "car_tau_mean": 0.9875, "car_tau_std": 5.3463, "car_v_mean": 18.8452, "car_v_std": 17.1898}, "datetime": {"datetime": "2024-08-12 04:42:17", "elapsed": 14377.580617, "delta": 14.762441}}
{"target": -0.645363761076806, "params": {"bus_acc": 0.2737, "bus_dcc": 0.8194, "bus_lcAssertive": 19.1601, "bus_lcCooperative": 0.6084, "bus_lcLookaheadLeft": 70.1453, "bus_lcPushy": 0.813, "bus_lcSigma": 0.3861, "bus_lcSpeedGainRight": 4.9095, "bus_lcSublane": 0.8642, "bus_sigma": 0.3506, "bus_tau_mean": 1.549, "bus_tau_std": 0.7875, "bus_v_mean": 15.9786, "bus_v_std": 16.9872, "car_acc": 1.5387, "car_dcc": 2.0924, "car_lcAssertive": 88.5203, "car_lcCooperative": 0.9963, "car_lcLookaheadLeft": 43.0425, "car_lcPushy": 0.7147, "car_lcSigma": 0.8591, "car_lcSpeedGainRight": 3.1564, "car_lcSublane": 0.0689, "car_sigma": 0.9853, "car_tau_mean": 1.9621, "car_tau_std": 0.2703, "car_v_mean": 10.7864, "car_v_std": 16.3642}, "datetime": {"datetime": "2024-08-12 04:42:26", "elapsed": 14386.888014, "delta": 9.307397}}
{"target": -0.6139833123200931, "params": {"bus_acc": 0.5702, "bus_dcc": 3.6706, "bus_lcAssertive": 93.0223, "bus_lcCooperative": 0.3423, "bus_lcLookaheadLeft": 21.0479, "bus_lcPushy": 0.7582, "bus_lcSigma": 0.208, "bus_lcSpeedGainRight": 0.503, "bus_lcSublane": 0.0572, "bus_sigma": 0.2129, "bus_tau_mean": 2.9463, "bus_tau_std": 3.0388, "bus_v_mean": 13.1051, "bus_v_std": 17.2896, "car_acc": 2.7177, "car_dcc": 3.2753, "car_lcAssertive": 5.4259, "car_lcCooperative": 0.1888, "car_lcLookaheadLeft": 79.2697, "car_lcPushy": 0.7013, "car_lcSigma": 0.1376, "car_lcSpeedGainRight": 2.8978, "car_lcSublane": 0.2318, "car_sigma": 0.384, "car_tau_mean": 1.573, "car_tau_std": 8.6662, "car_v_mean": 17.8978, "car_v_std": 13.3066}, "datetime": {"datetime": "2024-08-12 04:42:45", "elapsed": 14405.249695, "delta": 18.361681}}
{"target": -0.6066550385153887, "params": {"bus_acc": 3.6631, "bus_dcc": 0.5963, "bus_lcAssertive": 75.0288, "bus_lcCooperative": 0.327, "bus_lcLookaheadLeft": 58.5844, "bus_lcPushy": 0.8286, "bus_lcSigma": 0.7347, "bus_lcSpeedGainRight": 1.2669, "bus_lcSublane": 0.6799, "bus_sigma": 0.7636, "bus_tau_mean": 1.1975, "bus_tau_std": 8.6727, "bus_v_mean": 15.7533, "bus_v_std": 6.6704, "car_acc": 0.4747, "car_dcc": 0.6344, "car_lcAssertive": 55.2536, "car_lcCooperative": 0.7086, "car_lcLookaheadLeft": 89.0703, "car_lcPushy": 0.6321, "car_lcSigma": 0.1173, "car_lcSpeedGainRight": 4.9388, "car_lcSublane": 0.1836, "car_sigma": 0.9684, "car_tau_mean": 2.116, "car_tau_std": 2.2262, "car_v_mean": 21.2099, "car_v_std": 4.9245}, "datetime": {"datetime": "2024-08-12 04:42:55", "elapsed": 14415.692978, "delta": 10.443283}}
{"target": -0.5730642118922519, "params": {"bus_acc": 2.1925, "bus_dcc": 3.1019, "bus_lcAssertive": 16.8432, "bus_lcCooperative": 0.1575, "bus_lcLookaheadLeft": 63.8959, "bus_lcPushy": 0.1212, "bus_lcSigma": 0.3748, "bus_lcSpeedGainRight": 4.8064, "bus_lcSublane": 0.9657, "bus_sigma": 0.613, "bus_tau_mean": 0.5621, "bus_tau_std": 9.1615, "bus_v_mean": 12.7919, "bus_v_std": 18.9201, "car_acc": 0.9895, "car_dcc": 3.6044, "car_lcAssertive": 35.8077, "car_lcCooperative": 0.1335, "car_lcLookaheadLeft": 34.0227, "car_lcPushy": 0.32, "car_lcSigma": 0.489, "car_lcSpeedGainRight": 4.2653, "car_lcSublane": 0.4762, "car_sigma": 0.3127, "car_tau_mean": 1.1028, "car_tau_std": 8.1736, "car_v_mean": 9.3388, "car_v_std": 17.8854}, "datetime": {"datetime": "2024-08-12 04:43:07", "elapsed": 14427.320228, "delta": 11.62725}}
{"target": -0.16062634969113707, "params": {"bus_acc": 1.4289, "bus_dcc": 3.1499, "bus_lcAssertive": 68.691, "bus_lcCooperative": 0.6507, "bus_lcLookaheadLeft": 75.7569, "bus_lcPushy": 0.5017, "bus_lcSigma": 0.2643, "bus_lcSpeedGainRight": 4.7325, "bus_lcSublane": 0.928, "bus_sigma": 0.7093, "bus_tau_mean": 2.9852, "bus_tau_std": 2.8248, "bus_v_mean": 19.3712, "bus_v_std": 12.81, "car_acc": 0.2702, "car_dcc": 2.9356, "car_lcAssertive": 25.3324, "car_lcCooperative": 0.3863, "car_lcLookaheadLeft": 9.4746, "car_lcPushy": 0.587, "car_lcSigma": 0.0985, "car_lcSpeedGainRight": 3.4516, "car_lcSublane": 0.3304, "car_sigma": 0.1306, "car_tau_mean": 2.8392, "car_tau_std": 7.9226, "car_v_mean": 25.3665, "car_v_std": 5.7078}, "datetime": {"datetime": "2024-08-12 04:43:16", "elapsed": 14436.82092, "delta": 9.500692}}
{"target": -0.5454311840335001, "params": {"bus_acc": 2.3328, "bus_dcc": 2.8011, "bus_lcAssertive": 11.3403, "bus_lcCooperative": 0.5482, "bus_lcLookaheadLeft": 35.1183, "bus_lcPushy": 0.7624, "bus_lcSigma": 0.4907, "bus_lcSpeedGainRight": 1.2761, "bus_lcSublane": 0.7983, "bus_sigma": 0.4762, "bus_tau_mean": 0.5805, "bus_tau_std": 0.2586, "bus_v_mean": 9.5811, "bus_v_std": 4.1361, "car_acc": 0.6446, "car_dcc": 1.2176, "car_lcAssertive": 41.3233, "car_lcCooperative": 0.8992, "car_lcLookaheadLeft": 43.6708, "car_lcPushy": 0.9399, "car_lcSigma": 0.5705, "car_lcSpeedGainRight": 0.9769, "car_lcSublane": 0.7837, "car_sigma": 0.9132, "car_tau_mean": 3.4489, "car_tau_std": 4.6783, "car_v_mean": 24.7029, "car_v_std": 12.989}, "datetime": {"datetime": "2024-08-12 04:43:27", "elapsed": 14447.294993, "delta": 10.474073}}
{"target": -0.5207140497323806, "params": {"bus_acc": 1.2576, "bus_dcc": 3.961, "bus_lcAssertive": 56.7372, "bus_lcCooperative": 0.0542, "bus_lcLookaheadLeft": 13.8398, "bus_lcPushy": 0.887, "bus_lcSigma": 0.8645, "bus_lcSpeedGainRight": 2.6827, "bus_lcSublane": 0.5378, "bus_sigma": 0.0606, "bus_tau_mean": 1.7728, "bus_tau_std": 8.0591, "bus_v_mean": 14.5785, "bus_v_std": 11.9517, "car_acc": 1.5425, "car_dcc": 2.9852, "car_lcAssertive": 12.4754, "car_lcCooperative": 0.0796, "car_lcLookaheadLeft": 81.4248, "car_lcPushy": 0.5687, "car_lcSigma": 0.1145, "car_lcSpeedGainRight": 4.7131, "car_lcSublane": 0.21, "car_sigma": 0.6108, "car_tau_mean": 1.466, "car_tau_std": 5.8357, "car_v_mean": 19.8884, "car_v_std": 6.5482}, "datetime": {"datetime": "2024-08-12 04:43:46", "elapsed": 14466.98023, "delta": 19.685237}}
{"target": -0.7781330190311179, "params": {"bus_acc": 3.649, "bus_dcc": 0.8449, "bus_lcAssertive": 19.1433, "bus_lcCooperative": 0.5144, "bus_lcLookaheadLeft": 11.5509, "bus_lcPushy": 0.3016, "bus_lcSigma": 0.204, "bus_lcSpeedGainRight": 4.7383, "bus_lcSublane": 0.2948, "bus_sigma": 0.4297, "bus_tau_mean": 2.455, "bus_tau_std": 1.6231, "bus_v_mean": 19.9715, "bus_v_std": 14.3414, "car_acc": 3.9196, "car_dcc": 0.9232, "car_lcAssertive": 35.463, "car_lcCooperative": 0.0472, "car_lcLookaheadLeft": 7.9866, "car_lcPushy": 0.1884, "car_lcSigma": 0.8119, "car_lcSpeedGainRight": 3.8755, "car_lcSublane": 0.9319, "car_sigma": 0.3561, "car_tau_mean": 3.3785, "car_tau_std": 5.9295, "car_v_mean": 13.5337, "car_v_std": 17.1095}, "datetime": {"datetime": "2024-08-12 04:43:56", "elapsed": 14476.864598, "delta": 9.884368}}
{"target": -0.6321481315058316, "params": {"bus_acc": 3.231, "bus_dcc": 1.8353, "bus_lcAssertive": 55.7493, "bus_lcCooperative": 0.1236, "bus_lcLookaheadLeft": 50.8276, "bus_lcPushy": 0.2529, "bus_lcSigma": 0.6356, "bus_lcSpeedGainRight": 3.4258, "bus_lcSublane": 0.5862, "bus_sigma": 0.291, "bus_tau_mean": 3.0669, "bus_tau_std": 5.1799, "bus_v_mean": 11.7702, "bus_v_std": 4.7347, "car_acc": 1.7454, "car_dcc": 2.0785, "car_lcAssertive": 74.4724, "car_lcCooperative": 0.6225, "car_lcLookaheadLeft": 74.7754, "car_lcPushy": 0.7562, "car_lcSigma": 0.6873, "car_lcSpeedGainRight": 2.0438, "car_lcSublane": 0.606, "car_sigma": 0.9955, "car_tau_mean": 2.1054, "car_tau_std": 9.8627, "car_v_mean": 20.1983, "car_v_std": 8.5194}, "datetime": {"datetime": "2024-08-12 04:44:12", "elapsed": 14492.328848, "delta": 15.46425}}
{"target": -0.8241785216765246, "params": {"bus_acc": 2.2791, "bus_dcc": 1.5937, "bus_lcAssertive": 36.5943, "bus_lcCooperative": 0.0211, "bus_lcLookaheadLeft": 5.0498, "bus_lcPushy": 0.7623, "bus_lcSigma": 0.5623, "bus_lcSpeedGainRight": 0.5049, "bus_lcSublane": 0.2025, "bus_sigma": 0.322, "bus_tau_mean": 0.5183, "bus_tau_std": 1.1092, "bus_v_mean": 18.3668, "bus_v_std": 12.794, "car_acc": 2.9083, "car_dcc": 2.0797, "car_lcAssertive": 74.8306, "car_lcCooperative": 0.0026, "car_lcLookaheadLeft": 29.7247, "car_lcPushy": 0.954, "car_lcSigma": 0.0477, "car_lcSpeedGainRight": 0.1431, "car_lcSublane": 0.0259, "car_sigma": 0.8483, "car_tau_mean": 1.8858, "car_tau_std": 1.1395, "car_v_mean": 20.3199, "car_v_std": 14.0846}, "datetime": {"datetime": "2024-08-12 04:44:22", "elapsed": 14502.606127, "delta": 10.277279}}
{"target": -0.8450477626840667, "params": {"bus_acc": 2.665, "bus_dcc": 1.6046, "bus_lcAssertive": 88.1336, "bus_lcCooperative": 0.6329, "bus_lcLookaheadLeft": 42.7672, "bus_lcPushy": 0.7539, "bus_lcSigma": 0.2303, "bus_lcSpeedGainRight": 0.7792, "bus_lcSublane": 0.6099, "bus_sigma": 0.2102, "bus_tau_mean": 3.8793, "bus_tau_std": 2.0668, "bus_v_mean": 13.0138, "bus_v_std": 8.0912, "car_acc": 1.9884, "car_dcc": 0.3091, "car_lcAssertive": 7.9582, "car_lcCooperative": 0.2448, "car_lcLookaheadLeft": 82.0363, "car_lcPushy": 0.129, "car_lcSigma": 0.5637, "car_lcSpeedGainRight": 2.3085, "car_lcSublane": 0.1594, "car_sigma": 0.8074, "car_tau_mean": 3.734, "car_tau_std": 0.2279, "car_v_mean": 14.3729, "car_v_std": 8.2515}, "datetime": {"datetime": "2024-08-12 04:44:36", "elapsed": 14517.090523, "delta": 14.484396}}
{"target": -0.6080319001080771, "params": {"bus_acc": 1.1017, "bus_dcc": 0.7245, "bus_lcAssertive": 51.1772, "bus_lcCooperative": 0.0631, "bus_lcLookaheadLeft": 76.2825, "bus_lcPushy": 0.9637, "bus_lcSigma": 0.7289, "bus_lcSpeedGainRight": 4.5685, "bus_lcSublane": 0.4824, "bus_sigma": 0.5724, "bus_tau_mean": 2.6011, "bus_tau_std": 4.9258, "bus_v_mean": 23.7864, "bus_v_std": 8.4368, "car_acc": 2.5642, "car_dcc": 2.5344, "car_lcAssertive": 58.917, "car_lcCooperative": 0.3346, "car_lcLookaheadLeft": 52.8178, "car_lcPushy": 0.6165, "car_lcSigma": 0.2645, "car_lcSpeedGainRight": 0.5988, "car_lcSublane": 0.5127, "car_sigma": 0.5193, "car_tau_mean": 1.9061, "car_tau_std": 7.7915, "car_v_mean": 19.6525, "car_v_std": 15.0486}, "datetime": {"datetime": "2024-08-12 04:44:51", "elapsed": 14531.23722, "delta": 14.146697}}
{"target": -0.591113695286419, "params": {"bus_acc": 2.7835, "bus_dcc": 1.8519, "bus_lcAssertive": 17.8925, "bus_lcCooperative": 0.5504, "bus_lcLookaheadLeft": 97.1162, "bus_lcPushy": 0.6314, "bus_lcSigma": 0.2116, "bus_lcSpeedGainRight": 0.2294, "bus_lcSublane": 0.4366, "bus_sigma": 0.498, "bus_tau_mean": 3.8058, "bus_tau_std": 1.3084, "bus_v_mean": 8.3568, "bus_v_std": 16.0571, "car_acc": 1.8018, "car_dcc": 2.9472, "car_lcAssertive": 96.2136, "car_lcCooperative": 0.5884, "car_lcLookaheadLeft": 28.9111, "car_lcPushy": 0.9766, "car_lcSigma": 0.5941, "car_lcSpeedGainRight": 4.1765, "car_lcSublane": 0.6514, "car_sigma": 0.097, "car_tau_mean": 2.1645, "car_tau_std": 2.3986, "car_v_mean": 20.5801, "car_v_std": 12.6653}, "datetime": {"datetime": "2024-08-12 04:45:01", "elapsed": 14541.44656, "delta": 10.20934}}
{"target": -0.4324528913644216, "params": {"bus_acc": 1.426, "bus_dcc": 2.1051, "bus_lcAssertive": 86.3497, "bus_lcCooperative": 0.5514, "bus_lcLookaheadLeft": 43.0402, "bus_lcPushy": 0.7387, "bus_lcSigma": 0.6345, "bus_lcSpeedGainRight": 0.4382, "bus_lcSublane": 0.1523, "bus_sigma": 0.9446, "bus_tau_mean": 3.5865, "bus_tau_std": 3.7186, "bus_v_mean": 24.6525, "bus_v_std": 7.7601, "car_acc": 2.1181, "car_dcc": 3.8717, "car_lcAssertive": 22.4922, "car_lcCooperative": 0.2915, "car_lcLookaheadLeft": 34.9291, "car_lcPushy": 0.0839, "car_lcSigma": 0.3139, "car_lcSpeedGainRight": 2.3864, "car_lcSublane": 0.451, "car_sigma": 0.6435, "car_tau_mean": 2.2447, "car_tau_std": 0.7933, "car_v_mean": 22.957, "car_v_std": 6.1091}, "datetime": {"datetime": "2024-08-12 04:45:18", "elapsed": 14558.261375, "delta": 16.814815}}
{"target": -0.4574130000846221, "params": {"bus_acc": 2.6336, "bus_dcc": 0.9936, "bus_lcAssertive": 4.8304, "bus_lcCooperative": 0.4842, "bus_lcLookaheadLeft": 47.27, "bus_lcPushy": 0.8496, "bus_lcSigma": 0.5761, "bus_lcSpeedGainRight": 0.9021, "bus_lcSublane": 0.3965, "bus_sigma": 0.7867, "bus_tau_mean": 2.8135, "bus_tau_std": 8.0235, "bus_v_mean": 15.0181, "bus_v_std": 4.969, "car_acc": 1.1385, "car_dcc": 3.1695, "car_lcAssertive": 72.5624, "car_lcCooperative": 0.031, "car_lcLookaheadLeft": 66.169, "car_lcPushy": 0.9988, "car_lcSigma": 0.4654, "car_lcSpeedGainRight": 4.4369, "car_lcSublane": 0.6126, "car_sigma": 0.1396, "car_tau_mean": 2.7524, "car_tau_std": 3.7424, "car_v_mean": 10.2688, "car_v_std": 9.2088}, "datetime": {"datetime": "2024-08-12 04:45:31", "elapsed": 14571.341804, "delta": 13.080429}}
{"target": -0.6980733672075643, "params": {"bus_acc": 2.6462, "bus_dcc": 0.3164, "bus_lcAssertive": 2.5228, "bus_lcCooperative": 0.4511, "bus_lcLookaheadLeft": 85.6728, "bus_lcPushy": 0.2998, "bus_lcSigma": 0.8568, "bus_lcSpeedGainRight": 0.7628, "bus_lcSublane": 0.8462, "bus_sigma": 0.1599, "bus_tau_mean": 1.8782, "bus_tau_std": 2.8312, "bus_v_mean": 19.699, "bus_v_std": 17.0377, "car_acc": 2.3758, "car_dcc": 0.638, "car_lcAssertive": 75.4357, "car_lcCooperative": 0.5109, "car_lcLookaheadLeft": 48.6601, "car_lcPushy": 0.5198, "car_lcSigma": 0.1774, "car_lcSpeedGainRight": 4.3118, "car_lcSublane": 0.0982, "car_sigma": 0.7504, "car_tau_mean": 3.0791, "car_tau_std": 7.0268, "car_v_mean": 12.8658, "car_v_std": 15.8423}, "datetime": {"datetime": "2024-08-12 04:45:44", "elapsed": 14584.917391, "delta": 13.575587}}
{"target": -0.5541667051427764, "params": {"bus_acc": 0.5172, "bus_dcc": 2.1764, "bus_lcAssertive": 56.1169, "bus_lcCooperative": 0.5094, "bus_lcLookaheadLeft": 19.9603, "bus_lcPushy": 0.411, "bus_lcSigma": 0.3668, "bus_lcSpeedGainRight": 4.0899, "bus_lcSublane": 0.8953, "bus_sigma": 0.7123, "bus_tau_mean": 1.0127, "bus_tau_std": 1.5765, "bus_v_mean": 10.8108, "bus_v_std": 10.7369, "car_acc": 0.8233, "car_dcc": 1.9426, "car_lcAssertive": 53.7569, "car_lcCooperative": 0.6888, "car_lcLookaheadLeft": 23.3016, "car_lcPushy": 0.0506, "car_lcSigma": 0.1108, "car_lcSpeedGainRight": 4.1049, "car_lcSublane": 0.0442, "car_sigma": 0.903, "car_tau_mean": 1.6834, "car_tau_std": 9.5371, "car_v_mean": 8.3457, "car_v_std": 8.1987}, "datetime": {"datetime": "2024-08-12 04:45:55", "elapsed": 14595.525071, "delta": 10.60768}}
{"target": -0.47638655329313356, "params": {"bus_acc": 1.9539, "bus_dcc": 0.4637, "bus_lcAssertive": 14.6742, "bus_lcCooperative": 0.0781, "bus_lcLookaheadLeft": 27.3887, "bus_lcPushy": 0.3069, "bus_lcSigma": 0.9334, "bus_lcSpeedGainRight": 0.3871, "bus_lcSublane": 0.1971, "bus_sigma": 0.8361, "bus_tau_mean": 2.8313, "bus_tau_std": 5.2027, "bus_v_mean": 19.9547, "bus_v_std": 0.9141, "car_acc": 1.4574, "car_dcc": 3.2062, "car_lcAssertive": 74.3775, "car_lcCooperative": 0.3175, "car_lcLookaheadLeft": 52.8483, "car_lcPushy": 0.5327, "car_lcSigma": 0.1261, "car_lcSpeedGainRight": 1.103, "car_lcSublane": 0.56, "car_sigma": 0.8039, "car_tau_mean": 1.1427, "car_tau_std": 1.397, "car_v_mean": 16.9318, "car_v_std": 9.4975}, "datetime": {"datetime": "2024-08-12 04:46:04", "elapsed": 14604.785805, "delta": 9.260734}}
{"target": -0.44585590016472904, "params": {"bus_acc": 1.6242, "bus_dcc": 0.5741, "bus_lcAssertive": 20.2738, "bus_lcCooperative": 0.3389, "bus_lcLookaheadLeft": 76.1545, "bus_lcPushy": 0.3088, "bus_lcSigma": 0.7252, "bus_lcSpeedGainRight": 0.0626, "bus_lcSublane": 0.19, "bus_sigma": 0.8542, "bus_tau_mean": 0.9075, "bus_tau_std": 1.6576, "bus_v_mean": 8.376, "bus_v_std": 12.0975, "car_acc": 0.6139, "car_dcc": 3.0866, "car_lcAssertive": 37.199, "car_lcCooperative": 0.3845, "car_lcLookaheadLeft": 39.9875, "car_lcPushy": 0.4836, "car_lcSigma": 0.3165, "car_lcSpeedGainRight": 3.6789, "car_lcSublane": 0.6106, "car_sigma": 0.5098, "car_tau_mean": 3.4967, "car_tau_std": 7.2943, "car_v_mean": 14.9181, "car_v_std": 18.9777}, "datetime": {"datetime": "2024-08-12 04:46:19", "elapsed": 14619.25423, "delta": 14.468425}}
{"target": -0.20233194356081752, "params": {"bus_acc": 1.6505, "bus_dcc": 1.6453, "bus_lcAssertive": 1.7296, "bus_lcCooperative": 0.3277, "bus_lcLookaheadLeft": 62.8085, "bus_lcPushy": 0.2632, "bus_lcSigma": 0.6249, "bus_lcSpeedGainRight": 1.5287, "bus_lcSublane": 0.2041, "bus_sigma": 0.5466, "bus_tau_mean": 3.9513, "bus_tau_std": 4.8266, "bus_v_mean": 17.1572, "bus_v_std": 10.7199, "car_acc": 0.3219, "car_dcc": 2.0807, "car_lcAssertive": 84.5, "car_lcCooperative": 0.6871, "car_lcLookaheadLeft": 99.3797, "car_lcPushy": 0.1087, "car_lcSigma": 0.5302, "car_lcSpeedGainRight": 1.6668, "car_lcSublane": 0.4774, "car_sigma": 0.3378, "car_tau_mean": 1.3601, "car_tau_std": 9.7848, "car_v_mean": 22.401, "car_v_std": 6.0466}, "datetime": {"datetime": "2024-08-12 04:46:29", "elapsed": 14629.369719, "delta": 10.115489}}
{"target": -0.5086385572837298, "params": {"bus_acc": 0.6942, "bus_dcc": 3.6264, "bus_lcAssertive": 75.1446, "bus_lcCooperative": 0.5153, "bus_lcLookaheadLeft": 46.8155, "bus_lcPushy": 0.102, "bus_lcSigma": 0.5954, "bus_lcSpeedGainRight": 2.225, "bus_lcSublane": 0.877, "bus_sigma": 0.1911, "bus_tau_mean": 2.122, "bus_tau_std": 2.3617, "bus_v_mean": 17.6694, "bus_v_std": 17.9283, "car_acc": 3.9548, "car_dcc": 2.4794, "car_lcAssertive": 45.0495, "car_lcCooperative": 0.3041, "car_lcLookaheadLeft": 77.0282, "car_lcPushy": 0.7803, "car_lcSigma": 0.8054, "car_lcSpeedGainRight": 0.9175, "car_lcSublane": 0.6489, "car_sigma": 0.5205, "car_tau_mean": 1.042, "car_tau_std": 4.8996, "car_v_mean": 13.9664, "car_v_std": 11.2706}, "datetime": {"datetime": "2024-08-12 04:46:49", "elapsed": 14650.130866, "delta": 20.761147}}
