{"target": -0.6353060699465986, "params": {"bus_acc": 3.6829, "bus_dcc": 3.8512, "bus_lcAssertive": 22.0628, "bus_lcCooperative": 0.6392, "bus_lcLookaheadLeft": 37.238, "bus_lcPushy": 0.5986, "bus_lcSigma": 0.3704, "bus_lcSpeedGainRight": 4.2713, "bus_lcSublane": 0.7972, "bus_sigma": 0.9225, "bus_tau_mean": 2.7561, "bus_tau_std": 7.4267, "bus_v_mean": 18.2246, "bus_v_std": 7.7725, "car_acc": 0.5889, "car_dcc": 1.6916, "car_lcAssertive": 36.7872, "car_lcCooperative": 0.595, "car_lcLookaheadLeft": 96.6142, "car_lcPushy": 0.1991, "car_lcSigma": 0.6748, "car_lcSpeedGainRight": 4.9513, "car_lcSublane": 0.6542, "car_sigma": 0.7291, "car_tau_mean": 0.6991, "car_tau_std": 2.8291, "car_v_mean": 8.2789, "car_v_std": 3.5849}, "datetime": {"datetime": "2024-08-12 01:04:26", "elapsed": 1306.918848, "delta": 4.488532}}
{"target": -0.4447330053440073, "params": {"bus_acc": 0.4083, "bus_dcc": 2.889, "bus_lcAssertive": 35.3862, "bus_lcCooperative": 0.998, "bus_lcLookaheadLeft": 57.7114, "bus_lcPushy": 0.6581, "bus_lcSigma": 0.0661, "bus_lcSpeedGainRight": 3.9558, "bus_lcSublane": 0.944, "bus_sigma": 0.1059, "bus_tau_mean": 0.5876, "bus_tau_std": 2.1925, "bus_v_mean": 17.9752, "bus_v_std": 15.8065, "car_acc": 1.0613, "car_dcc": 1.5415, "car_lcAssertive": 88.9419, "car_lcCooperative": 0.0093, "car_lcLookaheadLeft": 77.6132, "car_lcPushy": 0.5586, "car_lcSigma": 0.8962, "car_lcSpeedGainRight": 4.2879, "car_lcSublane": 0.0629, "car_sigma": 0.8298, "car_tau_mean": 1.7781, "car_tau_std": 3.8559, "car_v_mean": 10.4284, "car_v_std": 4.3857}, "datetime": {"datetime": "2024-08-12 01:04:29", "elapsed": 1309.653778, "delta": 2.73493}}
{"target": -0.5434123350904396, "params": {"bus_acc": 0.675, "bus_dcc": 0.4869, "bus_lcAssertive": 33.2079, "bus_lcCooperative": 0.2584, "bus_lcLookaheadLeft": 96.161, "bus_lcPushy": 0.7841, "bus_lcSigma": 0.0949, "bus_lcSpeedGainRight": 2.8213, "bus_lcSublane": 0.9728, "bus_sigma": 0.1398, "bus_tau_mean": 3.3971, "bus_tau_std": 2.6939, "bus_v_mean": 15.9133, "bus_v_std": 6.5269, "car_acc": 1.8479, "car_dcc": 1.8388, "car_lcAssertive": 72.8172, "car_lcCooperative": 0.7142, "car_lcLookaheadLeft": 32.3508, "car_lcPushy": 0.1343, "car_lcSigma": 0.1978, "car_lcSpeedGainRight": 4.4709, "car_lcSublane": 0.283, "car_sigma": 0.2996, "car_tau_mean": 1.3746, "car_tau_std": 6.6905, "car_v_mean": 25.2945, "car_v_std": 7.9512}, "datetime": {"datetime": "2024-08-12 01:04:34", "elapsed": 1314.201923, "delta": 4.548145}}
{"target": -0.5234257841685687, "params": {"bus_acc": 3.7398, "bus_dcc": 1.5165, "bus_lcAssertive": 77.353, "bus_lcCooperative": 0.5419, "bus_lcLookaheadLeft": 76.9768, "bus_lcPushy": 0.4719, "bus_lcSigma": 0.8677, "bus_lcSpeedGainRight": 0.2025, "bus_lcSublane": 0.5036, "bus_sigma": 0.8082, "bus_tau_mean": 0.7412, "bus_tau_std": 3.2384, "bus_v_mean": 22.7822, "bus_v_std": 17.1899, "car_acc": 2.0809, "car_dcc": 1.8985, "car_lcAssertive": 30.1943, "car_lcCooperative": 0.7873, "car_lcLookaheadLeft": 91.5332, "car_lcPushy": 0.4123, "car_lcSigma": 0.1866, "car_lcSpeedGainRight": 4.4901, "car_lcSublane": 0.208, "car_sigma": 0.6415, "car_tau_mean": 3.0921, "car_tau_std": 7.15, "car_v_mean": 24.2246, "car_v_std": 5.894}, "datetime": {"datetime": "2024-08-12 01:04:36", "elapsed": 1316.768583, "delta": 2.56666}}
{"target": -0.48966434866936953, "params": {"bus_acc": 0.4976, "bus_dcc": 3.7417, "bus_lcAssertive": 11.7295, "bus_lcCooperative": 0.4623, "bus_lcLookaheadLeft": 33.1707, "bus_lcPushy": 0.583, "bus_lcSigma": 0.5055, "bus_lcSpeedGainRight": 0.798, "bus_lcSublane": 0.0554, "bus_sigma": 0.3058, "bus_tau_mean": 0.5995, "bus_tau_std": 8.8275, "bus_v_mean": 21.8784, "bus_v_std": 10.3439, "car_acc": 3.7598, "car_dcc": 3.171, "car_lcAssertive": 86.1383, "car_lcCooperative": 0.9249, "car_lcLookaheadLeft": 29.4975, "car_lcPushy": 0.8974, "car_lcSigma": 0.7866, "car_lcSpeedGainRight": 2.2578, "car_lcSublane": 0.5114, "car_sigma": 0.5378, "car_tau_mean": 0.908, "car_tau_std": 6.001, "car_v_mean": 15.7253, "car_v_std": 4.7983}, "datetime": {"datetime": "2024-08-12 01:04:41", "elapsed": 1321.886324, "delta": 5.117741}}
{"target": -0.6397770528568812, "params": {"bus_acc": 2.8854, "bus_dcc": 3.7978, "bus_lcAssertive": 13.3137, "bus_lcCooperative": 0.8117, "bus_lcLookaheadLeft": 53.5531, "bus_lcPushy": 0.4166, "bus_lcSigma": 0.5497, "bus_lcSpeedGainRight": 0.7109, "bus_lcSublane": 0.1527, "bus_sigma": 0.1646, "bus_tau_mean": 2.123, "bus_tau_std": 9.7472, "bus_v_mean": 23.4766, "bus_v_std": 3.6619, "car_acc": 1.419, "car_dcc": 0.4073, "car_lcAssertive": 96.8948, "car_lcCooperative": 0.9914, "car_lcLookaheadLeft": 47.8585, "car_lcPushy": 0.7293, "car_lcSigma": 0.6683, "car_lcSpeedGainRight": 3.3013, "car_lcSublane": 0.8924, "car_sigma": 0.7004, "car_tau_mean": 1.0545, "car_tau_std": 7.2709, "car_v_mean": 19.0113, "car_v_std": 9.6531}, "datetime": {"datetime": "2024-08-12 01:04:44", "elapsed": 1324.655321, "delta": 2.768997}}
{"target": -0.5212268749122595, "params": {"bus_acc": 0.3537, "bus_dcc": 0.453, "bus_lcAssertive": 91.591, "bus_lcCooperative": 0.5159, "bus_lcLookaheadLeft": 74.4541, "bus_lcPushy": 0.8533, "bus_lcSigma": 0.8782, "bus_lcSpeedGainRight": 1.7355, "bus_lcSublane": 0.9927, "bus_sigma": 0.4133, "bus_tau_mean": 1.9778, "bus_tau_std": 5.8855, "bus_v_mean": 11.185, "bus_v_std": 15.9648, "car_acc": 1.4488, "car_dcc": 3.3127, "car_lcAssertive": 51.8503, "car_lcCooperative": 0.4027, "car_lcLookaheadLeft": 45.3954, "car_lcPushy": 0.5536, "car_lcSigma": 0.8852, "car_lcSpeedGainRight": 3.5242, "car_lcSublane": 0.4017, "car_sigma": 0.1131, "car_tau_mean": 2.9435, "car_tau_std": 7.4482, "car_v_mean": 10.2531, "car_v_std": 9.0583}, "datetime": {"datetime": "2024-08-12 01:04:47", "elapsed": 1327.625763, "delta": 2.970442}}
{"target": -0.6272874828116956, "params": {"bus_acc": 2.6872, "bus_dcc": 1.8782, "bus_lcAssertive": 40.5697, "bus_lcCooperative": 0.7655, "bus_lcLookaheadLeft": 25.4615, "bus_lcPushy": 0.9906, "bus_lcSigma": 0.2354, "bus_lcSpeedGainRight": 3.7065, "bus_lcSublane": 0.129, "bus_sigma": 0.6648, "bus_tau_mean": 1.278, "bus_tau_std": 5.7178, "bus_v_mean": 17.7073, "bus_v_std": 3.5077, "car_acc": 3.2903, "car_dcc": 2.8189, "car_lcAssertive": 62.4805, "car_lcCooperative": 0.3506, "car_lcLookaheadLeft": 31.2717, "car_lcPushy": 0.0815, "car_lcSigma": 0.7965, "car_lcSpeedGainRight": 4.424, "car_lcSublane": 0.7288, "car_sigma": 0.2127, "car_tau_mean": 2.1563, "car_tau_std": 1.2062, "car_v_mean": 20.5613, "car_v_std": 12.8473}, "datetime": {"datetime": "2024-08-12 01:04:50", "elapsed": 1330.914814, "delta": 3.289051}}
{"target": -0.505327845920171, "params": {"bus_acc": 3.0148, "bus_dcc": 2.5258, "bus_lcAssertive": 76.9826, "bus_lcCooperative": 0.9975, "bus_lcLookaheadLeft": 41.8432, "bus_lcPushy": 0.8137, "bus_lcSigma": 0.0135, "bus_lcSpeedGainRight": 2.435, "bus_lcSublane": 0.2142, "bus_sigma": 0.0746, "bus_tau_mean": 3.7346, "bus_tau_std": 1.2289, "bus_v_mean": 12.137, "bus_v_std": 14.8477, "car_acc": 3.2357, "car_dcc": 1.4575, "car_lcAssertive": 46.4652, "car_lcCooperative": 0.9943, "car_lcLookaheadLeft": 7.9544, "car_lcPushy": 0.8893, "car_lcSigma": 0.9304, "car_lcSpeedGainRight": 1.4594, "car_lcSublane": 0.7928, "car_sigma": 0.2657, "car_tau_mean": 1.971, "car_tau_std": 6.3913, "car_v_mean": 13.9952, "car_v_std": 9.8143}, "datetime": {"datetime": "2024-08-12 01:04:55", "elapsed": 1335.766629, "delta": 4.851815}}
{"target": -0.5413054508229256, "params": {"bus_acc": 2.2737, "bus_dcc": 1.8416, "bus_lcAssertive": 52.5258, "bus_lcCooperative": 0.8801, "bus_lcLookaheadLeft": 13.5921, "bus_lcPushy": 0.4893, "bus_lcSigma": 0.5476, "bus_lcSpeedGainRight": 1.6405, "bus_lcSublane": 0.638, "bus_sigma": 0.1748, "bus_tau_mean": 1.3276, "bus_tau_std": 8.8136, "bus_v_mean": 13.4916, "bus_v_std": 11.8362, "car_acc": 0.7856, "car_dcc": 0.612, "car_lcAssertive": 13.8876, "car_lcCooperative": 0.8524, "car_lcLookaheadLeft": 80.3895, "car_lcPushy": 0.7749, "car_lcSigma": 0.834, "car_lcSpeedGainRight": 2.1339, "car_lcSublane": 0.3158, "car_sigma": 0.2835, "car_tau_mean": 3.485, "car_tau_std": 5.7686, "car_v_mean": 9.0762, "car_v_std": 16.1817}, "datetime": {"datetime": "2024-08-12 01:05:02", "elapsed": 1342.351393, "delta": 6.584764}}
{"target": -0.6259612787417369, "params": {"bus_acc": 1.0357, "bus_dcc": 3.049, "bus_lcAssertive": 17.7984, "bus_lcCooperative": 0.2371, "bus_lcLookaheadLeft": 82.6504, "bus_lcPushy": 0.0876, "bus_lcSigma": 0.3034, "bus_lcSpeedGainRight": 0.5431, "bus_lcSublane": 0.2794, "bus_sigma": 0.0057, "bus_tau_mean": 2.866, "bus_tau_std": 9.7134, "bus_v_mean": 17.0738, "bus_v_std": 9.9059, "car_acc": 3.1499, "car_dcc": 2.5536, "car_lcAssertive": 70.8114, "car_lcCooperative": 0.1686, "car_lcLookaheadLeft": 60.1993, "car_lcPushy": 0.7401, "car_lcSigma": 0.255, "car_lcSpeedGainRight": 1.287, "car_lcSublane": 0.1325, "car_sigma": 0.2648, "car_tau_mean": 3.9416, "car_tau_std": 9.5177, "car_v_mean": 19.4512, "car_v_std": 11.6884}, "datetime": {"datetime": "2024-08-12 01:05:05", "elapsed": 1345.244519, "delta": 2.893126}}
{"target": -0.6742776356242857, "params": {"bus_acc": 1.9156, "bus_dcc": 2.0262, "bus_lcAssertive": 98.3594, "bus_lcCooperative": 0.1937, "bus_lcLookaheadLeft": 90.9822, "bus_lcPushy": 0.6356, "bus_lcSigma": 0.3063, "bus_lcSpeedGainRight": 3.9118, "bus_lcSublane": 0.475, "bus_sigma": 0.5976, "bus_tau_mean": 0.9878, "bus_tau_std": 2.7623, "bus_v_mean": 14.726, "bus_v_std": 15.0553, "car_acc": 2.9364, "car_dcc": 2.5512, "car_lcAssertive": 33.4064, "car_lcCooperative": 0.8507, "car_lcLookaheadLeft": 18.6131, "car_lcPushy": 0.8008, "car_lcSigma": 0.517, "car_lcSpeedGainRight": 2.5906, "car_lcSublane": 0.5038, "car_sigma": 0.9652, "car_tau_mean": 2.393, "car_tau_std": 1.7209, "car_v_mean": 16.2602, "car_v_std": 9.0203}, "datetime": {"datetime": "2024-08-12 01:05:10", "elapsed": 1350.522637, "delta": 5.278118}}
{"target": -0.7482271824937019, "params": {"bus_acc": 1.7207, "bus_dcc": 2.5139, "bus_lcAssertive": 58.9611, "bus_lcCooperative": 0.574, "bus_lcLookaheadLeft": 52.4288, "bus_lcPushy": 0.5139, "bus_lcSigma": 0.0186, "bus_lcSpeedGainRight": 1.7698, "bus_lcSublane": 0.5874, "bus_sigma": 0.0017, "bus_tau_mean": 3.8208, "bus_tau_std": 5.2073, "bus_v_mean": 12.9285, "bus_v_std": 5.5695, "car_acc": 1.8903, "car_dcc": 3.9695, "car_lcAssertive": 52.1366, "car_lcCooperative": 0.4087, "car_lcLookaheadLeft": 4.3136, "car_lcPushy": 0.5345, "car_lcSigma": 0.3892, "car_lcSpeedGainRight": 0.1096, "car_lcSublane": 0.6718, "car_sigma": 0.5365, "car_tau_mean": 2.4304, "car_tau_std": 3.4126, "car_v_mean": 16.8306, "car_v_std": 9.7569}, "datetime": {"datetime": "2024-08-12 01:05:12", "elapsed": 1352.94402, "delta": 2.421383}}
{"target": -0.5754018724269255, "params": {"bus_acc": 0.7178, "bus_dcc": 3.1612, "bus_lcAssertive": 58.9697, "bus_lcCooperative": 0.4215, "bus_lcLookaheadLeft": 82.0661, "bus_lcPushy": 0.5007, "bus_lcSigma": 0.1602, "bus_lcSpeedGainRight": 4.7394, "bus_lcSublane": 0.6468, "bus_sigma": 0.7552, "bus_tau_mean": 1.6963, "bus_tau_std": 3.5904, "bus_v_mean": 13.4819, "bus_v_std": 16.2096, "car_acc": 2.9237, "car_dcc": 0.3597, "car_lcAssertive": 17.7572, "car_lcCooperative": 0.7967, "car_lcLookaheadLeft": 93.0627, "car_lcPushy": 0.8229, "car_lcSigma": 0.0864, "car_lcSpeedGainRight": 3.67, "car_lcSublane": 0.2756, "car_sigma": 0.2987, "car_tau_mean": 3.2313, "car_tau_std": 1.4958, "car_v_mean": 10.564, "car_v_std": 12.8311}, "datetime": {"datetime": "2024-08-12 01:05:18", "elapsed": 1358.288995, "delta": 5.344975}}
{"target": -0.30816559250424885, "params": {"bus_acc": 0.4318, "bus_dcc": 2.5209, "bus_lcAssertive": 51.8984, "bus_lcCooperative": 0.2676, "bus_lcLookaheadLeft": 53.3311, "bus_lcPushy": 0.6904, "bus_lcSigma": 0.5583, "bus_lcSpeedGainRight": 1.5301, "bus_lcSublane": 0.9719, "bus_sigma": 0.913, "bus_tau_mean": 3.4973, "bus_tau_std": 1.7809, "bus_v_mean": 18.6673, "bus_v_std": 14.4482, "car_acc": 0.9263, "car_dcc": 3.3851, "car_lcAssertive": 73.7786, "car_lcCooperative": 0.8888, "car_lcLookaheadLeft": 78.3783, "car_lcPushy": 0.7283, "car_lcSigma": 0.402, "car_lcSpeedGainRight": 2.4209, "car_lcSublane": 0.3508, "car_sigma": 0.8782, "car_tau_mean": 2.2416, "car_tau_std": 2.2675, "car_v_mean": 23.8374, "car_v_std": 4.5294}, "datetime": {"datetime": "2024-08-12 01:05:19", "elapsed": 1360.113521, "delta": 1.824526}}
{"target": -0.7106041363616087, "params": {"bus_acc": 3.5322, "bus_dcc": 0.841, "bus_lcAssertive": 51.4443, "bus_lcCooperative": 0.5561, "bus_lcLookaheadLeft": 75.4036, "bus_lcPushy": 0.5656, "bus_lcSigma": 0.2086, "bus_lcSpeedGainRight": 4.5776, "bus_lcSublane": 0.8298, "bus_sigma": 0.1349, "bus_tau_mean": 1.7994, "bus_tau_std": 4.382, "bus_v_mean": 25.2244, "bus_v_std": 17.2486, "car_acc": 2.0628, "car_dcc": 3.3409, "car_lcAssertive": 7.2446, "car_lcCooperative": 0.7361, "car_lcLookaheadLeft": 44.0588, "car_lcPushy": 0.8732, "car_lcSigma": 0.553, "car_lcSpeedGainRight": 2.1205, "car_lcSublane": 0.6774, "car_sigma": 0.8418, "car_tau_mean": 1.4347, "car_tau_std": 8.3918, "car_v_mean": 20.6978, "car_v_std": 19.4289}, "datetime": {"datetime": "2024-08-12 01:05:22", "elapsed": 1362.608907, "delta": 2.495386}}
{"target": -0.6267537791969978, "params": {"bus_acc": 3.1429, "bus_dcc": 3.3598, "bus_lcAssertive": 37.7274, "bus_lcCooperative": 0.5529, "bus_lcLookaheadLeft": 79.0009, "bus_lcPushy": 0.3693, "bus_lcSigma": 0.6583, "bus_lcSpeedGainRight": 0.6943, "bus_lcSublane": 0.0653, "bus_sigma": 0.7899, "bus_tau_mean": 2.2263, "bus_tau_std": 7.5919, "bus_v_mean": 23.8274, "bus_v_std": 2.5448, "car_acc": 1.8359, "car_dcc": 3.6185, "car_lcAssertive": 17.5101, "car_lcCooperative": 0.5152, "car_lcLookaheadLeft": 46.1399, "car_lcPushy": 0.0509, "car_lcSigma": 0.909, "car_lcSpeedGainRight": 0.1142, "car_lcSublane": 0.0807, "car_sigma": 0.1016, "car_tau_mean": 2.9968, "car_tau_std": 9.0583, "car_v_mean": 22.3197, "car_v_std": 16.5898}, "datetime": {"datetime": "2024-08-12 01:05:24", "elapsed": 1364.985369, "delta": 2.376462}}
{"target": -0.41874887583444, "params": {"bus_acc": 3.323, "bus_dcc": 2.8838, "bus_lcAssertive": 86.3146, "bus_lcCooperative": 0.737, "bus_lcLookaheadLeft": 59.3658, "bus_lcPushy": 0.5128, "bus_lcSigma": 0.349, "bus_lcSpeedGainRight": 4.553, "bus_lcSublane": 0.5517, "bus_sigma": 0.359, "bus_tau_mean": 3.299, "bus_tau_std": 7.9899, "bus_v_mean": 18.3403, "bus_v_std": 11.0983, "car_acc": 0.7983, "car_dcc": 0.5681, "car_lcAssertive": 28.885, "car_lcCooperative": 0.8283, "car_lcLookaheadLeft": 71.1268, "car_lcPushy": 0.5196, "car_lcSigma": 0.1739, "car_lcSpeedGainRight": 4.0201, "car_lcSublane": 0.8329, "car_sigma": 0.6858, "car_tau_mean": 2.9511, "car_tau_std": 7.0201, "car_v_mean": 13.5147, "car_v_std": 15.9194}, "datetime": {"datetime": "2024-08-12 01:05:28", "elapsed": 1368.61888, "delta": 3.633511}}
{"target": -0.7328701060902088, "params": {"bus_acc": 2.6096, "bus_dcc": 1.2817, "bus_lcAssertive": 91.7816, "bus_lcCooperative": 0.8252, "bus_lcLookaheadLeft": 18.2373, "bus_lcPushy": 0.7194, "bus_lcSigma": 0.818, "bus_lcSpeedGainRight": 2.3585, "bus_lcSublane": 0.9959, "bus_sigma": 0.8891, "bus_tau_mean": 0.9089, "bus_tau_std": 1.2881, "bus_v_mean": 16.0287, "bus_v_std": 12.8261, "car_acc": 3.2286, "car_dcc": 1.4798, "car_lcAssertive": 39.3734, "car_lcCooperative": 0.8138, "car_lcLookaheadLeft": 33.8747, "car_lcPushy": 0.8704, "car_lcSigma": 0.8551, "car_lcSpeedGainRight": 4.4466, "car_lcSublane": 0.8553, "car_sigma": 0.9536, "car_tau_mean": 0.5685, "car_tau_std": 2.4255, "car_v_mean": 17.3832, "car_v_std": 6.1983}, "datetime": {"datetime": "2024-08-12 01:05:32", "elapsed": 1372.774447, "delta": 4.155567}}
{"target": -0.572005716000731, "params": {"bus_acc": 3.503, "bus_dcc": 2.1385, "bus_lcAssertive": 88.3078, "bus_lcCooperative": 0.1011, "bus_lcLookaheadLeft": 54.1751, "bus_lcPushy": 0.4111, "bus_lcSigma": 0.734, "bus_lcSpeedGainRight": 4.0502, "bus_lcSublane": 0.4907, "bus_sigma": 0.561, "bus_tau_mean": 1.4551, "bus_tau_std": 5.9435, "bus_v_mean": 24.5689, "bus_v_std": 0.5541, "car_acc": 2.328, "car_dcc": 0.5578, "car_lcAssertive": 94.2922, "car_lcCooperative": 0.8687, "car_lcLookaheadLeft": 92.4042, "car_lcPushy": 0.3697, "car_lcSigma": 0.9688, "car_lcSpeedGainRight": 0.7961, "car_lcSublane": 0.6167, "car_sigma": 0.6084, "car_tau_mean": 2.192, "car_tau_std": 8.7252, "car_v_mean": 24.2798, "car_v_std": 14.6437}, "datetime": {"datetime": "2024-08-12 01:05:34", "elapsed": 1375.090006, "delta": 2.315559}}
{"target": -0.6529762679849637, "params": {"bus_acc": 3.7604, "bus_dcc": 2.6083, "bus_lcAssertive": 15.2638, "bus_lcCooperative": 0.0774, "bus_lcLookaheadLeft": 51.466, "bus_lcPushy": 0.5936, "bus_lcSigma": 0.6574, "bus_lcSpeedGainRight": 2.3588, "bus_lcSublane": 0.9727, "bus_sigma": 0.8833, "bus_tau_mean": 2.3698, "bus_tau_std": 4.6991, "bus_v_mean": 23.566, "bus_v_std": 19.6491, "car_acc": 3.1875, "car_dcc": 3.3745, "car_lcAssertive": 27.4549, "car_lcCooperative": 0.3056, "car_lcLookaheadLeft": 71.306, "car_lcPushy": 0.8998, "car_lcSigma": 0.8758, "car_lcSpeedGainRight": 0.9994, "car_lcSublane": 0.8781, "car_sigma": 0.0006, "car_tau_mean": 1.7433, "car_tau_std": 2.7737, "car_v_mean": 23.3064, "car_v_std": 0.3595}, "datetime": {"datetime": "2024-08-12 01:05:38", "elapsed": 1378.885205, "delta": 3.795199}}
{"target": -0.8664432992335084, "params": {"bus_acc": 3.6119, "bus_dcc": 0.6235, "bus_lcAssertive": 96.4075, "bus_lcCooperative": 0.504, "bus_lcLookaheadLeft": 46.8436, "bus_lcPushy": 0.4921, "bus_lcSigma": 0.4016, "bus_lcSpeedGainRight": 2.2888, "bus_lcSublane": 0.2397, "bus_sigma": 0.0652, "bus_tau_mean": 1.9102, "bus_tau_std": 0.142, "bus_v_mean": 24.8354, "bus_v_std": 10.6595, "car_acc": 2.0338, "car_dcc": 1.0742, "car_lcAssertive": 3.3591, "car_lcCooperative": 0.9725, "car_lcLookaheadLeft": 62.3519, "car_lcPushy": 0.7402, "car_lcSigma": 0.0218, "car_lcSpeedGainRight": 4.5301, "car_lcSublane": 0.0293, "car_sigma": 0.4243, "car_tau_mean": 3.4497, "car_tau_std": 4.1983, "car_v_mean": 16.5261, "car_v_std": 2.0397}, "datetime": {"datetime": "2024-08-12 01:05:41", "elapsed": 1381.29721, "delta": 2.412005}}
{"target": -0.6600145867714596, "params": {"bus_acc": 3.3305, "bus_dcc": 2.5923, "bus_lcAssertive": 6.5573, "bus_lcCooperative": 0.7163, "bus_lcLookaheadLeft": 77.4572, "bus_lcPushy": 0.7416, "bus_lcSigma": 0.7849, "bus_lcSpeedGainRight": 0.4769, "bus_lcSublane": 0.9707, "bus_sigma": 0.6987, "bus_tau_mean": 2.4826, "bus_tau_std": 8.6219, "bus_v_mean": 13.2836, "bus_v_std": 2.1865, "car_acc": 2.2125, "car_dcc": 0.6057, "car_lcAssertive": 50.6543, "car_lcCooperative": 0.2614, "car_lcLookaheadLeft": 37.6872, "car_lcPushy": 0.7355, "car_lcSigma": 0.2692, "car_lcSpeedGainRight": 1.7607, "car_lcSublane": 0.4523, "car_sigma": 0.2952, "car_tau_mean": 1.7052, "car_tau_std": 5.2083, "car_v_mean": 22.0777, "car_v_std": 15.1438}, "datetime": {"datetime": "2024-08-12 01:05:45", "elapsed": 1385.432739, "delta": 4.135529}}
{"target": -0.6155175427434535, "params": {"bus_acc": 2.2879, "bus_dcc": 2.9382, "bus_lcAssertive": 65.48, "bus_lcCooperative": 0.2733, "bus_lcLookaheadLeft": 70.3871, "bus_lcPushy": 0.199, "bus_lcSigma": 0.9887, "bus_lcSpeedGainRight": 2.8084, "bus_lcSublane": 0.8363, "bus_sigma": 0.5219, "bus_tau_mean": 2.2911, "bus_tau_std": 1.0861, "bus_v_mean": 21.1275, "bus_v_std": 6.8627, "car_acc": 1.8657, "car_dcc": 1.7043, "car_lcAssertive": 67.6456, "car_lcCooperative": 0.2958, "car_lcLookaheadLeft": 40.623, "car_lcPushy": 0.8856, "car_lcSigma": 0.1388, "car_lcSpeedGainRight": 1.0389, "car_lcSublane": 0.7763, "car_sigma": 0.3116, "car_tau_mean": 3.0377, "car_tau_std": 4.4944, "car_v_mean": 8.5487, "car_v_std": 0.1663}, "datetime": {"datetime": "2024-08-12 01:05:49", "elapsed": 1389.180861, "delta": 3.748122}}
{"target": -0.5882408852599451, "params": {"bus_acc": 1.0876, "bus_dcc": 2.0193, "bus_lcAssertive": 40.0551, "bus_lcCooperative": 0.6771, "bus_lcLookaheadLeft": 28.0759, "bus_lcPushy": 0.5673, "bus_lcSigma": 0.6377, "bus_lcSpeedGainRight": 3.4272, "bus_lcSublane": 0.0044, "bus_sigma": 0.1175, "bus_tau_mean": 3.4063, "bus_tau_std": 1.4091, "bus_v_mean": 22.4366, "bus_v_std": 12.5708, "car_acc": 3.8866, "car_dcc": 1.2792, "car_lcAssertive": 72.3707, "car_lcCooperative": 0.7491, "car_lcLookaheadLeft": 10.7792, "car_lcPushy": 0.7644, "car_lcSigma": 0.3618, "car_lcSpeedGainRight": 0.4059, "car_lcSublane": 0.8037, "car_sigma": 0.8949, "car_tau_mean": 3.9885, "car_tau_std": 4.4976, "car_v_mean": 18.0433, "car_v_std": 13.5393}, "datetime": {"datetime": "2024-08-12 01:05:50", "elapsed": 1390.902628, "delta": 1.721767}}
{"target": -0.4567583219735216, "params": {"bus_acc": 0.442, "bus_dcc": 3.1641, "bus_lcAssertive": 99.1804, "bus_lcCooperative": 0.1294, "bus_lcLookaheadLeft": 88.3394, "bus_lcPushy": 0.1755, "bus_lcSigma": 0.3852, "bus_lcSpeedGainRight": 2.5898, "bus_lcSublane": 0.664, "bus_sigma": 0.6808, "bus_tau_mean": 3.0874, "bus_tau_std": 6.6925, "bus_v_mean": 17.1664, "bus_v_std": 18.0351, "car_acc": 3.8246, "car_dcc": 1.0989, "car_lcAssertive": 66.8923, "car_lcCooperative": 0.2983, "car_lcLookaheadLeft": 96.9089, "car_lcPushy": 0.6888, "car_lcSigma": 0.572, "car_lcSpeedGainRight": 4.9027, "car_lcSublane": 0.2708, "car_sigma": 0.8813, "car_tau_mean": 0.8786, "car_tau_std": 0.513, "car_v_mean": 20.219, "car_v_std": 7.0076}, "datetime": {"datetime": "2024-08-12 01:05:55", "elapsed": 1395.293697, "delta": 4.391069}}
