{"target": -0.4648108943107843, "params": {"bus_acc": 2.8949, "bus_dcc": 3.7861, "bus_lcAssertive": 29.1505, "bus_lcCooperative": 0.5964, "bus_lcLookaheadLeft": 41.2773, "bus_lcPushy": 0.2717, "bus_lcSigma": 0.0058, "bus_lcSpeedGainRight": 4.5762, "bus_lcSublane": 0.9744, "bus_sigma": 0.9491, "bus_tau_mean": 2.5148, "bus_tau_std": 5.6842, "bus_v_mean": 21.3424, "bus_v_std": 19.3573, "car_acc": 1.1336, "car_dcc": 3.7108, "car_lcAssertive": 53.2067, "car_lcCooperative": 0.4291, "car_lcLookaheadLeft": 87.0573, "car_lcPushy": 0.0482, "car_lcSigma": 0.7932, "car_lcSpeedGainRight": 4.672, "car_lcSublane": 0.2463, "car_sigma": 0.1856, "car_tau_mean": 2.3495, "car_tau_std": 1.9004, "car_v_mean": 12.8273, "car_v_std": 0.3896}, "datetime": {"datetime": "2024-08-12 00:53:05", "elapsed": 625.279503, "delta": 3.624863}}
{"target": -0.5076286278589629, "params": {"bus_acc": 3.1791, "bus_dcc": 3.0898, "bus_lcAssertive": 25.4912, "bus_lcCooperative": 0.2983, "bus_lcLookaheadLeft": 85.4538, "bus_lcPushy": 0.4073, "bus_lcSigma": 0.1484, "bus_lcSpeedGainRight": 0.6144, "bus_lcSublane": 0.4812, "bus_sigma": 0.5983, "bus_tau_mean": 3.9325, "bus_tau_std": 1.7506, "bus_v_mean": 16.1475, "bus_v_std": 5.5185, "car_acc": 2.0404, "car_dcc": 1.844, "car_lcAssertive": 61.9928, "car_lcCooperative": 0.5307, "car_lcLookaheadLeft": 24.811, "car_lcPushy": 0.6433, "car_lcSigma": 0.3767, "car_lcSpeedGainRight": 4.9286, "car_lcSublane": 0.1169, "car_sigma": 0.8566, "car_tau_mean": 2.6605, "car_tau_std": 3.3774, "car_v_mean": 8.3043, "car_v_std": 4.2006}, "datetime": {"datetime": "2024-08-12 00:53:07", "elapsed": 628.054324, "delta": 2.774821}}
{"target": -0.7206470582690551, "params": {"bus_acc": 2.3277, "bus_dcc": 2.6583, "bus_lcAssertive": 65.3487, "bus_lcCooperative": 0.2454, "bus_lcLookaheadLeft": 34.2382, "bus_lcPushy": 0.3355, "bus_lcSigma": 0.2497, "bus_lcSpeedGainRight": 1.6489, "bus_lcSublane": 0.6659, "bus_sigma": 0.8059, "bus_tau_mean": 1.8955, "bus_tau_std": 3.0363, "bus_v_mean": 16.4737, "bus_v_std": 6.5788, "car_acc": 3.225, "car_dcc": 1.9842, "car_lcAssertive": 71.5539, "car_lcCooperative": 0.0928, "car_lcLookaheadLeft": 43.4167, "car_lcPushy": 0.79, "car_lcSigma": 0.6158, "car_lcSpeedGainRight": 2.9882, "car_lcSublane": 0.6562, "car_sigma": 0.0006, "car_tau_mean": 3.2246, "car_tau_std": 9.0006, "car_v_mean": 13.4214, "car_v_std": 13.7772}, "datetime": {"datetime": "2024-08-12 00:53:10", "elapsed": 630.62997, "delta": 2.575646}}
{"target": -0.46035830025539193, "params": {"bus_acc": 0.7524, "bus_dcc": 1.1245, "bus_lcAssertive": 14.195, "bus_lcCooperative": 0.1404, "bus_lcLookaheadLeft": 79.9234, "bus_lcPushy": 0.5004, "bus_lcSigma": 0.0758, "bus_lcSpeedGainRight": 1.8127, "bus_lcSublane": 0.8055, "bus_sigma": 0.5808, "bus_tau_mean": 1.15, "bus_tau_std": 9.1965, "bus_v_mean": 20.5422, "bus_v_std": 3.0231, "car_acc": 0.7332, "car_dcc": 1.2941, "car_lcAssertive": 85.3703, "car_lcCooperative": 0.7176, "car_lcLookaheadLeft": 76.5938, "car_lcPushy": 0.1032, "car_lcSigma": 0.8097, "car_lcSpeedGainRight": 0.8306, "car_lcSublane": 0.3414, "car_sigma": 0.1674, "car_tau_mean": 2.6077, "car_tau_std": 4.9577, "car_v_mean": 16.1537, "car_v_std": 17.1939}, "datetime": {"datetime": "2024-08-12 00:53:13", "elapsed": 633.571704, "delta": 2.941734}}
{"target": -0.5867104225129336, "params": {"bus_acc": 1.879, "bus_dcc": 3.8063, "bus_lcAssertive": 59.3529, "bus_lcCooperative": 0.4385, "bus_lcLookaheadLeft": 12.3627, "bus_lcPushy": 0.2413, "bus_lcSigma": 0.3008, "bus_lcSpeedGainRight": 3.4512, "bus_lcSublane": 0.003, "bus_sigma": 0.5228, "bus_tau_mean": 1.5302, "bus_tau_std": 4.8318, "bus_v_mean": 15.1244, "bus_v_std": 10.8496, "car_acc": 2.7488, "car_dcc": 3.6533, "car_lcAssertive": 92.5379, "car_lcCooperative": 0.9764, "car_lcLookaheadLeft": 47.3414, "car_lcPushy": 0.7149, "car_lcSigma": 0.8456, "car_lcSpeedGainRight": 0.7269, "car_lcSublane": 0.4835, "car_sigma": 0.8481, "car_tau_mean": 3.8666, "car_tau_std": 3.7174, "car_v_mean": 23.5337, "car_v_std": 0.2309}, "datetime": {"datetime": "2024-08-12 00:53:15", "elapsed": 636.028023, "delta": 2.456319}}
{"target": -0.5667681341453551, "params": {"bus_acc": 1.4068, "bus_dcc": 1.8239, "bus_lcAssertive": 41.0126, "bus_lcCooperative": 0.4854, "bus_lcLookaheadLeft": 53.5492, "bus_lcPushy": 0.7741, "bus_lcSigma": 0.5864, "bus_lcSpeedGainRight": 1.1051, "bus_lcSublane": 0.7277, "bus_sigma": 0.5534, "bus_tau_mean": 3.6757, "bus_tau_std": 2.8862, "bus_v_mean": 23.6707, "bus_v_std": 5.2613, "car_acc": 2.3102, "car_dcc": 1.2701, "car_lcAssertive": 88.1483, "car_lcCooperative": 0.4785, "car_lcLookaheadLeft": 64.8161, "car_lcPushy": 0.3862, "car_lcSigma": 0.392, "car_lcSpeedGainRight": 0.1485, "car_lcSublane": 0.0922, "car_sigma": 0.4983, "car_tau_mean": 1.4207, "car_tau_std": 8.7905, "car_v_mean": 8.2814, "car_v_std": 16.5461}, "datetime": {"datetime": "2024-08-12 00:53:19", "elapsed": 639.377048, "delta": 3.349025}}
{"target": -0.8556548038338162, "params": {"bus_acc": 3.9335, "bus_dcc": 1.9567, "bus_lcAssertive": 79.8675, "bus_lcCooperative": 0.6196, "bus_lcLookaheadLeft": 64.9919, "bus_lcPushy": 0.0885, "bus_lcSigma": 0.8038, "bus_lcSpeedGainRight": 4.3219, "bus_lcSublane": 0.7157, "bus_sigma": 0.1448, "bus_tau_mean": 0.5006, "bus_tau_std": 6.7115, "bus_v_mean": 14.7187, "bus_v_std": 10.0472, "car_acc": 2.7173, "car_dcc": 1.7311, "car_lcAssertive": 1.9203, "car_lcCooperative": 0.2729, "car_lcLookaheadLeft": 22.4679, "car_lcPushy": 0.6374, "car_lcSigma": 0.894, "car_lcSpeedGainRight": 1.8101, "car_lcSublane": 0.8171, "car_sigma": 0.8771, "car_tau_mean": 3.4472, "car_tau_std": 2.9591, "car_v_mean": 8.3159, "car_v_std": 10.6466}, "datetime": {"datetime": "2024-08-12 00:53:22", "elapsed": 642.22886, "delta": 2.851812}}
{"target": -0.4892080979977793, "params": {"bus_acc": 0.2414, "bus_dcc": 0.7268, "bus_lcAssertive": 74.6367, "bus_lcCooperative": 0.1634, "bus_lcLookaheadLeft": 81.1971, "bus_lcPushy": 0.4938, "bus_lcSigma": 0.8613, "bus_lcSpeedGainRight": 1.8922, "bus_lcSublane": 0.0174, "bus_sigma": 0.2538, "bus_tau_mean": 0.6094, "bus_tau_std": 1.1869, "bus_v_mean": 21.999, "bus_v_std": 13.0276, "car_acc": 1.8427, "car_dcc": 1.659, "car_lcAssertive": 70.3738, "car_lcCooperative": 0.6462, "car_lcLookaheadLeft": 75.8626, "car_lcPushy": 0.9345, "car_lcSigma": 0.5123, "car_lcSpeedGainRight": 2.4569, "car_lcSublane": 0.8878, "car_sigma": 0.8269, "car_tau_mean": 2.5697, "car_tau_std": 6.8198, "car_v_mean": 24.7655, "car_v_std": 16.0248}, "datetime": {"datetime": "2024-08-12 00:53:23", "elapsed": 644.066349, "delta": 1.837489}}
{"target": -0.697299819741315, "params": {"bus_acc": 3.9203, "bus_dcc": 1.0437, "bus_lcAssertive": 91.0802, "bus_lcCooperative": 0.3147, "bus_lcLookaheadLeft": 20.2249, "bus_lcPushy": 0.5481, "bus_lcSigma": 0.2931, "bus_lcSpeedGainRight": 1.6175, "bus_lcSublane": 0.8757, "bus_sigma": 0.5996, "bus_tau_mean": 2.2334, "bus_tau_std": 8.1182, "bus_v_mean": 15.199, "bus_v_std": 0.085, "car_acc": 1.2436, "car_dcc": 0.4254, "car_lcAssertive": 34.0033, "car_lcCooperative": 0.8503, "car_lcLookaheadLeft": 19.6796, "car_lcPushy": 0.8272, "car_lcSigma": 0.6091, "car_lcSpeedGainRight": 2.6032, "car_lcSublane": 0.878, "car_sigma": 0.0286, "car_tau_mean": 2.3412, "car_tau_std": 9.4571, "car_v_mean": 23.1864, "car_v_std": 15.2287}, "datetime": {"datetime": "2024-08-12 00:53:29", "elapsed": 649.711474, "delta": 5.645125}}
{"target": -0.6617279715936762, "params": {"bus_acc": 0.4086, "bus_dcc": 1.4347, "bus_lcAssertive": 83.8266, "bus_lcCooperative": 0.136, "bus_lcLookaheadLeft": 52.6929, "bus_lcPushy": 0.0735, "bus_lcSigma": 0.6773, "bus_lcSpeedGainRight": 2.9465, "bus_lcSublane": 0.3172, "bus_sigma": 0.1322, "bus_tau_mean": 3.6207, "bus_tau_std": 6.2615, "bus_v_mean": 10.9336, "bus_v_std": 11.6024, "car_acc": 2.2201, "car_dcc": 2.6191, "car_lcAssertive": 32.2277, "car_lcCooperative": 0.5428, "car_lcLookaheadLeft": 44.6531, "car_lcPushy": 0.4918, "car_lcSigma": 0.7011, "car_lcSpeedGainRight": 1.6827, "car_lcSublane": 0.8381, "car_sigma": 0.3069, "car_tau_mean": 0.7703, "car_tau_std": 8.4632, "car_v_mean": 18.0032, "car_v_std": 10.3871}, "datetime": {"datetime": "2024-08-12 00:53:33", "elapsed": 653.253616, "delta": 3.542142}}
{"target": -0.615374227461777, "params": {"bus_acc": 1.2594, "bus_dcc": 3.0215, "bus_lcAssertive": 40.3307, "bus_lcCooperative": 0.2922, "bus_lcLookaheadLeft": 34.9369, "bus_lcPushy": 0.0284, "bus_lcSigma": 0.6445, "bus_lcSpeedGainRight": 2.1835, "bus_lcSublane": 0.8077, "bus_sigma": 0.9995, "bus_tau_mean": 1.839, "bus_tau_std": 6.243, "bus_v_mean": 21.8366, "bus_v_std": 5.691, "car_acc": 1.9749, "car_dcc": 3.7783, "car_lcAssertive": 24.9069, "car_lcCooperative": 0.3188, "car_lcLookaheadLeft": 36.9472, "car_lcPushy": 0.3421, "car_lcSigma": 0.3165, "car_lcSpeedGainRight": 0.3933, "car_lcSublane": 0.7983, "car_sigma": 0.8743, "car_tau_mean": 2.7197, "car_tau_std": 9.1832, "car_v_mean": 22.6856, "car_v_std": 19.3473}, "datetime": {"datetime": "2024-08-12 00:53:36", "elapsed": 656.617928, "delta": 3.364312}}
{"target": -0.20719224875430994, "params": {"bus_acc": 1.7895, "bus_dcc": 2.942, "bus_lcAssertive": 1.0161, "bus_lcCooperative": 0.3071, "bus_lcLookaheadLeft": 16.3869, "bus_lcPushy": 0.0971, "bus_lcSigma": 0.191, "bus_lcSpeedGainRight": 1.7326, "bus_lcSublane": 0.4015, "bus_sigma": 0.5436, "bus_tau_mean": 1.972, "bus_tau_std": 6.857, "bus_v_mean": 11.6849, "bus_v_std": 17.5671, "car_acc": 0.3088, "car_dcc": 2.7526, "car_lcAssertive": 42.318, "car_lcCooperative": 0.5635, "car_lcLookaheadLeft": 15.7627, "car_lcPushy": 0.2029, "car_lcSigma": 0.8055, "car_lcSpeedGainRight": 4.8461, "car_lcSublane": 0.3182, "car_sigma": 0.6971, "car_tau_mean": 3.5721, "car_tau_std": 8.9508, "car_v_mean": 9.5356, "car_v_std": 0.7859}, "datetime": {"datetime": "2024-08-12 00:53:38", "elapsed": 658.436268, "delta": 1.81834}}
{"target": -0.4147907048204411, "params": {"bus_acc": 1.521, "bus_dcc": 2.1904, "bus_lcAssertive": 62.8099, "bus_lcCooperative": 0.9155, "bus_lcLookaheadLeft": 62.6596, "bus_lcPushy": 0.3527, "bus_lcSigma": 0.5263, "bus_lcSpeedGainRight": 4.5091, "bus_lcSublane": 0.4695, "bus_sigma": 0.3856, "bus_tau_mean": 2.8866, "bus_tau_std": 6.5432, "bus_v_mean": 8.3577, "bus_v_std": 17.7891, "car_acc": 2.2295, "car_dcc": 1.8607, "car_lcAssertive": 36.3518, "car_lcCooperative": 0.3274, "car_lcLookaheadLeft": 16.6041, "car_lcPushy": 0.3925, "car_lcSigma": 0.9898, "car_lcSpeedGainRight": 4.041, "car_lcSublane": 0.86, "car_sigma": 0.5926, "car_tau_mean": 1.8564, "car_tau_std": 9.8649, "car_v_mean": 10.647, "car_v_std": 15.0377}, "datetime": {"datetime": "2024-08-12 00:53:41", "elapsed": 661.252338, "delta": 2.81607}}
{"target": -0.4295707927184022, "params": {"bus_acc": 2.019, "bus_dcc": 3.7204, "bus_lcAssertive": 58.9689, "bus_lcCooperative": 0.1375, "bus_lcLookaheadLeft": 52.9653, "bus_lcPushy": 0.8082, "bus_lcSigma": 0.7829, "bus_lcSpeedGainRight": 0.2574, "bus_lcSublane": 0.6889, "bus_sigma": 0.5312, "bus_tau_mean": 3.5827, "bus_tau_std": 0.4668, "bus_v_mean": 19.2153, "bus_v_std": 0.2383, "car_acc": 0.9431, "car_dcc": 2.4532, "car_lcAssertive": 80.8545, "car_lcCooperative": 0.9579, "car_lcLookaheadLeft": 80.6857, "car_lcPushy": 0.5419, "car_lcSigma": 0.4713, "car_lcSpeedGainRight": 1.24, "car_lcSublane": 0.735, "car_sigma": 0.2784, "car_tau_mean": 0.8425, "car_tau_std": 9.2688, "car_v_mean": 9.8972, "car_v_std": 1.1938}, "datetime": {"datetime": "2024-08-12 00:53:45", "elapsed": 665.712621, "delta": 4.460283}}
{"target": -0.7593426247354399, "params": {"bus_acc": 1.5065, "bus_dcc": 0.2956, "bus_lcAssertive": 52.2846, "bus_lcCooperative": 0.3417, "bus_lcLookaheadLeft": 95.629, "bus_lcPushy": 0.3739, "bus_lcSigma": 0.1731, "bus_lcSpeedGainRight": 2.9325, "bus_lcSublane": 0.5688, "bus_sigma": 0.7651, "bus_tau_mean": 2.9614, "bus_tau_std": 2.33, "bus_v_mean": 17.4596, "bus_v_std": 2.7308, "car_acc": 3.4186, "car_dcc": 2.3469, "car_lcAssertive": 20.5952, "car_lcCooperative": 0.5913, "car_lcLookaheadLeft": 17.1171, "car_lcPushy": 0.0241, "car_lcSigma": 0.3642, "car_lcSpeedGainRight": 1.8293, "car_lcSublane": 0.9595, "car_sigma": 0.1521, "car_tau_mean": 3.3402, "car_tau_std": 4.5948, "car_v_mean": 9.4392, "car_v_std": 6.1111}, "datetime": {"datetime": "2024-08-12 00:53:48", "elapsed": 669.099426, "delta": 3.386805}}
{"target": -0.6580178232572603, "params": {"bus_acc": 3.3731, "bus_dcc": 0.2215, "bus_lcAssertive": 47.5071, "bus_lcCooperative": 0.42, "bus_lcLookaheadLeft": 73.7923, "bus_lcPushy": 0.4949, "bus_lcSigma": 0.8818, "bus_lcSpeedGainRight": 0.2093, "bus_lcSublane": 0.7358, "bus_sigma": 0.2823, "bus_tau_mean": 2.3286, "bus_tau_std": 3.3853, "bus_v_mean": 22.1413, "bus_v_std": 5.6918, "car_acc": 2.7468, "car_dcc": 3.4857, "car_lcAssertive": 20.2831, "car_lcCooperative": 0.5664, "car_lcLookaheadLeft": 74.9368, "car_lcPushy": 0.7046, "car_lcSigma": 0.0373, "car_lcSpeedGainRight": 3.2493, "car_lcSublane": 0.1525, "car_sigma": 0.8945, "car_tau_mean": 3.836, "car_tau_std": 7.3625, "car_v_mean": 23.7878, "car_v_std": 13.6416}, "datetime": {"datetime": "2024-08-12 00:53:54", "elapsed": 674.758337, "delta": 5.658911}}
{"target": -0.5010764415686321, "params": {"bus_acc": 2.5449, "bus_dcc": 3.4899, "bus_lcAssertive": 85.5246, "bus_lcCooperative": 0.9, "bus_lcLookaheadLeft": 56.7841, "bus_lcPushy": 0.3044, "bus_lcSigma": 0.1104, "bus_lcSpeedGainRight": 2.0659, "bus_lcSublane": 0.2748, "bus_sigma": 0.6366, "bus_tau_mean": 3.9909, "bus_tau_std": 5.6431, "bus_v_mean": 13.6039, "bus_v_std": 12.5729, "car_acc": 0.9642, "car_dcc": 2.2563, "car_lcAssertive": 59.1525, "car_lcCooperative": 0.8187, "car_lcLookaheadLeft": 5.5493, "car_lcPushy": 0.8201, "car_lcSigma": 0.6652, "car_lcSpeedGainRight": 1.5773, "car_lcSublane": 0.5827, "car_sigma": 0.9764, "car_tau_mean": 2.0774, "car_tau_std": 9.3712, "car_v_mean": 9.0282, "car_v_std": 12.6922}, "datetime": {"datetime": "2024-08-12 00:53:56", "elapsed": 676.769629, "delta": 2.011292}}
{"target": -0.6474829302295587, "params": {"bus_acc": 0.5499, "bus_dcc": 2.5744, "bus_lcAssertive": 21.415, "bus_lcCooperative": 0.1192, "bus_lcLookaheadLeft": 59.8091, "bus_lcPushy": 0.6186, "bus_lcSigma": 0.533, "bus_lcSpeedGainRight": 4.2097, "bus_lcSublane": 0.9729, "bus_sigma": 0.8454, "bus_tau_mean": 2.5143, "bus_tau_std": 8.3985, "bus_v_mean": 8.9278, "bus_v_std": 13.8083, "car_acc": 2.5987, "car_dcc": 1.607, "car_lcAssertive": 96.8369, "car_lcCooperative": 0.5467, "car_lcLookaheadLeft": 47.513, "car_lcPushy": 0.1331, "car_lcSigma": 0.6108, "car_lcSpeedGainRight": 0.1654, "car_lcSublane": 0.4067, "car_sigma": 0.0315, "car_tau_mean": 2.3239, "car_tau_std": 8.9582, "car_v_mean": 22.9395, "car_v_std": 1.8322}, "datetime": {"datetime": "2024-08-12 00:53:58", "elapsed": 679.024052, "delta": 2.254423}}
{"target": -0.3380527377654679, "params": {"bus_acc": 1.4659, "bus_dcc": 3.1152, "bus_lcAssertive": 83.384, "bus_lcCooperative": 0.8249, "bus_lcLookaheadLeft": 17.0386, "bus_lcPushy": 0.1207, "bus_lcSigma": 0.3881, "bus_lcSpeedGainRight": 2.5867, "bus_lcSublane": 0.2254, "bus_sigma": 0.6195, "bus_tau_mean": 3.2918, "bus_tau_std": 0.5813, "bus_v_mean": 22.2202, "bus_v_std": 5.584, "car_acc": 0.6381, "car_dcc": 1.5376, "car_lcAssertive": 12.1187, "car_lcCooperative": 0.3171, "car_lcLookaheadLeft": 96.7043, "car_lcPushy": 0.4861, "car_lcSigma": 0.4781, "car_lcSpeedGainRight": 2.5573, "car_lcSublane": 0.1996, "car_sigma": 0.4959, "car_tau_mean": 0.5596, "car_tau_std": 7.5601, "car_v_mean": 24.7545, "car_v_std": 5.6273}, "datetime": {"datetime": "2024-08-12 00:54:01", "elapsed": 681.481889, "delta": 2.457837}}
{"target": -0.5874104026980187, "params": {"bus_acc": 3.9679, "bus_dcc": 1.5082, "bus_lcAssertive": 96.8007, "bus_lcCooperative": 0.6385, "bus_lcLookaheadLeft": 60.5357, "bus_lcPushy": 0.0696, "bus_lcSigma": 0.742, "bus_lcSpeedGainRight": 0.9312, "bus_lcSublane": 0.809, "bus_sigma": 0.9758, "bus_tau_mean": 0.6108, "bus_tau_std": 6.2486, "bus_v_mean": 25.872, "bus_v_std": 11.8098, "car_acc": 1.325, "car_dcc": 2.1258, "car_lcAssertive": 30.5841, "car_lcCooperative": 0.2063, "car_lcLookaheadLeft": 57.7787, "car_lcPushy": 0.5002, "car_lcSigma": 0.5617, "car_lcSpeedGainRight": 1.7362, "car_lcSublane": 0.0432, "car_sigma": 0.8855, "car_tau_mean": 1.8202, "car_tau_std": 6.6996, "car_v_mean": 10.6851, "car_v_std": 2.188}, "datetime": {"datetime": "2024-08-12 00:54:03", "elapsed": 683.347704, "delta": 1.865815}}
{"target": -0.7098663044508934, "params": {"bus_acc": 0.6935, "bus_dcc": 1.1626, "bus_lcAssertive": 3.1358, "bus_lcCooperative": 0.6297, "bus_lcLookaheadLeft": 6.0645, "bus_lcPushy": 0.4527, "bus_lcSigma": 0.6672, "bus_lcSpeedGainRight": 1.4315, "bus_lcSublane": 0.1839, "bus_sigma": 0.3859, "bus_tau_mean": 3.2832, "bus_tau_std": 2.8143, "bus_v_mean": 9.6123, "bus_v_std": 9.8486, "car_acc": 1.3314, "car_dcc": 3.5749, "car_lcAssertive": 90.1406, "car_lcCooperative": 0.8267, "car_lcLookaheadLeft": 96.281, "car_lcPushy": 0.473, "car_lcSigma": 0.2316, "car_lcSpeedGainRight": 2.8369, "car_lcSublane": 0.2457, "car_sigma": 0.4963, "car_tau_mean": 3.6511, "car_tau_std": 4.4093, "car_v_mean": 25.294, "car_v_std": 1.0262}, "datetime": {"datetime": "2024-08-12 00:54:04", "elapsed": 685.162502, "delta": 1.814798}}
{"target": -0.8201467630835267, "params": {"bus_acc": 1.0236, "bus_dcc": 2.7403, "bus_lcAssertive": 42.6586, "bus_lcCooperative": 0.2393, "bus_lcLookaheadLeft": 77.3173, "bus_lcPushy": 0.8951, "bus_lcSigma": 0.1837, "bus_lcSpeedGainRight": 3.502, "bus_lcSublane": 0.7893, "bus_sigma": 0.6618, "bus_tau_mean": 1.2908, "bus_tau_std": 2.6233, "bus_v_mean": 15.9254, "bus_v_std": 13.6447, "car_acc": 1.6996, "car_dcc": 0.6957, "car_lcAssertive": 12.5906, "car_lcCooperative": 0.0616, "car_lcLookaheadLeft": 3.4028, "car_lcPushy": 0.6875, "car_lcSigma": 0.0841, "car_lcSpeedGainRight": 0.5555, "car_lcSublane": 0.0226, "car_sigma": 0.3195, "car_tau_mean": 3.4706, "car_tau_std": 1.3576, "car_v_mean": 22.235, "car_v_std": 7.2359}, "datetime": {"datetime": "2024-08-12 00:54:07", "elapsed": 687.627344, "delta": 2.464842}}
{"target": -0.6445821549661371, "params": {"bus_acc": 2.2955, "bus_dcc": 2.9696, "bus_lcAssertive": 7.0241, "bus_lcCooperative": 0.8259, "bus_lcLookaheadLeft": 47.1947, "bus_lcPushy": 0.5044, "bus_lcSigma": 0.9773, "bus_lcSpeedGainRight": 3.9948, "bus_lcSublane": 0.4719, "bus_sigma": 0.08, "bus_tau_mean": 3.5648, "bus_tau_std": 1.7575, "bus_v_mean": 19.2703, "bus_v_std": 11.1965, "car_acc": 2.6666, "car_dcc": 2.2406, "car_lcAssertive": 6.807, "car_lcCooperative": 0.4855, "car_lcLookaheadLeft": 24.6921, "car_lcPushy": 0.5829, "car_lcSigma": 0.551, "car_lcSpeedGainRight": 2.4179, "car_lcSublane": 0.3454, "car_sigma": 0.4721, "car_tau_mean": 2.1337, "car_tau_std": 7.7949, "car_v_mean": 24.11, "car_v_std": 12.1261}, "datetime": {"datetime": "2024-08-12 00:54:12", "elapsed": 692.388007, "delta": 4.760663}}
{"target": -0.5807563177284579, "params": {"bus_acc": 2.094, "bus_dcc": 2.2643, "bus_lcAssertive": 52.0381, "bus_lcCooperative": 0.3876, "bus_lcLookaheadLeft": 10.43, "bus_lcPushy": 0.5924, "bus_lcSigma": 0.4297, "bus_lcSpeedGainRight": 2.8583, "bus_lcSublane": 0.0608, "bus_sigma": 0.66, "bus_tau_mean": 3.5534, "bus_tau_std": 8.215, "bus_v_mean": 21.0758, "bus_v_std": 9.1419, "car_acc": 3.2042, "car_dcc": 2.7109, "car_lcAssertive": 47.4323, "car_lcCooperative": 0.2495, "car_lcLookaheadLeft": 33.6552, "car_lcPushy": 0.3059, "car_lcSigma": 0.1906, "car_lcSpeedGainRight": 1.3061, "car_lcSublane": 0.1863, "car_sigma": 0.3067, "car_tau_mean": 0.9418, "car_tau_std": 5.0018, "car_v_mean": 17.3495, "car_v_std": 13.9027}, "datetime": {"datetime": "2024-08-12 00:54:14", "elapsed": 695.110476, "delta": 2.722469}}
{"target": -0.5961563292710461, "params": {"bus_acc": 3.6733, "bus_dcc": 3.0526, "bus_lcAssertive": 34.0378, "bus_lcCooperative": 0.4424, "bus_lcLookaheadLeft": 71.4601, "bus_lcPushy": 0.7144, "bus_lcSigma": 0.6927, "bus_lcSpeedGainRight": 3.8242, "bus_lcSublane": 0.162, "bus_sigma": 0.0029, "bus_tau_mean": 3.5381, "bus_tau_std": 5.5383, "bus_v_mean": 22.8216, "bus_v_std": 0.6024, "car_acc": 3.0167, "car_dcc": 3.9883, "car_lcAssertive": 99.1199, "car_lcCooperative": 0.4072, "car_lcLookaheadLeft": 77.9381, "car_lcPushy": 0.7177, "car_lcSigma": 0.5514, "car_lcSpeedGainRight": 4.0762, "car_lcSublane": 0.6101, "car_sigma": 0.8582, "car_tau_mean": 3.0153, "car_tau_std": 7.9444, "car_v_mean": 19.3919, "car_v_std": 4.9332}, "datetime": {"datetime": "2024-08-12 00:54:18", "elapsed": 698.956251, "delta": 3.845775}}
{"target": -0.30367775222865084, "params": {"bus_acc": 1.8011, "bus_dcc": 0.7767, "bus_lcAssertive": 21.7811, "bus_lcCooperative": 0.1518, "bus_lcLookaheadLeft": 35.0814, "bus_lcPushy": 0.2886, "bus_lcSigma": 0.5104, "bus_lcSpeedGainRight": 2.8449, "bus_lcSublane": 0.0093, "bus_sigma": 0.7771, "bus_tau_mean": 1.4594, "bus_tau_std": 4.9986, "bus_v_mean": 24.7213, "bus_v_std": 10.8808, "car_acc": 0.8508, "car_dcc": 2.7612, "car_lcAssertive": 99.0693, "car_lcCooperative": 0.8075, "car_lcLookaheadLeft": 25.7535, "car_lcPushy": 0.0069, "car_lcSigma": 0.9199, "car_lcSpeedGainRight": 4.3539, "car_lcSublane": 0.7087, "car_sigma": 0.6771, "car_tau_mean": 1.0573, "car_tau_std": 7.8928, "car_v_mean": 23.4841, "car_v_std": 4.5541}, "datetime": {"datetime": "2024-08-12 00:54:20", "elapsed": 701.130549, "delta": 2.174298}}
