{"target": -0.6836068456530141, "params": {"bus_acc": 1.5562, "bus_dcc": 2.0499, "bus_lcAssertive": 22.3123, "bus_lcCooperative": 0.5281, "bus_lcLookaheadLeft": 15.5791, "bus_lcPushy": 0.5111, "bus_lcSigma": 0.6992, "bus_lcSpeedGainRight": 2.5967, "bus_lcSublane": 0.1208, "bus_sigma": 0.244, "bus_tau_mean": 3.8451, "bus_tau_std": 8.8821, "bus_v_mean": 14.0448, "bus_v_std": 12.4864, "car_acc": 3.3211, "car_dcc": 2.1531, "car_lcAssertive": 65.1886, "car_lcCooperative": 0.3389, "car_lcLookaheadLeft": 23.7077, "car_lcPushy": 0.1593, "car_lcSigma": 0.2504, "car_lcSpeedGainRight": 3.0177, "car_lcSublane": 0.0661, "car_sigma": 0.6235, "car_tau_mean": 3.3368, "car_tau_std": 8.4685, "car_v_mean": 12.9186, "car_v_std": 10.2825}, "datetime": {"datetime": "2024-08-12 01:05:57", "elapsed": 1397.800519, "delta": 2.506822}}
{"target": -0.5183567343564913, "params": {"bus_acc": 2.5059, "bus_dcc": 2.8154, "bus_lcAssertive": 26.7871, "bus_lcCooperative": 0.0442, "bus_lcLookaheadLeft": 81.1832, "bus_lcPushy": 0.7526, "bus_lcSigma": 0.8794, "bus_lcSpeedGainRight": 1.1958, "bus_lcSublane": 0.6996, "bus_sigma": 0.0884, "bus_tau_mean": 0.5466, "bus_tau_std": 9.4256, "bus_v_mean": 23.7365, "bus_v_std": 19.705, "car_acc": 2.4521, "car_dcc": 0.6093, "car_lcAssertive": 49.965, "car_lcCooperative": 0.0199, "car_lcLookaheadLeft": 57.5849, "car_lcPushy": 0.6925, "car_lcSigma": 0.313, "car_lcSpeedGainRight": 4.2748, "car_lcSublane": 0.7779, "car_sigma": 0.9189, "car_tau_mean": 1.6732, "car_tau_std": 8.4588, "car_v_mean": 14.0709, "car_v_std": 19.3029}, "datetime": {"datetime": "2024-08-12 01:05:59", "elapsed": 1400.127724, "delta": 2.327205}}
{"target": -0.6630528673917482, "params": {"bus_acc": 0.7363, "bus_dcc": 3.769, "bus_lcAssertive": 87.1221, "bus_lcCooperative": 0.0801, "bus_lcLookaheadLeft": 82.8679, "bus_lcPushy": 0.3311, "bus_lcSigma": 0.011, "bus_lcSpeedGainRight": 1.851, "bus_lcSublane": 0.5963, "bus_sigma": 0.97, "bus_tau_mean": 3.2979, "bus_tau_std": 6.4763, "bus_v_mean": 23.8543, "bus_v_std": 0.2115, "car_acc": 1.4857, "car_dcc": 0.4643, "car_lcAssertive": 43.0405, "car_lcCooperative": 0.2517, "car_lcLookaheadLeft": 34.8053, "car_lcPushy": 0.3361, "car_lcSigma": 0.8548, "car_lcSpeedGainRight": 0.1826, "car_lcSublane": 0.0667, "car_sigma": 0.7439, "car_tau_mean": 3.3059, "car_tau_std": 6.7826, "car_v_mean": 16.9905, "car_v_std": 1.8159}, "datetime": {"datetime": "2024-08-12 01:06:03", "elapsed": 1404.001064, "delta": 3.87334}}
{"target": -0.6016573894182295, "params": {"bus_acc": 3.866, "bus_dcc": 3.1059, "bus_lcAssertive": 66.1542, "bus_lcCooperative": 0.7303, "bus_lcLookaheadLeft": 88.8463, "bus_lcPushy": 0.2456, "bus_lcSigma": 0.2323, "bus_lcSpeedGainRight": 4.5037, "bus_lcSublane": 0.6385, "bus_sigma": 0.8806, "bus_tau_mean": 0.6893, "bus_tau_std": 2.8704, "bus_v_mean": 9.1673, "bus_v_std": 0.8129, "car_acc": 0.6605, "car_dcc": 1.8446, "car_lcAssertive": 21.7779, "car_lcCooperative": 0.2508, "car_lcLookaheadLeft": 41.461, "car_lcPushy": 0.4396, "car_lcSigma": 0.1373, "car_lcSpeedGainRight": 3.8473, "car_lcSublane": 0.3944, "car_sigma": 0.7728, "car_tau_mean": 1.8453, "car_tau_std": 8.5182, "car_v_mean": 11.4187, "car_v_std": 10.5995}, "datetime": {"datetime": "2024-08-12 01:06:07", "elapsed": 1407.292724, "delta": 3.29166}}
{"target": -0.5557204432661994, "params": {"bus_acc": 2.4671, "bus_dcc": 0.3291, "bus_lcAssertive": 80.3707, "bus_lcCooperative": 0.3883, "bus_lcLookaheadLeft": 91.978, "bus_lcPushy": 0.0579, "bus_lcSigma": 0.8578, "bus_lcSpeedGainRight": 2.6373, "bus_lcSublane": 0.8731, "bus_sigma": 0.1805, "bus_tau_mean": 1.8083, "bus_tau_std": 1.9975, "bus_v_mean": 20.6413, "bus_v_std": 18.0768, "car_acc": 0.9174, "car_dcc": 2.4657, "car_lcAssertive": 76.917, "car_lcCooperative": 0.5553, "car_lcLookaheadLeft": 93.6232, "car_lcPushy": 0.5191, "car_lcSigma": 0.0848, "car_lcSpeedGainRight": 1.2306, "car_lcSublane": 0.3148, "car_sigma": 0.8553, "car_tau_mean": 0.9173, "car_tau_std": 3.0851, "car_v_mean": 11.4129, "car_v_std": 8.0315}, "datetime": {"datetime": "2024-08-12 01:06:10", "elapsed": 1410.307179, "delta": 3.014455}}
{"target": -0.48669391908752263, "params": {"bus_acc": 1.8092, "bus_dcc": 1.8631, "bus_lcAssertive": 1.2912, "bus_lcCooperative": 0.4762, "bus_lcLookaheadLeft": 86.33, "bus_lcPushy": 0.4501, "bus_lcSigma": 0.9751, "bus_lcSpeedGainRight": 4.1237, "bus_lcSublane": 0.6658, "bus_sigma": 0.336, "bus_tau_mean": 2.4376, "bus_tau_std": 1.5278, "bus_v_mean": 9.6648, "bus_v_std": 16.5841, "car_acc": 2.9534, "car_dcc": 2.3685, "car_lcAssertive": 16.76, "car_lcCooperative": 0.4187, "car_lcLookaheadLeft": 37.9716, "car_lcPushy": 0.6652, "car_lcSigma": 0.0951, "car_lcSpeedGainRight": 1.7863, "car_lcSublane": 0.0617, "car_sigma": 0.3964, "car_tau_mean": 2.2978, "car_tau_std": 8.4736, "car_v_mean": 10.8035, "car_v_std": 1.5838}, "datetime": {"datetime": "2024-08-12 01:06:14", "elapsed": 1415.060518, "delta": 4.753339}}
{"target": -0.6152756260248792, "params": {"bus_acc": 2.7188, "bus_dcc": 0.2102, "bus_lcAssertive": 31.9485, "bus_lcCooperative": 0.177, "bus_lcLookaheadLeft": 30.6304, "bus_lcPushy": 0.3786, "bus_lcSigma": 0.6878, "bus_lcSpeedGainRight": 4.1533, "bus_lcSublane": 0.0759, "bus_sigma": 0.2326, "bus_tau_mean": 0.5703, "bus_tau_std": 7.8481, "bus_v_mean": 24.6482, "bus_v_std": 6.3845, "car_acc": 1.9691, "car_dcc": 3.8899, "car_lcAssertive": 51.5098, "car_lcCooperative": 0.3666, "car_lcLookaheadLeft": 20.355, "car_lcPushy": 0.655, "car_lcSigma": 0.8797, "car_lcSpeedGainRight": 4.6069, "car_lcSublane": 0.1177, "car_sigma": 0.5008, "car_tau_mean": 2.4407, "car_tau_std": 8.9368, "car_v_mean": 22.1654, "car_v_std": 13.9421}, "datetime": {"datetime": "2024-08-12 01:06:17", "elapsed": 1417.749953, "delta": 2.689435}}
{"target": -0.6300806791921277, "params": {"bus_acc": 3.0303, "bus_dcc": 1.8937, "bus_lcAssertive": 5.8336, "bus_lcCooperative": 0.8063, "bus_lcLookaheadLeft": 29.6003, "bus_lcPushy": 0.6806, "bus_lcSigma": 0.0644, "bus_lcSpeedGainRight": 2.4468, "bus_lcSublane": 0.7781, "bus_sigma": 0.8941, "bus_tau_mean": 1.4096, "bus_tau_std": 7.6433, "bus_v_mean": 20.0946, "bus_v_std": 9.091, "car_acc": 2.5867, "car_dcc": 1.9972, "car_lcAssertive": 92.7725, "car_lcCooperative": 0.4763, "car_lcLookaheadLeft": 75.8445, "car_lcPushy": 0.1948, "car_lcSigma": 0.8148, "car_lcSpeedGainRight": 2.2898, "car_lcSublane": 0.786, "car_sigma": 0.2434, "car_tau_mean": 3.368, "car_tau_std": 0.9218, "car_v_mean": 24.2609, "car_v_std": 14.3844}, "datetime": {"datetime": "2024-08-12 01:06:20", "elapsed": 1420.800866, "delta": 3.050913}}
{"target": -0.9803039862293291, "params": {"bus_acc": 3.3843, "bus_dcc": 0.8549, "bus_lcAssertive": 3.7216, "bus_lcCooperative": 0.057, "bus_lcLookaheadLeft": 42.3816, "bus_lcPushy": 0.7588, "bus_lcSigma": 0.5506, "bus_lcSpeedGainRight": 0.2696, "bus_lcSublane": 0.1877, "bus_sigma": 0.915, "bus_tau_mean": 1.915, "bus_tau_std": 1.4014, "bus_v_mean": 22.8586, "bus_v_std": 9.5131, "car_acc": 2.6602, "car_dcc": 2.1883, "car_lcAssertive": 88.1731, "car_lcCooperative": 0.5113, "car_lcLookaheadLeft": 41.0814, "car_lcPushy": 0.7829, "car_lcSigma": 0.2661, "car_lcSpeedGainRight": 0.0073, "car_lcSublane": 0.8245, "car_sigma": 0.475, "car_tau_mean": 2.2624, "car_tau_std": 9.1376, "car_v_mean": 13.517, "car_v_std": 14.2422}, "datetime": {"datetime": "2024-08-12 01:06:25", "elapsed": 1426.173109, "delta": 5.372243}}
{"target": -0.5169504287967491, "params": {"bus_acc": 3.6023, "bus_dcc": 3.2851, "bus_lcAssertive": 81.1034, "bus_lcCooperative": 0.6082, "bus_lcLookaheadLeft": 34.045, "bus_lcPushy": 0.8473, "bus_lcSigma": 0.8043, "bus_lcSpeedGainRight": 4.4163, "bus_lcSublane": 0.6351, "bus_sigma": 0.1111, "bus_tau_mean": 3.2513, "bus_tau_std": 1.8025, "bus_v_mean": 9.1263, "bus_v_std": 18.0858, "car_acc": 1.8523, "car_dcc": 0.7051, "car_lcAssertive": 45.4247, "car_lcCooperative": 0.2947, "car_lcLookaheadLeft": 28.4099, "car_lcPushy": 0.8488, "car_lcSigma": 0.0229, "car_lcSpeedGainRight": 4.768, "car_lcSublane": 0.4966, "car_sigma": 0.4706, "car_tau_mean": 3.0779, "car_tau_std": 2.562, "car_v_mean": 16.7234, "car_v_std": 18.6257}, "datetime": {"datetime": "2024-08-12 01:06:31", "elapsed": 1431.727147, "delta": 5.554038}}
{"target": -0.54708702210519, "params": {"bus_acc": 0.2672, "bus_dcc": 3.2692, "bus_lcAssertive": 34.9888, "bus_lcCooperative": 0.8668, "bus_lcLookaheadLeft": 60.342, "bus_lcPushy": 0.5635, "bus_lcSigma": 0.99, "bus_lcSpeedGainRight": 1.2912, "bus_lcSublane": 0.164, "bus_sigma": 0.3541, "bus_tau_mean": 3.3799, "bus_tau_std": 2.3937, "bus_v_mean": 18.6963, "bus_v_std": 15.5346, "car_acc": 2.5869, "car_dcc": 2.0775, "car_lcAssertive": 70.891, "car_lcCooperative": 0.8937, "car_lcLookaheadLeft": 2.9727, "car_lcPushy": 0.3741, "car_lcSigma": 0.2762, "car_lcSpeedGainRight": 4.7149, "car_lcSublane": 0.3414, "car_sigma": 0.1464, "car_tau_mean": 2.2958, "car_tau_std": 8.0955, "car_v_mean": 23.2375, "car_v_std": 7.415}, "datetime": {"datetime": "2024-08-12 01:06:34", "elapsed": 1434.272605, "delta": 2.545458}}
{"target": -0.4616203941266838, "params": {"bus_acc": 1.5528, "bus_dcc": 3.44, "bus_lcAssertive": 62.9893, "bus_lcCooperative": 0.3938, "bus_lcLookaheadLeft": 25.4734, "bus_lcPushy": 0.2478, "bus_lcSigma": 0.4715, "bus_lcSpeedGainRight": 1.0663, "bus_lcSublane": 0.4829, "bus_sigma": 0.2444, "bus_tau_mean": 0.9732, "bus_tau_std": 6.89, "bus_v_mean": 21.7571, "bus_v_std": 17.0058, "car_acc": 1.4584, "car_dcc": 1.1995, "car_lcAssertive": 92.3764, "car_lcCooperative": 0.7763, "car_lcLookaheadLeft": 47.5022, "car_lcPushy": 0.8281, "car_lcSigma": 0.2352, "car_lcSpeedGainRight": 2.7502, "car_lcSublane": 0.8516, "car_sigma": 0.859, "car_tau_mean": 3.3326, "car_tau_std": 0.1433, "car_v_mean": 19.1914, "car_v_std": 17.3111}, "datetime": {"datetime": "2024-08-12 01:06:40", "elapsed": 1440.718708, "delta": 6.446103}}
{"target": -0.5626419572907286, "params": {"bus_acc": 1.8027, "bus_dcc": 2.9657, "bus_lcAssertive": 9.9035, "bus_lcCooperative": 0.9735, "bus_lcLookaheadLeft": 53.0924, "bus_lcPushy": 0.4256, "bus_lcSigma": 0.5301, "bus_lcSpeedGainRight": 3.8027, "bus_lcSublane": 0.9432, "bus_sigma": 0.8611, "bus_tau_mean": 3.2162, "bus_tau_std": 9.2983, "bus_v_mean": 8.1118, "bus_v_std": 9.555, "car_acc": 2.1874, "car_dcc": 3.2145, "car_lcAssertive": 86.1477, "car_lcCooperative": 0.0275, "car_lcLookaheadLeft": 14.51, "car_lcPushy": 0.1741, "car_lcSigma": 0.4168, "car_lcSpeedGainRight": 1.2999, "car_lcSublane": 0.8252, "car_sigma": 0.2288, "car_tau_mean": 2.7369, "car_tau_std": 2.406, "car_v_mean": 25.0611, "car_v_std": 17.8248}, "datetime": {"datetime": "2024-08-12 01:06:45", "elapsed": 1445.630825, "delta": 4.912117}}
{"target": -0.6141075465561622, "params": {"bus_acc": 1.2485, "bus_dcc": 3.1371, "bus_lcAssertive": 52.9377, "bus_lcCooperative": 0.3945, "bus_lcLookaheadLeft": 94.8629, "bus_lcPushy": 0.0663, "bus_lcSigma": 0.8512, "bus_lcSpeedGainRight": 1.3769, "bus_lcSublane": 0.6845, "bus_sigma": 0.9776, "bus_tau_mean": 2.2044, "bus_tau_std": 5.6238, "bus_v_mean": 13.2033, "bus_v_std": 12.2042, "car_acc": 3.1633, "car_dcc": 1.653, "car_lcAssertive": 22.9191, "car_lcCooperative": 0.9087, "car_lcLookaheadLeft": 69.169, "car_lcPushy": 0.268, "car_lcSigma": 0.4806, "car_lcSpeedGainRight": 1.0782, "car_lcSublane": 0.3397, "car_sigma": 0.5099, "car_tau_mean": 3.9856, "car_tau_std": 8.1816, "car_v_mean": 24.7599, "car_v_std": 4.9346}, "datetime": {"datetime": "2024-08-12 01:06:52", "elapsed": 1453.082926, "delta": 7.452101}}
{"target": -0.5096846679705814, "params": {"bus_acc": 1.2511, "bus_dcc": 0.8607, "bus_lcAssertive": 42.9114, "bus_lcCooperative": 0.3953, "bus_lcLookaheadLeft": 40.1811, "bus_lcPushy": 0.287, "bus_lcSigma": 0.5391, "bus_lcSpeedGainRight": 2.408, "bus_lcSublane": 0.9353, "bus_sigma": 0.7323, "bus_tau_mean": 1.4571, "bus_tau_std": 2.2701, "bus_v_mean": 19.9842, "bus_v_std": 11.129, "car_acc": 2.3912, "car_dcc": 0.8483, "car_lcAssertive": 20.1427, "car_lcCooperative": 0.4994, "car_lcLookaheadLeft": 10.3201, "car_lcPushy": 0.0412, "car_lcSigma": 0.8542, "car_lcSpeedGainRight": 2.2477, "car_lcSublane": 0.8155, "car_sigma": 0.7907, "car_tau_mean": 3.8169, "car_tau_std": 6.5178, "car_v_mean": 23.3218, "car_v_std": 17.025}, "datetime": {"datetime": "2024-08-12 01:06:57", "elapsed": 1457.461255, "delta": 4.378329}}
{"target": -0.65887696451259, "params": {"bus_acc": 1.1681, "bus_dcc": 0.9609, "bus_lcAssertive": 53.3002, "bus_lcCooperative": 0.2846, "bus_lcLookaheadLeft": 19.9787, "bus_lcPushy": 0.9928, "bus_lcSigma": 0.6424, "bus_lcSpeedGainRight": 2.7422, "bus_lcSublane": 0.8614, "bus_sigma": 0.2992, "bus_tau_mean": 1.4146, "bus_tau_std": 4.4599, "bus_v_mean": 8.3226, "bus_v_std": 15.7769, "car_acc": 0.7752, "car_dcc": 0.6996, "car_lcAssertive": 76.1101, "car_lcCooperative": 0.7, "car_lcLookaheadLeft": 46.7576, "car_lcPushy": 0.4272, "car_lcSigma": 0.2923, "car_lcSpeedGainRight": 0.431, "car_lcSublane": 0.092, "car_sigma": 0.0955, "car_tau_mean": 2.0156, "car_tau_std": 6.6059, "car_v_mean": 23.8401, "car_v_std": 10.3688}, "datetime": {"datetime": "2024-08-12 01:07:01", "elapsed": 1461.476252, "delta": 4.014997}}
{"target": -0.4326240975931201, "params": {"bus_acc": 1.6642, "bus_dcc": 1.6792, "bus_lcAssertive": 15.6525, "bus_lcCooperative": 0.0292, "bus_lcLookaheadLeft": 53.9477, "bus_lcPushy": 0.1665, "bus_lcSigma": 0.6683, "bus_lcSpeedGainRight": 3.9794, "bus_lcSublane": 0.8708, "bus_sigma": 0.115, "bus_tau_mean": 0.9576, "bus_tau_std": 4.7987, "bus_v_mean": 22.002, "bus_v_std": 11.1033, "car_acc": 0.8411, "car_dcc": 3.4603, "car_lcAssertive": 4.2369, "car_lcCooperative": 0.5261, "car_lcLookaheadLeft": 84.9193, "car_lcPushy": 0.0857, "car_lcSigma": 0.0465, "car_lcSpeedGainRight": 4.666, "car_lcSublane": 0.9523, "car_sigma": 0.7324, "car_tau_mean": 3.3648, "car_tau_std": 1.9632, "car_v_mean": 9.6089, "car_v_std": 10.0041}, "datetime": {"datetime": "2024-08-12 01:07:05", "elapsed": 1465.843798, "delta": 4.367546}}
{"target": -0.5416627476052099, "params": {"bus_acc": 2.1847, "bus_dcc": 3.9606, "bus_lcAssertive": 47.1376, "bus_lcCooperative": 0.3297, "bus_lcLookaheadLeft": 18.3286, "bus_lcPushy": 0.4481, "bus_lcSigma": 0.9834, "bus_lcSpeedGainRight": 3.4902, "bus_lcSublane": 0.3726, "bus_sigma": 0.7286, "bus_tau_mean": 3.7899, "bus_tau_std": 9.9192, "bus_v_mean": 22.6667, "bus_v_std": 5.8144, "car_acc": 1.4358, "car_dcc": 2.6789, "car_lcAssertive": 25.2851, "car_lcCooperative": 0.1606, "car_lcLookaheadLeft": 66.4478, "car_lcPushy": 0.7121, "car_lcSigma": 0.7689, "car_lcSpeedGainRight": 1.0288, "car_lcSublane": 0.2765, "car_sigma": 0.6844, "car_tau_mean": 1.3957, "car_tau_std": 7.4953, "car_v_mean": 14.7339, "car_v_std": 5.0167}, "datetime": {"datetime": "2024-08-12 01:07:10", "elapsed": 1470.303345, "delta": 4.459547}}
{"target": -0.6163767601372051, "params": {"bus_acc": 3.1761, "bus_dcc": 2.7386, "bus_lcAssertive": 81.3992, "bus_lcCooperative": 0.0188, "bus_lcLookaheadLeft": 23.7671, "bus_lcPushy": 0.0565, "bus_lcSigma": 0.1133, "bus_lcSpeedGainRight": 2.6741, "bus_lcSublane": 0.4683, "bus_sigma": 0.0911, "bus_tau_mean": 2.5834, "bus_tau_std": 9.7389, "bus_v_mean": 18.2961, "bus_v_std": 19.8474, "car_acc": 3.9642, "car_dcc": 0.2368, "car_lcAssertive": 37.6284, "car_lcCooperative": 0.0902, "car_lcLookaheadLeft": 66.959, "car_lcPushy": 0.0267, "car_lcSigma": 0.1787, "car_lcSpeedGainRight": 2.4791, "car_lcSublane": 0.2626, "car_sigma": 0.3186, "car_tau_mean": 1.9267, "car_tau_std": 8.9892, "car_v_mean": 21.6096, "car_v_std": 6.9849}, "datetime": {"datetime": "2024-08-12 01:07:12", "elapsed": 1473.174069, "delta": 2.870724}}
{"target": -0.8341130885627798, "params": {"bus_acc": 3.4722, "bus_dcc": 0.8586, "bus_lcAssertive": 19.3316, "bus_lcCooperative": 0.464, "bus_lcLookaheadLeft": 8.9981, "bus_lcPushy": 0.3078, "bus_lcSigma": 0.3388, "bus_lcSpeedGainRight": 2.323, "bus_lcSublane": 0.1305, "bus_sigma": 0.1484, "bus_tau_mean": 3.8557, "bus_tau_std": 9.9762, "bus_v_mean": 12.1948, "bus_v_std": 19.8801, "car_acc": 2.3459, "car_dcc": 0.9853, "car_lcAssertive": 7.1345, "car_lcCooperative": 0.4563, "car_lcLookaheadLeft": 30.8494, "car_lcPushy": 0.7116, "car_lcSigma": 0.1898, "car_lcSpeedGainRight": 3.1008, "car_lcSublane": 0.4894, "car_sigma": 0.4182, "car_tau_mean": 1.5732, "car_tau_std": 3.2188, "car_v_mean": 25.9342, "car_v_std": 16.3776}, "datetime": {"datetime": "2024-08-12 01:07:20", "elapsed": 1480.342224, "delta": 7.168155}}
{"target": -0.49659260982023173, "params": {"bus_acc": 0.9289, "bus_dcc": 3.9008, "bus_lcAssertive": 72.3083, "bus_lcCooperative": 0.1902, "bus_lcLookaheadLeft": 62.1438, "bus_lcPushy": 0.8972, "bus_lcSigma": 0.7512, "bus_lcSpeedGainRight": 1.2886, "bus_lcSublane": 0.2723, "bus_sigma": 0.7734, "bus_tau_mean": 3.1301, "bus_tau_std": 1.2537, "bus_v_mean": 21.1898, "bus_v_std": 6.3533, "car_acc": 1.5301, "car_dcc": 0.4222, "car_lcAssertive": 77.2421, "car_lcCooperative": 0.2953, "car_lcLookaheadLeft": 36.6181, "car_lcPushy": 0.518, "car_lcSigma": 0.3678, "car_lcSpeedGainRight": 3.2027, "car_lcSublane": 0.4696, "car_sigma": 0.2405, "car_tau_mean": 3.1231, "car_tau_std": 5.0912, "car_v_mean": 22.6663, "car_v_std": 14.8046}, "datetime": {"datetime": "2024-08-12 01:07:26", "elapsed": 1486.586702, "delta": 6.244478}}
{"target": -0.5855547513032775, "params": {"bus_acc": 3.4938, "bus_dcc": 2.8735, "bus_lcAssertive": 63.5844, "bus_lcCooperative": 0.1312, "bus_lcLookaheadLeft": 88.3034, "bus_lcPushy": 0.0522, "bus_lcSigma": 0.4436, "bus_lcSpeedGainRight": 0.4754, "bus_lcSublane": 0.8832, "bus_sigma": 0.9828, "bus_tau_mean": 3.5564, "bus_tau_std": 6.1558, "bus_v_mean": 13.025, "bus_v_std": 19.7138, "car_acc": 3.2532, "car_dcc": 3.9865, "car_lcAssertive": 98.112, "car_lcCooperative": 0.7245, "car_lcLookaheadLeft": 20.7387, "car_lcPushy": 0.2154, "car_lcSigma": 0.2237, "car_lcSpeedGainRight": 2.7454, "car_lcSublane": 0.6878, "car_sigma": 0.5404, "car_tau_mean": 1.3555, "car_tau_std": 3.0869, "car_v_mean": 24.8484, "car_v_std": 7.1784}, "datetime": {"datetime": "2024-08-12 01:07:29", "elapsed": 1489.396074, "delta": 2.809372}}
{"target": -0.48070608323536396, "params": {"bus_acc": 1.4677, "bus_dcc": 3.3119, "bus_lcAssertive": 62.3839, "bus_lcCooperative": 0.5547, "bus_lcLookaheadLeft": 54.1407, "bus_lcPushy": 0.5366, "bus_lcSigma": 0.0102, "bus_lcSpeedGainRight": 2.309, "bus_lcSublane": 0.3583, "bus_sigma": 0.7854, "bus_tau_mean": 2.7832, "bus_tau_std": 1.209, "bus_v_mean": 15.7814, "bus_v_std": 6.8645, "car_acc": 1.4027, "car_dcc": 3.874, "car_lcAssertive": 89.4879, "car_lcCooperative": 0.6266, "car_lcLookaheadLeft": 37.5797, "car_lcPushy": 0.4915, "car_lcSigma": 0.226, "car_lcSpeedGainRight": 2.201, "car_lcSublane": 0.3968, "car_sigma": 0.4865, "car_tau_mean": 3.0741, "car_tau_std": 0.8705, "car_v_mean": 21.0942, "car_v_std": 6.3389}, "datetime": {"datetime": "2024-08-12 01:07:31", "elapsed": 1492.169315, "delta": 2.773241}}
{"target": -0.2425937983942262, "params": {"bus_acc": 0.8778, "bus_dcc": 3.443, "bus_lcAssertive": 38.5131, "bus_lcCooperative": 0.4994, "bus_lcLookaheadLeft": 67.9675, "bus_lcPushy": 0.4393, "bus_lcSigma": 0.3005, "bus_lcSpeedGainRight": 0.8212, "bus_lcSublane": 0.0038, "bus_sigma": 0.0285, "bus_tau_mean": 3.4366, "bus_tau_std": 2.5517, "bus_v_mean": 16.6502, "bus_v_std": 12.4821, "car_acc": 0.6089, "car_dcc": 3.7308, "car_lcAssertive": 42.6892, "car_lcCooperative": 0.5977, "car_lcLookaheadLeft": 94.4269, "car_lcPushy": 0.1537, "car_lcSigma": 0.2447, "car_lcSpeedGainRight": 2.2872, "car_lcSublane": 0.6565, "car_sigma": 0.5962, "car_tau_mean": 2.3156, "car_tau_std": 7.9207, "car_v_mean": 23.5238, "car_v_std": 8.8201}, "datetime": {"datetime": "2024-08-12 01:07:34", "elapsed": 1494.28654, "delta": 2.117225}}
{"target": -0.654830140964676, "params": {"bus_acc": 2.3655, "bus_dcc": 3.5756, "bus_lcAssertive": 66.6328, "bus_lcCooperative": 0.5288, "bus_lcLookaheadLeft": 46.9501, "bus_lcPushy": 0.8138, "bus_lcSigma": 0.2805, "bus_lcSpeedGainRight": 4.8751, "bus_lcSublane": 0.2831, "bus_sigma": 0.8712, "bus_tau_mean": 0.7183, "bus_tau_std": 4.5558, "bus_v_mean": 14.5482, "bus_v_std": 18.5567, "car_acc": 3.9911, "car_dcc": 3.817, "car_lcAssertive": 94.7242, "car_lcCooperative": 0.9003, "car_lcLookaheadLeft": 85.6825, "car_lcPushy": 0.1841, "car_lcSigma": 0.76, "car_lcSpeedGainRight": 4.0824, "car_lcSublane": 0.6297, "car_sigma": 0.2249, "car_tau_mean": 2.5715, "car_tau_std": 1.131, "car_v_mean": 9.8626, "car_v_std": 5.6322}, "datetime": {"datetime": "2024-08-12 01:07:36", "elapsed": 1497.171412, "delta": 2.884872}}
{"target": -0.4988443014255252, "params": {"bus_acc": 0.7427, "bus_dcc": 2.1285, "bus_lcAssertive": 63.9973, "bus_lcCooperative": 0.8565, "bus_lcLookaheadLeft": 70.1355, "bus_lcPushy": 0.3241, "bus_lcSigma": 0.2773, "bus_lcSpeedGainRight": 4.6138, "bus_lcSublane": 0.8696, "bus_sigma": 0.6608, "bus_tau_mean": 1.5203, "bus_tau_std": 6.4261, "bus_v_mean": 10.8797, "bus_v_std": 10.1713, "car_acc": 0.7469, "car_dcc": 1.2751, "car_lcAssertive": 24.1601, "car_lcCooperative": 0.6788, "car_lcLookaheadLeft": 42.5955, "car_lcPushy": 0.7667, "car_lcSigma": 0.9215, "car_lcSpeedGainRight": 2.4476, "car_lcSublane": 0.6303, "car_sigma": 0.6506, "car_tau_mean": 0.9914, "car_tau_std": 7.9184, "car_v_mean": 22.1083, "car_v_std": 5.9736}, "datetime": {"datetime": "2024-08-12 01:07:41", "elapsed": 1501.550861, "delta": 4.379449}}
