{"target": -0.5638579672884322, "params": {"bus_acc": 2.6478, "bus_dcc": 2.0657, "bus_lcAssertive": 24.7703, "bus_lcCooperative": 0.4361, "bus_lcLookaheadLeft": 72.4379, "bus_lcPushy": 0.5973, "bus_lcSigma": 0.1877, "bus_lcSpeedGainRight": 1.0813, "bus_lcSublane": 0.1981, "bus_sigma": 0.8836, "bus_tau_mean": 3.0685, "bus_tau_std": 6.3596, "bus_v_mean": 19.1158, "bus_v_std": 9.0104, "car_acc": 3.9685, "car_dcc": 2.928, "car_lcAssertive": 40.6913, "car_lcCooperative": 0.9136, "car_lcLookaheadLeft": 98.09, "car_lcPushy": 0.6002, "car_lcSigma": 0.7357, "car_lcSpeedGainRight": 1.0675, "car_lcSublane": 0.3853, "car_sigma": 0.8755, "car_tau_mean": 2.5669, "car_tau_std": 3.3982, "car_v_mean": 13.935, "car_v_std": 16.2716}, "datetime": {"datetime": "2024-08-12 03:52:41", "elapsed": 11401.217124, "delta": 17.679778}}
{"target": -0.6912880654921333, "params": {"bus_acc": 0.5905, "bus_dcc": 1.0946, "bus_lcAssertive": 8.9078, "bus_lcCooperative": 0.933, "bus_lcLookaheadLeft": 48.8786, "bus_lcPushy": 0.6668, "bus_lcSigma": 0.3445, "bus_lcSpeedGainRight": 0.9558, "bus_lcSublane": 0.5204, "bus_sigma": 0.4966, "bus_tau_mean": 3.5214, "bus_tau_std": 8.8344, "bus_v_mean": 10.8521, "bus_v_std": 10.4785, "car_acc": 3.6629, "car_dcc": 3.016, "car_lcAssertive": 65.6208, "car_lcCooperative": 0.203, "car_lcLookaheadLeft": 29.1126, "car_lcPushy": 0.6635, "car_lcSigma": 0.0747, "car_lcSpeedGainRight": 4.9689, "car_lcSublane": 0.2219, "car_sigma": 0.2519, "car_tau_mean": 1.032, "car_tau_std": 8.0739, "car_v_mean": 24.9664, "car_v_std": 18.519}, "datetime": {"datetime": "2024-08-12 03:52:53", "elapsed": 11413.394512, "delta": 12.177388}}
{"target": -0.18577122909189947, "params": {"bus_acc": 0.6019, "bus_dcc": 2.5137, "bus_lcAssertive": 50.3821, "bus_lcCooperative": 0.9964, "bus_lcLookaheadLeft": 46.8861, "bus_lcPushy": 0.2483, "bus_lcSigma": 0.5441, "bus_lcSpeedGainRight": 4.4586, "bus_lcSublane": 0.7638, "bus_sigma": 0.5956, "bus_tau_mean": 2.0799, "bus_tau_std": 9.514, "bus_v_mean": 15.6754, "bus_v_std": 17.7755, "car_acc": 0.2193, "car_dcc": 3.0761, "car_lcAssertive": 32.0071, "car_lcCooperative": 0.3215, "car_lcLookaheadLeft": 62.416, "car_lcPushy": 0.6483, "car_lcSigma": 0.8457, "car_lcSpeedGainRight": 1.4708, "car_lcSublane": 0.6909, "car_sigma": 0.6149, "car_tau_mean": 3.5084, "car_tau_std": 1.3937, "car_v_mean": 18.595, "car_v_std": 15.3125}, "datetime": {"datetime": "2024-08-12 03:53:01", "elapsed": 11421.360381, "delta": 7.965869}}
{"target": -0.543574800259605, "params": {"bus_acc": 3.4035, "bus_dcc": 3.902, "bus_lcAssertive": 88.0625, "bus_lcCooperative": 0.0504, "bus_lcLookaheadLeft": 34.1176, "bus_lcPushy": 0.9882, "bus_lcSigma": 0.5679, "bus_lcSpeedGainRight": 4.7656, "bus_lcSublane": 0.1251, "bus_sigma": 0.9522, "bus_tau_mean": 2.452, "bus_tau_std": 9.4904, "bus_v_mean": 16.6715, "bus_v_std": 7.2689, "car_acc": 2.154, "car_dcc": 2.0214, "car_lcAssertive": 76.1435, "car_lcCooperative": 0.9835, "car_lcLookaheadLeft": 92.1213, "car_lcPushy": 0.8649, "car_lcSigma": 0.8594, "car_lcSpeedGainRight": 3.7373, "car_lcSublane": 0.3037, "car_sigma": 0.1701, "car_tau_mean": 3.9101, "car_tau_std": 8.204, "car_v_mean": 10.791, "car_v_std": 6.3189}, "datetime": {"datetime": "2024-08-12 03:53:09", "elapsed": 11429.508228, "delta": 8.147847}}
{"target": -0.3498025177972877, "params": {"bus_acc": 1.3555, "bus_dcc": 3.1116, "bus_lcAssertive": 70.6648, "bus_lcCooperative": 0.3461, "bus_lcLookaheadLeft": 86.1252, "bus_lcPushy": 0.426, "bus_lcSigma": 0.9672, "bus_lcSpeedGainRight": 0.5266, "bus_lcSublane": 0.2002, "bus_sigma": 0.8391, "bus_tau_mean": 3.3502, "bus_tau_std": 2.8357, "bus_v_mean": 21.1723, "bus_v_std": 4.181, "car_acc": 0.3489, "car_dcc": 2.4546, "car_lcAssertive": 60.5238, "car_lcCooperative": 0.1844, "car_lcLookaheadLeft": 54.2432, "car_lcPushy": 0.1669, "car_lcSigma": 0.677, "car_lcSpeedGainRight": 1.6383, "car_lcSublane": 0.3941, "car_sigma": 0.707, "car_tau_mean": 3.7434, "car_tau_std": 1.2323, "car_v_mean": 21.6184, "car_v_std": 17.3298}, "datetime": {"datetime": "2024-08-12 03:53:17", "elapsed": 11437.520513, "delta": 8.012285}}
{"target": -0.5793108000240822, "params": {"bus_acc": 0.9398, "bus_dcc": 3.307, "bus_lcAssertive": 96.3738, "bus_lcCooperative": 0.1379, "bus_lcLookaheadLeft": 65.7558, "bus_lcPushy": 0.8184, "bus_lcSigma": 0.365, "bus_lcSpeedGainRight": 2.415, "bus_lcSublane": 0.49, "bus_sigma": 0.3164, "bus_tau_mean": 1.1788, "bus_tau_std": 7.449, "bus_v_mean": 19.0401, "bus_v_std": 18.9395, "car_acc": 3.4266, "car_dcc": 0.4213, "car_lcAssertive": 83.9838, "car_lcCooperative": 0.4744, "car_lcLookaheadLeft": 61.0965, "car_lcPushy": 0.7727, "car_lcSigma": 0.1745, "car_lcSpeedGainRight": 2.3497, "car_lcSublane": 0.8345, "car_sigma": 0.6362, "car_tau_mean": 2.8845, "car_tau_std": 3.5946, "car_v_mean": 13.7996, "car_v_std": 3.5441}, "datetime": {"datetime": "2024-08-12 03:53:29", "elapsed": 11449.752717, "delta": 12.232204}}
{"target": -0.6689180228956225, "params": {"bus_acc": 3.0911, "bus_dcc": 2.8544, "bus_lcAssertive": 29.9319, "bus_lcCooperative": 0.3123, "bus_lcLookaheadLeft": 63.2981, "bus_lcPushy": 0.6705, "bus_lcSigma": 0.5722, "bus_lcSpeedGainRight": 3.3368, "bus_lcSublane": 0.9375, "bus_sigma": 0.9339, "bus_tau_mean": 2.8537, "bus_tau_std": 9.7238, "bus_v_mean": 16.9232, "bus_v_std": 2.5772, "car_acc": 3.9006, "car_dcc": 0.4431, "car_lcAssertive": 60.5817, "car_lcCooperative": 0.7916, "car_lcLookaheadLeft": 94.4217, "car_lcPushy": 0.9761, "car_lcSigma": 0.7755, "car_lcSpeedGainRight": 4.7603, "car_lcSublane": 0.539, "car_sigma": 0.5114, "car_tau_mean": 3.1794, "car_tau_std": 8.2033, "car_v_mean": 16.3819, "car_v_std": 14.6936}, "datetime": {"datetime": "2024-08-12 03:53:37", "elapsed": 11457.840496, "delta": 8.087779}}
{"target": -0.47166700262637407, "params": {"bus_acc": 1.4966, "bus_dcc": 0.5536, "bus_lcAssertive": 50.0237, "bus_lcCooperative": 0.049, "bus_lcLookaheadLeft": 24.3412, "bus_lcPushy": 0.0351, "bus_lcSigma": 0.8388, "bus_lcSpeedGainRight": 2.6039, "bus_lcSublane": 0.7507, "bus_sigma": 0.5476, "bus_tau_mean": 2.8538, "bus_tau_std": 1.2002, "bus_v_mean": 9.1833, "bus_v_std": 1.6491, "car_acc": 0.3125, "car_dcc": 1.1013, "car_lcAssertive": 14.0865, "car_lcCooperative": 0.3922, "car_lcLookaheadLeft": 29.4156, "car_lcPushy": 0.015, "car_lcSigma": 0.9186, "car_lcSpeedGainRight": 0.1573, "car_lcSublane": 0.4758, "car_sigma": 0.0093, "car_tau_mean": 2.3404, "car_tau_std": 6.3332, "car_v_mean": 24.9333, "car_v_std": 18.9032}, "datetime": {"datetime": "2024-08-12 03:53:47", "elapsed": 11468.151319, "delta": 10.310823}}
{"target": -0.6735566907227714, "params": {"bus_acc": 2.806, "bus_dcc": 3.7231, "bus_lcAssertive": 41.8349, "bus_lcCooperative": 0.7468, "bus_lcLookaheadLeft": 23.023, "bus_lcPushy": 0.4581, "bus_lcSigma": 0.0592, "bus_lcSpeedGainRight": 2.0206, "bus_lcSublane": 0.1632, "bus_sigma": 0.9538, "bus_tau_mean": 1.869, "bus_tau_std": 8.3965, "bus_v_mean": 25.0346, "bus_v_std": 3.6958, "car_acc": 2.9267, "car_dcc": 1.1248, "car_lcAssertive": 83.5577, "car_lcCooperative": 0.1107, "car_lcLookaheadLeft": 24.2795, "car_lcPushy": 0.2585, "car_lcSigma": 0.0689, "car_lcSpeedGainRight": 1.4296, "car_lcSublane": 0.4463, "car_sigma": 0.2778, "car_tau_mean": 1.1421, "car_tau_std": 6.7977, "car_v_mean": 19.6358, "car_v_std": 15.3185}, "datetime": {"datetime": "2024-08-12 03:54:00", "elapsed": 11480.928175, "delta": 12.776856}}
{"target": -0.5056162703405357, "params": {"bus_acc": 3.4696, "bus_dcc": 1.3858, "bus_lcAssertive": 66.3269, "bus_lcCooperative": 0.0172, "bus_lcLookaheadLeft": 85.1186, "bus_lcPushy": 0.1766, "bus_lcSigma": 0.0639, "bus_lcSpeedGainRight": 1.1948, "bus_lcSublane": 0.3477, "bus_sigma": 0.0701, "bus_tau_mean": 1.9156, "bus_tau_std": 4.1457, "bus_v_mean": 18.4475, "bus_v_std": 5.2101, "car_acc": 1.9584, "car_dcc": 1.2271, "car_lcAssertive": 23.3346, "car_lcCooperative": 0.751, "car_lcLookaheadLeft": 82.3742, "car_lcPushy": 0.3918, "car_lcSigma": 0.6506, "car_lcSpeedGainRight": 1.0146, "car_lcSublane": 0.0967, "car_sigma": 0.5637, "car_tau_mean": 3.8407, "car_tau_std": 8.4222, "car_v_mean": 11.538, "car_v_std": 0.6054}, "datetime": {"datetime": "2024-08-12 03:54:15", "elapsed": 11495.592314, "delta": 14.664139}}
{"target": -0.6648706762245106, "params": {"bus_acc": 2.5643, "bus_dcc": 2.5399, "bus_lcAssertive": 42.9304, "bus_lcCooperative": 0.0931, "bus_lcLookaheadLeft": 97.011, "bus_lcPushy": 0.9065, "bus_lcSigma": 0.5863, "bus_lcSpeedGainRight": 0.7231, "bus_lcSublane": 0.6902, "bus_sigma": 0.3856, "bus_tau_mean": 3.5744, "bus_tau_std": 7.1203, "bus_v_mean": 12.8718, "bus_v_std": 13.1487, "car_acc": 3.4149, "car_dcc": 3.3238, "car_lcAssertive": 89.467, "car_lcCooperative": 0.8402, "car_lcLookaheadLeft": 58.8609, "car_lcPushy": 0.5279, "car_lcSigma": 0.6515, "car_lcSpeedGainRight": 4.9705, "car_lcSublane": 0.0529, "car_sigma": 0.6817, "car_tau_mean": 2.1913, "car_tau_std": 8.8127, "car_v_mean": 15.8468, "car_v_std": 11.5765}, "datetime": {"datetime": "2024-08-12 03:54:29", "elapsed": 11509.457491, "delta": 13.865177}}
{"target": -0.544202986852236, "params": {"bus_acc": 2.4456, "bus_dcc": 3.0684, "bus_lcAssertive": 10.2555, "bus_lcCooperative": 0.3384, "bus_lcLookaheadLeft": 43.3236, "bus_lcPushy": 0.9796, "bus_lcSigma": 0.5318, "bus_lcSpeedGainRight": 4.0948, "bus_lcSublane": 0.6949, "bus_sigma": 0.843, "bus_tau_mean": 1.375, "bus_tau_std": 5.6639, "bus_v_mean": 11.3314, "bus_v_std": 0.469, "car_acc": 2.2964, "car_dcc": 2.8385, "car_lcAssertive": 63.8871, "car_lcCooperative": 0.3841, "car_lcLookaheadLeft": 93.6869, "car_lcPushy": 0.1585, "car_lcSigma": 0.0982, "car_lcSpeedGainRight": 4.4205, "car_lcSublane": 0.8333, "car_sigma": 0.9915, "car_tau_mean": 1.1628, "car_tau_std": 5.7874, "car_v_mean": 15.7397, "car_v_std": 18.2504}, "datetime": {"datetime": "2024-08-12 03:54:42", "elapsed": 11522.34766, "delta": 12.890169}}
{"target": -0.7492446506934551, "params": {"bus_acc": 2.9627, "bus_dcc": 0.963, "bus_lcAssertive": 79.4523, "bus_lcCooperative": 0.7031, "bus_lcLookaheadLeft": 47.9705, "bus_lcPushy": 0.4127, "bus_lcSigma": 0.9358, "bus_lcSpeedGainRight": 1.2199, "bus_lcSublane": 0.1383, "bus_sigma": 0.5539, "bus_tau_mean": 2.586, "bus_tau_std": 1.7488, "bus_v_mean": 11.7107, "bus_v_std": 18.7045, "car_acc": 3.3927, "car_dcc": 3.4867, "car_lcAssertive": 6.6478, "car_lcCooperative": 0.7626, "car_lcLookaheadLeft": 88.2238, "car_lcPushy": 0.3956, "car_lcSigma": 0.4502, "car_lcSpeedGainRight": 2.66, "car_lcSublane": 0.8431, "car_sigma": 0.8363, "car_tau_mean": 3.806, "car_tau_std": 5.8207, "car_v_mean": 13.5206, "car_v_std": 18.8615}, "datetime": {"datetime": "2024-08-12 03:54:50", "elapsed": 11531.105064, "delta": 8.757404}}
{"target": -0.6370471420540332, "params": {"bus_acc": 2.7394, "bus_dcc": 1.7316, "bus_lcAssertive": 81.088, "bus_lcCooperative": 0.7392, "bus_lcLookaheadLeft": 45.0649, "bus_lcPushy": 0.5467, "bus_lcSigma": 0.6761, "bus_lcSpeedGainRight": 4.7752, "bus_lcSublane": 0.2935, "bus_sigma": 0.0695, "bus_tau_mean": 3.9308, "bus_tau_std": 7.8095, "bus_v_mean": 15.5475, "bus_v_std": 11.3965, "car_acc": 2.827, "car_dcc": 1.4484, "car_lcAssertive": 57.9108, "car_lcCooperative": 0.4205, "car_lcLookaheadLeft": 62.1472, "car_lcPushy": 0.4183, "car_lcSigma": 0.5902, "car_lcSpeedGainRight": 0.2681, "car_lcSublane": 0.4441, "car_sigma": 0.2739, "car_tau_mean": 0.7572, "car_tau_std": 2.1392, "car_v_mean": 13.5905, "car_v_std": 3.7424}, "datetime": {"datetime": "2024-08-12 03:54:59", "elapsed": 11539.531139, "delta": 8.426075}}
{"target": -0.2563974823527328, "params": {"bus_acc": 3.5291, "bus_dcc": 3.8743, "bus_lcAssertive": 3.2469, "bus_lcCooperative": 0.0458, "bus_lcLookaheadLeft": 67.2446, "bus_lcPushy": 0.826, "bus_lcSigma": 0.3881, "bus_lcSpeedGainRight": 3.9821, "bus_lcSublane": 0.8294, "bus_sigma": 0.1086, "bus_tau_mean": 3.4155, "bus_tau_std": 0.9941, "bus_v_mean": 8.8111, "bus_v_std": 11.0862, "car_acc": 0.5195, "car_dcc": 2.4006, "car_lcAssertive": 52.3529, "car_lcCooperative": 0.7539, "car_lcLookaheadLeft": 50.3692, "car_lcPushy": 0.4767, "car_lcSigma": 0.0506, "car_lcSpeedGainRight": 4.5138, "car_lcSublane": 0.6751, "car_sigma": 0.4581, "car_tau_mean": 2.6806, "car_tau_std": 5.5604, "car_v_mean": 14.0244, "car_v_std": 1.4323}, "datetime": {"datetime": "2024-08-12 03:55:07", "elapsed": 11547.770819, "delta": 8.23968}}
{"target": -0.633349340739873, "params": {"bus_acc": 0.2108, "bus_dcc": 0.9493, "bus_lcAssertive": 43.2626, "bus_lcCooperative": 0.6926, "bus_lcLookaheadLeft": 96.0629, "bus_lcPushy": 0.9125, "bus_lcSigma": 0.0017, "bus_lcSpeedGainRight": 0.2959, "bus_lcSublane": 0.275, "bus_sigma": 0.9387, "bus_tau_mean": 2.855, "bus_tau_std": 6.0489, "bus_v_mean": 19.6441, "bus_v_std": 14.0808, "car_acc": 2.3047, "car_dcc": 1.3589, "car_lcAssertive": 66.9901, "car_lcCooperative": 0.3428, "car_lcLookaheadLeft": 28.2404, "car_lcPushy": 0.8089, "car_lcSigma": 0.8127, "car_lcSpeedGainRight": 2.2793, "car_lcSublane": 0.9916, "car_sigma": 0.7574, "car_tau_mean": 3.3755, "car_tau_std": 3.8048, "car_v_mean": 24.513, "car_v_std": 8.5585}, "datetime": {"datetime": "2024-08-12 03:55:20", "elapsed": 11560.85333, "delta": 13.082511}}
{"target": -0.572907872868674, "params": {"bus_acc": 2.7814, "bus_dcc": 0.527, "bus_lcAssertive": 84.7488, "bus_lcCooperative": 0.3788, "bus_lcLookaheadLeft": 15.58, "bus_lcPushy": 0.0876, "bus_lcSigma": 0.0253, "bus_lcSpeedGainRight": 0.2072, "bus_lcSublane": 0.162, "bus_sigma": 0.61, "bus_tau_mean": 2.6473, "bus_tau_std": 8.2232, "bus_v_mean": 10.1147, "bus_v_std": 5.2155, "car_acc": 1.4037, "car_dcc": 3.0096, "car_lcAssertive": 27.3824, "car_lcCooperative": 0.2428, "car_lcLookaheadLeft": 37.352, "car_lcPushy": 0.6003, "car_lcSigma": 0.8221, "car_lcSpeedGainRight": 0.6258, "car_lcSublane": 0.3682, "car_sigma": 0.8197, "car_tau_mean": 1.3331, "car_tau_std": 2.7489, "car_v_mean": 20.4919, "car_v_std": 3.0153}, "datetime": {"datetime": "2024-08-12 03:55:28", "elapsed": 11568.916863, "delta": 8.063533}}
{"target": -0.5222804002534958, "params": {"bus_acc": 0.9162, "bus_dcc": 3.7497, "bus_lcAssertive": 35.7605, "bus_lcCooperative": 0.6972, "bus_lcLookaheadLeft": 88.233, "bus_lcPushy": 0.7018, "bus_lcSigma": 0.025, "bus_lcSpeedGainRight": 0.4984, "bus_lcSublane": 0.0323, "bus_sigma": 0.4889, "bus_tau_mean": 3.0327, "bus_tau_std": 8.5137, "bus_v_mean": 19.1869, "bus_v_std": 16.0418, "car_acc": 3.7035, "car_dcc": 1.5204, "car_lcAssertive": 16.5082, "car_lcCooperative": 0.5803, "car_lcLookaheadLeft": 14.9504, "car_lcPushy": 0.9784, "car_lcSigma": 0.244, "car_lcSpeedGainRight": 3.6125, "car_lcSublane": 0.7867, "car_sigma": 0.4603, "car_tau_mean": 1.5277, "car_tau_std": 1.2604, "car_v_mean": 24.9438, "car_v_std": 2.7872}, "datetime": {"datetime": "2024-08-12 03:55:36", "elapsed": 11576.734226, "delta": 7.817363}}
{"target": -0.6328932480530268, "params": {"bus_acc": 3.2249, "bus_dcc": 0.3913, "bus_lcAssertive": 50.5214, "bus_lcCooperative": 0.0753, "bus_lcLookaheadLeft": 80.5583, "bus_lcPushy": 0.1234, "bus_lcSigma": 0.8323, "bus_lcSpeedGainRight": 0.1347, "bus_lcSublane": 0.7909, "bus_sigma": 0.397, "bus_tau_mean": 2.2581, "bus_tau_std": 0.6146, "bus_v_mean": 17.6735, "bus_v_std": 14.4278, "car_acc": 1.4058, "car_dcc": 3.7267, "car_lcAssertive": 55.5712, "car_lcCooperative": 0.1631, "car_lcLookaheadLeft": 16.7489, "car_lcPushy": 0.0929, "car_lcSigma": 0.3212, "car_lcSpeedGainRight": 3.3358, "car_lcSublane": 0.2332, "car_sigma": 0.4788, "car_tau_mean": 2.7166, "car_tau_std": 8.2798, "car_v_mean": 21.7071, "car_v_std": 19.8678}, "datetime": {"datetime": "2024-08-12 03:55:57", "elapsed": 11597.767035, "delta": 21.032809}}
{"target": -0.21100414738934983, "params": {"bus_acc": 3.218, "bus_dcc": 3.9359, "bus_lcAssertive": 60.5926, "bus_lcCooperative": 0.6694, "bus_lcLookaheadLeft": 19.4925, "bus_lcPushy": 0.9781, "bus_lcSigma": 0.586, "bus_lcSpeedGainRight": 2.672, "bus_lcSublane": 0.0111, "bus_sigma": 0.4266, "bus_tau_mean": 2.956, "bus_tau_std": 6.4944, "bus_v_mean": 18.169, "bus_v_std": 6.6065, "car_acc": 0.2457, "car_dcc": 2.3189, "car_lcAssertive": 53.7053, "car_lcCooperative": 0.1054, "car_lcLookaheadLeft": 8.3475, "car_lcPushy": 0.7026, "car_lcSigma": 0.3634, "car_lcSpeedGainRight": 2.429, "car_lcSublane": 0.6211, "car_sigma": 0.7095, "car_tau_mean": 3.6263, "car_tau_std": 7.6913, "car_v_mean": 22.6145, "car_v_std": 1.9762}, "datetime": {"datetime": "2024-08-12 03:56:09", "elapsed": 11609.217835, "delta": 11.4508}}
{"target": -0.5983635452871875, "params": {"bus_acc": 1.2823, "bus_dcc": 0.6246, "bus_lcAssertive": 57.8886, "bus_lcCooperative": 0.4266, "bus_lcLookaheadLeft": 81.76, "bus_lcPushy": 0.6275, "bus_lcSigma": 0.5395, "bus_lcSpeedGainRight": 0.4335, "bus_lcSublane": 0.8099, "bus_sigma": 0.8514, "bus_tau_mean": 3.74, "bus_tau_std": 6.7658, "bus_v_mean": 11.8445, "bus_v_std": 13.0635, "car_acc": 1.2941, "car_dcc": 2.6284, "car_lcAssertive": 91.4683, "car_lcCooperative": 0.827, "car_lcLookaheadLeft": 80.9388, "car_lcPushy": 0.6948, "car_lcSigma": 0.6587, "car_lcSpeedGainRight": 4.2829, "car_lcSublane": 0.3797, "car_sigma": 0.4284, "car_tau_mean": 3.7094, "car_tau_std": 5.3117, "car_v_mean": 25.9738, "car_v_std": 19.074}, "datetime": {"datetime": "2024-08-12 03:56:22", "elapsed": 11623.030285, "delta": 13.81245}}
{"target": -0.9067450516111856, "params": {"bus_acc": 1.6496, "bus_dcc": 0.4015, "bus_lcAssertive": 67.2394, "bus_lcCooperative": 0.6575, "bus_lcLookaheadLeft": 76.9072, "bus_lcPushy": 0.6526, "bus_lcSigma": 0.5409, "bus_lcSpeedGainRight": 3.5237, "bus_lcSublane": 0.8012, "bus_sigma": 0.6496, "bus_tau_mean": 3.2594, "bus_tau_std": 1.9565, "bus_v_mean": 24.1298, "bus_v_std": 8.2143, "car_acc": 3.4459, "car_dcc": 0.6943, "car_lcAssertive": 35.6158, "car_lcCooperative": 0.108, "car_lcLookaheadLeft": 35.6049, "car_lcPushy": 0.6796, "car_lcSigma": 0.6064, "car_lcSpeedGainRight": 3.2509, "car_lcSublane": 0.6873, "car_sigma": 0.8219, "car_tau_mean": 2.9042, "car_tau_std": 0.5826, "car_v_mean": 8.4931, "car_v_std": 9.5123}, "datetime": {"datetime": "2024-08-12 03:56:35", "elapsed": 11635.891319, "delta": 12.861034}}
{"target": -0.4239820381756292, "params": {"bus_acc": 0.9115, "bus_dcc": 0.2732, "bus_lcAssertive": 56.5877, "bus_lcCooperative": 0.7557, "bus_lcLookaheadLeft": 30.9462, "bus_lcPushy": 0.8335, "bus_lcSigma": 0.8792, "bus_lcSpeedGainRight": 0.9665, "bus_lcSublane": 0.5043, "bus_sigma": 0.3817, "bus_tau_mean": 3.6959, "bus_tau_std": 5.9549, "bus_v_mean": 24.1554, "bus_v_std": 14.1568, "car_acc": 0.8029, "car_dcc": 3.7792, "car_lcAssertive": 38.5273, "car_lcCooperative": 0.8989, "car_lcLookaheadLeft": 58.2616, "car_lcPushy": 0.8151, "car_lcSigma": 0.423, "car_lcSpeedGainRight": 4.714, "car_lcSublane": 0.6848, "car_sigma": 0.907, "car_tau_mean": 3.1916, "car_tau_std": 7.63, "car_v_mean": 16.9373, "car_v_std": 13.475}, "datetime": {"datetime": "2024-08-12 03:56:48", "elapsed": 11648.796201, "delta": 12.904882}}
{"target": -0.6010006573207087, "params": {"bus_acc": 3.3922, "bus_dcc": 0.4522, "bus_lcAssertive": 32.6102, "bus_lcCooperative": 0.3168, "bus_lcLookaheadLeft": 60.2886, "bus_lcPushy": 0.0033, "bus_lcSigma": 0.7076, "bus_lcSpeedGainRight": 0.7156, "bus_lcSublane": 0.5497, "bus_sigma": 0.2044, "bus_tau_mean": 0.8243, "bus_tau_std": 5.9726, "bus_v_mean": 21.2837, "bus_v_std": 15.0962, "car_acc": 0.9574, "car_dcc": 0.6411, "car_lcAssertive": 46.5073, "car_lcCooperative": 0.0179, "car_lcLookaheadLeft": 21.6746, "car_lcPushy": 0.0771, "car_lcSigma": 0.2297, "car_lcSpeedGainRight": 2.6028, "car_lcSublane": 0.723, "car_sigma": 0.2554, "car_tau_mean": 3.1418, "car_tau_std": 1.0668, "car_v_mean": 22.7922, "car_v_std": 10.0799}, "datetime": {"datetime": "2024-08-12 03:57:01", "elapsed": 11661.582075, "delta": 12.785874}}
{"target": -0.5382042808390649, "params": {"bus_acc": 1.6674, "bus_dcc": 0.9475, "bus_lcAssertive": 36.7565, "bus_lcCooperative": 0.4089, "bus_lcLookaheadLeft": 23.7553, "bus_lcPushy": 0.9055, "bus_lcSigma": 0.0745, "bus_lcSpeedGainRight": 2.9687, "bus_lcSublane": 0.8464, "bus_sigma": 0.9632, "bus_tau_mean": 1.2012, "bus_tau_std": 8.8449, "bus_v_mean": 16.246, "bus_v_std": 9.8346, "car_acc": 0.7589, "car_dcc": 1.4276, "car_lcAssertive": 95.1553, "car_lcCooperative": 0.7012, "car_lcLookaheadLeft": 15.7073, "car_lcPushy": 0.7461, "car_lcSigma": 0.5879, "car_lcSpeedGainRight": 4.756, "car_lcSublane": 0.8787, "car_sigma": 0.9944, "car_tau_mean": 0.5283, "car_tau_std": 2.8615, "car_v_mean": 14.8768, "car_v_std": 1.681}, "datetime": {"datetime": "2024-08-12 03:57:12", "elapsed": 11672.536382, "delta": 10.954307}}
{"target": -0.6071378854439148, "params": {"bus_acc": 1.8616, "bus_dcc": 3.6794, "bus_lcAssertive": 47.0947, "bus_lcCooperative": 0.803, "bus_lcLookaheadLeft": 60.7445, "bus_lcPushy": 0.1098, "bus_lcSigma": 0.4317, "bus_lcSpeedGainRight": 0.6, "bus_lcSublane": 0.3941, "bus_sigma": 0.1269, "bus_tau_mean": 3.3607, "bus_tau_std": 5.8472, "bus_v_mean": 20.0114, "bus_v_std": 13.0273, "car_acc": 1.3475, "car_dcc": 0.557, "car_lcAssertive": 72.8445, "car_lcCooperative": 0.8296, "car_lcLookaheadLeft": 57.6937, "car_lcPushy": 0.4492, "car_lcSigma": 0.9453, "car_lcSpeedGainRight": 3.0031, "car_lcSublane": 0.1726, "car_sigma": 0.7382, "car_tau_mean": 0.581, "car_tau_std": 9.8143, "car_v_mean": 17.328, "car_v_std": 8.385}, "datetime": {"datetime": "2024-08-12 03:57:24", "elapsed": 11685.020868, "delta": 12.484486}}
