{"target": -0.7790006274763591, "params": {"bus_acc": 3.6463, "bus_dcc": 0.3127, "bus_lcAssertive": 56.6688, "bus_lcCooperative": 0.7141, "bus_lcLookaheadLeft": 81.4269, "bus_lcPushy": 0.1397, "bus_lcSigma": 0.1732, "bus_lcSpeedGainRight": 0.3819, "bus_lcSublane": 0.7103, "bus_sigma": 0.8377, "bus_tau_mean": 1.3737, "bus_tau_std": 0.7014, "bus_v_mean": 25.9406, "bus_v_std": 1.4533, "car_acc": 2.3331, "car_dcc": 0.7302, "car_lcAssertive": 80.5923, "car_lcCooperative": 0.94, "car_lcLookaheadLeft": 53.9252, "car_lcPushy": 0.2214, "car_lcSigma": 0.2508, "car_lcSpeedGainRight": 0.5824, "car_lcSublane": 0.3188, "car_sigma": 0.5107, "car_tau_mean": 2.7299, "car_tau_std": 9.3674, "car_v_mean": 13.1196, "car_v_std": 17.409}, "datetime": {"datetime": "2024-08-12 04:13:23", "elapsed": 12643.375921, "delta": 8.752055}}
{"target": -0.5875149092834149, "params": {"bus_acc": 2.6409, "bus_dcc": 1.0137, "bus_lcAssertive": 32.1469, "bus_lcCooperative": 0.2322, "bus_lcLookaheadLeft": 83.6929, "bus_lcPushy": 0.9886, "bus_lcSigma": 0.5674, "bus_lcSpeedGainRight": 0.8329, "bus_lcSublane": 0.2326, "bus_sigma": 0.0814, "bus_tau_mean": 0.6137, "bus_tau_std": 5.4996, "bus_v_mean": 18.222, "bus_v_std": 9.1489, "car_acc": 0.8979, "car_dcc": 0.4227, "car_lcAssertive": 79.7936, "car_lcCooperative": 0.9752, "car_lcLookaheadLeft": 62.4127, "car_lcPushy": 0.3597, "car_lcSigma": 0.6207, "car_lcSpeedGainRight": 1.748, "car_lcSublane": 0.3238, "car_sigma": 0.9702, "car_tau_mean": 3.9175, "car_tau_std": 5.9756, "car_v_mean": 20.6623, "car_v_std": 15.4054}, "datetime": {"datetime": "2024-08-12 04:13:37", "elapsed": 12657.53036, "delta": 14.154439}}
{"target": -0.5615396051898803, "params": {"bus_acc": 2.4511, "bus_dcc": 3.4289, "bus_lcAssertive": 13.2197, "bus_lcCooperative": 0.1575, "bus_lcLookaheadLeft": 95.291, "bus_lcPushy": 0.8902, "bus_lcSigma": 0.7722, "bus_lcSpeedGainRight": 0.1991, "bus_lcSublane": 0.2789, "bus_sigma": 0.5084, "bus_tau_mean": 0.8022, "bus_tau_std": 7.2056, "bus_v_mean": 23.1208, "bus_v_std": 17.8316, "car_acc": 0.4126, "car_dcc": 1.1588, "car_lcAssertive": 60.2928, "car_lcCooperative": 0.8483, "car_lcLookaheadLeft": 19.0294, "car_lcPushy": 0.2459, "car_lcSigma": 0.6492, "car_lcSpeedGainRight": 1.4255, "car_lcSublane": 0.37, "car_sigma": 0.1331, "car_tau_mean": 1.0167, "car_tau_std": 0.5424, "car_v_mean": 19.9153, "car_v_std": 7.2846}, "datetime": {"datetime": "2024-08-12 04:13:59", "elapsed": 12679.878212, "delta": 22.347852}}
{"target": -0.7216036187063694, "params": {"bus_acc": 2.5995, "bus_dcc": 3.8574, "bus_lcAssertive": 87.3969, "bus_lcCooperative": 0.1724, "bus_lcLookaheadLeft": 51.9636, "bus_lcPushy": 0.8053, "bus_lcSigma": 0.7562, "bus_lcSpeedGainRight": 2.4561, "bus_lcSublane": 0.4387, "bus_sigma": 0.66, "bus_tau_mean": 2.7364, "bus_tau_std": 9.9155, "bus_v_mean": 15.4591, "bus_v_std": 15.3236, "car_acc": 3.1834, "car_dcc": 1.1986, "car_lcAssertive": 97.261, "car_lcCooperative": 0.5309, "car_lcLookaheadLeft": 96.0914, "car_lcPushy": 0.4194, "car_lcSigma": 0.6356, "car_lcSpeedGainRight": 3.5172, "car_lcSublane": 0.5891, "car_sigma": 0.1612, "car_tau_mean": 2.8796, "car_tau_std": 0.7201, "car_v_mean": 24.9479, "car_v_std": 17.3145}, "datetime": {"datetime": "2024-08-12 04:14:17", "elapsed": 12697.994287, "delta": 18.116075}}
{"target": -0.5654776807741708, "params": {"bus_acc": 1.7729, "bus_dcc": 0.7653, "bus_lcAssertive": 71.5441, "bus_lcCooperative": 0.7417, "bus_lcLookaheadLeft": 81.0288, "bus_lcPushy": 0.6264, "bus_lcSigma": 0.1128, "bus_lcSpeedGainRight": 3.1954, "bus_lcSublane": 0.4145, "bus_sigma": 0.6924, "bus_tau_mean": 2.1258, "bus_tau_std": 0.7495, "bus_v_mean": 24.6621, "bus_v_std": 4.6811, "car_acc": 2.3851, "car_dcc": 1.2032, "car_lcAssertive": 95.9193, "car_lcCooperative": 0.5182, "car_lcLookaheadLeft": 30.8909, "car_lcPushy": 0.0451, "car_lcSigma": 0.9608, "car_lcSpeedGainRight": 1.4234, "car_lcSublane": 0.1917, "car_sigma": 0.3452, "car_tau_mean": 2.6779, "car_tau_std": 9.2219, "car_v_mean": 23.5163, "car_v_std": 10.8479}, "datetime": {"datetime": "2024-08-12 04:14:30", "elapsed": 12710.424943, "delta": 12.430656}}
{"target": -0.5915713359327076, "params": {"bus_acc": 2.1865, "bus_dcc": 3.4237, "bus_lcAssertive": 75.8998, "bus_lcCooperative": 0.4147, "bus_lcLookaheadLeft": 4.2926, "bus_lcPushy": 0.9986, "bus_lcSigma": 0.2569, "bus_lcSpeedGainRight": 0.9597, "bus_lcSublane": 0.8247, "bus_sigma": 0.2348, "bus_tau_mean": 0.6567, "bus_tau_std": 4.8678, "bus_v_mean": 17.2993, "bus_v_std": 17.8363, "car_acc": 2.0677, "car_dcc": 1.8977, "car_lcAssertive": 23.5619, "car_lcCooperative": 0.9914, "car_lcLookaheadLeft": 37.9933, "car_lcPushy": 0.629, "car_lcSigma": 0.8888, "car_lcSpeedGainRight": 0.1389, "car_lcSublane": 0.4193, "car_sigma": 0.5269, "car_tau_mean": 3.4249, "car_tau_std": 2.9529, "car_v_mean": 16.0844, "car_v_std": 16.0309}, "datetime": {"datetime": "2024-08-12 04:14:43", "elapsed": 12723.645508, "delta": 13.220565}}
{"target": -0.43802266661273287, "params": {"bus_acc": 3.5874, "bus_dcc": 3.6139, "bus_lcAssertive": 61.3624, "bus_lcCooperative": 0.5348, "bus_lcLookaheadLeft": 81.3677, "bus_lcPushy": 0.3279, "bus_lcSigma": 0.8974, "bus_lcSpeedGainRight": 2.8471, "bus_lcSublane": 0.2428, "bus_sigma": 0.9088, "bus_tau_mean": 1.2677, "bus_tau_std": 9.2224, "bus_v_mean": 10.9427, "bus_v_std": 18.3334, "car_acc": 0.4846, "car_dcc": 2.2086, "car_lcAssertive": 64.588, "car_lcCooperative": 0.9963, "car_lcLookaheadLeft": 3.3532, "car_lcPushy": 0.0357, "car_lcSigma": 0.186, "car_lcSpeedGainRight": 0.929, "car_lcSublane": 0.4676, "car_sigma": 0.329, "car_tau_mean": 1.3263, "car_tau_std": 0.8642, "car_v_mean": 8.9576, "car_v_std": 16.9045}, "datetime": {"datetime": "2024-08-12 04:15:02", "elapsed": 12742.40968, "delta": 18.764172}}
{"target": -0.5935075134760549, "params": {"bus_acc": 1.1802, "bus_dcc": 0.8196, "bus_lcAssertive": 47.737, "bus_lcCooperative": 0.5116, "bus_lcLookaheadLeft": 46.9173, "bus_lcPushy": 0.0116, "bus_lcSigma": 0.0457, "bus_lcSpeedGainRight": 1.9135, "bus_lcSublane": 0.3515, "bus_sigma": 0.3377, "bus_tau_mean": 2.6586, "bus_tau_std": 8.1072, "bus_v_mean": 21.4767, "bus_v_std": 12.2225, "car_acc": 2.295, "car_dcc": 3.2159, "car_lcAssertive": 15.2235, "car_lcCooperative": 0.3016, "car_lcLookaheadLeft": 7.039, "car_lcPushy": 0.6285, "car_lcSigma": 0.4688, "car_lcSpeedGainRight": 2.6372, "car_lcSublane": 0.1001, "car_sigma": 0.1997, "car_tau_mean": 2.5872, "car_tau_std": 7.4167, "car_v_mean": 18.0446, "car_v_std": 6.8165}, "datetime": {"datetime": "2024-08-12 04:15:16", "elapsed": 12756.311747, "delta": 13.902067}}
{"target": -0.6597651349055759, "params": {"bus_acc": 0.6448, "bus_dcc": 1.7461, "bus_lcAssertive": 28.0448, "bus_lcCooperative": 0.3485, "bus_lcLookaheadLeft": 49.0615, "bus_lcPushy": 0.5359, "bus_lcSigma": 0.0478, "bus_lcSpeedGainRight": 0.0347, "bus_lcSublane": 0.8777, "bus_sigma": 0.0222, "bus_tau_mean": 0.7499, "bus_tau_std": 8.9648, "bus_v_mean": 11.8915, "bus_v_std": 6.8312, "car_acc": 1.3961, "car_dcc": 2.9445, "car_lcAssertive": 16.5375, "car_lcCooperative": 0.4285, "car_lcLookaheadLeft": 83.7281, "car_lcPushy": 0.5847, "car_lcSigma": 0.7886, "car_lcSpeedGainRight": 1.0573, "car_lcSublane": 0.9517, "car_sigma": 0.8721, "car_tau_mean": 1.045, "car_tau_std": 2.8941, "car_v_mean": 24.7901, "car_v_std": 17.2878}, "datetime": {"datetime": "2024-08-12 04:15:26", "elapsed": 12766.288962, "delta": 9.977215}}
{"target": -0.5434595287741955, "params": {"bus_acc": 1.4751, "bus_dcc": 3.1466, "bus_lcAssertive": 17.1949, "bus_lcCooperative": 0.1235, "bus_lcLookaheadLeft": 34.8319, "bus_lcPushy": 0.594, "bus_lcSigma": 0.5011, "bus_lcSpeedGainRight": 0.3104, "bus_lcSublane": 0.3396, "bus_sigma": 0.9029, "bus_tau_mean": 0.5691, "bus_tau_std": 1.7737, "bus_v_mean": 23.8492, "bus_v_std": 11.5386, "car_acc": 2.2894, "car_dcc": 1.4919, "car_lcAssertive": 37.6514, "car_lcCooperative": 0.7244, "car_lcLookaheadLeft": 60.3435, "car_lcPushy": 0.7948, "car_lcSigma": 0.2188, "car_lcSpeedGainRight": 2.6996, "car_lcSublane": 0.2074, "car_sigma": 0.9135, "car_tau_mean": 2.9336, "car_tau_std": 4.6413, "car_v_mean": 14.6597, "car_v_std": 11.3142}, "datetime": {"datetime": "2024-08-12 04:15:36", "elapsed": 12777.017058, "delta": 10.728096}}
{"target": -0.6145260736842382, "params": {"bus_acc": 1.1557, "bus_dcc": 0.2919, "bus_lcAssertive": 42.8624, "bus_lcCooperative": 0.982, "bus_lcLookaheadLeft": 44.8909, "bus_lcPushy": 0.2031, "bus_lcSigma": 0.5544, "bus_lcSpeedGainRight": 2.2205, "bus_lcSublane": 0.8977, "bus_sigma": 0.9304, "bus_tau_mean": 3.3693, "bus_tau_std": 7.03, "bus_v_mean": 24.2363, "bus_v_std": 10.7639, "car_acc": 0.2444, "car_dcc": 0.2334, "car_lcAssertive": 82.0128, "car_lcCooperative": 0.2168, "car_lcLookaheadLeft": 47.5692, "car_lcPushy": 0.1222, "car_lcSigma": 0.7065, "car_lcSpeedGainRight": 1.3422, "car_lcSublane": 0.4728, "car_sigma": 0.0093, "car_tau_mean": 1.7108, "car_tau_std": 7.6823, "car_v_mean": 11.5791, "car_v_std": 17.1469}, "datetime": {"datetime": "2024-08-12 04:15:53", "elapsed": 12793.728668, "delta": 16.71161}}
{"target": -0.7107285772889779, "params": {"bus_acc": 3.7149, "bus_dcc": 2.8628, "bus_lcAssertive": 37.0701, "bus_lcCooperative": 0.9232, "bus_lcLookaheadLeft": 80.5193, "bus_lcPushy": 0.5825, "bus_lcSigma": 0.6527, "bus_lcSpeedGainRight": 3.6733, "bus_lcSublane": 0.7435, "bus_sigma": 0.5538, "bus_tau_mean": 2.362, "bus_tau_std": 6.3995, "bus_v_mean": 11.6329, "bus_v_std": 5.292, "car_acc": 3.0766, "car_dcc": 1.2447, "car_lcAssertive": 38.0798, "car_lcCooperative": 0.3006, "car_lcLookaheadLeft": 68.2727, "car_lcPushy": 0.6211, "car_lcSigma": 0.7015, "car_lcSpeedGainRight": 3.031, "car_lcSublane": 0.6625, "car_sigma": 0.5221, "car_tau_mean": 1.7031, "car_tau_std": 1.3664, "car_v_mean": 24.3774, "car_v_std": 3.706}, "datetime": {"datetime": "2024-08-12 04:16:05", "elapsed": 12805.756765, "delta": 12.028097}}
{"target": -0.47183857866485956, "params": {"bus_acc": 3.0416, "bus_dcc": 3.8473, "bus_lcAssertive": 61.4128, "bus_lcCooperative": 0.1777, "bus_lcLookaheadLeft": 85.4931, "bus_lcPushy": 0.7805, "bus_lcSigma": 0.4728, "bus_lcSpeedGainRight": 3.7113, "bus_lcSublane": 0.8267, "bus_sigma": 0.3888, "bus_tau_mean": 0.7762, "bus_tau_std": 2.3204, "bus_v_mean": 19.0903, "bus_v_std": 15.5126, "car_acc": 1.8379, "car_dcc": 1.453, "car_lcAssertive": 94.0021, "car_lcCooperative": 0.7344, "car_lcLookaheadLeft": 5.63, "car_lcPushy": 0.0222, "car_lcSigma": 0.5671, "car_lcSpeedGainRight": 1.1359, "car_lcSublane": 0.4633, "car_sigma": 0.443, "car_tau_mean": 3.6058, "car_tau_std": 8.2625, "car_v_mean": 17.2947, "car_v_std": 11.514}, "datetime": {"datetime": "2024-08-12 04:16:13", "elapsed": 12813.824881, "delta": 8.068116}}
{"target": -0.48200005000702567, "params": {"bus_acc": 3.6014, "bus_dcc": 2.1375, "bus_lcAssertive": 16.0088, "bus_lcCooperative": 0.5673, "bus_lcLookaheadLeft": 43.0154, "bus_lcPushy": 0.3521, "bus_lcSigma": 0.5377, "bus_lcSpeedGainRight": 0.691, "bus_lcSublane": 0.8989, "bus_sigma": 0.9647, "bus_tau_mean": 3.4512, "bus_tau_std": 4.6765, "bus_v_mean": 21.5294, "bus_v_std": 15.4194, "car_acc": 1.8298, "car_dcc": 3.2014, "car_lcAssertive": 85.2412, "car_lcCooperative": 0.5464, "car_lcLookaheadLeft": 47.9863, "car_lcPushy": 0.5033, "car_lcSigma": 0.9904, "car_lcSpeedGainRight": 1.2428, "car_lcSublane": 0.8776, "car_sigma": 0.974, "car_tau_mean": 0.9185, "car_tau_std": 3.9226, "car_v_mean": 25.1539, "car_v_std": 16.7119}, "datetime": {"datetime": "2024-08-12 04:16:22", "elapsed": 12822.833904, "delta": 9.009023}}
{"target": -0.6258880313394521, "params": {"bus_acc": 1.8787, "bus_dcc": 1.118, "bus_lcAssertive": 90.1764, "bus_lcCooperative": 0.1454, "bus_lcLookaheadLeft": 89.8707, "bus_lcPushy": 0.3784, "bus_lcSigma": 0.7804, "bus_lcSpeedGainRight": 2.6077, "bus_lcSublane": 0.3217, "bus_sigma": 0.8579, "bus_tau_mean": 1.2117, "bus_tau_std": 5.9862, "bus_v_mean": 9.0386, "bus_v_std": 0.7805, "car_acc": 2.9162, "car_dcc": 3.0874, "car_lcAssertive": 62.5666, "car_lcCooperative": 0.0907, "car_lcLookaheadLeft": 30.4758, "car_lcPushy": 0.4541, "car_lcSigma": 0.1652, "car_lcSpeedGainRight": 4.9621, "car_lcSublane": 0.3355, "car_sigma": 0.6745, "car_tau_mean": 1.4589, "car_tau_std": 2.9336, "car_v_mean": 10.9131, "car_v_std": 11.0422}, "datetime": {"datetime": "2024-08-12 04:16:32", "elapsed": 12832.843751, "delta": 10.009847}}
{"target": -0.4158557184738643, "params": {"bus_acc": 1.5468, "bus_dcc": 3.7237, "bus_lcAssertive": 84.335, "bus_lcCooperative": 0.8194, "bus_lcLookaheadLeft": 90.824, "bus_lcPushy": 0.3266, "bus_lcSigma": 0.0902, "bus_lcSpeedGainRight": 3.0999, "bus_lcSublane": 0.5423, "bus_sigma": 0.4915, "bus_tau_mean": 1.1156, "bus_tau_std": 4.9497, "bus_v_mean": 16.4203, "bus_v_std": 16.7045, "car_acc": 1.0415, "car_dcc": 2.1158, "car_lcAssertive": 87.2519, "car_lcCooperative": 0.3323, "car_lcLookaheadLeft": 83.7475, "car_lcPushy": 0.1122, "car_lcSigma": 0.8791, "car_lcSpeedGainRight": 4.0671, "car_lcSublane": 0.4526, "car_sigma": 0.2418, "car_tau_mean": 1.2385, "car_tau_std": 9.5556, "car_v_mean": 17.9076, "car_v_std": 16.0056}, "datetime": {"datetime": "2024-08-12 04:16:52", "elapsed": 12852.48359, "delta": 19.639839}}
{"target": -0.6046977373099537, "params": {"bus_acc": 2.1875, "bus_dcc": 0.7895, "bus_lcAssertive": 82.1422, "bus_lcCooperative": 0.3556, "bus_lcLookaheadLeft": 71.0507, "bus_lcPushy": 0.4662, "bus_lcSigma": 0.0209, "bus_lcSpeedGainRight": 4.5951, "bus_lcSublane": 0.9838, "bus_sigma": 0.5852, "bus_tau_mean": 3.9345, "bus_tau_std": 0.4141, "bus_v_mean": 9.1437, "bus_v_std": 2.5004, "car_acc": 2.387, "car_dcc": 1.0581, "car_lcAssertive": 60.3587, "car_lcCooperative": 0.2851, "car_lcLookaheadLeft": 11.1174, "car_lcPushy": 0.3399, "car_lcSigma": 0.6934, "car_lcSpeedGainRight": 1.6844, "car_lcSublane": 0.8725, "car_sigma": 0.6449, "car_tau_mean": 0.8482, "car_tau_std": 6.846, "car_v_mean": 12.334, "car_v_std": 3.0924}, "datetime": {"datetime": "2024-08-12 04:17:00", "elapsed": 12860.293332, "delta": 7.809742}}
{"target": -0.7832061079314152, "params": {"bus_acc": 3.6162, "bus_dcc": 0.7191, "bus_lcAssertive": 73.6848, "bus_lcCooperative": 0.647, "bus_lcLookaheadLeft": 59.8227, "bus_lcPushy": 0.3831, "bus_lcSigma": 0.0442, "bus_lcSpeedGainRight": 3.8013, "bus_lcSublane": 0.1095, "bus_sigma": 0.9201, "bus_tau_mean": 3.6574, "bus_tau_std": 8.2436, "bus_v_mean": 9.7877, "bus_v_std": 13.1142, "car_acc": 2.041, "car_dcc": 0.2781, "car_lcAssertive": 31.7104, "car_lcCooperative": 0.4573, "car_lcLookaheadLeft": 61.5049, "car_lcPushy": 0.7344, "car_lcSigma": 0.6904, "car_lcSpeedGainRight": 2.0947, "car_lcSublane": 0.6478, "car_sigma": 0.4504, "car_tau_mean": 2.3673, "car_tau_std": 6.0894, "car_v_mean": 15.8669, "car_v_std": 1.2845}, "datetime": {"datetime": "2024-08-12 04:17:08", "elapsed": 12868.931418, "delta": 8.638086}}
{"target": -0.798356117369015, "params": {"bus_acc": 0.8711, "bus_dcc": 2.1283, "bus_lcAssertive": 55.6825, "bus_lcCooperative": 0.6806, "bus_lcLookaheadLeft": 44.9618, "bus_lcPushy": 0.9164, "bus_lcSigma": 0.9521, "bus_lcSpeedGainRight": 3.6585, "bus_lcSublane": 0.7081, "bus_sigma": 0.9882, "bus_tau_mean": 0.9676, "bus_tau_std": 8.0897, "bus_v_mean": 8.517, "bus_v_std": 5.7094, "car_acc": 3.5684, "car_dcc": 2.9741, "car_lcAssertive": 3.5693, "car_lcCooperative": 0.0408, "car_lcLookaheadLeft": 23.3444, "car_lcPushy": 0.8888, "car_lcSigma": 0.2353, "car_lcSpeedGainRight": 2.5081, "car_lcSublane": 0.8408, "car_sigma": 0.3018, "car_tau_mean": 1.6992, "car_tau_std": 1.0926, "car_v_mean": 17.7647, "car_v_std": 3.5021}, "datetime": {"datetime": "2024-08-12 04:17:17", "elapsed": 12877.547502, "delta": 8.616084}}
{"target": -0.6903906155145131, "params": {"bus_acc": 1.3423, "bus_dcc": 1.7991, "bus_lcAssertive": 99.7275, "bus_lcCooperative": 0.9276, "bus_lcLookaheadLeft": 52.2329, "bus_lcPushy": 0.1832, "bus_lcSigma": 0.8467, "bus_lcSpeedGainRight": 1.5611, "bus_lcSublane": 0.5587, "bus_sigma": 0.6532, "bus_tau_mean": 2.9556, "bus_tau_std": 0.8012, "bus_v_mean": 18.8185, "bus_v_std": 2.6086, "car_acc": 3.1232, "car_dcc": 3.4927, "car_lcAssertive": 46.9444, "car_lcCooperative": 0.4444, "car_lcLookaheadLeft": 69.7385, "car_lcPushy": 0.9665, "car_lcSigma": 0.0226, "car_lcSpeedGainRight": 3.6262, "car_lcSublane": 0.8001, "car_sigma": 0.8949, "car_tau_mean": 0.9611, "car_tau_std": 5.8181, "car_v_mean": 8.5797, "car_v_std": 6.3277}, "datetime": {"datetime": "2024-08-12 04:17:29", "elapsed": 12889.384111, "delta": 11.836609}}
{"target": -0.513513834411604, "params": {"bus_acc": 3.29, "bus_dcc": 1.3635, "bus_lcAssertive": 82.9529, "bus_lcCooperative": 0.8127, "bus_lcLookaheadLeft": 41.548, "bus_lcPushy": 0.8092, "bus_lcSigma": 0.462, "bus_lcSpeedGainRight": 0.1716, "bus_lcSublane": 0.0281, "bus_sigma": 0.2385, "bus_tau_mean": 1.8785, "bus_tau_std": 8.8794, "bus_v_mean": 14.8443, "bus_v_std": 17.7028, "car_acc": 2.3939, "car_dcc": 2.9762, "car_lcAssertive": 72.6984, "car_lcCooperative": 0.345, "car_lcLookaheadLeft": 63.8465, "car_lcPushy": 0.0504, "car_lcSigma": 0.4666, "car_lcSpeedGainRight": 2.7299, "car_lcSublane": 0.965, "car_sigma": 0.512, "car_tau_mean": 2.6872, "car_tau_std": 7.5631, "car_v_mean": 22.2872, "car_v_std": 16.8043}, "datetime": {"datetime": "2024-08-12 04:17:43", "elapsed": 12903.95309, "delta": 14.568979}}
{"target": -0.5808982628584803, "params": {"bus_acc": 3.0936, "bus_dcc": 3.2989, "bus_lcAssertive": 92.333, "bus_lcCooperative": 0.8445, "bus_lcLookaheadLeft": 32.9207, "bus_lcPushy": 0.8912, "bus_lcSigma": 0.9431, "bus_lcSpeedGainRight": 3.3634, "bus_lcSublane": 0.6712, "bus_sigma": 0.3551, "bus_tau_mean": 3.1484, "bus_tau_std": 8.5521, "bus_v_mean": 23.7847, "bus_v_std": 13.2682, "car_acc": 2.0925, "car_dcc": 0.7196, "car_lcAssertive": 48.8734, "car_lcCooperative": 0.08, "car_lcLookaheadLeft": 66.0846, "car_lcPushy": 0.2526, "car_lcSigma": 0.2778, "car_lcSpeedGainRight": 0.314, "car_lcSublane": 0.8999, "car_sigma": 0.6935, "car_tau_mean": 3.3706, "car_tau_std": 2.557, "car_v_mean": 10.2231, "car_v_std": 8.3555}, "datetime": {"datetime": "2024-08-12 04:17:58", "elapsed": 12918.200616, "delta": 14.247526}}
{"target": -0.6737945549316858, "params": {"bus_acc": 1.6526, "bus_dcc": 0.499, "bus_lcAssertive": 37.258, "bus_lcCooperative": 0.1845, "bus_lcLookaheadLeft": 84.6358, "bus_lcPushy": 0.7416, "bus_lcSigma": 0.776, "bus_lcSpeedGainRight": 3.9971, "bus_lcSublane": 0.6246, "bus_sigma": 0.0645, "bus_tau_mean": 2.03, "bus_tau_std": 1.5219, "bus_v_mean": 24.1479, "bus_v_std": 2.5144, "car_acc": 1.4014, "car_dcc": 3.1435, "car_lcAssertive": 86.051, "car_lcCooperative": 0.5636, "car_lcLookaheadLeft": 46.9636, "car_lcPushy": 0.813, "car_lcSigma": 0.0208, "car_lcSpeedGainRight": 2.2091, "car_lcSublane": 0.1379, "car_sigma": 0.5138, "car_tau_mean": 3.0524, "car_tau_std": 4.0335, "car_v_mean": 14.2861, "car_v_std": 9.0491}, "datetime": {"datetime": "2024-08-12 04:18:11", "elapsed": 12931.299586, "delta": 13.09897}}
{"target": -0.5367007995596095, "params": {"bus_acc": 1.8108, "bus_dcc": 2.3912, "bus_lcAssertive": 88.0292, "bus_lcCooperative": 0.2835, "bus_lcLookaheadLeft": 41.7952, "bus_lcPushy": 0.7813, "bus_lcSigma": 0.6898, "bus_lcSpeedGainRight": 2.0289, "bus_lcSublane": 0.2399, "bus_sigma": 0.0214, "bus_tau_mean": 1.4054, "bus_tau_std": 4.1371, "bus_v_mean": 11.4855, "bus_v_std": 3.9012, "car_acc": 3.822, "car_dcc": 2.0094, "car_lcAssertive": 98.0484, "car_lcCooperative": 0.0047, "car_lcLookaheadLeft": 58.096, "car_lcPushy": 0.6926, "car_lcSigma": 0.7926, "car_lcSpeedGainRight": 2.4987, "car_lcSublane": 0.9516, "car_sigma": 0.2193, "car_tau_mean": 3.0036, "car_tau_std": 4.9836, "car_v_mean": 22.1989, "car_v_std": 7.2004}, "datetime": {"datetime": "2024-08-12 04:18:25", "elapsed": 12945.429573, "delta": 14.129987}}
{"target": -0.6134989201501241, "params": {"bus_acc": 3.3098, "bus_dcc": 2.3432, "bus_lcAssertive": 39.126, "bus_lcCooperative": 0.2291, "bus_lcLookaheadLeft": 9.7951, "bus_lcPushy": 0.7837, "bus_lcSigma": 0.5657, "bus_lcSpeedGainRight": 1.8792, "bus_lcSublane": 0.8694, "bus_sigma": 0.2338, "bus_tau_mean": 3.4545, "bus_tau_std": 0.3776, "bus_v_mean": 20.0642, "bus_v_std": 4.0917, "car_acc": 3.1589, "car_dcc": 2.1323, "car_lcAssertive": 22.4695, "car_lcCooperative": 0.5563, "car_lcLookaheadLeft": 79.5016, "car_lcPushy": 0.2566, "car_lcSigma": 0.7149, "car_lcSpeedGainRight": 4.8195, "car_lcSublane": 0.3933, "car_sigma": 0.5452, "car_tau_mean": 3.6174, "car_tau_std": 4.9322, "car_v_mean": 15.6468, "car_v_std": 12.3229}, "datetime": {"datetime": "2024-08-12 04:18:34", "elapsed": 12954.615499, "delta": 9.185926}}
{"target": -0.498446665696562, "params": {"bus_acc": 2.7311, "bus_dcc": 1.5691, "bus_lcAssertive": 56.1952, "bus_lcCooperative": 0.8778, "bus_lcLookaheadLeft": 19.8289, "bus_lcPushy": 0.2387, "bus_lcSigma": 0.9252, "bus_lcSpeedGainRight": 0.1363, "bus_lcSublane": 0.0255, "bus_sigma": 0.6098, "bus_tau_mean": 3.7508, "bus_tau_std": 0.0645, "bus_v_mean": 24.3675, "bus_v_std": 0.3988, "car_acc": 1.8576, "car_dcc": 2.7079, "car_lcAssertive": 59.6933, "car_lcCooperative": 0.149, "car_lcLookaheadLeft": 83.8892, "car_lcPushy": 0.3987, "car_lcSigma": 0.8537, "car_lcSpeedGainRight": 3.8758, "car_lcSublane": 0.854, "car_sigma": 0.9872, "car_tau_mean": 0.6111, "car_tau_std": 6.4617, "car_v_mean": 12.9218, "car_v_std": 0.6166}, "datetime": {"datetime": "2024-08-12 04:18:44", "elapsed": 12964.354087, "delta": 9.738588}}
