{"target": -0.6453229893834326, "params": {"bus_acc": 0.2178, "bus_dcc": 2.8915, "bus_lcAssertive": 82.2935, "bus_lcCooperative": 0.0945, "bus_lcLookaheadLeft": 48.9663, "bus_lcPushy": 0.3426, "bus_lcSigma": 0.614, "bus_lcSpeedGainRight": 2.7823, "bus_lcSublane": 0.8917, "bus_sigma": 0.2009, "bus_tau_mean": 3.9325, "bus_tau_std": 0.5016, "bus_v_mean": 20.8339, "bus_v_std": 2.3699, "car_acc": 1.4591, "car_dcc": 0.8915, "car_lcAssertive": 5.0952, "car_lcCooperative": 0.7312, "car_lcLookaheadLeft": 96.5456, "car_lcPushy": 0.2085, "car_lcSigma": 0.5947, "car_lcSpeedGainRight": 2.347, "car_lcSublane": 0.3429, "car_sigma": 0.1875, "car_tau_mean": 3.3911, "car_tau_std": 5.9203, "car_v_mean": 9.5776, "car_v_std": 8.2253}, "datetime": {"datetime": "2024-08-12 00:49:34", "elapsed": 414.736781, "delta": 1.489708}}
{"target": -0.6222865675175523, "params": {"bus_acc": 0.5735, "bus_dcc": 3.6617, "bus_lcAssertive": 45.1471, "bus_lcCooperative": 0.5866, "bus_lcLookaheadLeft": 22.7636, "bus_lcPushy": 0.3435, "bus_lcSigma": 0.7541, "bus_lcSpeedGainRight": 3.6901, "bus_lcSublane": 0.7447, "bus_sigma": 0.176, "bus_tau_mean": 1.4835, "bus_tau_std": 0.7711, "bus_v_mean": 17.3496, "bus_v_std": 8.6107, "car_acc": 3.4773, "car_dcc": 2.184, "car_lcAssertive": 32.9231, "car_lcCooperative": 0.533, "car_lcLookaheadLeft": 90.6769, "car_lcPushy": 0.0894, "car_lcSigma": 0.742, "car_lcSpeedGainRight": 4.0957, "car_lcSublane": 0.3591, "car_sigma": 0.7815, "car_tau_mean": 1.4924, "car_tau_std": 2.3474, "car_v_mean": 10.5758, "car_v_std": 15.291}, "datetime": {"datetime": "2024-08-12 00:49:36", "elapsed": 416.639561, "delta": 1.90278}}
{"target": -0.27287726150755526, "params": {"bus_acc": 0.8655, "bus_dcc": 1.4806, "bus_lcAssertive": 34.5141, "bus_lcCooperative": 0.253, "bus_lcLookaheadLeft": 49.5188, "bus_lcPushy": 0.4828, "bus_lcSigma": 0.2808, "bus_lcSpeedGainRight": 3.0016, "bus_lcSublane": 0.0347, "bus_sigma": 0.9333, "bus_tau_mean": 2.6919, "bus_tau_std": 7.5611, "bus_v_mean": 21.1655, "bus_v_std": 5.0309, "car_acc": 0.2203, "car_dcc": 1.783, "car_lcAssertive": 4.2615, "car_lcCooperative": 0.3966, "car_lcLookaheadLeft": 44.0, "car_lcPushy": 0.3945, "car_lcSigma": 0.4087, "car_lcSpeedGainRight": 2.1742, "car_lcSublane": 0.0688, "car_sigma": 0.8104, "car_tau_mean": 2.0379, "car_tau_std": 6.8887, "car_v_mean": 20.6353, "car_v_std": 8.7942}, "datetime": {"datetime": "2024-08-12 00:49:38", "elapsed": 419.028967, "delta": 2.389406}}
{"target": -0.4714254762651315, "params": {"bus_acc": 1.7617, "bus_dcc": 2.3807, "bus_lcAssertive": 65.5928, "bus_lcCooperative": 0.0143, "bus_lcLookaheadLeft": 36.7274, "bus_lcPushy": 0.8001, "bus_lcSigma": 0.4583, "bus_lcSpeedGainRight": 2.3008, "bus_lcSublane": 0.4831, "bus_sigma": 0.9334, "bus_tau_mean": 3.8821, "bus_tau_std": 1.7989, "bus_v_mean": 16.1913, "bus_v_std": 5.9258, "car_acc": 3.4109, "car_dcc": 3.0027, "car_lcAssertive": 47.2172, "car_lcCooperative": 0.152, "car_lcLookaheadLeft": 92.0145, "car_lcPushy": 0.837, "car_lcSigma": 0.1594, "car_lcSpeedGainRight": 1.4698, "car_lcSublane": 0.9427, "car_sigma": 0.1798, "car_tau_mean": 3.438, "car_tau_std": 3.0599, "car_v_mean": 23.6923, "car_v_std": 13.5428}, "datetime": {"datetime": "2024-08-12 00:49:40", "elapsed": 420.524478, "delta": 1.495511}}
{"target": -0.21975686396389715, "params": {"bus_acc": 1.5049, "bus_dcc": 3.8836, "bus_lcAssertive": 43.6602, "bus_lcCooperative": 0.9648, "bus_lcLookaheadLeft": 67.1569, "bus_lcPushy": 0.6217, "bus_lcSigma": 0.2544, "bus_lcSpeedGainRight": 5.0, "bus_lcSublane": 0.5895, "bus_sigma": 0.5784, "bus_tau_mean": 2.2077, "bus_tau_std": 2.6495, "bus_v_mean": 24.5401, "bus_v_std": 11.7528, "car_acc": 0.3505, "car_dcc": 2.8244, "car_lcAssertive": 33.6171, "car_lcCooperative": 0.5271, "car_lcLookaheadLeft": 88.9619, "car_lcPushy": 0.4969, "car_lcSigma": 0.9085, "car_lcSpeedGainRight": 3.396, "car_lcSublane": 0.1554, "car_sigma": 0.9294, "car_tau_mean": 3.1974, "car_tau_std": 10.0, "car_v_mean": 11.3813, "car_v_std": 3.0219}, "datetime": {"datetime": "2024-08-12 00:49:43", "elapsed": 423.227384, "delta": 2.702906}}
{"target": -0.6809969086951774, "params": {"bus_acc": 0.7839, "bus_dcc": 1.503, "bus_lcAssertive": 56.7857, "bus_lcCooperative": 0.7994, "bus_lcLookaheadLeft": 14.5371, "bus_lcPushy": 0.6258, "bus_lcSigma": 0.2888, "bus_lcSpeedGainRight": 3.3198, "bus_lcSublane": 0.4771, "bus_sigma": 0.95, "bus_tau_mean": 2.5333, "bus_tau_std": 7.5572, "bus_v_mean": 18.1284, "bus_v_std": 4.379, "car_acc": 3.9126, "car_dcc": 0.251, "car_lcAssertive": 94.5523, "car_lcCooperative": 0.053, "car_lcLookaheadLeft": 6.4625, "car_lcPushy": 0.0959, "car_lcSigma": 0.7864, "car_lcSpeedGainRight": 2.7101, "car_lcSublane": 0.165, "car_sigma": 0.9513, "car_tau_mean": 2.2569, "car_tau_std": 1.748, "car_v_mean": 13.5551, "car_v_std": 10.7759}, "datetime": {"datetime": "2024-08-12 00:49:44", "elapsed": 424.808174, "delta": 1.58079}}
{"target": -0.5352884077964818, "params": {"bus_acc": 0.5363, "bus_dcc": 1.8236, "bus_lcAssertive": 76.891, "bus_lcCooperative": 0.6754, "bus_lcLookaheadLeft": 60.1065, "bus_lcPushy": 0.6239, "bus_lcSigma": 0.6915, "bus_lcSpeedGainRight": 3.2094, "bus_lcSublane": 0.8586, "bus_sigma": 0.5015, "bus_tau_mean": 1.6285, "bus_tau_std": 0.0346, "bus_v_mean": 8.1715, "bus_v_std": 18.848, "car_acc": 0.9636, "car_dcc": 1.3201, "car_lcAssertive": 87.3718, "car_lcCooperative": 0.2099, "car_lcLookaheadLeft": 6.431, "car_lcPushy": 0.656, "car_lcSigma": 0.8584, "car_lcSpeedGainRight": 4.3244, "car_lcSublane": 0.3437, "car_sigma": 0.8222, "car_tau_mean": 0.7128, "car_tau_std": 5.1165, "car_v_mean": 17.488, "car_v_std": 5.7185}, "datetime": {"datetime": "2024-08-12 00:49:46", "elapsed": 426.234841, "delta": 1.426667}}
{"target": -0.6878491849261795, "params": {"bus_acc": 2.4494, "bus_dcc": 3.9147, "bus_lcAssertive": 61.8507, "bus_lcCooperative": 0.5889, "bus_lcLookaheadLeft": 50.9174, "bus_lcPushy": 0.2188, "bus_lcSigma": 0.8068, "bus_lcSpeedGainRight": 4.1824, "bus_lcSublane": 0.8765, "bus_sigma": 0.601, "bus_tau_mean": 1.8066, "bus_tau_std": 6.1509, "bus_v_mean": 23.6088, "bus_v_std": 2.7689, "car_acc": 2.1406, "car_dcc": 3.3077, "car_lcAssertive": 15.8702, "car_lcCooperative": 0.8979, "car_lcLookaheadLeft": 43.3969, "car_lcPushy": 0.613, "car_lcSigma": 0.6712, "car_lcSpeedGainRight": 1.4456, "car_lcSublane": 0.5386, "car_sigma": 0.7396, "car_tau_mean": 0.6868, "car_tau_std": 5.6944, "car_v_mean": 21.5956, "car_v_std": 19.636}, "datetime": {"datetime": "2024-08-12 00:49:48", "elapsed": 428.655585, "delta": 2.420744}}
{"target": -0.18111159523422182, "params": {"bus_acc": 1.2338, "bus_dcc": 3.61, "bus_lcAssertive": 43.3891, "bus_lcCooperative": 0.9692, "bus_lcLookaheadLeft": 67.0254, "bus_lcPushy": 0.6273, "bus_lcSigma": 0.1221, "bus_lcSpeedGainRight": 4.7526, "bus_lcSublane": 0.4561, "bus_sigma": 0.5841, "bus_tau_mean": 1.9366, "bus_tau_std": 2.3784, "bus_v_mean": 24.2689, "bus_v_std": 11.4817, "car_acc": 0.219, "car_dcc": 2.5533, "car_lcAssertive": 33.346, "car_lcCooperative": 0.533, "car_lcLookaheadLeft": 88.8304, "car_lcPushy": 0.3638, "car_lcSigma": 0.9131, "car_lcSpeedGainRight": 3.1249, "car_lcSublane": 0.0235, "car_sigma": 0.9339, "car_tau_mean": 2.9262, "car_tau_std": 9.9776, "car_v_mean": 11.1102, "car_v_std": 2.7508}, "datetime": {"datetime": "2024-08-12 00:49:50", "elapsed": 430.334187, "delta": 1.678602}}
{"target": -0.7765086084632674, "params": {"bus_acc": 2.1487, "bus_dcc": 0.3703, "bus_lcAssertive": 60.1415, "bus_lcCooperative": 0.5291, "bus_lcLookaheadLeft": 94.9402, "bus_lcPushy": 0.1796, "bus_lcSigma": 0.709, "bus_lcSpeedGainRight": 3.9657, "bus_lcSublane": 0.208, "bus_sigma": 0.1541, "bus_tau_mean": 2.478, "bus_tau_std": 2.2244, "bus_v_mean": 14.3831, "bus_v_std": 15.1854, "car_acc": 3.798, "car_dcc": 0.4252, "car_lcAssertive": 91.4319, "car_lcCooperative": 0.9285, "car_lcLookaheadLeft": 67.4318, "car_lcPushy": 0.7019, "car_lcSigma": 0.1706, "car_lcSpeedGainRight": 2.189, "car_lcSublane": 0.2404, "car_sigma": 0.0931, "car_tau_mean": 1.6351, "car_tau_std": 7.4853, "car_v_mean": 14.2964, "car_v_std": 3.2726}, "datetime": {"datetime": "2024-08-12 00:49:51", "elapsed": 432.106585, "delta": 1.772398}}
{"target": -0.508478021858093, "params": {"bus_acc": 0.2071, "bus_dcc": 3.3986, "bus_lcAssertive": 74.1199, "bus_lcCooperative": 0.1848, "bus_lcLookaheadLeft": 91.9421, "bus_lcPushy": 0.2099, "bus_lcSigma": 0.2516, "bus_lcSpeedGainRight": 2.0909, "bus_lcSublane": 0.9383, "bus_sigma": 0.4483, "bus_tau_mean": 2.1075, "bus_tau_std": 0.5026, "bus_v_mean": 22.0661, "bus_v_std": 0.7001, "car_acc": 1.6102, "car_dcc": 2.0231, "car_lcAssertive": 2.6333, "car_lcCooperative": 0.0342, "car_lcLookaheadLeft": 56.1666, "car_lcPushy": 0.2454, "car_lcSigma": 0.6376, "car_lcSpeedGainRight": 1.5198, "car_lcSublane": 0.8145, "car_sigma": 0.9419, "car_tau_mean": 3.058, "car_tau_std": 9.1748, "car_v_mean": 14.0808, "car_v_std": 14.7767}, "datetime": {"datetime": "2024-08-12 00:49:53", "elapsed": 433.63462, "delta": 1.528035}}
{"target": -0.5165371605492718, "params": {"bus_acc": 3.3578, "bus_dcc": 0.4507, "bus_lcAssertive": 85.4571, "bus_lcCooperative": 0.3236, "bus_lcLookaheadLeft": 30.6368, "bus_lcPushy": 0.2679, "bus_lcSigma": 0.9273, "bus_lcSpeedGainRight": 1.8493, "bus_lcSublane": 0.8214, "bus_sigma": 0.3952, "bus_tau_mean": 1.4179, "bus_tau_std": 6.5451, "bus_v_mean": 16.728, "bus_v_std": 17.5181, "car_acc": 1.3476, "car_dcc": 0.5099, "car_lcAssertive": 63.5546, "car_lcCooperative": 0.807, "car_lcLookaheadLeft": 15.6711, "car_lcPushy": 0.8764, "car_lcSigma": 0.7483, "car_lcSpeedGainRight": 4.1482, "car_lcSublane": 0.9805, "car_sigma": 0.9239, "car_tau_mean": 0.5419, "car_tau_std": 4.815, "car_v_mean": 18.3663, "car_v_std": 0.8444}, "datetime": {"datetime": "2024-08-12 00:49:55", "elapsed": 435.88875, "delta": 2.25413}}
{"target": -0.5946084972957476, "params": {"bus_acc": 2.0622, "bus_dcc": 3.6213, "bus_lcAssertive": 48.4031, "bus_lcCooperative": 0.3716, "bus_lcLookaheadLeft": 96.1683, "bus_lcPushy": 0.9131, "bus_lcSigma": 0.272, "bus_lcSpeedGainRight": 1.7714, "bus_lcSublane": 0.7508, "bus_sigma": 0.234, "bus_tau_mean": 1.3466, "bus_tau_std": 0.9904, "bus_v_mean": 21.8964, "bus_v_std": 7.2221, "car_acc": 2.2839, "car_dcc": 2.9364, "car_lcAssertive": 39.4841, "car_lcCooperative": 0.1943, "car_lcLookaheadLeft": 31.787, "car_lcPushy": 0.6015, "car_lcSigma": 0.4982, "car_lcSpeedGainRight": 0.202, "car_lcSublane": 0.5622, "car_sigma": 0.7466, "car_tau_mean": 3.4755, "car_tau_std": 3.1405, "car_v_mean": 24.5497, "car_v_std": 4.5764}, "datetime": {"datetime": "2024-08-12 00:49:57", "elapsed": 438.002924, "delta": 2.114174}}
{"target": -0.36452448742849014, "params": {"bus_acc": 2.6616, "bus_dcc": 1.4721, "bus_lcAssertive": 24.2041, "bus_lcCooperative": 0.5559, "bus_lcLookaheadLeft": 3.3355, "bus_lcPushy": 0.9841, "bus_lcSigma": 0.1131, "bus_lcSpeedGainRight": 1.9993, "bus_lcSublane": 0.503, "bus_sigma": 0.8624, "bus_tau_mean": 3.9712, "bus_tau_std": 4.2763, "bus_v_mean": 22.4926, "bus_v_std": 18.5188, "car_acc": 0.5489, "car_dcc": 2.7512, "car_lcAssertive": 70.4537, "car_lcCooperative": 0.2517, "car_lcLookaheadLeft": 38.2923, "car_lcPushy": 0.4063, "car_lcSigma": 0.5345, "car_lcSpeedGainRight": 0.6084, "car_lcSublane": 0.2514, "car_sigma": 0.1892, "car_tau_mean": 3.1962, "car_tau_std": 6.1326, "car_v_mean": 16.8678, "car_v_std": 1.581}, "datetime": {"datetime": "2024-08-12 00:49:59", "elapsed": 439.38485, "delta": 1.381926}}
{"target": -0.5833666556378098, "params": {"bus_acc": 1.5934, "bus_dcc": 1.7226, "bus_lcAssertive": 34.6907, "bus_lcCooperative": 0.537, "bus_lcLookaheadLeft": 14.477, "bus_lcPushy": 0.9147, "bus_lcSigma": 0.5495, "bus_lcSpeedGainRight": 3.7858, "bus_lcSublane": 0.6564, "bus_sigma": 0.3733, "bus_tau_mean": 3.0435, "bus_tau_std": 6.8345, "bus_v_mean": 12.9257, "bus_v_std": 10.3076, "car_acc": 3.7201, "car_dcc": 3.2473, "car_lcAssertive": 83.136, "car_lcCooperative": 0.7252, "car_lcLookaheadLeft": 95.0578, "car_lcPushy": 0.1854, "car_lcSigma": 0.6737, "car_lcSpeedGainRight": 2.8925, "car_lcSublane": 0.482, "car_sigma": 0.1734, "car_tau_mean": 1.4639, "car_tau_std": 0.7257, "car_v_mean": 17.8101, "car_v_std": 1.3873}, "datetime": {"datetime": "2024-08-12 00:50:00", "elapsed": 440.857444, "delta": 1.472594}}
{"target": -0.37167154082236986, "params": {"bus_acc": 1.1398, "bus_dcc": 3.4103, "bus_lcAssertive": 98.678, "bus_lcCooperative": 0.0635, "bus_lcLookaheadLeft": 71.9619, "bus_lcPushy": 0.327, "bus_lcSigma": 0.6224, "bus_lcSpeedGainRight": 1.2876, "bus_lcSublane": 0.6479, "bus_sigma": 0.3681, "bus_tau_mean": 1.5288, "bus_tau_std": 9.1146, "bus_v_mean": 24.9619, "bus_v_std": 12.2679, "car_acc": 1.0119, "car_dcc": 3.7667, "car_lcAssertive": 75.2918, "car_lcCooperative": 0.748, "car_lcLookaheadLeft": 22.7456, "car_lcPushy": 0.8271, "car_lcSigma": 0.237, "car_lcSpeedGainRight": 3.155, "car_lcSublane": 0.7077, "car_sigma": 0.7393, "car_tau_mean": 1.8629, "car_tau_std": 7.5952, "car_v_mean": 24.2498, "car_v_std": 11.7453}, "datetime": {"datetime": "2024-08-12 00:50:03", "elapsed": 443.310268, "delta": 2.452824}}
{"target": -0.663105814932314, "params": {"bus_acc": 1.9334, "bus_dcc": 1.1956, "bus_lcAssertive": 93.187, "bus_lcCooperative": 0.2105, "bus_lcLookaheadLeft": 45.3764, "bus_lcPushy": 0.2436, "bus_lcSigma": 0.0961, "bus_lcSpeedGainRight": 0.0809, "bus_lcSublane": 0.7877, "bus_sigma": 0.6777, "bus_tau_mean": 1.0197, "bus_tau_std": 8.9902, "bus_v_mean": 23.8536, "bus_v_std": 9.8373, "car_acc": 3.2008, "car_dcc": 1.7979, "car_lcAssertive": 64.1363, "car_lcCooperative": 0.1439, "car_lcLookaheadLeft": 64.1148, "car_lcPushy": 0.014, "car_lcSigma": 0.1019, "car_lcSpeedGainRight": 2.8344, "car_lcSublane": 0.4441, "car_sigma": 0.6982, "car_tau_mean": 3.1244, "car_tau_std": 4.175, "car_v_mean": 8.538, "car_v_std": 11.8771}, "datetime": {"datetime": "2024-08-12 00:50:04", "elapsed": 444.701532, "delta": 1.391264}}
{"target": -0.4159436110733498, "params": {"bus_acc": 1.6472, "bus_dcc": 4.0, "bus_lcAssertive": 1.0, "bus_lcCooperative": 0.3405, "bus_lcLookaheadLeft": 24.3857, "bus_lcPushy": 0.0942, "bus_lcSigma": 0.3508, "bus_lcSpeedGainRight": 1.5922, "bus_lcSublane": 0.0678, "bus_sigma": 0.5729, "bus_tau_mean": 3.0427, "bus_tau_std": 8.0641, "bus_v_mean": 8.8316, "bus_v_std": 20.0, "car_acc": 0.6111, "car_dcc": 3.0165, "car_lcAssertive": 41.9161, "car_lcCooperative": 0.3724, "car_lcLookaheadLeft": 13.2218, "car_lcPushy": 0.5392, "car_lcSigma": 0.9934, "car_lcSpeedGainRight": 4.9929, "car_lcSublane": 0.4146, "car_sigma": 0.9126, "car_tau_mean": 3.442, "car_tau_std": 9.3206, "car_v_mean": 8.5184, "car_v_std": 0.9282}, "datetime": {"datetime": "2024-08-12 00:50:06", "elapsed": 446.525787, "delta": 1.824255}}
{"target": -0.48026488669016815, "params": {"bus_acc": 1.7293, "bus_dcc": 1.2386, "bus_lcAssertive": 58.8118, "bus_lcCooperative": 0.704, "bus_lcLookaheadLeft": 36.272, "bus_lcPushy": 0.068, "bus_lcSigma": 0.7703, "bus_lcSpeedGainRight": 4.9405, "bus_lcSublane": 0.9046, "bus_sigma": 0.0578, "bus_tau_mean": 0.8713, "bus_tau_std": 6.2151, "bus_v_mean": 22.3941, "bus_v_std": 17.3402, "car_acc": 0.2204, "car_dcc": 0.2053, "car_lcAssertive": 44.3314, "car_lcCooperative": 0.4531, "car_lcLookaheadLeft": 49.5238, "car_lcPushy": 0.3405, "car_lcSigma": 0.4993, "car_lcSpeedGainRight": 4.2448, "car_lcSublane": 0.6844, "car_sigma": 0.3276, "car_tau_mean": 3.9356, "car_tau_std": 1.1954, "car_v_mean": 15.9154, "car_v_std": 3.1423}, "datetime": {"datetime": "2024-08-12 00:50:07", "elapsed": 447.880119, "delta": 1.354332}}
{"target": -0.7389213646324055, "params": {"bus_acc": 2.4515, "bus_dcc": 2.1519, "bus_lcAssertive": 2.0047, "bus_lcCooperative": 0.6968, "bus_lcLookaheadLeft": 32.7501, "bus_lcPushy": 0.2164, "bus_lcSigma": 0.8875, "bus_lcSpeedGainRight": 2.272, "bus_lcSublane": 0.7274, "bus_sigma": 0.9619, "bus_tau_mean": 3.3816, "bus_tau_std": 9.3929, "bus_v_mean": 11.5247, "bus_v_std": 9.8951, "car_acc": 3.9401, "car_dcc": 3.3255, "car_lcAssertive": 6.1198, "car_lcCooperative": 0.6648, "car_lcLookaheadLeft": 87.969, "car_lcPushy": 0.7791, "car_lcSigma": 0.0573, "car_lcSpeedGainRight": 3.4808, "car_lcSublane": 0.1815, "car_sigma": 0.3546, "car_tau_mean": 0.6957, "car_tau_std": 9.4086, "car_v_mean": 10.5939, "car_v_std": 6.1245}, "datetime": {"datetime": "2024-08-12 00:50:09", "elapsed": 449.658121, "delta": 1.778002}}
{"target": -0.596298378198025, "params": {"bus_acc": 2.0253, "bus_dcc": 1.26, "bus_lcAssertive": 70.6661, "bus_lcCooperative": 0.5093, "bus_lcLookaheadLeft": 61.9176, "bus_lcPushy": 0.9358, "bus_lcSigma": 0.6776, "bus_lcSpeedGainRight": 1.966, "bus_lcSublane": 0.0822, "bus_sigma": 0.1923, "bus_tau_mean": 2.1853, "bus_tau_std": 4.9429, "bus_v_mean": 22.2445, "bus_v_std": 18.3838, "car_acc": 1.4111, "car_dcc": 2.6364, "car_lcAssertive": 94.5006, "car_lcCooperative": 0.9402, "car_lcLookaheadLeft": 5.6559, "car_lcPushy": 0.0603, "car_lcSigma": 0.0263, "car_lcSpeedGainRight": 2.4445, "car_lcSublane": 0.0583, "car_sigma": 0.3275, "car_tau_mean": 1.6553, "car_tau_std": 9.5445, "car_v_mean": 15.8346, "car_v_std": 7.0897}, "datetime": {"datetime": "2024-08-12 00:50:11", "elapsed": 452.11214, "delta": 2.454019}}
{"target": -0.5864619934439825, "params": {"bus_acc": 3.2848, "bus_dcc": 2.4319, "bus_lcAssertive": 36.8277, "bus_lcCooperative": 0.0275, "bus_lcLookaheadLeft": 91.3715, "bus_lcPushy": 0.8385, "bus_lcSigma": 0.512, "bus_lcSpeedGainRight": 4.1065, "bus_lcSublane": 0.7499, "bus_sigma": 0.4368, "bus_tau_mean": 3.6987, "bus_tau_std": 5.6153, "bus_v_mean": 25.1509, "bus_v_std": 0.7795, "car_acc": 2.6561, "car_dcc": 1.3567, "car_lcAssertive": 12.5606, "car_lcCooperative": 0.8918, "car_lcLookaheadLeft": 98.6424, "car_lcPushy": 0.2387, "car_lcSigma": 0.6688, "car_lcSpeedGainRight": 4.1851, "car_lcSublane": 0.7003, "car_sigma": 0.8757, "car_tau_mean": 2.0313, "car_tau_std": 8.2654, "car_v_mean": 8.6196, "car_v_std": 5.867}, "datetime": {"datetime": "2024-08-12 00:50:13", "elapsed": 453.789541, "delta": 1.677401}}
{"target": -0.6845770754698624, "params": {"bus_acc": 2.7979, "bus_dcc": 0.4861, "bus_lcAssertive": 78.8264, "bus_lcCooperative": 0.7735, "bus_lcLookaheadLeft": 68.3657, "bus_lcPushy": 0.0588, "bus_lcSigma": 0.4968, "bus_lcSpeedGainRight": 2.4171, "bus_lcSublane": 0.174, "bus_sigma": 0.2829, "bus_tau_mean": 2.783, "bus_tau_std": 7.8054, "bus_v_mean": 15.0727, "bus_v_std": 0.6606, "car_acc": 1.5939, "car_dcc": 0.9596, "car_lcAssertive": 16.3062, "car_lcCooperative": 0.2785, "car_lcLookaheadLeft": 28.9902, "car_lcPushy": 0.0654, "car_lcSigma": 0.3632, "car_lcSpeedGainRight": 0.7455, "car_lcSublane": 0.2951, "car_sigma": 0.0208, "car_tau_mean": 1.8021, "car_tau_std": 6.2893, "car_v_mean": 15.0263, "car_v_std": 0.3834}, "datetime": {"datetime": "2024-08-12 00:50:17", "elapsed": 457.628707, "delta": 3.839166}}
{"target": -0.5984449216133816, "params": {"bus_acc": 1.6817, "bus_dcc": 3.9149, "bus_lcAssertive": 2.083, "bus_lcCooperative": 0.3644, "bus_lcLookaheadLeft": 23.9402, "bus_lcPushy": 0.1249, "bus_lcSigma": 0.3582, "bus_lcSpeedGainRight": 1.6032, "bus_lcSublane": 0.1305, "bus_sigma": 0.5649, "bus_tau_mean": 2.9123, "bus_tau_std": 7.8306, "bus_v_mean": 9.4511, "bus_v_std": 19.8596, "car_acc": 0.6786, "car_dcc": 2.9863, "car_lcAssertive": 42.7522, "car_lcCooperative": 0.3979, "car_lcLookaheadLeft": 13.8294, "car_lcPushy": 0.5274, "car_lcSigma": 0.9433, "car_lcSpeedGainRight": 4.8915, "car_lcSublane": 0.4059, "car_sigma": 0.8532, "car_tau_mean": 3.4144, "car_tau_std": 9.0149, "car_v_mean": 8.9807, "car_v_std": 1.4095}, "datetime": {"datetime": "2024-08-12 00:50:20", "elapsed": 461.068032, "delta": 3.439325}}
{"target": -0.7072695920025004, "params": {"bus_acc": 1.8929, "bus_dcc": 2.9473, "bus_lcAssertive": 15.132, "bus_lcCooperative": 0.2474, "bus_lcLookaheadLeft": 28.4529, "bus_lcPushy": 0.5661, "bus_lcSigma": 0.7029, "bus_lcSpeedGainRight": 3.155, "bus_lcSublane": 0.6402, "bus_sigma": 0.5079, "bus_tau_mean": 1.209, "bus_tau_std": 2.833, "bus_v_mean": 9.2731, "bus_v_std": 5.6558, "car_acc": 3.0308, "car_dcc": 2.5967, "car_lcAssertive": 33.8726, "car_lcCooperative": 0.8255, "car_lcLookaheadLeft": 13.6338, "car_lcPushy": 0.7981, "car_lcSigma": 0.809, "car_lcSpeedGainRight": 3.9213, "car_lcSublane": 0.0909, "car_sigma": 0.5142, "car_tau_mean": 1.8993, "car_tau_std": 0.1267, "car_v_mean": 13.7538, "car_v_std": 13.0777}, "datetime": {"datetime": "2024-08-12 00:50:24", "elapsed": 464.677176, "delta": 3.609144}}
{"target": -0.4141104380170053, "params": {"bus_acc": 2.4553, "bus_dcc": 3.6079, "bus_lcAssertive": 1.682, "bus_lcCooperative": 0.9024, "bus_lcLookaheadLeft": 17.0174, "bus_lcPushy": 0.6924, "bus_lcSigma": 0.8569, "bus_lcSpeedGainRight": 2.3985, "bus_lcSublane": 1.0, "bus_sigma": 1.0, "bus_tau_mean": 2.6378, "bus_tau_std": 7.5229, "bus_v_mean": 12.3155, "bus_v_std": 18.1977, "car_acc": 0.9747, "car_dcc": 3.4184, "car_lcAssertive": 42.9485, "car_lcCooperative": 1.0, "car_lcLookaheadLeft": 16.3933, "car_lcPushy": 0.7982, "car_lcSigma": 1.0, "car_lcSpeedGainRight": 5.0, "car_lcSublane": 0.9135, "car_sigma": 1.0, "car_tau_mean": 4.0, "car_tau_std": 9.5814, "car_v_mean": 10.1661, "car_v_std": 1.3811}, "datetime": {"datetime": "2024-08-12 00:50:27", "elapsed": 467.698204, "delta": 3.021028}}
{"target": -0.442386354325905, "params": {"bus_acc": 2.2351, "bus_dcc": 0.7696, "bus_lcAssertive": 2.4637, "bus_lcCooperative": 0.9018, "bus_lcLookaheadLeft": 37.5527, "bus_lcPushy": 0.0501, "bus_lcSigma": 0.6341, "bus_lcSpeedGainRight": 2.1475, "bus_lcSublane": 0.3725, "bus_sigma": 0.4551, "bus_tau_mean": 1.87, "bus_tau_std": 3.1447, "bus_v_mean": 19.314, "bus_v_std": 5.2736, "car_acc": 1.275, "car_dcc": 1.7627, "car_lcAssertive": 96.0151, "car_lcCooperative": 0.4996, "car_lcLookaheadLeft": 41.4916, "car_lcPushy": 0.6288, "car_lcSigma": 0.8625, "car_lcSpeedGainRight": 0.6568, "car_lcSublane": 0.4758, "car_sigma": 0.6752, "car_tau_mean": 3.013, "car_tau_std": 7.7074, "car_v_mean": 13.5562, "car_v_std": 6.2867}, "datetime": {"datetime": "2024-08-12 00:50:29", "elapsed": 469.316604, "delta": 1.6184}}
