{"target": -0.43378077539594334, "params": {"bus_acc": 1.5877, "bus_dcc": 0.7508, "bus_lcAssertive": 5.0888, "bus_lcCooperative": 0.0652, "bus_lcLookaheadLeft": 23.1731, "bus_lcPushy": 0.5894, "bus_lcSigma": 0.5864, "bus_lcSpeedGainRight": 2.4332, "bus_lcSublane": 0.9494, "bus_sigma": 0.7348, "bus_tau_mean": 3.194, "bus_tau_std": 5.4322, "bus_v_mean": 23.1157, "bus_v_std": 19.983, "car_acc": 0.3637, "car_dcc": 1.0093, "car_lcAssertive": 27.3746, "car_lcCooperative": 0.8353, "car_lcLookaheadLeft": 3.5576, "car_lcPushy": 0.1716, "car_lcSigma": 0.3788, "car_lcSpeedGainRight": 3.9419, "car_lcSublane": 0.5111, "car_sigma": 0.1082, "car_tau_mean": 1.5011, "car_tau_std": 9.8389, "car_v_mean": 16.1076, "car_v_std": 2.2078}, "datetime": {"datetime": "2024-08-12 01:51:04", "elapsed": 4104.331525, "delta": 4.001549}}
{"target": -0.37957183863889227, "params": {"bus_acc": 1.4271, "bus_dcc": 2.9194, "bus_lcAssertive": 68.94, "bus_lcCooperative": 0.3996, "bus_lcLookaheadLeft": 45.5002, "bus_lcPushy": 0.2813, "bus_lcSigma": 0.3335, "bus_lcSpeedGainRight": 3.0647, "bus_lcSublane": 0.2688, "bus_sigma": 0.3137, "bus_tau_mean": 1.1286, "bus_tau_std": 8.136, "bus_v_mean": 24.6698, "bus_v_std": 2.0604, "car_acc": 0.2246, "car_dcc": 1.6735, "car_lcAssertive": 66.8665, "car_lcCooperative": 0.6389, "car_lcLookaheadLeft": 18.7689, "car_lcPushy": 0.3196, "car_lcSigma": 0.2282, "car_lcSpeedGainRight": 3.0231, "car_lcSublane": 0.4105, "car_sigma": 0.2897, "car_tau_mean": 1.914, "car_tau_std": 2.3929, "car_v_mean": 8.2931, "car_v_std": 12.2991}, "datetime": {"datetime": "2024-08-12 01:51:11", "elapsed": 4111.80896, "delta": 7.477435}}
{"target": -0.5657076358018794, "params": {"bus_acc": 3.4218, "bus_dcc": 1.8584, "bus_lcAssertive": 68.3061, "bus_lcCooperative": 0.922, "bus_lcLookaheadLeft": 36.9978, "bus_lcPushy": 0.5682, "bus_lcSigma": 0.0728, "bus_lcSpeedGainRight": 0.222, "bus_lcSublane": 0.889, "bus_sigma": 0.497, "bus_tau_mean": 1.9667, "bus_tau_std": 4.7959, "bus_v_mean": 24.2284, "bus_v_std": 16.7137, "car_acc": 0.377, "car_dcc": 2.515, "car_lcAssertive": 71.541, "car_lcCooperative": 0.9197, "car_lcLookaheadLeft": 84.1303, "car_lcPushy": 0.8823, "car_lcSigma": 0.2778, "car_lcSpeedGainRight": 1.0933, "car_lcSublane": 0.8505, "car_sigma": 0.314, "car_tau_mean": 1.0838, "car_tau_std": 2.2245, "car_v_mean": 11.5399, "car_v_std": 13.1559}, "datetime": {"datetime": "2024-08-12 01:51:15", "elapsed": 4115.44285, "delta": 3.63389}}
{"target": -0.47702592233876956, "params": {"bus_acc": 3.0729, "bus_dcc": 3.4033, "bus_lcAssertive": 99.5701, "bus_lcCooperative": 0.8555, "bus_lcLookaheadLeft": 46.999, "bus_lcPushy": 0.9247, "bus_lcSigma": 0.2274, "bus_lcSpeedGainRight": 3.7746, "bus_lcSublane": 0.2504, "bus_sigma": 0.7532, "bus_tau_mean": 3.3721, "bus_tau_std": 6.639, "bus_v_mean": 19.9781, "bus_v_std": 4.8289, "car_acc": 3.7029, "car_dcc": 2.8092, "car_lcAssertive": 27.0618, "car_lcCooperative": 0.81, "car_lcLookaheadLeft": 61.0208, "car_lcPushy": 0.3819, "car_lcSigma": 0.5169, "car_lcSpeedGainRight": 1.5797, "car_lcSublane": 0.9689, "car_sigma": 0.7255, "car_tau_mean": 0.6477, "car_tau_std": 5.9938, "car_v_mean": 8.1379, "car_v_std": 0.2545}, "datetime": {"datetime": "2024-08-12 01:51:20", "elapsed": 4120.299859, "delta": 4.857009}}
{"target": -0.23875974295087896, "params": {"bus_acc": 0.6219, "bus_dcc": 3.8017, "bus_lcAssertive": 84.5647, "bus_lcCooperative": 0.2282, "bus_lcLookaheadLeft": 13.895, "bus_lcPushy": 0.1861, "bus_lcSigma": 0.1239, "bus_lcSpeedGainRight": 2.3687, "bus_lcSublane": 0.7605, "bus_sigma": 0.7545, "bus_tau_mean": 3.1903, "bus_tau_std": 4.3104, "bus_v_mean": 9.8115, "bus_v_std": 16.6161, "car_acc": 0.4883, "car_dcc": 3.369, "car_lcAssertive": 79.6974, "car_lcCooperative": 0.6176, "car_lcLookaheadLeft": 23.9755, "car_lcPushy": 0.5738, "car_lcSigma": 0.9123, "car_lcSpeedGainRight": 0.8248, "car_lcSublane": 0.4226, "car_sigma": 0.2376, "car_tau_mean": 0.9363, "car_tau_std": 0.6972, "car_v_mean": 11.1753, "car_v_std": 9.5707}, "datetime": {"datetime": "2024-08-12 01:51:23", "elapsed": 4123.954908, "delta": 3.655049}}
{"target": -0.5043591481028953, "params": {"bus_acc": 0.4942, "bus_dcc": 1.3952, "bus_lcAssertive": 61.6371, "bus_lcCooperative": 0.9382, "bus_lcLookaheadLeft": 93.5635, "bus_lcPushy": 0.2038, "bus_lcSigma": 0.1566, "bus_lcSpeedGainRight": 3.4173, "bus_lcSublane": 0.7169, "bus_sigma": 0.1011, "bus_tau_mean": 3.7018, "bus_tau_std": 8.0805, "bus_v_mean": 13.155, "bus_v_std": 18.558, "car_acc": 3.4364, "car_dcc": 1.2973, "car_lcAssertive": 93.4261, "car_lcCooperative": 0.7586, "car_lcLookaheadLeft": 40.3032, "car_lcPushy": 0.3776, "car_lcSigma": 0.662, "car_lcSpeedGainRight": 2.8322, "car_lcSublane": 0.0693, "car_sigma": 0.0459, "car_tau_mean": 0.8158, "car_tau_std": 8.9198, "car_v_mean": 9.5889, "car_v_std": 10.3212}, "datetime": {"datetime": "2024-08-12 01:51:29", "elapsed": 4129.365669, "delta": 5.410761}}
{"target": -0.5699158874741986, "params": {"bus_acc": 0.6436, "bus_dcc": 1.1272, "bus_lcAssertive": 64.4133, "bus_lcCooperative": 0.1299, "bus_lcLookaheadLeft": 37.182, "bus_lcPushy": 0.9164, "bus_lcSigma": 0.7812, "bus_lcSpeedGainRight": 1.389, "bus_lcSublane": 0.1853, "bus_sigma": 0.9963, "bus_tau_mean": 3.2811, "bus_tau_std": 8.1713, "bus_v_mean": 10.7432, "bus_v_std": 16.54, "car_acc": 2.6042, "car_dcc": 3.8995, "car_lcAssertive": 93.5921, "car_lcCooperative": 0.8672, "car_lcLookaheadLeft": 78.1371, "car_lcPushy": 0.9837, "car_lcSigma": 0.7301, "car_lcSpeedGainRight": 3.9107, "car_lcSublane": 0.6746, "car_sigma": 0.606, "car_tau_mean": 2.091, "car_tau_std": 2.6273, "car_v_mean": 12.8789, "car_v_std": 8.8543}, "datetime": {"datetime": "2024-08-12 01:51:34", "elapsed": 4134.43965, "delta": 5.073981}}
{"target": -0.6189522238893276, "params": {"bus_acc": 3.704, "bus_dcc": 2.5957, "bus_lcAssertive": 24.7507, "bus_lcCooperative": 0.7959, "bus_lcLookaheadLeft": 82.8076, "bus_lcPushy": 0.6152, "bus_lcSigma": 0.3343, "bus_lcSpeedGainRight": 1.612, "bus_lcSublane": 0.1592, "bus_sigma": 0.474, "bus_tau_mean": 2.2158, "bus_tau_std": 7.518, "bus_v_mean": 17.6737, "bus_v_std": 1.4993, "car_acc": 1.9116, "car_dcc": 1.7989, "car_lcAssertive": 15.8976, "car_lcCooperative": 0.2309, "car_lcLookaheadLeft": 39.9738, "car_lcPushy": 0.7458, "car_lcSigma": 0.8374, "car_lcSpeedGainRight": 1.7728, "car_lcSublane": 0.2555, "car_sigma": 0.5405, "car_tau_mean": 3.3426, "car_tau_std": 6.4092, "car_v_mean": 16.5512, "car_v_std": 13.7077}, "datetime": {"datetime": "2024-08-12 01:51:38", "elapsed": 4138.359639, "delta": 3.919989}}
{"target": -0.6120020789136703, "params": {"bus_acc": 1.1551, "bus_dcc": 0.7707, "bus_lcAssertive": 65.4232, "bus_lcCooperative": 0.7921, "bus_lcLookaheadLeft": 46.1827, "bus_lcPushy": 0.4334, "bus_lcSigma": 0.1338, "bus_lcSpeedGainRight": 4.5829, "bus_lcSublane": 0.391, "bus_sigma": 0.1056, "bus_tau_mean": 3.2892, "bus_tau_std": 0.4176, "bus_v_mean": 23.4233, "bus_v_std": 8.3678, "car_acc": 2.5676, "car_dcc": 0.4889, "car_lcAssertive": 52.6187, "car_lcCooperative": 0.0426, "car_lcLookaheadLeft": 14.9423, "car_lcPushy": 0.8071, "car_lcSigma": 0.4553, "car_lcSpeedGainRight": 3.3187, "car_lcSublane": 0.4716, "car_sigma": 0.176, "car_tau_mean": 1.9497, "car_tau_std": 3.1816, "car_v_mean": 18.5952, "car_v_std": 5.3934}, "datetime": {"datetime": "2024-08-12 01:51:41", "elapsed": 4141.333929, "delta": 2.97429}}
{"target": -0.7128602232480811, "params": {"bus_acc": 3.6214, "bus_dcc": 1.2399, "bus_lcAssertive": 57.0854, "bus_lcCooperative": 0.1121, "bus_lcLookaheadLeft": 67.3504, "bus_lcPushy": 0.2304, "bus_lcSigma": 0.7337, "bus_lcSpeedGainRight": 2.0569, "bus_lcSublane": 0.3108, "bus_sigma": 0.0751, "bus_tau_mean": 2.5445, "bus_tau_std": 4.8672, "bus_v_mean": 12.8822, "bus_v_std": 12.3127, "car_acc": 0.9511, "car_dcc": 0.8642, "car_lcAssertive": 5.3088, "car_lcCooperative": 0.0991, "car_lcLookaheadLeft": 3.0058, "car_lcPushy": 0.1963, "car_lcSigma": 0.7226, "car_lcSpeedGainRight": 2.6115, "car_lcSublane": 0.2922, "car_sigma": 0.8428, "car_tau_mean": 0.5794, "car_tau_std": 2.2887, "car_v_mean": 23.7407, "car_v_std": 8.5912}, "datetime": {"datetime": "2024-08-12 01:51:44", "elapsed": 4145.137966, "delta": 3.804037}}
{"target": -0.5618163061441205, "params": {"bus_acc": 0.6299, "bus_dcc": 2.9008, "bus_lcAssertive": 75.899, "bus_lcCooperative": 0.5397, "bus_lcLookaheadLeft": 3.9386, "bus_lcPushy": 0.1683, "bus_lcSigma": 0.1881, "bus_lcSpeedGainRight": 4.5856, "bus_lcSublane": 0.6179, "bus_sigma": 0.8026, "bus_tau_mean": 2.6503, "bus_tau_std": 0.8047, "bus_v_mean": 22.4431, "bus_v_std": 5.8821, "car_acc": 2.834, "car_dcc": 2.2859, "car_lcAssertive": 99.0454, "car_lcCooperative": 0.6407, "car_lcLookaheadLeft": 58.8754, "car_lcPushy": 0.3533, "car_lcSigma": 0.5485, "car_lcSpeedGainRight": 0.8277, "car_lcSublane": 0.922, "car_sigma": 0.5347, "car_tau_mean": 2.5502, "car_tau_std": 8.3485, "car_v_mean": 12.1393, "car_v_std": 4.464}, "datetime": {"datetime": "2024-08-12 01:51:48", "elapsed": 4148.591374, "delta": 3.453408}}
{"target": -0.8602874514922592, "params": {"bus_acc": 2.0066, "bus_dcc": 0.7826, "bus_lcAssertive": 84.744, "bus_lcCooperative": 0.4409, "bus_lcLookaheadLeft": 61.1327, "bus_lcPushy": 0.0625, "bus_lcSigma": 0.655, "bus_lcSpeedGainRight": 4.3154, "bus_lcSublane": 0.6972, "bus_sigma": 0.4774, "bus_tau_mean": 3.1658, "bus_tau_std": 3.7308, "bus_v_mean": 10.0788, "bus_v_std": 8.6928, "car_acc": 2.3899, "car_dcc": 3.6883, "car_lcAssertive": 93.4248, "car_lcCooperative": 0.1762, "car_lcLookaheadLeft": 94.7762, "car_lcPushy": 0.1393, "car_lcSigma": 0.7646, "car_lcSpeedGainRight": 1.4809, "car_lcSublane": 0.4396, "car_sigma": 0.0437, "car_tau_mean": 2.3691, "car_tau_std": 1.1155, "car_v_mean": 10.6607, "car_v_std": 12.3086}, "datetime": {"datetime": "2024-08-12 01:51:55", "elapsed": 4156.074926, "delta": 7.483552}}
{"target": -0.4254439400760545, "params": {"bus_acc": 2.5264, "bus_dcc": 0.543, "bus_lcAssertive": 99.4583, "bus_lcCooperative": 0.6668, "bus_lcLookaheadLeft": 25.1784, "bus_lcPushy": 0.3367, "bus_lcSigma": 0.4285, "bus_lcSpeedGainRight": 2.8916, "bus_lcSublane": 0.4194, "bus_sigma": 0.1788, "bus_tau_mean": 0.5521, "bus_tau_std": 5.5281, "bus_v_mean": 13.161, "bus_v_std": 17.1321, "car_acc": 0.7416, "car_dcc": 1.7828, "car_lcAssertive": 82.3682, "car_lcCooperative": 0.4377, "car_lcLookaheadLeft": 59.9074, "car_lcPushy": 0.8459, "car_lcSigma": 0.3926, "car_lcSpeedGainRight": 4.2855, "car_lcSublane": 0.8051, "car_sigma": 0.7086, "car_tau_mean": 0.7319, "car_tau_std": 9.2975, "car_v_mean": 9.9497, "car_v_std": 7.2916}, "datetime": {"datetime": "2024-08-12 01:52:01", "elapsed": 4162.034824, "delta": 5.959898}}
{"target": -0.6492916941921848, "params": {"bus_acc": 0.6186, "bus_dcc": 0.8318, "bus_lcAssertive": 69.8854, "bus_lcCooperative": 0.1531, "bus_lcLookaheadLeft": 85.8578, "bus_lcPushy": 0.5418, "bus_lcSigma": 0.446, "bus_lcSpeedGainRight": 3.2443, "bus_lcSublane": 0.4947, "bus_sigma": 0.5624, "bus_tau_mean": 3.3777, "bus_tau_std": 0.8554, "bus_v_mean": 16.2722, "bus_v_std": 7.9552, "car_acc": 2.4916, "car_dcc": 3.2146, "car_lcAssertive": 19.4938, "car_lcCooperative": 0.8971, "car_lcLookaheadLeft": 26.0659, "car_lcPushy": 0.1884, "car_lcSigma": 0.4061, "car_lcSpeedGainRight": 2.879, "car_lcSublane": 0.2336, "car_sigma": 0.4132, "car_tau_mean": 0.8385, "car_tau_std": 9.5061, "car_v_mean": 17.6204, "car_v_std": 13.428}, "datetime": {"datetime": "2024-08-12 01:52:05", "elapsed": 4166.132275, "delta": 4.097451}}
{"target": -0.5341469747333474, "params": {"bus_acc": 1.744, "bus_dcc": 3.3789, "bus_lcAssertive": 70.9848, "bus_lcCooperative": 0.7947, "bus_lcLookaheadLeft": 70.0362, "bus_lcPushy": 0.7084, "bus_lcSigma": 0.5762, "bus_lcSpeedGainRight": 2.5146, "bus_lcSublane": 0.17, "bus_sigma": 0.7792, "bus_tau_mean": 2.5362, "bus_tau_std": 4.6255, "bus_v_mean": 22.5436, "bus_v_std": 16.8943, "car_acc": 2.3754, "car_dcc": 2.1824, "car_lcAssertive": 40.1559, "car_lcCooperative": 0.3185, "car_lcLookaheadLeft": 44.8848, "car_lcPushy": 0.7088, "car_lcSigma": 0.7157, "car_lcSpeedGainRight": 2.5766, "car_lcSublane": 0.6755, "car_sigma": 0.908, "car_tau_mean": 3.1089, "car_tau_std": 1.7087, "car_v_mean": 13.5652, "car_v_std": 7.1139}, "datetime": {"datetime": "2024-08-12 01:52:10", "elapsed": 4170.83818, "delta": 4.705905}}
{"target": -0.590267279622684, "params": {"bus_acc": 0.4665, "bus_dcc": 2.2877, "bus_lcAssertive": 13.0806, "bus_lcCooperative": 0.8437, "bus_lcLookaheadLeft": 68.0984, "bus_lcPushy": 0.3996, "bus_lcSigma": 0.0365, "bus_lcSpeedGainRight": 1.4897, "bus_lcSublane": 0.0176, "bus_sigma": 0.27, "bus_tau_mean": 1.5162, "bus_tau_std": 3.7234, "bus_v_mean": 13.8038, "bus_v_std": 8.0132, "car_acc": 2.5618, "car_dcc": 3.6216, "car_lcAssertive": 33.518, "car_lcCooperative": 0.3205, "car_lcLookaheadLeft": 79.961, "car_lcPushy": 0.0362, "car_lcSigma": 0.4271, "car_lcSpeedGainRight": 1.7857, "car_lcSublane": 0.1794, "car_sigma": 0.1708, "car_tau_mean": 2.5868, "car_tau_std": 0.6937, "car_v_mean": 23.608, "car_v_std": 7.5235}, "datetime": {"datetime": "2024-08-12 01:52:15", "elapsed": 4175.605051, "delta": 4.766871}}
{"target": -0.6798758333595399, "params": {"bus_acc": 1.9777, "bus_dcc": 3.0803, "bus_lcAssertive": 61.2891, "bus_lcCooperative": 0.8865, "bus_lcLookaheadLeft": 23.708, "bus_lcPushy": 0.0964, "bus_lcSigma": 0.2024, "bus_lcSpeedGainRight": 1.3857, "bus_lcSublane": 0.6045, "bus_sigma": 0.5471, "bus_tau_mean": 3.0129, "bus_tau_std": 0.6103, "bus_v_mean": 11.0109, "bus_v_std": 1.5171, "car_acc": 3.8513, "car_dcc": 3.8596, "car_lcAssertive": 78.3447, "car_lcCooperative": 0.1686, "car_lcLookaheadLeft": 12.5251, "car_lcPushy": 0.1552, "car_lcSigma": 0.741, "car_lcSpeedGainRight": 2.116, "car_lcSublane": 0.0096, "car_sigma": 0.3646, "car_tau_mean": 3.7303, "car_tau_std": 5.1114, "car_v_mean": 10.5683, "car_v_std": 8.5064}, "datetime": {"datetime": "2024-08-12 01:52:21", "elapsed": 4181.596781, "delta": 5.99173}}
{"target": -0.33950658151211766, "params": {"bus_acc": 1.1283, "bus_dcc": 3.5943, "bus_lcAssertive": 84.7628, "bus_lcCooperative": 0.557, "bus_lcLookaheadLeft": 42.2184, "bus_lcPushy": 0.6109, "bus_lcSigma": 0.7842, "bus_lcSpeedGainRight": 2.862, "bus_lcSublane": 0.1528, "bus_sigma": 0.7614, "bus_tau_mean": 3.6205, "bus_tau_std": 9.4754, "bus_v_mean": 8.7522, "bus_v_std": 16.6542, "car_acc": 1.6138, "car_dcc": 3.744, "car_lcAssertive": 46.363, "car_lcCooperative": 0.978, "car_lcLookaheadLeft": 70.6874, "car_lcPushy": 0.0143, "car_lcSigma": 0.5661, "car_lcSpeedGainRight": 2.6883, "car_lcSublane": 0.1864, "car_sigma": 0.341, "car_tau_mean": 3.1057, "car_tau_std": 8.6523, "car_v_mean": 13.1819, "car_v_std": 0.4905}, "datetime": {"datetime": "2024-08-12 01:52:24", "elapsed": 4185.141194, "delta": 3.544413}}
{"target": -0.6570011678745183, "params": {"bus_acc": 1.1324, "bus_dcc": 0.5637, "bus_lcAssertive": 50.3834, "bus_lcCooperative": 0.6158, "bus_lcLookaheadLeft": 31.3888, "bus_lcPushy": 0.6939, "bus_lcSigma": 0.3578, "bus_lcSpeedGainRight": 3.6005, "bus_lcSublane": 0.6712, "bus_sigma": 0.1952, "bus_tau_mean": 0.6547, "bus_tau_std": 1.301, "bus_v_mean": 16.4001, "bus_v_std": 6.8989, "car_acc": 2.8838, "car_dcc": 3.8091, "car_lcAssertive": 87.5789, "car_lcCooperative": 0.2338, "car_lcLookaheadLeft": 55.6259, "car_lcPushy": 0.8429, "car_lcSigma": 0.115, "car_lcSpeedGainRight": 2.517, "car_lcSublane": 0.8037, "car_sigma": 0.9656, "car_tau_mean": 1.3719, "car_tau_std": 9.841, "car_v_mean": 16.0219, "car_v_std": 0.3859}, "datetime": {"datetime": "2024-08-12 01:52:31", "elapsed": 4191.326429, "delta": 6.185235}}
{"target": -0.5878325893472935, "params": {"bus_acc": 2.9957, "bus_dcc": 2.9702, "bus_lcAssertive": 92.9658, "bus_lcCooperative": 0.0682, "bus_lcLookaheadLeft": 25.805, "bus_lcPushy": 0.4733, "bus_lcSigma": 0.6388, "bus_lcSpeedGainRight": 3.2145, "bus_lcSublane": 0.6617, "bus_sigma": 0.9736, "bus_tau_mean": 3.2183, "bus_tau_std": 1.4588, "bus_v_mean": 16.5009, "bus_v_std": 13.701, "car_acc": 3.9446, "car_dcc": 0.6594, "car_lcAssertive": 95.1818, "car_lcCooperative": 0.1981, "car_lcLookaheadLeft": 18.6832, "car_lcPushy": 0.3374, "car_lcSigma": 0.817, "car_lcSpeedGainRight": 1.8967, "car_lcSublane": 0.7759, "car_sigma": 0.9042, "car_tau_mean": 2.7244, "car_tau_std": 7.8786, "car_v_mean": 18.2504, "car_v_std": 15.3978}, "datetime": {"datetime": "2024-08-12 01:52:37", "elapsed": 4197.801194, "delta": 6.474765}}
{"target": -0.5275334252827653, "params": {"bus_acc": 3.7152, "bus_dcc": 1.4014, "bus_lcAssertive": 16.3077, "bus_lcCooperative": 0.3577, "bus_lcLookaheadLeft": 77.3717, "bus_lcPushy": 0.062, "bus_lcSigma": 0.3547, "bus_lcSpeedGainRight": 1.8734, "bus_lcSublane": 0.3193, "bus_sigma": 0.8857, "bus_tau_mean": 3.5883, "bus_tau_std": 3.3657, "bus_v_mean": 14.3415, "bus_v_std": 14.4862, "car_acc": 0.4804, "car_dcc": 1.2734, "car_lcAssertive": 76.7434, "car_lcCooperative": 0.0913, "car_lcLookaheadLeft": 7.741, "car_lcPushy": 0.3834, "car_lcSigma": 0.2856, "car_lcSpeedGainRight": 0.3414, "car_lcSublane": 0.9384, "car_sigma": 0.9745, "car_tau_mean": 1.8409, "car_tau_std": 4.8395, "car_v_mean": 11.5857, "car_v_std": 15.3974}, "datetime": {"datetime": "2024-08-12 01:52:42", "elapsed": 4202.718396, "delta": 4.917202}}
{"target": -0.7081544043735093, "params": {"bus_acc": 1.5641, "bus_dcc": 3.1517, "bus_lcAssertive": 99.8952, "bus_lcCooperative": 0.7096, "bus_lcLookaheadLeft": 53.657, "bus_lcPushy": 0.4187, "bus_lcSigma": 0.3649, "bus_lcSpeedGainRight": 3.9413, "bus_lcSublane": 0.7337, "bus_sigma": 0.557, "bus_tau_mean": 2.9746, "bus_tau_std": 0.0775, "bus_v_mean": 16.4454, "bus_v_std": 9.9587, "car_acc": 2.2564, "car_dcc": 1.3909, "car_lcAssertive": 11.8426, "car_lcCooperative": 0.3615, "car_lcLookaheadLeft": 23.1334, "car_lcPushy": 0.3998, "car_lcSigma": 0.4511, "car_lcSpeedGainRight": 0.4304, "car_lcSublane": 0.9665, "car_sigma": 0.5355, "car_tau_mean": 1.8849, "car_tau_std": 0.6982, "car_v_mean": 9.3229, "car_v_std": 15.8047}, "datetime": {"datetime": "2024-08-12 01:52:46", "elapsed": 4207.129557, "delta": 4.411161}}
{"target": -0.6569132646723145, "params": {"bus_acc": 0.5145, "bus_dcc": 2.6005, "bus_lcAssertive": 81.455, "bus_lcCooperative": 0.529, "bus_lcLookaheadLeft": 7.677, "bus_lcPushy": 0.9598, "bus_lcSigma": 0.5302, "bus_lcSpeedGainRight": 1.2383, "bus_lcSublane": 0.0344, "bus_sigma": 0.1858, "bus_tau_mean": 1.7488, "bus_tau_std": 5.1089, "bus_v_mean": 16.4578, "bus_v_std": 8.2102, "car_acc": 3.4306, "car_dcc": 1.7902, "car_lcAssertive": 57.6255, "car_lcCooperative": 0.4929, "car_lcLookaheadLeft": 30.878, "car_lcPushy": 0.7459, "car_lcSigma": 0.1926, "car_lcSpeedGainRight": 3.1528, "car_lcSublane": 0.7592, "car_sigma": 0.7555, "car_tau_mean": 3.4636, "car_tau_std": 8.6547, "car_v_mean": 15.4579, "car_v_std": 18.9096}, "datetime": {"datetime": "2024-08-12 01:52:53", "elapsed": 4213.658857, "delta": 6.5293}}
{"target": -0.42473120308193263, "params": {"bus_acc": 3.1484, "bus_dcc": 3.4322, "bus_lcAssertive": 98.1791, "bus_lcCooperative": 0.497, "bus_lcLookaheadLeft": 41.4442, "bus_lcPushy": 0.9187, "bus_lcSigma": 0.8503, "bus_lcSpeedGainRight": 0.7608, "bus_lcSublane": 0.8854, "bus_sigma": 0.925, "bus_tau_mean": 3.4581, "bus_tau_std": 7.0845, "bus_v_mean": 15.8442, "bus_v_std": 12.1177, "car_acc": 1.2742, "car_dcc": 1.372, "car_lcAssertive": 77.3155, "car_lcCooperative": 0.3157, "car_lcLookaheadLeft": 83.8475, "car_lcPushy": 0.6467, "car_lcSigma": 0.8867, "car_lcSpeedGainRight": 4.5406, "car_lcSublane": 0.0797, "car_sigma": 0.4992, "car_tau_mean": 0.7399, "car_tau_std": 8.7483, "car_v_mean": 21.4308, "car_v_std": 1.5021}, "datetime": {"datetime": "2024-08-12 01:52:56", "elapsed": 4217.013118, "delta": 3.354261}}
{"target": -0.6201012674474501, "params": {"bus_acc": 3.9222, "bus_dcc": 2.5671, "bus_lcAssertive": 66.743, "bus_lcCooperative": 0.8298, "bus_lcLookaheadLeft": 33.0589, "bus_lcPushy": 0.7741, "bus_lcSigma": 0.403, "bus_lcSpeedGainRight": 4.7704, "bus_lcSublane": 0.2878, "bus_sigma": 0.1742, "bus_tau_mean": 1.983, "bus_tau_std": 2.1685, "bus_v_mean": 10.6815, "bus_v_std": 16.7879, "car_acc": 1.3103, "car_dcc": 0.4621, "car_lcAssertive": 32.8745, "car_lcCooperative": 0.3845, "car_lcLookaheadLeft": 34.3924, "car_lcPushy": 0.3379, "car_lcSigma": 0.516, "car_lcSpeedGainRight": 2.0094, "car_lcSublane": 0.31, "car_sigma": 0.4659, "car_tau_mean": 1.3849, "car_tau_std": 1.1394, "car_v_mean": 23.7393, "car_v_std": 13.5018}, "datetime": {"datetime": "2024-08-12 01:53:00", "elapsed": 4221.087979, "delta": 4.074861}}
{"target": -0.4487928289856519, "params": {"bus_acc": 1.502, "bus_dcc": 1.129, "bus_lcAssertive": 86.0234, "bus_lcCooperative": 0.9648, "bus_lcLookaheadLeft": 57.0629, "bus_lcPushy": 0.5256, "bus_lcSigma": 0.7355, "bus_lcSpeedGainRight": 2.9458, "bus_lcSublane": 0.0273, "bus_sigma": 0.5865, "bus_tau_mean": 2.2733, "bus_tau_std": 9.1403, "bus_v_mean": 22.503, "bus_v_std": 8.7622, "car_acc": 0.6886, "car_dcc": 2.7241, "car_lcAssertive": 34.7878, "car_lcCooperative": 0.2275, "car_lcLookaheadLeft": 91.1303, "car_lcPushy": 0.1493, "car_lcSigma": 0.2743, "car_lcSpeedGainRight": 0.1169, "car_lcSublane": 0.497, "car_sigma": 0.5019, "car_tau_mean": 3.5227, "car_tau_std": 0.5671, "car_v_mean": 16.4798, "car_v_std": 0.835}, "datetime": {"datetime": "2024-08-12 01:53:09", "elapsed": 4229.742907, "delta": 8.654928}}
