{"target": -0.5058563998020876, "params": {"bus_acc": 0.5542, "bus_dcc": 2.4412, "bus_lcAssertive": 36.0137, "bus_lcCooperative": 0.0721, "bus_lcLookaheadLeft": 16.7255, "bus_lcPushy": 0.61, "bus_lcSigma": 0.1225, "bus_lcSpeedGainRight": 2.3078, "bus_lcSublane": 0.9548, "bus_sigma": 0.7856, "bus_tau_mean": 2.7206, "bus_tau_std": 4.7494, "bus_v_mean": 22.7386, "bus_v_std": 17.2828, "car_acc": 3.9978, "car_dcc": 3.1267, "car_lcAssertive": 79.6141, "car_lcCooperative": 0.5562, "car_lcLookaheadLeft": 21.0536, "car_lcPushy": 0.6722, "car_lcSigma": 0.6791, "car_lcSpeedGainRight": 1.3934, "car_lcSublane": 0.2323, "car_sigma": 0.8512, "car_tau_mean": 1.3467, "car_tau_std": 0.4621, "car_v_mean": 23.2947, "car_v_std": 7.0853}, "datetime": {"datetime": "2024-08-12 01:12:34", "elapsed": 1795.065284, "delta": 3.474448}}
{"target": -0.6798895070171921, "params": {"bus_acc": 2.8183, "bus_dcc": 0.9654, "bus_lcAssertive": 34.3074, "bus_lcCooperative": 0.8617, "bus_lcLookaheadLeft": 32.3454, "bus_lcPushy": 0.2837, "bus_lcSigma": 0.5543, "bus_lcSpeedGainRight": 3.3725, "bus_lcSublane": 0.0921, "bus_sigma": 0.8876, "bus_tau_mean": 1.3323, "bus_tau_std": 1.4782, "bus_v_mean": 16.2068, "bus_v_std": 11.6128, "car_acc": 1.6759, "car_dcc": 3.492, "car_lcAssertive": 54.7716, "car_lcCooperative": 0.4251, "car_lcLookaheadLeft": 96.9515, "car_lcPushy": 0.2015, "car_lcSigma": 0.7775, "car_lcSpeedGainRight": 2.8525, "car_lcSublane": 0.6615, "car_sigma": 0.0077, "car_tau_mean": 3.8858, "car_tau_std": 0.3798, "car_v_mean": 13.5472, "car_v_std": 9.7536}, "datetime": {"datetime": "2024-08-12 01:12:37", "elapsed": 1797.723858, "delta": 2.658574}}
{"target": -0.6091091159825396, "params": {"bus_acc": 3.3727, "bus_dcc": 1.9887, "bus_lcAssertive": 39.2946, "bus_lcCooperative": 0.2839, "bus_lcLookaheadLeft": 61.128, "bus_lcPushy": 0.863, "bus_lcSigma": 0.2079, "bus_lcSpeedGainRight": 3.5774, "bus_lcSublane": 0.964, "bus_sigma": 0.4674, "bus_tau_mean": 0.904, "bus_tau_std": 0.5998, "bus_v_mean": 12.2986, "bus_v_std": 4.2172, "car_acc": 2.866, "car_dcc": 1.2536, "car_lcAssertive": 54.3251, "car_lcCooperative": 0.6914, "car_lcLookaheadLeft": 49.0451, "car_lcPushy": 0.443, "car_lcSigma": 0.1021, "car_lcSpeedGainRight": 4.0819, "car_lcSublane": 0.6972, "car_sigma": 0.4999, "car_tau_mean": 2.0845, "car_tau_std": 3.621, "car_v_mean": 13.0417, "car_v_std": 6.9473}, "datetime": {"datetime": "2024-08-12 01:12:40", "elapsed": 1800.269061, "delta": 2.545203}}
{"target": -0.6751018858408767, "params": {"bus_acc": 3.1219, "bus_dcc": 2.1381, "bus_lcAssertive": 36.9446, "bus_lcCooperative": 0.7086, "bus_lcLookaheadLeft": 84.3488, "bus_lcPushy": 0.2223, "bus_lcSigma": 0.2785, "bus_lcSpeedGainRight": 0.8348, "bus_lcSublane": 0.0406, "bus_sigma": 0.0891, "bus_tau_mean": 2.3296, "bus_tau_std": 5.6653, "bus_v_mean": 25.9033, "bus_v_std": 1.6063, "car_acc": 3.2798, "car_dcc": 1.626, "car_lcAssertive": 90.8183, "car_lcCooperative": 0.0878, "car_lcLookaheadLeft": 78.4075, "car_lcPushy": 0.232, "car_lcSigma": 0.8008, "car_lcSpeedGainRight": 4.9704, "car_lcSublane": 0.5471, "car_sigma": 0.3817, "car_tau_mean": 1.8286, "car_tau_std": 9.6319, "car_v_mean": 9.7695, "car_v_std": 16.9849}, "datetime": {"datetime": "2024-08-12 01:12:43", "elapsed": 1803.797802, "delta": 3.528741}}
{"target": -0.6401465214416032, "params": {"bus_acc": 2.605, "bus_dcc": 1.4266, "bus_lcAssertive": 65.2079, "bus_lcCooperative": 0.8147, "bus_lcLookaheadLeft": 24.5936, "bus_lcPushy": 0.4618, "bus_lcSigma": 0.5299, "bus_lcSpeedGainRight": 4.6952, "bus_lcSublane": 0.3499, "bus_sigma": 0.5383, "bus_tau_mean": 1.4309, "bus_tau_std": 2.2926, "bus_v_mean": 8.3506, "bus_v_std": 10.1718, "car_acc": 2.8729, "car_dcc": 1.246, "car_lcAssertive": 42.9995, "car_lcCooperative": 0.8318, "car_lcLookaheadLeft": 43.0516, "car_lcPushy": 0.4595, "car_lcSigma": 0.6144, "car_lcSpeedGainRight": 2.5559, "car_lcSublane": 0.7376, "car_sigma": 0.4438, "car_tau_mean": 3.1303, "car_tau_std": 7.6952, "car_v_mean": 14.3708, "car_v_std": 14.2652}, "datetime": {"datetime": "2024-08-12 01:12:49", "elapsed": 1809.720361, "delta": 5.922559}}
{"target": -0.5740965392446868, "params": {"bus_acc": 2.0536, "bus_dcc": 2.1789, "bus_lcAssertive": 33.4708, "bus_lcCooperative": 0.6459, "bus_lcLookaheadLeft": 44.7613, "bus_lcPushy": 0.7741, "bus_lcSigma": 0.8151, "bus_lcSpeedGainRight": 0.482, "bus_lcSublane": 0.3059, "bus_sigma": 0.1261, "bus_tau_mean": 2.2939, "bus_tau_std": 5.879, "bus_v_mean": 23.4418, "bus_v_std": 5.1261, "car_acc": 1.8723, "car_dcc": 2.2155, "car_lcAssertive": 24.7536, "car_lcCooperative": 0.2396, "car_lcLookaheadLeft": 24.8117, "car_lcPushy": 0.2466, "car_lcSigma": 0.7242, "car_lcSpeedGainRight": 2.789, "car_lcSublane": 0.5822, "car_sigma": 0.0136, "car_tau_mean": 3.9754, "car_tau_std": 9.3548, "car_v_mean": 12.6518, "car_v_std": 6.5493}, "datetime": {"datetime": "2024-08-12 01:12:55", "elapsed": 1815.949389, "delta": 6.229028}}
{"target": -0.5275848830583394, "params": {"bus_acc": 2.5936, "bus_dcc": 3.7687, "bus_lcAssertive": 44.5856, "bus_lcCooperative": 0.5792, "bus_lcLookaheadLeft": 28.2782, "bus_lcPushy": 0.5523, "bus_lcSigma": 0.9867, "bus_lcSpeedGainRight": 0.8633, "bus_lcSublane": 0.1704, "bus_sigma": 0.9137, "bus_tau_mean": 1.8636, "bus_tau_std": 5.628, "bus_v_mean": 12.1902, "bus_v_std": 5.042, "car_acc": 1.3722, "car_dcc": 0.7201, "car_lcAssertive": 9.7854, "car_lcCooperative": 0.0436, "car_lcLookaheadLeft": 58.3205, "car_lcPushy": 0.4952, "car_lcSigma": 0.3501, "car_lcSpeedGainRight": 2.4822, "car_lcSublane": 0.8728, "car_sigma": 0.1244, "car_tau_mean": 1.8937, "car_tau_std": 4.684, "car_v_mean": 19.267, "car_v_std": 7.0882}, "datetime": {"datetime": "2024-08-12 01:13:00", "elapsed": 1820.253734, "delta": 4.304345}}
{"target": -0.5960224495430025, "params": {"bus_acc": 1.083, "bus_dcc": 1.901, "bus_lcAssertive": 54.9419, "bus_lcCooperative": 0.2402, "bus_lcLookaheadLeft": 64.1816, "bus_lcPushy": 0.6529, "bus_lcSigma": 0.4658, "bus_lcSpeedGainRight": 3.3267, "bus_lcSublane": 0.1952, "bus_sigma": 0.8071, "bus_tau_mean": 1.3718, "bus_tau_std": 9.9781, "bus_v_mean": 9.6048, "bus_v_std": 19.2155, "car_acc": 1.5411, "car_dcc": 3.7974, "car_lcAssertive": 88.6454, "car_lcCooperative": 0.4371, "car_lcLookaheadLeft": 72.8163, "car_lcPushy": 0.0338, "car_lcSigma": 0.5712, "car_lcSpeedGainRight": 2.4423, "car_lcSublane": 0.1955, "car_sigma": 0.7551, "car_tau_mean": 3.5382, "car_tau_std": 1.199, "car_v_mean": 9.0076, "car_v_std": 15.7411}, "datetime": {"datetime": "2024-08-12 01:13:04", "elapsed": 1824.599193, "delta": 4.345459}}
{"target": -0.5456680566074307, "params": {"bus_acc": 2.5037, "bus_dcc": 1.1931, "bus_lcAssertive": 30.0204, "bus_lcCooperative": 0.1012, "bus_lcLookaheadLeft": 52.2456, "bus_lcPushy": 0.907, "bus_lcSigma": 0.9215, "bus_lcSpeedGainRight": 4.1778, "bus_lcSublane": 0.8838, "bus_sigma": 0.6035, "bus_tau_mean": 2.9577, "bus_tau_std": 8.5847, "bus_v_mean": 17.8155, "bus_v_std": 5.4189, "car_acc": 1.1765, "car_dcc": 3.5844, "car_lcAssertive": 37.9374, "car_lcCooperative": 0.3825, "car_lcLookaheadLeft": 22.0128, "car_lcPushy": 0.5752, "car_lcSigma": 0.8535, "car_lcSpeedGainRight": 0.5236, "car_lcSublane": 0.2052, "car_sigma": 0.4617, "car_tau_mean": 1.2689, "car_tau_std": 0.8983, "car_v_mean": 12.7319, "car_v_std": 9.278}, "datetime": {"datetime": "2024-08-12 01:13:09", "elapsed": 1829.921491, "delta": 5.322298}}
{"target": -0.6931027663606347, "params": {"bus_acc": 3.6871, "bus_dcc": 1.2149, "bus_lcAssertive": 8.9062, "bus_lcCooperative": 0.4869, "bus_lcLookaheadLeft": 3.8443, "bus_lcPushy": 0.2185, "bus_lcSigma": 0.3503, "bus_lcSpeedGainRight": 1.7605, "bus_lcSublane": 0.3053, "bus_sigma": 0.2248, "bus_tau_mean": 2.9909, "bus_tau_std": 0.5961, "bus_v_mean": 9.6295, "bus_v_std": 12.9067, "car_acc": 0.3783, "car_dcc": 0.731, "car_lcAssertive": 32.7434, "car_lcCooperative": 0.0458, "car_lcLookaheadLeft": 68.8049, "car_lcPushy": 0.942, "car_lcSigma": 0.7235, "car_lcSpeedGainRight": 0.1151, "car_lcSublane": 0.0577, "car_sigma": 0.0687, "car_tau_mean": 0.8761, "car_tau_std": 8.1553, "car_v_mean": 13.549, "car_v_std": 11.8945}, "datetime": {"datetime": "2024-08-12 01:13:15", "elapsed": 1835.537248, "delta": 5.615757}}
{"target": -0.44896623221074167, "params": {"bus_acc": 0.3773, "bus_dcc": 1.2879, "bus_lcAssertive": 23.554, "bus_lcCooperative": 0.0301, "bus_lcLookaheadLeft": 79.2694, "bus_lcPushy": 0.2326, "bus_lcSigma": 0.4129, "bus_lcSpeedGainRight": 1.9072, "bus_lcSublane": 0.1601, "bus_sigma": 0.3488, "bus_tau_mean": 2.9415, "bus_tau_std": 8.4742, "bus_v_mean": 12.8705, "bus_v_std": 9.3395, "car_acc": 0.4435, "car_dcc": 1.4166, "car_lcAssertive": 84.9391, "car_lcCooperative": 0.6637, "car_lcLookaheadLeft": 24.3477, "car_lcPushy": 0.328, "car_lcSigma": 0.6979, "car_lcSpeedGainRight": 1.7153, "car_lcSublane": 0.6524, "car_sigma": 0.5257, "car_tau_mean": 0.9064, "car_tau_std": 3.3425, "car_v_mean": 15.2968, "car_v_std": 14.0829}, "datetime": {"datetime": "2024-08-12 01:13:19", "elapsed": 1840.080906, "delta": 4.543658}}
{"target": -0.5831891617255665, "params": {"bus_acc": 2.6495, "bus_dcc": 0.8788, "bus_lcAssertive": 91.4461, "bus_lcCooperative": 0.4016, "bus_lcLookaheadLeft": 9.19, "bus_lcPushy": 0.8582, "bus_lcSigma": 0.0864, "bus_lcSpeedGainRight": 2.7049, "bus_lcSublane": 0.3297, "bus_sigma": 0.5886, "bus_tau_mean": 3.4159, "bus_tau_std": 7.2647, "bus_v_mean": 15.1077, "bus_v_std": 8.405, "car_acc": 3.7403, "car_dcc": 2.9372, "car_lcAssertive": 59.4851, "car_lcCooperative": 0.9557, "car_lcLookaheadLeft": 12.1539, "car_lcPushy": 0.3103, "car_lcSigma": 0.2783, "car_lcSpeedGainRight": 0.5298, "car_lcSublane": 0.9096, "car_sigma": 0.1735, "car_tau_mean": 1.5184, "car_tau_std": 2.9167, "car_v_mean": 18.6752, "car_v_std": 3.6418}, "datetime": {"datetime": "2024-08-12 01:13:24", "elapsed": 1844.695939, "delta": 4.615033}}
{"target": -0.5059019247826976, "params": {"bus_acc": 2.0252, "bus_dcc": 3.4299, "bus_lcAssertive": 25.1853, "bus_lcCooperative": 0.5007, "bus_lcLookaheadLeft": 56.4596, "bus_lcPushy": 0.2945, "bus_lcSigma": 0.712, "bus_lcSpeedGainRight": 1.9753, "bus_lcSublane": 0.822, "bus_sigma": 0.5022, "bus_tau_mean": 0.6262, "bus_tau_std": 7.8909, "bus_v_mean": 18.6131, "bus_v_std": 7.6015, "car_acc": 3.432, "car_dcc": 3.0636, "car_lcAssertive": 50.5356, "car_lcCooperative": 0.0494, "car_lcLookaheadLeft": 35.0769, "car_lcPushy": 0.2725, "car_lcSigma": 0.5941, "car_lcSpeedGainRight": 0.5502, "car_lcSublane": 0.2929, "car_sigma": 0.1692, "car_tau_mean": 1.6214, "car_tau_std": 4.5656, "car_v_mean": 19.0023, "car_v_std": 9.4012}, "datetime": {"datetime": "2024-08-12 01:13:27", "elapsed": 1847.42919, "delta": 2.733251}}
{"target": -0.7031533843046951, "params": {"bus_acc": 3.0041, "bus_dcc": 2.2452, "bus_lcAssertive": 92.6648, "bus_lcCooperative": 0.9395, "bus_lcLookaheadLeft": 86.891, "bus_lcPushy": 0.2447, "bus_lcSigma": 0.6145, "bus_lcSpeedGainRight": 2.7369, "bus_lcSublane": 0.0986, "bus_sigma": 0.7862, "bus_tau_mean": 1.4799, "bus_tau_std": 4.8281, "bus_v_mean": 20.6041, "bus_v_std": 16.5628, "car_acc": 3.9479, "car_dcc": 1.4088, "car_lcAssertive": 37.5185, "car_lcCooperative": 0.1048, "car_lcLookaheadLeft": 41.876, "car_lcPushy": 0.445, "car_lcSigma": 0.9702, "car_lcSpeedGainRight": 1.4155, "car_lcSublane": 0.0705, "car_sigma": 0.0345, "car_tau_mean": 0.8299, "car_tau_std": 7.277, "car_v_mean": 22.2858, "car_v_std": 8.2294}, "datetime": {"datetime": "2024-08-12 01:13:31", "elapsed": 1851.345434, "delta": 3.916244}}
{"target": -0.37442067855426336, "params": {"bus_acc": 3.6994, "bus_dcc": 3.3665, "bus_lcAssertive": 22.6348, "bus_lcCooperative": 0.878, "bus_lcLookaheadLeft": 88.6734, "bus_lcPushy": 0.1226, "bus_lcSigma": 0.7514, "bus_lcSpeedGainRight": 2.0783, "bus_lcSublane": 0.0138, "bus_sigma": 0.1742, "bus_tau_mean": 1.051, "bus_tau_std": 2.7198, "bus_v_mean": 14.0263, "bus_v_std": 5.0018, "car_acc": 0.4862, "car_dcc": 1.6829, "car_lcAssertive": 80.187, "car_lcCooperative": 0.7892, "car_lcLookaheadLeft": 50.4445, "car_lcPushy": 0.7361, "car_lcSigma": 0.2146, "car_lcSpeedGainRight": 4.6243, "car_lcSublane": 0.9215, "car_sigma": 0.7989, "car_tau_mean": 2.4576, "car_tau_std": 5.8438, "car_v_mean": 15.3717, "car_v_std": 1.3337}, "datetime": {"datetime": "2024-08-12 01:13:35", "elapsed": 1855.735171, "delta": 4.389737}}
{"target": -0.6201139876816457, "params": {"bus_acc": 2.1673, "bus_dcc": 0.3075, "bus_lcAssertive": 28.2214, "bus_lcCooperative": 0.0314, "bus_lcLookaheadLeft": 81.8177, "bus_lcPushy": 0.8594, "bus_lcSigma": 0.3768, "bus_lcSpeedGainRight": 1.6131, "bus_lcSublane": 0.7429, "bus_sigma": 0.4533, "bus_tau_mean": 3.7987, "bus_tau_std": 0.5563, "bus_v_mean": 17.1843, "bus_v_std": 1.9058, "car_acc": 1.7413, "car_dcc": 1.0367, "car_lcAssertive": 32.0803, "car_lcCooperative": 0.0846, "car_lcLookaheadLeft": 96.6071, "car_lcPushy": 0.1764, "car_lcSigma": 0.1459, "car_lcSpeedGainRight": 1.0392, "car_lcSublane": 0.6967, "car_sigma": 0.7983, "car_tau_mean": 1.8288, "car_tau_std": 9.8397, "car_v_mean": 17.2654, "car_v_std": 10.5835}, "datetime": {"datetime": "2024-08-12 01:13:38", "elapsed": 1858.686526, "delta": 2.951355}}
{"target": -0.6847077545676526, "params": {"bus_acc": 0.7074, "bus_dcc": 3.7237, "bus_lcAssertive": 84.6938, "bus_lcCooperative": 0.9171, "bus_lcLookaheadLeft": 52.2704, "bus_lcPushy": 0.258, "bus_lcSigma": 0.7992, "bus_lcSpeedGainRight": 0.9292, "bus_lcSublane": 0.0398, "bus_sigma": 0.3597, "bus_tau_mean": 0.8251, "bus_tau_std": 2.0326, "bus_v_mean": 8.8835, "bus_v_std": 14.9573, "car_acc": 2.3842, "car_dcc": 2.4079, "car_lcAssertive": 30.1276, "car_lcCooperative": 0.3966, "car_lcLookaheadLeft": 52.4215, "car_lcPushy": 0.1381, "car_lcSigma": 0.0884, "car_lcSpeedGainRight": 0.1453, "car_lcSublane": 0.0712, "car_sigma": 0.845, "car_tau_mean": 2.7397, "car_tau_std": 0.1538, "car_v_mean": 19.3896, "car_v_std": 14.6613}, "datetime": {"datetime": "2024-08-12 01:13:42", "elapsed": 1862.468118, "delta": 3.781592}}
{"target": -0.6212828941431368, "params": {"bus_acc": 0.4561, "bus_dcc": 1.8986, "bus_lcAssertive": 20.1135, "bus_lcCooperative": 0.5975, "bus_lcLookaheadLeft": 62.7987, "bus_lcPushy": 0.0053, "bus_lcSigma": 0.2265, "bus_lcSpeedGainRight": 2.6012, "bus_lcSublane": 0.3029, "bus_sigma": 0.7918, "bus_tau_mean": 3.7456, "bus_tau_std": 3.0438, "bus_v_mean": 18.1252, "bus_v_std": 15.5468, "car_acc": 1.5522, "car_dcc": 1.3312, "car_lcAssertive": 83.3132, "car_lcCooperative": 0.7071, "car_lcLookaheadLeft": 59.8637, "car_lcPushy": 0.8581, "car_lcSigma": 0.4049, "car_lcSpeedGainRight": 4.0778, "car_lcSublane": 0.4962, "car_sigma": 0.4242, "car_tau_mean": 2.7607, "car_tau_std": 2.9884, "car_v_mean": 16.8248, "car_v_std": 11.4679}, "datetime": {"datetime": "2024-08-12 01:13:45", "elapsed": 1866.161065, "delta": 3.692947}}
{"target": -0.7148690725207639, "params": {"bus_acc": 2.1202, "bus_dcc": 1.7078, "bus_lcAssertive": 6.1655, "bus_lcCooperative": 0.7591, "bus_lcLookaheadLeft": 2.0688, "bus_lcPushy": 0.3157, "bus_lcSigma": 0.6679, "bus_lcSpeedGainRight": 2.2044, "bus_lcSublane": 0.1679, "bus_sigma": 0.8861, "bus_tau_mean": 3.5529, "bus_tau_std": 2.5722, "bus_v_mean": 15.9202, "bus_v_std": 0.6348, "car_acc": 2.6216, "car_dcc": 1.9101, "car_lcAssertive": 67.8599, "car_lcCooperative": 0.6991, "car_lcLookaheadLeft": 15.2129, "car_lcPushy": 0.4054, "car_lcSigma": 0.0571, "car_lcSpeedGainRight": 3.3, "car_lcSublane": 0.2484, "car_sigma": 0.6974, "car_tau_mean": 2.2924, "car_tau_std": 6.4349, "car_v_mean": 19.9355, "car_v_std": 5.3671}, "datetime": {"datetime": "2024-08-12 01:13:50", "elapsed": 1870.729701, "delta": 4.568636}}
{"target": -0.6735238117252237, "params": {"bus_acc": 1.6566, "bus_dcc": 1.5448, "bus_lcAssertive": 7.6317, "bus_lcCooperative": 0.8623, "bus_lcLookaheadLeft": 18.3692, "bus_lcPushy": 0.1755, "bus_lcSigma": 0.4486, "bus_lcSpeedGainRight": 2.3438, "bus_lcSublane": 0.21, "bus_sigma": 0.6676, "bus_tau_mean": 0.5141, "bus_tau_std": 4.5222, "bus_v_mean": 18.4465, "bus_v_std": 8.9712, "car_acc": 1.3045, "car_dcc": 0.9301, "car_lcAssertive": 10.8645, "car_lcCooperative": 0.1922, "car_lcLookaheadLeft": 52.3673, "car_lcPushy": 0.2127, "car_lcSigma": 0.9784, "car_lcSpeedGainRight": 1.8111, "car_lcSublane": 0.6067, "car_sigma": 0.5917, "car_tau_mean": 3.2758, "car_tau_std": 1.0232, "car_v_mean": 12.8223, "car_v_std": 0.2665}, "datetime": {"datetime": "2024-08-12 01:13:53", "elapsed": 1873.255362, "delta": 2.525661}}
{"target": -0.7138444779209226, "params": {"bus_acc": 1.6302, "bus_dcc": 0.4114, "bus_lcAssertive": 14.6931, "bus_lcCooperative": 0.4213, "bus_lcLookaheadLeft": 60.2545, "bus_lcPushy": 0.6026, "bus_lcSigma": 0.7146, "bus_lcSpeedGainRight": 2.9298, "bus_lcSublane": 0.1406, "bus_sigma": 0.2403, "bus_tau_mean": 2.3991, "bus_tau_std": 6.5733, "bus_v_mean": 25.8441, "bus_v_std": 19.014, "car_acc": 2.6875, "car_dcc": 2.739, "car_lcAssertive": 66.0202, "car_lcCooperative": 0.6803, "car_lcLookaheadLeft": 91.5512, "car_lcPushy": 0.2777, "car_lcSigma": 0.9148, "car_lcSpeedGainRight": 3.275, "car_lcSublane": 0.6846, "car_sigma": 0.7711, "car_tau_mean": 1.0729, "car_tau_std": 4.3567, "car_v_mean": 11.8157, "car_v_std": 6.5737}, "datetime": {"datetime": "2024-08-12 01:13:55", "elapsed": 1875.962737, "delta": 2.707375}}
{"target": -0.80188675919076, "params": {"bus_acc": 1.756, "bus_dcc": 0.2765, "bus_lcAssertive": 69.6284, "bus_lcCooperative": 0.678, "bus_lcLookaheadLeft": 37.3735, "bus_lcPushy": 0.1732, "bus_lcSigma": 0.0326, "bus_lcSpeedGainRight": 2.7768, "bus_lcSublane": 0.9018, "bus_sigma": 0.6824, "bus_tau_mean": 2.3352, "bus_tau_std": 0.4582, "bus_v_mean": 17.0979, "bus_v_std": 16.785, "car_acc": 1.856, "car_dcc": 1.1668, "car_lcAssertive": 56.4685, "car_lcCooperative": 0.6939, "car_lcLookaheadLeft": 94.8036, "car_lcPushy": 0.4173, "car_lcSigma": 0.2699, "car_lcSpeedGainRight": 0.3349, "car_lcSublane": 0.5478, "car_sigma": 0.8672, "car_tau_mean": 1.5528, "car_tau_std": 3.0305, "car_v_mean": 18.3574, "car_v_std": 13.0495}, "datetime": {"datetime": "2024-08-12 01:14:02", "elapsed": 1882.82171, "delta": 6.858973}}
{"target": -0.6264416347262044, "params": {"bus_acc": 3.5961, "bus_dcc": 3.9506, "bus_lcAssertive": 10.9568, "bus_lcCooperative": 0.7943, "bus_lcLookaheadLeft": 70.3796, "bus_lcPushy": 0.9466, "bus_lcSigma": 0.0583, "bus_lcSpeedGainRight": 1.1984, "bus_lcSublane": 0.4945, "bus_sigma": 0.5651, "bus_tau_mean": 1.7857, "bus_tau_std": 7.1184, "bus_v_mean": 9.0479, "bus_v_std": 4.91, "car_acc": 3.5978, "car_dcc": 3.6196, "car_lcAssertive": 33.0576, "car_lcCooperative": 0.2261, "car_lcLookaheadLeft": 50.315, "car_lcPushy": 0.6123, "car_lcSigma": 0.5498, "car_lcSpeedGainRight": 1.8812, "car_lcSublane": 0.5189, "car_sigma": 0.5599, "car_tau_mean": 3.6147, "car_tau_std": 2.8157, "car_v_mean": 12.4709, "car_v_std": 7.4699}, "datetime": {"datetime": "2024-08-12 01:14:06", "elapsed": 1886.826857, "delta": 4.005147}}
{"target": -0.719166761056733, "params": {"bus_acc": 1.3428, "bus_dcc": 1.6099, "bus_lcAssertive": 76.8559, "bus_lcCooperative": 0.3162, "bus_lcLookaheadLeft": 72.7436, "bus_lcPushy": 0.624, "bus_lcSigma": 0.1105, "bus_lcSpeedGainRight": 4.3206, "bus_lcSublane": 0.8672, "bus_sigma": 0.0431, "bus_tau_mean": 3.7495, "bus_tau_std": 8.0433, "bus_v_mean": 10.0215, "bus_v_std": 0.3628, "car_acc": 0.7579, "car_dcc": 0.5206, "car_lcAssertive": 9.5859, "car_lcCooperative": 0.3849, "car_lcLookaheadLeft": 57.3325, "car_lcPushy": 0.8493, "car_lcSigma": 0.1189, "car_lcSpeedGainRight": 2.2834, "car_lcSublane": 0.3276, "car_sigma": 0.2356, "car_tau_mean": 0.5691, "car_tau_std": 7.1053, "car_v_mean": 9.554, "car_v_std": 15.099}, "datetime": {"datetime": "2024-08-12 01:14:13", "elapsed": 1893.350566, "delta": 6.523709}}
{"target": -0.9431751361870596, "params": {"bus_acc": 3.7552, "bus_dcc": 2.6802, "bus_lcAssertive": 64.5682, "bus_lcCooperative": 0.1038, "bus_lcLookaheadLeft": 48.3541, "bus_lcPushy": 0.9591, "bus_lcSigma": 0.5128, "bus_lcSpeedGainRight": 0.0005, "bus_lcSublane": 0.3495, "bus_sigma": 0.5306, "bus_tau_mean": 1.9582, "bus_tau_std": 0.7283, "bus_v_mean": 16.8542, "bus_v_std": 14.6929, "car_acc": 3.6119, "car_dcc": 0.5582, "car_lcAssertive": 10.7436, "car_lcCooperative": 0.3254, "car_lcLookaheadLeft": 20.3139, "car_lcPushy": 0.8456, "car_lcSigma": 0.5159, "car_lcSpeedGainRight": 1.7337, "car_lcSublane": 0.8012, "car_sigma": 0.8628, "car_tau_mean": 2.5535, "car_tau_std": 5.3648, "car_v_mean": 10.3355, "car_v_std": 4.78}, "datetime": {"datetime": "2024-08-12 01:14:16", "elapsed": 1897.161654, "delta": 3.811088}}
{"target": -0.5967343301430147, "params": {"bus_acc": 1.0752, "bus_dcc": 1.3606, "bus_lcAssertive": 54.2706, "bus_lcCooperative": 0.0634, "bus_lcLookaheadLeft": 54.5615, "bus_lcPushy": 0.569, "bus_lcSigma": 0.4286, "bus_lcSpeedGainRight": 4.7669, "bus_lcSublane": 0.0426, "bus_sigma": 0.8772, "bus_tau_mean": 2.7932, "bus_tau_std": 8.6373, "bus_v_mean": 19.7781, "bus_v_std": 19.2424, "car_acc": 1.9318, "car_dcc": 1.8292, "car_lcAssertive": 29.535, "car_lcCooperative": 0.1058, "car_lcLookaheadLeft": 8.8387, "car_lcPushy": 0.0782, "car_lcSigma": 0.3806, "car_lcSpeedGainRight": 2.9223, "car_lcSublane": 0.5782, "car_sigma": 0.3418, "car_tau_mean": 2.1576, "car_tau_std": 8.2607, "car_v_mean": 13.3415, "car_v_std": 12.2849}, "datetime": {"datetime": "2024-08-12 01:14:21", "elapsed": 1901.758956, "delta": 4.597302}}
