{"target": -0.41411642316017633, "params": {"bus_acc": 3.183627999218766, "bus_dcc": 3.105959548012587, "bus_lcAssertive": 67.86930405212397, "bus_lcCooperative": 0.7955027102986651, "bus_lcLookaheadLeft": 5.9217429959190815, "bus_lcPushy": 0.264681631716854, "bus_lcSigma": 0.6953975359715524, "bus_lcSpeedGainRight": 4.334941648038719, "bus_lcSublane": 0.6746068718168242, "bus_sigma": 0.17627612798343162, "bus_tau_mean": 3.7770796098099257, "bus_tau_std": 9.033787001108529, "bus_v_mean": 9.560217790521914, "bus_v_std": 3.86000075148506, "car_acc": 1.2457335163200014, "car_dcc": 3.005965108297506, "car_lcAssertive": 86.07795950178485, "car_lcCooperative": 0.5783223874515512, "car_lcLookaheadLeft": 21.565265923862896, "car_lcPushy": 0.41508988762136245, "car_lcSigma": 0.13785920026410714, "car_lcSpeedGainRight": 4.5869809342921215, "car_lcSublane": 0.7645309404104735, "car_sigma": 0.5102138338060775, "car_tau_mean": 2.087512651097933, "car_tau_std": 0.978420783455699, "car_v_mean": 13.73615641340589, "car_v_std": 2.412655907147929}, "datetime": {"datetime": "2024-08-12 00:44:37", "elapsed": 117.737816, "delta": 1.560317}}
{"target": -0.6657303908011847, "params": {"bus_acc": 2.5506828217338384, "bus_dcc": 0.773726786462654, "bus_lcAssertive": 76.31944317426985, "bus_lcCooperative": 0.781045822193957, "bus_lcLookaheadLeft": 90.60209261955288, "bus_lcPushy": 0.23376869260410593, "bus_lcSigma": 0.17667889307234141, "bus_lcSpeedGainRight": 1.9554956155338121, "bus_lcSublane": 0.3205646539951602, "bus_sigma": 0.8154769290056262, "bus_tau_mean": 2.647340648839511, "bus_tau_std": 7.600017523497488, "bus_v_mean": 15.697971794545357, "bus_v_std": 1.9888112583117845, "car_acc": 0.6371330457909357, "car_dcc": 1.618947100601342, "car_lcAssertive": 20.19092898344121, "car_lcCooperative": 0.8207464986229382, "car_lcLookaheadLeft": 60.764328825524245, "car_lcPushy": 0.688845259018665, "car_lcSigma": 0.4911099613042962, "car_lcSpeedGainRight": 0.4408684062109053, "car_lcSublane": 0.23507763668617032, "car_sigma": 0.461602080891622, "car_tau_mean": 1.195070260688742, "car_tau_std": 0.254762357788203, "car_v_mean": 21.129158568610748, "car_v_std": 14.498334944382382}, "datetime": {"datetime": "2024-08-12 00:44:38", "elapsed": 118.878415, "delta": 1.140599}}
{"target": -0.7035958959091069, "params": {"bus_acc": 2.8341393218378745, "bus_dcc": 2.432441021531555, "bus_lcAssertive": 64.53316890252607, "bus_lcCooperative": 0.37408018773825613, "bus_lcLookaheadLeft": 28.9952786117102, "bus_lcPushy": 0.5094085814387623, "bus_lcSigma": 0.8858231171497215, "bus_lcSpeedGainRight": 2.8264483518278416, "bus_lcSublane": 0.6631488914643168, "bus_sigma": 0.44137923095350085, "bus_tau_mean": 3.9024868049250827, "bus_tau_std": 7.425224523517098, "bus_v_mean": 14.388245195313921, "bus_v_std": 13.070620653273188, "car_acc": 2.2619423651125374, "car_dcc": 3.5594136070390068, "car_lcAssertive": 28.230351055475758, "car_lcCooperative": 0.10806748517233733, "car_lcLookaheadLeft": 20.74466107063467, "car_lcPushy": 0.38704623260508586, "car_lcSigma": 0.8540597949343145, "car_lcSpeedGainRight": 1.354224569179583, "car_lcSublane": 0.6263588032086836, "car_sigma": 0.6235518010455583, "car_tau_mean": 1.9281649737177504, "car_tau_std": 0.5033512965945175, "car_v_mean": 21.407009714584866, "car_v_std": 5.914510688477623}, "datetime": {"datetime": "2024-08-12 00:44:45", "elapsed": 125.5812, "delta": 6.702785}}
{"target": -0.7581614939214748, "params": {"bus_acc": 3.5186279093395822, "bus_dcc": 1.1296094497329907, "bus_lcAssertive": 63.3311877151724, "bus_lcCooperative": 0.034431265307095615, "bus_lcLookaheadLeft": 52.587449185552764, "bus_lcPushy": 0.8632264817138495, "bus_lcSigma": 0.9841265438849168, "bus_lcSpeedGainRight": 0.04936487679459256, "bus_lcSublane": 0.2528414820768151, "bus_sigma": 0.22384967032752534, "bus_tau_mean": 0.6663815797971617, "bus_tau_std": 0.10172456261775653, "bus_v_mean": 16.823515620396172, "bus_v_std": 0.9096429134058814, "car_acc": 1.2576468972182275, "car_dcc": 2.631903362613867, "car_lcAssertive": 30.17451211452952, "car_lcCooperative": 0.26965470115905144, "car_lcLookaheadLeft": 59.873559179869574, "car_lcPushy": 0.38053407720964005, "car_lcSigma": 0.7025230339614009, "car_lcSpeedGainRight": 2.4806197562493053, "car_lcSublane": 0.6332092658064775, "car_sigma": 0.3533943470016294, "car_tau_mean": 1.5046538115442802, "car_tau_std": 1.3320711375110195, "car_v_mean": 24.86744692638136, "car_v_std": 16.09671692031589}, "datetime": {"datetime": "2024-08-12 00:44:52", "elapsed": 132.295953, "delta": 6.714753}}
{"target": -0.5550483732589245, "params": {"bus_acc": 2.924138921800419, "bus_dcc": 3.585872026310888, "bus_lcAssertive": 3.701435128229413, "bus_lcCooperative": 0.5220512472525107, "bus_lcLookaheadLeft": 33.94700155346248, "bus_lcPushy": 0.8594893208655858, "bus_lcSigma": 0.5585165509225178, "bus_lcSpeedGainRight": 3.4511393408137394, "bus_lcSublane": 0.45285349995153745, "bus_sigma": 0.6283090375213571, "bus_tau_mean": 1.5153389809059905, "bus_tau_std": 0.09348577966515781, "bus_v_mean": 18.381606829767634, "bus_v_std": 6.228884282649256, "car_acc": 2.1656168743042934, "car_dcc": 3.6823422416048115, "car_lcAssertive": 43.221004061638205, "car_lcCooperative": 0.2473960366023854, "car_lcLookaheadLeft": 38.386788605347334, "car_lcPushy": 0.9318611166365406, "car_lcSigma": 0.9368683813090937, "car_lcSpeedGainRight": 4.221649742828566, "car_lcSublane": 0.9202065143056605, "car_sigma": 0.22790028995131695, "car_tau_mean": 0.806187733437568, "car_tau_std": 2.2730973628468876, "car_v_mean": 13.658779090052908, "car_v_std": 3.4953175271262316}, "datetime": {"datetime": "2024-08-12 00:44:59", "elapsed": 139.69992, "delta": 7.403967}}
{"target": -0.663219589352526, "params": {"bus_acc": 2.313712889163592, "bus_dcc": 0.7185298575106032, "bus_lcAssertive": 6.931851261708954, "bus_lcCooperative": 0.12134345574073735, "bus_lcLookaheadLeft": 6.366084097386649, "bus_lcPushy": 0.1074941291060929, "bus_lcSigma": 0.2257093386078547, "bus_lcSpeedGainRight": 3.564944901913383, "bus_lcSublane": 0.5597169820541424, "bus_sigma": 0.012555980159115854, "bus_tau_mean": 0.7519099789132038, "bus_tau_std": 9.672763300002721, "bus_v_mean": 18.225808314558957, "bus_v_std": 4.06586469321981, "car_acc": 1.158837829367229, "car_dcc": 3.0265382454853533, "car_lcAssertive": 20.34751862982256, "car_lcCooperative": 0.5813589272732578, "car_lcLookaheadLeft": 97.06195893065461, "car_lcPushy": 0.8468288014900353, "car_lcSigma": 0.23984775914758616, "car_lcSpeedGainRight": 2.4688485713436497, "car_lcSublane": 0.6199557183813798, "car_sigma": 0.8289808995501787, "car_tau_mean": 1.048769881261295, "car_tau_std": 0.18576202177409518, "car_v_mean": 9.260398586946001, "car_v_std": 9.726902218740637}, "datetime": {"datetime": "2024-08-12 00:45:00", "elapsed": 140.650857, "delta": 0.950937}}
{"target": -1.0826355853802054, "params": {"bus_acc": 2.079658022806254, "bus_dcc": 1.3971029380805566, "bus_lcAssertive": 54.99846984483864, "bus_lcCooperative": 0.6824780792979444, "bus_lcLookaheadLeft": 23.595956313062093, "bus_lcPushy": 0.48533745396838057, "bus_lcSigma": 0.9929813576374784, "bus_lcSpeedGainRight": 1.6208065159061746, "bus_lcSublane": 0.03536191949131395, "bus_sigma": 0.8173517292840132, "bus_tau_mean": 2.2615737425988183, "bus_tau_std": 0.527838561185705, "bus_v_mean": 24.02549049003634, "bus_v_std": 8.090287599607155, "car_acc": 3.731238092133508, "car_dcc": 1.7278970604421338, "car_lcAssertive": 8.606396192693403, "car_lcCooperative": 0.2453011441199927, "car_lcLookaheadLeft": 36.32552955930588, "car_lcPushy": 0.7507282923552251, "car_lcSigma": 0.18474815234928366, "car_lcSpeedGainRight": 2.1548682686293716, "car_lcSublane": 0.8732454198159687, "car_sigma": 0.5337610913727832, "car_tau_mean": 0.8610415191216982, "car_tau_std": 0.24522487054632225, "car_v_mean": 20.704576420898874, "car_v_std": 19.582549819164342}, "datetime": {"datetime": "2024-08-12 00:45:01", "elapsed": 142.02131, "delta": 1.370453}}
{"target": -0.507098835276126, "params": {"bus_acc": 0.6724, "bus_dcc": 3.3487, "bus_lcAssertive": 79.2247, "bus_lcCooperative": 0.3798, "bus_lcLookaheadLeft": 69.7891, "bus_lcPushy": 0.1596, "bus_lcSigma": 0.297, "bus_lcSpeedGainRight": 1.5042, "bus_lcSublane": 0.5476, "bus_sigma": 0.9948, "bus_tau_mean": 1.1876, "bus_tau_std": 8.0887, "bus_v_mean": 18.6427, "bus_v_std": 9.4856, "car_acc": 2.7114, "car_dcc": 1.8118, "car_lcAssertive": 29.395, "car_lcCooperative": 0.9267, "car_lcLookaheadLeft": 61.3005, "car_lcPushy": 0.8045, "car_lcSigma": 0.4191, "car_lcSpeedGainRight": 4.3981, "car_lcSublane": 0.8119, "car_sigma": 0.7294, "car_tau_mean": 2.4321, "car_tau_std": 5.8137, "car_v_mean": 25.0522, "car_v_std": 2.0955}, "datetime": {"datetime": "2024-08-12 00:46:45", "elapsed": 245.310701, "delta": 103.289391}}
{"target": -0.5371308258926843, "params": {"bus_acc": 2.9292, "bus_dcc": 2.1649, "bus_lcAssertive": 87.3111, "bus_lcCooperative": 0.5643, "bus_lcLookaheadLeft": 74.746, "bus_lcPushy": 0.1962, "bus_lcSigma": 0.78, "bus_lcSpeedGainRight": 3.7534, "bus_lcSublane": 0.5904, "bus_sigma": 0.2152, "bus_tau_mean": 3.0224, "bus_tau_std": 4.48, "bus_v_mean": 22.2353, "bus_v_std": 5.3157, "car_acc": 0.6427, "car_dcc": 1.7684, "car_lcAssertive": 27.6527, "car_lcCooperative": 0.9962, "car_lcLookaheadLeft": 65.5727, "car_lcPushy": 0.9084, "car_lcSigma": 0.1713, "car_lcSpeedGainRight": 3.1523, "car_lcSublane": 0.4817, "car_sigma": 0.9421, "car_tau_mean": 2.6812, "car_tau_std": 6.8669, "car_v_mean": 19.8947, "car_v_std": 7.4509}, "datetime": {"datetime": "2024-08-12 00:46:49", "elapsed": 249.698988, "delta": 4.388287}}
{"target": -0.4506373615297788, "params": {"bus_acc": 0.7877, "bus_dcc": 1.6026, "bus_lcAssertive": 57.387, "bus_lcCooperative": 0.9867, "bus_lcLookaheadLeft": 87.0309, "bus_lcPushy": 0.1044, "bus_lcSigma": 0.0357, "bus_lcSpeedGainRight": 4.5463, "bus_lcSublane": 0.0171, "bus_sigma": 0.4097, "bus_tau_mean": 1.068, "bus_tau_std": 6.8621, "bus_v_mean": 15.4675, "bus_v_std": 7.5094, "car_acc": 0.9967, "car_dcc": 3.8298, "car_lcAssertive": 26.1242, "car_lcCooperative": 0.3193, "car_lcLookaheadLeft": 53.9307, "car_lcPushy": 0.0771, "car_lcSigma": 0.7211, "car_lcSpeedGainRight": 2.6892, "car_lcSublane": 0.4634, "car_sigma": 0.0859, "car_tau_mean": 2.5277, "car_tau_std": 9.6432, "car_v_mean": 9.6216, "car_v_std": 18.9075}, "datetime": {"datetime": "2024-08-12 00:46:53", "elapsed": 253.631481, "delta": 3.932493}}
{"target": -0.5387275143231232, "params": {"bus_acc": 1.2381, "bus_dcc": 2.0958, "bus_lcAssertive": 86.0308, "bus_lcCooperative": 0.3048, "bus_lcLookaheadLeft": 67.7663, "bus_lcPushy": 0.2685, "bus_lcSigma": 0.5334, "bus_lcSpeedGainRight": 2.1858, "bus_lcSublane": 0.0046, "bus_sigma": 0.3322, "bus_tau_mean": 1.7483, "bus_tau_std": 8.3052, "bus_v_mean": 22.1482, "bus_v_std": 17.9097, "car_acc": 0.7662, "car_dcc": 1.8978, "car_lcAssertive": 26.6816, "car_lcCooperative": 0.3519, "car_lcLookaheadLeft": 73.6096, "car_lcPushy": 0.5585, "car_lcSigma": 0.9503, "car_lcSpeedGainRight": 2.284, "car_lcSublane": 0.7206, "car_sigma": 0.9987, "car_tau_mean": 2.4611, "car_tau_std": 2.5725, "car_v_mean": 11.6054, "car_v_std": 10.1235}, "datetime": {"datetime": "2024-08-12 00:46:55", "elapsed": 255.337149, "delta": 1.705668}}
{"target": -0.5469875479308176, "params": {"bus_acc": 3.2734, "bus_dcc": 1.8969, "bus_lcAssertive": 70.0307, "bus_lcCooperative": 0.0443, "bus_lcLookaheadLeft": 54.7748, "bus_lcPushy": 0.7003, "bus_lcSigma": 0.5234, "bus_lcSpeedGainRight": 1.6715, "bus_lcSublane": 0.8033, "bus_sigma": 0.1484, "bus_tau_mean": 2.0883, "bus_tau_std": 9.3128, "bus_v_mean": 12.7293, "bus_v_std": 2.5531, "car_acc": 3.9533, "car_dcc": 3.7258, "car_lcAssertive": 55.3798, "car_lcCooperative": 0.4972, "car_lcLookaheadLeft": 60.59, "car_lcPushy": 0.4079, "car_lcSigma": 0.1289, "car_lcSpeedGainRight": 3.1618, "car_lcSublane": 0.3694, "car_sigma": 0.182, "car_tau_mean": 0.8015, "car_tau_std": 8.3235, "car_v_mean": 18.0636, "car_v_std": 3.0003}, "datetime": {"datetime": "2024-08-12 00:47:01", "elapsed": 261.239564, "delta": 5.902415}}
{"target": -0.34208443618675705, "params": {"bus_acc": 1.507, "bus_dcc": 3.8857, "bus_lcAssertive": 43.6623, "bus_lcCooperative": 0.965, "bus_lcLookaheadLeft": 67.1579, "bus_lcPushy": 0.6219, "bus_lcSigma": 0.2554, "bus_lcSpeedGainRight": 5.0, "bus_lcSublane": 0.5906, "bus_sigma": 0.5786, "bus_tau_mean": 2.2098, "bus_tau_std": 2.6516, "bus_v_mean": 24.5422, "bus_v_std": 11.7549, "car_acc": 0.3516, "car_dcc": 2.8265, "car_lcAssertive": 33.6192, "car_lcCooperative": 0.5272, "car_lcLookaheadLeft": 88.963, "car_lcPushy": 0.4979, "car_lcSigma": 0.9087, "car_lcSpeedGainRight": 3.3981, "car_lcSublane": 0.1565, "car_sigma": 0.9296, "car_tau_mean": 3.1995, "car_tau_std": 10.0, "car_v_mean": 11.3835, "car_v_std": 3.024}, "datetime": {"datetime": "2024-08-12 00:47:07", "elapsed": 267.917822, "delta": 6.678258}}
{"target": -0.4579522161635401, "params": {"bus_acc": 1.2611, "bus_dcc": 3.5943, "bus_lcAssertive": 51.1079, "bus_lcCooperative": 0.9035, "bus_lcLookaheadLeft": 68.4546, "bus_lcPushy": 0.688, "bus_lcSigma": 0.2235, "bus_lcSpeedGainRight": 4.3827, "bus_lcSublane": 0.5119, "bus_sigma": 0.4676, "bus_tau_mean": 2.0568, "bus_tau_std": 3.2309, "bus_v_mean": 21.8695, "bus_v_std": 12.0516, "car_acc": 0.4498, "car_dcc": 2.5389, "car_lcAssertive": 31.3145, "car_lcCooperative": 0.5974, "car_lcLookaheadLeft": 83.6314, "car_lcPushy": 0.3642, "car_lcSigma": 0.8826, "car_lcSpeedGainRight": 3.0689, "car_lcSublane": 0.0807, "car_sigma": 0.8044, "car_tau_mean": 2.8808, "car_tau_std": 9.531, "car_v_mean": 11.1166, "car_v_std": 5.1732}, "datetime": {"datetime": "2024-08-12 00:47:15", "elapsed": 275.988578, "delta": 8.070756}}
{"target": -0.5004184727633311, "params": {"bus_acc": 0.5429, "bus_dcc": 2.299, "bus_lcAssertive": 76.0916, "bus_lcCooperative": 0.4382, "bus_lcLookaheadLeft": 65.8584, "bus_lcPushy": 0.6759, "bus_lcSigma": 0.8962, "bus_lcSpeedGainRight": 2.842, "bus_lcSublane": 0.7343, "bus_sigma": 0.5152, "bus_tau_mean": 2.7472, "bus_tau_std": 8.833, "bus_v_mean": 18.6572, "bus_v_std": 18.6201, "car_acc": 2.229, "car_dcc": 0.8322, "car_lcAssertive": 30.1187, "car_lcCooperative": 0.3212, "car_lcLookaheadLeft": 69.8244, "car_lcPushy": 0.3873, "car_lcSigma": 0.6809, "car_lcSpeedGainRight": 2.4011, "car_lcSublane": 0.4887, "car_sigma": 0.9859, "car_tau_mean": 1.7961, "car_tau_std": 2.5236, "car_v_mean": 17.0008, "car_v_std": 4.2225}, "datetime": {"datetime": "2024-08-12 00:47:24", "elapsed": 284.239369, "delta": 8.250791}}
{"target": -0.4978451811756835, "params": {"bus_acc": 1.8742, "bus_dcc": 3.7585, "bus_lcAssertive": 60.4408, "bus_lcCooperative": 0.5763, "bus_lcLookaheadLeft": 81.5772, "bus_lcPushy": 0.7457, "bus_lcSigma": 0.6167, "bus_lcSpeedGainRight": 4.1413, "bus_lcSublane": 0.1599, "bus_sigma": 0.6124, "bus_tau_mean": 3.0762, "bus_tau_std": 9.8061, "bus_v_mean": 8.5868, "bus_v_std": 7.0858, "car_acc": 3.4489, "car_dcc": 3.5715, "car_lcAssertive": 38.5306, "car_lcCooperative": 0.5112, "car_lcLookaheadLeft": 59.4131, "car_lcPushy": 0.0114, "car_lcSigma": 0.9503, "car_lcSpeedGainRight": 2.7866, "car_lcSublane": 0.902, "car_sigma": 0.2514, "car_tau_mean": 3.8207, "car_tau_std": 9.1905, "car_v_mean": 16.3331, "car_v_std": 14.8207}, "datetime": {"datetime": "2024-08-12 00:47:32", "elapsed": 292.910791, "delta": 8.671422}}
{"target": -0.5124390269209919, "params": {"bus_acc": 2.6959, "bus_dcc": 3.3867, "bus_lcAssertive": 10.259, "bus_lcCooperative": 0.6683, "bus_lcLookaheadLeft": 36.4746, "bus_lcPushy": 0.9627, "bus_lcSigma": 0.4196, "bus_lcSpeedGainRight": 4.517, "bus_lcSublane": 0.9477, "bus_sigma": 0.7245, "bus_tau_mean": 2.0567, "bus_tau_std": 5.0034, "bus_v_mean": 10.1497, "bus_v_std": 19.9346, "car_acc": 2.4248, "car_dcc": 3.2882, "car_lcAssertive": 56.6651, "car_lcCooperative": 0.4166, "car_lcLookaheadLeft": 21.6134, "car_lcPushy": 0.6627, "car_lcSigma": 0.8587, "car_lcSpeedGainRight": 0.7545, "car_lcSublane": 0.0352, "car_sigma": 0.2802, "car_tau_mean": 2.3854, "car_tau_std": 3.4777, "car_v_mean": 8.6359, "car_v_std": 12.7843}, "datetime": {"datetime": "2024-08-12 00:47:39", "elapsed": 299.795443, "delta": 6.884652}}
{"target": -0.42228125433232205, "params": {"bus_acc": 0.795, "bus_dcc": 3.7365, "bus_lcAssertive": 42.4917, "bus_lcCooperative": 0.9569, "bus_lcLookaheadLeft": 66.9991, "bus_lcPushy": 0.5509, "bus_lcSigma": 0.0485, "bus_lcSpeedGainRight": 4.6727, "bus_lcSublane": 0.209, "bus_sigma": 0.492, "bus_tau_mean": 1.5398, "bus_tau_std": 1.8775, "bus_v_mean": 25.3129, "bus_v_std": 11.7382, "car_acc": 0.4389, "car_dcc": 2.4468, "car_lcAssertive": 32.6782, "car_lcCooperative": 0.3638, "car_lcLookaheadLeft": 87.6141, "car_lcPushy": 0.2108, "car_lcSigma": 0.959, "car_lcSpeedGainRight": 3.6908, "car_lcSublane": 0.0008, "car_sigma": 0.934, "car_tau_mean": 3.074, "car_tau_std": 9.6741, "car_v_mean": 9.3203, "car_v_std": 3.1422}, "datetime": {"datetime": "2024-08-12 00:47:45", "elapsed": 305.960523, "delta": 6.16508}}
{"target": -0.3386703078221342, "params": {"bus_acc": 1.5177, "bus_dcc": 3.8964, "bus_lcAssertive": 43.673, "bus_lcCooperative": 0.965, "bus_lcLookaheadLeft": 67.1637, "bus_lcPushy": 0.6219, "bus_lcSigma": 0.2608, "bus_lcSpeedGainRight": 5.0, "bus_lcSublane": 0.596, "bus_sigma": 0.5786, "bus_tau_mean": 2.2205, "bus_tau_std": 2.6623, "bus_v_mean": 24.5528, "bus_v_std": 11.7656, "car_acc": 0.357, "car_dcc": 2.8371, "car_lcAssertive": 33.6298, "car_lcCooperative": 0.5272, "car_lcLookaheadLeft": 88.9688, "car_lcPushy": 0.5034, "car_lcSigma": 0.9087, "car_lcSpeedGainRight": 3.4088, "car_lcSublane": 0.1619, "car_sigma": 0.9296, "car_tau_mean": 3.2101, "car_tau_std": 10.0, "car_v_mean": 11.3941, "car_v_std": 3.0347}, "datetime": {"datetime": "2024-08-12 00:47:55", "elapsed": 315.429739, "delta": 9.469216}}
{"target": -0.3152790435955132, "params": {"bus_acc": 2.615, "bus_dcc": 3.4915, "bus_lcAssertive": 52.6539, "bus_lcCooperative": 1.0, "bus_lcLookaheadLeft": 50.9414, "bus_lcPushy": 0.8804, "bus_lcSigma": 0.4849, "bus_lcSpeedGainRight": 2.7966, "bus_lcSublane": 0.2015, "bus_sigma": 0.4086, "bus_tau_mean": 3.2022, "bus_tau_std": 0.0, "bus_v_mean": 17.912, "bus_v_std": 11.5635, "car_acc": 0.2, "car_dcc": 3.0031, "car_lcAssertive": 20.3359, "car_lcCooperative": 0.5717, "car_lcLookaheadLeft": 84.5626, "car_lcPushy": 0.3102, "car_lcSigma": 0.7132, "car_lcSpeedGainRight": 3.7867, "car_lcSublane": 0.0471, "car_sigma": 0.9832, "car_tau_mean": 2.3797, "car_tau_std": 10.0, "car_v_mean": 8.0, "car_v_std": 5.5769}, "datetime": {"datetime": "2024-08-12 00:47:59", "elapsed": 320.164022, "delta": 4.734283}}
{"target": -0.3669233164716334, "params": {"bus_acc": 1.5121, "bus_dcc": 3.8908, "bus_lcAssertive": 43.6674, "bus_lcCooperative": 0.9648, "bus_lcLookaheadLeft": 67.1607, "bus_lcPushy": 0.6217, "bus_lcSigma": 0.2582, "bus_lcSpeedGainRight": 5.0, "bus_lcSublane": 0.5934, "bus_sigma": 0.5784, "bus_tau_mean": 2.2149, "bus_tau_std": 2.6567, "bus_v_mean": 24.5472, "bus_v_std": 11.76, "car_acc": 0.3544, "car_dcc": 2.8316, "car_lcAssertive": 33.6243, "car_lcCooperative": 0.5271, "car_lcLookaheadLeft": 88.9658, "car_lcPushy": 0.5007, "car_lcSigma": 0.9085, "car_lcSpeedGainRight": 3.4032, "car_lcSublane": 0.1593, "car_sigma": 0.9294, "car_tau_mean": 3.2046, "car_tau_std": 10.0, "car_v_mean": 11.3885, "car_v_std": 3.0291}, "datetime": {"datetime": "2024-08-12 00:48:03", "elapsed": 323.421491, "delta": 3.257469}}
{"target": -0.30967529704552665, "params": {"bus_acc": 1.5096, "bus_dcc": 3.8882, "bus_lcAssertive": 43.6649, "bus_lcCooperative": 0.965, "bus_lcLookaheadLeft": 67.1593, "bus_lcPushy": 0.6219, "bus_lcSigma": 0.2568, "bus_lcSpeedGainRight": 5.0, "bus_lcSublane": 0.5919, "bus_sigma": 0.5785, "bus_tau_mean": 2.2124, "bus_tau_std": 2.6541, "bus_v_mean": 24.5447, "bus_v_std": 11.7575, "car_acc": 0.3529, "car_dcc": 2.829, "car_lcAssertive": 33.6217, "car_lcCooperative": 0.5272, "car_lcLookaheadLeft": 88.9643, "car_lcPushy": 0.4993, "car_lcSigma": 0.9087, "car_lcSpeedGainRight": 3.4007, "car_lcSublane": 0.1578, "car_sigma": 0.9296, "car_tau_mean": 3.202, "car_tau_std": 10.0, "car_v_mean": 11.386, "car_v_std": 3.0266}, "datetime": {"datetime": "2024-08-12 00:48:05", "elapsed": 325.543269, "delta": 2.121778}}
{"target": -0.5325159002529523, "params": {"bus_acc": 1.5018, "bus_dcc": 3.8805, "bus_lcAssertive": 43.6571, "bus_lcCooperative": 0.9648, "bus_lcLookaheadLeft": 67.1554, "bus_lcPushy": 0.6217, "bus_lcSigma": 0.2529, "bus_lcSpeedGainRight": 5.0, "bus_lcSublane": 0.588, "bus_sigma": 0.5784, "bus_tau_mean": 2.2046, "bus_tau_std": 2.6464, "bus_v_mean": 24.5369, "bus_v_std": 11.7497, "car_acc": 0.349, "car_dcc": 2.8213, "car_lcAssertive": 33.6139, "car_lcCooperative": 0.5271, "car_lcLookaheadLeft": 88.9605, "car_lcPushy": 0.4954, "car_lcSigma": 0.9085, "car_lcSpeedGainRight": 3.3929, "car_lcSublane": 0.154, "car_sigma": 0.9294, "car_tau_mean": 3.1942, "car_tau_std": 10.0, "car_v_mean": 11.3782, "car_v_std": 3.0188}, "datetime": {"datetime": "2024-08-12 00:48:07", "elapsed": 327.579013, "delta": 2.035744}}
{"target": -0.4041047718693485, "params": {"bus_acc": 1.5027, "bus_dcc": 3.8813, "bus_lcAssertive": 43.658, "bus_lcCooperative": 0.9648, "bus_lcLookaheadLeft": 67.156, "bus_lcPushy": 0.6217, "bus_lcSigma": 0.2536, "bus_lcSpeedGainRight": 5.0, "bus_lcSublane": 0.5888, "bus_sigma": 0.5784, "bus_tau_mean": 2.2054, "bus_tau_std": 2.6472, "bus_v_mean": 24.5378, "bus_v_std": 11.7505, "car_acc": 0.3498, "car_dcc": 2.8221, "car_lcAssertive": 33.6148, "car_lcCooperative": 0.5271, "car_lcLookaheadLeft": 88.961, "car_lcPushy": 0.4962, "car_lcSigma": 0.9085, "car_lcSpeedGainRight": 3.3938, "car_lcSublane": 0.1547, "car_sigma": 0.9294, "car_tau_mean": 3.1951, "car_tau_std": 10.0, "car_v_mean": 11.3791, "car_v_std": 3.0197}, "datetime": {"datetime": "2024-08-12 00:48:12", "elapsed": 332.346675, "delta": 4.767662}}
