{"target": -0.7405374884671728, "params": {"bus_acc": 3.9543, "bus_dcc": 3.1991, "bus_lcAssertive": 74.9701, "bus_lcCooperative": 0.2204, "bus_lcLookaheadLeft": 93.2884, "bus_lcPushy": 0.2901, "bus_lcSigma": 0.9974, "bus_lcSpeedGainRight": 2.9014, "bus_lcSublane": 0.881, "bus_sigma": 0.4999, "bus_tau_mean": 3.6896, "bus_tau_std": 8.1032, "bus_v_mean": 20.9983, "bus_v_std": 17.558, "car_acc": 1.3969, "car_dcc": 0.4027, "car_lcAssertive": 45.4006, "car_lcCooperative": 0.6096, "car_lcLookaheadLeft": 15.1968, "car_lcPushy": 0.1161, "car_lcSigma": 0.2695, "car_lcSpeedGainRight": 3.4433, "car_lcSublane": 0.1316, "car_sigma": 0.6481, "car_tau_mean": 2.3707, "car_tau_std": 5.559, "car_v_mean": 8.6278, "car_v_std": 2.4769}, "datetime": {"datetime": "2024-08-12 01:07:45", "elapsed": 1506.024609, "delta": 4.473748}}
{"target": -0.5814157966712185, "params": {"bus_acc": 2.521, "bus_dcc": 3.2115, "bus_lcAssertive": 35.5978, "bus_lcCooperative": 0.8984, "bus_lcLookaheadLeft": 83.4602, "bus_lcPushy": 0.4602, "bus_lcSigma": 0.1182, "bus_lcSpeedGainRight": 0.3467, "bus_lcSublane": 0.5791, "bus_sigma": 0.9681, "bus_tau_mean": 2.311, "bus_tau_std": 8.7548, "bus_v_mean": 19.7403, "bus_v_std": 4.2415, "car_acc": 1.8098, "car_dcc": 1.4992, "car_lcAssertive": 41.2111, "car_lcCooperative": 0.7244, "car_lcLookaheadLeft": 75.6496, "car_lcPushy": 0.4923, "car_lcSigma": 0.2225, "car_lcSpeedGainRight": 3.4209, "car_lcSublane": 0.7524, "car_sigma": 0.9623, "car_tau_mean": 1.2562, "car_tau_std": 7.9562, "car_v_mean": 15.8351, "car_v_std": 18.1131}, "datetime": {"datetime": "2024-08-12 01:07:49", "elapsed": 1509.860746, "delta": 3.836137}}
{"target": -0.4219226731666956, "params": {"bus_acc": 0.6744, "bus_dcc": 2.9361, "bus_lcAssertive": 42.9838, "bus_lcCooperative": 0.3081, "bus_lcLookaheadLeft": 12.2071, "bus_lcPushy": 0.2432, "bus_lcSigma": 0.2668, "bus_lcSpeedGainRight": 3.4639, "bus_lcSublane": 0.9317, "bus_sigma": 0.068, "bus_tau_mean": 3.0188, "bus_tau_std": 9.8546, "bus_v_mean": 16.3551, "bus_v_std": 9.7959, "car_acc": 0.9698, "car_dcc": 2.3038, "car_lcAssertive": 89.2532, "car_lcCooperative": 0.7133, "car_lcLookaheadLeft": 49.4926, "car_lcPushy": 0.4636, "car_lcSigma": 0.2201, "car_lcSpeedGainRight": 1.6629, "car_lcSublane": 0.5722, "car_sigma": 0.5194, "car_tau_mean": 1.5776, "car_tau_std": 4.7641, "car_v_mean": 18.6134, "car_v_std": 4.6315}, "datetime": {"datetime": "2024-08-12 01:07:52", "elapsed": 1512.910606, "delta": 3.04986}}
{"target": -0.3647119458191866, "params": {"bus_acc": 0.3047, "bus_dcc": 3.0553, "bus_lcAssertive": 15.8537, "bus_lcCooperative": 0.8133, "bus_lcLookaheadLeft": 87.7706, "bus_lcPushy": 0.2968, "bus_lcSigma": 0.8508, "bus_lcSpeedGainRight": 1.9015, "bus_lcSublane": 0.0001, "bus_sigma": 0.0455, "bus_tau_mean": 2.1032, "bus_tau_std": 7.0941, "bus_v_mean": 22.0663, "bus_v_std": 14.0962, "car_acc": 0.7169, "car_dcc": 2.7481, "car_lcAssertive": 17.1481, "car_lcCooperative": 0.9903, "car_lcLookaheadLeft": 39.6815, "car_lcPushy": 0.2714, "car_lcSigma": 0.3409, "car_lcSpeedGainRight": 0.8895, "car_lcSublane": 0.68, "car_sigma": 0.5386, "car_tau_mean": 0.8089, "car_tau_std": 5.5628, "car_v_mean": 16.1476, "car_v_std": 6.0881}, "datetime": {"datetime": "2024-08-12 01:07:55", "elapsed": 1515.4083, "delta": 2.497694}}
{"target": -0.29828718895404127, "params": {"bus_acc": 0.4042, "bus_dcc": 3.2521, "bus_lcAssertive": 69.9533, "bus_lcCooperative": 0.183, "bus_lcLookaheadLeft": 99.54, "bus_lcPushy": 0.9027, "bus_lcSigma": 0.2502, "bus_lcSpeedGainRight": 3.355, "bus_lcSublane": 0.8405, "bus_sigma": 0.1024, "bus_tau_mean": 0.8463, "bus_tau_std": 4.051, "bus_v_mean": 24.1996, "bus_v_std": 19.935, "car_acc": 0.6646, "car_dcc": 1.5552, "car_lcAssertive": 14.2985, "car_lcCooperative": 0.3243, "car_lcLookaheadLeft": 34.4644, "car_lcPushy": 0.7186, "car_lcSigma": 0.003, "car_lcSpeedGainRight": 3.1098, "car_lcSublane": 0.3161, "car_sigma": 0.3109, "car_tau_mean": 1.6512, "car_tau_std": 5.8008, "car_v_mean": 10.1187, "car_v_std": 2.502}, "datetime": {"datetime": "2024-08-12 01:07:59", "elapsed": 1519.818128, "delta": 4.409828}}
{"target": -0.5268411439464785, "params": {"bus_acc": 2.9844, "bus_dcc": 3.9484, "bus_lcAssertive": 98.8737, "bus_lcCooperative": 0.5221, "bus_lcLookaheadLeft": 16.8596, "bus_lcPushy": 0.5884, "bus_lcSigma": 0.6424, "bus_lcSpeedGainRight": 4.4648, "bus_lcSublane": 0.4236, "bus_sigma": 0.3362, "bus_tau_mean": 2.1353, "bus_tau_std": 5.2162, "bus_v_mean": 9.7514, "bus_v_std": 9.0994, "car_acc": 0.3539, "car_dcc": 0.5735, "car_lcAssertive": 28.8465, "car_lcCooperative": 0.102, "car_lcLookaheadLeft": 14.5215, "car_lcPushy": 0.5979, "car_lcSigma": 0.9369, "car_lcSpeedGainRight": 3.045, "car_lcSublane": 0.8948, "car_sigma": 0.31, "car_tau_mean": 1.9245, "car_tau_std": 2.3557, "car_v_mean": 10.2345, "car_v_std": 13.5319}, "datetime": {"datetime": "2024-08-12 01:08:03", "elapsed": 1523.703617, "delta": 3.885489}}
{"target": -0.4305883788029193, "params": {"bus_acc": 1.6557, "bus_dcc": 1.9844, "bus_lcAssertive": 43.8492, "bus_lcCooperative": 0.5472, "bus_lcLookaheadLeft": 77.6359, "bus_lcPushy": 0.0976, "bus_lcSigma": 0.5737, "bus_lcSpeedGainRight": 3.0202, "bus_lcSublane": 0.1977, "bus_sigma": 0.8281, "bus_tau_mean": 2.9002, "bus_tau_std": 6.3217, "bus_v_mean": 20.4773, "bus_v_std": 13.882, "car_acc": 1.195, "car_dcc": 3.461, "car_lcAssertive": 11.816, "car_lcCooperative": 0.7235, "car_lcLookaheadLeft": 7.0826, "car_lcPushy": 0.4214, "car_lcSigma": 0.135, "car_lcSpeedGainRight": 1.4226, "car_lcSublane": 0.9294, "car_sigma": 0.242, "car_tau_mean": 1.4378, "car_tau_std": 2.994, "car_v_mean": 22.7015, "car_v_std": 11.6822}, "datetime": {"datetime": "2024-08-12 01:08:07", "elapsed": 1527.803901, "delta": 4.100284}}
{"target": -0.4107059230380335, "params": {"bus_acc": 0.8112, "bus_dcc": 3.4911, "bus_lcAssertive": 48.84, "bus_lcCooperative": 0.5882, "bus_lcLookaheadLeft": 70.3953, "bus_lcPushy": 0.7046, "bus_lcSigma": 0.4262, "bus_lcSpeedGainRight": 0.163, "bus_lcSublane": 0.2663, "bus_sigma": 0.0362, "bus_tau_mean": 1.5588, "bus_tau_std": 8.214, "bus_v_mean": 12.8315, "bus_v_std": 14.7321, "car_acc": 0.3354, "car_dcc": 0.5994, "car_lcAssertive": 70.2543, "car_lcCooperative": 0.2017, "car_lcLookaheadLeft": 85.1864, "car_lcPushy": 0.4711, "car_lcSigma": 0.1798, "car_lcSpeedGainRight": 1.7982, "car_lcSublane": 0.2639, "car_sigma": 0.323, "car_tau_mean": 2.8459, "car_tau_std": 9.749, "car_v_mean": 16.9569, "car_v_std": 10.4848}, "datetime": {"datetime": "2024-08-12 01:08:10", "elapsed": 1530.895781, "delta": 3.09188}}
{"target": -0.43040782083876755, "params": {"bus_acc": 2.9723, "bus_dcc": 1.5886, "bus_lcAssertive": 6.1249, "bus_lcCooperative": 0.4263, "bus_lcLookaheadLeft": 69.6751, "bus_lcPushy": 0.1543, "bus_lcSigma": 0.5728, "bus_lcSpeedGainRight": 3.4274, "bus_lcSublane": 0.4235, "bus_sigma": 0.0749, "bus_tau_mean": 3.8025, "bus_tau_std": 5.8229, "bus_v_mean": 12.3101, "bus_v_std": 4.2669, "car_acc": 0.7944, "car_dcc": 3.9986, "car_lcAssertive": 65.0557, "car_lcCooperative": 0.3484, "car_lcLookaheadLeft": 89.1833, "car_lcPushy": 0.8588, "car_lcSigma": 0.363, "car_lcSpeedGainRight": 1.1451, "car_lcSublane": 0.9599, "car_sigma": 0.1032, "car_tau_mean": 3.4188, "car_tau_std": 8.3216, "car_v_mean": 14.7916, "car_v_std": 8.429}, "datetime": {"datetime": "2024-08-12 01:08:13", "elapsed": 1533.594459, "delta": 2.698678}}
{"target": -0.6614749597077282, "params": {"bus_acc": 1.5129, "bus_dcc": 2.4812, "bus_lcAssertive": 75.2927, "bus_lcCooperative": 0.1849, "bus_lcLookaheadLeft": 9.9223, "bus_lcPushy": 0.3615, "bus_lcSigma": 0.7284, "bus_lcSpeedGainRight": 0.4779, "bus_lcSublane": 0.6935, "bus_sigma": 0.8225, "bus_tau_mean": 3.571, "bus_tau_std": 9.222, "bus_v_mean": 14.1051, "bus_v_std": 13.6019, "car_acc": 2.2306, "car_dcc": 3.4282, "car_lcAssertive": 52.9352, "car_lcCooperative": 0.7829, "car_lcLookaheadLeft": 67.4158, "car_lcPushy": 0.3789, "car_lcSigma": 0.0487, "car_lcSpeedGainRight": 3.256, "car_lcSublane": 0.3331, "car_sigma": 0.4926, "car_tau_mean": 3.1776, "car_tau_std": 5.4807, "car_v_mean": 22.3812, "car_v_std": 19.6095}, "datetime": {"datetime": "2024-08-12 01:08:16", "elapsed": 1536.402406, "delta": 2.807947}}
{"target": -0.32903999977887943, "params": {"bus_acc": 0.4984, "bus_dcc": 3.5778, "bus_lcAssertive": 10.5031, "bus_lcCooperative": 0.9497, "bus_lcLookaheadLeft": 57.1252, "bus_lcPushy": 0.9263, "bus_lcSigma": 0.6331, "bus_lcSpeedGainRight": 0.0292, "bus_lcSublane": 0.8549, "bus_sigma": 0.8199, "bus_tau_mean": 3.7647, "bus_tau_std": 8.9858, "bus_v_mean": 13.0552, "bus_v_std": 8.8623, "car_acc": 0.371, "car_dcc": 0.7344, "car_lcAssertive": 82.2272, "car_lcCooperative": 0.4582, "car_lcLookaheadLeft": 60.9316, "car_lcPushy": 0.9664, "car_lcSigma": 0.8977, "car_lcSpeedGainRight": 1.4427, "car_lcSublane": 0.7171, "car_sigma": 0.3881, "car_tau_mean": 0.592, "car_tau_std": 2.096, "car_v_mean": 22.1104, "car_v_std": 18.5176}, "datetime": {"datetime": "2024-08-12 01:08:18", "elapsed": 1538.657203, "delta": 2.254797}}
{"target": -0.5610411067758214, "params": {"bus_acc": 0.3983, "bus_dcc": 1.1169, "bus_lcAssertive": 83.2731, "bus_lcCooperative": 0.5861, "bus_lcLookaheadLeft": 80.5809, "bus_lcPushy": 0.6242, "bus_lcSigma": 0.06, "bus_lcSpeedGainRight": 2.0105, "bus_lcSublane": 0.7271, "bus_sigma": 0.9224, "bus_tau_mean": 1.4068, "bus_tau_std": 9.0692, "bus_v_mean": 15.0245, "bus_v_std": 3.9001, "car_acc": 3.1527, "car_dcc": 0.8642, "car_lcAssertive": 97.7496, "car_lcCooperative": 0.2169, "car_lcLookaheadLeft": 39.1813, "car_lcPushy": 0.9075, "car_lcSigma": 0.3213, "car_lcSpeedGainRight": 3.4143, "car_lcSublane": 0.9639, "car_sigma": 0.6604, "car_tau_mean": 1.0585, "car_tau_std": 7.9316, "car_v_mean": 24.72, "car_v_std": 12.4388}, "datetime": {"datetime": "2024-08-12 01:08:22", "elapsed": 1542.69799, "delta": 4.040787}}
{"target": -0.46396974909588645, "params": {"bus_acc": 0.387, "bus_dcc": 2.6806, "bus_lcAssertive": 51.6215, "bus_lcCooperative": 0.3539, "bus_lcLookaheadLeft": 78.3794, "bus_lcPushy": 0.8809, "bus_lcSigma": 0.105, "bus_lcSpeedGainRight": 2.0934, "bus_lcSublane": 0.0307, "bus_sigma": 0.2259, "bus_tau_mean": 1.8274, "bus_tau_std": 9.2886, "bus_v_mean": 9.2615, "bus_v_std": 18.8446, "car_acc": 2.2586, "car_dcc": 2.4322, "car_lcAssertive": 15.8679, "car_lcCooperative": 0.51, "car_lcLookaheadLeft": 96.8316, "car_lcPushy": 0.6993, "car_lcSigma": 0.9552, "car_lcSpeedGainRight": 2.5883, "car_lcSublane": 0.5996, "car_sigma": 0.8613, "car_tau_mean": 1.5657, "car_tau_std": 1.5423, "car_v_mean": 24.9456, "car_v_std": 3.9206}, "datetime": {"datetime": "2024-08-12 01:08:26", "elapsed": 1546.851286, "delta": 4.153296}}
{"target": -0.7512279028738663, "params": {"bus_acc": 3.0637, "bus_dcc": 1.2168, "bus_lcAssertive": 81.5478, "bus_lcCooperative": 0.3681, "bus_lcLookaheadLeft": 83.134, "bus_lcPushy": 0.7768, "bus_lcSigma": 0.6331, "bus_lcSpeedGainRight": 4.8184, "bus_lcSublane": 0.4864, "bus_sigma": 0.2424, "bus_tau_mean": 3.1982, "bus_tau_std": 8.1964, "bus_v_mean": 10.0018, "bus_v_std": 6.9133, "car_acc": 3.09, "car_dcc": 1.5127, "car_lcAssertive": 86.903, "car_lcCooperative": 0.1032, "car_lcLookaheadLeft": 21.7199, "car_lcPushy": 0.9957, "car_lcSigma": 0.0807, "car_lcSpeedGainRight": 4.9595, "car_lcSublane": 0.4118, "car_sigma": 0.7697, "car_tau_mean": 2.6323, "car_tau_std": 0.6249, "car_v_mean": 10.826, "car_v_std": 13.5141}, "datetime": {"datetime": "2024-08-12 01:08:29", "elapsed": 1550.103635, "delta": 3.252349}}
{"target": -0.8573856014577664, "params": {"bus_acc": 2.6068, "bus_dcc": 1.8475, "bus_lcAssertive": 59.812, "bus_lcCooperative": 0.0481, "bus_lcLookaheadLeft": 87.8373, "bus_lcPushy": 0.5916, "bus_lcSigma": 0.2972, "bus_lcSpeedGainRight": 3.1804, "bus_lcSublane": 0.6788, "bus_sigma": 0.5094, "bus_tau_mean": 2.3018, "bus_tau_std": 0.5686, "bus_v_mean": 8.8624, "bus_v_std": 3.4904, "car_acc": 3.5748, "car_dcc": 2.6376, "car_lcAssertive": 33.1084, "car_lcCooperative": 0.3281, "car_lcLookaheadLeft": 5.2073, "car_lcPushy": 0.4639, "car_lcSigma": 0.8707, "car_lcSpeedGainRight": 0.0259, "car_lcSublane": 0.9751, "car_sigma": 0.4685, "car_tau_mean": 3.4269, "car_tau_std": 8.0118, "car_v_mean": 8.475, "car_v_std": 13.0008}, "datetime": {"datetime": "2024-08-12 01:08:32", "elapsed": 1552.963517, "delta": 2.859882}}
{"target": -0.6886972714070518, "params": {"bus_acc": 3.9559, "bus_dcc": 0.7761, "bus_lcAssertive": 71.0755, "bus_lcCooperative": 0.2498, "bus_lcLookaheadLeft": 8.1304, "bus_lcPushy": 0.4866, "bus_lcSigma": 0.018, "bus_lcSpeedGainRight": 0.5237, "bus_lcSublane": 0.8291, "bus_sigma": 0.6747, "bus_tau_mean": 1.9588, "bus_tau_std": 4.624, "bus_v_mean": 25.179, "bus_v_std": 6.7456, "car_acc": 2.7116, "car_dcc": 3.0641, "car_lcAssertive": 96.4275, "car_lcCooperative": 0.7153, "car_lcLookaheadLeft": 61.5133, "car_lcPushy": 0.1708, "car_lcSigma": 0.1448, "car_lcSpeedGainRight": 1.3472, "car_lcSublane": 0.6713, "car_sigma": 0.1574, "car_tau_mean": 3.6482, "car_tau_std": 0.0098, "car_v_mean": 11.9411, "car_v_std": 8.7599}, "datetime": {"datetime": "2024-08-12 01:08:36", "elapsed": 1557.093671, "delta": 4.130154}}
{"target": -0.7401947352600774, "params": {"bus_acc": 2.2707, "bus_dcc": 0.3708, "bus_lcAssertive": 68.7772, "bus_lcCooperative": 0.5472, "bus_lcLookaheadLeft": 92.2503, "bus_lcPushy": 0.7747, "bus_lcSigma": 0.8615, "bus_lcSpeedGainRight": 1.3629, "bus_lcSublane": 0.6587, "bus_sigma": 0.5796, "bus_tau_mean": 0.5076, "bus_tau_std": 3.6424, "bus_v_mean": 8.7554, "bus_v_std": 16.6175, "car_acc": 1.2386, "car_dcc": 0.9616, "car_lcAssertive": 37.5423, "car_lcCooperative": 0.3794, "car_lcLookaheadLeft": 77.5018, "car_lcPushy": 0.3493, "car_lcSigma": 0.9745, "car_lcSpeedGainRight": 1.6778, "car_lcSublane": 0.561, "car_sigma": 0.7427, "car_tau_mean": 1.6687, "car_tau_std": 5.1203, "car_v_mean": 14.0526, "car_v_std": 12.0826}, "datetime": {"datetime": "2024-08-12 01:08:41", "elapsed": 1561.399606, "delta": 4.305935}}
{"target": -0.5900350178868721, "params": {"bus_acc": 2.9938, "bus_dcc": 0.7861, "bus_lcAssertive": 28.1771, "bus_lcCooperative": 0.3276, "bus_lcLookaheadLeft": 28.4634, "bus_lcPushy": 0.0328, "bus_lcSigma": 0.44, "bus_lcSpeedGainRight": 1.2209, "bus_lcSublane": 0.6662, "bus_sigma": 0.3343, "bus_tau_mean": 3.8333, "bus_tau_std": 6.462, "bus_v_mean": 23.2955, "bus_v_std": 4.5257, "car_acc": 2.5142, "car_dcc": 2.7966, "car_lcAssertive": 41.9068, "car_lcCooperative": 0.4594, "car_lcLookaheadLeft": 57.2057, "car_lcPushy": 0.4089, "car_lcSigma": 0.3191, "car_lcSpeedGainRight": 1.7595, "car_lcSublane": 0.1278, "car_sigma": 0.3062, "car_tau_mean": 3.9521, "car_tau_std": 9.187, "car_v_mean": 9.1724, "car_v_std": 18.9734}, "datetime": {"datetime": "2024-08-12 01:08:43", "elapsed": 1564.104948, "delta": 2.705342}}
{"target": -0.5105979461398361, "params": {"bus_acc": 2.3036, "bus_dcc": 2.1268, "bus_lcAssertive": 13.1032, "bus_lcCooperative": 0.702, "bus_lcLookaheadLeft": 60.9224, "bus_lcPushy": 0.9883, "bus_lcSigma": 0.6227, "bus_lcSpeedGainRight": 2.8142, "bus_lcSublane": 0.0464, "bus_sigma": 0.5018, "bus_tau_mean": 1.4806, "bus_tau_std": 6.9529, "bus_v_mean": 11.0605, "bus_v_std": 1.4465, "car_acc": 2.4745, "car_dcc": 3.0996, "car_lcAssertive": 11.6979, "car_lcCooperative": 0.6304, "car_lcLookaheadLeft": 9.1731, "car_lcPushy": 0.9934, "car_lcSigma": 0.3354, "car_lcSpeedGainRight": 2.1812, "car_lcSublane": 0.9717, "car_sigma": 0.9435, "car_tau_mean": 1.9096, "car_tau_std": 5.0595, "car_v_mean": 8.1918, "car_v_std": 2.189}, "datetime": {"datetime": "2024-08-12 01:08:48", "elapsed": 1568.899142, "delta": 4.794194}}
{"target": -0.4551277056816758, "params": {"bus_acc": 3.5265, "bus_dcc": 3.7083, "bus_lcAssertive": 83.1257, "bus_lcCooperative": 0.0964, "bus_lcLookaheadLeft": 75.4664, "bus_lcPushy": 0.5082, "bus_lcSigma": 0.0166, "bus_lcSpeedGainRight": 3.5642, "bus_lcSublane": 0.1615, "bus_sigma": 0.6203, "bus_tau_mean": 3.5016, "bus_tau_std": 8.8313, "bus_v_mean": 14.3114, "bus_v_std": 11.9977, "car_acc": 1.5091, "car_dcc": 1.2657, "car_lcAssertive": 84.6948, "car_lcCooperative": 0.7522, "car_lcLookaheadLeft": 28.5512, "car_lcPushy": 0.2114, "car_lcSigma": 0.7346, "car_lcSpeedGainRight": 2.3275, "car_lcSublane": 0.2156, "car_sigma": 0.5053, "car_tau_mean": 1.8761, "car_tau_std": 3.022, "car_v_mean": 25.9363, "car_v_std": 11.6065}, "datetime": {"datetime": "2024-08-12 01:08:51", "elapsed": 1571.232312, "delta": 2.33317}}
{"target": -0.8018859865625627, "params": {"bus_acc": 3.343, "bus_dcc": 3.623, "bus_lcAssertive": 67.2507, "bus_lcCooperative": 0.8283, "bus_lcLookaheadLeft": 59.293, "bus_lcPushy": 0.6121, "bus_lcSigma": 0.4149, "bus_lcSpeedGainRight": 3.8568, "bus_lcSublane": 0.8564, "bus_sigma": 0.1096, "bus_tau_mean": 2.7702, "bus_tau_std": 7.6415, "bus_v_mean": 23.9238, "bus_v_std": 4.6868, "car_acc": 1.8361, "car_dcc": 1.3611, "car_lcAssertive": 2.164, "car_lcCooperative": 0.5919, "car_lcLookaheadLeft": 6.3078, "car_lcPushy": 0.5348, "car_lcSigma": 0.6813, "car_lcSpeedGainRight": 2.3278, "car_lcSublane": 0.9667, "car_sigma": 0.9078, "car_tau_mean": 1.4752, "car_tau_std": 0.369, "car_v_mean": 20.1395, "car_v_std": 9.2294}, "datetime": {"datetime": "2024-08-12 01:08:54", "elapsed": 1574.402658, "delta": 3.170346}}
{"target": -0.47897506115308697, "params": {"bus_acc": 0.3082, "bus_dcc": 3.839, "bus_lcAssertive": 66.2199, "bus_lcCooperative": 0.6161, "bus_lcLookaheadLeft": 92.5265, "bus_lcPushy": 0.9711, "bus_lcSigma": 0.2391, "bus_lcSpeedGainRight": 0.9776, "bus_lcSublane": 0.4999, "bus_sigma": 0.641, "bus_tau_mean": 1.6027, "bus_tau_std": 9.2112, "bus_v_mean": 13.4707, "bus_v_std": 15.5723, "car_acc": 0.7555, "car_dcc": 0.7294, "car_lcAssertive": 42.1439, "car_lcCooperative": 0.3388, "car_lcLookaheadLeft": 78.8352, "car_lcPushy": 0.8235, "car_lcSigma": 0.6101, "car_lcSpeedGainRight": 0.2115, "car_lcSublane": 0.3969, "car_sigma": 0.8274, "car_tau_mean": 2.2834, "car_tau_std": 5.2019, "car_v_mean": 9.0858, "car_v_std": 3.7275}, "datetime": {"datetime": "2024-08-12 01:08:56", "elapsed": 1576.977761, "delta": 2.575103}}
{"target": -0.6192911994752813, "params": {"bus_acc": 2.8332, "bus_dcc": 2.7364, "bus_lcAssertive": 19.1635, "bus_lcCooperative": 0.6, "bus_lcLookaheadLeft": 43.5164, "bus_lcPushy": 0.8549, "bus_lcSigma": 0.7951, "bus_lcSpeedGainRight": 2.4801, "bus_lcSublane": 0.7574, "bus_sigma": 0.5892, "bus_tau_mean": 0.8595, "bus_tau_std": 5.1672, "bus_v_mean": 8.5143, "bus_v_std": 7.2068, "car_acc": 3.3263, "car_dcc": 1.7414, "car_lcAssertive": 71.6231, "car_lcCooperative": 0.9068, "car_lcLookaheadLeft": 66.9733, "car_lcPushy": 0.6166, "car_lcSigma": 0.1089, "car_lcSpeedGainRight": 3.1553, "car_lcSublane": 0.3464, "car_sigma": 0.9429, "car_tau_mean": 2.9739, "car_tau_std": 5.4881, "car_v_mean": 16.2848, "car_v_std": 3.2217}, "datetime": {"datetime": "2024-08-12 01:08:59", "elapsed": 1579.594883, "delta": 2.617122}}
{"target": -0.8114892779812939, "params": {"bus_acc": 0.944, "bus_dcc": 0.7718, "bus_lcAssertive": 41.491, "bus_lcCooperative": 0.6365, "bus_lcLookaheadLeft": 24.0693, "bus_lcPushy": 0.6752, "bus_lcSigma": 0.2192, "bus_lcSpeedGainRight": 4.5185, "bus_lcSublane": 0.8506, "bus_sigma": 0.1634, "bus_tau_mean": 2.935, "bus_tau_std": 2.3296, "bus_v_mean": 19.4321, "bus_v_std": 5.3759, "car_acc": 2.7165, "car_dcc": 0.5566, "car_lcAssertive": 11.2463, "car_lcCooperative": 0.3167, "car_lcLookaheadLeft": 67.0983, "car_lcPushy": 0.5425, "car_lcSigma": 0.1313, "car_lcSpeedGainRight": 4.4923, "car_lcSublane": 0.0255, "car_sigma": 0.159, "car_tau_mean": 3.4699, "car_tau_std": 6.3168, "car_v_mean": 13.8673, "car_v_std": 19.6544}, "datetime": {"datetime": "2024-08-12 01:09:02", "elapsed": 1582.552323, "delta": 2.95744}}
{"target": -0.39062033342562513, "params": {"bus_acc": 1.391, "bus_dcc": 1.3649, "bus_lcAssertive": 50.7791, "bus_lcCooperative": 0.2285, "bus_lcLookaheadLeft": 72.7441, "bus_lcPushy": 0.2262, "bus_lcSigma": 0.7669, "bus_lcSpeedGainRight": 0.6226, "bus_lcSublane": 0.1404, "bus_sigma": 0.7112, "bus_tau_mean": 2.0328, "bus_tau_std": 4.1781, "bus_v_mean": 20.5012, "bus_v_std": 0.8314, "car_acc": 1.1554, "car_dcc": 2.1184, "car_lcAssertive": 83.1227, "car_lcCooperative": 0.1716, "car_lcLookaheadLeft": 41.9715, "car_lcPushy": 0.1636, "car_lcSigma": 0.1839, "car_lcSpeedGainRight": 3.3468, "car_lcSublane": 0.4713, "car_sigma": 0.7718, "car_tau_mean": 1.7123, "car_tau_std": 8.0577, "car_v_mean": 9.8721, "car_v_std": 18.9136}, "datetime": {"datetime": "2024-08-12 01:09:08", "elapsed": 1588.223056, "delta": 5.670733}}
{"target": -0.5303236361341341, "params": {"bus_acc": 1.7722, "bus_dcc": 3.9623, "bus_lcAssertive": 8.845, "bus_lcCooperative": 0.0184, "bus_lcLookaheadLeft": 33.5656, "bus_lcPushy": 0.4295, "bus_lcSigma": 0.5446, "bus_lcSpeedGainRight": 4.686, "bus_lcSublane": 0.8616, "bus_sigma": 0.8494, "bus_tau_mean": 1.9276, "bus_tau_std": 8.696, "bus_v_mean": 16.1564, "bus_v_std": 1.4117, "car_acc": 0.9439, "car_dcc": 1.3391, "car_lcAssertive": 81.0039, "car_lcCooperative": 0.7604, "car_lcLookaheadLeft": 54.1943, "car_lcPushy": 0.5943, "car_lcSigma": 0.119, "car_lcSpeedGainRight": 0.4606, "car_lcSublane": 0.9052, "car_sigma": 0.4446, "car_tau_mean": 3.8778, "car_tau_std": 9.3177, "car_v_mean": 16.9519, "car_v_std": 14.9173}, "datetime": {"datetime": "2024-08-12 01:09:12", "elapsed": 1592.991459, "delta": 4.768403}}
