{"target": -0.7296328859861223, "params": {"bus_acc": 0.5192, "bus_dcc": 0.4727, "bus_lcAssertive": 40.0533, "bus_lcCooperative": 0.0379, "bus_lcLookaheadLeft": 63.9535, "bus_lcPushy": 0.1081, "bus_lcSigma": 0.0079, "bus_lcSpeedGainRight": 4.9843, "bus_lcSublane": 0.8567, "bus_sigma": 0.3151, "bus_tau_mean": 0.8065, "bus_tau_std": 6.146, "bus_v_mean": 20.7419, "bus_v_std": 19.2273, "car_acc": 3.7012, "car_dcc": 3.7006, "car_lcAssertive": 4.9364, "car_lcCooperative": 0.0776, "car_lcLookaheadLeft": 4.5025, "car_lcPushy": 0.6235, "car_lcSigma": 0.0047, "car_lcSpeedGainRight": 1.6942, "car_lcSublane": 0.0451, "car_sigma": 0.2412, "car_tau_mean": 3.6891, "car_tau_std": 1.4866, "car_v_mean": 11.8542, "car_v_std": 2.9367}, "datetime": {"datetime": "2024-08-12 02:54:28", "elapsed": 7908.901667, "delta": 8.404401}}
{"target": -1.0158226933685486, "params": {"bus_acc": 1.5581, "bus_dcc": 0.5423, "bus_lcAssertive": 56.9551, "bus_lcCooperative": 0.8911, "bus_lcLookaheadLeft": 15.3324, "bus_lcPushy": 0.3499, "bus_lcSigma": 0.8728, "bus_lcSpeedGainRight": 3.6065, "bus_lcSublane": 0.3159, "bus_sigma": 0.0773, "bus_tau_mean": 2.2227, "bus_tau_std": 0.5179, "bus_v_mean": 13.3004, "bus_v_std": 3.7564, "car_acc": 3.1013, "car_dcc": 2.0906, "car_lcAssertive": 29.8552, "car_lcCooperative": 0.4943, "car_lcLookaheadLeft": 79.1449, "car_lcPushy": 0.176, "car_lcSigma": 0.596, "car_lcSpeedGainRight": 4.0574, "car_lcSublane": 0.7987, "car_sigma": 0.9927, "car_tau_mean": 1.0216, "car_tau_std": 0.5832, "car_v_mean": 13.1186, "car_v_std": 7.6002}, "datetime": {"datetime": "2024-08-12 02:54:36", "elapsed": 7916.793836, "delta": 7.892169}}
{"target": -0.6690433786657631, "params": {"bus_acc": 2.1183, "bus_dcc": 2.8392, "bus_lcAssertive": 74.2899, "bus_lcCooperative": 0.8396, "bus_lcLookaheadLeft": 38.9825, "bus_lcPushy": 0.6831, "bus_lcSigma": 0.8696, "bus_lcSpeedGainRight": 1.9375, "bus_lcSublane": 0.9016, "bus_sigma": 0.8931, "bus_tau_mean": 1.4635, "bus_tau_std": 2.9031, "bus_v_mean": 17.896, "bus_v_std": 8.3249, "car_acc": 0.9904, "car_dcc": 1.5168, "car_lcAssertive": 14.1575, "car_lcCooperative": 0.2311, "car_lcLookaheadLeft": 3.3511, "car_lcPushy": 0.5284, "car_lcSigma": 0.619, "car_lcSpeedGainRight": 2.4103, "car_lcSublane": 0.5085, "car_sigma": 0.6151, "car_tau_mean": 3.8632, "car_tau_std": 2.3169, "car_v_mean": 18.8544, "car_v_std": 5.4857}, "datetime": {"datetime": "2024-08-12 02:54:45", "elapsed": 7925.389787, "delta": 8.595951}}
{"target": -0.8011196590398871, "params": {"bus_acc": 2.4418, "bus_dcc": 1.0981, "bus_lcAssertive": 41.0188, "bus_lcCooperative": 0.6814, "bus_lcLookaheadLeft": 45.6847, "bus_lcPushy": 0.4343, "bus_lcSigma": 0.6391, "bus_lcSpeedGainRight": 0.9603, "bus_lcSublane": 0.0485, "bus_sigma": 0.7007, "bus_tau_mean": 3.3343, "bus_tau_std": 5.7787, "bus_v_mean": 14.1239, "bus_v_std": 15.821, "car_acc": 1.6921, "car_dcc": 0.3178, "car_lcAssertive": 88.3122, "car_lcCooperative": 0.4033, "car_lcLookaheadLeft": 45.6747, "car_lcPushy": 0.8631, "car_lcSigma": 0.605, "car_lcSpeedGainRight": 0.0524, "car_lcSublane": 0.272, "car_sigma": 0.3823, "car_tau_mean": 1.9942, "car_tau_std": 7.5554, "car_v_mean": 23.2558, "car_v_std": 17.554}, "datetime": {"datetime": "2024-08-12 02:54:51", "elapsed": 7931.770375, "delta": 6.380588}}
{"target": -0.6055230227962414, "params": {"bus_acc": 2.4192, "bus_dcc": 2.4688, "bus_lcAssertive": 56.3162, "bus_lcCooperative": 0.294, "bus_lcLookaheadLeft": 44.0513, "bus_lcPushy": 0.4883, "bus_lcSigma": 0.4799, "bus_lcSpeedGainRight": 2.771, "bus_lcSublane": 0.0002, "bus_sigma": 0.5092, "bus_tau_mean": 3.463, "bus_tau_std": 6.7109, "bus_v_mean": 24.2488, "bus_v_std": 8.9575, "car_acc": 3.7955, "car_dcc": 2.9853, "car_lcAssertive": 30.8362, "car_lcCooperative": 0.7111, "car_lcLookaheadLeft": 45.0918, "car_lcPushy": 0.2225, "car_lcSigma": 0.8569, "car_lcSpeedGainRight": 2.3817, "car_lcSublane": 0.3288, "car_sigma": 0.5261, "car_tau_mean": 0.8409, "car_tau_std": 6.1317, "car_v_mean": 10.1688, "car_v_std": 14.6609}, "datetime": {"datetime": "2024-08-12 02:55:01", "elapsed": 7941.520326, "delta": 9.749951}}
{"target": -0.4339537628305547, "params": {"bus_acc": 0.3088, "bus_dcc": 3.4554, "bus_lcAssertive": 93.1162, "bus_lcCooperative": 0.4736, "bus_lcLookaheadLeft": 66.6514, "bus_lcPushy": 0.7049, "bus_lcSigma": 0.3621, "bus_lcSpeedGainRight": 3.3607, "bus_lcSublane": 0.8127, "bus_sigma": 0.9636, "bus_tau_mean": 2.2046, "bus_tau_std": 9.5797, "bus_v_mean": 12.7305, "bus_v_std": 6.6921, "car_acc": 2.1985, "car_dcc": 1.381, "car_lcAssertive": 93.1855, "car_lcCooperative": 0.8705, "car_lcLookaheadLeft": 90.1896, "car_lcPushy": 0.5755, "car_lcSigma": 0.4621, "car_lcSpeedGainRight": 0.4699, "car_lcSublane": 0.2608, "car_sigma": 0.5078, "car_tau_mean": 3.3428, "car_tau_std": 9.9176, "car_v_mean": 17.4175, "car_v_std": 10.9924}, "datetime": {"datetime": "2024-08-12 02:55:10", "elapsed": 7950.986863, "delta": 9.466537}}
{"target": -0.7611442841768102, "params": {"bus_acc": 0.3395, "bus_dcc": 2.2604, "bus_lcAssertive": 97.4763, "bus_lcCooperative": 0.0539, "bus_lcLookaheadLeft": 65.8754, "bus_lcPushy": 0.961, "bus_lcSigma": 0.7183, "bus_lcSpeedGainRight": 0.8956, "bus_lcSublane": 0.5815, "bus_sigma": 0.067, "bus_tau_mean": 3.9571, "bus_tau_std": 0.3674, "bus_v_mean": 10.15, "bus_v_std": 12.9126, "car_acc": 0.5361, "car_dcc": 0.5663, "car_lcAssertive": 17.1051, "car_lcCooperative": 0.706, "car_lcLookaheadLeft": 18.1853, "car_lcPushy": 0.4937, "car_lcSigma": 0.4289, "car_lcSpeedGainRight": 3.7643, "car_lcSublane": 0.9982, "car_sigma": 0.2492, "car_tau_mean": 2.0877, "car_tau_std": 9.0326, "car_v_mean": 23.3125, "car_v_std": 15.6445}, "datetime": {"datetime": "2024-08-12 02:55:18", "elapsed": 7958.267329, "delta": 7.280466}}
{"target": -0.6231934007659009, "params": {"bus_acc": 1.4605, "bus_dcc": 0.9218, "bus_lcAssertive": 43.0242, "bus_lcCooperative": 0.9704, "bus_lcLookaheadLeft": 97.9245, "bus_lcPushy": 0.044, "bus_lcSigma": 0.3354, "bus_lcSpeedGainRight": 4.7405, "bus_lcSublane": 0.0135, "bus_sigma": 0.9156, "bus_tau_mean": 3.9966, "bus_tau_std": 8.0741, "bus_v_mean": 11.2641, "bus_v_std": 18.99, "car_acc": 2.7063, "car_dcc": 0.6383, "car_lcAssertive": 66.3838, "car_lcCooperative": 0.7433, "car_lcLookaheadLeft": 67.9309, "car_lcPushy": 0.1302, "car_lcSigma": 0.994, "car_lcSpeedGainRight": 2.4566, "car_lcSublane": 0.2571, "car_sigma": 0.9606, "car_tau_mean": 1.304, "car_tau_std": 3.9447, "car_v_mean": 25.1953, "car_v_std": 14.5436}, "datetime": {"datetime": "2024-08-12 02:55:23", "elapsed": 7963.648441, "delta": 5.381112}}
{"target": -0.8363196887216392, "params": {"bus_acc": 3.1782, "bus_dcc": 0.4262, "bus_lcAssertive": 16.8679, "bus_lcCooperative": 0.8672, "bus_lcLookaheadLeft": 19.6304, "bus_lcPushy": 0.2582, "bus_lcSigma": 0.5635, "bus_lcSpeedGainRight": 3.4495, "bus_lcSublane": 0.7787, "bus_sigma": 0.6031, "bus_tau_mean": 3.0046, "bus_tau_std": 9.2363, "bus_v_mean": 14.4206, "bus_v_std": 12.6838, "car_acc": 1.4056, "car_dcc": 0.8541, "car_lcAssertive": 42.1357, "car_lcCooperative": 0.0105, "car_lcLookaheadLeft": 84.8687, "car_lcPushy": 0.5141, "car_lcSigma": 0.8186, "car_lcSpeedGainRight": 1.1952, "car_lcSublane": 0.5925, "car_sigma": 0.7746, "car_tau_mean": 0.7186, "car_tau_std": 1.1473, "car_v_mean": 20.322, "car_v_std": 11.6518}, "datetime": {"datetime": "2024-08-12 02:55:34", "elapsed": 7974.937845, "delta": 11.289404}}
{"target": -0.6572220712322195, "params": {"bus_acc": 2.0995, "bus_dcc": 0.4503, "bus_lcAssertive": 93.2858, "bus_lcCooperative": 0.0028, "bus_lcLookaheadLeft": 93.1711, "bus_lcPushy": 0.3217, "bus_lcSigma": 0.9496, "bus_lcSpeedGainRight": 4.0551, "bus_lcSublane": 0.664, "bus_sigma": 0.9517, "bus_tau_mean": 3.0017, "bus_tau_std": 5.6825, "bus_v_mean": 8.9853, "bus_v_std": 12.8729, "car_acc": 0.7066, "car_dcc": 1.5401, "car_lcAssertive": 34.0229, "car_lcCooperative": 0.4699, "car_lcLookaheadLeft": 83.883, "car_lcPushy": 0.7323, "car_lcSigma": 0.057, "car_lcSpeedGainRight": 0.2606, "car_lcSublane": 0.7848, "car_sigma": 0.421, "car_tau_mean": 1.688, "car_tau_std": 5.9583, "car_v_mean": 25.4205, "car_v_std": 16.6776}, "datetime": {"datetime": "2024-08-12 02:55:39", "elapsed": 7980.145864, "delta": 5.208019}}
{"target": -0.42133934358335595, "params": {"bus_acc": 3.4617, "bus_dcc": 0.9944, "bus_lcAssertive": 10.2035, "bus_lcCooperative": 0.24, "bus_lcLookaheadLeft": 80.7832, "bus_lcPushy": 0.7273, "bus_lcSigma": 0.5707, "bus_lcSpeedGainRight": 2.8274, "bus_lcSublane": 0.5322, "bus_sigma": 0.1152, "bus_tau_mean": 0.8603, "bus_tau_std": 5.281, "bus_v_mean": 8.6799, "bus_v_std": 9.7569, "car_acc": 1.5362, "car_dcc": 2.7082, "car_lcAssertive": 41.8932, "car_lcCooperative": 0.5819, "car_lcLookaheadLeft": 75.2369, "car_lcPushy": 0.3188, "car_lcSigma": 0.308, "car_lcSpeedGainRight": 2.5565, "car_lcSublane": 0.448, "car_sigma": 0.0527, "car_tau_mean": 3.6506, "car_tau_std": 3.4042, "car_v_mean": 8.988, "car_v_std": 1.13}, "datetime": {"datetime": "2024-08-12 02:55:48", "elapsed": 7988.665988, "delta": 8.520124}}
{"target": -0.49821472480424545, "params": {"bus_acc": 3.3789, "bus_dcc": 1.0792, "bus_lcAssertive": 99.5015, "bus_lcCooperative": 0.9967, "bus_lcLookaheadLeft": 39.7546, "bus_lcPushy": 0.3743, "bus_lcSigma": 0.4054, "bus_lcSpeedGainRight": 4.559, "bus_lcSublane": 0.3839, "bus_sigma": 0.5144, "bus_tau_mean": 0.7721, "bus_tau_std": 9.0365, "bus_v_mean": 8.0687, "bus_v_std": 13.4477, "car_acc": 0.7576, "car_dcc": 1.3164, "car_lcAssertive": 99.8408, "car_lcCooperative": 0.6305, "car_lcLookaheadLeft": 98.766, "car_lcPushy": 0.466, "car_lcSigma": 0.6186, "car_lcSpeedGainRight": 4.823, "car_lcSublane": 0.2987, "car_sigma": 0.2553, "car_tau_mean": 2.8553, "car_tau_std": 8.6845, "car_v_mean": 19.2745, "car_v_std": 19.5528}, "datetime": {"datetime": "2024-08-12 02:55:55", "elapsed": 7995.890208, "delta": 7.22422}}
{"target": -0.5702702074746065, "params": {"bus_acc": 2.3949, "bus_dcc": 3.084, "bus_lcAssertive": 12.4783, "bus_lcCooperative": 0.1861, "bus_lcLookaheadLeft": 65.3982, "bus_lcPushy": 0.0521, "bus_lcSigma": 0.0567, "bus_lcSpeedGainRight": 1.0555, "bus_lcSublane": 0.3594, "bus_sigma": 0.8603, "bus_tau_mean": 0.8409, "bus_tau_std": 4.4139, "bus_v_mean": 14.6184, "bus_v_std": 18.3036, "car_acc": 1.5585, "car_dcc": 2.0119, "car_lcAssertive": 19.6062, "car_lcCooperative": 0.1112, "car_lcLookaheadLeft": 13.1391, "car_lcPushy": 0.067, "car_lcSigma": 0.0958, "car_lcSpeedGainRight": 3.9124, "car_lcSublane": 0.3254, "car_sigma": 0.2302, "car_tau_mean": 1.9316, "car_tau_std": 6.7961, "car_v_mean": 8.0177, "car_v_std": 15.0819}, "datetime": {"datetime": "2024-08-12 02:56:05", "elapsed": 8005.381533, "delta": 9.491325}}
{"target": -0.6276695324283168, "params": {"bus_acc": 1.1021, "bus_dcc": 2.9225, "bus_lcAssertive": 17.497, "bus_lcCooperative": 0.523, "bus_lcLookaheadLeft": 27.1714, "bus_lcPushy": 0.0304, "bus_lcSigma": 0.7159, "bus_lcSpeedGainRight": 0.9487, "bus_lcSublane": 0.9797, "bus_sigma": 0.4945, "bus_tau_mean": 3.9034, "bus_tau_std": 6.6493, "bus_v_mean": 16.714, "bus_v_std": 3.4183, "car_acc": 2.5956, "car_dcc": 2.9945, "car_lcAssertive": 9.8931, "car_lcCooperative": 0.8223, "car_lcLookaheadLeft": 44.6432, "car_lcPushy": 0.3542, "car_lcSigma": 0.9064, "car_lcSpeedGainRight": 0.1605, "car_lcSublane": 0.1883, "car_sigma": 0.8647, "car_tau_mean": 0.7519, "car_tau_std": 1.2147, "car_v_mean": 16.0889, "car_v_std": 9.2246}, "datetime": {"datetime": "2024-08-12 02:56:10", "elapsed": 8010.620874, "delta": 5.239341}}
{"target": -0.48903810615522914, "params": {"bus_acc": 0.8196, "bus_dcc": 3.3662, "bus_lcAssertive": 69.9376, "bus_lcCooperative": 0.0311, "bus_lcLookaheadLeft": 91.4221, "bus_lcPushy": 0.7861, "bus_lcSigma": 0.8372, "bus_lcSpeedGainRight": 4.1929, "bus_lcSublane": 0.6451, "bus_sigma": 0.0006, "bus_tau_mean": 3.4578, "bus_tau_std": 8.3212, "bus_v_mean": 25.04, "bus_v_std": 1.918, "car_acc": 3.0028, "car_dcc": 0.309, "car_lcAssertive": 63.2297, "car_lcCooperative": 0.2759, "car_lcLookaheadLeft": 41.6611, "car_lcPushy": 0.0687, "car_lcSigma": 0.7789, "car_lcSpeedGainRight": 4.849, "car_lcSublane": 0.9193, "car_sigma": 0.9046, "car_tau_mean": 1.6964, "car_tau_std": 0.4479, "car_v_mean": 10.0344, "car_v_std": 10.0759}, "datetime": {"datetime": "2024-08-12 02:56:15", "elapsed": 8015.775297, "delta": 5.154423}}
{"target": -0.4627371980951886, "params": {"bus_acc": 1.6738, "bus_dcc": 2.9838, "bus_lcAssertive": 98.2285, "bus_lcCooperative": 0.1414, "bus_lcLookaheadLeft": 66.7531, "bus_lcPushy": 0.047, "bus_lcSigma": 0.3175, "bus_lcSpeedGainRight": 4.7732, "bus_lcSublane": 0.0963, "bus_sigma": 0.9504, "bus_tau_mean": 2.5478, "bus_tau_std": 4.5696, "bus_v_mean": 10.7657, "bus_v_std": 5.9795, "car_acc": 2.6599, "car_dcc": 3.0877, "car_lcAssertive": 48.9171, "car_lcCooperative": 0.0835, "car_lcLookaheadLeft": 49.7921, "car_lcPushy": 0.024, "car_lcSigma": 0.0417, "car_lcSpeedGainRight": 4.222, "car_lcSublane": 0.3157, "car_sigma": 0.4702, "car_tau_mean": 1.6052, "car_tau_std": 4.9912, "car_v_mean": 8.763, "car_v_std": 4.9698}, "datetime": {"datetime": "2024-08-12 02:56:21", "elapsed": 8021.229221, "delta": 5.453924}}
{"target": -0.6337003869191158, "params": {"bus_acc": 3.8945, "bus_dcc": 3.2991, "bus_lcAssertive": 76.3418, "bus_lcCooperative": 0.8308, "bus_lcLookaheadLeft": 44.9618, "bus_lcPushy": 0.5816, "bus_lcSigma": 0.5754, "bus_lcSpeedGainRight": 2.2131, "bus_lcSublane": 0.2411, "bus_sigma": 0.1737, "bus_tau_mean": 2.9085, "bus_tau_std": 1.5385, "bus_v_mean": 11.0387, "bus_v_std": 3.5104, "car_acc": 3.9152, "car_dcc": 3.1182, "car_lcAssertive": 80.1354, "car_lcCooperative": 0.0257, "car_lcLookaheadLeft": 72.0367, "car_lcPushy": 0.9033, "car_lcSigma": 0.8936, "car_lcSpeedGainRight": 2.0945, "car_lcSublane": 0.9676, "car_sigma": 0.4075, "car_tau_mean": 0.7369, "car_tau_std": 8.3634, "car_v_mean": 21.7883, "car_v_std": 1.0845}, "datetime": {"datetime": "2024-08-12 02:56:30", "elapsed": 8030.806726, "delta": 9.577505}}
{"target": -0.27163731464299695, "params": {"bus_acc": 2.6937, "bus_dcc": 3.1079, "bus_lcAssertive": 4.372, "bus_lcCooperative": 0.4263, "bus_lcLookaheadLeft": 77.1052, "bus_lcPushy": 0.9359, "bus_lcSigma": 0.895, "bus_lcSpeedGainRight": 2.2055, "bus_lcSublane": 0.4433, "bus_sigma": 0.5078, "bus_tau_mean": 2.7619, "bus_tau_std": 4.9022, "bus_v_mean": 10.4092, "bus_v_std": 7.4876, "car_acc": 0.3834, "car_dcc": 3.4903, "car_lcAssertive": 71.4054, "car_lcCooperative": 0.7435, "car_lcLookaheadLeft": 29.4148, "car_lcPushy": 0.9293, "car_lcSigma": 0.9243, "car_lcSpeedGainRight": 4.4139, "car_lcSublane": 0.2686, "car_sigma": 0.3817, "car_tau_mean": 3.9362, "car_tau_std": 0.987, "car_v_mean": 21.9702, "car_v_std": 5.5663}, "datetime": {"datetime": "2024-08-12 02:56:43", "elapsed": 8043.191881, "delta": 12.385155}}
{"target": -0.6348812953291539, "params": {"bus_acc": 1.0217, "bus_dcc": 0.5031, "bus_lcAssertive": 23.3423, "bus_lcCooperative": 0.5179, "bus_lcLookaheadLeft": 92.5104, "bus_lcPushy": 0.7945, "bus_lcSigma": 0.1534, "bus_lcSpeedGainRight": 2.8493, "bus_lcSublane": 0.5646, "bus_sigma": 0.4611, "bus_tau_mean": 3.4255, "bus_tau_std": 6.2566, "bus_v_mean": 8.6209, "bus_v_std": 6.0688, "car_acc": 1.3894, "car_dcc": 2.7183, "car_lcAssertive": 91.0773, "car_lcCooperative": 0.6374, "car_lcLookaheadLeft": 68.1446, "car_lcPushy": 0.2113, "car_lcSigma": 0.6805, "car_lcSpeedGainRight": 3.1448, "car_lcSublane": 0.8239, "car_sigma": 0.1385, "car_tau_mean": 0.9266, "car_tau_std": 0.9587, "car_v_mean": 20.1814, "car_v_std": 3.3064}, "datetime": {"datetime": "2024-08-12 02:56:51", "elapsed": 8051.754597, "delta": 8.562716}}
{"target": -0.510685201719457, "params": {"bus_acc": 3.4794, "bus_dcc": 1.0066, "bus_lcAssertive": 33.4957, "bus_lcCooperative": 0.6148, "bus_lcLookaheadLeft": 58.1148, "bus_lcPushy": 0.4135, "bus_lcSigma": 0.0703, "bus_lcSpeedGainRight": 3.7694, "bus_lcSublane": 0.7541, "bus_sigma": 0.0929, "bus_tau_mean": 1.3223, "bus_tau_std": 2.9078, "bus_v_mean": 21.3348, "bus_v_std": 0.0259, "car_acc": 0.7854, "car_dcc": 3.199, "car_lcAssertive": 4.8381, "car_lcCooperative": 0.8253, "car_lcLookaheadLeft": 95.6293, "car_lcPushy": 0.6599, "car_lcSigma": 0.4601, "car_lcSpeedGainRight": 3.2741, "car_lcSublane": 0.7556, "car_sigma": 0.1557, "car_tau_mean": 0.9066, "car_tau_std": 6.5479, "car_v_mean": 8.0742, "car_v_std": 9.2415}, "datetime": {"datetime": "2024-08-12 02:57:01", "elapsed": 8061.750603, "delta": 9.996006}}
{"target": -0.7495675019738991, "params": {"bus_acc": 3.0954, "bus_dcc": 1.1601, "bus_lcAssertive": 33.4517, "bus_lcCooperative": 0.5445, "bus_lcLookaheadLeft": 8.6152, "bus_lcPushy": 0.1555, "bus_lcSigma": 0.5051, "bus_lcSpeedGainRight": 3.21, "bus_lcSublane": 0.1105, "bus_sigma": 0.4798, "bus_tau_mean": 1.1262, "bus_tau_std": 9.6188, "bus_v_mean": 20.3964, "bus_v_std": 0.5561, "car_acc": 2.8983, "car_dcc": 0.5967, "car_lcAssertive": 90.007, "car_lcCooperative": 0.7096, "car_lcLookaheadLeft": 90.3823, "car_lcPushy": 0.6313, "car_lcSigma": 0.2421, "car_lcSpeedGainRight": 3.0175, "car_lcSublane": 0.1184, "car_sigma": 0.7642, "car_tau_mean": 0.7701, "car_tau_std": 7.5475, "car_v_mean": 19.8087, "car_v_std": 1.8075}, "datetime": {"datetime": "2024-08-12 02:57:06", "elapsed": 8066.798801, "delta": 5.048198}}
{"target": -0.49718299724906934, "params": {"bus_acc": 3.1927, "bus_dcc": 3.9271, "bus_lcAssertive": 94.168, "bus_lcCooperative": 0.1645, "bus_lcLookaheadLeft": 42.5478, "bus_lcPushy": 0.7205, "bus_lcSigma": 0.8384, "bus_lcSpeedGainRight": 0.3582, "bus_lcSublane": 0.5281, "bus_sigma": 0.3134, "bus_tau_mean": 1.5465, "bus_tau_std": 3.9544, "bus_v_mean": 12.0949, "bus_v_std": 2.4808, "car_acc": 2.1379, "car_dcc": 1.5691, "car_lcAssertive": 71.1196, "car_lcCooperative": 0.3881, "car_lcLookaheadLeft": 9.6896, "car_lcPushy": 0.5444, "car_lcSigma": 0.0296, "car_lcSpeedGainRight": 3.1386, "car_lcSublane": 0.4168, "car_sigma": 0.9907, "car_tau_mean": 3.9483, "car_tau_std": 0.6558, "car_v_mean": 16.4178, "car_v_std": 9.9527}, "datetime": {"datetime": "2024-08-12 02:57:12", "elapsed": 8073.093326, "delta": 6.294525}}
{"target": -0.6138572920346642, "params": {"bus_acc": 0.7438, "bus_dcc": 2.895, "bus_lcAssertive": 34.8489, "bus_lcCooperative": 0.4472, "bus_lcLookaheadLeft": 77.4831, "bus_lcPushy": 0.868, "bus_lcSigma": 0.6165, "bus_lcSpeedGainRight": 4.8771, "bus_lcSublane": 0.9311, "bus_sigma": 0.2629, "bus_tau_mean": 2.858, "bus_tau_std": 7.9859, "bus_v_mean": 14.831, "bus_v_std": 1.8156, "car_acc": 3.3766, "car_dcc": 3.2348, "car_lcAssertive": 17.0259, "car_lcCooperative": 0.549, "car_lcLookaheadLeft": 86.0128, "car_lcPushy": 0.0964, "car_lcSigma": 0.1262, "car_lcSpeedGainRight": 1.0724, "car_lcSublane": 0.6001, "car_sigma": 0.3209, "car_tau_mean": 3.0209, "car_tau_std": 3.4729, "car_v_mean": 10.4426, "car_v_std": 6.2626}, "datetime": {"datetime": "2024-08-12 02:57:20", "elapsed": 8080.234025, "delta": 7.140699}}
{"target": -0.7825517128927912, "params": {"bus_acc": 2.7773, "bus_dcc": 3.9715, "bus_lcAssertive": 29.9886, "bus_lcCooperative": 0.7285, "bus_lcLookaheadLeft": 68.3452, "bus_lcPushy": 0.9579, "bus_lcSigma": 0.5724, "bus_lcSpeedGainRight": 2.3862, "bus_lcSublane": 0.4904, "bus_sigma": 0.382, "bus_tau_mean": 0.9195, "bus_tau_std": 7.896, "bus_v_mean": 13.6393, "bus_v_std": 14.3411, "car_acc": 2.2566, "car_dcc": 0.3111, "car_lcAssertive": 74.6864, "car_lcCooperative": 0.7669, "car_lcLookaheadLeft": 84.4543, "car_lcPushy": 0.186, "car_lcSigma": 0.0974, "car_lcSpeedGainRight": 2.1945, "car_lcSublane": 0.7045, "car_sigma": 0.6136, "car_tau_mean": 0.8365, "car_tau_std": 3.0776, "car_v_mean": 9.7233, "car_v_std": 11.4681}, "datetime": {"datetime": "2024-08-12 02:57:25", "elapsed": 8085.528125, "delta": 5.2941}}
{"target": -0.49880714615559557, "params": {"bus_acc": 2.3663, "bus_dcc": 3.5958, "bus_lcAssertive": 40.6746, "bus_lcCooperative": 0.8565, "bus_lcLookaheadLeft": 45.809, "bus_lcPushy": 0.9776, "bus_lcSigma": 0.302, "bus_lcSpeedGainRight": 0.8743, "bus_lcSublane": 0.4444, "bus_sigma": 0.9221, "bus_tau_mean": 1.7916, "bus_tau_std": 5.3321, "bus_v_mean": 10.6692, "bus_v_std": 12.0207, "car_acc": 2.4093, "car_dcc": 1.4154, "car_lcAssertive": 83.1344, "car_lcCooperative": 0.977, "car_lcLookaheadLeft": 67.9856, "car_lcPushy": 0.5579, "car_lcSigma": 0.5584, "car_lcSpeedGainRight": 4.9213, "car_lcSublane": 0.2729, "car_sigma": 0.0904, "car_tau_mean": 3.1108, "car_tau_std": 8.9855, "car_v_mean": 18.031, "car_v_std": 8.4224}, "datetime": {"datetime": "2024-08-12 02:57:30", "elapsed": 8090.252912, "delta": 4.724787}}
{"target": -0.5552695705005392, "params": {"bus_acc": 3.6639, "bus_dcc": 2.1152, "bus_lcAssertive": 20.9321, "bus_lcCooperative": 0.0868, "bus_lcLookaheadLeft": 52.9154, "bus_lcPushy": 0.6641, "bus_lcSigma": 0.8982, "bus_lcSpeedGainRight": 4.2432, "bus_lcSublane": 0.9613, "bus_sigma": 0.5093, "bus_tau_mean": 0.6765, "bus_tau_std": 8.3826, "bus_v_mean": 23.541, "bus_v_std": 5.9213, "car_acc": 2.9622, "car_dcc": 2.9451, "car_lcAssertive": 85.286, "car_lcCooperative": 0.4745, "car_lcLookaheadLeft": 33.482, "car_lcPushy": 0.0622, "car_lcSigma": 0.7753, "car_lcSpeedGainRight": 0.8604, "car_lcSublane": 0.3281, "car_sigma": 0.0142, "car_tau_mean": 0.5389, "car_tau_std": 2.931, "car_v_mean": 8.9464, "car_v_std": 7.0444}, "datetime": {"datetime": "2024-08-12 02:57:39", "elapsed": 8099.209013, "delta": 8.956101}}
