{"target": -0.6762847616689335, "params": {"bus_acc": 1.856, "bus_dcc": 0.5181, "bus_lcAssertive": 9.2997, "bus_lcCooperative": 0.0918, "bus_lcLookaheadLeft": 46.8659, "bus_lcPushy": 0.7284, "bus_lcSigma": 0.3556, "bus_lcSpeedGainRight": 2.2122, "bus_lcSublane": 0.5119, "bus_sigma": 0.3814, "bus_tau_mean": 2.3496, "bus_tau_std": 9.2477, "bus_v_mean": 11.7999, "bus_v_std": 9.7446, "car_acc": 3.4123, "car_dcc": 3.5731, "car_lcAssertive": 79.2946, "car_lcCooperative": 0.7444, "car_lcLookaheadLeft": 96.9322, "car_lcPushy": 0.3184, "car_lcSigma": 0.8095, "car_lcSpeedGainRight": 3.4658, "car_lcSublane": 0.552, "car_sigma": 0.0047, "car_tau_mean": 0.9364, "car_tau_std": 7.1265, "car_v_mean": 15.7443, "car_v_std": 0.262}, "datetime": {"datetime": "2024-08-12 00:55:31", "elapsed": 771.736042, "delta": 2.581073}}
{"target": -0.681062953007706, "params": {"bus_acc": 2.7867, "bus_dcc": 0.9438, "bus_lcAssertive": 77.7999, "bus_lcCooperative": 0.4562, "bus_lcLookaheadLeft": 32.6333, "bus_lcPushy": 0.4494, "bus_lcSigma": 0.568, "bus_lcSpeedGainRight": 3.0416, "bus_lcSublane": 0.6919, "bus_sigma": 0.7816, "bus_tau_mean": 3.2957, "bus_tau_std": 9.6439, "bus_v_mean": 14.1795, "bus_v_std": 16.7329, "car_acc": 2.1406, "car_dcc": 1.4173, "car_lcAssertive": 96.1282, "car_lcCooperative": 0.7564, "car_lcLookaheadLeft": 92.323, "car_lcPushy": 0.0371, "car_lcSigma": 0.1169, "car_lcSpeedGainRight": 0.2154, "car_lcSublane": 0.883, "car_sigma": 0.6032, "car_tau_mean": 3.9836, "car_tau_std": 7.334, "car_v_mean": 9.492, "car_v_std": 19.9688}, "datetime": {"datetime": "2024-08-12 00:55:33", "elapsed": 773.603978, "delta": 1.867936}}
{"target": -0.49486214149325214, "params": {"bus_acc": 0.4045, "bus_dcc": 3.9857, "bus_lcAssertive": 89.0619, "bus_lcCooperative": 0.9073, "bus_lcLookaheadLeft": 96.8074, "bus_lcPushy": 0.2634, "bus_lcSigma": 0.1053, "bus_lcSpeedGainRight": 0.4342, "bus_lcSublane": 0.5072, "bus_sigma": 0.9551, "bus_tau_mean": 0.5794, "bus_tau_std": 7.4945, "bus_v_mean": 22.4211, "bus_v_std": 19.4728, "car_acc": 2.7851, "car_dcc": 3.9505, "car_lcAssertive": 78.5151, "car_lcCooperative": 0.7911, "car_lcLookaheadLeft": 58.0669, "car_lcPushy": 0.5468, "car_lcSigma": 0.5747, "car_lcSpeedGainRight": 0.4957, "car_lcSublane": 0.6734, "car_sigma": 0.507, "car_tau_mean": 2.122, "car_tau_std": 5.6112, "car_v_mean": 11.794, "car_v_std": 12.3647}, "datetime": {"datetime": "2024-08-12 00:55:35", "elapsed": 776.140954, "delta": 2.536976}}
{"target": -0.5235093198115531, "params": {"bus_acc": 2.4311, "bus_dcc": 0.7582, "bus_lcAssertive": 67.3303, "bus_lcCooperative": 0.8114, "bus_lcLookaheadLeft": 88.1294, "bus_lcPushy": 0.4601, "bus_lcSigma": 0.5044, "bus_lcSpeedGainRight": 2.2516, "bus_lcSublane": 0.9185, "bus_sigma": 0.3334, "bus_tau_mean": 3.8275, "bus_tau_std": 1.3606, "bus_v_mean": 24.6759, "bus_v_std": 8.7565, "car_acc": 1.184, "car_dcc": 0.7957, "car_lcAssertive": 78.5901, "car_lcCooperative": 0.7498, "car_lcLookaheadLeft": 52.4137, "car_lcPushy": 0.2746, "car_lcSigma": 0.8275, "car_lcSpeedGainRight": 0.6562, "car_lcSublane": 0.1713, "car_sigma": 0.8923, "car_tau_mean": 3.3285, "car_tau_std": 6.6857, "car_v_mean": 22.8559, "car_v_std": 5.3925}, "datetime": {"datetime": "2024-08-12 00:55:37", "elapsed": 778.0519, "delta": 1.910946}}
{"target": -0.4630341369595035, "params": {"bus_acc": 0.9653, "bus_dcc": 0.4609, "bus_lcAssertive": 72.8553, "bus_lcCooperative": 0.8018, "bus_lcLookaheadLeft": 16.3868, "bus_lcPushy": 0.8308, "bus_lcSigma": 0.4308, "bus_lcSpeedGainRight": 0.8344, "bus_lcSublane": 0.1799, "bus_sigma": 0.511, "bus_tau_mean": 1.3791, "bus_tau_std": 2.1014, "bus_v_mean": 23.2397, "bus_v_std": 4.7479, "car_acc": 0.6642, "car_dcc": 3.603, "car_lcAssertive": 21.3981, "car_lcCooperative": 0.9159, "car_lcLookaheadLeft": 46.1616, "car_lcPushy": 0.3291, "car_lcSigma": 0.2263, "car_lcSpeedGainRight": 2.5672, "car_lcSublane": 0.4834, "car_sigma": 0.907, "car_tau_mean": 0.6628, "car_tau_std": 4.818, "car_v_mean": 23.8558, "car_v_std": 0.595}, "datetime": {"datetime": "2024-08-12 00:55:39", "elapsed": 779.954356, "delta": 1.902456}}
{"target": -0.5945218456928748, "params": {"bus_acc": 3.4396, "bus_dcc": 2.2338, "bus_lcAssertive": 1.5787, "bus_lcCooperative": 0.4043, "bus_lcLookaheadLeft": 60.2332, "bus_lcPushy": 0.0988, "bus_lcSigma": 0.5212, "bus_lcSpeedGainRight": 0.8591, "bus_lcSublane": 0.137, "bus_sigma": 0.4089, "bus_tau_mean": 0.5808, "bus_tau_std": 2.1403, "bus_v_mean": 15.6793, "bus_v_std": 10.5199, "car_acc": 3.4146, "car_dcc": 3.7219, "car_lcAssertive": 5.884, "car_lcCooperative": 0.0758, "car_lcLookaheadLeft": 86.1255, "car_lcPushy": 0.5804, "car_lcSigma": 0.8518, "car_lcSpeedGainRight": 1.022, "car_lcSublane": 0.9844, "car_sigma": 0.1269, "car_tau_mean": 1.0681, "car_tau_std": 8.4925, "car_v_mean": 24.152, "car_v_std": 5.3213}, "datetime": {"datetime": "2024-08-12 00:55:41", "elapsed": 781.588496, "delta": 1.63414}}
{"target": -0.6776432540228651, "params": {"bus_acc": 2.8872, "bus_dcc": 0.3199, "bus_lcAssertive": 79.0778, "bus_lcCooperative": 0.6913, "bus_lcLookaheadLeft": 33.8644, "bus_lcPushy": 0.9698, "bus_lcSigma": 0.5441, "bus_lcSpeedGainRight": 2.5778, "bus_lcSublane": 0.4502, "bus_sigma": 0.9803, "bus_tau_mean": 3.1828, "bus_tau_std": 6.5943, "bus_v_mean": 22.7096, "bus_v_std": 6.7793, "car_acc": 3.7296, "car_dcc": 3.2016, "car_lcAssertive": 28.6449, "car_lcCooperative": 0.7338, "car_lcLookaheadLeft": 27.7819, "car_lcPushy": 0.6859, "car_lcSigma": 0.0762, "car_lcSpeedGainRight": 3.8257, "car_lcSublane": 0.8472, "car_sigma": 0.4312, "car_tau_mean": 0.9977, "car_tau_std": 5.9497, "car_v_mean": 9.0295, "car_v_std": 6.1329}, "datetime": {"datetime": "2024-08-12 00:55:44", "elapsed": 784.418172, "delta": 2.829676}}
{"target": -0.6819903288130206, "params": {"bus_acc": 1.9465, "bus_dcc": 2.4196, "bus_lcAssertive": 51.0759, "bus_lcCooperative": 0.7194, "bus_lcLookaheadLeft": 43.4247, "bus_lcPushy": 0.3685, "bus_lcSigma": 0.9508, "bus_lcSpeedGainRight": 4.6279, "bus_lcSublane": 0.8111, "bus_sigma": 0.1245, "bus_tau_mean": 2.0566, "bus_tau_std": 2.5422, "bus_v_mean": 16.4556, "bus_v_std": 11.1725, "car_acc": 3.7341, "car_dcc": 0.6547, "car_lcAssertive": 78.1857, "car_lcCooperative": 0.4764, "car_lcLookaheadLeft": 88.7643, "car_lcPushy": 0.4583, "car_lcSigma": 0.6138, "car_lcSpeedGainRight": 1.6315, "car_lcSublane": 0.039, "car_sigma": 0.8362, "car_tau_mean": 0.5988, "car_tau_std": 5.4222, "car_v_mean": 10.6364, "car_v_std": 3.0541}, "datetime": {"datetime": "2024-08-12 00:55:46", "elapsed": 786.371081, "delta": 1.952909}}
{"target": -0.4019232616582061, "params": {"bus_acc": 1.2007, "bus_dcc": 3.3375, "bus_lcAssertive": 93.3134, "bus_lcCooperative": 0.842, "bus_lcLookaheadLeft": 82.9173, "bus_lcPushy": 0.7736, "bus_lcSigma": 0.4108, "bus_lcSpeedGainRight": 3.4565, "bus_lcSublane": 0.879, "bus_sigma": 0.6876, "bus_tau_mean": 3.0793, "bus_tau_std": 6.8829, "bus_v_mean": 16.525, "bus_v_std": 8.5419, "car_acc": 0.5551, "car_dcc": 1.2974, "car_lcAssertive": 66.8772, "car_lcCooperative": 0.9115, "car_lcLookaheadLeft": 50.3276, "car_lcPushy": 0.3663, "car_lcSigma": 0.5032, "car_lcSpeedGainRight": 0.7376, "car_lcSublane": 0.2329, "car_sigma": 0.4828, "car_tau_mean": 2.8361, "car_tau_std": 1.5122, "car_v_mean": 14.4534, "car_v_std": 2.3}, "datetime": {"datetime": "2024-08-12 00:55:49", "elapsed": 789.501288, "delta": 3.130207}}
{"target": -0.7214556213833383, "params": {"bus_acc": 0.6658, "bus_dcc": 1.9417, "bus_lcAssertive": 61.5866, "bus_lcCooperative": 0.0396, "bus_lcLookaheadLeft": 17.3672, "bus_lcPushy": 0.8803, "bus_lcSigma": 0.4522, "bus_lcSpeedGainRight": 4.1314, "bus_lcSublane": 0.07, "bus_sigma": 0.0954, "bus_tau_mean": 1.832, "bus_tau_std": 2.0322, "bus_v_mean": 9.2864, "bus_v_std": 8.7338, "car_acc": 2.9346, "car_dcc": 0.3424, "car_lcAssertive": 45.1096, "car_lcCooperative": 0.3863, "car_lcLookaheadLeft": 22.8892, "car_lcPushy": 0.355, "car_lcSigma": 0.3557, "car_lcSpeedGainRight": 3.6425, "car_lcSublane": 0.1714, "car_sigma": 0.1426, "car_tau_mean": 2.7178, "car_tau_std": 2.3291, "car_v_mean": 11.3659, "car_v_std": 15.1327}, "datetime": {"datetime": "2024-08-12 00:55:51", "elapsed": 791.654496, "delta": 2.153208}}
{"target": -0.762854255480689, "params": {"bus_acc": 3.9638, "bus_dcc": 2.5422, "bus_lcAssertive": 86.849, "bus_lcCooperative": 0.6952, "bus_lcLookaheadLeft": 24.4113, "bus_lcPushy": 0.9013, "bus_lcSigma": 0.0852, "bus_lcSpeedGainRight": 1.3879, "bus_lcSublane": 0.3593, "bus_sigma": 0.3518, "bus_tau_mean": 2.0008, "bus_tau_std": 5.5536, "bus_v_mean": 16.758, "bus_v_std": 19.5435, "car_acc": 3.1869, "car_dcc": 2.8958, "car_lcAssertive": 85.3503, "car_lcCooperative": 0.7842, "car_lcLookaheadLeft": 54.5994, "car_lcPushy": 0.3505, "car_lcSigma": 0.1101, "car_lcSpeedGainRight": 4.8579, "car_lcSublane": 0.6304, "car_sigma": 0.3472, "car_tau_mean": 3.1967, "car_tau_std": 0.5464, "car_v_mean": 23.4407, "car_v_std": 16.7062}, "datetime": {"datetime": "2024-08-12 00:55:58", "elapsed": 798.711935, "delta": 7.057439}}
{"target": -0.6295375525053067, "params": {"bus_acc": 0.6335, "bus_dcc": 3.611, "bus_lcAssertive": 59.0404, "bus_lcCooperative": 0.1649, "bus_lcLookaheadLeft": 52.4086, "bus_lcPushy": 0.1299, "bus_lcSigma": 0.6859, "bus_lcSpeedGainRight": 0.5803, "bus_lcSublane": 0.8293, "bus_sigma": 0.7153, "bus_tau_mean": 0.6232, "bus_tau_std": 2.3814, "bus_v_mean": 21.6339, "bus_v_std": 5.4408, "car_acc": 2.8446, "car_dcc": 2.1805, "car_lcAssertive": 17.1421, "car_lcCooperative": 0.6074, "car_lcLookaheadLeft": 55.1024, "car_lcPushy": 0.6279, "car_lcSigma": 0.6575, "car_lcSpeedGainRight": 3.8278, "car_lcSublane": 0.8967, "car_sigma": 0.1323, "car_tau_mean": 3.1172, "car_tau_std": 2.4947, "car_v_mean": 10.7257, "car_v_std": 16.2994}, "datetime": {"datetime": "2024-08-12 00:56:00", "elapsed": 801.038696, "delta": 2.326761}}
{"target": -0.6200405307257862, "params": {"bus_acc": 2.2826, "bus_dcc": 1.1614, "bus_lcAssertive": 85.2226, "bus_lcCooperative": 0.0052, "bus_lcLookaheadLeft": 74.6858, "bus_lcPushy": 0.5007, "bus_lcSigma": 0.6631, "bus_lcSpeedGainRight": 0.874, "bus_lcSublane": 0.85, "bus_sigma": 0.8846, "bus_tau_mean": 2.8296, "bus_tau_std": 5.6252, "bus_v_mean": 18.1199, "bus_v_std": 5.9692, "car_acc": 1.3468, "car_dcc": 2.423, "car_lcAssertive": 92.8023, "car_lcCooperative": 0.4173, "car_lcLookaheadLeft": 19.1079, "car_lcPushy": 0.3796, "car_lcSigma": 0.9893, "car_lcSpeedGainRight": 1.5143, "car_lcSublane": 0.4717, "car_sigma": 0.6558, "car_tau_mean": 1.6358, "car_tau_std": 4.3386, "car_v_mean": 14.038, "car_v_std": 15.2876}, "datetime": {"datetime": "2024-08-12 00:56:02", "elapsed": 803.097632, "delta": 2.058936}}
{"target": -0.6976274277389445, "params": {"bus_acc": 3.9326, "bus_dcc": 3.3249, "bus_lcAssertive": 19.4857, "bus_lcCooperative": 0.3373, "bus_lcLookaheadLeft": 73.7799, "bus_lcPushy": 0.7971, "bus_lcSigma": 0.7086, "bus_lcSpeedGainRight": 4.1087, "bus_lcSublane": 0.2014, "bus_sigma": 0.8735, "bus_tau_mean": 2.0767, "bus_tau_std": 9.0453, "bus_v_mean": 16.2923, "bus_v_std": 9.2798, "car_acc": 3.6693, "car_dcc": 3.3513, "car_lcAssertive": 14.4502, "car_lcCooperative": 0.6246, "car_lcLookaheadLeft": 68.1432, "car_lcPushy": 0.4159, "car_lcSigma": 0.5082, "car_lcSpeedGainRight": 4.6726, "car_lcSublane": 0.1107, "car_sigma": 0.497, "car_tau_mean": 1.9255, "car_tau_std": 8.1106, "car_v_mean": 13.0012, "car_v_std": 7.8708}, "datetime": {"datetime": "2024-08-12 00:56:05", "elapsed": 805.196726, "delta": 2.099094}}
{"target": -0.486323059624096, "params": {"bus_acc": 1.2282, "bus_dcc": 1.9157, "bus_lcAssertive": 40.6268, "bus_lcCooperative": 0.4299, "bus_lcLookaheadLeft": 25.5599, "bus_lcPushy": 0.1304, "bus_lcSigma": 0.6123, "bus_lcSpeedGainRight": 3.9434, "bus_lcSublane": 0.8948, "bus_sigma": 0.9626, "bus_tau_mean": 3.7477, "bus_tau_std": 5.7237, "bus_v_mean": 22.0439, "bus_v_std": 10.9146, "car_acc": 0.4507, "car_dcc": 0.77, "car_lcAssertive": 51.3885, "car_lcCooperative": 0.6392, "car_lcLookaheadLeft": 15.4097, "car_lcPushy": 0.9225, "car_lcSigma": 0.9019, "car_lcSpeedGainRight": 4.9677, "car_lcSublane": 0.2914, "car_sigma": 0.5498, "car_tau_mean": 2.306, "car_tau_std": 3.5433, "car_v_mean": 9.833, "car_v_std": 0.3944}, "datetime": {"datetime": "2024-08-12 00:56:08", "elapsed": 808.246213, "delta": 3.049487}}
{"target": -0.7892443826471918, "params": {"bus_acc": 3.68, "bus_dcc": 3.5324, "bus_lcAssertive": 58.2889, "bus_lcCooperative": 0.2357, "bus_lcLookaheadLeft": 96.5216, "bus_lcPushy": 0.1722, "bus_lcSigma": 0.5995, "bus_lcSpeedGainRight": 1.6057, "bus_lcSublane": 0.4287, "bus_sigma": 0.757, "bus_tau_mean": 1.1032, "bus_tau_std": 0.8855, "bus_v_mean": 17.2961, "bus_v_std": 3.172, "car_acc": 1.0168, "car_dcc": 0.8662, "car_lcAssertive": 23.4863, "car_lcCooperative": 0.8877, "car_lcLookaheadLeft": 81.5199, "car_lcPushy": 0.5302, "car_lcSigma": 0.8139, "car_lcSpeedGainRight": 4.0139, "car_lcSublane": 0.2472, "car_sigma": 0.9363, "car_tau_mean": 0.6236, "car_tau_std": 2.0837, "car_v_mean": 9.9741, "car_v_std": 6.5529}, "datetime": {"datetime": "2024-08-12 00:56:10", "elapsed": 810.62895, "delta": 2.382737}}
{"target": -0.9458995040094033, "params": {"bus_acc": 0.8599, "bus_dcc": 3.1495, "bus_lcAssertive": 4.823, "bus_lcCooperative": 0.7959, "bus_lcLookaheadLeft": 49.941, "bus_lcPushy": 0.5414, "bus_lcSigma": 0.457, "bus_lcSpeedGainRight": 4.5421, "bus_lcSublane": 0.4986, "bus_sigma": 0.1472, "bus_tau_mean": 3.2371, "bus_tau_std": 7.3074, "bus_v_mean": 22.9753, "bus_v_std": 17.314, "car_acc": 1.5394, "car_dcc": 3.9179, "car_lcAssertive": 30.7415, "car_lcCooperative": 0.1925, "car_lcLookaheadLeft": 88.3012, "car_lcPushy": 0.8481, "car_lcSigma": 0.8451, "car_lcSpeedGainRight": 0.0263, "car_lcSublane": 0.6524, "car_sigma": 0.8963, "car_tau_mean": 3.1404, "car_tau_std": 0.1909, "car_v_mean": 11.4849, "car_v_std": 16.4056}, "datetime": {"datetime": "2024-08-12 00:56:13", "elapsed": 813.696761, "delta": 3.067811}}
{"target": -0.24568803176615028, "params": {"bus_acc": 0.8688, "bus_dcc": 3.7925, "bus_lcAssertive": 72.6221, "bus_lcCooperative": 0.1896, "bus_lcLookaheadLeft": 24.0711, "bus_lcPushy": 0.198, "bus_lcSigma": 0.4843, "bus_lcSpeedGainRight": 0.4341, "bus_lcSublane": 0.5122, "bus_sigma": 0.9153, "bus_tau_mean": 1.5053, "bus_tau_std": 3.0943, "bus_v_mean": 24.501, "bus_v_std": 9.6576, "car_acc": 0.2749, "car_dcc": 0.9707, "car_lcAssertive": 32.0583, "car_lcCooperative": 0.3451, "car_lcLookaheadLeft": 99.3637, "car_lcPushy": 0.7651, "car_lcSigma": 0.7018, "car_lcSpeedGainRight": 0.3778, "car_lcSublane": 0.4894, "car_sigma": 0.2802, "car_tau_mean": 3.3761, "car_tau_std": 8.6361, "car_v_mean": 13.117, "car_v_std": 7.0524}, "datetime": {"datetime": "2024-08-12 00:56:15", "elapsed": 815.916018, "delta": 2.219257}}
{"target": -0.6318758676297987, "params": {"bus_acc": 3.0456, "bus_dcc": 2.5651, "bus_lcAssertive": 36.0717, "bus_lcCooperative": 0.6349, "bus_lcLookaheadLeft": 37.0878, "bus_lcPushy": 0.8591, "bus_lcSigma": 0.4903, "bus_lcSpeedGainRight": 4.9111, "bus_lcSublane": 0.2293, "bus_sigma": 0.4876, "bus_tau_mean": 0.9912, "bus_tau_std": 3.3614, "bus_v_mean": 18.0778, "bus_v_std": 11.715, "car_acc": 2.2432, "car_dcc": 0.653, "car_lcAssertive": 31.8213, "car_lcCooperative": 0.1763, "car_lcLookaheadLeft": 75.9261, "car_lcPushy": 0.6611, "car_lcSigma": 0.6091, "car_lcSpeedGainRight": 3.168, "car_lcSublane": 0.5658, "car_sigma": 0.0399, "car_tau_mean": 1.447, "car_tau_std": 3.7514, "car_v_mean": 8.271, "car_v_std": 5.2114}, "datetime": {"datetime": "2024-08-12 00:56:19", "elapsed": 820.00903, "delta": 4.093012}}
{"target": -0.4814896673069033, "params": {"bus_acc": 3.2835, "bus_dcc": 2.2617, "bus_lcAssertive": 54.0869, "bus_lcCooperative": 0.0732, "bus_lcLookaheadLeft": 69.6091, "bus_lcPushy": 0.4646, "bus_lcSigma": 0.0775, "bus_lcSpeedGainRight": 2.9424, "bus_lcSublane": 0.4204, "bus_sigma": 0.3673, "bus_tau_mean": 3.996, "bus_tau_std": 5.0031, "bus_v_mean": 19.9071, "bus_v_std": 10.6367, "car_acc": 1.2603, "car_dcc": 1.9811, "car_lcAssertive": 75.2906, "car_lcCooperative": 0.7928, "car_lcLookaheadLeft": 29.4166, "car_lcPushy": 0.7578, "car_lcSigma": 0.9429, "car_lcSpeedGainRight": 1.6972, "car_lcSublane": 0.5738, "car_sigma": 0.3807, "car_tau_mean": 1.8703, "car_tau_std": 9.1749, "car_v_mean": 23.2436, "car_v_std": 12.4036}, "datetime": {"datetime": "2024-08-12 00:56:22", "elapsed": 822.464295, "delta": 2.455265}}
{"target": -0.9041355710016082, "params": {"bus_acc": 0.684, "bus_dcc": 0.6591, "bus_lcAssertive": 76.4212, "bus_lcCooperative": 0.6413, "bus_lcLookaheadLeft": 88.7371, "bus_lcPushy": 0.9252, "bus_lcSigma": 0.3144, "bus_lcSpeedGainRight": 3.6037, "bus_lcSublane": 0.4235, "bus_sigma": 0.3987, "bus_tau_mean": 1.8737, "bus_tau_std": 1.0913, "bus_v_mean": 22.6156, "bus_v_std": 8.4649, "car_acc": 3.3713, "car_dcc": 0.3471, "car_lcAssertive": 98.2169, "car_lcCooperative": 0.8834, "car_lcLookaheadLeft": 9.1811, "car_lcPushy": 0.0361, "car_lcSigma": 0.1685, "car_lcSpeedGainRight": 3.4127, "car_lcSublane": 0.5564, "car_sigma": 0.5213, "car_tau_mean": 1.0324, "car_tau_std": 2.3779, "car_v_mean": 25.844, "car_v_std": 18.9227}, "datetime": {"datetime": "2024-08-12 00:56:24", "elapsed": 824.70086, "delta": 2.236565}}
{"target": -0.4194320002346912, "params": {"bus_acc": 3.4608, "bus_dcc": 1.1014, "bus_lcAssertive": 96.1086, "bus_lcCooperative": 0.2554, "bus_lcLookaheadLeft": 45.8869, "bus_lcPushy": 0.4242, "bus_lcSigma": 0.6977, "bus_lcSpeedGainRight": 3.997, "bus_lcSublane": 0.4026, "bus_sigma": 0.4834, "bus_tau_mean": 3.926, "bus_tau_std": 2.2653, "bus_v_mean": 17.9921, "bus_v_std": 1.7734, "car_acc": 1.0437, "car_dcc": 3.9352, "car_lcAssertive": 15.8284, "car_lcCooperative": 0.7235, "car_lcLookaheadLeft": 19.2729, "car_lcPushy": 0.8236, "car_lcSigma": 0.7392, "car_lcSpeedGainRight": 0.7119, "car_lcSublane": 0.4598, "car_sigma": 0.6138, "car_tau_mean": 2.2951, "car_tau_std": 6.4744, "car_v_mean": 8.6322, "car_v_std": 8.6081}, "datetime": {"datetime": "2024-08-12 00:56:26", "elapsed": 826.777402, "delta": 2.076542}}
{"target": -0.5308294467046835, "params": {"bus_acc": 3.0691, "bus_dcc": 3.6855, "bus_lcAssertive": 24.8164, "bus_lcCooperative": 0.6336, "bus_lcLookaheadLeft": 68.8701, "bus_lcPushy": 0.3024, "bus_lcSigma": 0.6454, "bus_lcSpeedGainRight": 3.6803, "bus_lcSublane": 0.4686, "bus_sigma": 0.5961, "bus_tau_mean": 3.4492, "bus_tau_std": 4.648, "bus_v_mean": 22.1044, "bus_v_std": 10.1777, "car_acc": 3.0474, "car_dcc": 1.2568, "car_lcAssertive": 79.0596, "car_lcCooperative": 0.092, "car_lcLookaheadLeft": 19.1106, "car_lcPushy": 0.3901, "car_lcSigma": 0.5912, "car_lcSpeedGainRight": 3.9758, "car_lcSublane": 0.7946, "car_sigma": 0.1863, "car_tau_mean": 0.636, "car_tau_std": 1.832, "car_v_mean": 10.1994, "car_v_std": 0.6105}, "datetime": {"datetime": "2024-08-12 00:56:30", "elapsed": 830.49356, "delta": 3.716158}}
{"target": -0.7699906259567117, "params": {"bus_acc": 3.1667, "bus_dcc": 0.7286, "bus_lcAssertive": 41.3551, "bus_lcCooperative": 0.2771, "bus_lcLookaheadLeft": 56.1649, "bus_lcPushy": 0.0451, "bus_lcSigma": 0.5804, "bus_lcSpeedGainRight": 1.6367, "bus_lcSublane": 0.785, "bus_sigma": 0.6182, "bus_tau_mean": 2.9464, "bus_tau_std": 9.3591, "bus_v_mean": 19.5229, "bus_v_std": 15.4817, "car_acc": 3.1274, "car_dcc": 0.2157, "car_lcAssertive": 35.648, "car_lcCooperative": 0.5404, "car_lcLookaheadLeft": 55.3144, "car_lcPushy": 0.9046, "car_lcSigma": 0.0181, "car_lcSpeedGainRight": 1.9439, "car_lcSublane": 0.0688, "car_sigma": 0.3371, "car_tau_mean": 3.3118, "car_tau_std": 0.4665, "car_v_mean": 11.1862, "car_v_std": 5.0161}, "datetime": {"datetime": "2024-08-12 00:56:32", "elapsed": 832.916651, "delta": 2.423091}}
{"target": -0.6910630615104009, "params": {"bus_acc": 3.3001, "bus_dcc": 2.004, "bus_lcAssertive": 81.9851, "bus_lcCooperative": 0.5892, "bus_lcLookaheadLeft": 82.1296, "bus_lcPushy": 0.2592, "bus_lcSigma": 0.959, "bus_lcSpeedGainRight": 2.1407, "bus_lcSublane": 0.6642, "bus_sigma": 0.1142, "bus_tau_mean": 1.4771, "bus_tau_std": 9.2209, "bus_v_mean": 25.4761, "bus_v_std": 9.8568, "car_acc": 3.2746, "car_dcc": 3.2082, "car_lcAssertive": 81.4051, "car_lcCooperative": 0.7117, "car_lcLookaheadLeft": 87.7148, "car_lcPushy": 0.5104, "car_lcSigma": 0.1301, "car_lcSpeedGainRight": 1.2254, "car_lcSublane": 0.4898, "car_sigma": 0.2594, "car_tau_mean": 3.4116, "car_tau_std": 6.8407, "car_v_mean": 12.1105, "car_v_std": 7.3457}, "datetime": {"datetime": "2024-08-12 00:56:34", "elapsed": 835.149794, "delta": 2.233143}}
{"target": -0.6656412363162724, "params": {"bus_acc": 3.1784, "bus_dcc": 2.3132, "bus_lcAssertive": 47.4506, "bus_lcCooperative": 0.4419, "bus_lcLookaheadLeft": 96.9351, "bus_lcPushy": 0.0352, "bus_lcSigma": 0.4617, "bus_lcSpeedGainRight": 0.4662, "bus_lcSublane": 0.2703, "bus_sigma": 0.2918, "bus_tau_mean": 2.829, "bus_tau_std": 0.5832, "bus_v_mean": 23.8176, "bus_v_std": 16.5543, "car_acc": 2.7538, "car_dcc": 1.3126, "car_lcAssertive": 74.1457, "car_lcCooperative": 0.6691, "car_lcLookaheadLeft": 76.8607, "car_lcPushy": 0.3765, "car_lcSigma": 0.7308, "car_lcSpeedGainRight": 3.216, "car_lcSublane": 0.37, "car_sigma": 0.3023, "car_tau_mean": 2.5106, "car_tau_std": 3.9345, "car_v_mean": 17.305, "car_v_std": 14.4681}, "datetime": {"datetime": "2024-08-12 00:56:37", "elapsed": 837.630108, "delta": 2.480314}}
