{"target": -0.7573557148346423, "params": {"bus_acc": 3.7438627595412215, "bus_dcc": 2.8479090136616207, "bus_lcAssertive": 7.534017099484187, "bus_lcCooperative": 0.7554630526024664, "bus_lcLookaheadLeft": 75.87986646920214, "bus_lcPushy": 0.9230245355464833, "bus_lcSigma": 0.7115247586284718, "bus_lcSpeedGainRight": 0.6213548098608235, "bus_lcSublane": 0.01988013383979559, "bus_sigma": 0.026210986877719278, "bus_tau_mean": 0.5990727080727811, "bus_tau_std": 2.462110676030459, "bus_v_mean": 23.480503076291985, "bus_v_std": 10.776621286833057, "car_acc": 2.3007235190059103, "car_dcc": 3.3997173909665017, "car_lcAssertive": 13.293158196871204, "car_lcCooperative": 0.2791836790111395, "car_lcLookaheadLeft": 59.40440860291221, "car_lcPushy": 0.9695957483196745, "car_lcSigma": 0.56103021925571, "car_lcSpeedGainRight": 0.0932364468647151, "car_lcSublane": 0.8006326726806163, "car_sigma": 0.23297427384102043, "car_tau_mean": 3.324868184665727, "car_tau_std": 3.8786064406417173, "car_v_mean": 23.543753382069717, "car_v_std": 14.942432854743693}, "datetime": {"datetime": "2024-08-12 00:43:48", "elapsed": 69.017696, "delta": 0.838729}}
{"target": -0.6052168452223174, "params": {"bus_acc": 1.261417275342061, "bus_dcc": 3.6803391476557406, "bus_lcAssertive": 20.624996730805222, "bus_lcCooperative": 0.28571649537130284, "bus_lcLookaheadLeft": 6.670161087028536, "bus_lcPushy": 0.44757914405063814, "bus_lcSigma": 0.5575878151711118, "bus_lcSpeedGainRight": 2.867805412885476, "bus_lcSublane": 0.905377379959673, "bus_sigma": 0.34741393280060506, "bus_tau_mean": 2.0663493285693932, "bus_tau_std": 8.512376625014975, "bus_v_mean": 18.382927458176447, "bus_v_std": 13.079858697554673, "car_acc": 1.2577654554984008, "car_dcc": 2.0523909461782264, "car_lcAssertive": 62.47428637046675, "car_lcCooperative": 0.13339403014523998, "car_lcLookaheadLeft": 5.225054226068378, "car_lcPushy": 0.11341100113082614, "car_lcSigma": 0.47746107633965307, "car_lcSpeedGainRight": 0.12013367315404255, "car_lcSublane": 0.6262089291372217, "car_sigma": 0.09758261797608447, "car_tau_mean": 1.37836538200686, "car_tau_std": 4.264929458562184, "car_v_mean": 10.084881440712483, "car_v_std": 5.411039875949328}, "datetime": {"datetime": "2024-08-12 00:43:49", "elapsed": 69.643931, "delta": 0.626235}}
{"target": -0.5890567954263903, "params": {"bus_acc": 1.7905964979035747, "bus_dcc": 2.7971666206319443, "bus_lcAssertive": 40.40107330138432, "bus_lcCooperative": 0.5057420174508104, "bus_lcLookaheadLeft": 20.576066877724877, "bus_lcPushy": 0.9649889241109139, "bus_lcSigma": 0.2942156882442547, "bus_lcSpeedGainRight": 0.5172977805820067, "bus_lcSublane": 0.1443154002290481, "bus_sigma": 0.014092294192442956, "bus_tau_mean": 3.005809948118381, "bus_tau_std": 5.644983202408741, "bus_v_mean": 22.30241032132554, "bus_v_std": 10.141598465682728, "car_acc": 3.2089199501157846, "car_dcc": 2.84390401423299, "car_lcAssertive": 78.00699920905836, "car_lcCooperative": 0.4064828689770863, "car_lcLookaheadLeft": 65.48152205237315, "car_lcPushy": 0.1797942976929744, "car_lcSigma": 0.321819963387904, "car_lcSpeedGainRight": 0.8630231005989625, "car_lcSublane": 0.4086372250132624, "car_sigma": 0.2414187479655988, "car_tau_mean": 1.9242269794527527, "car_tau_std": 9.75222342437312, "car_v_mean": 13.765747864796563, "car_v_std": 19.649818899497905}, "datetime": {"datetime": "2024-08-12 00:43:50", "elapsed": 70.389441, "delta": 0.74551}}
{"target": -0.5665019062949106, "params": {"bus_acc": 3.1728846407765885, "bus_dcc": 2.2705580853695393, "bus_lcAssertive": 23.500460760100726, "bus_lcCooperative": 0.22420283925593631, "bus_lcLookaheadLeft": 27.51902335654698, "bus_lcPushy": 0.308872752316256, "bus_lcSigma": 0.38770513178140986, "bus_lcSpeedGainRight": 1.487744661886186, "bus_lcSublane": 0.6795558945331504, "bus_sigma": 0.03507361930507891, "bus_tau_mean": 1.6483861022597883, "bus_tau_std": 7.452918728580155, "bus_v_mean": 24.970543731355125, "bus_v_std": 16.054651003151022, "car_acc": 1.115139596371905, "car_dcc": 1.0850787798585604, "car_lcAssertive": 19.843342677001722, "car_lcCooperative": 0.8824975348586093, "car_lcLookaheadLeft": 25.309857349639547, "car_lcPushy": 0.7581806234131274, "car_lcSigma": 0.26104973140468657, "car_lcSpeedGainRight": 0.16540921703757816, "car_lcSublane": 0.7334477000687659, "car_sigma": 0.7262018097952009, "car_tau_mean": 0.8113568883636871, "car_tau_std": 3.267012579296016, "car_v_mean": 25.070575223402408, "car_v_std": 3.2589799716436896}, "datetime": {"datetime": "2024-08-12 00:43:51", "elapsed": 71.337474, "delta": 0.948033}}
{"target": -0.6196376150537012, "params": {"bus_acc": 0.9517645816620934, "bus_dcc": 1.8314567459426707, "bus_lcAssertive": 34.33785387141556, "bus_lcCooperative": 0.991945011907281, "bus_lcLookaheadLeft": 39.263176619491944, "bus_lcPushy": 0.992700873664818, "bus_lcSigma": 0.5188042507334142, "bus_lcSpeedGainRight": 0.8613985073856273, "bus_lcSublane": 0.07457407125147986, "bus_sigma": 0.37030569377388767, "bus_tau_mean": 0.9319660093515546, "bus_tau_std": 6.345187162918417, "bus_v_mean": 15.45055722312936, "bus_v_std": 19.818312650509004, "car_acc": 3.733831369882608, "car_dcc": 0.7670969227770501, "car_lcAssertive": 40.09334399114325, "car_lcCooperative": 0.46157971096238615, "car_lcLookaheadLeft": 56.97297800195063, "car_lcPushy": 0.7803635232892685, "car_lcSigma": 0.48719390907342375, "car_lcSpeedGainRight": 2.099967760051204, "car_lcSublane": 0.26199970471933565, "car_sigma": 0.9108061390867584, "car_tau_mean": 0.5779502903648146, "car_tau_std": 8.211218982189646, "car_v_mean": 11.392431193995533, "car_v_std": 13.715137983450944}, "datetime": {"datetime": "2024-08-12 00:43:52", "elapsed": 72.391325, "delta": 1.053851}}
{"target": -0.6590651158910573, "params": {"bus_acc": 2.8873129171798926, "bus_dcc": 2.4454222780635457, "bus_lcAssertive": 81.92084476931544, "bus_lcCooperative": 0.907644646099839, "bus_lcLookaheadLeft": 2.245740847456469, "bus_lcPushy": 0.39722776623376177, "bus_lcSigma": 0.5614096837184815, "bus_lcSpeedGainRight": 3.669615681424383, "bus_lcSublane": 0.08747276218504352, "bus_sigma": 0.3997549876808645, "bus_tau_mean": 1.478674128074471, "bus_tau_std": 4.235100531051829, "bus_v_mean": 16.96361538811919, "bus_v_std": 13.20030447052102, "car_acc": 2.0856973280870608, "car_dcc": 2.557779162299724, "car_lcAssertive": 58.66154632703304, "car_lcCooperative": 0.42833239803885637, "car_lcLookaheadLeft": 2.487683741704008, "car_lcPushy": 0.19451641385960183, "car_lcSigma": 0.3202066542862888, "car_lcSpeedGainRight": 0.7348906292746565, "car_lcSublane": 0.5986638816064357, "car_sigma": 0.6114994766596024, "car_tau_mean": 2.2503264085892534, "car_tau_std": 3.2084890160086452, "car_v_mean": 19.758644936440177, "car_v_std": 3.8056696535808743}, "datetime": {"datetime": "2024-08-12 00:43:53", "elapsed": 73.199446, "delta": 0.808121}}
{"target": -0.6939840523358657, "params": {"bus_acc": 2.617963278252738, "bus_dcc": 1.6253458698968617, "bus_lcAssertive": 85.89096540927606, "bus_lcCooperative": 0.6195867393685738, "bus_lcLookaheadLeft": 26.699241852822258, "bus_lcPushy": 0.7928556779768876, "bus_lcSigma": 0.43293850873416306, "bus_lcSpeedGainRight": 1.787555836652207, "bus_lcSublane": 0.33027693652508094, "bus_sigma": 0.6973688756131394, "bus_tau_mean": 1.440275433671793, "bus_tau_std": 8.0827801370538, "bus_v_mean": 13.31519829919726, "bus_v_std": 10.882427671707145, "car_acc": 2.054101668859769, "car_dcc": 3.4503543678624053, "car_lcAssertive": 88.9502570051432, "car_lcCooperative": 0.18438444236776674, "car_lcLookaheadLeft": 59.3641489759486, "car_lcPushy": 0.8982050460171371, "car_lcSigma": 0.4461172190344297, "car_lcSpeedGainRight": 4.609341527419077, "car_lcSublane": 0.2789908904569709, "car_sigma": 0.6088311741937957, "car_tau_mean": 2.8885879841838538, "car_tau_std": 2.282057333504841, "car_v_mean": 8.247815226038902, "car_v_std": 8.334479247413922}, "datetime": {"datetime": "2024-08-12 00:43:53", "elapsed": 73.997727, "delta": 0.798281}}
{"target": -0.6284708642091498, "params": {"bus_acc": 3.538911710000082, "bus_dcc": 1.1674828715101924, "bus_lcAssertive": 76.85264815507935, "bus_lcCooperative": 0.9410132668189013, "bus_lcLookaheadLeft": 2.1012274004579936, "bus_lcPushy": 0.47608911800210485, "bus_lcSigma": 0.6570403290247293, "bus_lcSpeedGainRight": 4.216616069597612, "bus_lcSublane": 0.18373941187600173, "bus_sigma": 0.8561592379873718, "bus_tau_mean": 1.7752791794995977, "bus_tau_std": 8.922739292761724, "bus_v_mean": 8.49881132220257, "bus_v_std": 1.7078027824634123, "car_acc": 3.9293597698656275, "car_dcc": 2.516107317939287, "car_lcAssertive": 42.345602334604145, "car_lcCooperative": 0.16921418469369054, "car_lcLookaheadLeft": 65.69031300278962, "car_lcPushy": 0.03697506835935782, "car_lcSigma": 0.31161391346070466, "car_lcSpeedGainRight": 1.6173959849453767, "car_lcSublane": 0.6074418935145536, "car_sigma": 0.6508312566756971, "car_tau_mean": 3.4611910973276427, "car_tau_std": 9.275809425975435, "car_v_mean": 19.888239096999794, "car_v_std": 11.563478368170763}, "datetime": {"datetime": "2024-08-12 00:43:55", "elapsed": 75.207143, "delta": 1.209416}}
{"target": -0.5512527327560118, "params": {"bus_acc": 0.7426144746514016, "bus_dcc": 0.5575810430986299, "bus_lcAssertive": 87.14898287433239, "bus_lcCooperative": 0.23686870355699852, "bus_lcLookaheadLeft": 39.82839308021436, "bus_lcPushy": 0.5715420927253323, "bus_lcSigma": 0.52580196995147, "bus_lcSpeedGainRight": 0.38011939721053434, "bus_lcSublane": 0.8741259355980283, "bus_sigma": 0.9511356184186921, "bus_tau_mean": 3.3437755646113514, "bus_tau_std": 2.8380183494687428, "bus_v_mean": 17.50124233012327, "bus_v_std": 6.788334480352189, "car_acc": 2.307735780993134, "car_dcc": 3.9027331818694098, "car_lcAssertive": 31.858588854179157, "car_lcCooperative": 0.6687966059228697, "car_lcLookaheadLeft": 33.94478631628061, "car_lcPushy": 0.7744772660150796, "car_lcSigma": 0.3258099666132048, "car_lcSpeedGainRight": 4.449136707236875, "car_lcSublane": 0.7517077209192669, "car_sigma": 0.7626320954451107, "car_tau_mean": 2.14317659995974, "car_tau_std": 2.107645024687054, "car_v_mean": 8.746551432376979, "car_v_std": 6.43657599940489}, "datetime": {"datetime": "2024-08-12 00:43:56", "elapsed": 76.534633, "delta": 1.32749}}
{"target": -0.2637886366342177, "params": {"bus_acc": 1.1428235634286643, "bus_dcc": 3.4133368564783524, "bus_lcAssertive": 98.68106705184017, "bus_lcCooperative": 0.06657080313237929, "bus_lcLookaheadLeft": 71.9649471621622, "bus_lcPushy": 0.3301155521990743, "bus_lcSigma": 0.6254353783114329, "bus_lcSpeedGainRight": 1.290648246409355, "bus_lcSublane": 0.6510076093084951, "bus_sigma": 0.37114718446272954, "bus_tau_mean": 1.5318730783793728, "bus_tau_std": 9.117631736977987, "bus_v_mean": 24.964979736071733, "bus_v_std": 12.27100053120271, "car_acc": 1.014977567156632, "car_dcc": 3.7697917094434055, "car_lcAssertive": 75.29490112560909, "car_lcCooperative": 0.7510898073228061, "car_lcLookaheadLeft": 22.748690815151647, "car_lcPushy": 0.8301565261622993, "car_lcSigma": 0.24009515416121008, "car_lcSpeedGainRight": 3.158103726250801, "car_lcSublane": 0.7107395698995863, "car_sigma": 0.7423834297071017, "car_tau_mean": 1.8659264660985333, "car_tau_std": 7.598253967160974, "car_v_mean": 24.252846238190777, "car_v_std": 11.748400384751537}, "datetime": {"datetime": "2024-08-12 00:43:57", "elapsed": 77.407225, "delta": 0.872592}}
{"target": -0.5554872720509808, "params": {"bus_acc": 1.181116923228439, "bus_dcc": 0.3415129713209823, "bus_lcAssertive": 2.589168707539145, "bus_lcCooperative": 0.15270593118117648, "bus_lcLookaheadLeft": 47.284250913778735, "bus_lcPushy": 0.7559010975378051, "bus_lcSigma": 0.7288149319451539, "bus_lcSpeedGainRight": 1.7619472124151836, "bus_lcSublane": 0.4791392787629136, "bus_sigma": 0.8140737533756652, "bus_tau_mean": 3.4344101723264266, "bus_tau_std": 3.199167004179855, "bus_v_mean": 8.076770331327928, "bus_v_std": 0.9386168645246529, "car_acc": 3.0036680348951394, "car_dcc": 1.2360026680755305, "car_lcAssertive": 48.667095406478566, "car_lcCooperative": 0.1920312660311443, "car_lcLookaheadLeft": 85.01706577605505, "car_lcPushy": 0.5033776096365531, "car_lcSigma": 0.5271601757222614, "car_lcSpeedGainRight": 1.4403979404287743, "car_lcSublane": 0.5119992306639229, "car_sigma": 0.0019636453825200295, "car_tau_mean": 1.4705326412012352, "car_tau_std": 3.487629835384359, "car_v_mean": 13.111115953202647, "car_v_std": 1.7190445515483566}, "datetime": {"datetime": "2024-08-12 00:43:58", "elapsed": 78.270419, "delta": 0.863194}}
{"target": -0.4944730772537609, "params": {"bus_acc": 2.182768595089422, "bus_dcc": 3.1962207068193575, "bus_lcAssertive": 94.31724512520901, "bus_lcCooperative": 0.49728979211666346, "bus_lcLookaheadLeft": 60.18787811883346, "bus_lcPushy": 0.2908599378104706, "bus_lcSigma": 0.1491595089201888, "bus_lcSpeedGainRight": 0.6593584536422054, "bus_lcSublane": 0.7323607758695577, "bus_sigma": 0.7344694353499344, "bus_tau_mean": 1.1277250582282232, "bus_tau_std": 4.135603797757918, "bus_v_mean": 18.69459790204771, "bus_v_std": 2.505638923722975, "car_acc": 3.18440200950169, "car_dcc": 2.5559703726169083, "car_lcAssertive": 61.906947459337, "car_lcCooperative": 0.7012080919186323, "car_lcLookaheadLeft": 98.74394204250468, "car_lcPushy": 0.5623944559571782, "car_lcSigma": 0.864416261698348, "car_lcSpeedGainRight": 2.0935433752858295, "car_lcSublane": 0.6544693512274343, "car_sigma": 0.9252611878587662, "car_tau_mean": 2.8245278547542636, "car_tau_std": 3.030806759430662, "car_v_mean": 19.15902248950934, "car_v_std": 7.0263664071638505}, "datetime": {"datetime": "2024-08-12 00:43:59", "elapsed": 79.566009, "delta": 1.29559}}
{"target": -0.6132410129948546, "params": {"bus_acc": 3.5439934965410407, "bus_dcc": 3.6345994321402135, "bus_lcAssertive": 66.60926142515096, "bus_lcCooperative": 0.2702082620297578, "bus_lcLookaheadLeft": 26.731936747449794, "bus_lcPushy": 0.8548979426974024, "bus_lcSigma": 0.5277146463087466, "bus_lcSpeedGainRight": 4.01080542002299, "bus_lcSublane": 0.5724885171916063, "bus_sigma": 0.7331425252875111, "bus_tau_mean": 2.3165406961241954, "bus_tau_std": 7.70883910501888, "bus_v_mean": 18.23944383268488, "bus_v_std": 9.314197571839617, "car_acc": 1.5022178502224706, "car_dcc": 0.45919552398347563, "car_lcAssertive": 38.414493753481885, "car_lcCooperative": 0.07962607769825236, "car_lcLookaheadLeft": 98.3160771455836, "car_lcPushy": 0.18161285133076377, "car_lcSigma": 0.8118586977205398, "car_lcSpeedGainRight": 4.374808224779491, "car_lcSublane": 0.6884132523859433, "car_sigma": 0.5694944127453757, "car_tau_mean": 1.0634000288546308, "car_tau_std": 4.668800227633064, "car_v_mean": 14.21309692079387, "car_v_std": 4.500799156281692}, "datetime": {"datetime": "2024-08-12 00:44:00", "elapsed": 80.388069, "delta": 0.82206}}
{"target": -0.3817263559969582, "params": {"bus_acc": 0.5435569196402348, "bus_dcc": 0.6901087397406491, "bus_lcAssertive": 11.420990139615903, "bus_lcCooperative": 0.17272746332288003, "bus_lcLookaheadLeft": 14.390227248389131, "bus_lcPushy": 0.7783008900676276, "bus_lcSigma": 0.039411512184444275, "bus_lcSpeedGainRight": 1.2077920867043201, "bus_lcSublane": 0.8790664013584655, "bus_sigma": 0.9735188608362936, "bus_tau_mean": 2.6189770270446684, "bus_tau_std": 9.762382645603884, "bus_v_mean": 8.782127750869583, "bus_v_std": 18.97145536752015, "car_acc": 1.382925113333435, "car_dcc": 3.2360967933740534, "car_lcAssertive": 81.25228124124325, "car_lcCooperative": 0.8599985915803449, "car_lcLookaheadLeft": 46.9379794684451, "car_lcPushy": 0.9306443921654484, "car_lcSigma": 0.2578929844270399, "car_lcSpeedGainRight": 4.672227462647923, "car_lcSublane": 0.6191196332516605, "car_sigma": 0.9854449149448306, "car_tau_mean": 0.6142535308690733, "car_tau_std": 7.251666588327083, "car_v_mean": 18.17997623684686, "car_v_std": 9.848480947966392}, "datetime": {"datetime": "2024-08-12 00:44:01", "elapsed": 81.441664, "delta": 1.053595}}
{"target": -0.5277569623039585, "params": {"bus_acc": 0.9029352690931534, "bus_dcc": 3.408188019285374, "bus_lcAssertive": 98.27638914120345, "bus_lcCooperative": 0.9137396248416316, "bus_lcLookaheadLeft": 36.04220319653566, "bus_lcPushy": 0.7802245796913637, "bus_lcSigma": 0.5464545907014307, "bus_lcSpeedGainRight": 4.082211987779688, "bus_lcSublane": 0.48372695118890585, "bus_sigma": 0.5899512982994037, "bus_tau_mean": 3.255422066334915, "bus_tau_std": 1.0023464310313235, "bus_v_mean": 17.666128103129733, "bus_v_std": 7.319666933393085, "car_acc": 2.4963660059417143, "car_dcc": 3.843449559420602, "car_lcAssertive": 39.889471554699284, "car_lcCooperative": 0.39297299794161644, "car_lcLookaheadLeft": 79.48242537178068, "car_lcPushy": 0.6450783990854264, "car_lcSigma": 0.3938840078553765, "car_lcSpeedGainRight": 3.444775241151257, "car_lcSublane": 0.404001609054379, "car_sigma": 0.1361131542481221, "car_tau_mean": 2.0772514403524704, "car_tau_std": 3.344193926972726, "car_v_mean": 11.923440741101022, "car_v_std": 18.515496032728798}, "datetime": {"datetime": "2024-08-12 00:44:02", "elapsed": 82.271402, "delta": 0.829738}}
{"target": -0.7382213587850014, "params": {"bus_acc": 2.7025585579217752, "bus_dcc": 0.8885424514246743, "bus_lcAssertive": 79.01690556605841, "bus_lcCooperative": 0.6028653375383973, "bus_lcLookaheadLeft": 98.07262274345813, "bus_lcPushy": 0.22238319353117575, "bus_lcSigma": 0.4662664741665735, "bus_lcSpeedGainRight": 4.478209012997233, "bus_lcSublane": 0.6014334096987881, "bus_sigma": 0.725958845848815, "bus_tau_mean": 1.947845574704761, "bus_tau_std": 6.843096218313198, "bus_v_mean": 25.02899053725614, "bus_v_std": 4.003721314786441, "car_acc": 3.2679880027338175, "car_dcc": 3.8842444459796064, "car_lcAssertive": 2.4423044445698414, "car_lcCooperative": 0.21520958659442757, "car_lcLookaheadLeft": 13.502938190686715, "car_lcPushy": 0.7674235177414532, "car_lcSigma": 0.08121658594273329, "car_lcSpeedGainRight": 4.992067792954538, "car_lcSublane": 0.38961201587930516, "car_sigma": 0.9052027659330404, "car_tau_mean": 1.1600216122481375, "car_tau_std": 4.408721998222909, "car_v_mean": 23.206612742111663, "car_v_std": 11.905395613465124}, "datetime": {"datetime": "2024-08-12 00:44:03", "elapsed": 83.264652, "delta": 0.99325}}
{"target": -0.3977229547500339, "params": {"bus_acc": 0.7531212784019088, "bus_dcc": 0.7993742655080265, "bus_lcAssertive": 19.575535617340964, "bus_lcCooperative": 0.6224959022999211, "bus_lcLookaheadLeft": 90.76933060881358, "bus_lcPushy": 0.9899551783590737, "bus_lcSigma": 0.7111224587658159, "bus_lcSpeedGainRight": 3.6590020457114765, "bus_lcSublane": 0.9092932045442544, "bus_sigma": 0.4008737323711209, "bus_tau_mean": 1.3744773807876287, "bus_tau_std": 1.7343017078712286, "bus_v_mean": 10.150226906007122, "bus_v_std": 16.252211760656575, "car_acc": 0.757811018985524, "car_dcc": 1.2043304343622225, "car_lcAssertive": 82.08982868471955, "car_lcCooperative": 0.31058725179421, "car_lcLookaheadLeft": 98.2769100307084, "car_lcPushy": 0.2666387021516352, "car_lcSigma": 0.5336533449712114, "car_lcSpeedGainRight": 1.5723350559292482, "car_lcSublane": 0.9107728311738374, "car_sigma": 0.36655664385123443, "car_tau_mean": 2.017573145456076, "car_tau_std": 5.122926922783614, "car_v_mean": 24.89995659265484, "car_v_std": 0.6189801254230143}, "datetime": {"datetime": "2024-08-12 00:44:04", "elapsed": 84.32101, "delta": 1.056358}}
{"target": -0.48496843549405444, "params": {"bus_acc": 3.14275850667695, "bus_dcc": 2.3005168668895917, "bus_lcAssertive": 89.0239778216408, "bus_lcCooperative": 0.354952851149572, "bus_lcLookaheadLeft": 26.06083065827773, "bus_lcPushy": 0.9110192396569683, "bus_lcSigma": 0.04353426375776537, "bus_lcSpeedGainRight": 4.753767140305011, "bus_lcSublane": 0.5564069156709253, "bus_sigma": 0.3763632166870875, "bus_tau_mean": 3.982683128186889, "bus_tau_std": 0.5836264614763165, "bus_v_mean": 17.300714475817017, "bus_v_std": 0.621941509110957, "car_acc": 2.370467808907687, "car_dcc": 0.8857803341814392, "car_lcAssertive": 63.46496083361352, "car_lcCooperative": 0.9809236757505815, "car_lcLookaheadLeft": 87.74045001881333, "car_lcPushy": 0.45183624942087064, "car_lcSigma": 0.7084608700517172, "car_lcSpeedGainRight": 3.8873437500159462, "car_lcSublane": 0.4948430841825636, "car_sigma": 0.5285334901775651, "car_tau_mean": 1.027745394302674, "car_tau_std": 3.6939992561190627, "car_v_mean": 10.55998255531016, "car_v_std": 14.537875066891253}, "datetime": {"datetime": "2024-08-12 00:44:05", "elapsed": 85.236002, "delta": 0.914992}}
{"target": -0.2990973270271452, "params": {"bus_acc": 1.0327844618775806, "bus_dcc": 1.8294426330735372, "bus_lcAssertive": 85.08773897233483, "bus_lcCooperative": 0.45037964247172024, "bus_lcLookaheadLeft": 93.67117117269206, "bus_lcPushy": 0.352679327251738, "bus_lcSigma": 0.6193921656967597, "bus_lcSpeedGainRight": 4.903495181778901, "bus_lcSublane": 0.6434625222408049, "bus_sigma": 0.04549821604060378, "bus_tau_mean": 2.1224498183309914, "bus_tau_std": 3.3475134371366377, "bus_v_mean": 17.579267873390144, "bus_v_std": 5.694924172262628, "car_acc": 0.6645926748740105, "car_dcc": 2.739498157253047, "car_lcAssertive": 68.45461573423933, "car_lcCooperative": 0.8671392999990885, "car_lcLookaheadLeft": 14.973386369148269, "car_lcPushy": 0.798620308278031, "car_lcSigma": 0.826768738405129, "car_lcSpeedGainRight": 3.2327496787557597, "car_lcSublane": 0.20492214578063384, "car_sigma": 0.2614207144058379, "car_tau_mean": 1.9647388613871148, "car_tau_std": 5.417990727827313, "car_v_mean": 16.593883200659906, "car_v_std": 9.349197840907388}, "datetime": {"datetime": "2024-08-12 00:44:06", "elapsed": 86.180573, "delta": 0.944571}}
