{"target": -0.35615443483322534, "params": {"bus_acc": 0.7537, "bus_dcc": 2.1354, "bus_lcAssertive": 88.6205, "bus_lcCooperative": 0.6771, "bus_lcLookaheadLeft": 12.3688, "bus_lcPushy": 0.2436, "bus_lcSigma": 0.7852, "bus_lcSpeedGainRight": 2.3971, "bus_lcSublane": 0.8018, "bus_sigma": 0.0563, "bus_tau_mean": 3.9455, "bus_tau_std": 2.8707, "bus_v_mean": 19.2147, "bus_v_std": 10.5979, "car_acc": 0.9276, "car_dcc": 3.278, "car_lcAssertive": 91.4329, "car_lcCooperative": 0.0333, "car_lcLookaheadLeft": 66.6791, "car_lcPushy": 0.7828, "car_lcSigma": 0.8937, "car_lcSpeedGainRight": 3.3703, "car_lcSublane": 0.2893, "car_sigma": 0.7604, "car_tau_mean": 1.0928, "car_tau_std": 5.2067, "car_v_mean": 25.501, "car_v_std": 18.9349}, "datetime": {"datetime": "2024-08-12 03:21:42", "elapsed": 9542.339217, "delta": 5.714472}}
{"target": -0.43030749327413753, "params": {"bus_acc": 2.1722, "bus_dcc": 0.7569, "bus_lcAssertive": 84.1808, "bus_lcCooperative": 0.9054, "bus_lcLookaheadLeft": 99.6794, "bus_lcPushy": 0.072, "bus_lcSigma": 0.0205, "bus_lcSpeedGainRight": 2.1787, "bus_lcSublane": 0.1919, "bus_sigma": 0.0509, "bus_tau_mean": 1.9792, "bus_tau_std": 7.0718, "bus_v_mean": 22.6283, "bus_v_std": 5.2078, "car_acc": 2.8369, "car_dcc": 2.4545, "car_lcAssertive": 38.2598, "car_lcCooperative": 0.5693, "car_lcLookaheadLeft": 81.5585, "car_lcPushy": 0.7439, "car_lcSigma": 0.0433, "car_lcSpeedGainRight": 2.3052, "car_lcSublane": 0.1818, "car_sigma": 0.3646, "car_tau_mean": 1.8298, "car_tau_std": 9.8096, "car_v_mean": 10.8158, "car_v_std": 0.2214}, "datetime": {"datetime": "2024-08-12 03:21:48", "elapsed": 9548.591331, "delta": 6.252114}}
{"target": -0.35413913741926634, "params": {"bus_acc": 2.4288, "bus_dcc": 2.9344, "bus_lcAssertive": 75.0171, "bus_lcCooperative": 0.8047, "bus_lcLookaheadLeft": 17.1067, "bus_lcPushy": 0.4573, "bus_lcSigma": 0.8342, "bus_lcSpeedGainRight": 0.5743, "bus_lcSublane": 0.1103, "bus_sigma": 0.3779, "bus_tau_mean": 3.6902, "bus_tau_std": 6.4522, "bus_v_mean": 9.4542, "bus_v_std": 4.8061, "car_acc": 0.5066, "car_dcc": 3.3233, "car_lcAssertive": 18.9678, "car_lcCooperative": 0.1581, "car_lcLookaheadLeft": 45.09, "car_lcPushy": 0.8627, "car_lcSigma": 0.3558, "car_lcSpeedGainRight": 3.3622, "car_lcSublane": 0.6196, "car_sigma": 0.9765, "car_tau_mean": 2.7605, "car_tau_std": 5.6734, "car_v_mean": 21.8248, "car_v_std": 11.5437}, "datetime": {"datetime": "2024-08-12 03:21:58", "elapsed": 9559.050875, "delta": 10.459544}}
{"target": -0.7181294728877027, "params": {"bus_acc": 2.6041, "bus_dcc": 3.7949, "bus_lcAssertive": 38.3807, "bus_lcCooperative": 0.0491, "bus_lcLookaheadLeft": 55.8411, "bus_lcPushy": 0.4106, "bus_lcSigma": 0.6307, "bus_lcSpeedGainRight": 1.497, "bus_lcSublane": 0.8654, "bus_sigma": 0.96, "bus_tau_mean": 1.5511, "bus_tau_std": 0.5589, "bus_v_mean": 11.0139, "bus_v_std": 3.8018, "car_acc": 2.4412, "car_dcc": 3.0375, "car_lcAssertive": 29.4703, "car_lcCooperative": 0.0526, "car_lcLookaheadLeft": 3.9583, "car_lcPushy": 0.2161, "car_lcSigma": 0.2067, "car_lcSpeedGainRight": 2.1617, "car_lcSublane": 0.8291, "car_sigma": 0.975, "car_tau_mean": 1.7875, "car_tau_std": 4.0152, "car_v_mean": 13.1212, "car_v_std": 18.6006}, "datetime": {"datetime": "2024-08-12 03:22:14", "elapsed": 9574.407953, "delta": 15.357078}}
{"target": -0.6460279594918935, "params": {"bus_acc": 3.155, "bus_dcc": 1.1981, "bus_lcAssertive": 48.926, "bus_lcCooperative": 0.0768, "bus_lcLookaheadLeft": 45.9528, "bus_lcPushy": 0.3908, "bus_lcSigma": 0.105, "bus_lcSpeedGainRight": 4.5934, "bus_lcSublane": 0.9065, "bus_sigma": 0.0983, "bus_tau_mean": 3.9256, "bus_tau_std": 8.8633, "bus_v_mean": 23.5696, "bus_v_std": 17.4141, "car_acc": 3.7379, "car_dcc": 0.3821, "car_lcAssertive": 30.476, "car_lcCooperative": 0.7376, "car_lcLookaheadLeft": 26.6764, "car_lcPushy": 0.8188, "car_lcSigma": 0.6845, "car_lcSpeedGainRight": 3.5398, "car_lcSublane": 0.039, "car_sigma": 0.6824, "car_tau_mean": 3.582, "car_tau_std": 3.6911, "car_v_mean": 19.2549, "car_v_std": 6.3287}, "datetime": {"datetime": "2024-08-12 03:22:22", "elapsed": 9582.39698, "delta": 7.989027}}
{"target": -0.530419389742783, "params": {"bus_acc": 2.701, "bus_dcc": 1.5393, "bus_lcAssertive": 58.0392, "bus_lcCooperative": 0.2521, "bus_lcLookaheadLeft": 62.5946, "bus_lcPushy": 0.6522, "bus_lcSigma": 0.7857, "bus_lcSpeedGainRight": 3.5801, "bus_lcSublane": 0.0354, "bus_sigma": 0.9997, "bus_tau_mean": 2.8221, "bus_tau_std": 6.828, "bus_v_mean": 9.7929, "bus_v_std": 9.618, "car_acc": 0.6272, "car_dcc": 1.0722, "car_lcAssertive": 39.7596, "car_lcCooperative": 0.151, "car_lcLookaheadLeft": 85.7054, "car_lcPushy": 0.1493, "car_lcSigma": 0.7684, "car_lcSpeedGainRight": 1.3516, "car_lcSublane": 0.8237, "car_sigma": 0.7041, "car_tau_mean": 1.4948, "car_tau_std": 9.1474, "car_v_mean": 13.1358, "car_v_std": 17.4087}, "datetime": {"datetime": "2024-08-12 03:22:35", "elapsed": 9595.628831, "delta": 13.231851}}
{"target": -0.6405787962844163, "params": {"bus_acc": 0.3544, "bus_dcc": 3.738, "bus_lcAssertive": 67.3524, "bus_lcCooperative": 0.0305, "bus_lcLookaheadLeft": 34.9713, "bus_lcPushy": 0.5111, "bus_lcSigma": 0.0928, "bus_lcSpeedGainRight": 3.7738, "bus_lcSublane": 0.0475, "bus_sigma": 0.8679, "bus_tau_mean": 1.8132, "bus_tau_std": 3.8124, "bus_v_mean": 21.3073, "bus_v_std": 3.9044, "car_acc": 2.391, "car_dcc": 1.328, "car_lcAssertive": 28.6055, "car_lcCooperative": 0.1902, "car_lcLookaheadLeft": 58.4663, "car_lcPushy": 0.8791, "car_lcSigma": 0.7293, "car_lcSpeedGainRight": 1.4499, "car_lcSublane": 0.8141, "car_sigma": 0.0872, "car_tau_mean": 3.8937, "car_tau_std": 0.0174, "car_v_mean": 18.7955, "car_v_std": 5.6144}, "datetime": {"datetime": "2024-08-12 03:22:42", "elapsed": 9602.538449, "delta": 6.909618}}
{"target": -0.5402832146404895, "params": {"bus_acc": 3.2072, "bus_dcc": 1.3079, "bus_lcAssertive": 13.8864, "bus_lcCooperative": 0.1519, "bus_lcLookaheadLeft": 23.496, "bus_lcPushy": 0.6841, "bus_lcSigma": 0.958, "bus_lcSpeedGainRight": 3.0107, "bus_lcSublane": 0.0999, "bus_sigma": 0.4344, "bus_tau_mean": 1.074, "bus_tau_std": 5.7948, "bus_v_mean": 19.2881, "bus_v_std": 4.2362, "car_acc": 1.0889, "car_dcc": 1.8651, "car_lcAssertive": 38.7078, "car_lcCooperative": 0.9283, "car_lcLookaheadLeft": 22.6157, "car_lcPushy": 0.1957, "car_lcSigma": 0.8359, "car_lcSpeedGainRight": 2.7918, "car_lcSublane": 0.9731, "car_sigma": 0.4921, "car_tau_mean": 2.5904, "car_tau_std": 4.4837, "car_v_mean": 14.6095, "car_v_std": 13.3482}, "datetime": {"datetime": "2024-08-12 03:22:53", "elapsed": 9613.904267, "delta": 11.365818}}
{"target": -0.7138938157021079, "params": {"bus_acc": 3.509, "bus_dcc": 2.0303, "bus_lcAssertive": 1.0002, "bus_lcCooperative": 0.0379, "bus_lcLookaheadLeft": 62.4915, "bus_lcPushy": 0.2731, "bus_lcSigma": 0.4157, "bus_lcSpeedGainRight": 3.8048, "bus_lcSublane": 0.4333, "bus_sigma": 0.0323, "bus_tau_mean": 0.7999, "bus_tau_std": 0.3139, "bus_v_mean": 17.301, "bus_v_std": 18.2418, "car_acc": 0.7038, "car_dcc": 0.7422, "car_lcAssertive": 26.0821, "car_lcCooperative": 0.9831, "car_lcLookaheadLeft": 72.0638, "car_lcPushy": 0.6938, "car_lcSigma": 0.4083, "car_lcSpeedGainRight": 3.8219, "car_lcSublane": 0.0115, "car_sigma": 0.9697, "car_tau_mean": 1.3527, "car_tau_std": 6.0849, "car_v_mean": 24.8108, "car_v_std": 7.3389}, "datetime": {"datetime": "2024-08-12 03:23:00", "elapsed": 9621.164699, "delta": 7.260432}}
{"target": -0.44865105670328526, "params": {"bus_acc": 2.1005, "bus_dcc": 2.8105, "bus_lcAssertive": 97.7327, "bus_lcCooperative": 0.786, "bus_lcLookaheadLeft": 76.7779, "bus_lcPushy": 0.3367, "bus_lcSigma": 0.8937, "bus_lcSpeedGainRight": 3.6582, "bus_lcSublane": 0.9453, "bus_sigma": 0.6589, "bus_tau_mean": 1.5749, "bus_tau_std": 6.0031, "bus_v_mean": 13.1605, "bus_v_std": 17.7464, "car_acc": 1.3435, "car_dcc": 2.3504, "car_lcAssertive": 69.2863, "car_lcCooperative": 0.3295, "car_lcLookaheadLeft": 32.9004, "car_lcPushy": 0.3555, "car_lcSigma": 0.1101, "car_lcSpeedGainRight": 4.2105, "car_lcSublane": 0.6692, "car_sigma": 0.2833, "car_tau_mean": 1.4546, "car_tau_std": 6.24, "car_v_mean": 13.4652, "car_v_std": 13.8962}, "datetime": {"datetime": "2024-08-12 03:23:08", "elapsed": 9628.638941, "delta": 7.474242}}
{"target": -0.34917769775738633, "params": {"bus_acc": 2.7, "bus_dcc": 3.0868, "bus_lcAssertive": 36.0011, "bus_lcCooperative": 0.9862, "bus_lcLookaheadLeft": 25.0552, "bus_lcPushy": 0.449, "bus_lcSigma": 0.5379, "bus_lcSpeedGainRight": 1.9539, "bus_lcSublane": 0.5105, "bus_sigma": 0.0878, "bus_tau_mean": 0.8301, "bus_tau_std": 5.0189, "bus_v_mean": 22.314, "bus_v_std": 4.8632, "car_acc": 1.0279, "car_dcc": 2.4635, "car_lcAssertive": 76.8681, "car_lcCooperative": 0.2318, "car_lcLookaheadLeft": 73.3543, "car_lcPushy": 0.2707, "car_lcSigma": 0.9295, "car_lcSpeedGainRight": 4.3841, "car_lcSublane": 0.859, "car_sigma": 0.0867, "car_tau_mean": 3.2425, "car_tau_std": 5.2401, "car_v_mean": 21.5482, "car_v_std": 13.6431}, "datetime": {"datetime": "2024-08-12 03:23:19", "elapsed": 9639.610666, "delta": 10.971725}}
{"target": -0.5319525307019558, "params": {"bus_acc": 2.2115, "bus_dcc": 3.9614, "bus_lcAssertive": 81.1879, "bus_lcCooperative": 0.4438, "bus_lcLookaheadLeft": 10.0511, "bus_lcPushy": 0.2805, "bus_lcSigma": 0.9351, "bus_lcSpeedGainRight": 3.1545, "bus_lcSublane": 0.6654, "bus_sigma": 0.1462, "bus_tau_mean": 0.9772, "bus_tau_std": 9.8145, "bus_v_mean": 8.8449, "bus_v_std": 1.7597, "car_acc": 2.0297, "car_dcc": 1.3265, "car_lcAssertive": 97.1115, "car_lcCooperative": 0.9294, "car_lcLookaheadLeft": 13.574, "car_lcPushy": 0.8371, "car_lcSigma": 0.6696, "car_lcSpeedGainRight": 2.9961, "car_lcSublane": 0.0728, "car_sigma": 0.8516, "car_tau_mean": 3.6083, "car_tau_std": 6.8835, "car_v_mean": 22.4189, "car_v_std": 1.0692}, "datetime": {"datetime": "2024-08-12 03:23:25", "elapsed": 9646.063998, "delta": 6.453332}}
{"target": -0.7487130611212365, "params": {"bus_acc": 0.3426, "bus_dcc": 1.0828, "bus_lcAssertive": 83.6971, "bus_lcCooperative": 0.2461, "bus_lcLookaheadLeft": 85.689, "bus_lcPushy": 0.5651, "bus_lcSigma": 0.0331, "bus_lcSpeedGainRight": 4.093, "bus_lcSublane": 0.7357, "bus_sigma": 0.3077, "bus_tau_mean": 2.1878, "bus_tau_std": 3.1158, "bus_v_mean": 11.1172, "bus_v_std": 11.12, "car_acc": 2.3882, "car_dcc": 1.2488, "car_lcAssertive": 6.1612, "car_lcCooperative": 0.2384, "car_lcLookaheadLeft": 27.3372, "car_lcPushy": 0.1629, "car_lcSigma": 0.7237, "car_lcSpeedGainRight": 4.5201, "car_lcSublane": 0.8204, "car_sigma": 0.6042, "car_tau_mean": 2.8951, "car_tau_std": 3.2594, "car_v_mean": 11.9254, "car_v_std": 6.8634}, "datetime": {"datetime": "2024-08-12 03:23:36", "elapsed": 9656.32253, "delta": 10.258532}}
{"target": -0.5565807485896991, "params": {"bus_acc": 0.5258, "bus_dcc": 1.0456, "bus_lcAssertive": 41.333, "bus_lcCooperative": 0.3961, "bus_lcLookaheadLeft": 9.9886, "bus_lcPushy": 0.6118, "bus_lcSigma": 0.2405, "bus_lcSpeedGainRight": 3.04, "bus_lcSublane": 0.7713, "bus_sigma": 0.2036, "bus_tau_mean": 2.7209, "bus_tau_std": 5.8167, "bus_v_mean": 19.5222, "bus_v_std": 14.6459, "car_acc": 2.9865, "car_dcc": 2.8769, "car_lcAssertive": 25.1796, "car_lcCooperative": 0.4834, "car_lcLookaheadLeft": 68.112, "car_lcPushy": 0.2706, "car_lcSigma": 0.1085, "car_lcSpeedGainRight": 4.2912, "car_lcSublane": 0.5623, "car_sigma": 0.382, "car_tau_mean": 2.1995, "car_tau_std": 1.6395, "car_v_mean": 24.1098, "car_v_std": 6.5751}, "datetime": {"datetime": "2024-08-12 03:23:48", "elapsed": 9668.194041, "delta": 11.871511}}
{"target": -0.2127832064488886, "params": {"bus_acc": 3.3842, "bus_dcc": 2.724, "bus_lcAssertive": 60.1471, "bus_lcCooperative": 0.9023, "bus_lcLookaheadLeft": 82.8369, "bus_lcPushy": 0.2285, "bus_lcSigma": 0.7202, "bus_lcSpeedGainRight": 4.0527, "bus_lcSublane": 0.3322, "bus_sigma": 0.3565, "bus_tau_mean": 1.6773, "bus_tau_std": 6.1319, "bus_v_mean": 19.782, "bus_v_std": 1.5093, "car_acc": 0.2177, "car_dcc": 2.628, "car_lcAssertive": 16.5336, "car_lcCooperative": 0.7774, "car_lcLookaheadLeft": 73.0522, "car_lcPushy": 0.9577, "car_lcSigma": 0.8065, "car_lcSpeedGainRight": 2.2882, "car_lcSublane": 0.6245, "car_sigma": 0.0058, "car_tau_mean": 3.1909, "car_tau_std": 4.9899, "car_v_mean": 19.7806, "car_v_std": 8.4389}, "datetime": {"datetime": "2024-08-12 03:23:54", "elapsed": 9674.372754, "delta": 6.178713}}
{"target": -0.6689798416896849, "params": {"bus_acc": 3.3329, "bus_dcc": 0.244, "bus_lcAssertive": 67.1856, "bus_lcCooperative": 0.765, "bus_lcLookaheadLeft": 8.8812, "bus_lcPushy": 0.2832, "bus_lcSigma": 0.4203, "bus_lcSpeedGainRight": 1.2398, "bus_lcSublane": 0.5094, "bus_sigma": 0.8377, "bus_tau_mean": 0.7519, "bus_tau_std": 4.1681, "bus_v_mean": 12.0389, "bus_v_std": 4.1604, "car_acc": 1.2274, "car_dcc": 3.8587, "car_lcAssertive": 20.1262, "car_lcCooperative": 0.9947, "car_lcLookaheadLeft": 16.0121, "car_lcPushy": 0.0682, "car_lcSigma": 0.1365, "car_lcSpeedGainRight": 1.6029, "car_lcSublane": 0.2748, "car_sigma": 0.2847, "car_tau_mean": 2.996, "car_tau_std": 3.1093, "car_v_mean": 12.9452, "car_v_std": 8.0485}, "datetime": {"datetime": "2024-08-12 03:24:03", "elapsed": 9683.678867, "delta": 9.306113}}
{"target": -0.5295071222053391, "params": {"bus_acc": 0.6725, "bus_dcc": 2.8993, "bus_lcAssertive": 60.8241, "bus_lcCooperative": 0.0568, "bus_lcLookaheadLeft": 93.0408, "bus_lcPushy": 0.5106, "bus_lcSigma": 0.8321, "bus_lcSpeedGainRight": 3.6551, "bus_lcSublane": 0.0373, "bus_sigma": 0.9054, "bus_tau_mean": 0.537, "bus_tau_std": 0.8357, "bus_v_mean": 19.7931, "bus_v_std": 2.0946, "car_acc": 2.1593, "car_dcc": 1.4943, "car_lcAssertive": 84.9115, "car_lcCooperative": 0.999, "car_lcLookaheadLeft": 38.9783, "car_lcPushy": 0.8896, "car_lcSigma": 0.9107, "car_lcSpeedGainRight": 4.1761, "car_lcSublane": 0.9109, "car_sigma": 0.4361, "car_tau_mean": 1.6979, "car_tau_std": 5.9481, "car_v_mean": 11.1747, "car_v_std": 11.5467}, "datetime": {"datetime": "2024-08-12 03:24:09", "elapsed": 9689.939461, "delta": 6.260594}}
{"target": -0.5622703411194764, "params": {"bus_acc": 1.2491, "bus_dcc": 1.9198, "bus_lcAssertive": 76.6282, "bus_lcCooperative": 0.6253, "bus_lcLookaheadLeft": 20.4696, "bus_lcPushy": 0.9479, "bus_lcSigma": 0.849, "bus_lcSpeedGainRight": 0.97, "bus_lcSublane": 0.6039, "bus_sigma": 0.5072, "bus_tau_mean": 2.414, "bus_tau_std": 4.5385, "bus_v_mean": 21.6212, "bus_v_std": 11.4448, "car_acc": 1.081, "car_dcc": 2.0747, "car_lcAssertive": 17.7908, "car_lcCooperative": 0.8005, "car_lcLookaheadLeft": 42.0276, "car_lcPushy": 0.3539, "car_lcSigma": 0.1004, "car_lcSpeedGainRight": 0.8765, "car_lcSublane": 0.4565, "car_sigma": 0.6105, "car_tau_mean": 1.0506, "car_tau_std": 2.9876, "car_v_mean": 8.1346, "car_v_std": 14.4348}, "datetime": {"datetime": "2024-08-12 03:24:16", "elapsed": 9696.683975, "delta": 6.744514}}
{"target": -0.7155141058296035, "params": {"bus_acc": 1.7178, "bus_dcc": 0.2196, "bus_lcAssertive": 97.2378, "bus_lcCooperative": 0.2279, "bus_lcLookaheadLeft": 4.6242, "bus_lcPushy": 0.6245, "bus_lcSigma": 0.5237, "bus_lcSpeedGainRight": 3.0878, "bus_lcSublane": 0.8434, "bus_sigma": 0.2925, "bus_tau_mean": 3.5252, "bus_tau_std": 4.7729, "bus_v_mean": 21.0466, "bus_v_std": 8.8752, "car_acc": 3.2743, "car_dcc": 3.6228, "car_lcAssertive": 83.5776, "car_lcCooperative": 0.9715, "car_lcLookaheadLeft": 7.3223, "car_lcPushy": 0.51, "car_lcSigma": 0.999, "car_lcSpeedGainRight": 2.6006, "car_lcSublane": 0.9141, "car_sigma": 0.1818, "car_tau_mean": 1.5918, "car_tau_std": 7.63, "car_v_mean": 15.8584, "car_v_std": 13.4493}, "datetime": {"datetime": "2024-08-12 03:24:28", "elapsed": 9709.155302, "delta": 12.471327}}
{"target": -0.6461180153164958, "params": {"bus_acc": 1.9763, "bus_dcc": 3.2147, "bus_lcAssertive": 18.4286, "bus_lcCooperative": 0.265, "bus_lcLookaheadLeft": 38.1348, "bus_lcPushy": 0.8115, "bus_lcSigma": 0.0976, "bus_lcSpeedGainRight": 1.6219, "bus_lcSublane": 0.2316, "bus_sigma": 0.8057, "bus_tau_mean": 3.6025, "bus_tau_std": 7.0358, "bus_v_mean": 16.9966, "bus_v_std": 16.7873, "car_acc": 3.8605, "car_dcc": 1.9595, "car_lcAssertive": 55.1886, "car_lcCooperative": 0.076, "car_lcLookaheadLeft": 22.917, "car_lcPushy": 0.854, "car_lcSigma": 0.7702, "car_lcSpeedGainRight": 1.6861, "car_lcSublane": 0.2863, "car_sigma": 0.9563, "car_tau_mean": 3.442, "car_tau_std": 8.7643, "car_v_mean": 11.6671, "car_v_std": 2.9658}, "datetime": {"datetime": "2024-08-12 03:24:34", "elapsed": 9714.943558, "delta": 5.788256}}
{"target": -0.613722372646811, "params": {"bus_acc": 3.3564, "bus_dcc": 2.6412, "bus_lcAssertive": 42.9554, "bus_lcCooperative": 0.3332, "bus_lcLookaheadLeft": 10.5277, "bus_lcPushy": 0.4691, "bus_lcSigma": 0.098, "bus_lcSpeedGainRight": 3.6071, "bus_lcSublane": 0.9526, "bus_sigma": 0.2912, "bus_tau_mean": 2.4482, "bus_tau_std": 1.7225, "bus_v_mean": 14.1292, "bus_v_std": 9.9392, "car_acc": 3.4402, "car_dcc": 3.8977, "car_lcAssertive": 18.7108, "car_lcCooperative": 0.7774, "car_lcLookaheadLeft": 74.9685, "car_lcPushy": 0.5779, "car_lcSigma": 0.0427, "car_lcSpeedGainRight": 3.5456, "car_lcSublane": 0.1805, "car_sigma": 0.6884, "car_tau_mean": 2.6192, "car_tau_std": 7.3062, "car_v_mean": 22.7651, "car_v_std": 10.3832}, "datetime": {"datetime": "2024-08-12 03:24:46", "elapsed": 9726.648198, "delta": 11.70464}}
{"target": -0.5626722988620991, "params": {"bus_acc": 1.569, "bus_dcc": 1.5818, "bus_lcAssertive": 19.3766, "bus_lcCooperative": 0.1722, "bus_lcLookaheadLeft": 25.0892, "bus_lcPushy": 0.1277, "bus_lcSigma": 0.6777, "bus_lcSpeedGainRight": 1.2512, "bus_lcSublane": 0.2592, "bus_sigma": 0.8514, "bus_tau_mean": 1.9808, "bus_tau_std": 3.817, "bus_v_mean": 22.4991, "bus_v_std": 16.2984, "car_acc": 2.0189, "car_dcc": 2.2228, "car_lcAssertive": 23.9828, "car_lcCooperative": 0.7231, "car_lcLookaheadLeft": 3.5698, "car_lcPushy": 0.8347, "car_lcSigma": 0.4057, "car_lcSpeedGainRight": 0.8883, "car_lcSublane": 0.4315, "car_sigma": 0.2037, "car_tau_mean": 3.3933, "car_tau_std": 2.5514, "car_v_mean": 17.7647, "car_v_std": 11.6221}, "datetime": {"datetime": "2024-08-12 03:24:59", "elapsed": 9739.314143, "delta": 12.665945}}
{"target": -0.23042608376508586, "params": {"bus_acc": 1.6823, "bus_dcc": 3.5764, "bus_lcAssertive": 97.6233, "bus_lcCooperative": 0.4677, "bus_lcLookaheadLeft": 88.097, "bus_lcPushy": 0.241, "bus_lcSigma": 0.736, "bus_lcSpeedGainRight": 2.6051, "bus_lcSublane": 0.5834, "bus_sigma": 0.547, "bus_tau_mean": 1.8955, "bus_tau_std": 2.3922, "bus_v_mean": 18.9769, "bus_v_std": 8.733, "car_acc": 0.7505, "car_dcc": 3.8587, "car_lcAssertive": 62.2713, "car_lcCooperative": 0.6476, "car_lcLookaheadLeft": 56.8953, "car_lcPushy": 0.6139, "car_lcSigma": 0.2553, "car_lcSpeedGainRight": 0.7551, "car_lcSublane": 0.7991, "car_sigma": 0.5351, "car_tau_mean": 1.8894, "car_tau_std": 9.309, "car_v_mean": 20.8096, "car_v_std": 0.5936}, "datetime": {"datetime": "2024-08-12 03:25:06", "elapsed": 9746.94761, "delta": 7.633467}}
{"target": -0.8280449956503793, "params": {"bus_acc": 1.259, "bus_dcc": 2.0227, "bus_lcAssertive": 91.0639, "bus_lcCooperative": 0.6731, "bus_lcLookaheadLeft": 28.2125, "bus_lcPushy": 0.585, "bus_lcSigma": 0.9634, "bus_lcSpeedGainRight": 3.9703, "bus_lcSublane": 0.3032, "bus_sigma": 0.3217, "bus_tau_mean": 0.9169, "bus_tau_std": 3.1232, "bus_v_mean": 22.4959, "bus_v_std": 0.2179, "car_acc": 2.3288, "car_dcc": 1.1543, "car_lcAssertive": 21.4449, "car_lcCooperative": 0.0696, "car_lcLookaheadLeft": 4.7441, "car_lcPushy": 0.7468, "car_lcSigma": 0.6708, "car_lcSpeedGainRight": 0.2577, "car_lcSublane": 0.512, "car_sigma": 0.35, "car_tau_mean": 3.0356, "car_tau_std": 0.6955, "car_v_mean": 9.4435, "car_v_std": 0.6833}, "datetime": {"datetime": "2024-08-12 03:25:12", "elapsed": 9752.909085, "delta": 5.961475}}
{"target": -0.6067169640165281, "params": {"bus_acc": 2.9798, "bus_dcc": 2.2693, "bus_lcAssertive": 96.2031, "bus_lcCooperative": 0.8361, "bus_lcLookaheadLeft": 15.2437, "bus_lcPushy": 0.7156, "bus_lcSigma": 0.0294, "bus_lcSpeedGainRight": 3.7916, "bus_lcSublane": 0.4717, "bus_sigma": 0.443, "bus_tau_mean": 3.3459, "bus_tau_std": 3.6238, "bus_v_mean": 8.4771, "bus_v_std": 2.9252, "car_acc": 3.6671, "car_dcc": 1.9565, "car_lcAssertive": 27.0649, "car_lcCooperative": 0.103, "car_lcLookaheadLeft": 25.0472, "car_lcPushy": 0.3223, "car_lcSigma": 0.9556, "car_lcSpeedGainRight": 1.7664, "car_lcSublane": 0.7122, "car_sigma": 0.776, "car_tau_mean": 2.1872, "car_tau_std": 0.5835, "car_v_mean": 15.8847, "car_v_std": 16.2344}, "datetime": {"datetime": "2024-08-12 03:25:20", "elapsed": 9760.429734, "delta": 7.520649}}
{"target": -0.6004075369402196, "params": {"bus_acc": 0.3585, "bus_dcc": 0.5577, "bus_lcAssertive": 95.5538, "bus_lcCooperative": 0.167, "bus_lcLookaheadLeft": 19.4115, "bus_lcPushy": 0.3373, "bus_lcSigma": 0.2308, "bus_lcSpeedGainRight": 2.7156, "bus_lcSublane": 0.0266, "bus_sigma": 0.0407, "bus_tau_mean": 3.0181, "bus_tau_std": 5.3124, "bus_v_mean": 11.5326, "bus_v_std": 2.2418, "car_acc": 2.8657, "car_dcc": 1.8423, "car_lcAssertive": 40.2642, "car_lcCooperative": 0.9716, "car_lcLookaheadLeft": 95.6772, "car_lcPushy": 0.7872, "car_lcSigma": 0.2745, "car_lcSpeedGainRight": 0.7784, "car_lcSublane": 0.6745, "car_sigma": 0.3163, "car_tau_mean": 2.0062, "car_tau_std": 6.2204, "car_v_mean": 25.9429, "car_v_std": 18.1328}, "datetime": {"datetime": "2024-08-12 03:25:25", "elapsed": 9765.618947, "delta": 5.189213}}
