{"target": -0.48497190823206865, "params": {"bus_acc": 2.6943, "bus_dcc": 2.4523, "bus_lcAssertive": 49.6065, "bus_lcCooperative": 0.1384, "bus_lcLookaheadLeft": 35.0846, "bus_lcPushy": 0.0387, "bus_lcSigma": 0.905, "bus_lcSpeedGainRight": 0.4976, "bus_lcSublane": 0.948, "bus_sigma": 0.3922, "bus_tau_mean": 0.6388, "bus_tau_std": 5.1751, "bus_v_mean": 18.7615, "bus_v_std": 2.038, "car_acc": 1.1745, "car_dcc": 2.2999, "car_lcAssertive": 88.3588, "car_lcCooperative": 0.4861, "car_lcLookaheadLeft": 12.2116, "car_lcPushy": 0.8575, "car_lcSigma": 0.2664, "car_lcSpeedGainRight": 2.8588, "car_lcSublane": 0.5328, "car_sigma": 0.0778, "car_tau_mean": 2.9087, "car_tau_std": 5.8259, "car_v_mean": 22.149, "car_v_std": 9.5101}, "datetime": {"datetime": "2024-08-12 02:39:50", "elapsed": 7030.57557, "delta": 10.156269}}
{"target": -0.27670831404756735, "params": {"bus_acc": 1.8972, "bus_dcc": 3.397, "bus_lcAssertive": 66.9122, "bus_lcCooperative": 0.1901, "bus_lcLookaheadLeft": 13.9539, "bus_lcPushy": 0.9241, "bus_lcSigma": 0.754, "bus_lcSpeedGainRight": 4.9534, "bus_lcSublane": 0.374, "bus_sigma": 0.0642, "bus_tau_mean": 1.3109, "bus_tau_std": 6.4471, "bus_v_mean": 18.9271, "bus_v_std": 11.3572, "car_acc": 0.7152, "car_dcc": 3.3657, "car_lcAssertive": 69.0726, "car_lcCooperative": 0.2691, "car_lcLookaheadLeft": 33.4941, "car_lcPushy": 0.1605, "car_lcSigma": 0.3025, "car_lcSpeedGainRight": 2.1734, "car_lcSublane": 0.18, "car_sigma": 0.9836, "car_tau_mean": 1.8984, "car_tau_std": 6.7388, "car_v_mean": 17.9699, "car_v_std": 11.1725}, "datetime": {"datetime": "2024-08-12 02:39:58", "elapsed": 7038.351708, "delta": 7.776138}}
{"target": -0.6462802225291204, "params": {"bus_acc": 2.7155, "bus_dcc": 2.1388, "bus_lcAssertive": 90.9724, "bus_lcCooperative": 0.5689, "bus_lcLookaheadLeft": 28.4388, "bus_lcPushy": 0.4363, "bus_lcSigma": 0.0168, "bus_lcSpeedGainRight": 3.0515, "bus_lcSublane": 0.4154, "bus_sigma": 0.2731, "bus_tau_mean": 1.2128, "bus_tau_std": 3.3981, "bus_v_mean": 10.9362, "bus_v_std": 12.6645, "car_acc": 2.7999, "car_dcc": 2.3504, "car_lcAssertive": 8.629, "car_lcCooperative": 0.4415, "car_lcLookaheadLeft": 43.1906, "car_lcPushy": 0.3719, "car_lcSigma": 0.1386, "car_lcSpeedGainRight": 2.3368, "car_lcSublane": 0.0779, "car_sigma": 0.1934, "car_tau_mean": 1.0546, "car_tau_std": 7.5918, "car_v_mean": 12.0315, "car_v_std": 19.5368}, "datetime": {"datetime": "2024-08-12 02:40:02", "elapsed": 7042.983171, "delta": 4.631463}}
{"target": -0.5710362938111333, "params": {"bus_acc": 1.4832, "bus_dcc": 0.2733, "bus_lcAssertive": 7.7747, "bus_lcCooperative": 0.0788, "bus_lcLookaheadLeft": 71.3993, "bus_lcPushy": 0.9827, "bus_lcSigma": 0.4199, "bus_lcSpeedGainRight": 1.3369, "bus_lcSublane": 0.2052, "bus_sigma": 0.7204, "bus_tau_mean": 3.6171, "bus_tau_std": 1.4723, "bus_v_mean": 12.8859, "bus_v_std": 17.606, "car_acc": 1.1225, "car_dcc": 2.5914, "car_lcAssertive": 50.0208, "car_lcCooperative": 0.1562, "car_lcLookaheadLeft": 59.0835, "car_lcPushy": 0.6366, "car_lcSigma": 0.4957, "car_lcSpeedGainRight": 0.8545, "car_lcSublane": 0.6934, "car_sigma": 0.9965, "car_tau_mean": 2.6715, "car_tau_std": 7.3964, "car_v_mean": 13.1552, "car_v_std": 13.2025}, "datetime": {"datetime": "2024-08-12 02:40:10", "elapsed": 7050.333578, "delta": 7.350407}}
{"target": -0.6217811936373775, "params": {"bus_acc": 1.9421, "bus_dcc": 2.9865, "bus_lcAssertive": 62.5011, "bus_lcCooperative": 0.67, "bus_lcLookaheadLeft": 12.8784, "bus_lcPushy": 0.9173, "bus_lcSigma": 0.6074, "bus_lcSpeedGainRight": 1.9242, "bus_lcSublane": 0.1591, "bus_sigma": 0.713, "bus_tau_mean": 1.1333, "bus_tau_std": 2.3842, "bus_v_mean": 20.6823, "bus_v_std": 14.0409, "car_acc": 1.5697, "car_dcc": 1.4908, "car_lcAssertive": 47.225, "car_lcCooperative": 0.5061, "car_lcLookaheadLeft": 73.7492, "car_lcPushy": 0.1799, "car_lcSigma": 0.6984, "car_lcSpeedGainRight": 4.8206, "car_lcSublane": 0.2316, "car_sigma": 0.6201, "car_tau_mean": 3.4299, "car_tau_std": 5.9433, "car_v_mean": 14.376, "car_v_std": 10.6145}, "datetime": {"datetime": "2024-08-12 02:40:19", "elapsed": 7059.946475, "delta": 9.612897}}
{"target": -0.6557437476932962, "params": {"bus_acc": 2.1041, "bus_dcc": 2.7612, "bus_lcAssertive": 26.8968, "bus_lcCooperative": 0.2969, "bus_lcLookaheadLeft": 67.5257, "bus_lcPushy": 0.3863, "bus_lcSigma": 0.6551, "bus_lcSpeedGainRight": 2.7171, "bus_lcSublane": 0.022, "bus_sigma": 0.7861, "bus_tau_mean": 1.102, "bus_tau_std": 9.5616, "bus_v_mean": 25.25, "bus_v_std": 1.1441, "car_acc": 3.406, "car_dcc": 1.4591, "car_lcAssertive": 31.4562, "car_lcCooperative": 0.8709, "car_lcLookaheadLeft": 51.8675, "car_lcPushy": 0.8359, "car_lcSigma": 0.4278, "car_lcSpeedGainRight": 3.1681, "car_lcSublane": 0.7799, "car_sigma": 0.2247, "car_tau_mean": 2.1122, "car_tau_std": 8.4824, "car_v_mean": 25.3549, "car_v_std": 11.9825}, "datetime": {"datetime": "2024-08-12 02:40:26", "elapsed": 7066.665998, "delta": 6.719523}}
{"target": -0.8769927324006984, "params": {"bus_acc": 2.0785, "bus_dcc": 0.5121, "bus_lcAssertive": 55.4633, "bus_lcCooperative": 0.0542, "bus_lcLookaheadLeft": 70.8911, "bus_lcPushy": 0.3443, "bus_lcSigma": 0.211, "bus_lcSpeedGainRight": 2.8301, "bus_lcSublane": 0.7929, "bus_sigma": 0.827, "bus_tau_mean": 3.0812, "bus_tau_std": 8.8803, "bus_v_mean": 21.5039, "bus_v_std": 11.1094, "car_acc": 3.8148, "car_dcc": 1.4557, "car_lcAssertive": 80.1461, "car_lcCooperative": 0.3195, "car_lcLookaheadLeft": 71.2654, "car_lcPushy": 0.0394, "car_lcSigma": 0.8487, "car_lcSpeedGainRight": 1.8951, "car_lcSublane": 0.6157, "car_sigma": 0.5355, "car_tau_mean": 0.8921, "car_tau_std": 0.6024, "car_v_mean": 16.0492, "car_v_std": 8.4476}, "datetime": {"datetime": "2024-08-12 02:40:33", "elapsed": 7073.335751, "delta": 6.669753}}
{"target": -0.38770168988573434, "params": {"bus_acc": 1.2174, "bus_dcc": 2.7207, "bus_lcAssertive": 34.2816, "bus_lcCooperative": 0.9868, "bus_lcLookaheadLeft": 71.838, "bus_lcPushy": 0.1357, "bus_lcSigma": 0.8127, "bus_lcSpeedGainRight": 3.7839, "bus_lcSublane": 0.3906, "bus_sigma": 0.1048, "bus_tau_mean": 1.1582, "bus_tau_std": 9.7326, "bus_v_mean": 24.844, "bus_v_std": 5.6354, "car_acc": 0.7237, "car_dcc": 3.8693, "car_lcAssertive": 99.4072, "car_lcCooperative": 0.689, "car_lcLookaheadLeft": 24.091, "car_lcPushy": 0.4467, "car_lcSigma": 0.8806, "car_lcSpeedGainRight": 3.4659, "car_lcSublane": 0.5424, "car_sigma": 0.8075, "car_tau_mean": 3.1895, "car_tau_std": 9.1356, "car_v_mean": 24.4571, "car_v_std": 11.0345}, "datetime": {"datetime": "2024-08-12 02:40:37", "elapsed": 7077.772734, "delta": 4.436983}}
{"target": -0.7722438526299996, "params": {"bus_acc": 2.9673, "bus_dcc": 1.2306, "bus_lcAssertive": 1.1376, "bus_lcCooperative": 0.2608, "bus_lcLookaheadLeft": 11.3627, "bus_lcPushy": 0.2106, "bus_lcSigma": 0.016, "bus_lcSpeedGainRight": 1.8245, "bus_lcSublane": 0.4481, "bus_sigma": 0.6909, "bus_tau_mean": 2.3707, "bus_tau_std": 2.3679, "bus_v_mean": 15.417, "bus_v_std": 16.2144, "car_acc": 2.2192, "car_dcc": 0.776, "car_lcAssertive": 20.9003, "car_lcCooperative": 0.1498, "car_lcLookaheadLeft": 34.0411, "car_lcPushy": 0.796, "car_lcSigma": 0.0128, "car_lcSpeedGainRight": 0.8978, "car_lcSublane": 0.7378, "car_sigma": 0.0047, "car_tau_mean": 2.9683, "car_tau_std": 5.2263, "car_v_mean": 21.3623, "car_v_std": 15.1466}, "datetime": {"datetime": "2024-08-12 02:40:44", "elapsed": 7084.385712, "delta": 6.612978}}
{"target": -0.7355446431922155, "params": {"bus_acc": 2.3742, "bus_dcc": 1.8522, "bus_lcAssertive": 94.5251, "bus_lcCooperative": 0.3187, "bus_lcLookaheadLeft": 40.923, "bus_lcPushy": 0.6066, "bus_lcSigma": 0.5841, "bus_lcSpeedGainRight": 0.2281, "bus_lcSublane": 0.3257, "bus_sigma": 0.4051, "bus_tau_mean": 2.3819, "bus_tau_std": 0.9373, "bus_v_mean": 21.6902, "bus_v_std": 18.029, "car_acc": 1.9799, "car_dcc": 2.6567, "car_lcAssertive": 10.4589, "car_lcCooperative": 0.8473, "car_lcLookaheadLeft": 48.7678, "car_lcPushy": 0.3123, "car_lcSigma": 0.1403, "car_lcSpeedGainRight": 3.27, "car_lcSublane": 0.7911, "car_sigma": 0.4836, "car_tau_mean": 2.8142, "car_tau_std": 1.7931, "car_v_mean": 16.2584, "car_v_std": 10.7338}, "datetime": {"datetime": "2024-08-12 02:40:50", "elapsed": 7090.654823, "delta": 6.269111}}
{"target": -0.7027735126624116, "params": {"bus_acc": 2.8856, "bus_dcc": 1.2704, "bus_lcAssertive": 38.5485, "bus_lcCooperative": 0.9179, "bus_lcLookaheadLeft": 74.775, "bus_lcPushy": 0.4026, "bus_lcSigma": 0.3536, "bus_lcSpeedGainRight": 1.5866, "bus_lcSublane": 0.3995, "bus_sigma": 0.8727, "bus_tau_mean": 1.8136, "bus_tau_std": 8.6965, "bus_v_mean": 22.5863, "bus_v_std": 2.4872, "car_acc": 3.9235, "car_dcc": 1.2562, "car_lcAssertive": 80.9602, "car_lcCooperative": 0.2035, "car_lcLookaheadLeft": 20.9466, "car_lcPushy": 0.8217, "car_lcSigma": 0.3662, "car_lcSpeedGainRight": 4.2553, "car_lcSublane": 0.7766, "car_sigma": 0.4297, "car_tau_mean": 1.3853, "car_tau_std": 5.3526, "car_v_mean": 14.9736, "car_v_std": 5.2329}, "datetime": {"datetime": "2024-08-12 02:40:55", "elapsed": 7095.985562, "delta": 5.330739}}
{"target": -0.5063271236971482, "params": {"bus_acc": 1.9515, "bus_dcc": 3.3177, "bus_lcAssertive": 30.9341, "bus_lcCooperative": 0.9759, "bus_lcLookaheadLeft": 22.697, "bus_lcPushy": 0.1674, "bus_lcSigma": 0.6488, "bus_lcSpeedGainRight": 3.6346, "bus_lcSublane": 0.7858, "bus_sigma": 0.6661, "bus_tau_mean": 3.4026, "bus_tau_std": 2.6531, "bus_v_mean": 13.4302, "bus_v_std": 6.4258, "car_acc": 1.9691, "car_dcc": 1.643, "car_lcAssertive": 64.3401, "car_lcCooperative": 0.425, "car_lcLookaheadLeft": 20.3073, "car_lcPushy": 0.8883, "car_lcSigma": 0.1423, "car_lcSpeedGainRight": 4.3931, "car_lcSublane": 0.4435, "car_sigma": 0.9793, "car_tau_mean": 1.239, "car_tau_std": 9.9591, "car_v_mean": 17.2391, "car_v_std": 9.9262}, "datetime": {"datetime": "2024-08-12 02:41:00", "elapsed": 7100.575078, "delta": 4.589516}}
{"target": -0.7539148949365072, "params": {"bus_acc": 2.7333, "bus_dcc": 1.6449, "bus_lcAssertive": 4.3452, "bus_lcCooperative": 0.0941, "bus_lcLookaheadLeft": 54.1597, "bus_lcPushy": 0.9785, "bus_lcSigma": 0.8454, "bus_lcSpeedGainRight": 3.5626, "bus_lcSublane": 0.6984, "bus_sigma": 0.4846, "bus_tau_mean": 0.6116, "bus_tau_std": 5.1698, "bus_v_mean": 25.2064, "bus_v_std": 1.3387, "car_acc": 3.103, "car_dcc": 0.3925, "car_lcAssertive": 98.016, "car_lcCooperative": 0.3264, "car_lcLookaheadLeft": 53.8228, "car_lcPushy": 0.6082, "car_lcSigma": 0.8027, "car_lcSpeedGainRight": 3.5413, "car_lcSublane": 0.0643, "car_sigma": 0.3742, "car_tau_mean": 2.2582, "car_tau_std": 8.511, "car_v_mean": 13.0459, "car_v_std": 7.2765}, "datetime": {"datetime": "2024-08-12 02:41:05", "elapsed": 7105.945443, "delta": 5.370365}}
{"target": -0.5573329402684314, "params": {"bus_acc": 3.5364, "bus_dcc": 1.6175, "bus_lcAssertive": 59.9539, "bus_lcCooperative": 0.5922, "bus_lcLookaheadLeft": 98.7269, "bus_lcPushy": 0.9793, "bus_lcSigma": 0.8054, "bus_lcSpeedGainRight": 2.4061, "bus_lcSublane": 0.8191, "bus_sigma": 0.9697, "bus_tau_mean": 2.7039, "bus_tau_std": 5.617, "bus_v_mean": 18.993, "bus_v_std": 8.9463, "car_acc": 0.9476, "car_dcc": 2.4305, "car_lcAssertive": 9.8643, "car_lcCooperative": 0.5469, "car_lcLookaheadLeft": 55.3334, "car_lcPushy": 0.7882, "car_lcSigma": 0.3139, "car_lcSpeedGainRight": 1.4552, "car_lcSublane": 0.3126, "car_sigma": 0.593, "car_tau_mean": 2.7846, "car_tau_std": 2.5033, "car_v_mean": 8.968, "car_v_std": 9.7491}, "datetime": {"datetime": "2024-08-12 02:41:12", "elapsed": 7112.529401, "delta": 6.583958}}
{"target": -0.6212916001908416, "params": {"bus_acc": 2.5543, "bus_dcc": 1.7157, "bus_lcAssertive": 33.9244, "bus_lcCooperative": 0.7926, "bus_lcLookaheadLeft": 78.8614, "bus_lcPushy": 0.853, "bus_lcSigma": 0.4412, "bus_lcSpeedGainRight": 2.0333, "bus_lcSublane": 0.942, "bus_sigma": 0.1007, "bus_tau_mean": 3.9145, "bus_tau_std": 3.6103, "bus_v_mean": 21.2745, "bus_v_std": 18.2465, "car_acc": 1.9689, "car_dcc": 0.8346, "car_lcAssertive": 15.81, "car_lcCooperative": 0.4827, "car_lcLookaheadLeft": 93.0937, "car_lcPushy": 0.278, "car_lcSigma": 0.5669, "car_lcSpeedGainRight": 1.6611, "car_lcSublane": 0.0364, "car_sigma": 0.3072, "car_tau_mean": 1.7088, "car_tau_std": 2.1913, "car_v_mean": 20.4235, "car_v_std": 14.1606}, "datetime": {"datetime": "2024-08-12 02:41:17", "elapsed": 7117.813538, "delta": 5.284137}}
{"target": -0.5724758048204661, "params": {"bus_acc": 3.221, "bus_dcc": 3.5397, "bus_lcAssertive": 80.2662, "bus_lcCooperative": 0.855, "bus_lcLookaheadLeft": 23.8528, "bus_lcPushy": 0.8281, "bus_lcSigma": 0.6306, "bus_lcSpeedGainRight": 1.1799, "bus_lcSublane": 0.7208, "bus_sigma": 0.314, "bus_tau_mean": 1.3778, "bus_tau_std": 7.2156, "bus_v_mean": 19.0015, "bus_v_std": 6.1084, "car_acc": 2.6948, "car_dcc": 3.9616, "car_lcAssertive": 55.8283, "car_lcCooperative": 0.469, "car_lcLookaheadLeft": 60.3615, "car_lcPushy": 0.9547, "car_lcSigma": 0.0166, "car_lcSpeedGainRight": 0.9604, "car_lcSublane": 0.4746, "car_sigma": 0.419, "car_tau_mean": 2.2964, "car_tau_std": 6.3458, "car_v_mean": 20.6656, "car_v_std": 12.5231}, "datetime": {"datetime": "2024-08-12 02:41:22", "elapsed": 7122.580473, "delta": 4.766935}}
{"target": -0.5578688114159157, "params": {"bus_acc": 1.4766, "bus_dcc": 3.7184, "bus_lcAssertive": 23.008, "bus_lcCooperative": 0.1376, "bus_lcLookaheadLeft": 10.9384, "bus_lcPushy": 0.2479, "bus_lcSigma": 0.2252, "bus_lcSpeedGainRight": 0.7068, "bus_lcSublane": 0.8054, "bus_sigma": 0.2573, "bus_tau_mean": 1.1838, "bus_tau_std": 0.9725, "bus_v_mean": 22.177, "bus_v_std": 10.9699, "car_acc": 1.5146, "car_dcc": 0.7969, "car_lcAssertive": 9.3951, "car_lcCooperative": 0.1039, "car_lcLookaheadLeft": 35.7746, "car_lcPushy": 0.934, "car_lcSigma": 0.1134, "car_lcSpeedGainRight": 1.7972, "car_lcSublane": 0.4932, "car_sigma": 0.5734, "car_tau_mean": 1.8951, "car_tau_std": 3.8495, "car_v_mean": 15.5131, "car_v_std": 3.8704}, "datetime": {"datetime": "2024-08-12 02:41:27", "elapsed": 7127.716341, "delta": 5.135868}}
{"target": -0.7763149099894745, "params": {"bus_acc": 2.0412, "bus_dcc": 0.3144, "bus_lcAssertive": 55.5972, "bus_lcCooperative": 0.6528, "bus_lcLookaheadLeft": 74.3844, "bus_lcPushy": 0.0292, "bus_lcSigma": 0.7937, "bus_lcSpeedGainRight": 0.9672, "bus_lcSublane": 0.0089, "bus_sigma": 0.4498, "bus_tau_mean": 3.7456, "bus_tau_std": 5.6524, "bus_v_mean": 16.444, "bus_v_std": 6.2689, "car_acc": 3.6629, "car_dcc": 2.1668, "car_lcAssertive": 88.0826, "car_lcCooperative": 0.288, "car_lcLookaheadLeft": 62.5727, "car_lcPushy": 0.2038, "car_lcSigma": 0.5222, "car_lcSpeedGainRight": 3.4292, "car_lcSublane": 0.7901, "car_sigma": 0.3878, "car_tau_mean": 1.0534, "car_tau_std": 7.0629, "car_v_mean": 22.0139, "car_v_std": 11.2551}, "datetime": {"datetime": "2024-08-12 02:41:32", "elapsed": 7132.937272, "delta": 5.220931}}
{"target": -0.5688339565046503, "params": {"bus_acc": 2.9732, "bus_dcc": 3.1036, "bus_lcAssertive": 86.4089, "bus_lcCooperative": 0.375, "bus_lcLookaheadLeft": 89.7966, "bus_lcPushy": 0.7413, "bus_lcSigma": 0.0769, "bus_lcSpeedGainRight": 1.8233, "bus_lcSublane": 0.3018, "bus_sigma": 0.664, "bus_tau_mean": 1.1037, "bus_tau_std": 5.3163, "bus_v_mean": 20.3395, "bus_v_std": 10.5983, "car_acc": 2.9122, "car_dcc": 3.4545, "car_lcAssertive": 28.8038, "car_lcCooperative": 0.6647, "car_lcLookaheadLeft": 50.5574, "car_lcPushy": 0.634, "car_lcSigma": 0.0869, "car_lcSpeedGainRight": 2.9397, "car_lcSublane": 0.9537, "car_sigma": 0.9044, "car_tau_mean": 0.9236, "car_tau_std": 5.5874, "car_v_mean": 13.7083, "car_v_std": 4.5458}, "datetime": {"datetime": "2024-08-12 02:41:41", "elapsed": 7141.824934, "delta": 8.887662}}
{"target": -0.6652969766759741, "params": {"bus_acc": 2.0998, "bus_dcc": 1.5265, "bus_lcAssertive": 78.1222, "bus_lcCooperative": 0.8924, "bus_lcLookaheadLeft": 40.8062, "bus_lcPushy": 0.8966, "bus_lcSigma": 0.1871, "bus_lcSpeedGainRight": 0.4069, "bus_lcSublane": 0.7936, "bus_sigma": 0.238, "bus_tau_mean": 0.8965, "bus_tau_std": 8.0807, "bus_v_mean": 24.5519, "bus_v_std": 5.7216, "car_acc": 3.7426, "car_dcc": 2.2058, "car_lcAssertive": 54.8201, "car_lcCooperative": 0.7373, "car_lcLookaheadLeft": 31.3242, "car_lcPushy": 0.761, "car_lcSigma": 0.218, "car_lcSpeedGainRight": 3.3405, "car_lcSublane": 0.2661, "car_sigma": 0.3736, "car_tau_mean": 2.7578, "car_tau_std": 2.296, "car_v_mean": 20.2831, "car_v_std": 0.1684}, "datetime": {"datetime": "2024-08-12 02:41:49", "elapsed": 7149.640682, "delta": 7.815748}}
{"target": -0.5616186238493593, "params": {"bus_acc": 1.589, "bus_dcc": 1.9016, "bus_lcAssertive": 43.5278, "bus_lcCooperative": 0.3723, "bus_lcLookaheadLeft": 6.5402, "bus_lcPushy": 0.955, "bus_lcSigma": 0.711, "bus_lcSpeedGainRight": 0.2692, "bus_lcSublane": 0.421, "bus_sigma": 0.9825, "bus_tau_mean": 3.4634, "bus_tau_std": 8.9909, "bus_v_mean": 25.4503, "bus_v_std": 6.3658, "car_acc": 1.2556, "car_dcc": 1.572, "car_lcAssertive": 53.0429, "car_lcCooperative": 0.983, "car_lcLookaheadLeft": 56.4971, "car_lcPushy": 0.3267, "car_lcSigma": 0.7844, "car_lcSpeedGainRight": 0.3179, "car_lcSublane": 0.8059, "car_sigma": 0.7454, "car_tau_mean": 3.854, "car_tau_std": 5.0752, "car_v_mean": 21.4379, "car_v_std": 15.5099}, "datetime": {"datetime": "2024-08-12 02:41:59", "elapsed": 7159.679493, "delta": 10.038811}}
{"target": -0.6779174408977716, "params": {"bus_acc": 1.8868, "bus_dcc": 2.9692, "bus_lcAssertive": 61.9391, "bus_lcCooperative": 0.1013, "bus_lcLookaheadLeft": 9.3693, "bus_lcPushy": 0.522, "bus_lcSigma": 0.4698, "bus_lcSpeedGainRight": 3.1385, "bus_lcSublane": 0.9506, "bus_sigma": 0.082, "bus_tau_mean": 3.5354, "bus_tau_std": 8.431, "bus_v_mean": 8.9066, "bus_v_std": 17.4383, "car_acc": 2.1843, "car_dcc": 0.9231, "car_lcAssertive": 82.331, "car_lcCooperative": 0.9396, "car_lcLookaheadLeft": 74.2324, "car_lcPushy": 0.2221, "car_lcSigma": 0.5228, "car_lcSpeedGainRight": 3.1537, "car_lcSublane": 0.0957, "car_sigma": 0.1888, "car_tau_mean": 3.2933, "car_tau_std": 5.0087, "car_v_mean": 15.8451, "car_v_std": 15.3031}, "datetime": {"datetime": "2024-08-12 02:42:07", "elapsed": 7167.197571, "delta": 7.518078}}
{"target": -0.27067964680229717, "params": {"bus_acc": 1.6683, "bus_dcc": 2.3148, "bus_lcAssertive": 80.2235, "bus_lcCooperative": 0.3701, "bus_lcLookaheadLeft": 23.324, "bus_lcPushy": 0.7623, "bus_lcSigma": 0.3666, "bus_lcSpeedGainRight": 0.1839, "bus_lcSublane": 0.8333, "bus_sigma": 0.143, "bus_tau_mean": 0.7996, "bus_tau_std": 4.442, "bus_v_mean": 12.5323, "bus_v_std": 18.45, "car_acc": 0.205, "car_dcc": 2.861, "car_lcAssertive": 25.1459, "car_lcCooperative": 0.5187, "car_lcLookaheadLeft": 87.0257, "car_lcPushy": 0.4061, "car_lcSigma": 0.5399, "car_lcSpeedGainRight": 2.5448, "car_lcSublane": 0.0019, "car_sigma": 0.5655, "car_tau_mean": 3.5845, "car_tau_std": 4.9775, "car_v_mean": 12.7985, "car_v_std": 16.6079}, "datetime": {"datetime": "2024-08-12 02:42:13", "elapsed": 7174.10884, "delta": 6.911269}}
{"target": -0.6789075603180131, "params": {"bus_acc": 0.3998, "bus_dcc": 2.1662, "bus_lcAssertive": 43.6777, "bus_lcCooperative": 0.6168, "bus_lcLookaheadLeft": 52.5461, "bus_lcPushy": 0.8125, "bus_lcSigma": 0.7833, "bus_lcSpeedGainRight": 1.3054, "bus_lcSublane": 0.8106, "bus_sigma": 0.4843, "bus_tau_mean": 2.9969, "bus_tau_std": 7.593, "bus_v_mean": 19.5227, "bus_v_std": 1.084, "car_acc": 3.8954, "car_dcc": 1.5155, "car_lcAssertive": 4.3408, "car_lcCooperative": 0.2514, "car_lcLookaheadLeft": 31.2638, "car_lcPushy": 0.2322, "car_lcSigma": 0.0361, "car_lcSpeedGainRight": 0.6503, "car_lcSublane": 0.5489, "car_sigma": 0.7411, "car_tau_mean": 0.5412, "car_tau_std": 8.578, "car_v_mean": 23.124, "car_v_std": 3.5855}, "datetime": {"datetime": "2024-08-12 02:42:19", "elapsed": 7179.288655, "delta": 5.179815}}
{"target": -0.544582581189153, "params": {"bus_acc": 0.3065, "bus_dcc": 2.5872, "bus_lcAssertive": 77.2044, "bus_lcCooperative": 0.7487, "bus_lcLookaheadLeft": 92.4312, "bus_lcPushy": 0.7335, "bus_lcSigma": 0.8752, "bus_lcSpeedGainRight": 3.1765, "bus_lcSublane": 0.2928, "bus_sigma": 0.2103, "bus_tau_mean": 1.7892, "bus_tau_std": 3.0813, "bus_v_mean": 24.4305, "bus_v_std": 15.4255, "car_acc": 2.1791, "car_dcc": 1.5237, "car_lcAssertive": 89.1652, "car_lcCooperative": 0.5583, "car_lcLookaheadLeft": 77.7893, "car_lcPushy": 0.701, "car_lcSigma": 0.4624, "car_lcSpeedGainRight": 4.0544, "car_lcSublane": 0.4396, "car_sigma": 0.58, "car_tau_mean": 1.7479, "car_tau_std": 7.1684, "car_v_mean": 11.9502, "car_v_std": 7.4341}, "datetime": {"datetime": "2024-08-12 02:42:26", "elapsed": 7186.624135, "delta": 7.33548}}
{"target": -0.6648034737954654, "params": {"bus_acc": 1.5117, "bus_dcc": 1.5289, "bus_lcAssertive": 17.8803, "bus_lcCooperative": 0.6599, "bus_lcLookaheadLeft": 70.1206, "bus_lcPushy": 0.5368, "bus_lcSigma": 0.5079, "bus_lcSpeedGainRight": 4.0069, "bus_lcSublane": 0.8388, "bus_sigma": 0.6939, "bus_tau_mean": 2.4505, "bus_tau_std": 7.037, "bus_v_mean": 23.5805, "bus_v_std": 18.697, "car_acc": 3.2342, "car_dcc": 2.146, "car_lcAssertive": 9.3996, "car_lcCooperative": 0.6934, "car_lcLookaheadLeft": 20.2048, "car_lcPushy": 0.8294, "car_lcSigma": 0.2547, "car_lcSpeedGainRight": 4.5078, "car_lcSublane": 0.2676, "car_sigma": 0.2987, "car_tau_mean": 3.5277, "car_tau_std": 8.8705, "car_v_mean": 21.6163, "car_v_std": 6.7787}, "datetime": {"datetime": "2024-08-12 02:42:31", "elapsed": 7191.936634, "delta": 5.312499}}
