{"target": -0.514667548019046, "params": {"bus_acc": 2.2589, "bus_dcc": 3.5184, "bus_lcAssertive": 30.5601, "bus_lcCooperative": 0.7157, "bus_lcLookaheadLeft": 78.5012, "bus_lcPushy": 0.9308, "bus_lcSigma": 0.1401, "bus_lcSpeedGainRight": 4.5343, "bus_lcSublane": 0.2801, "bus_sigma": 0.2617, "bus_tau_mean": 3.5699, "bus_tau_std": 9.4147, "bus_v_mean": 10.1676, "bus_v_std": 2.8036, "car_acc": 2.2388, "car_dcc": 3.0176, "car_lcAssertive": 52.102, "car_lcCooperative": 0.1286, "car_lcLookaheadLeft": 81.6761, "car_lcPushy": 0.6654, "car_lcSigma": 0.0144, "car_lcSpeedGainRight": 4.0611, "car_lcSublane": 0.2702, "car_sigma": 0.6204, "car_tau_mean": 2.8329, "car_tau_std": 1.4517, "car_v_mean": 13.0901, "car_v_std": 2.9166}, "datetime": {"datetime": "2024-08-12 02:01:49", "elapsed": 4749.46866, "delta": 4.055436}}
{"target": -0.6694706785360992, "params": {"bus_acc": 2.6169, "bus_dcc": 1.0124, "bus_lcAssertive": 87.0434, "bus_lcCooperative": 0.8856, "bus_lcLookaheadLeft": 56.1699, "bus_lcPushy": 0.6033, "bus_lcSigma": 0.0916, "bus_lcSpeedGainRight": 2.7418, "bus_lcSublane": 0.1799, "bus_sigma": 0.7762, "bus_tau_mean": 1.3819, "bus_tau_std": 1.2793, "bus_v_mean": 16.5576, "bus_v_std": 16.2201, "car_acc": 2.4501, "car_dcc": 1.3204, "car_lcAssertive": 64.9255, "car_lcCooperative": 0.4043, "car_lcLookaheadLeft": 34.7702, "car_lcPushy": 0.174, "car_lcSigma": 0.6928, "car_lcSpeedGainRight": 1.3418, "car_lcSublane": 0.5984, "car_sigma": 0.012, "car_tau_mean": 1.1481, "car_tau_std": 2.3806, "car_v_mean": 12.3091, "car_v_std": 19.7881}, "datetime": {"datetime": "2024-08-12 02:01:56", "elapsed": 4756.375442, "delta": 6.906782}}
{"target": -0.7222317990298643, "params": {"bus_acc": 2.8111, "bus_dcc": 2.8826, "bus_lcAssertive": 32.9205, "bus_lcCooperative": 0.5414, "bus_lcLookaheadLeft": 45.6948, "bus_lcPushy": 0.9714, "bus_lcSigma": 0.3245, "bus_lcSpeedGainRight": 3.5195, "bus_lcSublane": 0.0508, "bus_sigma": 0.0636, "bus_tau_mean": 2.4112, "bus_tau_std": 4.3364, "bus_v_mean": 19.3395, "bus_v_std": 12.1149, "car_acc": 2.7639, "car_dcc": 2.3543, "car_lcAssertive": 7.5912, "car_lcCooperative": 0.3539, "car_lcLookaheadLeft": 29.02, "car_lcPushy": 0.0941, "car_lcSigma": 0.3943, "car_lcSpeedGainRight": 4.6959, "car_lcSublane": 0.7097, "car_sigma": 0.7095, "car_tau_mean": 1.1252, "car_tau_std": 1.3672, "car_v_mean": 16.8411, "car_v_std": 3.6803}, "datetime": {"datetime": "2024-08-12 02:01:59", "elapsed": 4759.926747, "delta": 3.551305}}
{"target": -0.6295121394427904, "params": {"bus_acc": 3.1581, "bus_dcc": 0.8861, "bus_lcAssertive": 15.1087, "bus_lcCooperative": 0.4002, "bus_lcLookaheadLeft": 65.8797, "bus_lcPushy": 0.4252, "bus_lcSigma": 0.8875, "bus_lcSpeedGainRight": 0.5563, "bus_lcSublane": 0.0221, "bus_sigma": 0.7058, "bus_tau_mean": 2.4844, "bus_tau_std": 5.0687, "bus_v_mean": 21.2574, "bus_v_std": 13.292, "car_acc": 2.3113, "car_dcc": 3.0339, "car_lcAssertive": 40.8712, "car_lcCooperative": 0.244, "car_lcLookaheadLeft": 51.8815, "car_lcPushy": 0.7753, "car_lcSigma": 0.1405, "car_lcSpeedGainRight": 3.7437, "car_lcSublane": 0.6886, "car_sigma": 0.2577, "car_tau_mean": 1.182, "car_tau_std": 1.5673, "car_v_mean": 15.3343, "car_v_std": 14.9156}, "datetime": {"datetime": "2024-08-12 02:02:03", "elapsed": 4763.718702, "delta": 3.791955}}
{"target": -0.5435675577057993, "params": {"bus_acc": 1.9389, "bus_dcc": 3.3393, "bus_lcAssertive": 36.1789, "bus_lcCooperative": 0.0283, "bus_lcLookaheadLeft": 58.2662, "bus_lcPushy": 0.3606, "bus_lcSigma": 0.1357, "bus_lcSpeedGainRight": 2.9793, "bus_lcSublane": 0.9205, "bus_sigma": 0.7898, "bus_tau_mean": 2.0954, "bus_tau_std": 4.4439, "bus_v_mean": 17.319, "bus_v_std": 18.2993, "car_acc": 2.2353, "car_dcc": 2.7603, "car_lcAssertive": 23.5956, "car_lcCooperative": 0.6992, "car_lcLookaheadLeft": 47.8058, "car_lcPushy": 0.5122, "car_lcSigma": 0.1339, "car_lcSpeedGainRight": 4.0655, "car_lcSublane": 0.3433, "car_sigma": 0.7468, "car_tau_mean": 3.8911, "car_tau_std": 3.0326, "car_v_mean": 10.6298, "car_v_std": 12.68}, "datetime": {"datetime": "2024-08-12 02:02:10", "elapsed": 4771.176549, "delta": 7.457847}}
{"target": -0.3216205115131847, "params": {"bus_acc": 1.8193, "bus_dcc": 1.4287, "bus_lcAssertive": 58.1352, "bus_lcCooperative": 0.6774, "bus_lcLookaheadLeft": 84.3951, "bus_lcPushy": 0.7002, "bus_lcSigma": 0.2842, "bus_lcSpeedGainRight": 3.2215, "bus_lcSublane": 0.7394, "bus_sigma": 0.5059, "bus_tau_mean": 3.5428, "bus_tau_std": 6.0272, "bus_v_mean": 14.5445, "bus_v_std": 12.3881, "car_acc": 0.4892, "car_dcc": 2.9879, "car_lcAssertive": 15.4622, "car_lcCooperative": 0.1227, "car_lcLookaheadLeft": 15.8257, "car_lcPushy": 0.1643, "car_lcSigma": 0.8287, "car_lcSpeedGainRight": 4.5571, "car_lcSublane": 0.7093, "car_sigma": 0.8307, "car_tau_mean": 2.9651, "car_tau_std": 6.6613, "car_v_mean": 24.1972, "car_v_std": 16.9198}, "datetime": {"datetime": "2024-08-12 02:02:15", "elapsed": 4775.476234, "delta": 4.299685}}
{"target": -0.5971028137969342, "params": {"bus_acc": 2.7308, "bus_dcc": 3.8449, "bus_lcAssertive": 93.5805, "bus_lcCooperative": 0.0858, "bus_lcLookaheadLeft": 79.9627, "bus_lcPushy": 0.8143, "bus_lcSigma": 0.1246, "bus_lcSpeedGainRight": 3.9757, "bus_lcSublane": 0.2424, "bus_sigma": 0.0729, "bus_tau_mean": 0.6887, "bus_tau_std": 2.1589, "bus_v_mean": 15.1477, "bus_v_std": 3.0782, "car_acc": 3.9944, "car_dcc": 1.4895, "car_lcAssertive": 88.8942, "car_lcCooperative": 0.3301, "car_lcLookaheadLeft": 66.3755, "car_lcPushy": 0.8398, "car_lcSigma": 0.6417, "car_lcSpeedGainRight": 4.9573, "car_lcSublane": 0.8364, "car_sigma": 0.7656, "car_tau_mean": 0.7473, "car_tau_std": 6.8597, "car_v_mean": 25.3559, "car_v_std": 8.9321}, "datetime": {"datetime": "2024-08-12 02:02:22", "elapsed": 4782.500281, "delta": 7.024047}}
{"target": -0.7124792096140259, "params": {"bus_acc": 1.6129, "bus_dcc": 2.1571, "bus_lcAssertive": 57.5621, "bus_lcCooperative": 0.1433, "bus_lcLookaheadLeft": 44.7678, "bus_lcPushy": 0.891, "bus_lcSigma": 0.7139, "bus_lcSpeedGainRight": 2.0018, "bus_lcSublane": 0.6098, "bus_sigma": 0.2667, "bus_tau_mean": 3.9555, "bus_tau_std": 2.3325, "bus_v_mean": 15.4158, "bus_v_std": 17.3288, "car_acc": 3.5387, "car_dcc": 0.2861, "car_lcAssertive": 7.8835, "car_lcCooperative": 0.8224, "car_lcLookaheadLeft": 68.5744, "car_lcPushy": 0.9555, "car_lcSigma": 0.4208, "car_lcSpeedGainRight": 2.1397, "car_lcSublane": 0.705, "car_sigma": 0.1957, "car_tau_mean": 2.1539, "car_tau_std": 9.7729, "car_v_mean": 15.3904, "car_v_std": 18.0424}, "datetime": {"datetime": "2024-08-12 02:02:27", "elapsed": 4787.594228, "delta": 5.093947}}
{"target": -0.35763786762764543, "params": {"bus_acc": 3.3273, "bus_dcc": 0.7934, "bus_lcAssertive": 92.5463, "bus_lcCooperative": 0.9185, "bus_lcLookaheadLeft": 44.272, "bus_lcPushy": 0.1125, "bus_lcSigma": 0.2924, "bus_lcSpeedGainRight": 2.9517, "bus_lcSublane": 0.7884, "bus_sigma": 0.2985, "bus_tau_mean": 3.3175, "bus_tau_std": 1.6154, "bus_v_mean": 19.3157, "bus_v_std": 8.4666, "car_acc": 0.5389, "car_dcc": 2.7689, "car_lcAssertive": 52.9331, "car_lcCooperative": 0.3868, "car_lcLookaheadLeft": 66.0176, "car_lcPushy": 0.7364, "car_lcSigma": 0.4402, "car_lcSpeedGainRight": 4.5111, "car_lcSublane": 0.647, "car_sigma": 0.3855, "car_tau_mean": 3.0309, "car_tau_std": 5.074, "car_v_mean": 19.4331, "car_v_std": 13.2455}, "datetime": {"datetime": "2024-08-12 02:02:35", "elapsed": 4795.872961, "delta": 8.278733}}
{"target": -0.6476660268342346, "params": {"bus_acc": 1.668, "bus_dcc": 0.4637, "bus_lcAssertive": 13.3544, "bus_lcCooperative": 0.2312, "bus_lcLookaheadLeft": 76.7175, "bus_lcPushy": 0.5698, "bus_lcSigma": 0.5648, "bus_lcSpeedGainRight": 3.2895, "bus_lcSublane": 0.2585, "bus_sigma": 0.887, "bus_tau_mean": 2.5991, "bus_tau_std": 3.6098, "bus_v_mean": 19.6141, "bus_v_std": 2.3568, "car_acc": 2.0277, "car_dcc": 2.2043, "car_lcAssertive": 31.3357, "car_lcCooperative": 0.5566, "car_lcLookaheadLeft": 16.7909, "car_lcPushy": 0.6026, "car_lcSigma": 0.6177, "car_lcSpeedGainRight": 3.3203, "car_lcSublane": 0.8256, "car_sigma": 0.6574, "car_tau_mean": 1.8603, "car_tau_std": 7.6908, "car_v_mean": 8.0933, "car_v_std": 14.2974}, "datetime": {"datetime": "2024-08-12 02:02:39", "elapsed": 4799.279659, "delta": 3.406698}}
{"target": -0.9537211701930356, "params": {"bus_acc": 1.7224, "bus_dcc": 3.0087, "bus_lcAssertive": 29.5442, "bus_lcCooperative": 0.1189, "bus_lcLookaheadLeft": 94.202, "bus_lcPushy": 0.9103, "bus_lcSigma": 0.2613, "bus_lcSpeedGainRight": 1.3099, "bus_lcSublane": 0.0781, "bus_sigma": 0.4444, "bus_tau_mean": 2.6479, "bus_tau_std": 0.5754, "bus_v_mean": 24.1726, "bus_v_std": 9.941, "car_acc": 2.4986, "car_dcc": 3.3204, "car_lcAssertive": 4.2807, "car_lcCooperative": 0.2707, "car_lcLookaheadLeft": 79.9146, "car_lcPushy": 0.6806, "car_lcSigma": 0.5482, "car_lcSpeedGainRight": 0.6037, "car_lcSublane": 0.4392, "car_sigma": 0.8244, "car_tau_mean": 2.8203, "car_tau_std": 0.817, "car_v_mean": 12.1354, "car_v_std": 9.4103}, "datetime": {"datetime": "2024-08-12 02:02:45", "elapsed": 4805.333867, "delta": 6.054208}}
{"target": -0.413213051003048, "params": {"bus_acc": 0.7527, "bus_dcc": 0.2944, "bus_lcAssertive": 15.9729, "bus_lcCooperative": 0.5583, "bus_lcLookaheadLeft": 10.5367, "bus_lcPushy": 0.861, "bus_lcSigma": 0.7082, "bus_lcSpeedGainRight": 2.878, "bus_lcSublane": 0.4397, "bus_sigma": 0.4193, "bus_tau_mean": 2.5701, "bus_tau_std": 4.5383, "bus_v_mean": 25.8067, "bus_v_std": 2.0668, "car_acc": 0.997, "car_dcc": 2.4764, "car_lcAssertive": 96.7329, "car_lcCooperative": 0.1858, "car_lcLookaheadLeft": 26.3361, "car_lcPushy": 0.5269, "car_lcSigma": 0.3289, "car_lcSpeedGainRight": 1.137, "car_lcSublane": 0.6177, "car_sigma": 0.0815, "car_tau_mean": 3.537, "car_tau_std": 9.3512, "car_v_mean": 25.3254, "car_v_std": 5.2059}, "datetime": {"datetime": "2024-08-12 02:02:49", "elapsed": 4809.311618, "delta": 3.977751}}
{"target": -0.5568150391286594, "params": {"bus_acc": 0.4892, "bus_dcc": 1.0994, "bus_lcAssertive": 12.3128, "bus_lcCooperative": 0.5718, "bus_lcLookaheadLeft": 91.239, "bus_lcPushy": 0.0152, "bus_lcSigma": 0.6139, "bus_lcSpeedGainRight": 1.0311, "bus_lcSublane": 0.7507, "bus_sigma": 0.7056, "bus_tau_mean": 2.3043, "bus_tau_std": 9.1748, "bus_v_mean": 20.3507, "bus_v_std": 2.6969, "car_acc": 2.264, "car_dcc": 3.7061, "car_lcAssertive": 39.286, "car_lcCooperative": 0.23, "car_lcLookaheadLeft": 61.8802, "car_lcPushy": 0.8198, "car_lcSigma": 0.0357, "car_lcSpeedGainRight": 0.6666, "car_lcSublane": 0.6389, "car_sigma": 0.8655, "car_tau_mean": 3.1805, "car_tau_std": 3.1982, "car_v_mean": 25.9827, "car_v_std": 12.4445}, "datetime": {"datetime": "2024-08-12 02:02:52", "elapsed": 4812.632571, "delta": 3.320953}}
{"target": -0.5623854279898285, "params": {"bus_acc": 3.9343, "bus_dcc": 3.9992, "bus_lcAssertive": 83.7248, "bus_lcCooperative": 0.0363, "bus_lcLookaheadLeft": 12.2696, "bus_lcPushy": 0.1743, "bus_lcSigma": 0.4401, "bus_lcSpeedGainRight": 0.0969, "bus_lcSublane": 0.4802, "bus_sigma": 0.0525, "bus_tau_mean": 3.9634, "bus_tau_std": 8.9989, "bus_v_mean": 16.8432, "bus_v_std": 11.2532, "car_acc": 1.5506, "car_dcc": 3.7378, "car_lcAssertive": 84.1134, "car_lcCooperative": 0.6514, "car_lcLookaheadLeft": 35.9257, "car_lcPushy": 0.2152, "car_lcSigma": 0.9058, "car_lcSpeedGainRight": 1.7281, "car_lcSublane": 0.6696, "car_sigma": 0.2323, "car_tau_mean": 0.5308, "car_tau_std": 3.73, "car_v_mean": 16.282, "car_v_std": 11.4361}, "datetime": {"datetime": "2024-08-12 02:02:57", "elapsed": 4817.847315, "delta": 5.214744}}
{"target": -0.6046122505142533, "params": {"bus_acc": 3.8347, "bus_dcc": 3.1107, "bus_lcAssertive": 49.5128, "bus_lcCooperative": 0.2754, "bus_lcLookaheadLeft": 74.6918, "bus_lcPushy": 0.4028, "bus_lcSigma": 0.8088, "bus_lcSpeedGainRight": 1.8373, "bus_lcSublane": 0.4052, "bus_sigma": 0.4937, "bus_tau_mean": 3.479, "bus_tau_std": 1.7036, "bus_v_mean": 17.445, "bus_v_std": 2.5003, "car_acc": 0.6752, "car_dcc": 1.145, "car_lcAssertive": 8.4502, "car_lcCooperative": 0.7845, "car_lcLookaheadLeft": 81.3732, "car_lcPushy": 0.8836, "car_lcSigma": 0.0598, "car_lcSpeedGainRight": 2.2453, "car_lcSublane": 0.1227, "car_sigma": 0.7217, "car_tau_mean": 0.7579, "car_tau_std": 9.909, "car_v_mean": 23.9468, "car_v_std": 7.7082}, "datetime": {"datetime": "2024-08-12 02:03:01", "elapsed": 4821.388467, "delta": 3.541152}}
{"target": -0.7639383259209279, "params": {"bus_acc": 0.8805, "bus_dcc": 1.9104, "bus_lcAssertive": 76.4054, "bus_lcCooperative": 0.8417, "bus_lcLookaheadLeft": 94.9252, "bus_lcPushy": 0.1729, "bus_lcSigma": 0.6029, "bus_lcSpeedGainRight": 4.9116, "bus_lcSublane": 0.8959, "bus_sigma": 0.7476, "bus_tau_mean": 3.4456, "bus_tau_std": 0.7405, "bus_v_mean": 21.4367, "bus_v_std": 9.6787, "car_acc": 3.6174, "car_dcc": 3.3747, "car_lcAssertive": 71.8103, "car_lcCooperative": 0.5513, "car_lcLookaheadLeft": 44.7995, "car_lcPushy": 0.1351, "car_lcSigma": 0.9588, "car_lcSpeedGainRight": 0.0403, "car_lcSublane": 0.2832, "car_sigma": 0.7182, "car_tau_mean": 2.4684, "car_tau_std": 1.2446, "car_v_mean": 9.4859, "car_v_std": 15.1997}, "datetime": {"datetime": "2024-08-12 02:03:05", "elapsed": 4825.443489, "delta": 4.055022}}
{"target": -0.7680187260841415, "params": {"bus_acc": 1.7089, "bus_dcc": 1.2481, "bus_lcAssertive": 2.2245, "bus_lcCooperative": 0.0228, "bus_lcLookaheadLeft": 93.9729, "bus_lcPushy": 0.4679, "bus_lcSigma": 0.5849, "bus_lcSpeedGainRight": 4.3243, "bus_lcSublane": 0.8527, "bus_sigma": 0.7749, "bus_tau_mean": 2.197, "bus_tau_std": 6.5395, "bus_v_mean": 25.1997, "bus_v_std": 1.2177, "car_acc": 3.122, "car_dcc": 1.0901, "car_lcAssertive": 42.9738, "car_lcCooperative": 0.3233, "car_lcLookaheadLeft": 77.1235, "car_lcPushy": 0.7457, "car_lcSigma": 0.2396, "car_lcSpeedGainRight": 3.3514, "car_lcSublane": 0.1578, "car_sigma": 0.9084, "car_tau_mean": 1.6137, "car_tau_std": 6.3092, "car_v_mean": 22.452, "car_v_std": 14.0087}, "datetime": {"datetime": "2024-08-12 02:03:08", "elapsed": 4828.977778, "delta": 3.534289}}
{"target": -0.5318233618289635, "params": {"bus_acc": 0.2891, "bus_dcc": 0.9219, "bus_lcAssertive": 49.9977, "bus_lcCooperative": 0.8302, "bus_lcLookaheadLeft": 54.6836, "bus_lcPushy": 0.29, "bus_lcSigma": 0.6955, "bus_lcSpeedGainRight": 0.8745, "bus_lcSublane": 0.6348, "bus_sigma": 0.6582, "bus_tau_mean": 2.1404, "bus_tau_std": 7.8839, "bus_v_mean": 20.2559, "bus_v_std": 14.9252, "car_acc": 2.222, "car_dcc": 2.4485, "car_lcAssertive": 62.4166, "car_lcCooperative": 0.1528, "car_lcLookaheadLeft": 80.3813, "car_lcPushy": 0.3285, "car_lcSigma": 0.4112, "car_lcSpeedGainRight": 1.6205, "car_lcSublane": 0.61, "car_sigma": 0.1184, "car_tau_mean": 1.7707, "car_tau_std": 5.723, "car_v_mean": 15.7735, "car_v_std": 6.1855}, "datetime": {"datetime": "2024-08-12 02:03:16", "elapsed": 4836.225051, "delta": 7.247273}}
{"target": -0.6304774879526557, "params": {"bus_acc": 3.8908, "bus_dcc": 1.9129, "bus_lcAssertive": 33.435, "bus_lcCooperative": 0.5638, "bus_lcLookaheadLeft": 58.0455, "bus_lcPushy": 0.2726, "bus_lcSigma": 0.7926, "bus_lcSpeedGainRight": 1.3651, "bus_lcSublane": 0.1482, "bus_sigma": 0.8393, "bus_tau_mean": 2.9442, "bus_tau_std": 1.9703, "bus_v_mean": 18.1458, "bus_v_std": 7.2956, "car_acc": 3.3841, "car_dcc": 3.5084, "car_lcAssertive": 13.809, "car_lcCooperative": 0.6641, "car_lcLookaheadLeft": 74.4451, "car_lcPushy": 0.267, "car_lcSigma": 0.9974, "car_lcSpeedGainRight": 3.8994, "car_lcSublane": 0.7033, "car_sigma": 0.3395, "car_tau_mean": 3.2897, "car_tau_std": 5.3559, "car_v_mean": 23.4777, "car_v_std": 6.1104}, "datetime": {"datetime": "2024-08-12 02:03:19", "elapsed": 4839.81205, "delta": 3.586999}}
{"target": -0.5407505103274257, "params": {"bus_acc": 1.503, "bus_dcc": 2.0518, "bus_lcAssertive": 17.9912, "bus_lcCooperative": 0.6213, "bus_lcLookaheadLeft": 77.6015, "bus_lcPushy": 0.6002, "bus_lcSigma": 0.865, "bus_lcSpeedGainRight": 0.5781, "bus_lcSublane": 0.4643, "bus_sigma": 0.5327, "bus_tau_mean": 1.8056, "bus_tau_std": 1.8935, "bus_v_mean": 22.5081, "bus_v_std": 7.8908, "car_acc": 0.8166, "car_dcc": 2.5629, "car_lcAssertive": 57.6188, "car_lcCooperative": 0.0737, "car_lcLookaheadLeft": 69.6528, "car_lcPushy": 0.2833, "car_lcSigma": 0.2206, "car_lcSpeedGainRight": 1.9255, "car_lcSublane": 0.0228, "car_sigma": 0.5812, "car_tau_mean": 3.7934, "car_tau_std": 0.305, "car_v_mean": 9.6655, "car_v_std": 10.609}, "datetime": {"datetime": "2024-08-12 02:03:26", "elapsed": 4847.000781, "delta": 7.188731}}
{"target": -0.32163696334320324, "params": {"bus_acc": 0.5868, "bus_dcc": 3.5888, "bus_lcAssertive": 88.6101, "bus_lcCooperative": 0.1332, "bus_lcLookaheadLeft": 46.934, "bus_lcPushy": 0.0247, "bus_lcSigma": 0.4866, "bus_lcSpeedGainRight": 0.5457, "bus_lcSublane": 0.2412, "bus_sigma": 0.2908, "bus_tau_mean": 1.4262, "bus_tau_std": 0.3221, "bus_v_mean": 16.2337, "bus_v_std": 6.0042, "car_acc": 0.4097, "car_dcc": 1.4924, "car_lcAssertive": 17.7817, "car_lcCooperative": 0.1818, "car_lcLookaheadLeft": 43.4935, "car_lcPushy": 0.717, "car_lcSigma": 0.2108, "car_lcSpeedGainRight": 4.235, "car_lcSublane": 0.5286, "car_sigma": 0.7604, "car_tau_mean": 3.1746, "car_tau_std": 7.7439, "car_v_mean": 11.8158, "car_v_std": 13.9589}, "datetime": {"datetime": "2024-08-12 02:03:32", "elapsed": 4852.800338, "delta": 5.799557}}
{"target": -0.5661152620308386, "params": {"bus_acc": 0.6211, "bus_dcc": 3.9558, "bus_lcAssertive": 99.6992, "bus_lcCooperative": 0.1091, "bus_lcLookaheadLeft": 61.5012, "bus_lcPushy": 0.327, "bus_lcSigma": 0.9355, "bus_lcSpeedGainRight": 2.9604, "bus_lcSublane": 0.0233, "bus_sigma": 0.9642, "bus_tau_mean": 0.6101, "bus_tau_std": 9.928, "bus_v_mean": 22.4818, "bus_v_std": 2.6183, "car_acc": 2.2232, "car_dcc": 2.4606, "car_lcAssertive": 54.0517, "car_lcCooperative": 0.062, "car_lcLookaheadLeft": 46.511, "car_lcPushy": 0.27, "car_lcSigma": 0.8533, "car_lcSpeedGainRight": 2.0986, "car_lcSublane": 0.1963, "car_sigma": 0.0581, "car_tau_mean": 1.1655, "car_tau_std": 9.2824, "car_v_mean": 13.9813, "car_v_std": 8.6052}, "datetime": {"datetime": "2024-08-12 02:03:39", "elapsed": 4859.438838, "delta": 6.6385}}
{"target": -0.34103765385618523, "params": {"bus_acc": 0.7897, "bus_dcc": 1.0072, "bus_lcAssertive": 11.7092, "bus_lcCooperative": 0.946, "bus_lcLookaheadLeft": 84.4514, "bus_lcPushy": 0.4227, "bus_lcSigma": 0.806, "bus_lcSpeedGainRight": 2.6242, "bus_lcSublane": 0.9147, "bus_sigma": 0.1942, "bus_tau_mean": 0.5366, "bus_tau_std": 7.8617, "bus_v_mean": 21.7541, "bus_v_std": 16.3643, "car_acc": 1.0716, "car_dcc": 3.1139, "car_lcAssertive": 51.5775, "car_lcCooperative": 0.7757, "car_lcLookaheadLeft": 8.3285, "car_lcPushy": 0.503, "car_lcSigma": 0.1937, "car_lcSpeedGainRight": 2.5324, "car_lcSublane": 0.1933, "car_sigma": 0.4281, "car_tau_mean": 2.3504, "car_tau_std": 2.1857, "car_v_mean": 18.9015, "car_v_std": 1.666}, "datetime": {"datetime": "2024-08-12 02:03:43", "elapsed": 4864.103996, "delta": 4.665158}}
{"target": -0.6269958315763042, "params": {"bus_acc": 2.2358, "bus_dcc": 3.2353, "bus_lcAssertive": 85.9099, "bus_lcCooperative": 0.4678, "bus_lcLookaheadLeft": 93.2857, "bus_lcPushy": 0.2586, "bus_lcSigma": 0.2004, "bus_lcSpeedGainRight": 1.8864, "bus_lcSublane": 0.9443, "bus_sigma": 0.9615, "bus_tau_mean": 3.4787, "bus_tau_std": 1.3384, "bus_v_mean": 10.606, "bus_v_std": 11.9092, "car_acc": 2.068, "car_dcc": 0.8586, "car_lcAssertive": 99.8392, "car_lcCooperative": 0.9008, "car_lcLookaheadLeft": 44.0242, "car_lcPushy": 0.703, "car_lcSigma": 0.5477, "car_lcSpeedGainRight": 4.7249, "car_lcSublane": 0.5381, "car_sigma": 0.7587, "car_tau_mean": 1.214, "car_tau_std": 9.9222, "car_v_mean": 21.8354, "car_v_std": 8.1736}, "datetime": {"datetime": "2024-08-12 02:03:47", "elapsed": 4867.763682, "delta": 3.659686}}
{"target": -0.7156128051756276, "params": {"bus_acc": 3.0273, "bus_dcc": 2.5199, "bus_lcAssertive": 70.1334, "bus_lcCooperative": 0.9511, "bus_lcLookaheadLeft": 5.3788, "bus_lcPushy": 0.5916, "bus_lcSigma": 0.5334, "bus_lcSpeedGainRight": 2.1447, "bus_lcSublane": 0.1045, "bus_sigma": 0.8108, "bus_tau_mean": 1.3138, "bus_tau_std": 9.6605, "bus_v_mean": 24.2019, "bus_v_std": 7.7531, "car_acc": 3.8518, "car_dcc": 2.3027, "car_lcAssertive": 91.7825, "car_lcCooperative": 0.5892, "car_lcLookaheadLeft": 81.7366, "car_lcPushy": 0.2067, "car_lcSigma": 0.6603, "car_lcSpeedGainRight": 4.7481, "car_lcSublane": 0.2927, "car_sigma": 0.6326, "car_tau_mean": 2.5774, "car_tau_std": 0.4512, "car_v_mean": 9.751, "car_v_std": 12.7264}, "datetime": {"datetime": "2024-08-12 02:03:54", "elapsed": 4874.757099, "delta": 6.993417}}
{"target": -0.779376942700608, "params": {"bus_acc": 3.2855, "bus_dcc": 2.3965, "bus_lcAssertive": 60.1035, "bus_lcCooperative": 0.8967, "bus_lcLookaheadLeft": 31.5254, "bus_lcPushy": 0.7684, "bus_lcSigma": 0.4212, "bus_lcSpeedGainRight": 2.2124, "bus_lcSublane": 0.6934, "bus_sigma": 0.728, "bus_tau_mean": 0.9002, "bus_tau_std": 9.9142, "bus_v_mean": 24.764, "bus_v_std": 4.9468, "car_acc": 2.1378, "car_dcc": 1.2089, "car_lcAssertive": 20.19, "car_lcCooperative": 0.1768, "car_lcLookaheadLeft": 21.176, "car_lcPushy": 0.9565, "car_lcSigma": 0.832, "car_lcSpeedGainRight": 3.084, "car_lcSublane": 0.0898, "car_sigma": 0.8701, "car_tau_mean": 1.3671, "car_tau_std": 4.5835, "car_v_mean": 13.6585, "car_v_std": 15.1961}, "datetime": {"datetime": "2024-08-12 02:04:01", "elapsed": 4881.339082, "delta": 6.581983}}
