{"target": -0.781717237411473, "params": {"bus_acc": 2.2091, "bus_dcc": 3.0213, "bus_lcAssertive": 16.1336, "bus_lcCooperative": 0.0261, "bus_lcLookaheadLeft": 64.2379, "bus_lcPushy": 0.1791, "bus_lcSigma": 0.7074, "bus_lcSpeedGainRight": 4.9962, "bus_lcSublane": 0.1896, "bus_sigma": 0.6915, "bus_tau_mean": 1.6556, "bus_tau_std": 5.1264, "bus_v_mean": 8.5532, "bus_v_std": 3.1185, "car_acc": 3.1256, "car_dcc": 0.4677, "car_lcAssertive": 13.5999, "car_lcCooperative": 0.5833, "car_lcLookaheadLeft": 34.8958, "car_lcPushy": 0.3034, "car_lcSigma": 0.8664, "car_lcSpeedGainRight": 0.4746, "car_lcSublane": 0.4119, "car_sigma": 0.6701, "car_tau_mean": 3.9633, "car_tau_std": 1.912, "car_v_mean": 15.0386, "car_v_std": 3.6022}, "datetime": {"datetime": "2024-08-12 01:45:08", "elapsed": 3748.566375, "delta": 3.440176}}
{"target": -0.3934679450975958, "params": {"bus_acc": 3.3718, "bus_dcc": 0.9185, "bus_lcAssertive": 98.742, "bus_lcCooperative": 0.8857, "bus_lcLookaheadLeft": 45.9278, "bus_lcPushy": 0.9967, "bus_lcSigma": 0.5875, "bus_lcSpeedGainRight": 2.5184, "bus_lcSublane": 0.0121, "bus_sigma": 0.6336, "bus_tau_mean": 3.9472, "bus_tau_std": 7.0663, "bus_v_mean": 10.6797, "bus_v_std": 14.4084, "car_acc": 1.1456, "car_dcc": 2.5883, "car_lcAssertive": 62.1777, "car_lcCooperative": 0.7804, "car_lcLookaheadLeft": 71.8822, "car_lcPushy": 0.7011, "car_lcSigma": 0.8274, "car_lcSpeedGainRight": 4.8272, "car_lcSublane": 0.2283, "car_sigma": 0.6691, "car_tau_mean": 3.0795, "car_tau_std": 1.304, "car_v_mean": 24.5537, "car_v_std": 13.4953}, "datetime": {"datetime": "2024-08-12 01:45:11", "elapsed": 3752.095891, "delta": 3.529516}}
{"target": -0.47572287823570575, "params": {"bus_acc": 3.5351, "bus_dcc": 3.595, "bus_lcAssertive": 50.3826, "bus_lcCooperative": 0.3457, "bus_lcLookaheadLeft": 21.8768, "bus_lcPushy": 0.9687, "bus_lcSigma": 0.0015, "bus_lcSpeedGainRight": 4.0862, "bus_lcSublane": 0.815, "bus_sigma": 0.138, "bus_tau_mean": 1.5884, "bus_tau_std": 5.4875, "bus_v_mean": 20.7231, "bus_v_std": 7.961, "car_acc": 0.8093, "car_dcc": 1.1681, "car_lcAssertive": 36.9773, "car_lcCooperative": 0.7975, "car_lcLookaheadLeft": 5.4275, "car_lcPushy": 0.1426, "car_lcSigma": 0.8467, "car_lcSpeedGainRight": 4.6722, "car_lcSublane": 0.6188, "car_sigma": 0.0633, "car_tau_mean": 2.8027, "car_tau_std": 2.8884, "car_v_mean": 15.3677, "car_v_std": 6.2484}, "datetime": {"datetime": "2024-08-12 01:45:15", "elapsed": 3755.619944, "delta": 3.524053}}
{"target": -0.5782391280736502, "params": {"bus_acc": 3.4294, "bus_dcc": 2.9323, "bus_lcAssertive": 52.9846, "bus_lcCooperative": 0.5424, "bus_lcLookaheadLeft": 94.0807, "bus_lcPushy": 0.461, "bus_lcSigma": 0.525, "bus_lcSpeedGainRight": 4.916, "bus_lcSublane": 0.8141, "bus_sigma": 0.0696, "bus_tau_mean": 3.8896, "bus_tau_std": 0.9562, "bus_v_mean": 25.9589, "bus_v_std": 4.6563, "car_acc": 3.9246, "car_dcc": 2.8474, "car_lcAssertive": 61.2705, "car_lcCooperative": 0.2984, "car_lcLookaheadLeft": 95.3372, "car_lcPushy": 0.7943, "car_lcSigma": 0.6622, "car_lcSpeedGainRight": 0.2268, "car_lcSublane": 0.5903, "car_sigma": 0.0722, "car_tau_mean": 0.896, "car_tau_std": 5.8563, "car_v_mean": 13.4102, "car_v_std": 18.5943}, "datetime": {"datetime": "2024-08-12 01:45:21", "elapsed": 3762.030365, "delta": 6.410421}}
{"target": -0.8776083534329043, "params": {"bus_acc": 2.4612, "bus_dcc": 1.0261, "bus_lcAssertive": 40.8336, "bus_lcCooperative": 0.4092, "bus_lcLookaheadLeft": 92.6971, "bus_lcPushy": 0.7734, "bus_lcSigma": 0.458, "bus_lcSpeedGainRight": 2.7897, "bus_lcSublane": 0.5174, "bus_sigma": 0.1638, "bus_tau_mean": 1.9481, "bus_tau_std": 8.3513, "bus_v_mean": 17.3713, "bus_v_std": 12.3948, "car_acc": 2.6855, "car_dcc": 3.8972, "car_lcAssertive": 28.872, "car_lcCooperative": 0.2566, "car_lcLookaheadLeft": 79.2245, "car_lcPushy": 0.8009, "car_lcSigma": 0.9915, "car_lcSpeedGainRight": 2.7942, "car_lcSublane": 0.2745, "car_sigma": 0.0395, "car_tau_mean": 1.5429, "car_tau_std": 0.1091, "car_v_mean": 13.3735, "car_v_std": 4.3456}, "datetime": {"datetime": "2024-08-12 01:45:29", "elapsed": 3769.380681, "delta": 7.350316}}
{"target": -0.4887215249274474, "params": {"bus_acc": 1.5191, "bus_dcc": 1.2718, "bus_lcAssertive": 9.5876, "bus_lcCooperative": 0.9001, "bus_lcLookaheadLeft": 78.3015, "bus_lcPushy": 0.134, "bus_lcSigma": 0.7521, "bus_lcSpeedGainRight": 3.6008, "bus_lcSublane": 0.9935, "bus_sigma": 0.1597, "bus_tau_mean": 3.8879, "bus_tau_std": 5.4506, "bus_v_mean": 19.1472, "bus_v_std": 16.7103, "car_acc": 1.8831, "car_dcc": 3.7935, "car_lcAssertive": 80.0194, "car_lcCooperative": 0.1, "car_lcLookaheadLeft": 86.617, "car_lcPushy": 0.3324, "car_lcSigma": 0.439, "car_lcSpeedGainRight": 2.8337, "car_lcSublane": 0.5151, "car_sigma": 0.1434, "car_tau_mean": 3.7892, "car_tau_std": 3.5276, "car_v_mean": 14.9493, "car_v_std": 15.6176}, "datetime": {"datetime": "2024-08-12 01:45:34", "elapsed": 3774.261101, "delta": 4.88042}}
{"target": -0.7391043076896594, "params": {"bus_acc": 2.212, "bus_dcc": 0.7843, "bus_lcAssertive": 78.5688, "bus_lcCooperative": 0.5153, "bus_lcLookaheadLeft": 97.9108, "bus_lcPushy": 0.3, "bus_lcSigma": 0.5335, "bus_lcSpeedGainRight": 1.2064, "bus_lcSublane": 0.1972, "bus_sigma": 0.3611, "bus_tau_mean": 1.8687, "bus_tau_std": 4.9536, "bus_v_mean": 18.4995, "bus_v_std": 1.7835, "car_acc": 3.7461, "car_dcc": 2.6557, "car_lcAssertive": 55.7353, "car_lcCooperative": 0.8914, "car_lcLookaheadLeft": 50.836, "car_lcPushy": 0.5472, "car_lcSigma": 0.4681, "car_lcSpeedGainRight": 0.2949, "car_lcSublane": 0.9116, "car_sigma": 0.9313, "car_tau_mean": 3.082, "car_tau_std": 6.3566, "car_v_mean": 21.7719, "car_v_std": 8.2333}, "datetime": {"datetime": "2024-08-12 01:45:39", "elapsed": 3780.096974, "delta": 5.835873}}
{"target": -0.6354334956118288, "params": {"bus_acc": 1.6993, "bus_dcc": 3.9407, "bus_lcAssertive": 57.3159, "bus_lcCooperative": 0.5094, "bus_lcLookaheadLeft": 47.5631, "bus_lcPushy": 0.8964, "bus_lcSigma": 0.2486, "bus_lcSpeedGainRight": 1.722, "bus_lcSublane": 0.3166, "bus_sigma": 0.0624, "bus_tau_mean": 2.1012, "bus_tau_std": 3.7245, "bus_v_mean": 11.4678, "bus_v_std": 5.6247, "car_acc": 1.1732, "car_dcc": 3.5483, "car_lcAssertive": 5.1314, "car_lcCooperative": 0.084, "car_lcLookaheadLeft": 38.6927, "car_lcPushy": 0.1754, "car_lcSigma": 0.3864, "car_lcSpeedGainRight": 1.2475, "car_lcSublane": 0.3737, "car_sigma": 0.4585, "car_tau_mean": 3.0975, "car_tau_std": 7.9149, "car_v_mean": 23.9697, "car_v_std": 12.8587}, "datetime": {"datetime": "2024-08-12 01:45:45", "elapsed": 3785.276159, "delta": 5.179185}}
{"target": -0.5757467633911768, "params": {"bus_acc": 2.3212, "bus_dcc": 2.3049, "bus_lcAssertive": 70.9892, "bus_lcCooperative": 0.2968, "bus_lcLookaheadLeft": 73.0958, "bus_lcPushy": 0.5445, "bus_lcSigma": 0.7202, "bus_lcSpeedGainRight": 1.3556, "bus_lcSublane": 0.4969, "bus_sigma": 0.9593, "bus_tau_mean": 2.187, "bus_tau_std": 0.2185, "bus_v_mean": 11.3516, "bus_v_std": 2.1332, "car_acc": 2.0484, "car_dcc": 2.3909, "car_lcAssertive": 70.2172, "car_lcCooperative": 0.3813, "car_lcLookaheadLeft": 17.2082, "car_lcPushy": 0.7882, "car_lcSigma": 0.1197, "car_lcSpeedGainRight": 1.3924, "car_lcSublane": 0.7765, "car_sigma": 0.9169, "car_tau_mean": 2.3618, "car_tau_std": 8.9118, "car_v_mean": 20.7165, "car_v_std": 16.1065}, "datetime": {"datetime": "2024-08-12 01:45:50", "elapsed": 3790.29227, "delta": 5.016111}}
{"target": -0.7105035689803981, "params": {"bus_acc": 0.7743, "bus_dcc": 1.9282, "bus_lcAssertive": 82.552, "bus_lcCooperative": 0.359, "bus_lcLookaheadLeft": 42.053, "bus_lcPushy": 0.0637, "bus_lcSigma": 0.4688, "bus_lcSpeedGainRight": 2.457, "bus_lcSublane": 0.7927, "bus_sigma": 0.0655, "bus_tau_mean": 1.937, "bus_tau_std": 3.8235, "bus_v_mean": 8.6045, "bus_v_std": 7.2814, "car_acc": 3.2206, "car_dcc": 1.1707, "car_lcAssertive": 38.1582, "car_lcCooperative": 0.5642, "car_lcLookaheadLeft": 29.3846, "car_lcPushy": 0.3712, "car_lcSigma": 0.752, "car_lcSpeedGainRight": 0.9601, "car_lcSublane": 0.7415, "car_sigma": 0.5042, "car_tau_mean": 2.5725, "car_tau_std": 0.8904, "car_v_mean": 22.5984, "car_v_std": 17.8238}, "datetime": {"datetime": "2024-08-12 01:45:53", "elapsed": 3793.886698, "delta": 3.594428}}
{"target": -0.5788732430476385, "params": {"bus_acc": 3.3718, "bus_dcc": 0.6164, "bus_lcAssertive": 87.0255, "bus_lcCooperative": 0.4788, "bus_lcLookaheadLeft": 86.2298, "bus_lcPushy": 0.3953, "bus_lcSigma": 0.7785, "bus_lcSpeedGainRight": 1.0078, "bus_lcSublane": 0.6104, "bus_sigma": 0.0075, "bus_tau_mean": 1.0992, "bus_tau_std": 9.8652, "bus_v_mean": 24.8587, "bus_v_std": 9.2794, "car_acc": 2.7072, "car_dcc": 2.1483, "car_lcAssertive": 40.3668, "car_lcCooperative": 0.6775, "car_lcLookaheadLeft": 27.8692, "car_lcPushy": 0.7812, "car_lcSigma": 0.3845, "car_lcSpeedGainRight": 1.3555, "car_lcSublane": 0.5067, "car_sigma": 0.9702, "car_tau_mean": 2.4483, "car_tau_std": 9.0949, "car_v_mean": 9.8046, "car_v_std": 12.9178}, "datetime": {"datetime": "2024-08-12 01:45:57", "elapsed": 3797.545056, "delta": 3.658358}}
{"target": -0.6644841565307775, "params": {"bus_acc": 3.2541, "bus_dcc": 1.1728, "bus_lcAssertive": 51.4526, "bus_lcCooperative": 0.775, "bus_lcLookaheadLeft": 36.3649, "bus_lcPushy": 0.1912, "bus_lcSigma": 0.0757, "bus_lcSpeedGainRight": 1.4892, "bus_lcSublane": 0.6414, "bus_sigma": 0.3625, "bus_tau_mean": 0.9814, "bus_tau_std": 6.8131, "bus_v_mean": 20.2603, "bus_v_std": 4.4602, "car_acc": 1.3892, "car_dcc": 1.1917, "car_lcAssertive": 55.0168, "car_lcCooperative": 0.5198, "car_lcLookaheadLeft": 48.7126, "car_lcPushy": 0.2099, "car_lcSigma": 0.763, "car_lcSpeedGainRight": 2.495, "car_lcSublane": 0.7257, "car_sigma": 0.6792, "car_tau_mean": 3.0446, "car_tau_std": 6.4219, "car_v_mean": 8.2913, "car_v_std": 6.966}, "datetime": {"datetime": "2024-08-12 01:46:00", "elapsed": 3801.132531, "delta": 3.587475}}
{"target": -0.44266854953771023, "params": {"bus_acc": 3.2552, "bus_dcc": 3.5866, "bus_lcAssertive": 46.4846, "bus_lcCooperative": 0.7362, "bus_lcLookaheadLeft": 87.2486, "bus_lcPushy": 0.0168, "bus_lcSigma": 0.6862, "bus_lcSpeedGainRight": 2.6425, "bus_lcSublane": 0.6785, "bus_sigma": 0.0304, "bus_tau_mean": 2.8423, "bus_tau_std": 1.9889, "bus_v_mean": 17.4956, "bus_v_std": 1.978, "car_acc": 1.6815, "car_dcc": 1.5929, "car_lcAssertive": 24.5679, "car_lcCooperative": 0.3157, "car_lcLookaheadLeft": 18.3383, "car_lcPushy": 0.5013, "car_lcSigma": 0.6791, "car_lcSpeedGainRight": 1.8501, "car_lcSublane": 0.3686, "car_sigma": 0.2398, "car_tau_mean": 3.7859, "car_tau_std": 9.1487, "car_v_mean": 13.9804, "car_v_std": 14.3598}, "datetime": {"datetime": "2024-08-12 01:46:06", "elapsed": 3806.623913, "delta": 5.491382}}
{"target": -0.5483679965825698, "params": {"bus_acc": 1.0825, "bus_dcc": 3.0462, "bus_lcAssertive": 88.0635, "bus_lcCooperative": 0.0667, "bus_lcLookaheadLeft": 62.4515, "bus_lcPushy": 0.6085, "bus_lcSigma": 0.3257, "bus_lcSpeedGainRight": 1.1888, "bus_lcSublane": 0.7806, "bus_sigma": 0.8614, "bus_tau_mean": 2.9002, "bus_tau_std": 8.4659, "bus_v_mean": 8.5222, "bus_v_std": 0.1725, "car_acc": 1.2174, "car_dcc": 0.5027, "car_lcAssertive": 81.0274, "car_lcCooperative": 0.3594, "car_lcLookaheadLeft": 20.3595, "car_lcPushy": 0.8722, "car_lcSigma": 0.1346, "car_lcSpeedGainRight": 1.7079, "car_lcSublane": 0.8638, "car_sigma": 0.936, "car_tau_mean": 1.7495, "car_tau_std": 0.5651, "car_v_mean": 18.0307, "car_v_std": 9.876}, "datetime": {"datetime": "2024-08-12 01:46:13", "elapsed": 3813.418811, "delta": 6.794898}}
{"target": -0.6542542066797267, "params": {"bus_acc": 3.0581, "bus_dcc": 3.9836, "bus_lcAssertive": 13.5446, "bus_lcCooperative": 0.8995, "bus_lcLookaheadLeft": 39.4081, "bus_lcPushy": 0.7077, "bus_lcSigma": 0.8176, "bus_lcSpeedGainRight": 0.35, "bus_lcSublane": 0.5588, "bus_sigma": 0.6244, "bus_tau_mean": 1.9771, "bus_tau_std": 1.4748, "bus_v_mean": 12.5218, "bus_v_std": 15.7383, "car_acc": 2.1155, "car_dcc": 3.9563, "car_lcAssertive": 90.2431, "car_lcCooperative": 0.0441, "car_lcLookaheadLeft": 64.3835, "car_lcPushy": 0.073, "car_lcSigma": 0.1721, "car_lcSpeedGainRight": 4.0221, "car_lcSublane": 0.6041, "car_sigma": 0.1174, "car_tau_mean": 3.1789, "car_tau_std": 5.5401, "car_v_mean": 11.2247, "car_v_std": 15.2585}, "datetime": {"datetime": "2024-08-12 01:46:21", "elapsed": 3821.691377, "delta": 8.272566}}
{"target": -0.6744892293803625, "params": {"bus_acc": 0.2392, "bus_dcc": 2.028, "bus_lcAssertive": 2.7782, "bus_lcCooperative": 0.6131, "bus_lcLookaheadLeft": 84.6892, "bus_lcPushy": 0.5808, "bus_lcSigma": 0.1005, "bus_lcSpeedGainRight": 2.3468, "bus_lcSublane": 0.3224, "bus_sigma": 0.3666, "bus_tau_mean": 3.2589, "bus_tau_std": 2.6749, "bus_v_mean": 18.562, "bus_v_std": 12.0159, "car_acc": 3.0704, "car_dcc": 2.6398, "car_lcAssertive": 75.2171, "car_lcCooperative": 0.8574, "car_lcLookaheadLeft": 5.641, "car_lcPushy": 0.4953, "car_lcSigma": 0.0547, "car_lcSpeedGainRight": 0.4534, "car_lcSublane": 0.435, "car_sigma": 0.3304, "car_tau_mean": 0.6517, "car_tau_std": 1.8145, "car_v_mean": 8.7363, "car_v_std": 15.3236}, "datetime": {"datetime": "2024-08-12 01:46:24", "elapsed": 3825.081998, "delta": 3.390621}}
{"target": -0.6631585285522446, "params": {"bus_acc": 3.0167, "bus_dcc": 2.8557, "bus_lcAssertive": 2.1636, "bus_lcCooperative": 0.1026, "bus_lcLookaheadLeft": 26.9616, "bus_lcPushy": 0.6655, "bus_lcSigma": 0.9726, "bus_lcSpeedGainRight": 1.1471, "bus_lcSublane": 0.0484, "bus_sigma": 0.3007, "bus_tau_mean": 1.1972, "bus_tau_std": 8.7321, "bus_v_mean": 13.5573, "bus_v_std": 13.9779, "car_acc": 3.1304, "car_dcc": 2.9828, "car_lcAssertive": 77.9688, "car_lcCooperative": 0.6764, "car_lcLookaheadLeft": 50.2995, "car_lcPushy": 0.6324, "car_lcSigma": 0.9536, "car_lcSpeedGainRight": 0.6465, "car_lcSublane": 0.086, "car_sigma": 0.5286, "car_tau_mean": 2.8908, "car_tau_std": 0.8525, "car_v_mean": 15.3454, "car_v_std": 12.3376}, "datetime": {"datetime": "2024-08-12 01:46:28", "elapsed": 3828.490946, "delta": 3.408948}}
{"target": -0.6368107579158286, "params": {"bus_acc": 3.5968, "bus_dcc": 3.355, "bus_lcAssertive": 98.9608, "bus_lcCooperative": 0.7451, "bus_lcLookaheadLeft": 20.0982, "bus_lcPushy": 0.1419, "bus_lcSigma": 0.7389, "bus_lcSpeedGainRight": 2.9751, "bus_lcSublane": 0.8582, "bus_sigma": 0.8416, "bus_tau_mean": 0.8224, "bus_tau_std": 0.2125, "bus_v_mean": 21.1792, "bus_v_std": 7.1173, "car_acc": 1.9531, "car_dcc": 0.5886, "car_lcAssertive": 97.8295, "car_lcCooperative": 0.7064, "car_lcLookaheadLeft": 20.4455, "car_lcPushy": 0.8953, "car_lcSigma": 0.5691, "car_lcSpeedGainRight": 3.1048, "car_lcSublane": 0.4628, "car_sigma": 0.1939, "car_tau_mean": 2.6215, "car_tau_std": 7.1776, "car_v_mean": 11.5387, "car_v_std": 3.45}, "datetime": {"datetime": "2024-08-12 01:46:32", "elapsed": 3832.37773, "delta": 3.886784}}
{"target": -0.5861251862533053, "params": {"bus_acc": 1.0254, "bus_dcc": 0.3353, "bus_lcAssertive": 10.8624, "bus_lcCooperative": 0.5393, "bus_lcLookaheadLeft": 27.9249, "bus_lcPushy": 0.8399, "bus_lcSigma": 0.3471, "bus_lcSpeedGainRight": 3.6551, "bus_lcSublane": 0.8597, "bus_sigma": 0.0286, "bus_tau_mean": 3.2607, "bus_tau_std": 1.6535, "bus_v_mean": 23.5181, "bus_v_std": 0.8525, "car_acc": 2.3784, "car_dcc": 0.3537, "car_lcAssertive": 65.6516, "car_lcCooperative": 0.5792, "car_lcLookaheadLeft": 51.8538, "car_lcPushy": 0.118, "car_lcSigma": 0.8943, "car_lcSpeedGainRight": 3.4385, "car_lcSublane": 0.5926, "car_sigma": 0.261, "car_tau_mean": 2.9358, "car_tau_std": 6.4809, "car_v_mean": 23.2202, "car_v_std": 2.8004}, "datetime": {"datetime": "2024-08-12 01:46:37", "elapsed": 3837.434893, "delta": 5.057163}}
{"target": -0.7042398567606328, "params": {"bus_acc": 2.3626, "bus_dcc": 0.8064, "bus_lcAssertive": 37.9407, "bus_lcCooperative": 0.3129, "bus_lcLookaheadLeft": 49.4945, "bus_lcPushy": 0.2994, "bus_lcSigma": 0.5578, "bus_lcSpeedGainRight": 1.9598, "bus_lcSublane": 0.2003, "bus_sigma": 0.8386, "bus_tau_mean": 0.7272, "bus_tau_std": 1.4449, "bus_v_mean": 19.5803, "bus_v_std": 9.3911, "car_acc": 1.9029, "car_dcc": 3.4684, "car_lcAssertive": 27.5644, "car_lcCooperative": 0.8682, "car_lcLookaheadLeft": 4.8038, "car_lcPushy": 0.3582, "car_lcSigma": 0.6023, "car_lcSpeedGainRight": 0.6891, "car_lcSublane": 0.0076, "car_sigma": 0.8652, "car_tau_mean": 2.6894, "car_tau_std": 5.2654, "car_v_mean": 12.6508, "car_v_std": 12.6938}, "datetime": {"datetime": "2024-08-12 01:46:41", "elapsed": 3841.32195, "delta": 3.887057}}
{"target": -1.1125445047507372, "params": {"bus_acc": 3.7661, "bus_dcc": 2.6407, "bus_lcAssertive": 3.7353, "bus_lcCooperative": 0.2985, "bus_lcLookaheadLeft": 86.9627, "bus_lcPushy": 0.4246, "bus_lcSigma": 0.8337, "bus_lcSpeedGainRight": 3.7406, "bus_lcSublane": 0.7013, "bus_sigma": 0.6785, "bus_tau_mean": 3.0459, "bus_tau_std": 7.5441, "bus_v_mean": 13.9819, "bus_v_std": 2.5443, "car_acc": 3.4509, "car_dcc": 1.5012, "car_lcAssertive": 2.4694, "car_lcCooperative": 0.1623, "car_lcLookaheadLeft": 29.0219, "car_lcPushy": 0.5181, "car_lcSigma": 0.8084, "car_lcSpeedGainRight": 0.8673, "car_lcSublane": 0.7024, "car_sigma": 0.2175, "car_tau_mean": 3.9497, "car_tau_std": 2.2221, "car_v_mean": 15.8586, "car_v_std": 17.969}, "datetime": {"datetime": "2024-08-12 01:46:44", "elapsed": 3844.91326, "delta": 3.59131}}
{"target": -0.5389298836740309, "params": {"bus_acc": 0.6711, "bus_dcc": 2.0372, "bus_lcAssertive": 33.1311, "bus_lcCooperative": 0.6221, "bus_lcLookaheadLeft": 25.5837, "bus_lcPushy": 0.0842, "bus_lcSigma": 0.3172, "bus_lcSpeedGainRight": 3.3693, "bus_lcSublane": 0.4671, "bus_sigma": 0.8353, "bus_tau_mean": 2.6214, "bus_tau_std": 9.9202, "bus_v_mean": 24.0781, "bus_v_std": 5.3743, "car_acc": 1.4662, "car_dcc": 3.4904, "car_lcAssertive": 57.9894, "car_lcCooperative": 0.4766, "car_lcLookaheadLeft": 41.8715, "car_lcPushy": 0.635, "car_lcSigma": 0.1967, "car_lcSpeedGainRight": 4.7469, "car_lcSublane": 0.4866, "car_sigma": 0.3289, "car_tau_mean": 2.2556, "car_tau_std": 0.181, "car_v_mean": 8.5876, "car_v_std": 0.4569}, "datetime": {"datetime": "2024-08-12 01:46:51", "elapsed": 3851.472832, "delta": 6.559572}}
{"target": -0.32236632991041253, "params": {"bus_acc": 0.7969, "bus_dcc": 1.6181, "bus_lcAssertive": 99.5573, "bus_lcCooperative": 0.5484, "bus_lcLookaheadLeft": 3.6491, "bus_lcPushy": 0.6839, "bus_lcSigma": 0.031, "bus_lcSpeedGainRight": 2.8881, "bus_lcSublane": 0.5067, "bus_sigma": 0.4053, "bus_tau_mean": 0.8081, "bus_tau_std": 1.8445, "bus_v_mean": 9.5634, "bus_v_std": 5.7937, "car_acc": 1.0465, "car_dcc": 3.2634, "car_lcAssertive": 76.7739, "car_lcCooperative": 0.5449, "car_lcLookaheadLeft": 21.859, "car_lcPushy": 0.6251, "car_lcSigma": 0.6195, "car_lcSpeedGainRight": 0.8586, "car_lcSublane": 0.9944, "car_sigma": 0.6508, "car_tau_mean": 1.1263, "car_tau_std": 6.0515, "car_v_mean": 24.0092, "car_v_std": 0.3121}, "datetime": {"datetime": "2024-08-12 01:46:57", "elapsed": 3857.986612, "delta": 6.51378}}
{"target": -0.7066218929809169, "params": {"bus_acc": 0.7319, "bus_dcc": 1.4943, "bus_lcAssertive": 64.0579, "bus_lcCooperative": 0.0715, "bus_lcLookaheadLeft": 70.279, "bus_lcPushy": 0.3692, "bus_lcSigma": 0.8112, "bus_lcSpeedGainRight": 1.2815, "bus_lcSublane": 0.2066, "bus_sigma": 0.8378, "bus_tau_mean": 1.0528, "bus_tau_std": 3.5502, "bus_v_mean": 25.538, "bus_v_std": 2.9137, "car_acc": 2.9571, "car_dcc": 3.2755, "car_lcAssertive": 57.7601, "car_lcCooperative": 0.8963, "car_lcLookaheadLeft": 39.1886, "car_lcPushy": 0.6803, "car_lcSigma": 0.4475, "car_lcSpeedGainRight": 4.7585, "car_lcSublane": 0.0148, "car_sigma": 0.6123, "car_tau_mean": 3.1613, "car_tau_std": 0.4915, "car_v_mean": 11.2817, "car_v_std": 13.1019}, "datetime": {"datetime": "2024-08-12 01:47:01", "elapsed": 3861.618708, "delta": 3.632096}}
{"target": -0.492161331983102, "params": {"bus_acc": 2.822, "bus_dcc": 1.2083, "bus_lcAssertive": 35.9304, "bus_lcCooperative": 0.8805, "bus_lcLookaheadLeft": 60.1166, "bus_lcPushy": 0.3205, "bus_lcSigma": 0.308, "bus_lcSpeedGainRight": 2.0241, "bus_lcSublane": 0.226, "bus_sigma": 0.6722, "bus_tau_mean": 1.1505, "bus_tau_std": 5.5122, "bus_v_mean": 11.7682, "bus_v_std": 8.2968, "car_acc": 0.393, "car_dcc": 0.9314, "car_lcAssertive": 44.9384, "car_lcCooperative": 0.1921, "car_lcLookaheadLeft": 85.4889, "car_lcPushy": 0.2727, "car_lcSigma": 0.0513, "car_lcSpeedGainRight": 2.6519, "car_lcSublane": 0.7215, "car_sigma": 0.6865, "car_tau_mean": 2.9854, "car_tau_std": 7.1175, "car_v_mean": 13.2275, "car_v_std": 6.9908}, "datetime": {"datetime": "2024-08-12 01:47:05", "elapsed": 3865.526674, "delta": 3.907966}}
{"target": -0.18850126709688506, "params": {"bus_acc": 0.6255, "bus_dcc": 3.0251, "bus_lcAssertive": 85.5806, "bus_lcCooperative": 0.3429, "bus_lcLookaheadLeft": 70.9084, "bus_lcPushy": 0.8954, "bus_lcSigma": 0.9078, "bus_lcSpeedGainRight": 0.6617, "bus_lcSublane": 0.3903, "bus_sigma": 0.5542, "bus_tau_mean": 2.8042, "bus_tau_std": 3.8172, "bus_v_mean": 23.7672, "bus_v_std": 2.129, "car_acc": 0.2351, "car_dcc": 2.648, "car_lcAssertive": 49.3043, "car_lcCooperative": 0.7753, "car_lcLookaheadLeft": 29.7361, "car_lcPushy": 0.1595, "car_lcSigma": 0.5611, "car_lcSpeedGainRight": 1.9308, "car_lcSublane": 0.0349, "car_sigma": 0.1074, "car_tau_mean": 1.0153, "car_tau_std": 4.7566, "car_v_mean": 12.3264, "car_v_std": 15.7364}, "datetime": {"datetime": "2024-08-12 01:47:08", "elapsed": 3868.929643, "delta": 3.402969}}
