{"target": -0.7280788956197259, "params": {"bus_acc": 1.7186, "bus_dcc": 0.7134, "bus_lcAssertive": 32.3701, "bus_lcCooperative": 0.3961, "bus_lcLookaheadLeft": 69.2122, "bus_lcPushy": 0.1008, "bus_lcSigma": 0.845, "bus_lcSpeedGainRight": 3.9648, "bus_lcSublane": 0.2097, "bus_sigma": 0.5824, "bus_tau_mean": 2.135, "bus_tau_std": 1.1411, "bus_v_mean": 22.1346, "bus_v_std": 2.8065, "car_acc": 1.9511, "car_dcc": 0.903, "car_lcAssertive": 31.0495, "car_lcCooperative": 0.6258, "car_lcLookaheadLeft": 31.9661, "car_lcPushy": 0.1666, "car_lcSigma": 0.2951, "car_lcSpeedGainRight": 0.3244, "car_lcSublane": 0.9507, "car_sigma": 0.2383, "car_tau_mean": 0.5496, "car_tau_std": 3.2559, "car_v_mean": 8.25, "car_v_std": 1.5495}, "datetime": {"datetime": "2024-08-12 03:37:30", "elapsed": 10491.144157, "delta": 7.281106}}
{"target": -0.7477736913643523, "params": {"bus_acc": 0.8231, "bus_dcc": 3.5588, "bus_lcAssertive": 68.7708, "bus_lcCooperative": 0.1441, "bus_lcLookaheadLeft": 41.4151, "bus_lcPushy": 0.3465, "bus_lcSigma": 0.3651, "bus_lcSpeedGainRight": 3.9976, "bus_lcSublane": 0.7017, "bus_sigma": 0.4126, "bus_tau_mean": 3.5125, "bus_tau_std": 8.1109, "bus_v_mean": 12.9433, "bus_v_std": 6.7046, "car_acc": 2.7912, "car_dcc": 1.4341, "car_lcAssertive": 15.8851, "car_lcCooperative": 0.1429, "car_lcLookaheadLeft": 28.2157, "car_lcPushy": 0.0414, "car_lcSigma": 0.3087, "car_lcSpeedGainRight": 4.6666, "car_lcSublane": 0.0647, "car_sigma": 0.9662, "car_tau_mean": 2.9199, "car_tau_std": 1.5838, "car_v_mean": 11.0008, "car_v_std": 12.8135}, "datetime": {"datetime": "2024-08-12 03:37:42", "elapsed": 10502.749388, "delta": 11.605231}}
{"target": -0.8138629496530876, "params": {"bus_acc": 0.952, "bus_dcc": 0.4229, "bus_lcAssertive": 43.7769, "bus_lcCooperative": 0.6589, "bus_lcLookaheadLeft": 11.8256, "bus_lcPushy": 0.7715, "bus_lcSigma": 0.6744, "bus_lcSpeedGainRight": 2.1506, "bus_lcSublane": 0.8579, "bus_sigma": 0.8807, "bus_tau_mean": 2.369, "bus_tau_std": 3.7693, "bus_v_mean": 15.3276, "bus_v_std": 19.7911, "car_acc": 2.2999, "car_dcc": 1.5085, "car_lcAssertive": 45.4837, "car_lcCooperative": 0.5459, "car_lcLookaheadLeft": 92.4855, "car_lcPushy": 0.2862, "car_lcSigma": 0.8933, "car_lcSpeedGainRight": 3.2108, "car_lcSublane": 0.3854, "car_sigma": 0.897, "car_tau_mean": 1.8375, "car_tau_std": 3.3859, "car_v_mean": 24.3552, "car_v_std": 17.6092}, "datetime": {"datetime": "2024-08-12 03:37:54", "elapsed": 10514.443773, "delta": 11.694385}}
{"target": -0.7551124592159901, "params": {"bus_acc": 1.8142, "bus_dcc": 2.8173, "bus_lcAssertive": 26.0135, "bus_lcCooperative": 0.4879, "bus_lcLookaheadLeft": 96.0424, "bus_lcPushy": 0.5256, "bus_lcSigma": 0.3219, "bus_lcSpeedGainRight": 0.9949, "bus_lcSublane": 0.5209, "bus_sigma": 0.6725, "bus_tau_mean": 3.2416, "bus_tau_std": 8.1493, "bus_v_mean": 9.9129, "bus_v_std": 4.6584, "car_acc": 3.7742, "car_dcc": 0.2635, "car_lcAssertive": 86.2318, "car_lcCooperative": 0.4362, "car_lcLookaheadLeft": 54.1345, "car_lcPushy": 0.8039, "car_lcSigma": 0.7042, "car_lcSpeedGainRight": 0.6871, "car_lcSublane": 0.392, "car_sigma": 0.2383, "car_tau_mean": 1.3674, "car_tau_std": 1.9439, "car_v_mean": 25.7042, "car_v_std": 11.5353}, "datetime": {"datetime": "2024-08-12 03:38:08", "elapsed": 10528.745952, "delta": 14.302179}}
{"target": -0.4756706543282176, "params": {"bus_acc": 1.7914, "bus_dcc": 2.335, "bus_lcAssertive": 90.8627, "bus_lcCooperative": 0.5942, "bus_lcLookaheadLeft": 97.1891, "bus_lcPushy": 0.5006, "bus_lcSigma": 0.6093, "bus_lcSpeedGainRight": 2.1925, "bus_lcSublane": 0.7032, "bus_sigma": 0.8421, "bus_tau_mean": 0.8454, "bus_tau_std": 3.2547, "bus_v_mean": 12.0905, "bus_v_std": 18.2484, "car_acc": 0.9512, "car_dcc": 3.6564, "car_lcAssertive": 36.9791, "car_lcCooperative": 0.7527, "car_lcLookaheadLeft": 88.9171, "car_lcPushy": 0.7182, "car_lcSigma": 0.4609, "car_lcSpeedGainRight": 3.3587, "car_lcSublane": 0.4812, "car_sigma": 0.0998, "car_tau_mean": 0.8929, "car_tau_std": 7.0503, "car_v_mean": 15.6214, "car_v_std": 18.7353}, "datetime": {"datetime": "2024-08-12 03:38:18", "elapsed": 10539.072434, "delta": 10.326482}}
{"target": -0.4127931184079891, "params": {"bus_acc": 0.7272, "bus_dcc": 3.3407, "bus_lcAssertive": 45.7093, "bus_lcCooperative": 0.8049, "bus_lcLookaheadLeft": 19.6067, "bus_lcPushy": 0.5842, "bus_lcSigma": 0.3818, "bus_lcSpeedGainRight": 1.9965, "bus_lcSublane": 0.1112, "bus_sigma": 0.5095, "bus_tau_mean": 2.106, "bus_tau_std": 3.2236, "bus_v_mean": 14.4558, "bus_v_std": 17.204, "car_acc": 2.2439, "car_dcc": 2.7547, "car_lcAssertive": 73.0666, "car_lcCooperative": 0.1265, "car_lcLookaheadLeft": 96.0203, "car_lcPushy": 0.9595, "car_lcSigma": 0.1235, "car_lcSpeedGainRight": 3.0657, "car_lcSublane": 0.4036, "car_sigma": 0.0559, "car_tau_mean": 3.7219, "car_tau_std": 3.3766, "car_v_mean": 17.0153, "car_v_std": 10.8901}, "datetime": {"datetime": "2024-08-12 03:38:36", "elapsed": 10556.873963, "delta": 17.801529}}
{"target": -0.807924427155685, "params": {"bus_acc": 0.3567, "bus_dcc": 1.9848, "bus_lcAssertive": 93.8825, "bus_lcCooperative": 0.7026, "bus_lcLookaheadLeft": 35.5125, "bus_lcPushy": 0.6559, "bus_lcSigma": 0.158, "bus_lcSpeedGainRight": 4.9231, "bus_lcSublane": 0.6804, "bus_sigma": 0.2593, "bus_tau_mean": 2.5462, "bus_tau_std": 4.4546, "bus_v_mean": 15.3065, "bus_v_std": 4.4761, "car_acc": 3.0912, "car_dcc": 1.6453, "car_lcAssertive": 22.076, "car_lcCooperative": 0.564, "car_lcLookaheadLeft": 24.9255, "car_lcPushy": 0.3274, "car_lcSigma": 0.8437, "car_lcSpeedGainRight": 0.007, "car_lcSublane": 0.138, "car_sigma": 0.0108, "car_tau_mean": 1.4387, "car_tau_std": 6.2147, "car_v_mean": 13.1864, "car_v_std": 19.0504}, "datetime": {"datetime": "2024-08-12 03:38:51", "elapsed": 10571.622724, "delta": 14.748761}}
{"target": -0.6154534801573078, "params": {"bus_acc": 2.2544, "bus_dcc": 2.3108, "bus_lcAssertive": 61.172, "bus_lcCooperative": 0.3738, "bus_lcLookaheadLeft": 44.2874, "bus_lcPushy": 0.2154, "bus_lcSigma": 0.1402, "bus_lcSpeedGainRight": 4.594, "bus_lcSublane": 0.3985, "bus_sigma": 0.8472, "bus_tau_mean": 1.5627, "bus_tau_std": 3.9613, "bus_v_mean": 23.933, "bus_v_std": 3.1284, "car_acc": 1.8001, "car_dcc": 2.6688, "car_lcAssertive": 72.2401, "car_lcCooperative": 0.0957, "car_lcLookaheadLeft": 35.5373, "car_lcPushy": 0.9961, "car_lcSigma": 0.2044, "car_lcSpeedGainRight": 0.4464, "car_lcSublane": 0.8788, "car_sigma": 0.5637, "car_tau_mean": 0.9016, "car_tau_std": 5.0899, "car_v_mean": 23.4468, "car_v_std": 9.73}, "datetime": {"datetime": "2024-08-12 03:39:05", "elapsed": 10585.766396, "delta": 14.143672}}
{"target": -0.554429911591372, "params": {"bus_acc": 3.5423, "bus_dcc": 3.1078, "bus_lcAssertive": 98.8586, "bus_lcCooperative": 0.6109, "bus_lcLookaheadLeft": 37.9142, "bus_lcPushy": 0.5647, "bus_lcSigma": 0.3371, "bus_lcSpeedGainRight": 2.0732, "bus_lcSublane": 0.5572, "bus_sigma": 0.3091, "bus_tau_mean": 1.8037, "bus_tau_std": 2.7678, "bus_v_mean": 11.7187, "bus_v_std": 9.8601, "car_acc": 3.5588, "car_dcc": 1.3895, "car_lcAssertive": 51.1122, "car_lcCooperative": 0.5861, "car_lcLookaheadLeft": 25.9102, "car_lcPushy": 0.2796, "car_lcSigma": 0.0453, "car_lcSpeedGainRight": 2.2999, "car_lcSublane": 0.6574, "car_sigma": 0.3759, "car_tau_mean": 3.5872, "car_tau_std": 7.1417, "car_v_mean": 13.6271, "car_v_std": 18.8777}, "datetime": {"datetime": "2024-08-12 03:39:17", "elapsed": 10597.528675, "delta": 11.762279}}
{"target": -0.7511014176431622, "params": {"bus_acc": 2.578, "bus_dcc": 0.2173, "bus_lcAssertive": 55.4624, "bus_lcCooperative": 0.7531, "bus_lcLookaheadLeft": 26.1903, "bus_lcPushy": 0.4849, "bus_lcSigma": 0.2714, "bus_lcSpeedGainRight": 1.7172, "bus_lcSublane": 0.7323, "bus_sigma": 0.0412, "bus_tau_mean": 2.4016, "bus_tau_std": 6.4172, "bus_v_mean": 12.9565, "bus_v_std": 3.5836, "car_acc": 3.3659, "car_dcc": 1.9252, "car_lcAssertive": 33.3686, "car_lcCooperative": 0.1256, "car_lcLookaheadLeft": 15.7222, "car_lcPushy": 0.7018, "car_lcSigma": 0.3344, "car_lcSpeedGainRight": 2.0845, "car_lcSublane": 0.6988, "car_sigma": 0.924, "car_tau_mean": 1.5803, "car_tau_std": 4.4929, "car_v_mean": 18.4183, "car_v_std": 14.9177}, "datetime": {"datetime": "2024-08-12 03:39:24", "elapsed": 10604.978808, "delta": 7.450133}}
{"target": -0.4747802867000297, "params": {"bus_acc": 3.2681, "bus_dcc": 3.2391, "bus_lcAssertive": 9.4318, "bus_lcCooperative": 0.4101, "bus_lcLookaheadLeft": 84.4988, "bus_lcPushy": 0.2206, "bus_lcSigma": 0.3744, "bus_lcSpeedGainRight": 1.3726, "bus_lcSublane": 0.5193, "bus_sigma": 0.8625, "bus_tau_mean": 3.3959, "bus_tau_std": 5.4561, "bus_v_mean": 25.4782, "bus_v_std": 8.6168, "car_acc": 0.9258, "car_dcc": 3.2558, "car_lcAssertive": 78.1875, "car_lcCooperative": 0.7557, "car_lcLookaheadLeft": 69.9408, "car_lcPushy": 0.1978, "car_lcSigma": 0.5023, "car_lcSpeedGainRight": 0.6986, "car_lcSublane": 0.3079, "car_sigma": 0.1293, "car_tau_mean": 2.3232, "car_tau_std": 6.3275, "car_v_mean": 9.1028, "car_v_std": 16.6851}, "datetime": {"datetime": "2024-08-12 03:39:35", "elapsed": 10615.996025, "delta": 11.017217}}
{"target": -0.4666844092719211, "params": {"bus_acc": 0.6834, "bus_dcc": 3.599, "bus_lcAssertive": 40.0308, "bus_lcCooperative": 0.3138, "bus_lcLookaheadLeft": 74.4033, "bus_lcPushy": 0.1601, "bus_lcSigma": 0.3892, "bus_lcSpeedGainRight": 1.4777, "bus_lcSublane": 0.3287, "bus_sigma": 0.5154, "bus_tau_mean": 3.8526, "bus_tau_std": 1.6661, "bus_v_mean": 13.4335, "bus_v_std": 1.4553, "car_acc": 0.2637, "car_dcc": 0.6712, "car_lcAssertive": 16.7806, "car_lcCooperative": 0.8847, "car_lcLookaheadLeft": 8.9798, "car_lcPushy": 0.4259, "car_lcSigma": 0.3992, "car_lcSpeedGainRight": 2.3409, "car_lcSublane": 0.2222, "car_sigma": 0.2027, "car_tau_mean": 1.1076, "car_tau_std": 6.7267, "car_v_mean": 16.8701, "car_v_std": 12.6506}, "datetime": {"datetime": "2024-08-12 03:39:47", "elapsed": 10627.857974, "delta": 11.861949}}
{"target": -0.3467145896287856, "params": {"bus_acc": 0.2119, "bus_dcc": 2.728, "bus_lcAssertive": 16.4757, "bus_lcCooperative": 0.671, "bus_lcLookaheadLeft": 25.5978, "bus_lcPushy": 0.9395, "bus_lcSigma": 0.6229, "bus_lcSpeedGainRight": 4.6699, "bus_lcSublane": 0.7324, "bus_sigma": 0.1919, "bus_tau_mean": 1.2508, "bus_tau_std": 5.0084, "bus_v_mean": 23.5352, "bus_v_std": 1.5658, "car_acc": 2.4552, "car_dcc": 1.8991, "car_lcAssertive": 45.2661, "car_lcCooperative": 0.2229, "car_lcLookaheadLeft": 42.3612, "car_lcPushy": 0.6505, "car_lcSigma": 0.2551, "car_lcSpeedGainRight": 3.7342, "car_lcSublane": 0.3166, "car_sigma": 0.2202, "car_tau_mean": 1.9072, "car_tau_std": 1.5731, "car_v_mean": 15.401, "car_v_std": 9.4155}, "datetime": {"datetime": "2024-08-12 03:39:57", "elapsed": 10637.832082, "delta": 9.974108}}
{"target": -0.5536946265053895, "params": {"bus_acc": 0.6689, "bus_dcc": 1.2619, "bus_lcAssertive": 4.3178, "bus_lcCooperative": 0.8932, "bus_lcLookaheadLeft": 45.8394, "bus_lcPushy": 0.9864, "bus_lcSigma": 0.148, "bus_lcSpeedGainRight": 2.1875, "bus_lcSublane": 0.1415, "bus_sigma": 0.6782, "bus_tau_mean": 2.8063, "bus_tau_std": 8.1111, "bus_v_mean": 11.3797, "bus_v_std": 0.4581, "car_acc": 2.5653, "car_dcc": 1.1026, "car_lcAssertive": 61.7027, "car_lcCooperative": 0.3644, "car_lcLookaheadLeft": 14.5653, "car_lcPushy": 0.8417, "car_lcSigma": 0.8901, "car_lcSpeedGainRight": 1.4941, "car_lcSublane": 0.9128, "car_sigma": 0.594, "car_tau_mean": 1.6145, "car_tau_std": 6.9739, "car_v_mean": 17.7749, "car_v_std": 8.4961}, "datetime": {"datetime": "2024-08-12 03:40:04", "elapsed": 10644.829478, "delta": 6.997396}}
{"target": -0.6036058435529632, "params": {"bus_acc": 3.7432, "bus_dcc": 1.9133, "bus_lcAssertive": 3.1882, "bus_lcCooperative": 0.8597, "bus_lcLookaheadLeft": 66.6861, "bus_lcPushy": 0.3091, "bus_lcSigma": 0.135, "bus_lcSpeedGainRight": 0.9796, "bus_lcSublane": 0.2909, "bus_sigma": 0.0342, "bus_tau_mean": 3.1349, "bus_tau_std": 0.7918, "bus_v_mean": 20.2016, "bus_v_std": 10.0284, "car_acc": 2.2767, "car_dcc": 2.5902, "car_lcAssertive": 10.3237, "car_lcCooperative": 0.7226, "car_lcLookaheadLeft": 76.8306, "car_lcPushy": 0.3054, "car_lcSigma": 0.2289, "car_lcSpeedGainRight": 0.7039, "car_lcSublane": 0.8072, "car_sigma": 0.4253, "car_tau_mean": 2.2366, "car_tau_std": 3.1308, "car_v_mean": 23.1509, "car_v_std": 14.9688}, "datetime": {"datetime": "2024-08-12 03:40:15", "elapsed": 10655.596522, "delta": 10.767044}}
{"target": -0.7726512452943571, "params": {"bus_acc": 2.9109, "bus_dcc": 0.3961, "bus_lcAssertive": 89.9046, "bus_lcCooperative": 0.3438, "bus_lcLookaheadLeft": 98.7627, "bus_lcPushy": 0.6999, "bus_lcSigma": 0.5479, "bus_lcSpeedGainRight": 3.0373, "bus_lcSublane": 0.5928, "bus_sigma": 0.057, "bus_tau_mean": 1.4764, "bus_tau_std": 4.9601, "bus_v_mean": 24.5823, "bus_v_std": 9.5721, "car_acc": 0.8785, "car_dcc": 2.7083, "car_lcAssertive": 89.4383, "car_lcCooperative": 0.9445, "car_lcLookaheadLeft": 11.0894, "car_lcPushy": 0.9805, "car_lcSigma": 0.6871, "car_lcSpeedGainRight": 3.5179, "car_lcSublane": 0.1621, "car_sigma": 0.121, "car_tau_mean": 1.4936, "car_tau_std": 0.3214, "car_v_mean": 10.3514, "car_v_std": 7.6485}, "datetime": {"datetime": "2024-08-12 03:40:28", "elapsed": 10668.463254, "delta": 12.866732}}
{"target": -0.6017156648773213, "params": {"bus_acc": 0.7704, "bus_dcc": 1.6226, "bus_lcAssertive": 22.9446, "bus_lcCooperative": 0.458, "bus_lcLookaheadLeft": 57.6699, "bus_lcPushy": 0.9811, "bus_lcSigma": 0.8127, "bus_lcSpeedGainRight": 3.8026, "bus_lcSublane": 0.2381, "bus_sigma": 0.7407, "bus_tau_mean": 3.9685, "bus_tau_std": 0.9636, "bus_v_mean": 20.5687, "bus_v_std": 16.4103, "car_acc": 2.0503, "car_dcc": 3.5921, "car_lcAssertive": 28.9595, "car_lcCooperative": 0.4239, "car_lcLookaheadLeft": 53.1146, "car_lcPushy": 0.2098, "car_lcSigma": 0.0836, "car_lcSpeedGainRight": 2.2647, "car_lcSublane": 0.5843, "car_sigma": 0.5732, "car_tau_mean": 3.7574, "car_tau_std": 1.4377, "car_v_mean": 13.9528, "car_v_std": 4.1808}, "datetime": {"datetime": "2024-08-12 03:40:39", "elapsed": 10679.392285, "delta": 10.929031}}
{"target": -0.6483702460821211, "params": {"bus_acc": 1.0443, "bus_dcc": 3.6429, "bus_lcAssertive": 17.2444, "bus_lcCooperative": 0.1499, "bus_lcLookaheadLeft": 97.8974, "bus_lcPushy": 0.8184, "bus_lcSigma": 0.7366, "bus_lcSpeedGainRight": 2.3741, "bus_lcSublane": 0.053, "bus_sigma": 0.9051, "bus_tau_mean": 0.862, "bus_tau_std": 2.992, "bus_v_mean": 20.4426, "bus_v_std": 19.047, "car_acc": 3.03, "car_dcc": 2.522, "car_lcAssertive": 58.1774, "car_lcCooperative": 0.4204, "car_lcLookaheadLeft": 67.3228, "car_lcPushy": 0.7496, "car_lcSigma": 0.2534, "car_lcSpeedGainRight": 4.0436, "car_lcSublane": 0.9279, "car_sigma": 0.1779, "car_tau_mean": 1.5388, "car_tau_std": 5.1423, "car_v_mean": 12.2524, "car_v_std": 13.9509}, "datetime": {"datetime": "2024-08-12 03:40:56", "elapsed": 10696.346973, "delta": 16.954688}}
{"target": -0.5161611974190415, "params": {"bus_acc": 3.1736, "bus_dcc": 3.3065, "bus_lcAssertive": 59.1007, "bus_lcCooperative": 0.2051, "bus_lcLookaheadLeft": 38.9793, "bus_lcPushy": 0.3528, "bus_lcSigma": 0.6259, "bus_lcSpeedGainRight": 4.888, "bus_lcSublane": 0.054, "bus_sigma": 0.9006, "bus_tau_mean": 1.834, "bus_tau_std": 5.8572, "bus_v_mean": 24.4449, "bus_v_std": 18.266, "car_acc": 1.3159, "car_dcc": 1.537, "car_lcAssertive": 68.5729, "car_lcCooperative": 0.0806, "car_lcLookaheadLeft": 22.628, "car_lcPushy": 0.293, "car_lcSigma": 0.4451, "car_lcSpeedGainRight": 2.4598, "car_lcSublane": 0.1962, "car_sigma": 0.7519, "car_tau_mean": 1.6689, "car_tau_std": 0.6801, "car_v_mean": 12.7471, "car_v_std": 11.8994}, "datetime": {"datetime": "2024-08-12 03:41:06", "elapsed": 10706.903861, "delta": 10.556888}}
{"target": -0.6708321572278632, "params": {"bus_acc": 3.3086, "bus_dcc": 0.8628, "bus_lcAssertive": 28.9779, "bus_lcCooperative": 0.8752, "bus_lcLookaheadLeft": 89.9841, "bus_lcPushy": 0.7042, "bus_lcSigma": 0.4889, "bus_lcSpeedGainRight": 3.9409, "bus_lcSublane": 0.059, "bus_sigma": 0.6351, "bus_tau_mean": 0.7687, "bus_tau_std": 9.3357, "bus_v_mean": 11.5383, "bus_v_std": 6.9734, "car_acc": 2.9597, "car_dcc": 2.0722, "car_lcAssertive": 20.123, "car_lcCooperative": 0.6614, "car_lcLookaheadLeft": 42.5631, "car_lcPushy": 0.0603, "car_lcSigma": 0.5771, "car_lcSpeedGainRight": 1.155, "car_lcSublane": 0.7055, "car_sigma": 0.6676, "car_tau_mean": 2.7155, "car_tau_std": 5.274, "car_v_mean": 21.4464, "car_v_std": 0.9089}, "datetime": {"datetime": "2024-08-12 03:41:20", "elapsed": 10720.868791, "delta": 13.96493}}
{"target": -0.5644686332277049, "params": {"bus_acc": 1.1964, "bus_dcc": 2.1935, "bus_lcAssertive": 78.0312, "bus_lcCooperative": 0.8092, "bus_lcLookaheadLeft": 41.5698, "bus_lcPushy": 0.9063, "bus_lcSigma": 0.8289, "bus_lcSpeedGainRight": 1.2141, "bus_lcSublane": 0.1584, "bus_sigma": 0.4312, "bus_tau_mean": 1.8806, "bus_tau_std": 3.9867, "bus_v_mean": 25.9213, "bus_v_std": 8.112, "car_acc": 2.2967, "car_dcc": 3.223, "car_lcAssertive": 72.0647, "car_lcCooperative": 0.6474, "car_lcLookaheadLeft": 89.9172, "car_lcPushy": 0.6318, "car_lcSigma": 0.4704, "car_lcSpeedGainRight": 4.951, "car_lcSublane": 0.8354, "car_sigma": 0.5473, "car_tau_mean": 3.9251, "car_tau_std": 2.3184, "car_v_mean": 18.5438, "car_v_std": 7.9581}, "datetime": {"datetime": "2024-08-12 03:41:27", "elapsed": 10728.114815, "delta": 7.246024}}
{"target": -0.713312089048467, "params": {"bus_acc": 1.8725, "bus_dcc": 0.8395, "bus_lcAssertive": 7.1599, "bus_lcCooperative": 0.8325, "bus_lcLookaheadLeft": 72.885, "bus_lcPushy": 0.4832, "bus_lcSigma": 0.9984, "bus_lcSpeedGainRight": 0.4437, "bus_lcSublane": 0.8998, "bus_sigma": 0.9477, "bus_tau_mean": 1.531, "bus_tau_std": 5.403, "bus_v_mean": 24.8037, "bus_v_std": 15.8757, "car_acc": 3.3572, "car_dcc": 0.7512, "car_lcAssertive": 84.775, "car_lcCooperative": 0.9281, "car_lcLookaheadLeft": 25.6945, "car_lcPushy": 0.8271, "car_lcSigma": 0.7323, "car_lcSpeedGainRight": 4.5923, "car_lcSublane": 0.8396, "car_sigma": 0.0931, "car_tau_mean": 1.8207, "car_tau_std": 2.0758, "car_v_mean": 19.8414, "car_v_std": 10.384}, "datetime": {"datetime": "2024-08-12 03:41:44", "elapsed": 10744.435499, "delta": 16.320684}}
{"target": -0.7576455916828423, "params": {"bus_acc": 1.5783, "bus_dcc": 1.7137, "bus_lcAssertive": 92.5193, "bus_lcCooperative": 0.8171, "bus_lcLookaheadLeft": 64.137, "bus_lcPushy": 0.5876, "bus_lcSigma": 0.3186, "bus_lcSpeedGainRight": 0.0132, "bus_lcSublane": 0.5199, "bus_sigma": 0.9237, "bus_tau_mean": 0.6912, "bus_tau_std": 3.821, "bus_v_mean": 22.6149, "bus_v_std": 10.9566, "car_acc": 0.4744, "car_dcc": 0.3281, "car_lcAssertive": 29.8029, "car_lcCooperative": 0.1065, "car_lcLookaheadLeft": 82.5757, "car_lcPushy": 0.2533, "car_lcSigma": 0.6666, "car_lcSpeedGainRight": 3.3208, "car_lcSublane": 0.7239, "car_sigma": 0.5247, "car_tau_mean": 1.6695, "car_tau_std": 2.4424, "car_v_mean": 11.4362, "car_v_std": 7.8891}, "datetime": {"datetime": "2024-08-12 03:42:00", "elapsed": 10760.870777, "delta": 16.435278}}
{"target": -0.538957468411697, "params": {"bus_acc": 1.3138, "bus_dcc": 1.3819, "bus_lcAssertive": 38.5231, "bus_lcCooperative": 0.7674, "bus_lcLookaheadLeft": 31.6858, "bus_lcPushy": 0.2346, "bus_lcSigma": 0.7465, "bus_lcSpeedGainRight": 4.0994, "bus_lcSublane": 0.2162, "bus_sigma": 0.7734, "bus_tau_mean": 1.6967, "bus_tau_std": 5.5935, "bus_v_mean": 14.7449, "bus_v_std": 18.3974, "car_acc": 3.2362, "car_dcc": 2.8285, "car_lcAssertive": 50.6796, "car_lcCooperative": 0.23, "car_lcLookaheadLeft": 45.6845, "car_lcPushy": 0.8601, "car_lcSigma": 0.564, "car_lcSpeedGainRight": 1.6385, "car_lcSublane": 0.0373, "car_sigma": 0.7034, "car_tau_mean": 2.1637, "car_tau_std": 7.4171, "car_v_mean": 20.5471, "car_v_std": 9.2165}, "datetime": {"datetime": "2024-08-12 03:42:08", "elapsed": 10768.338884, "delta": 7.468107}}
{"target": -0.29141801580478327, "params": {"bus_acc": 3.2389, "bus_dcc": 0.9783, "bus_lcAssertive": 57.7427, "bus_lcCooperative": 0.0751, "bus_lcLookaheadLeft": 5.5094, "bus_lcPushy": 0.1931, "bus_lcSigma": 0.5204, "bus_lcSpeedGainRight": 1.1134, "bus_lcSublane": 0.5123, "bus_sigma": 0.6291, "bus_tau_mean": 1.9788, "bus_tau_std": 5.8709, "bus_v_mean": 15.47, "bus_v_std": 0.9891, "car_acc": 0.4528, "car_dcc": 3.0168, "car_lcAssertive": 48.2891, "car_lcCooperative": 0.7828, "car_lcLookaheadLeft": 80.8834, "car_lcPushy": 0.7185, "car_lcSigma": 0.5762, "car_lcSpeedGainRight": 2.8655, "car_lcSublane": 0.2191, "car_sigma": 0.197, "car_tau_mean": 3.5663, "car_tau_std": 8.2094, "car_v_mean": 20.0243, "car_v_std": 16.5292}, "datetime": {"datetime": "2024-08-12 03:42:20", "elapsed": 10781.147009, "delta": 12.808125}}
{"target": -0.5630017903628874, "params": {"bus_acc": 2.921, "bus_dcc": 1.3548, "bus_lcAssertive": 6.5146, "bus_lcCooperative": 0.6242, "bus_lcLookaheadLeft": 82.9195, "bus_lcPushy": 0.0999, "bus_lcSigma": 0.7666, "bus_lcSpeedGainRight": 2.213, "bus_lcSublane": 0.7598, "bus_sigma": 0.9826, "bus_tau_mean": 0.9235, "bus_tau_std": 9.5157, "bus_v_mean": 23.6069, "bus_v_std": 15.0761, "car_acc": 2.9089, "car_dcc": 1.5874, "car_lcAssertive": 74.8119, "car_lcCooperative": 0.5803, "car_lcLookaheadLeft": 14.1249, "car_lcPushy": 0.8869, "car_lcSigma": 0.8319, "car_lcSpeedGainRight": 1.9327, "car_lcSublane": 0.5683, "car_sigma": 0.9338, "car_tau_mean": 3.3679, "car_tau_std": 3.8573, "car_v_mean": 8.2622, "car_v_std": 8.2603}, "datetime": {"datetime": "2024-08-12 03:42:34", "elapsed": 10794.376626, "delta": 13.229617}}
