{"target": -0.5358355607221108, "params": {"bus_acc": 0.4332, "bus_dcc": 2.9088, "bus_lcAssertive": 31.8927, "bus_lcCooperative": 0.4579, "bus_lcLookaheadLeft": 56.3933, "bus_lcPushy": 0.0736, "bus_lcSigma": 0.4024, "bus_lcSpeedGainRight": 0.8562, "bus_lcSublane": 0.9167, "bus_sigma": 0.4083, "bus_tau_mean": 3.2402, "bus_tau_std": 7.6857, "bus_v_mean": 11.7163, "bus_v_std": 11.5033, "car_acc": 3.482, "car_dcc": 2.0779, "car_lcAssertive": 92.4667, "car_lcCooperative": 0.2142, "car_lcLookaheadLeft": 47.0148, "car_lcPushy": 0.5082, "car_lcSigma": 0.6435, "car_lcSpeedGainRight": 2.3439, "car_lcSublane": 0.3427, "car_sigma": 0.6453, "car_tau_mean": 1.1793, "car_tau_std": 2.3894, "car_v_mean": 8.6421, "car_v_std": 8.5694}, "datetime": {"datetime": "2024-08-12 02:31:30", "elapsed": 6530.507286, "delta": 4.328681}}
{"target": -0.7080752894559085, "params": {"bus_acc": 3.5855, "bus_dcc": 1.6085, "bus_lcAssertive": 75.8833, "bus_lcCooperative": 0.1884, "bus_lcLookaheadLeft": 87.134, "bus_lcPushy": 0.3513, "bus_lcSigma": 0.8854, "bus_lcSpeedGainRight": 3.0703, "bus_lcSublane": 0.1503, "bus_sigma": 0.5343, "bus_tau_mean": 2.4598, "bus_tau_std": 1.2175, "bus_v_mean": 17.5923, "bus_v_std": 6.9205, "car_acc": 3.7013, "car_dcc": 2.1963, "car_lcAssertive": 63.1114, "car_lcCooperative": 0.4438, "car_lcLookaheadLeft": 93.2795, "car_lcPushy": 0.829, "car_lcSigma": 0.7656, "car_lcSpeedGainRight": 0.9292, "car_lcSublane": 0.3317, "car_sigma": 0.4364, "car_tau_mean": 2.1403, "car_tau_std": 0.771, "car_v_mean": 22.7974, "car_v_std": 0.8859}, "datetime": {"datetime": "2024-08-12 02:31:35", "elapsed": 6535.380317, "delta": 4.873031}}
{"target": -0.6167520720088323, "params": {"bus_acc": 0.3561, "bus_dcc": 1.2369, "bus_lcAssertive": 48.6917, "bus_lcCooperative": 0.0997, "bus_lcLookaheadLeft": 31.5692, "bus_lcPushy": 0.7729, "bus_lcSigma": 0.5227, "bus_lcSpeedGainRight": 2.1749, "bus_lcSublane": 0.8881, "bus_sigma": 0.893, "bus_tau_mean": 3.6583, "bus_tau_std": 0.6113, "bus_v_mean": 24.6552, "bus_v_std": 13.4856, "car_acc": 3.9721, "car_dcc": 3.109, "car_lcAssertive": 13.8267, "car_lcCooperative": 0.0958, "car_lcLookaheadLeft": 96.0458, "car_lcPushy": 0.3149, "car_lcSigma": 0.2801, "car_lcSpeedGainRight": 3.8159, "car_lcSublane": 0.6628, "car_sigma": 0.231, "car_tau_mean": 1.6144, "car_tau_std": 3.4268, "car_v_mean": 23.6536, "car_v_std": 16.5873}, "datetime": {"datetime": "2024-08-12 02:31:40", "elapsed": 6540.229673, "delta": 4.849356}}
{"target": -0.44379758426084415, "params": {"bus_acc": 0.3204, "bus_dcc": 2.1575, "bus_lcAssertive": 64.7314, "bus_lcCooperative": 0.2925, "bus_lcLookaheadLeft": 93.1288, "bus_lcPushy": 0.5144, "bus_lcSigma": 0.0432, "bus_lcSpeedGainRight": 3.1172, "bus_lcSublane": 0.76, "bus_sigma": 0.4759, "bus_tau_mean": 1.1857, "bus_tau_std": 6.0249, "bus_v_mean": 19.1656, "bus_v_std": 9.7283, "car_acc": 1.0583, "car_dcc": 2.8528, "car_lcAssertive": 43.3979, "car_lcCooperative": 0.2796, "car_lcLookaheadLeft": 92.7741, "car_lcPushy": 0.5372, "car_lcSigma": 0.3984, "car_lcSpeedGainRight": 0.0701, "car_lcSublane": 0.0332, "car_sigma": 0.5751, "car_tau_mean": 1.0698, "car_tau_std": 1.7988, "car_v_mean": 12.0398, "car_v_std": 8.2761}, "datetime": {"datetime": "2024-08-12 02:31:45", "elapsed": 6545.637562, "delta": 5.407889}}
{"target": -0.6207660310955875, "params": {"bus_acc": 1.253, "bus_dcc": 3.1895, "bus_lcAssertive": 18.3769, "bus_lcCooperative": 0.3287, "bus_lcLookaheadLeft": 41.0721, "bus_lcPushy": 0.6068, "bus_lcSigma": 0.672, "bus_lcSpeedGainRight": 3.8485, "bus_lcSublane": 0.073, "bus_sigma": 0.3912, "bus_tau_mean": 3.8414, "bus_tau_std": 0.0813, "bus_v_mean": 24.6048, "bus_v_std": 15.1523, "car_acc": 2.3023, "car_dcc": 3.0555, "car_lcAssertive": 10.1244, "car_lcCooperative": 0.2194, "car_lcLookaheadLeft": 70.639, "car_lcPushy": 0.686, "car_lcSigma": 0.4462, "car_lcSpeedGainRight": 2.0989, "car_lcSublane": 0.3391, "car_sigma": 0.4735, "car_tau_mean": 2.3477, "car_tau_std": 0.871, "car_v_mean": 16.7251, "car_v_std": 16.2078}, "datetime": {"datetime": "2024-08-12 02:31:49", "elapsed": 6549.849664, "delta": 4.212102}}
{"target": -0.5435016846126621, "params": {"bus_acc": 3.9746, "bus_dcc": 3.6289, "bus_lcAssertive": 68.0, "bus_lcCooperative": 0.2994, "bus_lcLookaheadLeft": 79.1023, "bus_lcPushy": 0.3398, "bus_lcSigma": 0.8581, "bus_lcSpeedGainRight": 0.2105, "bus_lcSublane": 0.8808, "bus_sigma": 0.6123, "bus_tau_mean": 1.9259, "bus_tau_std": 2.6771, "bus_v_mean": 12.9572, "bus_v_std": 12.612, "car_acc": 1.7307, "car_dcc": 1.6569, "car_lcAssertive": 50.4566, "car_lcCooperative": 0.1278, "car_lcLookaheadLeft": 25.3289, "car_lcPushy": 0.1761, "car_lcSigma": 0.4678, "car_lcSpeedGainRight": 2.4861, "car_lcSublane": 0.0144, "car_sigma": 0.3837, "car_tau_mean": 1.4241, "car_tau_std": 6.2797, "car_v_mean": 19.0316, "car_v_std": 7.3703}, "datetime": {"datetime": "2024-08-12 02:31:55", "elapsed": 6556.028231, "delta": 6.178567}}
{"target": -0.4750474045080401, "params": {"bus_acc": 1.3886, "bus_dcc": 2.8746, "bus_lcAssertive": 56.0727, "bus_lcCooperative": 0.13, "bus_lcLookaheadLeft": 60.3394, "bus_lcPushy": 0.3503, "bus_lcSigma": 0.6708, "bus_lcSpeedGainRight": 2.3894, "bus_lcSublane": 0.7859, "bus_sigma": 0.5185, "bus_tau_mean": 2.7772, "bus_tau_std": 6.2496, "bus_v_mean": 20.9216, "bus_v_std": 5.2682, "car_acc": 3.8331, "car_dcc": 2.7989, "car_lcAssertive": 98.3038, "car_lcCooperative": 0.7302, "car_lcLookaheadLeft": 9.0558, "car_lcPushy": 0.6531, "car_lcSigma": 0.9233, "car_lcSpeedGainRight": 1.8298, "car_lcSublane": 0.9445, "car_sigma": 0.3183, "car_tau_mean": 2.322, "car_tau_std": 3.3992, "car_v_mean": 21.5823, "car_v_std": 5.6004}, "datetime": {"datetime": "2024-08-12 02:32:00", "elapsed": 6561.084524, "delta": 5.056293}}
{"target": -0.2917500694874241, "params": {"bus_acc": 2.8007, "bus_dcc": 0.679, "bus_lcAssertive": 4.4571, "bus_lcCooperative": 0.1777, "bus_lcLookaheadLeft": 30.7108, "bus_lcPushy": 0.2098, "bus_lcSigma": 0.7382, "bus_lcSpeedGainRight": 3.0449, "bus_lcSublane": 0.6703, "bus_sigma": 0.0806, "bus_tau_mean": 1.5291, "bus_tau_std": 3.4873, "bus_v_mean": 14.297, "bus_v_std": 16.9739, "car_acc": 0.2453, "car_dcc": 1.9109, "car_lcAssertive": 35.2646, "car_lcCooperative": 0.625, "car_lcLookaheadLeft": 57.9288, "car_lcPushy": 0.2994, "car_lcSigma": 0.2417, "car_lcSpeedGainRight": 3.6689, "car_lcSublane": 0.0856, "car_sigma": 0.2371, "car_tau_mean": 2.7843, "car_tau_std": 7.8984, "car_v_mean": 24.0325, "car_v_std": 3.1824}, "datetime": {"datetime": "2024-08-12 02:32:05", "elapsed": 6565.750224, "delta": 4.6657}}
{"target": -0.4131298034488356, "params": {"bus_acc": 3.3512, "bus_dcc": 1.0168, "bus_lcAssertive": 66.8959, "bus_lcCooperative": 0.6487, "bus_lcLookaheadLeft": 33.1138, "bus_lcPushy": 0.9969, "bus_lcSigma": 0.3475, "bus_lcSpeedGainRight": 3.1838, "bus_lcSublane": 0.7886, "bus_sigma": 0.8678, "bus_tau_mean": 3.3248, "bus_tau_std": 6.5098, "bus_v_mean": 23.6873, "bus_v_std": 12.6563, "car_acc": 1.0703, "car_dcc": 2.396, "car_lcAssertive": 45.1389, "car_lcCooperative": 0.4873, "car_lcLookaheadLeft": 49.6153, "car_lcPushy": 0.4602, "car_lcSigma": 0.9352, "car_lcSpeedGainRight": 4.7677, "car_lcSublane": 0.9609, "car_sigma": 0.2818, "car_tau_mean": 2.0938, "car_tau_std": 5.085, "car_v_mean": 23.3904, "car_v_std": 0.4744}, "datetime": {"datetime": "2024-08-12 02:32:10", "elapsed": 6570.34043, "delta": 4.590206}}
{"target": -0.3320256489414364, "params": {"bus_acc": 2.1242, "bus_dcc": 1.8364, "bus_lcAssertive": 49.2957, "bus_lcCooperative": 0.4823, "bus_lcLookaheadLeft": 18.6456, "bus_lcPushy": 0.2926, "bus_lcSigma": 0.7288, "bus_lcSpeedGainRight": 1.7822, "bus_lcSublane": 0.4114, "bus_sigma": 0.2971, "bus_tau_mean": 3.3997, "bus_tau_std": 4.8741, "bus_v_mean": 17.7772, "bus_v_std": 16.6535, "car_acc": 0.9676, "car_dcc": 2.9752, "car_lcAssertive": 72.4398, "car_lcCooperative": 0.1961, "car_lcLookaheadLeft": 97.8113, "car_lcPushy": 0.749, "car_lcSigma": 0.6174, "car_lcSpeedGainRight": 4.0289, "car_lcSublane": 0.582, "car_sigma": 0.082, "car_tau_mean": 1.3589, "car_tau_std": 8.1621, "car_v_mean": 12.0563, "car_v_std": 11.277}, "datetime": {"datetime": "2024-08-12 02:32:16", "elapsed": 6576.702931, "delta": 6.362501}}
{"target": -0.8704316136140694, "params": {"bus_acc": 2.7378, "bus_dcc": 0.8636, "bus_lcAssertive": 15.3678, "bus_lcCooperative": 0.9258, "bus_lcLookaheadLeft": 34.5641, "bus_lcPushy": 0.4337, "bus_lcSigma": 0.6108, "bus_lcSpeedGainRight": 0.2998, "bus_lcSublane": 0.1546, "bus_sigma": 0.9973, "bus_tau_mean": 1.4785, "bus_tau_std": 6.0318, "bus_v_mean": 14.3041, "bus_v_std": 17.5119, "car_acc": 1.5281, "car_dcc": 1.6831, "car_lcAssertive": 1.7071, "car_lcCooperative": 0.7746, "car_lcLookaheadLeft": 68.8205, "car_lcPushy": 0.6884, "car_lcSigma": 0.4607, "car_lcSpeedGainRight": 0.9919, "car_lcSublane": 0.9033, "car_sigma": 0.3112, "car_tau_mean": 2.004, "car_tau_std": 5.0847, "car_v_mean": 15.225, "car_v_std": 7.5985}, "datetime": {"datetime": "2024-08-12 02:32:21", "elapsed": 6581.314397, "delta": 4.611466}}
{"target": -0.44564817297007014, "params": {"bus_acc": 1.1562, "bus_dcc": 3.0337, "bus_lcAssertive": 81.0275, "bus_lcCooperative": 0.2382, "bus_lcLookaheadLeft": 49.4676, "bus_lcPushy": 0.682, "bus_lcSigma": 0.7625, "bus_lcSpeedGainRight": 4.5316, "bus_lcSublane": 0.9572, "bus_sigma": 0.3179, "bus_tau_mean": 3.2355, "bus_tau_std": 5.1343, "bus_v_mean": 9.1405, "bus_v_std": 19.2124, "car_acc": 1.1061, "car_dcc": 1.4342, "car_lcAssertive": 40.1433, "car_lcCooperative": 0.3534, "car_lcLookaheadLeft": 82.2817, "car_lcPushy": 0.3237, "car_lcSigma": 0.6366, "car_lcSpeedGainRight": 4.9558, "car_lcSublane": 0.1507, "car_sigma": 0.2163, "car_tau_mean": 2.671, "car_tau_std": 8.2348, "car_v_mean": 22.6164, "car_v_std": 10.7904}, "datetime": {"datetime": "2024-08-12 02:32:30", "elapsed": 6590.995452, "delta": 9.681055}}
{"target": -0.9063994001732997, "params": {"bus_acc": 2.4315, "bus_dcc": 0.9476, "bus_lcAssertive": 87.2063, "bus_lcCooperative": 0.5644, "bus_lcLookaheadLeft": 65.1898, "bus_lcPushy": 0.907, "bus_lcSigma": 0.1291, "bus_lcSpeedGainRight": 0.6952, "bus_lcSublane": 0.603, "bus_sigma": 0.2489, "bus_tau_mean": 0.6285, "bus_tau_std": 6.5133, "bus_v_mean": 9.7201, "bus_v_std": 11.7746, "car_acc": 1.3553, "car_dcc": 0.7132, "car_lcAssertive": 19.3906, "car_lcCooperative": 0.629, "car_lcLookaheadLeft": 78.703, "car_lcPushy": 0.6516, "car_lcSigma": 0.1661, "car_lcSpeedGainRight": 1.3421, "car_lcSublane": 0.9801, "car_sigma": 0.6098, "car_tau_mean": 0.9597, "car_tau_std": 2.2515, "car_v_mean": 15.0873, "car_v_std": 1.4555}, "datetime": {"datetime": "2024-08-12 02:32:38", "elapsed": 6599.070134, "delta": 8.074682}}
{"target": -0.6082806483780421, "params": {"bus_acc": 3.8042, "bus_dcc": 3.6588, "bus_lcAssertive": 58.5315, "bus_lcCooperative": 0.4485, "bus_lcLookaheadLeft": 32.4446, "bus_lcPushy": 0.6853, "bus_lcSigma": 0.0482, "bus_lcSpeedGainRight": 1.2823, "bus_lcSublane": 0.9339, "bus_sigma": 0.8969, "bus_tau_mean": 1.91, "bus_tau_std": 8.2485, "bus_v_mean": 23.101, "bus_v_std": 5.614, "car_acc": 1.6399, "car_dcc": 3.4325, "car_lcAssertive": 33.038, "car_lcCooperative": 0.3601, "car_lcLookaheadLeft": 7.4801, "car_lcPushy": 0.1468, "car_lcSigma": 0.6265, "car_lcSpeedGainRight": 2.6777, "car_lcSublane": 0.6356, "car_sigma": 0.0687, "car_tau_mean": 3.8434, "car_tau_std": 2.9868, "car_v_mean": 25.8135, "car_v_std": 3.8876}, "datetime": {"datetime": "2024-08-12 02:32:44", "elapsed": 6604.3853, "delta": 5.315166}}
{"target": -1.0003603224635365, "params": {"bus_acc": 3.7883, "bus_dcc": 2.4043, "bus_lcAssertive": 51.2912, "bus_lcCooperative": 0.008, "bus_lcLookaheadLeft": 37.8113, "bus_lcPushy": 0.4089, "bus_lcSigma": 0.6911, "bus_lcSpeedGainRight": 0.6675, "bus_lcSublane": 0.4658, "bus_sigma": 0.6543, "bus_tau_mean": 2.5385, "bus_tau_std": 9.1353, "bus_v_mean": 22.2754, "bus_v_std": 15.7941, "car_acc": 2.1127, "car_dcc": 2.2372, "car_lcAssertive": 1.0613, "car_lcCooperative": 0.3469, "car_lcLookaheadLeft": 53.886, "car_lcPushy": 0.9424, "car_lcSigma": 0.5406, "car_lcSpeedGainRight": 1.6672, "car_lcSublane": 0.8883, "car_sigma": 0.9485, "car_tau_mean": 1.7885, "car_tau_std": 9.3131, "car_v_mean": 12.4271, "car_v_std": 19.4684}, "datetime": {"datetime": "2024-08-12 02:32:49", "elapsed": 6609.531005, "delta": 5.145705}}
{"target": -0.6918882178143381, "params": {"bus_acc": 1.1793, "bus_dcc": 2.5627, "bus_lcAssertive": 68.2503, "bus_lcCooperative": 0.7337, "bus_lcLookaheadLeft": 3.1118, "bus_lcPushy": 0.1423, "bus_lcSigma": 0.3357, "bus_lcSpeedGainRight": 3.7229, "bus_lcSublane": 0.0233, "bus_sigma": 0.946, "bus_tau_mean": 0.7381, "bus_tau_std": 7.6039, "bus_v_mean": 17.3152, "bus_v_std": 6.6832, "car_acc": 3.1838, "car_dcc": 0.5549, "car_lcAssertive": 56.7974, "car_lcCooperative": 0.9761, "car_lcLookaheadLeft": 31.0429, "car_lcPushy": 0.5776, "car_lcSigma": 0.6783, "car_lcSpeedGainRight": 2.8848, "car_lcSublane": 0.9431, "car_sigma": 0.3601, "car_tau_mean": 1.4151, "car_tau_std": 1.1324, "car_v_mean": 19.9412, "car_v_std": 4.0034}, "datetime": {"datetime": "2024-08-12 02:32:56", "elapsed": 6617.051133, "delta": 7.520128}}
{"target": -0.7913424239176617, "params": {"bus_acc": 1.8859, "bus_dcc": 0.2475, "bus_lcAssertive": 57.3731, "bus_lcCooperative": 0.3482, "bus_lcLookaheadLeft": 34.5503, "bus_lcPushy": 0.3175, "bus_lcSigma": 0.7818, "bus_lcSpeedGainRight": 3.6805, "bus_lcSublane": 0.859, "bus_sigma": 0.3079, "bus_tau_mean": 2.5448, "bus_tau_std": 3.7325, "bus_v_mean": 16.3106, "bus_v_std": 9.9734, "car_acc": 1.4704, "car_dcc": 0.5481, "car_lcAssertive": 25.5053, "car_lcCooperative": 0.3075, "car_lcLookaheadLeft": 23.2388, "car_lcPushy": 0.0474, "car_lcSigma": 0.3408, "car_lcSpeedGainRight": 3.67, "car_lcSublane": 0.461, "car_sigma": 0.9062, "car_tau_mean": 2.2763, "car_tau_std": 1.4443, "car_v_mean": 9.7493, "car_v_std": 0.0408}, "datetime": {"datetime": "2024-08-12 02:33:01", "elapsed": 6621.466381, "delta": 4.415248}}
{"target": -0.5309706829860011, "params": {"bus_acc": 2.9267, "bus_dcc": 3.2487, "bus_lcAssertive": 72.4948, "bus_lcCooperative": 0.668, "bus_lcLookaheadLeft": 19.2551, "bus_lcPushy": 0.2195, "bus_lcSigma": 0.1579, "bus_lcSpeedGainRight": 0.8035, "bus_lcSublane": 0.238, "bus_sigma": 0.3031, "bus_tau_mean": 2.1348, "bus_tau_std": 4.327, "bus_v_mean": 10.6375, "bus_v_std": 6.7045, "car_acc": 2.5337, "car_dcc": 3.3105, "car_lcAssertive": 32.9546, "car_lcCooperative": 0.1508, "car_lcLookaheadLeft": 37.2447, "car_lcPushy": 0.9878, "car_lcSigma": 0.0476, "car_lcSpeedGainRight": 2.1014, "car_lcSublane": 0.8604, "car_sigma": 0.7946, "car_tau_mean": 1.7139, "car_tau_std": 4.7966, "car_v_mean": 14.9858, "car_v_std": 16.8717}, "datetime": {"datetime": "2024-08-12 02:33:08", "elapsed": 6628.368499, "delta": 6.902118}}
{"target": -0.5402854120567572, "params": {"bus_acc": 0.2884, "bus_dcc": 0.3793, "bus_lcAssertive": 9.2972, "bus_lcCooperative": 0.1149, "bus_lcLookaheadLeft": 30.2896, "bus_lcPushy": 0.4623, "bus_lcSigma": 0.597, "bus_lcSpeedGainRight": 3.9868, "bus_lcSublane": 0.624, "bus_sigma": 0.7317, "bus_tau_mean": 2.3596, "bus_tau_std": 4.5696, "bus_v_mean": 22.6616, "bus_v_std": 16.3061, "car_acc": 1.2675, "car_dcc": 3.654, "car_lcAssertive": 52.2617, "car_lcCooperative": 0.3406, "car_lcLookaheadLeft": 90.8599, "car_lcPushy": 0.8393, "car_lcSigma": 0.0484, "car_lcSpeedGainRight": 3.8093, "car_lcSublane": 0.7373, "car_sigma": 0.0868, "car_tau_mean": 3.0262, "car_tau_std": 3.8693, "car_v_mean": 13.5355, "car_v_std": 10.5903}, "datetime": {"datetime": "2024-08-12 02:33:15", "elapsed": 6635.885814, "delta": 7.517315}}
{"target": -0.65197997947014, "params": {"bus_acc": 1.8505, "bus_dcc": 3.7683, "bus_lcAssertive": 23.0101, "bus_lcCooperative": 0.9012, "bus_lcLookaheadLeft": 58.3774, "bus_lcPushy": 0.7139, "bus_lcSigma": 0.0607, "bus_lcSpeedGainRight": 4.1665, "bus_lcSublane": 0.4725, "bus_sigma": 0.8599, "bus_tau_mean": 2.1162, "bus_tau_std": 1.6896, "bus_v_mean": 23.7626, "bus_v_std": 16.0915, "car_acc": 3.346, "car_dcc": 3.8099, "car_lcAssertive": 54.4431, "car_lcCooperative": 0.9989, "car_lcLookaheadLeft": 26.1392, "car_lcPushy": 0.8009, "car_lcSigma": 0.7298, "car_lcSpeedGainRight": 3.4087, "car_lcSublane": 0.2884, "car_sigma": 0.3369, "car_tau_mean": 1.3633, "car_tau_std": 8.1924, "car_v_mean": 18.7868, "car_v_std": 15.8764}, "datetime": {"datetime": "2024-08-12 02:33:20", "elapsed": 6640.930279, "delta": 5.044465}}
{"target": -0.9549299713022634, "params": {"bus_acc": 3.4555, "bus_dcc": 0.2505, "bus_lcAssertive": 45.8135, "bus_lcCooperative": 0.9269, "bus_lcLookaheadLeft": 31.7688, "bus_lcPushy": 0.7156, "bus_lcSigma": 0.1334, "bus_lcSpeedGainRight": 2.8628, "bus_lcSublane": 0.9301, "bus_sigma": 0.9743, "bus_tau_mean": 3.5754, "bus_tau_std": 9.6617, "bus_v_mean": 18.836, "bus_v_std": 8.9308, "car_acc": 2.6909, "car_dcc": 2.0914, "car_lcAssertive": 2.3445, "car_lcCooperative": 0.8316, "car_lcLookaheadLeft": 35.7778, "car_lcPushy": 0.001, "car_lcSigma": 0.6449, "car_lcSpeedGainRight": 3.441, "car_lcSublane": 0.606, "car_sigma": 0.8815, "car_tau_mean": 3.7476, "car_tau_std": 2.2668, "car_v_mean": 12.4627, "car_v_std": 9.1309}, "datetime": {"datetime": "2024-08-12 02:33:27", "elapsed": 6648.006763, "delta": 7.076484}}
{"target": -0.5291210325276063, "params": {"bus_acc": 3.9501, "bus_dcc": 2.1523, "bus_lcAssertive": 17.7981, "bus_lcCooperative": 0.1373, "bus_lcLookaheadLeft": 58.6381, "bus_lcPushy": 0.2124, "bus_lcSigma": 0.762, "bus_lcSpeedGainRight": 3.8044, "bus_lcSublane": 0.6964, "bus_sigma": 0.0779, "bus_tau_mean": 3.7362, "bus_tau_std": 2.0426, "bus_v_mean": 10.0307, "bus_v_std": 19.7584, "car_acc": 2.552, "car_dcc": 3.3966, "car_lcAssertive": 49.4927, "car_lcCooperative": 0.9217, "car_lcLookaheadLeft": 35.6326, "car_lcPushy": 0.363, "car_lcSigma": 0.0291, "car_lcSpeedGainRight": 2.2715, "car_lcSublane": 0.2055, "car_sigma": 0.1947, "car_tau_mean": 3.6972, "car_tau_std": 3.366, "car_v_mean": 16.5234, "car_v_std": 8.6836}, "datetime": {"datetime": "2024-08-12 02:33:35", "elapsed": 6655.779617, "delta": 7.772854}}
{"target": -0.49237371557860127, "params": {"bus_acc": 0.5174, "bus_dcc": 2.2528, "bus_lcAssertive": 89.1225, "bus_lcCooperative": 0.5694, "bus_lcLookaheadLeft": 80.7297, "bus_lcPushy": 0.6322, "bus_lcSigma": 0.1574, "bus_lcSpeedGainRight": 1.5148, "bus_lcSublane": 0.2254, "bus_sigma": 0.2669, "bus_tau_mean": 0.9856, "bus_tau_std": 0.8977, "bus_v_mean": 13.5116, "bus_v_std": 7.5944, "car_acc": 1.3358, "car_dcc": 1.4583, "car_lcAssertive": 94.7583, "car_lcCooperative": 0.9372, "car_lcLookaheadLeft": 52.6512, "car_lcPushy": 0.1547, "car_lcSigma": 0.6576, "car_lcSpeedGainRight": 0.1602, "car_lcSublane": 0.3871, "car_sigma": 0.7286, "car_tau_mean": 2.6445, "car_tau_std": 8.4767, "car_v_mean": 11.6072, "car_v_std": 15.9847}, "datetime": {"datetime": "2024-08-12 02:33:40", "elapsed": 6660.450174, "delta": 4.670557}}
{"target": -0.3354005784711538, "params": {"bus_acc": 1.2342, "bus_dcc": 2.4693, "bus_lcAssertive": 44.971, "bus_lcCooperative": 0.6399, "bus_lcLookaheadLeft": 24.4642, "bus_lcPushy": 0.5541, "bus_lcSigma": 0.159, "bus_lcSpeedGainRight": 3.3605, "bus_lcSublane": 0.4627, "bus_sigma": 0.8962, "bus_tau_mean": 3.3467, "bus_tau_std": 0.9009, "bus_v_mean": 21.9238, "bus_v_std": 9.6933, "car_acc": 0.4837, "car_dcc": 1.2276, "car_lcAssertive": 49.0615, "car_lcCooperative": 0.0334, "car_lcLookaheadLeft": 54.4976, "car_lcPushy": 0.0179, "car_lcSigma": 0.8818, "car_lcSpeedGainRight": 2.1454, "car_lcSublane": 0.2323, "car_sigma": 0.2168, "car_tau_mean": 1.4004, "car_tau_std": 2.4856, "car_v_mean": 14.5395, "car_v_std": 5.5031}, "datetime": {"datetime": "2024-08-12 02:33:45", "elapsed": 6665.2926, "delta": 4.842426}}
{"target": -0.7078206465754612, "params": {"bus_acc": 1.2284, "bus_dcc": 0.8569, "bus_lcAssertive": 82.3615, "bus_lcCooperative": 0.8864, "bus_lcLookaheadLeft": 31.9004, "bus_lcPushy": 0.8865, "bus_lcSigma": 0.1865, "bus_lcSpeedGainRight": 1.2851, "bus_lcSublane": 0.9874, "bus_sigma": 0.5551, "bus_tau_mean": 3.6619, "bus_tau_std": 4.1081, "bus_v_mean": 14.2, "bus_v_std": 5.4713, "car_acc": 3.2307, "car_dcc": 2.9984, "car_lcAssertive": 18.2082, "car_lcCooperative": 0.9563, "car_lcLookaheadLeft": 54.0207, "car_lcPushy": 0.1122, "car_lcSigma": 0.1224, "car_lcSpeedGainRight": 3.5095, "car_lcSublane": 0.7916, "car_sigma": 0.4151, "car_tau_mean": 2.5171, "car_tau_std": 3.2463, "car_v_mean": 8.837, "car_v_std": 11.5823}, "datetime": {"datetime": "2024-08-12 02:33:51", "elapsed": 6671.219121, "delta": 5.926521}}
{"target": -0.4199421882252703, "params": {"bus_acc": 0.6913, "bus_dcc": 2.4929, "bus_lcAssertive": 21.7721, "bus_lcCooperative": 0.0975, "bus_lcLookaheadLeft": 44.7233, "bus_lcPushy": 0.5459, "bus_lcSigma": 0.2889, "bus_lcSpeedGainRight": 1.0902, "bus_lcSublane": 0.1972, "bus_sigma": 0.3817, "bus_tau_mean": 2.3904, "bus_tau_std": 4.8928, "bus_v_mean": 25.5586, "bus_v_std": 19.5276, "car_acc": 2.0013, "car_dcc": 2.6888, "car_lcAssertive": 20.8913, "car_lcCooperative": 0.8497, "car_lcLookaheadLeft": 67.036, "car_lcPushy": 0.1173, "car_lcSigma": 0.2339, "car_lcSpeedGainRight": 2.1963, "car_lcSublane": 0.4352, "car_sigma": 0.0067, "car_tau_mean": 2.4449, "car_tau_std": 4.5975, "car_v_mean": 11.1095, "car_v_std": 1.7425}, "datetime": {"datetime": "2024-08-12 02:33:59", "elapsed": 6679.667793, "delta": 8.448672}}
