{"target": -0.561193501960099, "params": {"bus_acc": 3.0864, "bus_dcc": 2.3491, "bus_lcAssertive": 37.618, "bus_lcCooperative": 0.879, "bus_lcLookaheadLeft": 98.5891, "bus_lcPushy": 0.9175, "bus_lcSigma": 0.2588, "bus_lcSpeedGainRight": 3.1698, "bus_lcSublane": 0.9721, "bus_sigma": 0.2616, "bus_tau_mean": 3.3778, "bus_tau_std": 1.0297, "bus_v_mean": 19.7538, "bus_v_std": 6.0298, "car_acc": 0.5319, "car_dcc": 0.4589, "car_lcAssertive": 33.2434, "car_lcCooperative": 0.7395, "car_lcLookaheadLeft": 82.3795, "car_lcPushy": 0.7777, "car_lcSigma": 0.3291, "car_lcSpeedGainRight": 2.1759, "car_lcSublane": 0.1639, "car_sigma": 0.6887, "car_tau_mean": 3.3718, "car_tau_std": 3.6248, "car_v_mean": 15.9241, "car_v_std": 5.0971}, "datetime": {"datetime": "2024-08-12 01:37:25", "elapsed": 3286.124592, "delta": 4.745323}}
{"target": -0.7068056692866801, "params": {"bus_acc": 1.2481, "bus_dcc": 2.1002, "bus_lcAssertive": 79.9759, "bus_lcCooperative": 0.9617, "bus_lcLookaheadLeft": 22.7178, "bus_lcPushy": 0.5832, "bus_lcSigma": 0.7042, "bus_lcSpeedGainRight": 2.736, "bus_lcSublane": 0.5784, "bus_sigma": 0.4961, "bus_tau_mean": 0.6764, "bus_tau_std": 3.6753, "bus_v_mean": 17.6097, "bus_v_std": 18.0259, "car_acc": 2.1176, "car_dcc": 0.6062, "car_lcAssertive": 93.3394, "car_lcCooperative": 0.4945, "car_lcLookaheadLeft": 74.6421, "car_lcPushy": 0.1898, "car_lcSigma": 0.8383, "car_lcSpeedGainRight": 2.6982, "car_lcSublane": 0.3284, "car_sigma": 0.9018, "car_tau_mean": 1.8759, "car_tau_std": 4.0214, "car_v_mean": 13.1517, "car_v_std": 8.535}, "datetime": {"datetime": "2024-08-12 01:37:31", "elapsed": 3292.057843, "delta": 5.933251}}
{"target": -0.8464917848343007, "params": {"bus_acc": 3.7984, "bus_dcc": 1.5741, "bus_lcAssertive": 92.541, "bus_lcCooperative": 0.1299, "bus_lcLookaheadLeft": 18.2204, "bus_lcPushy": 0.9562, "bus_lcSigma": 0.7708, "bus_lcSpeedGainRight": 3.487, "bus_lcSublane": 0.242, "bus_sigma": 0.5645, "bus_tau_mean": 3.287, "bus_tau_std": 4.2719, "bus_v_mean": 18.6563, "bus_v_std": 3.2355, "car_acc": 0.6986, "car_dcc": 0.2694, "car_lcAssertive": 6.9021, "car_lcCooperative": 0.8059, "car_lcLookaheadLeft": 19.8566, "car_lcPushy": 0.5651, "car_lcSigma": 0.0568, "car_lcSpeedGainRight": 3.7304, "car_lcSublane": 0.6038, "car_sigma": 0.3032, "car_tau_mean": 1.1735, "car_tau_std": 1.2691, "car_v_mean": 9.8846, "car_v_std": 13.4346}, "datetime": {"datetime": "2024-08-12 01:37:35", "elapsed": 3295.336143, "delta": 3.2783}}
{"target": -0.5227404847859306, "params": {"bus_acc": 1.8413, "bus_dcc": 1.4585, "bus_lcAssertive": 27.7765, "bus_lcCooperative": 0.5586, "bus_lcLookaheadLeft": 19.8221, "bus_lcPushy": 0.4613, "bus_lcSigma": 0.8936, "bus_lcSpeedGainRight": 2.4207, "bus_lcSublane": 0.6467, "bus_sigma": 0.3755, "bus_tau_mean": 1.0874, "bus_tau_std": 9.3221, "bus_v_mean": 20.7224, "bus_v_std": 8.6413, "car_acc": 3.1488, "car_dcc": 3.5182, "car_lcAssertive": 33.3264, "car_lcCooperative": 0.9317, "car_lcLookaheadLeft": 55.162, "car_lcPushy": 0.2743, "car_lcSigma": 0.4996, "car_lcSpeedGainRight": 3.5354, "car_lcSublane": 0.0973, "car_sigma": 0.1937, "car_tau_mean": 3.7121, "car_tau_std": 2.1408, "car_v_mean": 14.8662, "car_v_std": 7.4498}, "datetime": {"datetime": "2024-08-12 01:37:40", "elapsed": 3300.906086, "delta": 5.569943}}
{"target": -0.31365475000671417, "params": {"bus_acc": 2.2594, "bus_dcc": 1.1744, "bus_lcAssertive": 27.9239, "bus_lcCooperative": 0.1675, "bus_lcLookaheadLeft": 12.0013, "bus_lcPushy": 0.3171, "bus_lcSigma": 0.3914, "bus_lcSpeedGainRight": 0.4718, "bus_lcSublane": 0.6493, "bus_sigma": 0.8617, "bus_tau_mean": 2.0064, "bus_tau_std": 2.4044, "bus_v_mean": 24.4957, "bus_v_std": 10.8225, "car_acc": 0.4485, "car_dcc": 2.0807, "car_lcAssertive": 94.0557, "car_lcCooperative": 0.7963, "car_lcLookaheadLeft": 78.2119, "car_lcPushy": 0.406, "car_lcSigma": 0.8881, "car_lcSpeedGainRight": 0.653, "car_lcSublane": 0.1063, "car_sigma": 0.1366, "car_tau_mean": 2.5175, "car_tau_std": 0.9354, "car_v_mean": 19.8297, "car_v_std": 17.1671}, "datetime": {"datetime": "2024-08-12 01:37:43", "elapsed": 3303.791726, "delta": 2.88564}}
{"target": -0.5967749121144443, "params": {"bus_acc": 3.8004, "bus_dcc": 3.7913, "bus_lcAssertive": 82.0426, "bus_lcCooperative": 0.4451, "bus_lcLookaheadLeft": 59.7974, "bus_lcPushy": 0.0329, "bus_lcSigma": 0.0688, "bus_lcSpeedGainRight": 2.2442, "bus_lcSublane": 0.0353, "bus_sigma": 0.4453, "bus_tau_mean": 3.4369, "bus_tau_std": 5.2582, "bus_v_mean": 10.3324, "bus_v_std": 15.4501, "car_acc": 3.55, "car_dcc": 0.6674, "car_lcAssertive": 81.8183, "car_lcCooperative": 0.5026, "car_lcLookaheadLeft": 87.4418, "car_lcPushy": 0.2803, "car_lcSigma": 0.8643, "car_lcSpeedGainRight": 1.2199, "car_lcSublane": 0.9392, "car_sigma": 0.0074, "car_tau_mean": 3.9506, "car_tau_std": 7.5823, "car_v_mean": 20.9729, "car_v_std": 12.1496}, "datetime": {"datetime": "2024-08-12 01:37:46", "elapsed": 3307.106253, "delta": 3.314527}}
{"target": -0.621306858796299, "params": {"bus_acc": 0.5652, "bus_dcc": 2.4698, "bus_lcAssertive": 2.4937, "bus_lcCooperative": 0.0551, "bus_lcLookaheadLeft": 73.414, "bus_lcPushy": 0.8111, "bus_lcSigma": 0.479, "bus_lcSpeedGainRight": 3.268, "bus_lcSublane": 0.8583, "bus_sigma": 0.5005, "bus_tau_mean": 1.9339, "bus_tau_std": 4.3145, "bus_v_mean": 21.3033, "bus_v_std": 7.3254, "car_acc": 3.5087, "car_dcc": 0.7388, "car_lcAssertive": 34.7089, "car_lcCooperative": 0.5656, "car_lcLookaheadLeft": 54.4097, "car_lcPushy": 0.2568, "car_lcSigma": 0.9073, "car_lcSpeedGainRight": 0.6316, "car_lcSublane": 0.3445, "car_sigma": 0.3516, "car_tau_mean": 2.6541, "car_tau_std": 5.3787, "car_v_mean": 10.3053, "car_v_std": 19.738}, "datetime": {"datetime": "2024-08-12 01:37:53", "elapsed": 3313.362186, "delta": 6.255933}}
{"target": -0.5031835552403779, "params": {"bus_acc": 2.3336, "bus_dcc": 1.4798, "bus_lcAssertive": 77.9245, "bus_lcCooperative": 0.5461, "bus_lcLookaheadLeft": 55.8134, "bus_lcPushy": 0.5601, "bus_lcSigma": 0.9137, "bus_lcSpeedGainRight": 2.982, "bus_lcSublane": 0.1847, "bus_sigma": 0.155, "bus_tau_mean": 0.9547, "bus_tau_std": 8.3387, "bus_v_mean": 22.0088, "bus_v_std": 1.7731, "car_acc": 0.5557, "car_dcc": 0.5013, "car_lcAssertive": 96.4388, "car_lcCooperative": 0.5689, "car_lcLookaheadLeft": 10.6812, "car_lcPushy": 0.8461, "car_lcSigma": 0.1047, "car_lcSpeedGainRight": 1.2612, "car_lcSublane": 0.9244, "car_sigma": 0.3349, "car_tau_mean": 1.1524, "car_tau_std": 8.0608, "car_v_mean": 9.9152, "car_v_std": 2.5317}, "datetime": {"datetime": "2024-08-12 01:37:59", "elapsed": 3319.805595, "delta": 6.443409}}
{"target": -0.5883861486873503, "params": {"bus_acc": 0.2109, "bus_dcc": 0.4162, "bus_lcAssertive": 30.1121, "bus_lcCooperative": 0.7301, "bus_lcLookaheadLeft": 54.3304, "bus_lcPushy": 0.112, "bus_lcSigma": 0.6741, "bus_lcSpeedGainRight": 1.9367, "bus_lcSublane": 0.2047, "bus_sigma": 0.4851, "bus_tau_mean": 3.1263, "bus_tau_std": 4.4136, "bus_v_mean": 9.3334, "bus_v_std": 11.7824, "car_acc": 3.8722, "car_dcc": 3.2971, "car_lcAssertive": 46.032, "car_lcCooperative": 0.1857, "car_lcLookaheadLeft": 72.4586, "car_lcPushy": 0.7922, "car_lcSigma": 0.3885, "car_lcSpeedGainRight": 4.3234, "car_lcSublane": 0.567, "car_sigma": 0.085, "car_tau_mean": 1.1225, "car_tau_std": 8.4232, "car_v_mean": 10.6107, "car_v_std": 11.8302}, "datetime": {"datetime": "2024-08-12 01:38:08", "elapsed": 3328.273476, "delta": 8.467881}}
{"target": -0.3442242788228867, "params": {"bus_acc": 1.3589, "bus_dcc": 0.2994, "bus_lcAssertive": 79.4566, "bus_lcCooperative": 0.6196, "bus_lcLookaheadLeft": 47.6556, "bus_lcPushy": 0.9588, "bus_lcSigma": 0.9341, "bus_lcSpeedGainRight": 0.4519, "bus_lcSublane": 0.8319, "bus_sigma": 0.8911, "bus_tau_mean": 3.4222, "bus_tau_std": 6.0673, "bus_v_mean": 18.5676, "bus_v_std": 17.5766, "car_acc": 0.2792, "car_dcc": 1.3527, "car_lcAssertive": 98.3332, "car_lcCooperative": 0.8487, "car_lcLookaheadLeft": 81.6411, "car_lcPushy": 0.3209, "car_lcSigma": 0.3071, "car_lcSpeedGainRight": 4.5616, "car_lcSublane": 0.1081, "car_sigma": 0.0331, "car_tau_mean": 2.2905, "car_tau_std": 4.3073, "car_v_mean": 10.4228, "car_v_std": 15.0724}, "datetime": {"datetime": "2024-08-12 01:38:12", "elapsed": 3333.020206, "delta": 4.74673}}
{"target": -0.40198442359300146, "params": {"bus_acc": 3.1472, "bus_dcc": 2.5877, "bus_lcAssertive": 26.569, "bus_lcCooperative": 0.3548, "bus_lcLookaheadLeft": 33.1222, "bus_lcPushy": 0.4396, "bus_lcSigma": 0.0326, "bus_lcSpeedGainRight": 0.2576, "bus_lcSublane": 0.1047, "bus_sigma": 0.7877, "bus_tau_mean": 2.996, "bus_tau_std": 7.323, "bus_v_mean": 25.4915, "bus_v_std": 13.2481, "car_acc": 0.2603, "car_dcc": 0.5172, "car_lcAssertive": 63.5939, "car_lcCooperative": 0.2169, "car_lcLookaheadLeft": 87.8307, "car_lcPushy": 0.6934, "car_lcSigma": 0.9782, "car_lcSpeedGainRight": 4.6245, "car_lcSublane": 0.3442, "car_sigma": 0.4443, "car_tau_mean": 0.8805, "car_tau_std": 6.3089, "car_v_mean": 8.9048, "car_v_std": 15.1237}, "datetime": {"datetime": "2024-08-12 01:38:21", "elapsed": 3341.732159, "delta": 8.711953}}
{"target": -0.5112031966868605, "params": {"bus_acc": 2.071, "bus_dcc": 3.2936, "bus_lcAssertive": 66.6011, "bus_lcCooperative": 0.8336, "bus_lcLookaheadLeft": 89.7286, "bus_lcPushy": 0.1984, "bus_lcSigma": 0.1309, "bus_lcSpeedGainRight": 3.6436, "bus_lcSublane": 0.8039, "bus_sigma": 0.4707, "bus_tau_mean": 2.8765, "bus_tau_std": 9.2783, "bus_v_mean": 22.5545, "bus_v_std": 3.5433, "car_acc": 1.1791, "car_dcc": 2.4294, "car_lcAssertive": 98.929, "car_lcCooperative": 0.7982, "car_lcLookaheadLeft": 17.1309, "car_lcPushy": 0.6515, "car_lcSigma": 0.0297, "car_lcSpeedGainRight": 0.5975, "car_lcSublane": 0.9769, "car_sigma": 0.727, "car_tau_mean": 3.2363, "car_tau_std": 7.377, "car_v_mean": 17.3996, "car_v_std": 10.5368}, "datetime": {"datetime": "2024-08-12 01:38:25", "elapsed": 3345.202671, "delta": 3.470512}}
{"target": -0.7153396357758438, "params": {"bus_acc": 3.2756, "bus_dcc": 0.3518, "bus_lcAssertive": 66.9595, "bus_lcCooperative": 0.6513, "bus_lcLookaheadLeft": 45.7767, "bus_lcPushy": 0.2046, "bus_lcSigma": 0.9802, "bus_lcSpeedGainRight": 0.1717, "bus_lcSublane": 0.2265, "bus_sigma": 0.3306, "bus_tau_mean": 2.3451, "bus_tau_std": 1.9194, "bus_v_mean": 12.1119, "bus_v_std": 8.243, "car_acc": 1.56, "car_dcc": 0.4566, "car_lcAssertive": 39.2034, "car_lcCooperative": 0.0845, "car_lcLookaheadLeft": 97.1352, "car_lcPushy": 0.4062, "car_lcSigma": 0.4589, "car_lcSpeedGainRight": 3.7838, "car_lcSublane": 0.0797, "car_sigma": 0.0471, "car_tau_mean": 1.7005, "car_tau_std": 7.7071, "car_v_mean": 25.6895, "car_v_std": 3.5071}, "datetime": {"datetime": "2024-08-12 01:38:28", "elapsed": 3348.385764, "delta": 3.183093}}
{"target": -0.4645645474220334, "params": {"bus_acc": 1.7995, "bus_dcc": 1.9302, "bus_lcAssertive": 73.844, "bus_lcCooperative": 0.9621, "bus_lcLookaheadLeft": 9.4394, "bus_lcPushy": 0.8466, "bus_lcSigma": 0.6162, "bus_lcSpeedGainRight": 1.4942, "bus_lcSublane": 0.2607, "bus_sigma": 0.378, "bus_tau_mean": 3.7159, "bus_tau_std": 3.64, "bus_v_mean": 23.1104, "bus_v_std": 7.1769, "car_acc": 1.7839, "car_dcc": 3.0545, "car_lcAssertive": 65.3463, "car_lcCooperative": 0.2837, "car_lcLookaheadLeft": 23.7435, "car_lcPushy": 0.1628, "car_lcSigma": 0.9462, "car_lcSpeedGainRight": 3.462, "car_lcSublane": 0.8397, "car_sigma": 0.9398, "car_tau_mean": 3.9706, "car_tau_std": 1.8759, "car_v_mean": 16.3697, "car_v_std": 12.5961}, "datetime": {"datetime": "2024-08-12 01:38:32", "elapsed": 3352.91663, "delta": 4.530866}}
{"target": -0.6463589699756112, "params": {"bus_acc": 3.3101, "bus_dcc": 2.0237, "bus_lcAssertive": 60.6829, "bus_lcCooperative": 0.1126, "bus_lcLookaheadLeft": 99.5502, "bus_lcPushy": 0.8604, "bus_lcSigma": 0.0225, "bus_lcSpeedGainRight": 3.8029, "bus_lcSublane": 0.1494, "bus_sigma": 0.4578, "bus_tau_mean": 3.1006, "bus_tau_std": 6.2565, "bus_v_mean": 18.5074, "bus_v_std": 3.9782, "car_acc": 3.037, "car_dcc": 0.686, "car_lcAssertive": 41.0085, "car_lcCooperative": 0.0518, "car_lcLookaheadLeft": 36.1726, "car_lcPushy": 0.7795, "car_lcSigma": 0.624, "car_lcSpeedGainRight": 3.0762, "car_lcSublane": 0.1878, "car_sigma": 0.7468, "car_tau_mean": 3.2308, "car_tau_std": 7.0823, "car_v_mean": 17.5473, "car_v_std": 17.4539}, "datetime": {"datetime": "2024-08-12 01:38:38", "elapsed": 3358.703365, "delta": 5.786735}}
{"target": -0.6466675522500976, "params": {"bus_acc": 2.3706, "bus_dcc": 0.3885, "bus_lcAssertive": 45.6288, "bus_lcCooperative": 0.9755, "bus_lcLookaheadLeft": 27.3597, "bus_lcPushy": 0.1185, "bus_lcSigma": 0.8892, "bus_lcSpeedGainRight": 2.4521, "bus_lcSublane": 0.3701, "bus_sigma": 0.1533, "bus_tau_mean": 1.2299, "bus_tau_std": 0.3785, "bus_v_mean": 24.5835, "bus_v_std": 9.3136, "car_acc": 3.2077, "car_dcc": 2.1997, "car_lcAssertive": 88.874, "car_lcCooperative": 0.8761, "car_lcLookaheadLeft": 53.2422, "car_lcPushy": 0.7433, "car_lcSigma": 0.0578, "car_lcSpeedGainRight": 0.8018, "car_lcSublane": 0.3611, "car_sigma": 0.1163, "car_tau_mean": 0.9962, "car_tau_std": 6.6674, "car_v_mean": 22.3664, "car_v_std": 12.6684}, "datetime": {"datetime": "2024-08-12 01:38:42", "elapsed": 3362.345298, "delta": 3.641933}}
{"target": -0.5086117208611693, "params": {"bus_acc": 3.3887, "bus_dcc": 1.1963, "bus_lcAssertive": 13.1322, "bus_lcCooperative": 0.7069, "bus_lcLookaheadLeft": 72.6805, "bus_lcPushy": 0.7815, "bus_lcSigma": 0.4594, "bus_lcSpeedGainRight": 1.0344, "bus_lcSublane": 0.7857, "bus_sigma": 0.6013, "bus_tau_mean": 2.4698, "bus_tau_std": 2.2843, "bus_v_mean": 24.823, "bus_v_std": 14.4493, "car_acc": 1.3042, "car_dcc": 3.2165, "car_lcAssertive": 51.9641, "car_lcCooperative": 0.1978, "car_lcLookaheadLeft": 11.1793, "car_lcPushy": 0.4702, "car_lcSigma": 0.4445, "car_lcSpeedGainRight": 1.0959, "car_lcSublane": 0.1281, "car_sigma": 0.5968, "car_tau_mean": 3.4199, "car_tau_std": 1.6139, "car_v_mean": 25.795, "car_v_std": 1.9639}, "datetime": {"datetime": "2024-08-12 01:38:45", "elapsed": 3365.889277, "delta": 3.543979}}
{"target": -0.8780153773524267, "params": {"bus_acc": 2.9716, "bus_dcc": 1.3649, "bus_lcAssertive": 93.4069, "bus_lcCooperative": 0.3263, "bus_lcLookaheadLeft": 52.7127, "bus_lcPushy": 0.5399, "bus_lcSigma": 0.7238, "bus_lcSpeedGainRight": 2.8809, "bus_lcSublane": 0.5143, "bus_sigma": 0.9733, "bus_tau_mean": 3.7341, "bus_tau_std": 1.9444, "bus_v_mean": 18.6376, "bus_v_std": 6.2949, "car_acc": 3.0206, "car_dcc": 1.1073, "car_lcAssertive": 18.5821, "car_lcCooperative": 0.4049, "car_lcLookaheadLeft": 52.7153, "car_lcPushy": 0.0062, "car_lcSigma": 0.0811, "car_lcSpeedGainRight": 0.0735, "car_lcSublane": 0.7386, "car_sigma": 0.7746, "car_tau_mean": 1.5148, "car_tau_std": 5.5202, "car_v_mean": 8.635, "car_v_std": 4.5901}, "datetime": {"datetime": "2024-08-12 01:38:51", "elapsed": 3371.649723, "delta": 5.760446}}
{"target": -0.4193442663515452, "params": {"bus_acc": 1.2538, "bus_dcc": 2.2729, "bus_lcAssertive": 61.2751, "bus_lcCooperative": 0.0915, "bus_lcLookaheadLeft": 20.9646, "bus_lcPushy": 0.0264, "bus_lcSigma": 0.8327, "bus_lcSpeedGainRight": 3.5152, "bus_lcSublane": 0.4592, "bus_sigma": 0.8292, "bus_tau_mean": 2.361, "bus_tau_std": 0.5496, "bus_v_mean": 20.5899, "bus_v_std": 5.5863, "car_acc": 0.9808, "car_dcc": 2.2787, "car_lcAssertive": 24.5216, "car_lcCooperative": 0.7432, "car_lcLookaheadLeft": 38.363, "car_lcPushy": 0.2774, "car_lcSigma": 0.469, "car_lcSpeedGainRight": 2.8141, "car_lcSublane": 0.9536, "car_sigma": 0.7062, "car_tau_mean": 3.884, "car_tau_std": 1.8968, "car_v_mean": 17.872, "car_v_std": 7.5935}, "datetime": {"datetime": "2024-08-12 01:38:57", "elapsed": 3377.454566, "delta": 5.804843}}
{"target": -0.7316365056458656, "params": {"bus_acc": 3.5947, "bus_dcc": 3.7953, "bus_lcAssertive": 62.1263, "bus_lcCooperative": 0.8065, "bus_lcLookaheadLeft": 67.2777, "bus_lcPushy": 0.7358, "bus_lcSigma": 0.3966, "bus_lcSpeedGainRight": 3.6507, "bus_lcSublane": 0.9254, "bus_sigma": 0.5575, "bus_tau_mean": 3.8219, "bus_tau_std": 1.4003, "bus_v_mean": 13.3657, "bus_v_std": 9.9978, "car_acc": 3.91, "car_dcc": 2.7545, "car_lcAssertive": 12.7644, "car_lcCooperative": 0.3154, "car_lcLookaheadLeft": 64.9484, "car_lcPushy": 0.5316, "car_lcSigma": 0.2539, "car_lcSpeedGainRight": 2.6312, "car_lcSublane": 0.2459, "car_sigma": 0.1587, "car_tau_mean": 3.9492, "car_tau_std": 2.2017, "car_v_mean": 9.979, "car_v_std": 14.8305}, "datetime": {"datetime": "2024-08-12 01:39:02", "elapsed": 3382.512686, "delta": 5.05812}}
{"target": -0.6262413950066555, "params": {"bus_acc": 3.823, "bus_dcc": 1.5218, "bus_lcAssertive": 54.9265, "bus_lcCooperative": 0.5627, "bus_lcLookaheadLeft": 91.5959, "bus_lcPushy": 0.2255, "bus_lcSigma": 0.7506, "bus_lcSpeedGainRight": 4.0285, "bus_lcSublane": 0.6872, "bus_sigma": 0.327, "bus_tau_mean": 3.1151, "bus_tau_std": 9.6345, "bus_v_mean": 22.0211, "bus_v_std": 6.5748, "car_acc": 1.9006, "car_dcc": 3.0726, "car_lcAssertive": 26.5002, "car_lcCooperative": 0.1345, "car_lcLookaheadLeft": 32.8411, "car_lcPushy": 0.4389, "car_lcSigma": 0.0302, "car_lcSpeedGainRight": 3.4519, "car_lcSublane": 0.9898, "car_sigma": 0.2533, "car_tau_mean": 2.3878, "car_tau_std": 5.7211, "car_v_mean": 21.5563, "car_v_std": 2.0145}, "datetime": {"datetime": "2024-08-12 01:39:08", "elapsed": 3388.185051, "delta": 5.672365}}
{"target": -0.6380546140770456, "params": {"bus_acc": 0.9689, "bus_dcc": 3.3784, "bus_lcAssertive": 12.5898, "bus_lcCooperative": 0.7616, "bus_lcLookaheadLeft": 20.8101, "bus_lcPushy": 0.3399, "bus_lcSigma": 0.6385, "bus_lcSpeedGainRight": 1.9568, "bus_lcSublane": 0.3566, "bus_sigma": 0.7387, "bus_tau_mean": 1.3778, "bus_tau_std": 9.5035, "bus_v_mean": 19.8117, "bus_v_std": 10.8277, "car_acc": 1.0074, "car_dcc": 2.1068, "car_lcAssertive": 93.2526, "car_lcCooperative": 0.5347, "car_lcLookaheadLeft": 57.9743, "car_lcPushy": 0.0565, "car_lcSigma": 0.8329, "car_lcSpeedGainRight": 2.0821, "car_lcSublane": 0.4849, "car_sigma": 0.3848, "car_tau_mean": 3.1704, "car_tau_std": 1.2732, "car_v_mean": 15.022, "car_v_std": 13.5078}, "datetime": {"datetime": "2024-08-12 01:39:12", "elapsed": 3392.549295, "delta": 4.364244}}
{"target": -0.6556235627286635, "params": {"bus_acc": 3.9623, "bus_dcc": 1.4938, "bus_lcAssertive": 35.3486, "bus_lcCooperative": 0.964, "bus_lcLookaheadLeft": 11.3527, "bus_lcPushy": 0.8282, "bus_lcSigma": 0.2855, "bus_lcSpeedGainRight": 0.8706, "bus_lcSublane": 0.8346, "bus_sigma": 0.4995, "bus_tau_mean": 2.7317, "bus_tau_std": 9.7959, "bus_v_mean": 11.7825, "bus_v_std": 3.405, "car_acc": 2.2914, "car_dcc": 3.1614, "car_lcAssertive": 51.7883, "car_lcCooperative": 0.6249, "car_lcLookaheadLeft": 17.4519, "car_lcPushy": 0.8785, "car_lcSigma": 0.8416, "car_lcSpeedGainRight": 2.0268, "car_lcSublane": 0.936, "car_sigma": 0.7492, "car_tau_mean": 2.8851, "car_tau_std": 3.8369, "car_v_mean": 23.0119, "car_v_std": 19.142}, "datetime": {"datetime": "2024-08-12 01:39:15", "elapsed": 3395.672386, "delta": 3.123091}}
{"target": -0.47762811847368775, "params": {"bus_acc": 2.9677, "bus_dcc": 0.5103, "bus_lcAssertive": 79.6474, "bus_lcCooperative": 0.3431, "bus_lcLookaheadLeft": 46.7771, "bus_lcPushy": 0.6789, "bus_lcSigma": 0.2968, "bus_lcSpeedGainRight": 1.6034, "bus_lcSublane": 0.8561, "bus_sigma": 0.9447, "bus_tau_mean": 1.5195, "bus_tau_std": 3.9306, "bus_v_mean": 22.2107, "bus_v_std": 7.1134, "car_acc": 0.9859, "car_dcc": 3.8873, "car_lcAssertive": 43.5487, "car_lcCooperative": 0.047, "car_lcLookaheadLeft": 75.2691, "car_lcPushy": 0.3247, "car_lcSigma": 0.5384, "car_lcSpeedGainRight": 2.9933, "car_lcSublane": 0.2879, "car_sigma": 0.4239, "car_tau_mean": 2.3043, "car_tau_std": 8.524, "car_v_mean": 18.4515, "car_v_std": 19.3319}, "datetime": {"datetime": "2024-08-12 01:39:18", "elapsed": 3398.387662, "delta": 2.715276}}
{"target": -0.8598212645449749, "params": {"bus_acc": 0.976, "bus_dcc": 0.2411, "bus_lcAssertive": 16.1729, "bus_lcCooperative": 0.126, "bus_lcLookaheadLeft": 68.3702, "bus_lcPushy": 0.3482, "bus_lcSigma": 0.929, "bus_lcSpeedGainRight": 3.9755, "bus_lcSublane": 0.8232, "bus_sigma": 0.8163, "bus_tau_mean": 3.1453, "bus_tau_std": 8.8254, "bus_v_mean": 9.8252, "bus_v_std": 8.4717, "car_acc": 1.0127, "car_dcc": 0.3575, "car_lcAssertive": 35.7833, "car_lcCooperative": 0.9318, "car_lcLookaheadLeft": 34.4763, "car_lcPushy": 0.0932, "car_lcSigma": 0.7148, "car_lcSpeedGainRight": 0.5478, "car_lcSublane": 0.5475, "car_sigma": 0.0068, "car_tau_mean": 3.1935, "car_tau_std": 8.8817, "car_v_mean": 19.034, "car_v_std": 3.0494}, "datetime": {"datetime": "2024-08-12 01:39:25", "elapsed": 3405.228085, "delta": 6.840423}}
{"target": -0.5583674543828469, "params": {"bus_acc": 2.5288, "bus_dcc": 1.3959, "bus_lcAssertive": 97.4228, "bus_lcCooperative": 0.0949, "bus_lcLookaheadLeft": 17.6273, "bus_lcPushy": 0.5358, "bus_lcSigma": 0.6921, "bus_lcSpeedGainRight": 2.2119, "bus_lcSublane": 0.6642, "bus_sigma": 0.707, "bus_tau_mean": 3.2098, "bus_tau_std": 0.8094, "bus_v_mean": 9.4377, "bus_v_std": 18.6455, "car_acc": 0.9404, "car_dcc": 3.9691, "car_lcAssertive": 28.9645, "car_lcCooperative": 0.6919, "car_lcLookaheadLeft": 63.1461, "car_lcPushy": 0.5741, "car_lcSigma": 0.8909, "car_lcSpeedGainRight": 4.6169, "car_lcSublane": 0.8036, "car_sigma": 0.5561, "car_tau_mean": 0.5723, "car_tau_std": 5.1698, "car_v_mean": 14.4309, "car_v_std": 1.5688}, "datetime": {"datetime": "2024-08-12 01:39:30", "elapsed": 3411.031471, "delta": 5.803386}}
