{"target": -0.6416706192311042, "params": {"bus_acc": 1.1850288774728006, "bus_dcc": 1.4419566024922255, "bus_lcAssertive": 25.696758463437387, "bus_lcCooperative": 0.21926791032506077, "bus_lcLookaheadLeft": 80.3667620774342, "bus_lcPushy": 0.5023950058982584, "bus_lcSigma": 0.08318988869699773, "bus_lcSpeedGainRight": 3.8849209601369017, "bus_lcSublane": 0.5336490760837309, "bus_sigma": 0.739387787346382, "bus_tau_mean": 2.303877926000925, "bus_tau_std": 3.9994592398513173, "bus_v_mean": 25.75244208385331, "bus_v_std": 0.5648524032582536, "car_acc": 3.7445028502664615, "car_dcc": 3.7372488774878785, "car_lcAssertive": 39.70095243864435, "car_lcCooperative": 0.2144648711333198, "car_lcLookaheadLeft": 62.68290319745742, "car_lcPushy": 0.17797233547016944, "car_lcSigma": 0.8032081943280084, "car_lcSpeedGainRight": 1.2696692793886761, "car_lcSublane": 0.2908061550326779, "car_sigma": 0.915915790009957, "car_tau_mean": 3.6602089171604315, "car_tau_std": 5.3538089173052175, "car_v_mean": 23.53110165041508, "car_v_std": 7.050651376101236}, "datetime": {"datetime": "2024-08-12 00:42:39", "elapsed": 0.0, "delta": 0.0}}
{"target": -0.511199799585769, "params": {"bus_acc": 0.2870774990250507, "bus_dcc": 2.17251282440556, "bus_lcAssertive": 81.18888235557921, "bus_lcCooperative": 0.012603767029876312, "bus_lcLookaheadLeft": 67.90204477606592, "bus_lcPushy": 0.6868082266569918, "bus_lcSigma": 0.44924675358663757, "bus_lcSpeedGainRight": 4.573943433709672, "bus_lcSublane": 0.6443610847569929, "bus_sigma": 0.005239837651465851, "bus_tau_mean": 2.1954995593003144, "bus_tau_std": 8.593178060976, "bus_v_mean": 22.94719226067211, "bus_v_std": 12.983083942249557, "car_acc": 2.7600540108148004, "car_dcc": 2.3982984031989623, "car_lcAssertive": 28.137857741518363, "car_lcCooperative": 0.5605299905360588, "car_lcLookaheadLeft": 67.82951891210719, "car_lcPushy": 0.35242963021640883, "car_lcSigma": 0.8558283672539277, "car_lcSpeedGainRight": 0.9751874300435365, "car_lcSublane": 0.7473208103319232, "car_sigma": 0.2896027461868774, "car_tau_mean": 3.208297505354637, "car_tau_std": 4.277373293360762, "car_v_mean": 22.53857136401977, "car_v_std": 7.070697253359808}, "datetime": {"datetime": "2024-08-12 00:42:43", "elapsed": 3.682356, "delta": 3.682356}}
{"target": -0.5717939815541692, "params": {"bus_acc": 0.7257478212131967, "bus_dcc": 1.3025489597972582, "bus_lcAssertive": 61.77323788438401, "bus_lcCooperative": 0.3241385298974466, "bus_lcLookaheadLeft": 46.82129780571785, "bus_lcPushy": 0.44411710701661444, "bus_lcSigma": 0.8281353607315121, "bus_lcSpeedGainRight": 2.1317407711811533, "bus_lcSublane": 0.3456988211755023, "bus_sigma": 0.6749716048091052, "bus_tau_mean": 1.2751871950673506, "bus_tau_std": 4.672458239265538, "bus_v_mean": 13.665782371832297, "bus_v_std": 12.537112043256693, "car_acc": 3.533969803840288, "car_dcc": 1.9012182005533882, "car_lcAssertive": 78.66128446040038, "car_lcCooperative": 0.4569657005615504, "car_lcLookaheadLeft": 66.31047450827887, "car_lcPushy": 0.13184097502750214, "car_lcSigma": 0.43298150696764814, "car_lcSpeedGainRight": 4.5465599432746835, "car_lcSublane": 0.6054790010309347, "car_sigma": 0.7667745872371021, "car_tau_mean": 2.2664521283356303, "car_tau_std": 4.980556248280075, "car_v_mean": 23.1721971234713, "car_v_std": 1.356138686819075}, "datetime": {"datetime": "2024-08-12 00:42:43", "elapsed": 3.91336, "delta": 0.231004}}
{"target": -0.4778473184360574, "params": {"bus_acc": 1.509999280196515, "bus_dcc": 3.7724084328667953, "bus_lcAssertive": 58.61940381476092, "bus_lcCooperative": 0.8788319844118441, "bus_lcLookaheadLeft": 84.78397564843775, "bus_lcPushy": 0.9053923187086492, "bus_lcSigma": 0.45988026581680697, "bus_lcSpeedGainRight": 2.7317340801018664, "bus_lcSublane": 0.7986035911520394, "bus_sigma": 0.28571885173414757, "bus_tau_mean": 2.215887329169747, "bus_tau_std": 5.991103076458783, "bus_v_mean": 8.279598959915043, "bus_v_std": 11.869628163932743, "car_acc": 1.8479701261599413, "car_dcc": 3.2679700097623976, "car_lcAssertive": 32.20923550644192, "car_lcCooperative": 0.8928887085251513, "car_lcLookaheadLeft": 58.63000709788448, "car_lcPushy": 0.18401020162746506, "car_lcSigma": 0.7879292338255043, "car_lcSpeedGainRight": 3.0601558852246695, "car_lcSublane": 0.053909272073752956, "car_sigma": 0.4201936800011322, "car_tau_mean": 2.8767409279790037, "car_tau_std": 9.18601777977526, "car_v_mean": 8.007236448044434, "car_v_std": 19.535182980621194}, "datetime": {"datetime": "2024-08-12 00:42:48", "elapsed": 8.726809, "delta": 4.813449}}
{"target": -0.5006597096007196, "params": {"bus_acc": 1.7151190657902318, "bus_dcc": 3.8731274720401396, "bus_lcAssertive": 16.253838011403385, "bus_lcCooperative": 0.8950868086486484, "bus_lcLookaheadLeft": 32.479280652714465, "bus_lcPushy": 0.548489089666104, "bus_lcSigma": 0.6820662584328149, "bus_lcSpeedGainRight": 1.1823482566307768, "bus_lcSublane": 0.16773668505027162, "bus_sigma": 0.508482013429616, "bus_tau_mean": 3.2715235645463507, "bus_tau_std": 6.924144621670756, "bus_v_mean": 10.141520069114268, "bus_v_std": 18.01484430143466, "car_acc": 2.023002754786789, "car_dcc": 3.797371381110661, "car_lcAssertive": 55.789936918578306, "car_lcCooperative": 0.08480182166035288, "car_lcLookaheadLeft": 21.84137749610449, "car_lcPushy": 0.8542379729163827, "car_lcSigma": 0.7059273667647191, "car_lcSpeedGainRight": 4.474697600764621, "car_lcSublane": 0.32914600179429976, "car_sigma": 0.5280013966376261, "car_tau_mean": 2.7763934636944194, "car_tau_std": 5.9429085358666445, "car_v_mean": 12.16633283961646, "car_v_std": 8.536426988964712}, "datetime": {"datetime": "2024-08-12 00:42:51", "elapsed": 11.557945, "delta": 2.831136}}
{"target": -0.5570387522434256, "params": {"bus_acc": 2.451545101310028, "bus_dcc": 1.3866253832672844, "bus_lcAssertive": 91.71424979336672, "bus_lcCooperative": 0.9096355249515571, "bus_lcLookaheadLeft": 27.19759279065523, "bus_lcPushy": 0.1108913007440292, "bus_lcSigma": 0.19296273201911285, "bus_lcSpeedGainRight": 2.4979208533944304, "bus_lcSublane": 0.7285856679745962, "bus_sigma": 0.20819443840879148, "bus_tau_mean": 1.3681174543203076, "bus_tau_std": 8.516718749363669, "bus_v_mean": 15.485276928815491, "bus_v_std": 12.333701343104725, "car_acc": 1.0879313291091501, "car_dcc": 0.5874755858180303, "car_lcAssertive": 52.069844679884454, "car_lcCooperative": 0.47714098704978236, "car_lcLookaheadLeft": 16.96182112113, "car_lcPushy": 0.6218062317404155, "car_lcSigma": 0.5440101188139381, "car_lcSpeedGainRight": 3.2706867348537214, "car_lcSublane": 0.1445455401246598, "car_sigma": 0.7515278171352439, "car_tau_mean": 1.2771719892997293, "car_tau_std": 5.19351824366033, "car_v_mean": 22.13532850798914, "car_v_std": 0.4466085598361236}, "datetime": {"datetime": "2024-08-12 00:42:53", "elapsed": 13.286383, "delta": 1.728438}}
{"target": -0.5032477055104043, "params": {"bus_acc": 1.9978254209663382, "bus_dcc": 0.6770638172731498, "bus_lcAssertive": 77.51567461454466, "bus_lcCooperative": 0.8414221567958434, "bus_lcLookaheadLeft": 6.242511942243542, "bus_lcPushy": 0.48644074317039476, "bus_lcSigma": 0.23941104413775594, "bus_lcSpeedGainRight": 4.762368908466296, "bus_lcSublane": 0.9438926277837961, "bus_sigma": 0.6139340023847009, "bus_tau_mean": 3.907205890638187, "bus_tau_std": 3.4486134371625097, "bus_v_mean": 24.16131291801827, "bus_v_std": 8.69189946817019, "car_acc": 1.0960956211605521, "car_dcc": 3.7751462601653176, "car_lcAssertive": 68.73758704733953, "car_lcCooperative": 0.06491158533912933, "car_lcLookaheadLeft": 87.30163596866048, "car_lcPushy": 0.7013802946333463, "car_lcSigma": 0.6049268729742817, "car_lcSpeedGainRight": 3.6618744958966527, "car_lcSublane": 0.2534390424997808, "car_sigma": 0.6004889552745444, "car_tau_mean": 3.351167134415794, "car_tau_std": 0.5411366032399989, "car_v_mean": 10.349192084106788, "car_v_std": 16.848916199128272}, "datetime": {"datetime": "2024-08-12 00:42:53", "elapsed": 14.05391, "delta": 0.767527}}
{"target": -0.30919202396178497, "params": {"bus_acc": 1.225725988707099, "bus_dcc": 3.604367629145054, "bus_lcAssertive": 43.3810277972582, "bus_lcCooperative": 0.9648400471483856, "bus_lcLookaheadLeft": 67.01726678620791, "bus_lcPushy": 0.6216957202091218, "bus_lcSigma": 0.11474597295337519, "bus_lcSpeedGainRight": 4.747446293535356, "bus_lcSublane": 0.4499121334799405, "bus_sigma": 0.5783896143871318, "bus_tau_mean": 1.928478809664484, "bus_tau_std": 2.3702698024302773, "bus_v_mean": 24.260831370120567, "bus_v_std": 11.473589733445717, "car_acc": 0.2109072427184041, "car_dcc": 2.545150671758751, "car_lcAssertive": 33.337845275437516, "car_lcCooperative": 0.5270581022576093, "car_lcLookaheadLeft": 88.8223257324559, "car_lcPushy": 0.35726976000249977, "car_lcSigma": 0.9085351509197992, "car_lcSpeedGainRight": 3.1168005789590136, "car_lcSublane": 0.015821242846556283, "car_sigma": 0.9294372337437613, "car_tau_mean": 2.9181392113092337, "car_tau_std": 9.973228504514806, "car_v_mean": 11.102129150215914, "car_v_std": 2.742714992577555}, "datetime": {"datetime": "2024-08-12 00:42:55", "elapsed": 15.862934, "delta": 1.809024}}
{"target": -0.7595555320685555, "params": {"bus_acc": 2.5040519542826556, "bus_dcc": 2.361635460928629, "bus_lcAssertive": 32.41887852289392, "bus_lcCooperative": 0.9886161544124489, "bus_lcLookaheadLeft": 58.815031486088095, "bus_lcPushy": 0.3801411726235504, "bus_lcSigma": 0.5509482191178968, "bus_lcSpeedGainRight": 3.7266721545325106, "bus_lcSublane": 0.6692328934531846, "bus_sigma": 0.2649195576628094, "bus_tau_mean": 0.7321719204995455, "bus_tau_std": 3.700841979141063, "bus_v_mean": 19.33491512638816, "bus_v_std": 4.203480198296791, "car_acc": 3.0604711042074926, "car_dcc": 0.4528386291456368, "car_lcAssertive": 26.771194759275556, "car_lcCooperative": 0.8047545637433454, "car_lcLookaheadLeft": 20.956559697086117, "car_lcPushy": 0.6394608808799401, "car_lcSigma": 0.5246703091237337, "car_lcSpeedGainRight": 4.624039851996754, "car_lcSublane": 0.263296770487111, "car_sigma": 0.06596109068402378, "car_tau_mean": 3.072730871510343, "car_tau_std": 7.721780295432468, "car_v_mean": 24.340685345063434, "car_v_std": 18.639441383936745}, "datetime": {"datetime": "2024-08-12 00:42:56", "elapsed": 16.474685, "delta": 0.611751}}
{"target": -0.44956138853220695, "params": {"bus_acc": 2.8206297165023195, "bus_dcc": 2.4755193843690035, "bus_lcAssertive": 74.9190897401775, "bus_lcCooperative": 0.5419710617714415, "bus_lcLookaheadLeft": 70.65224111671125, "bus_lcPushy": 0.9305598192498451, "bus_lcSigma": 0.8626166945052219, "bus_lcSpeedGainRight": 0.8372092875326065, "bus_lcSublane": 0.2631390239238742, "bus_sigma": 0.07161027944180454, "bus_tau_mean": 3.9253548180542146, "bus_tau_std": 2.3638409866037557, "bus_v_mean": 19.89077040671478, "bus_v_std": 1.79261397854924, "car_acc": 1.0009295799306712, "car_dcc": 2.110732657369937, "car_lcAssertive": 11.390413164662874, "car_lcCooperative": 0.38887340269472437, "car_lcLookaheadLeft": 54.722796573688726, "car_lcPushy": 0.33920418488509996, "car_lcSigma": 0.5559002111265755, "car_lcSpeedGainRight": 2.6838416097123203, "car_lcSublane": 0.3906104987369058, "car_sigma": 0.6962700831011029, "car_tau_mean": 2.874688588992734, "car_tau_std": 6.873031493743898, "car_v_mean": 18.106842658388736, "car_v_std": 7.161598280258716}, "datetime": {"datetime": "2024-08-12 00:42:56", "elapsed": 17.078147, "delta": 0.603462}}
{"target": -0.6933314004362492, "params": {"bus_acc": 1.7322377940022269, "bus_dcc": 3.083238337884879, "bus_lcAssertive": 71.97597116755452, "bus_lcCooperative": 0.9873261748084265, "bus_lcLookaheadLeft": 29.252334764072312, "bus_lcPushy": 0.0037936724093425855, "bus_lcSigma": 0.9339026083148878, "bus_lcSpeedGainRight": 4.2894855226894695, "bus_lcSublane": 0.7288508775192559, "bus_sigma": 0.5166887829215384, "bus_tau_mean": 2.9743468583706636, "bus_tau_std": 7.805295568767427, "bus_v_mean": 14.74776698366347, "bus_v_std": 15.406450506599151, "car_acc": 3.052372412865666, "car_dcc": 2.530202603868187, "car_lcAssertive": 40.7847264728159, "car_lcCooperative": 0.6973080192643409, "car_lcLookaheadLeft": 2.305060066868826, "car_lcPushy": 0.7748966467245978, "car_lcSigma": 0.896416602456847, "car_lcSpeedGainRight": 1.196578537187523, "car_lcSublane": 0.12076718430922972, "car_sigma": 0.2202839877937276, "car_tau_mean": 1.557338559515344, "car_tau_std": 8.830285085638343, "car_v_mean": 17.7769957442857, "car_v_std": 5.734232992128612}, "datetime": {"datetime": "2024-08-12 00:42:57", "elapsed": 17.67564, "delta": 0.597493}}
{"target": -0.5588768036460111, "params": {"bus_acc": 0.22234772948958728, "bus_dcc": 2.9927796709990537, "bus_lcAssertive": 44.90688034848957, "bus_lcCooperative": 0.6978416560498484, "bus_lcLookaheadLeft": 20.134248264423647, "bus_lcPushy": 0.06261980198391548, "bus_lcSigma": 0.3781085867830213, "bus_lcSpeedGainRight": 3.47998255222747, "bus_lcSublane": 0.10281836745431583, "bus_sigma": 0.19583423367499242, "bus_tau_mean": 2.0888342764228196, "bus_tau_std": 6.211491896936461, "bus_v_mean": 21.50223646524173, "bus_v_std": 2.194700425713132, "car_acc": 2.5735697071914365, "car_dcc": 1.671969984149027, "car_lcAssertive": 67.3389465060329, "car_lcCooperative": 0.2035603776619016, "car_lcLookaheadLeft": 53.73604215801165, "car_lcPushy": 0.1721625549559327, "car_lcSigma": 0.018681005996375344, "car_lcSpeedGainRight": 2.4347512321197855, "car_lcSublane": 0.18417777656089307, "car_sigma": 0.6383433300033875, "car_tau_mean": 2.3780118676915154, "car_tau_std": 7.7494537999774575, "car_v_mean": 15.073278247415658, "car_v_std": 19.78904261672506}, "datetime": {"datetime": "2024-08-12 00:43:03", "elapsed": 23.716818, "delta": 6.041178}}
{"target": -0.7674192142031796, "params": {"bus_acc": 0.46948992178747145, "bus_dcc": 0.7798951507606331, "bus_lcAssertive": 2.6410124071924805, "bus_lcCooperative": 0.11379635644740682, "bus_lcLookaheadLeft": 65.87534904898885, "bus_lcPushy": 0.4026568521749192, "bus_lcSigma": 0.32102631416731586, "bus_lcSpeedGainRight": 2.7895599712188623, "bus_lcSublane": 0.9934604630998499, "bus_sigma": 0.8344865140180296, "bus_tau_mean": 2.9486811383985434, "bus_tau_std": 9.18258589132058, "bus_v_mean": 8.715116720295526, "bus_v_std": 1.4066688323105048, "car_acc": 2.0012239019546074, "car_dcc": 1.5268361692368937, "car_lcAssertive": 93.78795415071644, "car_lcCooperative": 0.48956496114516856, "car_lcLookaheadLeft": 54.88561278914836, "car_lcPushy": 0.8952603657312208, "car_lcSigma": 0.4466350458236905, "car_lcSpeedGainRight": 4.385171946351759, "car_lcSublane": 0.25358174937162836, "car_sigma": 0.27380970415810857, "car_tau_mean": 1.6492648653065656, "car_tau_std": 5.475642704809535, "car_v_mean": 11.962316132485661, "car_v_std": 13.428583421625467}, "datetime": {"datetime": "2024-08-12 00:43:04", "elapsed": 24.241911, "delta": 0.525093}}
{"target": -0.559375399485052, "params": {"bus_acc": 3.991960257254629, "bus_dcc": 1.8480210097389125, "bus_lcAssertive": 30.18638916805104, "bus_lcCooperative": 0.04157423394916726, "bus_lcLookaheadLeft": 98.99128147110069, "bus_lcPushy": 0.4648876309118224, "bus_lcSigma": 0.7345850140503707, "bus_lcSpeedGainRight": 3.2040381202293733, "bus_lcSublane": 0.7230933996660097, "bus_sigma": 0.05111090382611627, "bus_tau_mean": 3.720158918933998, "bus_tau_std": 9.268412179022414, "bus_v_mean": 17.935910488775548, "bus_v_std": 19.278317773691022, "car_acc": 1.2676310405633961, "car_dcc": 2.488157183118872, "car_lcAssertive": 40.24980631520977, "car_lcCooperative": 0.6280232317552282, "car_lcLookaheadLeft": 31.461964275327315, "car_lcPushy": 0.8193583846560202, "car_lcSigma": 0.06978597850420853, "car_lcSpeedGainRight": 0.2093878514999814, "car_lcSublane": 0.049396384633314305, "car_sigma": 0.15045502836766345, "car_tau_mean": 1.8837266582814163, "car_tau_std": 9.553899892571746, "car_v_mean": 9.994317914527212, "car_v_std": 12.951059716328544}, "datetime": {"datetime": "2024-08-12 00:43:04", "elapsed": 24.901335, "delta": 0.659424}}
{"target": -0.43035157913977384, "params": {"bus_acc": 2.871140582034611, "bus_dcc": 0.9027530850189263, "bus_lcAssertive": 57.00748251629707, "bus_lcCooperative": 0.9088080323000569, "bus_lcLookaheadLeft": 16.767619240330575, "bus_lcPushy": 0.8455176755307064, "bus_lcSigma": 0.8202024663153499, "bus_lcSpeedGainRight": 2.4967055064891723, "bus_lcSublane": 0.0375838514857032, "bus_sigma": 0.14750250539693543, "bus_tau_mean": 3.7292354314103493, "bus_tau_std": 0.44154796031862453, "bus_v_mean": 14.704977795296472, "bus_v_std": 12.380792694509417, "car_acc": 0.9484025478732634, "car_dcc": 3.92810307751313, "car_lcAssertive": 16.44154807129882, "car_lcCooperative": 0.5396791951612744, "car_lcLookaheadLeft": 62.565109785971174, "car_lcPushy": 0.2309899486697039, "car_lcSigma": 0.4663089892093414, "car_lcSpeedGainRight": 2.4550426456646464, "car_lcSublane": 0.766862376326542, "car_sigma": 0.6342807527738734, "car_tau_mean": 2.1364251857286884, "car_tau_std": 6.669425431939752, "car_v_mean": 16.16079367739957, "car_v_std": 10.514231826828194}, "datetime": {"datetime": "2024-08-12 00:43:05", "elapsed": 25.377943, "delta": 0.476608}}
{"target": -0.6507205302521734, "params": {"bus_acc": 1.4554886361744703, "bus_dcc": 3.405277679041891, "bus_lcAssertive": 43.41580511915627, "bus_lcCooperative": 0.8646861447635343, "bus_lcLookaheadLeft": 66.39241161304318, "bus_lcPushy": 0.5810356574180902, "bus_lcSigma": 0.200727488035091, "bus_lcSpeedGainRight": 2.6477330523919744, "bus_lcSublane": 0.8944324184275724, "bus_sigma": 0.30499397583521604, "bus_tau_mean": 3.548309632063687, "bus_tau_std": 9.087452728583882, "bus_v_mean": 13.937202128273881, "bus_v_std": 13.661487326731283, "car_acc": 3.6170396083506815, "car_dcc": 0.48764815068155276, "car_lcAssertive": 87.98019845727228, "car_lcCooperative": 0.1908393632684806, "car_lcLookaheadLeft": 85.2773531817572, "car_lcPushy": 0.6671187886992039, "car_lcSigma": 0.34433919545005387, "car_lcSpeedGainRight": 0.756877849963995, "car_lcSublane": 0.6353709614884534, "car_sigma": 0.8477880437147416, "car_tau_mean": 3.376472811674037, "car_tau_std": 6.282395971306578, "car_v_mean": 25.213427175594177, "car_v_std": 11.798462541515395}, "datetime": {"datetime": "2024-08-12 00:43:09", "elapsed": 30.105038, "delta": 4.727095}}
{"target": -0.4663395073980939, "params": {"bus_acc": 1.3705405508072188, "bus_dcc": 2.430456387472781, "bus_lcAssertive": 40.15090791444363, "bus_lcCooperative": 0.6639460814328006, "bus_lcLookaheadLeft": 85.49155519082123, "bus_lcPushy": 0.19022208931218354, "bus_lcSigma": 0.903272700870335, "bus_lcSpeedGainRight": 1.9158792521554662, "bus_lcSublane": 0.9431243307282546, "bus_sigma": 0.6173823130249652, "bus_tau_mean": 3.26533432401065, "bus_tau_std": 5.14775428373226, "bus_v_mean": 17.56060449907956, "bus_v_std": 6.551877975319438, "car_acc": 0.6915858874639509, "car_dcc": 1.65852326506961, "car_lcAssertive": 22.282671598376087, "car_lcCooperative": 0.03286525588191658, "car_lcLookaheadLeft": 28.93890932287543, "car_lcPushy": 0.18057605266685695, "car_lcSigma": 0.8755303150381228, "car_lcSpeedGainRight": 0.4061828121570249, "car_lcSublane": 0.18389559908188324, "car_sigma": 0.7040306955363342, "car_tau_mean": 3.717290618570957, "car_tau_std": 2.514584522319341, "car_v_mean": 8.383420366304868, "car_v_std": 19.210089455101993}, "datetime": {"datetime": "2024-08-12 00:43:10", "elapsed": 30.720518, "delta": 0.61548}}
{"target": -0.6963229509574577, "params": {"bus_acc": 2.0776418104060355, "bus_dcc": 0.702212339383165, "bus_lcAssertive": 21.43895183005387, "bus_lcCooperative": 0.07618880903232117, "bus_lcLookaheadLeft": 51.77632659463817, "bus_lcPushy": 0.2615495518329871, "bus_lcSigma": 0.3570616088827919, "bus_lcSpeedGainRight": 0.5403266434861842, "bus_lcSublane": 0.7875518396525072, "bus_sigma": 0.1065838767888011, "bus_tau_mean": 3.949980882996157, "bus_tau_std": 1.7716116443841734, "bus_v_mean": 18.303292023823687, "bus_v_std": 0.8969066917817625, "car_acc": 3.1910419006921695, "car_dcc": 0.9205026017095268, "car_lcAssertive": 53.26249386240454, "car_lcCooperative": 0.7400775431590716, "car_lcLookaheadLeft": 16.693285521891084, "car_lcPushy": 0.5510871741869717, "car_lcSigma": 0.2166172083287794, "car_lcSpeedGainRight": 3.7959802465857235, "car_lcSublane": 0.7229151935562137, "car_sigma": 0.17654903427708302, "car_tau_mean": 3.516882951834757, "car_tau_std": 0.19775099516344263, "car_v_mean": 23.484265953616074, "car_v_std": 11.178076223218767}, "datetime": {"datetime": "2024-08-12 00:43:12", "elapsed": 32.64727, "delta": 1.926752}}
{"target": -0.6478191773849364, "params": {"bus_acc": 1.8016658396267726, "bus_dcc": 2.309396834032066, "bus_lcAssertive": 97.10345894261806, "bus_lcCooperative": 0.09175383344119148, "bus_lcLookaheadLeft": 28.843973136496388, "bus_lcPushy": 0.10510706908204948, "bus_lcSigma": 0.3904396367376164, "bus_lcSpeedGainRight": 1.4450554159388485, "bus_lcSublane": 0.5133003494679066, "bus_sigma": 0.348256681750747, "bus_tau_mean": 3.7487980638753537, "bus_tau_std": 7.899477963830403, "bus_v_mean": 23.498204635051557, "bus_v_std": 2.590018918857917, "car_acc": 2.385266634557113, "car_dcc": 1.0161736363624632, "car_lcAssertive": 86.955618572648, "car_lcCooperative": 0.015019421753424078, "car_lcLookaheadLeft": 12.362933082745112, "car_lcPushy": 0.3760570755473156, "car_lcSigma": 0.4020939060931935, "car_lcSpeedGainRight": 1.386100414893413, "car_lcSublane": 0.09606299875993918, "car_sigma": 0.11873040511259358, "car_tau_mean": 1.6128066384656687, "car_tau_std": 9.507928340777205, "car_v_mean": 11.733318166747832, "car_v_std": 14.94560642118445}, "datetime": {"datetime": "2024-08-12 00:43:15", "elapsed": 35.886597, "delta": 3.239327}}
