{"target": -0.48830006926651753, "params": {"bus_acc": 3.5383, "bus_dcc": 3.2324, "bus_lcAssertive": 42.3816, "bus_lcCooperative": 0.2569, "bus_lcLookaheadLeft": 25.2039, "bus_lcPushy": 0.8686, "bus_lcSigma": 0.2791, "bus_lcSpeedGainRight": 3.0339, "bus_lcSublane": 0.4226, "bus_sigma": 0.8225, "bus_tau_mean": 3.4814, "bus_tau_std": 5.6724, "bus_v_mean": 17.6034, "bus_v_std": 10.1828, "car_acc": 2.4917, "car_dcc": 3.8577, "car_lcAssertive": 49.5089, "car_lcCooperative": 0.1281, "car_lcLookaheadLeft": 27.4447, "car_lcPushy": 0.7216, "car_lcSigma": 0.812, "car_lcSpeedGainRight": 3.5394, "car_lcSublane": 0.9224, "car_sigma": 0.2453, "car_tau_mean": 0.8827, "car_tau_std": 6.5708, "car_v_mean": 24.6805, "car_v_std": 2.469}, "datetime": {"datetime": "2024-08-12 01:33:50", "elapsed": 3070.343557, "delta": 3.247629}}
{"target": -0.5912489069293493, "params": {"bus_acc": 2.2999, "bus_dcc": 3.2567, "bus_lcAssertive": 66.3228, "bus_lcCooperative": 0.9923, "bus_lcLookaheadLeft": 91.289, "bus_lcPushy": 0.0484, "bus_lcSigma": 0.1151, "bus_lcSpeedGainRight": 3.655, "bus_lcSublane": 0.5887, "bus_sigma": 0.8409, "bus_tau_mean": 1.6767, "bus_tau_std": 5.5753, "bus_v_mean": 15.8638, "bus_v_std": 16.2799, "car_acc": 1.5688, "car_dcc": 2.9621, "car_lcAssertive": 24.3538, "car_lcCooperative": 0.423, "car_lcLookaheadLeft": 9.0282, "car_lcPushy": 0.7806, "car_lcSigma": 0.7915, "car_lcSpeedGainRight": 4.7045, "car_lcSublane": 0.7094, "car_sigma": 0.7345, "car_tau_mean": 1.0419, "car_tau_std": 1.4668, "car_v_mean": 25.6762, "car_v_std": 18.1051}, "datetime": {"datetime": "2024-08-12 01:33:54", "elapsed": 3074.92045, "delta": 4.576893}}
{"target": -0.8248824819522899, "params": {"bus_acc": 3.6847, "bus_dcc": 1.9838, "bus_lcAssertive": 81.0662, "bus_lcCooperative": 0.0771, "bus_lcLookaheadLeft": 66.0832, "bus_lcPushy": 0.3189, "bus_lcSigma": 0.7594, "bus_lcSpeedGainRight": 1.1878, "bus_lcSublane": 0.8277, "bus_sigma": 0.2484, "bus_tau_mean": 3.6718, "bus_tau_std": 0.8162, "bus_v_mean": 16.8037, "bus_v_std": 13.3091, "car_acc": 3.0238, "car_dcc": 0.3372, "car_lcAssertive": 15.0458, "car_lcCooperative": 0.256, "car_lcLookaheadLeft": 13.8107, "car_lcPushy": 0.6091, "car_lcSigma": 0.9866, "car_lcSpeedGainRight": 2.3962, "car_lcSublane": 0.67, "car_sigma": 0.0928, "car_tau_mean": 2.7924, "car_tau_std": 8.9987, "car_v_mean": 13.8221, "car_v_std": 13.2189}, "datetime": {"datetime": "2024-08-12 01:33:58", "elapsed": 3078.441445, "delta": 3.520995}}
{"target": -0.5364451096855901, "params": {"bus_acc": 3.6316, "bus_dcc": 1.8779, "bus_lcAssertive": 39.109, "bus_lcCooperative": 0.4994, "bus_lcLookaheadLeft": 28.5572, "bus_lcPushy": 0.527, "bus_lcSigma": 0.1127, "bus_lcSpeedGainRight": 2.8764, "bus_lcSublane": 0.5262, "bus_sigma": 0.566, "bus_tau_mean": 0.9161, "bus_tau_std": 8.5441, "bus_v_mean": 20.7418, "bus_v_std": 17.1584, "car_acc": 1.1968, "car_dcc": 0.837, "car_lcAssertive": 87.5397, "car_lcCooperative": 0.7057, "car_lcLookaheadLeft": 83.441, "car_lcPushy": 0.299, "car_lcSigma": 0.0207, "car_lcSpeedGainRight": 4.5407, "car_lcSublane": 0.1847, "car_sigma": 0.6832, "car_tau_mean": 2.2034, "car_tau_std": 2.1182, "car_v_mean": 21.6764, "car_v_std": 8.4753}, "datetime": {"datetime": "2024-08-12 01:34:01", "elapsed": 3081.701218, "delta": 3.259773}}
{"target": -0.4751178552856343, "params": {"bus_acc": 3.3023, "bus_dcc": 2.5858, "bus_lcAssertive": 70.8084, "bus_lcCooperative": 0.9021, "bus_lcLookaheadLeft": 19.4026, "bus_lcPushy": 0.5816, "bus_lcSigma": 0.1825, "bus_lcSpeedGainRight": 4.6636, "bus_lcSublane": 0.123, "bus_sigma": 0.3329, "bus_tau_mean": 2.4175, "bus_tau_std": 3.5012, "bus_v_mean": 17.4605, "bus_v_std": 13.7589, "car_acc": 0.4125, "car_dcc": 0.6599, "car_lcAssertive": 85.8596, "car_lcCooperative": 0.6538, "car_lcLookaheadLeft": 99.2028, "car_lcPushy": 0.0094, "car_lcSigma": 0.5912, "car_lcSpeedGainRight": 1.7639, "car_lcSublane": 0.7497, "car_sigma": 0.1871, "car_tau_mean": 0.6135, "car_tau_std": 6.5189, "car_v_mean": 19.7453, "car_v_std": 15.0171}, "datetime": {"datetime": "2024-08-12 01:34:05", "elapsed": 3086.167666, "delta": 4.466448}}
{"target": -0.5589512421783781, "params": {"bus_acc": 1.2376, "bus_dcc": 1.8418, "bus_lcAssertive": 97.4997, "bus_lcCooperative": 0.4747, "bus_lcLookaheadLeft": 38.6289, "bus_lcPushy": 0.3675, "bus_lcSigma": 0.1128, "bus_lcSpeedGainRight": 3.088, "bus_lcSublane": 0.9831, "bus_sigma": 0.3383, "bus_tau_mean": 3.2084, "bus_tau_std": 0.063, "bus_v_mean": 11.6023, "bus_v_std": 12.74, "car_acc": 3.9449, "car_dcc": 1.9899, "car_lcAssertive": 84.8587, "car_lcCooperative": 0.9887, "car_lcLookaheadLeft": 57.0512, "car_lcPushy": 0.6185, "car_lcSigma": 0.3022, "car_lcSpeedGainRight": 2.7588, "car_lcSublane": 0.5204, "car_sigma": 0.7478, "car_tau_mean": 3.4341, "car_tau_std": 4.2935, "car_v_mean": 20.7977, "car_v_std": 4.7542}, "datetime": {"datetime": "2024-08-12 01:34:08", "elapsed": 3088.891816, "delta": 2.72415}}
{"target": -0.6436950396018118, "params": {"bus_acc": 2.2379, "bus_dcc": 2.0309, "bus_lcAssertive": 73.6274, "bus_lcCooperative": 0.1694, "bus_lcLookaheadLeft": 34.0994, "bus_lcPushy": 0.4292, "bus_lcSigma": 0.6346, "bus_lcSpeedGainRight": 0.4601, "bus_lcSublane": 0.5177, "bus_sigma": 0.304, "bus_tau_mean": 2.0579, "bus_tau_std": 3.0112, "bus_v_mean": 9.708, "bus_v_std": 9.9331, "car_acc": 3.7315, "car_dcc": 1.7527, "car_lcAssertive": 54.9546, "car_lcCooperative": 0.8817, "car_lcLookaheadLeft": 74.4073, "car_lcPushy": 0.1098, "car_lcSigma": 0.776, "car_lcSpeedGainRight": 2.9273, "car_lcSublane": 0.4529, "car_sigma": 0.695, "car_tau_mean": 2.1968, "car_tau_std": 9.4213, "car_v_mean": 17.8282, "car_v_std": 11.0974}, "datetime": {"datetime": "2024-08-12 01:34:14", "elapsed": 3094.725884, "delta": 5.834068}}
{"target": -0.5606306917688607, "params": {"bus_acc": 3.7347, "bus_dcc": 1.4257, "bus_lcAssertive": 45.4709, "bus_lcCooperative": 0.7771, "bus_lcLookaheadLeft": 66.0237, "bus_lcPushy": 0.078, "bus_lcSigma": 0.9857, "bus_lcSpeedGainRight": 1.2687, "bus_lcSublane": 0.935, "bus_sigma": 0.6279, "bus_tau_mean": 2.6881, "bus_tau_std": 2.3697, "bus_v_mean": 17.8095, "bus_v_std": 8.8798, "car_acc": 3.1907, "car_dcc": 3.6909, "car_lcAssertive": 59.8614, "car_lcCooperative": 0.9385, "car_lcLookaheadLeft": 38.5761, "car_lcPushy": 0.2944, "car_lcSigma": 0.5086, "car_lcSpeedGainRight": 3.2252, "car_lcSublane": 0.8683, "car_sigma": 0.0196, "car_tau_mean": 1.6874, "car_tau_std": 1.818, "car_v_mean": 17.2497, "car_v_std": 2.702}, "datetime": {"datetime": "2024-08-12 01:34:17", "elapsed": 3097.728932, "delta": 3.003048}}
{"target": -0.9085918940904992, "params": {"bus_acc": 0.624, "bus_dcc": 1.5227, "bus_lcAssertive": 24.6737, "bus_lcCooperative": 0.4581, "bus_lcLookaheadLeft": 22.5312, "bus_lcPushy": 0.7241, "bus_lcSigma": 0.1504, "bus_lcSpeedGainRight": 0.5898, "bus_lcSublane": 0.9509, "bus_sigma": 0.6163, "bus_tau_mean": 1.3143, "bus_tau_std": 2.3079, "bus_v_mean": 11.7209, "bus_v_std": 2.5698, "car_acc": 1.7087, "car_dcc": 0.4901, "car_lcAssertive": 4.533, "car_lcCooperative": 0.9884, "car_lcLookaheadLeft": 89.2309, "car_lcPushy": 0.7277, "car_lcSigma": 0.9416, "car_lcSpeedGainRight": 0.8153, "car_lcSublane": 0.3625, "car_sigma": 0.961, "car_tau_mean": 3.8467, "car_tau_std": 4.242, "car_v_mean": 23.9066, "car_v_std": 2.0405}, "datetime": {"datetime": "2024-08-12 01:34:21", "elapsed": 3101.855543, "delta": 4.126611}}
{"target": -0.6444488876420386, "params": {"bus_acc": 1.5657, "bus_dcc": 1.2296, "bus_lcAssertive": 36.3207, "bus_lcCooperative": 0.4699, "bus_lcLookaheadLeft": 58.2272, "bus_lcPushy": 0.9024, "bus_lcSigma": 0.0339, "bus_lcSpeedGainRight": 0.8496, "bus_lcSublane": 0.5781, "bus_sigma": 0.2724, "bus_tau_mean": 2.3374, "bus_tau_std": 6.8959, "bus_v_mean": 16.29, "bus_v_std": 9.0837, "car_acc": 3.5719, "car_dcc": 2.6925, "car_lcAssertive": 55.7069, "car_lcCooperative": 0.4393, "car_lcLookaheadLeft": 84.8969, "car_lcPushy": 0.263, "car_lcSigma": 0.643, "car_lcSpeedGainRight": 1.7442, "car_lcSublane": 0.1368, "car_sigma": 0.3254, "car_tau_mean": 3.6197, "car_tau_std": 6.1247, "car_v_mean": 10.1547, "car_v_std": 14.0121}, "datetime": {"datetime": "2024-08-12 01:34:25", "elapsed": 3106.017982, "delta": 4.162439}}
{"target": -0.6053691564849623, "params": {"bus_acc": 2.4111, "bus_dcc": 0.4019, "bus_lcAssertive": 91.1128, "bus_lcCooperative": 0.9754, "bus_lcLookaheadLeft": 54.9546, "bus_lcPushy": 0.3634, "bus_lcSigma": 0.8115, "bus_lcSpeedGainRight": 0.6669, "bus_lcSublane": 0.0453, "bus_sigma": 0.8263, "bus_tau_mean": 3.0866, "bus_tau_std": 8.4351, "bus_v_mean": 11.4202, "bus_v_std": 7.9288, "car_acc": 0.4911, "car_dcc": 1.2735, "car_lcAssertive": 7.9324, "car_lcCooperative": 0.4268, "car_lcLookaheadLeft": 19.8373, "car_lcPushy": 0.1532, "car_lcSigma": 0.154, "car_lcSpeedGainRight": 0.1357, "car_lcSublane": 0.7883, "car_sigma": 0.0317, "car_tau_mean": 3.5693, "car_tau_std": 7.2449, "car_v_mean": 12.0248, "car_v_std": 5.598}, "datetime": {"datetime": "2024-08-12 01:34:29", "elapsed": 3110.160855, "delta": 4.142873}}
{"target": -0.5396060341340935, "params": {"bus_acc": 3.1449, "bus_dcc": 2.0291, "bus_lcAssertive": 45.3553, "bus_lcCooperative": 0.0843, "bus_lcLookaheadLeft": 45.5838, "bus_lcPushy": 0.0072, "bus_lcSigma": 0.2065, "bus_lcSpeedGainRight": 0.1094, "bus_lcSublane": 0.7582, "bus_sigma": 0.6928, "bus_tau_mean": 1.5119, "bus_tau_std": 8.2825, "bus_v_mean": 22.2619, "bus_v_std": 4.9978, "car_acc": 1.5986, "car_dcc": 1.4487, "car_lcAssertive": 48.5916, "car_lcCooperative": 0.4888, "car_lcLookaheadLeft": 15.9045, "car_lcPushy": 0.0623, "car_lcSigma": 0.1696, "car_lcSpeedGainRight": 3.9993, "car_lcSublane": 0.0076, "car_sigma": 0.9681, "car_tau_mean": 1.6693, "car_tau_std": 3.0449, "car_v_mean": 13.9797, "car_v_std": 7.6658}, "datetime": {"datetime": "2024-08-12 01:34:34", "elapsed": 3114.322325, "delta": 4.16147}}
{"target": -0.7534551082121667, "params": {"bus_acc": 0.3983, "bus_dcc": 1.7189, "bus_lcAssertive": 56.2, "bus_lcCooperative": 0.7725, "bus_lcLookaheadLeft": 24.8946, "bus_lcPushy": 0.4416, "bus_lcSigma": 0.0982, "bus_lcSpeedGainRight": 2.8355, "bus_lcSublane": 0.0872, "bus_sigma": 0.6388, "bus_tau_mean": 2.4888, "bus_tau_std": 3.2822, "bus_v_mean": 8.5627, "bus_v_std": 17.8283, "car_acc": 1.6933, "car_dcc": 2.4019, "car_lcAssertive": 50.633, "car_lcCooperative": 0.3736, "car_lcLookaheadLeft": 31.714, "car_lcPushy": 0.7321, "car_lcSigma": 0.4578, "car_lcSpeedGainRight": 0.0437, "car_lcSublane": 0.3308, "car_sigma": 0.3114, "car_tau_mean": 3.8865, "car_tau_std": 4.4031, "car_v_mean": 14.0189, "car_v_std": 17.0996}, "datetime": {"datetime": "2024-08-12 01:34:38", "elapsed": 3118.363697, "delta": 4.041372}}
{"target": -0.68148778911625, "params": {"bus_acc": 2.0485, "bus_dcc": 2.8563, "bus_lcAssertive": 30.3809, "bus_lcCooperative": 0.5954, "bus_lcLookaheadLeft": 77.6354, "bus_lcPushy": 0.5193, "bus_lcSigma": 0.9316, "bus_lcSpeedGainRight": 4.7943, "bus_lcSublane": 0.8942, "bus_sigma": 0.7006, "bus_tau_mean": 0.7214, "bus_tau_std": 9.8725, "bus_v_mean": 20.2078, "bus_v_std": 2.8639, "car_acc": 2.9008, "car_dcc": 0.2287, "car_lcAssertive": 17.7239, "car_lcCooperative": 0.2863, "car_lcLookaheadLeft": 35.3625, "car_lcPushy": 0.6211, "car_lcSigma": 0.3632, "car_lcSpeedGainRight": 1.4171, "car_lcSublane": 0.6015, "car_sigma": 0.9519, "car_tau_mean": 3.3827, "car_tau_std": 0.2559, "car_v_mean": 20.6913, "car_v_std": 6.0055}, "datetime": {"datetime": "2024-08-12 01:34:42", "elapsed": 3122.872816, "delta": 4.509119}}
{"target": -0.4345782572122387, "params": {"bus_acc": 3.0793, "bus_dcc": 3.7767, "bus_lcAssertive": 14.0091, "bus_lcCooperative": 0.9505, "bus_lcLookaheadLeft": 10.3784, "bus_lcPushy": 0.993, "bus_lcSigma": 0.5927, "bus_lcSpeedGainRight": 2.294, "bus_lcSublane": 0.9777, "bus_sigma": 0.2309, "bus_tau_mean": 1.1748, "bus_tau_std": 3.0095, "bus_v_mean": 21.801, "bus_v_std": 18.5093, "car_acc": 0.9123, "car_dcc": 3.3561, "car_lcAssertive": 54.7498, "car_lcCooperative": 0.1493, "car_lcLookaheadLeft": 94.6407, "car_lcPushy": 0.9077, "car_lcSigma": 0.6338, "car_lcSpeedGainRight": 3.2747, "car_lcSublane": 0.5015, "car_sigma": 0.3797, "car_tau_mean": 3.7446, "car_tau_std": 5.6301, "car_v_mean": 11.0341, "car_v_std": 13.0804}, "datetime": {"datetime": "2024-08-12 01:34:46", "elapsed": 3126.925676, "delta": 4.05286}}
{"target": -0.5995956194999069, "params": {"bus_acc": 0.5091, "bus_dcc": 1.8023, "bus_lcAssertive": 82.9049, "bus_lcCooperative": 0.5497, "bus_lcLookaheadLeft": 81.168, "bus_lcPushy": 0.5543, "bus_lcSigma": 0.6401, "bus_lcSpeedGainRight": 1.6664, "bus_lcSublane": 0.8837, "bus_sigma": 0.8837, "bus_tau_mean": 1.7883, "bus_tau_std": 2.7267, "bus_v_mean": 23.7116, "bus_v_std": 6.4959, "car_acc": 2.5858, "car_dcc": 0.6491, "car_lcAssertive": 43.3471, "car_lcCooperative": 0.7872, "car_lcLookaheadLeft": 34.6148, "car_lcPushy": 0.233, "car_lcSigma": 0.3843, "car_lcSpeedGainRight": 0.2014, "car_lcSublane": 0.328, "car_sigma": 0.0726, "car_tau_mean": 1.6612, "car_tau_std": 1.1924, "car_v_mean": 25.7134, "car_v_std": 6.2066}, "datetime": {"datetime": "2024-08-12 01:34:51", "elapsed": 3131.289687, "delta": 4.364011}}
{"target": -0.6297977484171117, "params": {"bus_acc": 0.5435, "bus_dcc": 0.6516, "bus_lcAssertive": 23.0626, "bus_lcCooperative": 0.3907, "bus_lcLookaheadLeft": 90.5577, "bus_lcPushy": 0.5373, "bus_lcSigma": 0.1222, "bus_lcSpeedGainRight": 0.2179, "bus_lcSublane": 0.3647, "bus_sigma": 0.2055, "bus_tau_mean": 1.6678, "bus_tau_std": 5.9238, "bus_v_mean": 23.0205, "bus_v_std": 14.0899, "car_acc": 3.9294, "car_dcc": 0.6919, "car_lcAssertive": 96.8194, "car_lcCooperative": 0.6077, "car_lcLookaheadLeft": 61.2199, "car_lcPushy": 0.2588, "car_lcSigma": 0.5686, "car_lcSpeedGainRight": 2.2705, "car_lcSublane": 0.3013, "car_sigma": 0.216, "car_tau_mean": 1.9467, "car_tau_std": 3.2011, "car_v_mean": 19.4971, "car_v_std": 16.7349}, "datetime": {"datetime": "2024-08-12 01:34:55", "elapsed": 3135.636247, "delta": 4.34656}}
{"target": -0.5918099037559262, "params": {"bus_acc": 0.5051, "bus_dcc": 3.9992, "bus_lcAssertive": 45.4299, "bus_lcCooperative": 0.3087, "bus_lcLookaheadLeft": 93.8593, "bus_lcPushy": 0.6952, "bus_lcSigma": 0.4525, "bus_lcSpeedGainRight": 2.9429, "bus_lcSublane": 0.3905, "bus_sigma": 0.8683, "bus_tau_mean": 0.9351, "bus_tau_std": 1.7077, "bus_v_mean": 21.0312, "bus_v_std": 4.0911, "car_acc": 3.9089, "car_dcc": 3.8387, "car_lcAssertive": 63.9832, "car_lcCooperative": 0.5583, "car_lcLookaheadLeft": 97.8196, "car_lcPushy": 0.4145, "car_lcSigma": 0.3846, "car_lcSpeedGainRight": 3.5704, "car_lcSublane": 0.9802, "car_sigma": 0.923, "car_tau_mean": 3.8457, "car_tau_std": 4.0818, "car_v_mean": 25.0933, "car_v_std": 6.9244}, "datetime": {"datetime": "2024-08-12 01:34:59", "elapsed": 3140.067189, "delta": 4.430942}}
{"target": -0.7244472613095115, "params": {"bus_acc": 2.9056, "bus_dcc": 1.1952, "bus_lcAssertive": 39.05, "bus_lcCooperative": 0.712, "bus_lcLookaheadLeft": 99.8718, "bus_lcPushy": 0.9381, "bus_lcSigma": 0.661, "bus_lcSpeedGainRight": 2.663, "bus_lcSublane": 0.7704, "bus_sigma": 0.7561, "bus_tau_mean": 3.5588, "bus_tau_std": 1.8298, "bus_v_mean": 22.6087, "bus_v_std": 11.3889, "car_acc": 3.0636, "car_dcc": 0.7981, "car_lcAssertive": 71.3326, "car_lcCooperative": 0.3992, "car_lcLookaheadLeft": 75.7434, "car_lcPushy": 0.5785, "car_lcSigma": 0.7746, "car_lcSpeedGainRight": 1.3803, "car_lcSublane": 0.8763, "car_sigma": 0.7934, "car_tau_mean": 3.8928, "car_tau_std": 9.215, "car_v_mean": 16.9379, "car_v_std": 5.2943}, "datetime": {"datetime": "2024-08-12 01:35:03", "elapsed": 3143.509905, "delta": 3.442716}}
{"target": -0.4189540565221399, "params": {"bus_acc": 3.2684, "bus_dcc": 3.9833, "bus_lcAssertive": 58.9507, "bus_lcCooperative": 0.0317, "bus_lcLookaheadLeft": 42.4825, "bus_lcPushy": 0.1793, "bus_lcSigma": 0.3771, "bus_lcSpeedGainRight": 1.5026, "bus_lcSublane": 0.322, "bus_sigma": 0.7155, "bus_tau_mean": 0.9761, "bus_tau_std": 9.5666, "bus_v_mean": 14.3254, "bus_v_std": 1.5878, "car_acc": 1.4407, "car_dcc": 2.628, "car_lcAssertive": 92.1928, "car_lcCooperative": 0.9, "car_lcLookaheadLeft": 7.3463, "car_lcPushy": 0.3221, "car_lcSigma": 0.2117, "car_lcSpeedGainRight": 2.6875, "car_lcSublane": 0.3451, "car_sigma": 0.3693, "car_tau_mean": 3.5109, "car_tau_std": 1.9808, "car_v_mean": 16.9335, "car_v_std": 11.5125}, "datetime": {"datetime": "2024-08-12 01:35:06", "elapsed": 3146.49924, "delta": 2.989335}}
{"target": -0.4550802900638258, "params": {"bus_acc": 1.7644, "bus_dcc": 2.012, "bus_lcAssertive": 57.4341, "bus_lcCooperative": 0.7907, "bus_lcLookaheadLeft": 93.6498, "bus_lcPushy": 0.1415, "bus_lcSigma": 0.9874, "bus_lcSpeedGainRight": 0.6596, "bus_lcSublane": 0.5942, "bus_sigma": 0.8633, "bus_tau_mean": 1.4703, "bus_tau_std": 6.7708, "bus_v_mean": 19.5058, "bus_v_std": 7.2928, "car_acc": 1.7626, "car_dcc": 3.0686, "car_lcAssertive": 56.9203, "car_lcCooperative": 0.1902, "car_lcLookaheadLeft": 66.32, "car_lcPushy": 0.7239, "car_lcSigma": 0.8022, "car_lcSpeedGainRight": 3.9191, "car_lcSublane": 0.3087, "car_sigma": 0.2636, "car_tau_mean": 3.2599, "car_tau_std": 5.2971, "car_v_mean": 9.8191, "car_v_std": 12.9457}, "datetime": {"datetime": "2024-08-12 01:35:11", "elapsed": 3152.153625, "delta": 5.654385}}
{"target": -0.6586509892734902, "params": {"bus_acc": 3.5439, "bus_dcc": 1.1707, "bus_lcAssertive": 21.2093, "bus_lcCooperative": 0.0535, "bus_lcLookaheadLeft": 57.7277, "bus_lcPushy": 0.3473, "bus_lcSigma": 0.2401, "bus_lcSpeedGainRight": 0.2278, "bus_lcSublane": 0.277, "bus_sigma": 0.7804, "bus_tau_mean": 1.3922, "bus_tau_std": 3.7351, "bus_v_mean": 21.967, "bus_v_std": 13.02, "car_acc": 2.9459, "car_dcc": 2.7471, "car_lcAssertive": 50.8699, "car_lcCooperative": 0.6653, "car_lcLookaheadLeft": 64.2098, "car_lcPushy": 0.6618, "car_lcSigma": 0.0411, "car_lcSpeedGainRight": 1.6739, "car_lcSublane": 0.4706, "car_sigma": 0.6828, "car_tau_mean": 1.0155, "car_tau_std": 4.9981, "car_v_mean": 18.7327, "car_v_std": 14.8178}, "datetime": {"datetime": "2024-08-12 01:35:15", "elapsed": 3155.632645, "delta": 3.47902}}
{"target": -0.8486219232891363, "params": {"bus_acc": 1.1372, "bus_dcc": 1.5679, "bus_lcAssertive": 43.0279, "bus_lcCooperative": 0.5216, "bus_lcLookaheadLeft": 18.0395, "bus_lcPushy": 0.8451, "bus_lcSigma": 0.004, "bus_lcSpeedGainRight": 0.2001, "bus_lcSublane": 0.244, "bus_sigma": 0.1581, "bus_tau_mean": 3.3583, "bus_tau_std": 4.0874, "bus_v_mean": 10.5469, "bus_v_std": 15.0859, "car_acc": 1.6074, "car_dcc": 0.7129, "car_lcAssertive": 9.3498, "car_lcCooperative": 0.7697, "car_lcLookaheadLeft": 53.3319, "car_lcPushy": 0.1323, "car_lcSigma": 0.1833, "car_lcSpeedGainRight": 0.1392, "car_lcSublane": 0.922, "car_sigma": 0.9172, "car_tau_mean": 1.4324, "car_tau_std": 8.2647, "car_v_mean": 9.3389, "car_v_std": 3.8212}, "datetime": {"datetime": "2024-08-12 01:35:18", "elapsed": 3158.334265, "delta": 2.70162}}
{"target": -0.4443343080476374, "params": {"bus_acc": 2.1985, "bus_dcc": 3.0512, "bus_lcAssertive": 75.6289, "bus_lcCooperative": 0.8637, "bus_lcLookaheadLeft": 54.1125, "bus_lcPushy": 0.3392, "bus_lcSigma": 0.3531, "bus_lcSpeedGainRight": 3.4794, "bus_lcSublane": 0.7143, "bus_sigma": 0.3839, "bus_tau_mean": 2.6739, "bus_tau_std": 7.7846, "bus_v_mean": 14.7118, "bus_v_std": 8.6671, "car_acc": 0.9781, "car_dcc": 1.4674, "car_lcAssertive": 71.6912, "car_lcCooperative": 0.5045, "car_lcLookaheadLeft": 46.8601, "car_lcPushy": 0.7309, "car_lcSigma": 0.6371, "car_lcSpeedGainRight": 3.3351, "car_lcSublane": 0.9311, "car_sigma": 0.027, "car_tau_mean": 2.6048, "car_tau_std": 4.9724, "car_v_mean": 12.0204, "car_v_std": 14.6418}, "datetime": {"datetime": "2024-08-12 01:35:21", "elapsed": 3161.491868, "delta": 3.157603}}
{"target": -0.40733546466211723, "params": {"bus_acc": 3.417, "bus_dcc": 1.2746, "bus_lcAssertive": 77.283, "bus_lcCooperative": 0.0963, "bus_lcLookaheadLeft": 83.9888, "bus_lcPushy": 0.2009, "bus_lcSigma": 0.8089, "bus_lcSpeedGainRight": 2.7066, "bus_lcSublane": 0.1771, "bus_sigma": 0.5592, "bus_tau_mean": 2.9639, "bus_tau_std": 9.1232, "bus_v_mean": 11.047, "bus_v_std": 15.8699, "car_acc": 0.7136, "car_dcc": 2.5999, "car_lcAssertive": 9.0727, "car_lcCooperative": 0.1006, "car_lcLookaheadLeft": 92.8739, "car_lcPushy": 0.1774, "car_lcSigma": 0.4163, "car_lcSpeedGainRight": 4.0856, "car_lcSublane": 0.0829, "car_sigma": 0.5618, "car_tau_mean": 1.2894, "car_tau_std": 5.4741, "car_v_mean": 18.4721, "car_v_std": 12.1191}, "datetime": {"datetime": "2024-08-12 01:35:24", "elapsed": 3164.51412, "delta": 3.022252}}
{"target": -0.6263609741311067, "params": {"bus_acc": 3.0759, "bus_dcc": 3.6654, "bus_lcAssertive": 15.0639, "bus_lcCooperative": 0.3511, "bus_lcLookaheadLeft": 49.5982, "bus_lcPushy": 0.651, "bus_lcSigma": 0.8315, "bus_lcSpeedGainRight": 1.7221, "bus_lcSublane": 0.9305, "bus_sigma": 0.1837, "bus_tau_mean": 3.8914, "bus_tau_std": 5.609, "bus_v_mean": 10.8026, "bus_v_std": 17.077, "car_acc": 3.7613, "car_dcc": 3.5739, "car_lcAssertive": 74.3928, "car_lcCooperative": 0.904, "car_lcLookaheadLeft": 35.0369, "car_lcPushy": 0.1968, "car_lcSigma": 0.1655, "car_lcSpeedGainRight": 3.2039, "car_lcSublane": 0.7329, "car_sigma": 0.462, "car_tau_mean": 1.9107, "car_tau_std": 8.5003, "car_v_mean": 12.4979, "car_v_std": 5.1655}, "datetime": {"datetime": "2024-08-12 01:35:28", "elapsed": 3168.939202, "delta": 4.425082}}
