{"target": -0.6870737699038832, "params": {"bus_acc": 2.5553, "bus_dcc": 1.9681, "bus_lcAssertive": 3.2288, "bus_lcCooperative": 0.1636, "bus_lcLookaheadLeft": 17.0936, "bus_lcPushy": 0.5591, "bus_lcSigma": 0.2045, "bus_lcSpeedGainRight": 0.5503, "bus_lcSublane": 0.0654, "bus_sigma": 0.1015, "bus_tau_mean": 1.0858, "bus_tau_std": 7.4494, "bus_v_mean": 9.5197, "bus_v_std": 9.6747, "car_acc": 3.0208, "car_dcc": 3.0065, "car_lcAssertive": 27.0876, "car_lcCooperative": 0.1107, "car_lcLookaheadLeft": 57.9077, "car_lcPushy": 0.294, "car_lcSigma": 0.6028, "car_lcSpeedGainRight": 1.4191, "car_lcSublane": 0.9092, "car_sigma": 0.2595, "car_tau_mean": 2.1653, "car_tau_std": 4.514, "car_v_mean": 22.8882, "car_v_std": 10.8205}, "datetime": {"datetime": "2024-08-12 00:59:50", "elapsed": 1030.761255, "delta": 2.400234}}
{"target": -0.7359713118272689, "params": {"bus_acc": 0.3165, "bus_dcc": 0.8812, "bus_lcAssertive": 59.2386, "bus_lcCooperative": 0.4151, "bus_lcLookaheadLeft": 24.8876, "bus_lcPushy": 0.0673, "bus_lcSigma": 0.3403, "bus_lcSpeedGainRight": 3.2114, "bus_lcSublane": 0.1995, "bus_sigma": 0.3092, "bus_tau_mean": 1.498, "bus_tau_std": 9.2184, "bus_v_mean": 8.4393, "bus_v_std": 3.2957, "car_acc": 2.0846, "car_dcc": 0.2227, "car_lcAssertive": 68.4439, "car_lcCooperative": 0.1763, "car_lcLookaheadLeft": 62.8816, "car_lcPushy": 0.4689, "car_lcSigma": 0.0722, "car_lcSpeedGainRight": 3.1311, "car_lcSublane": 0.8053, "car_sigma": 0.8038, "car_tau_mean": 3.6142, "car_tau_std": 3.9474, "car_v_mean": 8.7602, "car_v_std": 15.31}, "datetime": {"datetime": "2024-08-12 00:59:55", "elapsed": 1035.712563, "delta": 4.951308}}
{"target": -0.5392650525559323, "params": {"bus_acc": 0.4144, "bus_dcc": 0.7833, "bus_lcAssertive": 33.3968, "bus_lcCooperative": 0.0681, "bus_lcLookaheadLeft": 64.7414, "bus_lcPushy": 0.3179, "bus_lcSigma": 0.5902, "bus_lcSpeedGainRight": 2.2089, "bus_lcSublane": 0.775, "bus_sigma": 0.0778, "bus_tau_mean": 1.8715, "bus_tau_std": 2.8812, "bus_v_mean": 21.4515, "bus_v_std": 7.3786, "car_acc": 2.5061, "car_dcc": 1.9421, "car_lcAssertive": 51.4602, "car_lcCooperative": 0.3609, "car_lcLookaheadLeft": 65.8093, "car_lcPushy": 0.8331, "car_lcSigma": 0.8766, "car_lcSpeedGainRight": 2.1806, "car_lcSublane": 0.6255, "car_sigma": 0.8033, "car_tau_mean": 3.8709, "car_tau_std": 8.2282, "car_v_mean": 17.1129, "car_v_std": 5.9138}, "datetime": {"datetime": "2024-08-12 01:00:01", "elapsed": 1041.746295, "delta": 6.033732}}
{"target": -0.4663145169661283, "params": {"bus_acc": 2.9218, "bus_dcc": 2.7127, "bus_lcAssertive": 12.1742, "bus_lcCooperative": 0.5562, "bus_lcLookaheadLeft": 59.4168, "bus_lcPushy": 0.6004, "bus_lcSigma": 0.6604, "bus_lcSpeedGainRight": 2.3036, "bus_lcSublane": 0.3953, "bus_sigma": 0.5955, "bus_tau_mean": 1.1242, "bus_tau_std": 4.786, "bus_v_mean": 19.013, "bus_v_std": 10.209, "car_acc": 0.6403, "car_dcc": 2.4248, "car_lcAssertive": 29.1122, "car_lcCooperative": 0.3028, "car_lcLookaheadLeft": 36.567, "car_lcPushy": 0.2068, "car_lcSigma": 0.0156, "car_lcSpeedGainRight": 0.1995, "car_lcSublane": 0.5169, "car_sigma": 0.4337, "car_tau_mean": 3.3892, "car_tau_std": 5.398, "car_v_mean": 16.6164, "car_v_std": 13.2726}, "datetime": {"datetime": "2024-08-12 01:00:04", "elapsed": 1044.945905, "delta": 3.19961}}
{"target": -0.5930816480685698, "params": {"bus_acc": 0.9553, "bus_dcc": 0.914, "bus_lcAssertive": 27.9625, "bus_lcCooperative": 0.3741, "bus_lcLookaheadLeft": 95.579, "bus_lcPushy": 0.4412, "bus_lcSigma": 0.1798, "bus_lcSpeedGainRight": 3.5811, "bus_lcSublane": 0.7522, "bus_sigma": 0.5161, "bus_tau_mean": 3.7987, "bus_tau_std": 4.945, "bus_v_mean": 12.5389, "bus_v_std": 19.7256, "car_acc": 1.0561, "car_dcc": 1.4045, "car_lcAssertive": 14.1926, "car_lcCooperative": 0.8432, "car_lcLookaheadLeft": 10.8408, "car_lcPushy": 0.75, "car_lcSigma": 0.2781, "car_lcSpeedGainRight": 1.2115, "car_lcSublane": 0.3029, "car_sigma": 0.7662, "car_tau_mean": 3.1588, "car_tau_std": 8.7755, "car_v_mean": 15.8014, "car_v_std": 10.3346}, "datetime": {"datetime": "2024-08-12 01:00:07", "elapsed": 1047.833319, "delta": 2.887414}}
{"target": -0.44073318525284244, "params": {"bus_acc": 2.9617, "bus_dcc": 1.3089, "bus_lcAssertive": 98.5806, "bus_lcCooperative": 0.2724, "bus_lcLookaheadLeft": 68.9582, "bus_lcPushy": 0.6028, "bus_lcSigma": 0.9666, "bus_lcSpeedGainRight": 1.7961, "bus_lcSublane": 0.9759, "bus_sigma": 0.7786, "bus_tau_mean": 3.1992, "bus_tau_std": 9.2687, "bus_v_mean": 19.2208, "bus_v_std": 1.8078, "car_acc": 0.6072, "car_dcc": 1.6549, "car_lcAssertive": 19.9144, "car_lcCooperative": 0.1376, "car_lcLookaheadLeft": 47.4512, "car_lcPushy": 0.7174, "car_lcSigma": 0.6005, "car_lcSpeedGainRight": 3.5749, "car_lcSublane": 0.4679, "car_sigma": 0.8951, "car_tau_mean": 3.567, "car_tau_std": 5.3165, "car_v_mean": 12.6786, "car_v_std": 13.3228}, "datetime": {"datetime": "2024-08-12 01:00:13", "elapsed": 1053.374905, "delta": 5.541586}}
{"target": -0.4577415655647332, "params": {"bus_acc": 0.373, "bus_dcc": 3.1537, "bus_lcAssertive": 70.0415, "bus_lcCooperative": 0.4506, "bus_lcLookaheadLeft": 92.4757, "bus_lcPushy": 0.9084, "bus_lcSigma": 0.7805, "bus_lcSpeedGainRight": 4.5324, "bus_lcSublane": 0.5623, "bus_sigma": 0.8144, "bus_tau_mean": 2.5259, "bus_tau_std": 9.2091, "bus_v_mean": 20.665, "bus_v_std": 18.5958, "car_acc": 0.883, "car_dcc": 0.4168, "car_lcAssertive": 35.7966, "car_lcCooperative": 0.9711, "car_lcLookaheadLeft": 21.2778, "car_lcPushy": 0.0465, "car_lcSigma": 0.6729, "car_lcSpeedGainRight": 1.6649, "car_lcSublane": 0.9418, "car_sigma": 0.9668, "car_tau_mean": 0.7037, "car_tau_std": 5.6516, "car_v_mean": 16.0751, "car_v_std": 3.2609}, "datetime": {"datetime": "2024-08-12 01:00:16", "elapsed": 1056.757198, "delta": 3.382293}}
{"target": -0.6197675093413494, "params": {"bus_acc": 1.6093, "bus_dcc": 2.2455, "bus_lcAssertive": 24.8243, "bus_lcCooperative": 0.0953, "bus_lcLookaheadLeft": 12.4038, "bus_lcPushy": 0.9185, "bus_lcSigma": 0.5327, "bus_lcSpeedGainRight": 1.8842, "bus_lcSublane": 0.8286, "bus_sigma": 0.7605, "bus_tau_mean": 0.7797, "bus_tau_std": 8.8688, "bus_v_mean": 11.2907, "bus_v_std": 17.013, "car_acc": 1.8489, "car_dcc": 1.8964, "car_lcAssertive": 50.5221, "car_lcCooperative": 0.1633, "car_lcLookaheadLeft": 9.6248, "car_lcPushy": 0.7908, "car_lcSigma": 0.1333, "car_lcSpeedGainRight": 0.6773, "car_lcSublane": 0.3464, "car_sigma": 0.8431, "car_tau_mean": 3.5178, "car_tau_std": 8.6683, "car_v_mean": 10.9718, "car_v_std": 7.2561}, "datetime": {"datetime": "2024-08-12 01:00:19", "elapsed": 1059.484973, "delta": 2.727775}}
{"target": -0.44453382595487634, "params": {"bus_acc": 1.5867, "bus_dcc": 0.3985, "bus_lcAssertive": 27.2556, "bus_lcCooperative": 0.2639, "bus_lcLookaheadLeft": 85.4373, "bus_lcPushy": 0.3675, "bus_lcSigma": 0.6102, "bus_lcSpeedGainRight": 1.2255, "bus_lcSublane": 0.6648, "bus_sigma": 0.58, "bus_tau_mean": 0.5313, "bus_tau_std": 1.6754, "bus_v_mean": 24.7583, "bus_v_std": 4.4361, "car_acc": 1.5767, "car_dcc": 2.3562, "car_lcAssertive": 18.3139, "car_lcCooperative": 0.6987, "car_lcLookaheadLeft": 64.9955, "car_lcPushy": 0.8026, "car_lcSigma": 0.7938, "car_lcSpeedGainRight": 0.9357, "car_lcSublane": 0.171, "car_sigma": 0.2097, "car_tau_mean": 2.3481, "car_tau_std": 7.0972, "car_v_mean": 17.0515, "car_v_std": 8.4498}, "datetime": {"datetime": "2024-08-12 01:00:21", "elapsed": 1062.03537, "delta": 2.550397}}
{"target": -0.30547653815601117, "params": {"bus_acc": 2.5399, "bus_dcc": 0.9892, "bus_lcAssertive": 83.7588, "bus_lcCooperative": 0.6927, "bus_lcLookaheadLeft": 23.0458, "bus_lcPushy": 0.289, "bus_lcSigma": 0.4511, "bus_lcSpeedGainRight": 2.0579, "bus_lcSublane": 0.9094, "bus_sigma": 0.9921, "bus_tau_mean": 1.3772, "bus_tau_std": 7.2301, "bus_v_mean": 15.1905, "bus_v_std": 7.1722, "car_acc": 0.2935, "car_dcc": 1.1772, "car_lcAssertive": 68.3633, "car_lcCooperative": 0.9771, "car_lcLookaheadLeft": 36.9571, "car_lcPushy": 0.6599, "car_lcSigma": 0.591, "car_lcSpeedGainRight": 2.3916, "car_lcSublane": 0.8065, "car_sigma": 0.3158, "car_tau_mean": 1.1338, "car_tau_std": 3.3807, "car_v_mean": 23.1515, "car_v_std": 16.6467}, "datetime": {"datetime": "2024-08-12 01:00:23", "elapsed": 1064.162308, "delta": 2.126938}}
{"target": -0.8769108205293957, "params": {"bus_acc": 3.6725, "bus_dcc": 0.5995, "bus_lcAssertive": 16.6733, "bus_lcCooperative": 0.6909, "bus_lcLookaheadLeft": 49.7679, "bus_lcPushy": 0.9796, "bus_lcSigma": 0.5017, "bus_lcSpeedGainRight": 1.4282, "bus_lcSublane": 0.146, "bus_sigma": 0.7012, "bus_tau_mean": 3.199, "bus_tau_std": 2.0408, "bus_v_mean": 23.511, "bus_v_std": 13.1157, "car_acc": 2.1165, "car_dcc": 0.3645, "car_lcAssertive": 60.1781, "car_lcCooperative": 0.8817, "car_lcLookaheadLeft": 94.0551, "car_lcPushy": 0.5393, "car_lcSigma": 0.8472, "car_lcSpeedGainRight": 4.3926, "car_lcSublane": 0.5013, "car_sigma": 0.514, "car_tau_mean": 3.6492, "car_tau_std": 7.279, "car_v_mean": 11.2314, "car_v_std": 3.2709}, "datetime": {"datetime": "2024-08-12 01:00:28", "elapsed": 1068.489069, "delta": 4.326761}}
{"target": -0.4904122774553617, "params": {"bus_acc": 0.2617, "bus_dcc": 2.0344, "bus_lcAssertive": 2.6089, "bus_lcCooperative": 0.8972, "bus_lcLookaheadLeft": 77.3636, "bus_lcPushy": 0.248, "bus_lcSigma": 0.3001, "bus_lcSpeedGainRight": 1.1601, "bus_lcSublane": 0.7245, "bus_sigma": 0.1635, "bus_tau_mean": 2.657, "bus_tau_std": 2.4676, "bus_v_mean": 15.0632, "bus_v_std": 7.9009, "car_acc": 1.9056, "car_dcc": 2.4021, "car_lcAssertive": 39.143, "car_lcCooperative": 0.4624, "car_lcLookaheadLeft": 96.081, "car_lcPushy": 0.5808, "car_lcSigma": 0.6899, "car_lcSpeedGainRight": 4.914, "car_lcSublane": 0.5211, "car_sigma": 0.1841, "car_tau_mean": 1.1175, "car_tau_std": 2.4319, "car_v_mean": 22.1628, "car_v_std": 17.3273}, "datetime": {"datetime": "2024-08-12 01:00:31", "elapsed": 1071.181101, "delta": 2.692032}}
{"target": -0.6378407291633635, "params": {"bus_acc": 1.9517, "bus_dcc": 1.3484, "bus_lcAssertive": 1.8909, "bus_lcCooperative": 0.6449, "bus_lcLookaheadLeft": 27.1544, "bus_lcPushy": 0.8595, "bus_lcSigma": 0.0462, "bus_lcSpeedGainRight": 3.5438, "bus_lcSublane": 0.6164, "bus_sigma": 0.7031, "bus_tau_mean": 0.556, "bus_tau_std": 5.134, "bus_v_mean": 9.406, "bus_v_std": 3.1264, "car_acc": 0.8364, "car_dcc": 1.4502, "car_lcAssertive": 43.8221, "car_lcCooperative": 0.4814, "car_lcLookaheadLeft": 20.2847, "car_lcPushy": 0.7518, "car_lcSigma": 0.819, "car_lcSpeedGainRight": 1.3256, "car_lcSublane": 0.9302, "car_sigma": 0.3973, "car_tau_mean": 3.3091, "car_tau_std": 1.1232, "car_v_mean": 22.5335, "car_v_std": 6.2158}, "datetime": {"datetime": "2024-08-12 01:00:36", "elapsed": 1076.287362, "delta": 5.106261}}
{"target": -0.7658018344040989, "params": {"bus_acc": 2.0583, "bus_dcc": 3.0637, "bus_lcAssertive": 60.3672, "bus_lcCooperative": 0.8259, "bus_lcLookaheadLeft": 91.8316, "bus_lcPushy": 0.5841, "bus_lcSigma": 0.0811, "bus_lcSpeedGainRight": 0.131, "bus_lcSublane": 0.712, "bus_sigma": 0.4797, "bus_tau_mean": 1.6872, "bus_tau_std": 4.2311, "bus_v_mean": 12.014, "bus_v_std": 18.6716, "car_acc": 1.98, "car_dcc": 0.3699, "car_lcAssertive": 35.476, "car_lcCooperative": 0.3549, "car_lcLookaheadLeft": 68.1784, "car_lcPushy": 0.6244, "car_lcSigma": 0.2683, "car_lcSpeedGainRight": 2.6555, "car_lcSublane": 0.0296, "car_sigma": 0.4356, "car_tau_mean": 3.2101, "car_tau_std": 1.573, "car_v_mean": 8.053, "car_v_std": 17.6014}, "datetime": {"datetime": "2024-08-12 01:00:39", "elapsed": 1079.629029, "delta": 3.341667}}
{"target": -0.5799872002821879, "params": {"bus_acc": 2.791, "bus_dcc": 1.4041, "bus_lcAssertive": 98.5678, "bus_lcCooperative": 0.1783, "bus_lcLookaheadLeft": 12.0, "bus_lcPushy": 0.3083, "bus_lcSigma": 0.8825, "bus_lcSpeedGainRight": 3.3713, "bus_lcSublane": 0.4623, "bus_sigma": 0.1019, "bus_tau_mean": 2.8821, "bus_tau_std": 6.7031, "bus_v_mean": 23.8193, "bus_v_std": 8.9834, "car_acc": 2.2979, "car_dcc": 2.4563, "car_lcAssertive": 4.4959, "car_lcCooperative": 0.6116, "car_lcLookaheadLeft": 5.7185, "car_lcPushy": 0.675, "car_lcSigma": 0.7001, "car_lcSpeedGainRight": 3.6586, "car_lcSublane": 0.9917, "car_sigma": 0.107, "car_tau_mean": 3.4505, "car_tau_std": 9.9505, "car_v_mean": 12.6832, "car_v_std": 0.2179}, "datetime": {"datetime": "2024-08-12 01:00:45", "elapsed": 1085.721414, "delta": 6.092385}}
{"target": -0.56330303950048, "params": {"bus_acc": 1.6915, "bus_dcc": 3.2896, "bus_lcAssertive": 65.9579, "bus_lcCooperative": 0.572, "bus_lcLookaheadLeft": 20.1613, "bus_lcPushy": 0.2932, "bus_lcSigma": 0.3693, "bus_lcSpeedGainRight": 0.0956, "bus_lcSublane": 0.0938, "bus_sigma": 0.1375, "bus_tau_mean": 0.9351, "bus_tau_std": 8.8741, "bus_v_mean": 8.2396, "bus_v_std": 15.4615, "car_acc": 3.4687, "car_dcc": 3.9765, "car_lcAssertive": 68.8742, "car_lcCooperative": 0.6156, "car_lcLookaheadLeft": 11.8358, "car_lcPushy": 0.9759, "car_lcSigma": 0.6311, "car_lcSpeedGainRight": 2.8331, "car_lcSublane": 0.571, "car_sigma": 0.9104, "car_tau_mean": 2.9115, "car_tau_std": 9.3275, "car_v_mean": 14.4482, "car_v_std": 16.3805}, "datetime": {"datetime": "2024-08-12 01:00:50", "elapsed": 1090.202077, "delta": 4.480663}}
{"target": -0.6026699842291156, "params": {"bus_acc": 3.3659, "bus_dcc": 1.1395, "bus_lcAssertive": 94.321, "bus_lcCooperative": 0.208, "bus_lcLookaheadLeft": 93.3277, "bus_lcPushy": 0.731, "bus_lcSigma": 0.8778, "bus_lcSpeedGainRight": 1.7571, "bus_lcSublane": 0.4874, "bus_sigma": 0.5959, "bus_tau_mean": 1.0313, "bus_tau_std": 7.5169, "bus_v_mean": 22.6697, "bus_v_std": 7.558, "car_acc": 2.5712, "car_dcc": 1.3335, "car_lcAssertive": 98.0322, "car_lcCooperative": 0.413, "car_lcLookaheadLeft": 24.516, "car_lcPushy": 0.7912, "car_lcSigma": 0.4273, "car_lcSpeedGainRight": 2.887, "car_lcSublane": 0.9862, "car_sigma": 0.6965, "car_tau_mean": 3.2158, "car_tau_std": 0.7662, "car_v_mean": 18.1772, "car_v_std": 5.6557}, "datetime": {"datetime": "2024-08-12 01:00:51", "elapsed": 1092.133103, "delta": 1.931026}}
{"target": -0.5046768589528378, "params": {"bus_acc": 2.0699, "bus_dcc": 3.9343, "bus_lcAssertive": 2.1039, "bus_lcCooperative": 0.4591, "bus_lcLookaheadLeft": 36.5477, "bus_lcPushy": 0.9535, "bus_lcSigma": 0.8179, "bus_lcSpeedGainRight": 1.3373, "bus_lcSublane": 0.4832, "bus_sigma": 0.6052, "bus_tau_mean": 0.5279, "bus_tau_std": 1.2764, "bus_v_mean": 24.8856, "bus_v_std": 6.0703, "car_acc": 2.1925, "car_dcc": 2.5234, "car_lcAssertive": 8.9857, "car_lcCooperative": 0.5673, "car_lcLookaheadLeft": 90.8653, "car_lcPushy": 0.3434, "car_lcSigma": 0.3998, "car_lcSpeedGainRight": 0.4894, "car_lcSublane": 0.8419, "car_sigma": 0.416, "car_tau_mean": 1.0025, "car_tau_std": 3.6427, "car_v_mean": 20.9034, "car_v_std": 1.1158}, "datetime": {"datetime": "2024-08-12 01:00:54", "elapsed": 1094.56883, "delta": 2.435727}}
{"target": -0.602340610299482, "params": {"bus_acc": 0.9463, "bus_dcc": 3.8608, "bus_lcAssertive": 15.7611, "bus_lcCooperative": 0.3887, "bus_lcLookaheadLeft": 31.3329, "bus_lcPushy": 0.6784, "bus_lcSigma": 0.368, "bus_lcSpeedGainRight": 4.9905, "bus_lcSublane": 0.8705, "bus_sigma": 0.6731, "bus_tau_mean": 2.2585, "bus_tau_std": 3.631, "bus_v_mean": 16.6752, "bus_v_std": 16.0728, "car_acc": 2.9995, "car_dcc": 1.0294, "car_lcAssertive": 85.7787, "car_lcCooperative": 0.6174, "car_lcLookaheadLeft": 51.4083, "car_lcPushy": 0.0937, "car_lcSigma": 0.6494, "car_lcSpeedGainRight": 3.704, "car_lcSublane": 0.5997, "car_sigma": 0.0551, "car_tau_mean": 0.761, "car_tau_std": 6.3228, "car_v_mean": 13.2471, "car_v_std": 13.7192}, "datetime": {"datetime": "2024-08-12 01:00:56", "elapsed": 1096.669393, "delta": 2.100563}}
{"target": -0.6710021524967161, "params": {"bus_acc": 3.01, "bus_dcc": 2.2791, "bus_lcAssertive": 2.0832, "bus_lcCooperative": 0.3406, "bus_lcLookaheadLeft": 57.1902, "bus_lcPushy": 0.9359, "bus_lcSigma": 0.8845, "bus_lcSpeedGainRight": 4.684, "bus_lcSublane": 0.6729, "bus_sigma": 0.1747, "bus_tau_mean": 1.3096, "bus_tau_std": 2.6957, "bus_v_mean": 17.6562, "bus_v_std": 17.6185, "car_acc": 3.1768, "car_dcc": 0.6442, "car_lcAssertive": 34.9585, "car_lcCooperative": 0.6416, "car_lcLookaheadLeft": 62.0577, "car_lcPushy": 0.0946, "car_lcSigma": 0.2929, "car_lcSpeedGainRight": 1.3024, "car_lcSublane": 0.3073, "car_sigma": 0.7175, "car_tau_mean": 3.1135, "car_tau_std": 8.5578, "car_v_mean": 9.8601, "car_v_std": 16.7888}, "datetime": {"datetime": "2024-08-12 01:00:58", "elapsed": 1098.608648, "delta": 1.939255}}
{"target": -0.49715708201728664, "params": {"bus_acc": 1.3772, "bus_dcc": 3.4566, "bus_lcAssertive": 18.0022, "bus_lcCooperative": 0.798, "bus_lcLookaheadLeft": 98.8308, "bus_lcPushy": 0.7832, "bus_lcSigma": 0.5841, "bus_lcSpeedGainRight": 1.8305, "bus_lcSublane": 0.0321, "bus_sigma": 0.5055, "bus_tau_mean": 3.1134, "bus_tau_std": 2.3454, "bus_v_mean": 14.3515, "bus_v_std": 2.2591, "car_acc": 0.7702, "car_dcc": 0.8711, "car_lcAssertive": 26.9578, "car_lcCooperative": 0.8943, "car_lcLookaheadLeft": 77.5095, "car_lcPushy": 0.0181, "car_lcSigma": 0.5463, "car_lcSpeedGainRight": 0.604, "car_lcSublane": 0.7143, "car_sigma": 0.3898, "car_tau_mean": 3.0077, "car_tau_std": 8.5942, "car_v_mean": 10.3197, "car_v_std": 11.0359}, "datetime": {"datetime": "2024-08-12 01:01:02", "elapsed": 1102.211735, "delta": 3.603087}}
{"target": -0.831933137688979, "params": {"bus_acc": 1.9064, "bus_dcc": 2.1415, "bus_lcAssertive": 99.0144, "bus_lcCooperative": 0.9841, "bus_lcLookaheadLeft": 46.9101, "bus_lcPushy": 0.1508, "bus_lcSigma": 0.0337, "bus_lcSpeedGainRight": 4.8772, "bus_lcSublane": 0.5059, "bus_sigma": 0.2651, "bus_tau_mean": 1.7587, "bus_tau_std": 0.2059, "bus_v_mean": 13.4716, "bus_v_std": 11.1074, "car_acc": 3.1762, "car_dcc": 0.4994, "car_lcAssertive": 17.234, "car_lcCooperative": 0.578, "car_lcLookaheadLeft": 37.8544, "car_lcPushy": 0.6202, "car_lcSigma": 0.0286, "car_lcSpeedGainRight": 4.7317, "car_lcSublane": 0.6453, "car_sigma": 0.4457, "car_tau_mean": 0.8099, "car_tau_std": 9.7995, "car_v_mean": 15.6022, "car_v_std": 17.746}, "datetime": {"datetime": "2024-08-12 01:01:05", "elapsed": 1105.346688, "delta": 3.134953}}
{"target": -0.5371767397539676, "params": {"bus_acc": 2.8205, "bus_dcc": 1.9884, "bus_lcAssertive": 91.0826, "bus_lcCooperative": 0.9894, "bus_lcLookaheadLeft": 12.8928, "bus_lcPushy": 0.5945, "bus_lcSigma": 0.5823, "bus_lcSpeedGainRight": 3.463, "bus_lcSublane": 0.3911, "bus_sigma": 0.9134, "bus_tau_mean": 3.6243, "bus_tau_std": 3.0274, "bus_v_mean": 13.0501, "bus_v_std": 17.8619, "car_acc": 2.8482, "car_dcc": 0.2887, "car_lcAssertive": 91.9801, "car_lcCooperative": 0.864, "car_lcLookaheadLeft": 58.825, "car_lcPushy": 0.5718, "car_lcSigma": 0.2578, "car_lcSpeedGainRight": 2.6913, "car_lcSublane": 0.8449, "car_sigma": 0.9046, "car_tau_mean": 1.9787, "car_tau_std": 4.0971, "car_v_mean": 10.8907, "car_v_std": 18.7502}, "datetime": {"datetime": "2024-08-12 01:01:07", "elapsed": 1107.8565, "delta": 2.509812}}
{"target": -0.660725955837141, "params": {"bus_acc": 3.1635, "bus_dcc": 2.9194, "bus_lcAssertive": 68.2392, "bus_lcCooperative": 0.007, "bus_lcLookaheadLeft": 20.2668, "bus_lcPushy": 0.5165, "bus_lcSigma": 0.9768, "bus_lcSpeedGainRight": 4.5782, "bus_lcSublane": 0.0416, "bus_sigma": 0.2828, "bus_tau_mean": 2.5376, "bus_tau_std": 1.0934, "bus_v_mean": 24.6839, "bus_v_std": 9.3171, "car_acc": 2.3001, "car_dcc": 0.8178, "car_lcAssertive": 87.0203, "car_lcCooperative": 0.347, "car_lcLookaheadLeft": 49.9646, "car_lcPushy": 0.9615, "car_lcSigma": 0.5905, "car_lcSpeedGainRight": 4.2046, "car_lcSublane": 0.2702, "car_sigma": 0.4183, "car_tau_mean": 1.4648, "car_tau_std": 4.7962, "car_v_mean": 20.2382, "car_v_std": 13.3544}, "datetime": {"datetime": "2024-08-12 01:01:10", "elapsed": 1110.674239, "delta": 2.817739}}
{"target": -0.2760186493129916, "params": {"bus_acc": 3.9114, "bus_dcc": 2.9341, "bus_lcAssertive": 11.3635, "bus_lcCooperative": 0.3671, "bus_lcLookaheadLeft": 55.9271, "bus_lcPushy": 0.1936, "bus_lcSigma": 0.8917, "bus_lcSpeedGainRight": 2.898, "bus_lcSublane": 0.8856, "bus_sigma": 0.5506, "bus_tau_mean": 1.3223, "bus_tau_std": 2.3676, "bus_v_mean": 22.9388, "bus_v_std": 19.3286, "car_acc": 0.5854, "car_dcc": 3.4802, "car_lcAssertive": 18.527, "car_lcCooperative": 0.621, "car_lcLookaheadLeft": 93.0778, "car_lcPushy": 0.7576, "car_lcSigma": 0.5339, "car_lcSpeedGainRight": 3.3318, "car_lcSublane": 0.0211, "car_sigma": 0.0987, "car_tau_mean": 1.4432, "car_tau_std": 6.1813, "car_v_mean": 18.5685, "car_v_std": 6.9015}, "datetime": {"datetime": "2024-08-12 01:01:14", "elapsed": 1114.877806, "delta": 4.203567}}
{"target": -0.34558666261069054, "params": {"bus_acc": 3.6584, "bus_dcc": 1.3882, "bus_lcAssertive": 85.1948, "bus_lcCooperative": 0.9641, "bus_lcLookaheadLeft": 28.0419, "bus_lcPushy": 0.066, "bus_lcSigma": 0.1078, "bus_lcSpeedGainRight": 4.0308, "bus_lcSublane": 0.5176, "bus_sigma": 0.4907, "bus_tau_mean": 2.4094, "bus_tau_std": 9.5182, "bus_v_mean": 13.0382, "bus_v_std": 16.2492, "car_acc": 0.2389, "car_dcc": 1.8652, "car_lcAssertive": 58.6134, "car_lcCooperative": 0.3961, "car_lcLookaheadLeft": 94.0026, "car_lcPushy": 0.883, "car_lcSigma": 0.1991, "car_lcSpeedGainRight": 1.6076, "car_lcSublane": 0.3071, "car_sigma": 0.6878, "car_tau_mean": 0.9813, "car_tau_std": 7.3539, "car_v_mean": 24.7825, "car_v_std": 8.0797}, "datetime": {"datetime": "2024-08-12 01:01:17", "elapsed": 1117.992053, "delta": 3.114247}}
