{"target": -0.33732383441173414, "params": {"bus_acc": 1.6663, "bus_dcc": 3.9145, "bus_lcAssertive": 2.3014, "bus_lcCooperative": 0.3658, "bus_lcLookaheadLeft": 23.9573, "bus_lcPushy": 0.1262, "bus_lcSigma": 0.3554, "bus_lcSpeedGainRight": 1.5944, "bus_lcSublane": 0.1298, "bus_sigma": 0.5519, "bus_tau_mean": 2.9202, "bus_tau_std": 7.8153, "bus_v_mean": 9.5179, "bus_v_std": 19.8123, "car_acc": 0.6945, "car_dcc": 2.9893, "car_lcAssertive": 43.0139, "car_lcCooperative": 0.3755, "car_lcLookaheadLeft": 13.9252, "car_lcPushy": 0.5129, "car_lcSigma": 0.9337, "car_lcSpeedGainRight": 4.8603, "car_lcSublane": 0.4028, "car_sigma": 0.8364, "car_tau_mean": 3.3756, "car_tau_std": 8.9101, "car_v_mean": 9.0679, "car_v_std": 1.5361}, "datetime": {"datetime": "2024-08-12 00:50:31", "elapsed": 471.279611, "delta": 1.963007}}
{"target": -0.3632997297808797, "params": {"bus_acc": 1.6565, "bus_dcc": 4.0, "bus_lcAssertive": 1.0, "bus_lcCooperative": 0.3339, "bus_lcLookaheadLeft": 24.4943, "bus_lcPushy": 0.0855, "bus_lcSigma": 0.3474, "bus_lcSpeedGainRight": 1.6009, "bus_lcSublane": 0.0601, "bus_sigma": 0.5756, "bus_tau_mean": 3.0792, "bus_tau_std": 8.128, "bus_v_mean": 8.7031, "bus_v_std": 20.0, "car_acc": 0.606, "car_dcc": 3.0279, "car_lcAssertive": 41.7396, "car_lcCooperative": 0.3688, "car_lcLookaheadLeft": 13.1005, "car_lcPushy": 0.5523, "car_lcSigma": 0.9998, "car_lcSpeedGainRight": 5.0, "car_lcSublane": 0.4235, "car_sigma": 0.9291, "car_tau_mean": 3.4481, "car_tau_std": 9.4199, "car_v_mean": 8.4398, "car_v_std": 0.8716}, "datetime": {"datetime": "2024-08-12 00:50:32", "elapsed": 473.097454, "delta": 1.817843}}
{"target": -0.29978361247433055, "params": {"bus_acc": 2.018, "bus_dcc": 3.1705, "bus_lcAssertive": 1.2446, "bus_lcCooperative": 0.4189, "bus_lcLookaheadLeft": 16.6154, "bus_lcPushy": 0.2089, "bus_lcSigma": 0.3028, "bus_lcSpeedGainRight": 1.9611, "bus_lcSublane": 0.5134, "bus_sigma": 0.5391, "bus_tau_mean": 2.2005, "bus_tau_std": 7.0855, "bus_v_mean": 11.9134, "bus_v_std": 17.7956, "car_acc": 0.4207, "car_dcc": 2.9811, "car_lcAssertive": 42.5465, "car_lcCooperative": 0.5589, "car_lcLookaheadLeft": 15.9912, "car_lcPushy": 0.3147, "car_lcSigma": 0.801, "car_lcSpeedGainRight": 5.0, "car_lcSublane": 0.43, "car_sigma": 0.6926, "car_tau_mean": 3.8007, "car_tau_std": 9.1794, "car_v_mean": 9.7641, "car_v_std": 0.7813}, "datetime": {"datetime": "2024-08-12 00:50:35", "elapsed": 475.410385, "delta": 2.312931}}
{"target": -1.0652560394889277, "params": {"bus_acc": 2.6949, "bus_dcc": 1.7643, "bus_lcAssertive": 28.7042, "bus_lcCooperative": 0.9401, "bus_lcLookaheadLeft": 4.6204, "bus_lcPushy": 0.1021, "bus_lcSigma": 0.9371, "bus_lcSpeedGainRight": 3.8341, "bus_lcSublane": 0.7023, "bus_sigma": 0.3848, "bus_tau_mean": 1.6059, "bus_tau_std": 0.0002, "bus_v_mean": 15.6673, "bus_v_std": 9.9065, "car_acc": 1.9425, "car_dcc": 0.225, "car_lcAssertive": 82.5038, "car_lcCooperative": 0.4549, "car_lcLookaheadLeft": 69.2862, "car_lcPushy": 0.8764, "car_lcSigma": 0.4769, "car_lcSpeedGainRight": 0.9469, "car_lcSublane": 0.6853, "car_sigma": 0.8673, "car_tau_mean": 1.8259, "car_tau_std": 0.4832, "car_v_mean": 9.3482, "car_v_std": 12.5855}, "datetime": {"datetime": "2024-08-12 00:50:37", "elapsed": 477.469193, "delta": 2.058808}}
{"target": -0.23437573336739084, "params": {"bus_acc": 2.0241, "bus_dcc": 3.1766, "bus_lcAssertive": 1.2507, "bus_lcCooperative": 0.4221, "bus_lcLookaheadLeft": 16.6215, "bus_lcPushy": 0.2121, "bus_lcSigma": 0.306, "bus_lcSpeedGainRight": 1.9672, "bus_lcSublane": 0.5165, "bus_sigma": 0.5391, "bus_tau_mean": 2.2066, "bus_tau_std": 7.0916, "bus_v_mean": 11.9196, "bus_v_std": 17.8018, "car_acc": 0.4238, "car_dcc": 2.9872, "car_lcAssertive": 42.5526, "car_lcCooperative": 0.5589, "car_lcLookaheadLeft": 15.9973, "car_lcPushy": 0.3179, "car_lcSigma": 0.801, "car_lcSpeedGainRight": 5.0, "car_lcSublane": 0.4332, "car_sigma": 0.6926, "car_tau_mean": 3.8068, "car_tau_std": 9.1855, "car_v_mean": 9.7702, "car_v_std": 0.7813}, "datetime": {"datetime": "2024-08-12 00:50:40", "elapsed": 480.69817, "delta": 3.228977}}
{"target": -0.5955372707395544, "params": {"bus_acc": 1.6977, "bus_dcc": 1.7338, "bus_lcAssertive": 84.0508, "bus_lcCooperative": 0.4123, "bus_lcLookaheadLeft": 93.8523, "bus_lcPushy": 0.3671, "bus_lcSigma": 0.5288, "bus_lcSpeedGainRight": 4.8323, "bus_lcSublane": 0.6175, "bus_sigma": 0.0486, "bus_tau_mean": 2.427, "bus_tau_std": 4.0709, "bus_v_mean": 18.1666, "bus_v_std": 5.4467, "car_acc": 1.6332, "car_dcc": 2.9489, "car_lcAssertive": 68.173, "car_lcCooperative": 0.9058, "car_lcLookaheadLeft": 14.6393, "car_lcPushy": 0.7643, "car_lcSigma": 0.6386, "car_lcSpeedGainRight": 3.2809, "car_lcSublane": 0.3578, "car_sigma": 0.2155, "car_tau_mean": 1.8888, "car_tau_std": 4.4672, "car_v_mean": 16.689, "car_v_std": 9.2031}, "datetime": {"datetime": "2024-08-12 00:51:07", "elapsed": 507.729641, "delta": 27.031471}}
{"target": -0.2782381620242349, "params": {"bus_acc": 2.0232, "bus_dcc": 3.1757, "bus_lcAssertive": 1.2498, "bus_lcCooperative": 0.4213, "bus_lcLookaheadLeft": 16.6206, "bus_lcPushy": 0.2113, "bus_lcSigma": 0.3053, "bus_lcSpeedGainRight": 1.9663, "bus_lcSublane": 0.5158, "bus_sigma": 0.5388, "bus_tau_mean": 2.2057, "bus_tau_std": 7.0907, "bus_v_mean": 11.9186, "bus_v_std": 17.8008, "car_acc": 0.4231, "car_dcc": 2.9863, "car_lcAssertive": 42.5517, "car_lcCooperative": 0.5587, "car_lcLookaheadLeft": 15.9964, "car_lcPushy": 0.3171, "car_lcSigma": 0.8007, "car_lcSpeedGainRight": 5.0, "car_lcSublane": 0.4324, "car_sigma": 0.6923, "car_tau_mean": 3.8058, "car_tau_std": 9.1845, "car_v_mean": 9.7693, "car_v_std": 0.7811}, "datetime": {"datetime": "2024-08-12 00:51:13", "elapsed": 513.49932, "delta": 5.769679}}
{"target": -0.2285241498950311, "params": {"bus_acc": 2.0234, "bus_dcc": 3.1759, "bus_lcAssertive": 1.25, "bus_lcCooperative": 0.4215, "bus_lcLookaheadLeft": 16.6208, "bus_lcPushy": 0.2115, "bus_lcSigma": 0.3054, "bus_lcSpeedGainRight": 1.9665, "bus_lcSublane": 0.5159, "bus_sigma": 0.5389, "bus_tau_mean": 2.2059, "bus_tau_std": 7.0909, "bus_v_mean": 11.9188, "bus_v_std": 17.801, "car_acc": 0.4232, "car_dcc": 2.9865, "car_lcAssertive": 42.5519, "car_lcCooperative": 0.5588, "car_lcLookaheadLeft": 15.9966, "car_lcPushy": 0.3173, "car_lcSigma": 0.8009, "car_lcSpeedGainRight": 5.0, "car_lcSublane": 0.4326, "car_sigma": 0.6924, "car_tau_mean": 3.806, "car_tau_std": 9.1848, "car_v_mean": 9.7695, "car_v_std": 0.7812}, "datetime": {"datetime": "2024-08-12 00:51:23", "elapsed": 523.984735, "delta": 10.485415}}
{"target": -0.4153963414606925, "params": {"bus_acc": 0.9982, "bus_dcc": 2.6249, "bus_lcAssertive": 91.3266, "bus_lcCooperative": 0.1542, "bus_lcLookaheadLeft": 83.6349, "bus_lcPushy": 0.504, "bus_lcSigma": 0.6573, "bus_lcSpeedGainRight": 3.1596, "bus_lcSublane": 0.6306, "bus_sigma": 0.309, "bus_tau_mean": 2.0512, "bus_tau_std": 6.962, "bus_v_mean": 19.9423, "bus_v_std": 9.0411, "car_acc": 0.7228, "car_dcc": 3.5251, "car_lcAssertive": 67.8151, "car_lcCooperative": 0.8281, "car_lcLookaheadLeft": 27.2776, "car_lcPushy": 0.5745, "car_lcSigma": 0.5071, "car_lcSpeedGainRight": 2.632, "car_lcSublane": 0.3362, "car_sigma": 0.6574, "car_tau_mean": 1.9721, "car_tau_std": 5.899, "car_v_mean": 20.8628, "car_v_std": 13.4736}, "datetime": {"datetime": "2024-08-12 00:51:26", "elapsed": 526.570297, "delta": 2.585562}}
{"target": -0.4385194414964586, "params": {"bus_acc": 1.0849, "bus_dcc": 2.6226, "bus_lcAssertive": 91.6594, "bus_lcCooperative": 0.2358, "bus_lcLookaheadLeft": 82.0763, "bus_lcPushy": 0.3781, "bus_lcSigma": 0.6314, "bus_lcSpeedGainRight": 3.0228, "bus_lcSublane": 0.6359, "bus_sigma": 0.2283, "bus_tau_mean": 1.881, "bus_tau_std": 6.3298, "bus_v_mean": 21.2221, "bus_v_std": 9.3162, "car_acc": 0.8529, "car_dcc": 3.3129, "car_lcAssertive": 71.39, "car_lcCooperative": 0.8034, "car_lcLookaheadLeft": 20.3741, "car_lcPushy": 0.7606, "car_lcSigma": 0.5109, "car_lcSpeedGainRight": 3.0838, "car_lcSublane": 0.4476, "car_sigma": 0.5379, "car_tau_mean": 1.9162, "car_tau_std": 6.4524, "car_v_mean": 20.4439, "car_v_std": 11.0401}, "datetime": {"datetime": "2024-08-12 00:51:39", "elapsed": 540.013029, "delta": 13.442732}}
{"target": -0.4540456715277208, "params": {"bus_acc": 1.0396, "bus_dcc": 2.5998, "bus_lcAssertive": 91.2959, "bus_lcCooperative": 0.2023, "bus_lcLookaheadLeft": 82.502, "bus_lcPushy": 0.4294, "bus_lcSigma": 0.6466, "bus_lcSpeedGainRight": 3.0911, "bus_lcSublane": 0.6298, "bus_sigma": 0.2629, "bus_tau_mean": 1.9689, "bus_tau_std": 6.5151, "bus_v_mean": 20.7612, "bus_v_std": 9.2273, "car_acc": 0.8007, "car_dcc": 3.3707, "car_lcAssertive": 69.5657, "car_lcCooperative": 0.8096, "car_lcLookaheadLeft": 23.5314, "car_lcPushy": 0.679, "car_lcSigma": 0.5095, "car_lcSpeedGainRight": 2.8729, "car_lcSublane": 0.4028, "car_sigma": 0.5862, "car_tau_mean": 1.9465, "car_tau_std": 6.1597, "car_v_mean": 20.5109, "car_v_std": 12.1363}, "datetime": {"datetime": "2024-08-12 00:51:44", "elapsed": 544.207145, "delta": 4.194116}}
{"target": -0.23797162984588885, "params": {"bus_acc": 1.0558, "bus_dcc": 2.6055, "bus_lcAssertive": 91.3269, "bus_lcCooperative": 0.2147, "bus_lcLookaheadLeft": 82.3095, "bus_lcPushy": 0.4159, "bus_lcSigma": 0.6444, "bus_lcSpeedGainRight": 3.0725, "bus_lcSublane": 0.6329, "bus_sigma": 0.2569, "bus_tau_mean": 1.9461, "bus_tau_std": 6.4404, "bus_v_mean": 20.9323, "bus_v_std": 9.2708, "car_acc": 0.822, "car_dcc": 3.355, "car_lcAssertive": 70.0426, "car_lcCooperative": 0.8064, "car_lcLookaheadLeft": 22.5945, "car_lcPushy": 0.7035, "car_lcSigma": 0.5094, "car_lcSpeedGainRight": 2.9168, "car_lcSublane": 0.4183, "car_sigma": 0.5731, "car_tau_mean": 1.9379, "car_tau_std": 6.2422, "car_v_mean": 20.4438, "car_v_std": 11.816}, "datetime": {"datetime": "2024-08-12 00:51:53", "elapsed": 553.584536, "delta": 9.377391}}
{"target": -0.3696397827789423, "params": {"bus_acc": 1.0612, "bus_dcc": 2.6052, "bus_lcAssertive": 91.395, "bus_lcCooperative": 0.2238, "bus_lcLookaheadLeft": 82.2206, "bus_lcPushy": 0.402, "bus_lcSigma": 0.6408, "bus_lcSpeedGainRight": 3.0656, "bus_lcSublane": 0.6316, "bus_sigma": 0.2443, "bus_tau_mean": 1.9245, "bus_tau_std": 6.3933, "bus_v_mean": 21.0464, "bus_v_std": 9.2961, "car_acc": 0.8268, "car_dcc": 3.3342, "car_lcAssertive": 70.5368, "car_lcCooperative": 0.8069, "car_lcLookaheadLeft": 21.7799, "car_lcPushy": 0.723, "car_lcSigma": 0.5094, "car_lcSpeedGainRight": 2.9813, "car_lcSublane": 0.427, "car_sigma": 0.5611, "car_tau_mean": 1.9317, "car_tau_std": 6.3172, "car_v_mean": 20.4471, "car_v_std": 11.5522}, "datetime": {"datetime": "2024-08-12 00:51:57", "elapsed": 558.096442, "delta": 4.511906}}
{"target": -0.2866489148082519, "params": {"bus_acc": 0.9988, "bus_dcc": 2.6286, "bus_lcAssertive": 91.3293, "bus_lcCooperative": 0.1506, "bus_lcLookaheadLeft": 83.6492, "bus_lcPushy": 0.506, "bus_lcSigma": 0.6572, "bus_lcSpeedGainRight": 3.1432, "bus_lcSublane": 0.6327, "bus_sigma": 0.3089, "bus_tau_mean": 2.0447, "bus_tau_std": 7.0083, "bus_v_mean": 19.9304, "bus_v_std": 9.061, "car_acc": 0.708, "car_dcc": 3.5419, "car_lcAssertive": 67.7684, "car_lcCooperative": 0.8316, "car_lcLookaheadLeft": 27.2951, "car_lcPushy": 0.5699, "car_lcSigma": 0.5061, "car_lcSpeedGainRight": 2.6249, "car_lcSublane": 0.3349, "car_sigma": 0.6564, "car_tau_mean": 1.9701, "car_tau_std": 5.9035, "car_v_mean": 20.8617, "car_v_std": 13.4665}, "datetime": {"datetime": "2024-08-12 00:52:00", "elapsed": 560.642217, "delta": 2.545775}}
{"target": -0.2917643367951263, "params": {"bus_acc": 1.7853, "bus_dcc": 2.9378, "bus_lcAssertive": 1.0119, "bus_lcCooperative": 0.3029, "bus_lcLookaheadLeft": 16.8659, "bus_lcPushy": 0.3342, "bus_lcSigma": 0.4282, "bus_lcSpeedGainRight": 1.7284, "bus_lcSublane": 0.3974, "bus_sigma": 0.7807, "bus_tau_mean": 1.9678, "bus_tau_std": 7.336, "bus_v_mean": 12.1639, "bus_v_std": 18.0461, "car_acc": 0.3047, "car_dcc": 2.7484, "car_lcAssertive": 42.797, "car_lcCooperative": 0.8006, "car_lcLookaheadLeft": 16.2417, "car_lcPushy": 0.1987, "car_lcSigma": 1.0, "car_lcSpeedGainRight": 5.0, "car_lcSublane": 0.314, "car_sigma": 0.9342, "car_tau_mean": 4.0, "car_tau_std": 9.4299, "car_v_mean": 10.0146, "car_v_std": 0.7817}, "datetime": {"datetime": "2024-08-12 00:52:07", "elapsed": 567.797258, "delta": 7.155041}}
{"target": -0.34379468267958435, "params": {"bus_acc": 1.0751, "bus_dcc": 2.6167, "bus_lcAssertive": 91.5845, "bus_lcCooperative": 0.2323, "bus_lcLookaheadLeft": 82.1083, "bus_lcPushy": 0.3829, "bus_lcSigma": 0.6343, "bus_lcSpeedGainRight": 3.032, "bus_lcSublane": 0.6349, "bus_sigma": 0.2322, "bus_tau_mean": 1.8901, "bus_tau_std": 6.3433, "bus_v_mean": 21.1984, "bus_v_std": 9.3181, "car_acc": 0.8431, "car_dcc": 3.3149, "car_lcAssertive": 71.1846, "car_lcCooperative": 0.8058, "car_lcLookaheadLeft": 20.6592, "car_lcPushy": 0.753, "car_lcSigma": 0.5105, "car_lcSpeedGainRight": 3.0609, "car_lcSublane": 0.4432, "car_sigma": 0.543, "car_tau_mean": 1.9196, "car_tau_std": 6.4205, "car_v_mean": 20.4461, "car_v_std": 11.1599}, "datetime": {"datetime": "2024-08-12 00:52:09", "elapsed": 569.618704, "delta": 1.821446}}
{"target": -0.3321622122240479, "params": {"bus_acc": 1.9932, "bus_dcc": 2.9372, "bus_lcAssertive": 1.2198, "bus_lcCooperative": 0.5109, "bus_lcLookaheadLeft": 16.7966, "bus_lcPushy": 0.3009, "bus_lcSigma": 0.3948, "bus_lcSpeedGainRight": 1.9363, "bus_lcSublane": 0.6053, "bus_sigma": 0.9538, "bus_tau_mean": 2.1757, "bus_tau_std": 7.2672, "bus_v_mean": 12.0947, "bus_v_std": 17.9769, "car_acc": 0.5126, "car_dcc": 2.9563, "car_lcAssertive": 42.7277, "car_lcCooperative": 0.7672, "car_lcLookaheadLeft": 16.1724, "car_lcPushy": 0.4066, "car_lcSigma": 1.0, "car_lcSpeedGainRight": 5.0, "car_lcSublane": 0.5219, "car_sigma": 1.0, "car_tau_mean": 3.7749, "car_tau_std": 9.3606, "car_v_mean": 9.9453, "car_v_std": 0.9896}, "datetime": {"datetime": "2024-08-12 00:52:17", "elapsed": 577.279151, "delta": 7.660447}}
{"target": -0.38468673699251205, "params": {"bus_acc": 1.7893, "bus_dcc": 2.9418, "bus_lcAssertive": 1.0159, "bus_lcCooperative": 0.3069, "bus_lcLookaheadLeft": 16.3867, "bus_lcPushy": 0.0969, "bus_lcSigma": 0.1909, "bus_lcSpeedGainRight": 1.7324, "bus_lcSublane": 0.4014, "bus_sigma": 0.5434, "bus_tau_mean": 1.9718, "bus_tau_std": 6.8568, "bus_v_mean": 11.6847, "bus_v_std": 17.5669, "car_acc": 0.3087, "car_dcc": 2.7524, "car_lcAssertive": 42.3178, "car_lcCooperative": 0.5633, "car_lcLookaheadLeft": 15.7625, "car_lcPushy": 0.2027, "car_lcSigma": 0.8053, "car_lcSpeedGainRight": 4.8459, "car_lcSublane": 0.318, "car_sigma": 0.6969, "car_tau_mean": 3.572, "car_tau_std": 8.9507, "car_v_mean": 9.5354, "car_v_std": 0.7857}, "datetime": {"datetime": "2024-08-12 00:52:26", "elapsed": 586.838267, "delta": 9.559116}}
{"target": -0.9381313522626327, "params": {"bus_acc": 3.5812, "bus_dcc": 3.3456, "bus_lcAssertive": 23.5823, "bus_lcCooperative": 0.6078, "bus_lcLookaheadLeft": 77.5871, "bus_lcPushy": 0.9146, "bus_lcSigma": 0.0945, "bus_lcSpeedGainRight": 4.7589, "bus_lcSublane": 0.7358, "bus_sigma": 0.2236, "bus_tau_mean": 2.4511, "bus_tau_std": 4.2836, "bus_v_mean": 21.0967, "bus_v_std": 14.745, "car_acc": 2.7537, "car_dcc": 0.5811, "car_lcAssertive": 92.7811, "car_lcCooperative": 0.2575, "car_lcLookaheadLeft": 13.7023, "car_lcPushy": 0.5806, "car_lcSigma": 0.4638, "car_lcSpeedGainRight": 0.0643, "car_lcSublane": 0.6092, "car_sigma": 0.4598, "car_tau_mean": 3.5384, "car_tau_std": 2.245, "car_v_mean": 20.4139, "car_v_std": 7.6443}, "datetime": {"datetime": "2024-08-12 00:52:29", "elapsed": 589.769366, "delta": 2.931099}}
{"target": -0.34431656258509896, "params": {"bus_acc": 1.8408, "bus_dcc": 2.8851, "bus_lcAssertive": 20.7031, "bus_lcCooperative": 0.8535, "bus_lcLookaheadLeft": 81.3881, "bus_lcPushy": 0.9052, "bus_lcSigma": 0.6427, "bus_lcSpeedGainRight": 4.9176, "bus_lcSublane": 0.1013, "bus_sigma": 0.4932, "bus_tau_mean": 1.6756, "bus_tau_std": 0.8004, "bus_v_mean": 18.6287, "bus_v_std": 6.2885, "car_acc": 0.2642, "car_dcc": 2.873, "car_lcAssertive": 90.3068, "car_lcCooperative": 0.0961, "car_lcLookaheadLeft": 16.3384, "car_lcPushy": 0.2482, "car_lcSigma": 0.418, "car_lcSpeedGainRight": 0.4776, "car_lcSublane": 0.463, "car_sigma": 0.0191, "car_tau_mean": 3.1367, "car_tau_std": 6.4341, "car_v_mean": 22.3412, "car_v_std": 10.9325}, "datetime": {"datetime": "2024-08-12 00:52:33", "elapsed": 593.228101, "delta": 3.458735}}
{"target": -0.5335456816655985, "params": {"bus_acc": 1.2283, "bus_dcc": 2.9283, "bus_lcAssertive": 66.0077, "bus_lcCooperative": 0.0956, "bus_lcLookaheadLeft": 51.0365, "bus_lcPushy": 0.7543, "bus_lcSigma": 0.2521, "bus_lcSpeedGainRight": 4.0006, "bus_lcSublane": 0.388, "bus_sigma": 0.1993, "bus_tau_mean": 1.9748, "bus_tau_std": 4.8894, "bus_v_mean": 9.4514, "bus_v_std": 1.8635, "car_acc": 3.4899, "car_dcc": 3.0142, "car_lcAssertive": 36.5507, "car_lcCooperative": 0.7907, "car_lcLookaheadLeft": 86.56, "car_lcPushy": 0.0244, "car_lcSigma": 0.3058, "car_lcSpeedGainRight": 3.6506, "car_lcSublane": 0.0526, "car_sigma": 0.6965, "car_tau_mean": 1.4746, "car_tau_std": 6.5619, "car_v_mean": 15.2671, "car_v_std": 17.8776}, "datetime": {"datetime": "2024-08-12 00:52:35", "elapsed": 595.815264, "delta": 2.587163}}
{"target": -0.5285360783372933, "params": {"bus_acc": 3.4312, "bus_dcc": 2.4753, "bus_lcAssertive": 32.9963, "bus_lcCooperative": 0.2652, "bus_lcLookaheadLeft": 65.3139, "bus_lcPushy": 0.0059, "bus_lcSigma": 0.9831, "bus_lcSpeedGainRight": 3.8678, "bus_lcSublane": 0.1009, "bus_sigma": 0.2199, "bus_tau_mean": 1.8523, "bus_tau_std": 6.6557, "bus_v_mean": 16.0804, "bus_v_std": 16.6302, "car_acc": 1.5849, "car_dcc": 1.5562, "car_lcAssertive": 21.5648, "car_lcCooperative": 0.4783, "car_lcLookaheadLeft": 46.6899, "car_lcPushy": 0.1134, "car_lcSigma": 0.0393, "car_lcSpeedGainRight": 2.8968, "car_lcSublane": 0.5324, "car_sigma": 0.7103, "car_tau_mean": 1.6089, "car_tau_std": 9.5152, "car_v_mean": 14.8219, "car_v_std": 14.8312}, "datetime": {"datetime": "2024-08-12 00:52:38", "elapsed": 598.232522, "delta": 2.417258}}
{"target": -0.6315126503579175, "params": {"bus_acc": 1.5609, "bus_dcc": 3.0598, "bus_lcAssertive": 96.2275, "bus_lcCooperative": 0.1059, "bus_lcLookaheadLeft": 28.9918, "bus_lcPushy": 0.9758, "bus_lcSigma": 0.8144, "bus_lcSpeedGainRight": 3.6432, "bus_lcSublane": 0.8146, "bus_sigma": 0.762, "bus_tau_mean": 2.4645, "bus_tau_std": 4.9116, "bus_v_mean": 16.5309, "bus_v_std": 16.6794, "car_acc": 1.439, "car_dcc": 1.9625, "car_lcAssertive": 60.4638, "car_lcCooperative": 0.6043, "car_lcLookaheadLeft": 71.9409, "car_lcPushy": 0.6785, "car_lcSigma": 0.5885, "car_lcSpeedGainRight": 1.1437, "car_lcSublane": 0.366, "car_sigma": 0.8527, "car_tau_mean": 2.5736, "car_tau_std": 5.0852, "car_v_mean": 14.246, "car_v_std": 10.9662}, "datetime": {"datetime": "2024-08-12 00:52:40", "elapsed": 600.840213, "delta": 2.607691}}
{"target": -0.454965369727234, "params": {"bus_acc": 3.022, "bus_dcc": 3.5969, "bus_lcAssertive": 21.0611, "bus_lcCooperative": 0.0805, "bus_lcLookaheadLeft": 11.3967, "bus_lcPushy": 0.4374, "bus_lcSigma": 0.8902, "bus_lcSpeedGainRight": 3.5407, "bus_lcSublane": 0.3783, "bus_sigma": 0.4585, "bus_tau_mean": 1.8576, "bus_tau_std": 4.6379, "bus_v_mean": 24.7437, "bus_v_std": 4.486, "car_acc": 1.9052, "car_dcc": 3.7559, "car_lcAssertive": 62.2294, "car_lcCooperative": 0.1171, "car_lcLookaheadLeft": 75.368, "car_lcPushy": 0.3505, "car_lcSigma": 0.1511, "car_lcSpeedGainRight": 1.9087, "car_lcSublane": 0.3144, "car_sigma": 0.6557, "car_tau_mean": 1.5878, "car_tau_std": 9.447, "car_v_mean": 9.4225, "car_v_std": 0.7215}, "datetime": {"datetime": "2024-08-12 00:52:48", "elapsed": 608.288795, "delta": 7.448582}}
{"target": -0.5171073888693973, "params": {"bus_acc": 3.8418, "bus_dcc": 2.9918, "bus_lcAssertive": 42.3116, "bus_lcCooperative": 0.4304, "bus_lcLookaheadLeft": 80.7789, "bus_lcPushy": 0.987, "bus_lcSigma": 0.6802, "bus_lcSpeedGainRight": 1.8001, "bus_lcSublane": 0.3655, "bus_sigma": 0.2224, "bus_tau_mean": 2.7841, "bus_tau_std": 1.2814, "bus_v_mean": 11.9336, "bus_v_std": 10.8174, "car_acc": 2.0148, "car_dcc": 1.3299, "car_lcAssertive": 54.0529, "car_lcCooperative": 0.0767, "car_lcLookaheadLeft": 20.5864, "car_lcPushy": 0.3655, "car_lcSigma": 0.0271, "car_lcSpeedGainRight": 2.4023, "car_lcSublane": 0.5201, "car_sigma": 0.4412, "car_tau_mean": 2.9811, "car_tau_std": 4.8706, "car_v_mean": 14.395, "car_v_std": 3.1809}, "datetime": {"datetime": "2024-08-12 00:52:52", "elapsed": 612.739013, "delta": 4.450218}}
{"target": -0.8240385998496933, "params": {"bus_acc": 0.5661, "bus_dcc": 1.3704, "bus_lcAssertive": 44.1214, "bus_lcCooperative": 0.9867, "bus_lcLookaheadLeft": 66.2827, "bus_lcPushy": 0.8164, "bus_lcSigma": 0.0, "bus_lcSpeedGainRight": 3.2399, "bus_lcSublane": 0.1923, "bus_sigma": 0.8218, "bus_tau_mean": 1.1239, "bus_tau_std": 1.9025, "bus_v_mean": 19.3857, "bus_v_std": 8.8512, "car_acc": 0.2, "car_dcc": 0.9535, "car_lcAssertive": 33.6071, "car_lcCooperative": 0.9895, "car_lcLookaheadLeft": 91.334, "car_lcPushy": 0.0, "car_lcSigma": 0.7654, "car_lcSpeedGainRight": 0.0, "car_lcSublane": 0.0, "car_sigma": 0.9129, "car_tau_mean": 0.6049, "car_tau_std": 10.0, "car_v_mean": 14.3307, "car_v_std": 0.0}, "datetime": {"datetime": "2024-08-12 00:52:55", "elapsed": 615.385904, "delta": 2.646891}}
{"target": -0.46089439155908707, "params": {"bus_acc": 0.5331, "bus_dcc": 3.59, "bus_lcAssertive": 75.8409, "bus_lcCooperative": 0.2258, "bus_lcLookaheadLeft": 9.4538, "bus_lcPushy": 0.3522, "bus_lcSigma": 0.9562, "bus_lcSpeedGainRight": 0.0112, "bus_lcSublane": 0.1223, "bus_sigma": 0.624, "bus_tau_mean": 2.9709, "bus_tau_std": 6.8114, "bus_v_mean": 10.3989, "bus_v_std": 15.1346, "car_acc": 3.1353, "car_dcc": 2.1106, "car_lcAssertive": 13.3548, "car_lcCooperative": 0.4856, "car_lcLookaheadLeft": 43.0742, "car_lcPushy": 0.9832, "car_lcSigma": 0.9914, "car_lcSpeedGainRight": 2.5551, "car_lcSublane": 0.1231, "car_sigma": 0.9637, "car_tau_mean": 2.719, "car_tau_std": 6.8423, "car_v_mean": 23.7452, "car_v_std": 2.4817}, "datetime": {"datetime": "2024-08-12 00:53:01", "elapsed": 621.65464, "delta": 6.268736}}
