{"target": -0.4748194593020097, "params": {"bus_acc": 0.359, "bus_dcc": 3.0921, "bus_lcAssertive": 41.8195, "bus_lcCooperative": 0.3203, "bus_lcLookaheadLeft": 13.1464, "bus_lcPushy": 0.5685, "bus_lcSigma": 0.8361, "bus_lcSpeedGainRight": 0.0818, "bus_lcSublane": 0.1098, "bus_sigma": 0.6043, "bus_tau_mean": 3.5536, "bus_tau_std": 4.3369, "bus_v_mean": 10.6664, "bus_v_std": 14.6269, "car_acc": 2.654, "car_dcc": 3.4052, "car_lcAssertive": 90.0237, "car_lcCooperative": 0.425, "car_lcLookaheadLeft": 61.1038, "car_lcPushy": 0.6687, "car_lcSigma": 0.4483, "car_lcSpeedGainRight": 2.4612, "car_lcSublane": 0.4783, "car_sigma": 0.3841, "car_tau_mean": 1.081, "car_tau_std": 4.6864, "car_v_mean": 13.4823, "car_v_std": 14.4993}, "datetime": {"datetime": "2024-08-12 01:10:54", "elapsed": 1694.594209, "delta": 2.65507}}
{"target": -0.6727541748250666, "params": {"bus_acc": 3.4256, "bus_dcc": 2.8944, "bus_lcAssertive": 15.9836, "bus_lcCooperative": 0.9657, "bus_lcLookaheadLeft": 90.023, "bus_lcPushy": 0.4221, "bus_lcSigma": 0.7147, "bus_lcSpeedGainRight": 1.156, "bus_lcSublane": 0.9899, "bus_sigma": 0.358, "bus_tau_mean": 3.5434, "bus_tau_std": 9.6252, "bus_v_mean": 17.4866, "bus_v_std": 14.3867, "car_acc": 2.8675, "car_dcc": 3.9333, "car_lcAssertive": 33.4312, "car_lcCooperative": 0.5814, "car_lcLookaheadLeft": 33.988, "car_lcPushy": 0.6001, "car_lcSigma": 0.568, "car_lcSpeedGainRight": 0.6879, "car_lcSublane": 0.8834, "car_sigma": 0.1489, "car_tau_mean": 0.5597, "car_tau_std": 3.8594, "car_v_mean": 20.7893, "car_v_std": 18.311}, "datetime": {"datetime": "2024-08-12 01:10:59", "elapsed": 1699.313537, "delta": 4.719328}}
{"target": -0.7759373140081328, "params": {"bus_acc": 1.4618, "bus_dcc": 1.2978, "bus_lcAssertive": 18.5961, "bus_lcCooperative": 0.5031, "bus_lcLookaheadLeft": 83.2845, "bus_lcPushy": 0.3062, "bus_lcSigma": 0.8449, "bus_lcSpeedGainRight": 1.2825, "bus_lcSublane": 0.344, "bus_sigma": 0.5072, "bus_tau_mean": 1.7628, "bus_tau_std": 0.9221, "bus_v_mean": 14.1801, "bus_v_std": 14.4183, "car_acc": 0.9742, "car_dcc": 0.5623, "car_lcAssertive": 89.6924, "car_lcCooperative": 0.0738, "car_lcLookaheadLeft": 79.2753, "car_lcPushy": 0.4256, "car_lcSigma": 0.6585, "car_lcSpeedGainRight": 2.7415, "car_lcSublane": 0.4608, "car_sigma": 0.1441, "car_tau_mean": 1.2953, "car_tau_std": 8.5659, "car_v_mean": 11.5105, "car_v_std": 18.598}, "datetime": {"datetime": "2024-08-12 01:11:03", "elapsed": 1703.504028, "delta": 4.190491}}
{"target": -1.2901795280052417, "params": {"bus_acc": 1.9629, "bus_dcc": 0.578, "bus_lcAssertive": 37.3933, "bus_lcCooperative": 0.8078, "bus_lcLookaheadLeft": 25.27, "bus_lcPushy": 0.2375, "bus_lcSigma": 0.3619, "bus_lcSpeedGainRight": 4.5891, "bus_lcSublane": 0.4876, "bus_sigma": 0.5257, "bus_tau_mean": 3.191, "bus_tau_std": 0.0434, "bus_v_mean": 11.6327, "bus_v_std": 8.3235, "car_acc": 3.8452, "car_dcc": 2.0979, "car_lcAssertive": 44.5635, "car_lcCooperative": 0.3165, "car_lcLookaheadLeft": 96.5885, "car_lcPushy": 0.3673, "car_lcSigma": 0.0277, "car_lcSpeedGainRight": 0.0107, "car_lcSublane": 0.1055, "car_sigma": 0.0786, "car_tau_mean": 3.0644, "car_tau_std": 9.2934, "car_v_mean": 16.2235, "car_v_std": 17.2978}, "datetime": {"datetime": "2024-08-12 01:11:06", "elapsed": 1706.321059, "delta": 2.817031}}
{"target": -0.25278280111776197, "params": {"bus_acc": 1.6126, "bus_dcc": 0.2907, "bus_lcAssertive": 9.9799, "bus_lcCooperative": 0.6814, "bus_lcLookaheadLeft": 12.9751, "bus_lcPushy": 0.8602, "bus_lcSigma": 0.5876, "bus_lcSpeedGainRight": 2.2268, "bus_lcSublane": 0.8677, "bus_sigma": 0.4119, "bus_tau_mean": 3.564, "bus_tau_std": 5.2468, "bus_v_mean": 14.5879, "bus_v_std": 13.413, "car_acc": 0.2139, "car_dcc": 2.2853, "car_lcAssertive": 54.7728, "car_lcCooperative": 0.268, "car_lcLookaheadLeft": 53.2268, "car_lcPushy": 0.3403, "car_lcSigma": 0.3493, "car_lcSpeedGainRight": 1.4902, "car_lcSublane": 0.9044, "car_sigma": 0.223, "car_tau_mean": 1.8863, "car_tau_std": 6.8194, "car_v_mean": 19.4086, "car_v_std": 4.2899}, "datetime": {"datetime": "2024-08-12 01:11:09", "elapsed": 1709.276999, "delta": 2.95594}}
{"target": -0.6198504365432426, "params": {"bus_acc": 2.627, "bus_dcc": 2.5638, "bus_lcAssertive": 17.7171, "bus_lcCooperative": 0.7267, "bus_lcLookaheadLeft": 45.429, "bus_lcPushy": 0.8262, "bus_lcSigma": 0.4238, "bus_lcSpeedGainRight": 0.013, "bus_lcSublane": 0.8556, "bus_sigma": 0.834, "bus_tau_mean": 2.8888, "bus_tau_std": 2.0758, "bus_v_mean": 14.8421, "bus_v_std": 2.1532, "car_acc": 0.3024, "car_dcc": 3.4701, "car_lcAssertive": 10.4265, "car_lcCooperative": 0.6856, "car_lcLookaheadLeft": 10.5172, "car_lcPushy": 0.4101, "car_lcSigma": 0.6176, "car_lcSpeedGainRight": 3.2341, "car_lcSublane": 0.3015, "car_sigma": 0.9896, "car_tau_mean": 3.1802, "car_tau_std": 0.1283, "car_v_mean": 8.0636, "car_v_std": 16.6675}, "datetime": {"datetime": "2024-08-12 01:11:11", "elapsed": 1712.039947, "delta": 2.762948}}
{"target": -0.6464084255703381, "params": {"bus_acc": 3.0688, "bus_dcc": 2.0214, "bus_lcAssertive": 44.0358, "bus_lcCooperative": 0.9694, "bus_lcLookaheadLeft": 78.2615, "bus_lcPushy": 0.4479, "bus_lcSigma": 0.802, "bus_lcSpeedGainRight": 0.8582, "bus_lcSublane": 0.4977, "bus_sigma": 0.3428, "bus_tau_mean": 3.5442, "bus_tau_std": 8.8257, "bus_v_mean": 24.2191, "bus_v_std": 3.9387, "car_acc": 3.8227, "car_dcc": 1.9607, "car_lcAssertive": 62.5878, "car_lcCooperative": 0.2319, "car_lcLookaheadLeft": 40.5439, "car_lcPushy": 0.1704, "car_lcSigma": 0.3005, "car_lcSpeedGainRight": 3.9714, "car_lcSublane": 0.6263, "car_sigma": 0.2491, "car_tau_mean": 2.5237, "car_tau_std": 7.4481, "car_v_mean": 9.6436, "car_v_std": 5.4284}, "datetime": {"datetime": "2024-08-12 01:11:14", "elapsed": 1715.139772, "delta": 3.099825}}
{"target": -0.5568461852649403, "params": {"bus_acc": 2.9834, "bus_dcc": 3.7656, "bus_lcAssertive": 52.9365, "bus_lcCooperative": 0.9851, "bus_lcLookaheadLeft": 84.1746, "bus_lcPushy": 0.1949, "bus_lcSigma": 0.744, "bus_lcSpeedGainRight": 3.0675, "bus_lcSublane": 0.2967, "bus_sigma": 0.1749, "bus_tau_mean": 3.4746, "bus_tau_std": 1.3018, "bus_v_mean": 25.8709, "bus_v_std": 13.4427, "car_acc": 2.2562, "car_dcc": 3.3127, "car_lcAssertive": 52.0274, "car_lcCooperative": 0.4437, "car_lcLookaheadLeft": 11.6738, "car_lcPushy": 0.4054, "car_lcSigma": 0.796, "car_lcSpeedGainRight": 4.8418, "car_lcSublane": 0.6721, "car_sigma": 0.1113, "car_tau_mean": 1.1725, "car_tau_std": 0.4416, "car_v_mean": 9.3747, "car_v_std": 16.5892}, "datetime": {"datetime": "2024-08-12 01:11:19", "elapsed": 1719.407296, "delta": 4.267524}}
{"target": -0.5025153503700895, "params": {"bus_acc": 1.2028, "bus_dcc": 3.2738, "bus_lcAssertive": 82.5895, "bus_lcCooperative": 0.6882, "bus_lcLookaheadLeft": 18.2554, "bus_lcPushy": 0.1659, "bus_lcSigma": 0.0953, "bus_lcSpeedGainRight": 4.5012, "bus_lcSublane": 0.3701, "bus_sigma": 0.3707, "bus_tau_mean": 1.7215, "bus_tau_std": 4.7979, "bus_v_mean": 18.3115, "bus_v_std": 15.2203, "car_acc": 0.5572, "car_dcc": 0.4961, "car_lcAssertive": 32.2201, "car_lcCooperative": 0.984, "car_lcLookaheadLeft": 89.5026, "car_lcPushy": 0.6884, "car_lcSigma": 0.3611, "car_lcSpeedGainRight": 0.9343, "car_lcSublane": 0.8525, "car_sigma": 0.8472, "car_tau_mean": 1.3461, "car_tau_std": 9.183, "car_v_mean": 16.2198, "car_v_std": 12.8726}, "datetime": {"datetime": "2024-08-12 01:11:23", "elapsed": 1723.501522, "delta": 4.094226}}
{"target": -0.6288287241783421, "params": {"bus_acc": 2.4472, "bus_dcc": 0.8021, "bus_lcAssertive": 39.7425, "bus_lcCooperative": 0.7552, "bus_lcLookaheadLeft": 64.9433, "bus_lcPushy": 0.1461, "bus_lcSigma": 0.151, "bus_lcSpeedGainRight": 4.9339, "bus_lcSublane": 0.3681, "bus_sigma": 0.322, "bus_tau_mean": 1.9203, "bus_tau_std": 9.6241, "bus_v_mean": 18.0917, "bus_v_std": 2.6691, "car_acc": 2.7885, "car_dcc": 3.2584, "car_lcAssertive": 31.4039, "car_lcCooperative": 0.5266, "car_lcLookaheadLeft": 11.9261, "car_lcPushy": 0.0106, "car_lcSigma": 0.3186, "car_lcSpeedGainRight": 3.8563, "car_lcSublane": 0.6588, "car_sigma": 0.0915, "car_tau_mean": 0.5902, "car_tau_std": 5.2929, "car_v_mean": 8.0054, "car_v_std": 14.5728}, "datetime": {"datetime": "2024-08-12 01:11:28", "elapsed": 1729.131064, "delta": 5.629542}}
{"target": -0.6144858390892409, "params": {"bus_acc": 2.3662, "bus_dcc": 3.4347, "bus_lcAssertive": 45.1091, "bus_lcCooperative": 0.1271, "bus_lcLookaheadLeft": 4.8429, "bus_lcPushy": 0.4535, "bus_lcSigma": 0.1995, "bus_lcSpeedGainRight": 2.4506, "bus_lcSublane": 0.5544, "bus_sigma": 0.2867, "bus_tau_mean": 3.5006, "bus_tau_std": 9.7897, "bus_v_mean": 10.3558, "bus_v_std": 0.1053, "car_acc": 3.3176, "car_dcc": 0.4535, "car_lcAssertive": 19.5028, "car_lcCooperative": 0.5056, "car_lcLookaheadLeft": 93.0467, "car_lcPushy": 0.2467, "car_lcSigma": 0.893, "car_lcSpeedGainRight": 0.6251, "car_lcSublane": 0.3661, "car_sigma": 0.1448, "car_tau_mean": 3.7218, "car_tau_std": 1.6887, "car_v_mean": 14.3291, "car_v_std": 5.7713}, "datetime": {"datetime": "2024-08-12 01:11:32", "elapsed": 1732.207206, "delta": 3.076142}}
{"target": -0.49277369408693833, "params": {"bus_acc": 0.7679, "bus_dcc": 0.7565, "bus_lcAssertive": 30.4696, "bus_lcCooperative": 0.1638, "bus_lcLookaheadLeft": 13.3947, "bus_lcPushy": 0.0043, "bus_lcSigma": 0.4325, "bus_lcSpeedGainRight": 2.3526, "bus_lcSublane": 0.3141, "bus_sigma": 0.3279, "bus_tau_mean": 3.635, "bus_tau_std": 4.7899, "bus_v_mean": 15.2956, "bus_v_std": 8.8209, "car_acc": 0.5269, "car_dcc": 1.6814, "car_lcAssertive": 18.488, "car_lcCooperative": 0.7434, "car_lcLookaheadLeft": 32.5075, "car_lcPushy": 0.9723, "car_lcSigma": 0.8662, "car_lcSpeedGainRight": 1.6473, "car_lcSublane": 0.9142, "car_sigma": 0.3189, "car_tau_mean": 0.8809, "car_tau_std": 8.7715, "car_v_mean": 11.0403, "car_v_std": 8.5429}, "datetime": {"datetime": "2024-08-12 01:11:35", "elapsed": 1735.620132, "delta": 3.412926}}
{"target": -0.7005680674695755, "params": {"bus_acc": 0.4351, "bus_dcc": 0.9138, "bus_lcAssertive": 30.3353, "bus_lcCooperative": 0.5704, "bus_lcLookaheadLeft": 89.788, "bus_lcPushy": 0.7633, "bus_lcSigma": 0.4303, "bus_lcSpeedGainRight": 2.562, "bus_lcSublane": 0.7297, "bus_sigma": 0.4295, "bus_tau_mean": 3.7879, "bus_tau_std": 2.5706, "bus_v_mean": 9.5651, "bus_v_std": 2.4391, "car_acc": 3.2655, "car_dcc": 1.0554, "car_lcAssertive": 48.7583, "car_lcCooperative": 0.7706, "car_lcLookaheadLeft": 38.3009, "car_lcPushy": 0.4007, "car_lcSigma": 0.6731, "car_lcSpeedGainRight": 1.6511, "car_lcSublane": 0.3741, "car_sigma": 0.7825, "car_tau_mean": 3.9445, "car_tau_std": 2.8438, "car_v_mean": 23.0999, "car_v_std": 19.8936}, "datetime": {"datetime": "2024-08-12 01:11:38", "elapsed": 1739.128937, "delta": 3.508805}}
{"target": -0.7132510641998362, "params": {"bus_acc": 3.5414, "bus_dcc": 0.8746, "bus_lcAssertive": 48.3634, "bus_lcCooperative": 0.2354, "bus_lcLookaheadLeft": 61.8866, "bus_lcPushy": 0.9436, "bus_lcSigma": 0.6629, "bus_lcSpeedGainRight": 3.145, "bus_lcSublane": 0.3676, "bus_sigma": 0.2916, "bus_tau_mean": 3.0826, "bus_tau_std": 6.7065, "bus_v_mean": 25.7979, "bus_v_std": 19.9223, "car_acc": 3.0191, "car_dcc": 3.2653, "car_lcAssertive": 52.0961, "car_lcCooperative": 0.776, "car_lcLookaheadLeft": 26.507, "car_lcPushy": 0.8442, "car_lcSigma": 0.1463, "car_lcSpeedGainRight": 4.3972, "car_lcSublane": 0.977, "car_sigma": 0.0201, "car_tau_mean": 3.6021, "car_tau_std": 9.8008, "car_v_mean": 22.8206, "car_v_std": 13.657}, "datetime": {"datetime": "2024-08-12 01:11:42", "elapsed": 1742.67483, "delta": 3.545893}}
{"target": -0.5843966861055508, "params": {"bus_acc": 0.5779, "bus_dcc": 0.7533, "bus_lcAssertive": 77.7939, "bus_lcCooperative": 0.1501, "bus_lcLookaheadLeft": 52.8735, "bus_lcPushy": 0.7273, "bus_lcSigma": 0.1312, "bus_lcSpeedGainRight": 2.1105, "bus_lcSublane": 0.5589, "bus_sigma": 0.4327, "bus_tau_mean": 2.1315, "bus_tau_std": 5.804, "bus_v_mean": 8.8718, "bus_v_std": 5.1476, "car_acc": 2.6785, "car_dcc": 1.6614, "car_lcAssertive": 85.9565, "car_lcCooperative": 0.6795, "car_lcLookaheadLeft": 5.682, "car_lcPushy": 0.2854, "car_lcSigma": 0.9274, "car_lcSpeedGainRight": 1.6071, "car_lcSublane": 0.151, "car_sigma": 0.7908, "car_tau_mean": 2.7861, "car_tau_std": 8.6204, "car_v_mean": 12.5696, "car_v_std": 8.2558}, "datetime": {"datetime": "2024-08-12 01:11:46", "elapsed": 1746.732522, "delta": 4.057692}}
{"target": -0.32962321326870175, "params": {"bus_acc": 0.3068, "bus_dcc": 3.5675, "bus_lcAssertive": 42.2453, "bus_lcCooperative": 0.9285, "bus_lcLookaheadLeft": 16.387, "bus_lcPushy": 0.368, "bus_lcSigma": 0.243, "bus_lcSpeedGainRight": 0.8151, "bus_lcSublane": 0.7931, "bus_sigma": 0.0985, "bus_tau_mean": 3.0967, "bus_tau_std": 8.7227, "bus_v_mean": 21.7616, "bus_v_std": 18.1783, "car_acc": 1.7509, "car_dcc": 1.7309, "car_lcAssertive": 59.751, "car_lcCooperative": 0.6249, "car_lcLookaheadLeft": 74.0918, "car_lcPushy": 0.4732, "car_lcSigma": 0.5446, "car_lcSpeedGainRight": 0.6806, "car_lcSublane": 0.0921, "car_sigma": 0.1207, "car_tau_mean": 1.564, "car_tau_std": 5.8894, "car_v_mean": 20.4754, "car_v_std": 19.1654}, "datetime": {"datetime": "2024-08-12 01:11:49", "elapsed": 1750.125282, "delta": 3.39276}}
{"target": -0.44237193956783316, "params": {"bus_acc": 3.9339, "bus_dcc": 3.1197, "bus_lcAssertive": 80.2263, "bus_lcCooperative": 0.9325, "bus_lcLookaheadLeft": 61.7288, "bus_lcPushy": 0.5679, "bus_lcSigma": 0.8052, "bus_lcSpeedGainRight": 4.2171, "bus_lcSublane": 0.0293, "bus_sigma": 0.8809, "bus_tau_mean": 1.8537, "bus_tau_std": 3.6502, "bus_v_mean": 22.1567, "bus_v_std": 19.387, "car_acc": 0.3957, "car_dcc": 3.2155, "car_lcAssertive": 83.874, "car_lcCooperative": 0.423, "car_lcLookaheadLeft": 11.2579, "car_lcPushy": 0.954, "car_lcSigma": 0.0847, "car_lcSpeedGainRight": 3.112, "car_lcSublane": 0.116, "car_sigma": 0.1967, "car_tau_mean": 2.3015, "car_tau_std": 1.921, "car_v_mean": 24.1846, "car_v_std": 17.4239}, "datetime": {"datetime": "2024-08-12 01:11:55", "elapsed": 1755.486018, "delta": 5.360736}}
{"target": -0.6112569032446304, "params": {"bus_acc": 0.6583, "bus_dcc": 1.7079, "bus_lcAssertive": 76.3964, "bus_lcCooperative": 0.1443, "bus_lcLookaheadLeft": 93.3623, "bus_lcPushy": 0.4591, "bus_lcSigma": 0.7423, "bus_lcSpeedGainRight": 1.3135, "bus_lcSublane": 0.4106, "bus_sigma": 0.8672, "bus_tau_mean": 2.3541, "bus_tau_std": 0.0059, "bus_v_mean": 20.7945, "bus_v_std": 13.7331, "car_acc": 3.326, "car_dcc": 0.9356, "car_lcAssertive": 77.0334, "car_lcCooperative": 0.4925, "car_lcLookaheadLeft": 71.9827, "car_lcPushy": 0.6844, "car_lcSigma": 0.0766, "car_lcSpeedGainRight": 3.7363, "car_lcSublane": 0.3436, "car_sigma": 0.3425, "car_tau_mean": 1.6329, "car_tau_std": 9.8797, "car_v_mean": 23.2622, "car_v_std": 7.3628}, "datetime": {"datetime": "2024-08-12 01:11:57", "elapsed": 1758.14714, "delta": 2.661122}}
{"target": -0.5300681957555643, "params": {"bus_acc": 1.536, "bus_dcc": 2.5981, "bus_lcAssertive": 62.3955, "bus_lcCooperative": 0.2237, "bus_lcLookaheadLeft": 35.858, "bus_lcPushy": 0.1933, "bus_lcSigma": 0.913, "bus_lcSpeedGainRight": 1.4314, "bus_lcSublane": 0.3637, "bus_sigma": 0.3312, "bus_tau_mean": 1.2356, "bus_tau_std": 7.6078, "bus_v_mean": 8.1497, "bus_v_std": 18.5577, "car_acc": 3.478, "car_dcc": 3.9011, "car_lcAssertive": 52.4244, "car_lcCooperative": 0.9325, "car_lcLookaheadLeft": 57.8478, "car_lcPushy": 0.5355, "car_lcSigma": 0.3125, "car_lcSpeedGainRight": 2.8109, "car_lcSublane": 0.5473, "car_sigma": 0.2693, "car_tau_mean": 3.5486, "car_tau_std": 0.7737, "car_v_mean": 12.2313, "car_v_std": 1.3862}, "datetime": {"datetime": "2024-08-12 01:12:00", "elapsed": 1760.840996, "delta": 2.693856}}
{"target": -0.4770934025217934, "params": {"bus_acc": 1.0096, "bus_dcc": 1.3605, "bus_lcAssertive": 88.9755, "bus_lcCooperative": 0.9253, "bus_lcLookaheadLeft": 3.5003, "bus_lcPushy": 0.1681, "bus_lcSigma": 0.1451, "bus_lcSpeedGainRight": 4.7725, "bus_lcSublane": 0.526, "bus_sigma": 0.5988, "bus_tau_mean": 1.5106, "bus_tau_std": 3.3887, "bus_v_mean": 9.5939, "bus_v_std": 18.9143, "car_acc": 1.8546, "car_dcc": 1.3941, "car_lcAssertive": 32.1244, "car_lcCooperative": 0.9994, "car_lcLookaheadLeft": 70.0836, "car_lcPushy": 0.3386, "car_lcSigma": 0.6026, "car_lcSpeedGainRight": 2.7347, "car_lcSublane": 0.9127, "car_sigma": 0.8512, "car_tau_mean": 1.615, "car_tau_std": 7.3343, "car_v_mean": 24.092, "car_v_std": 18.4719}, "datetime": {"datetime": "2024-08-12 01:12:04", "elapsed": 1764.967881, "delta": 4.126885}}
{"target": -0.6115981711820563, "params": {"bus_acc": 1.8629, "bus_dcc": 1.9877, "bus_lcAssertive": 79.727, "bus_lcCooperative": 0.1795, "bus_lcLookaheadLeft": 41.5941, "bus_lcPushy": 0.9211, "bus_lcSigma": 0.9562, "bus_lcSpeedGainRight": 2.4957, "bus_lcSublane": 0.2008, "bus_sigma": 0.9044, "bus_tau_mean": 1.0843, "bus_tau_std": 9.3522, "bus_v_mean": 21.0603, "bus_v_std": 17.2813, "car_acc": 3.4763, "car_dcc": 2.5595, "car_lcAssertive": 37.697, "car_lcCooperative": 0.5802, "car_lcLookaheadLeft": 94.5684, "car_lcPushy": 0.3823, "car_lcSigma": 0.7107, "car_lcSpeedGainRight": 1.9985, "car_lcSublane": 0.9812, "car_sigma": 0.2686, "car_tau_mean": 2.8372, "car_tau_std": 4.9321, "car_v_mean": 13.0323, "car_v_std": 18.3108}, "datetime": {"datetime": "2024-08-12 01:12:07", "elapsed": 1767.254925, "delta": 2.287044}}
{"target": -0.3770735314470055, "params": {"bus_acc": 1.817, "bus_dcc": 2.0116, "bus_lcAssertive": 79.5032, "bus_lcCooperative": 0.5578, "bus_lcLookaheadLeft": 13.8297, "bus_lcPushy": 0.1599, "bus_lcSigma": 0.1077, "bus_lcSpeedGainRight": 1.6334, "bus_lcSublane": 0.2531, "bus_sigma": 0.9752, "bus_tau_mean": 2.4248, "bus_tau_std": 4.8911, "bus_v_mean": 19.0401, "bus_v_std": 2.267, "car_acc": 0.8607, "car_dcc": 3.3721, "car_lcAssertive": 24.5704, "car_lcCooperative": 0.1323, "car_lcLookaheadLeft": 93.5171, "car_lcPushy": 0.5614, "car_lcSigma": 0.9943, "car_lcSpeedGainRight": 3.8149, "car_lcSublane": 0.8083, "car_sigma": 0.6727, "car_tau_mean": 1.9938, "car_tau_std": 3.4439, "car_v_mean": 13.8121, "car_v_std": 15.9027}, "datetime": {"datetime": "2024-08-12 01:12:12", "elapsed": 1772.974588, "delta": 5.719663}}
{"target": -0.5600560143164081, "params": {"bus_acc": 3.762, "bus_dcc": 0.7348, "bus_lcAssertive": 72.9224, "bus_lcCooperative": 0.5983, "bus_lcLookaheadLeft": 73.8042, "bus_lcPushy": 0.1557, "bus_lcSigma": 0.8898, "bus_lcSpeedGainRight": 3.499, "bus_lcSublane": 0.9447, "bus_sigma": 0.5169, "bus_tau_mean": 2.5039, "bus_tau_std": 6.8985, "bus_v_mean": 24.1951, "bus_v_std": 16.2853, "car_acc": 1.2239, "car_dcc": 1.4571, "car_lcAssertive": 17.4788, "car_lcCooperative": 0.5415, "car_lcLookaheadLeft": 23.1672, "car_lcPushy": 0.3231, "car_lcSigma": 0.817, "car_lcSpeedGainRight": 4.896, "car_lcSublane": 0.5666, "car_sigma": 0.6263, "car_tau_mean": 3.3931, "car_tau_std": 8.0268, "car_v_mean": 8.5497, "car_v_std": 14.3432}, "datetime": {"datetime": "2024-08-12 01:12:16", "elapsed": 1776.267, "delta": 3.292412}}
{"target": -0.21872255480104297, "params": {"bus_acc": 3.6265, "bus_dcc": 2.2221, "bus_lcAssertive": 42.6333, "bus_lcCooperative": 0.6437, "bus_lcLookaheadLeft": 57.363, "bus_lcPushy": 0.7191, "bus_lcSigma": 0.4242, "bus_lcSpeedGainRight": 3.7582, "bus_lcSublane": 0.5513, "bus_sigma": 0.149, "bus_tau_mean": 2.2949, "bus_tau_std": 1.2228, "bus_v_mean": 14.3133, "bus_v_std": 16.0773, "car_acc": 0.2858, "car_dcc": 3.9261, "car_lcAssertive": 61.3185, "car_lcCooperative": 0.9067, "car_lcLookaheadLeft": 49.2809, "car_lcPushy": 0.2034, "car_lcSigma": 0.2537, "car_lcSpeedGainRight": 0.5093, "car_lcSublane": 0.488, "car_sigma": 0.2655, "car_tau_mean": 2.0274, "car_tau_std": 4.9865, "car_v_mean": 12.069, "car_v_std": 2.9596}, "datetime": {"datetime": "2024-08-12 01:12:22", "elapsed": 1782.78065, "delta": 6.51365}}
{"target": -0.5271391868829265, "params": {"bus_acc": 3.2469, "bus_dcc": 3.6899, "bus_lcAssertive": 96.7806, "bus_lcCooperative": 0.9315, "bus_lcLookaheadLeft": 20.3785, "bus_lcPushy": 0.8153, "bus_lcSigma": 0.5172, "bus_lcSpeedGainRight": 0.2925, "bus_lcSublane": 0.3686, "bus_sigma": 0.1667, "bus_tau_mean": 2.3062, "bus_tau_std": 6.0197, "bus_v_mean": 8.5937, "bus_v_std": 8.0218, "car_acc": 2.1796, "car_dcc": 1.5494, "car_lcAssertive": 78.3518, "car_lcCooperative": 0.1072, "car_lcLookaheadLeft": 16.5298, "car_lcPushy": 0.8269, "car_lcSigma": 0.2333, "car_lcSpeedGainRight": 4.1985, "car_lcSublane": 0.9883, "car_sigma": 0.681, "car_tau_mean": 0.9572, "car_tau_std": 3.89, "car_v_mean": 9.7373, "car_v_std": 14.7038}, "datetime": {"datetime": "2024-08-12 01:12:25", "elapsed": 1786.012129, "delta": 3.231479}}
{"target": -0.5705662152703755, "params": {"bus_acc": 2.3576, "bus_dcc": 0.4906, "bus_lcAssertive": 46.033, "bus_lcCooperative": 0.8647, "bus_lcLookaheadLeft": 84.9985, "bus_lcPushy": 0.5699, "bus_lcSigma": 0.2028, "bus_lcSpeedGainRight": 2.2119, "bus_lcSublane": 0.5642, "bus_sigma": 0.2459, "bus_tau_mean": 2.033, "bus_tau_std": 7.0644, "bus_v_mean": 25.5255, "bus_v_std": 8.2725, "car_acc": 1.3228, "car_dcc": 0.6218, "car_lcAssertive": 26.3455, "car_lcCooperative": 0.4626, "car_lcLookaheadLeft": 27.3343, "car_lcPushy": 0.0463, "car_lcSigma": 0.3242, "car_lcSpeedGainRight": 4.8172, "car_lcSublane": 0.6748, "car_sigma": 0.7952, "car_tau_mean": 2.0894, "car_tau_std": 9.7677, "car_v_mean": 8.8988, "car_v_std": 16.3739}, "datetime": {"datetime": "2024-08-12 01:12:31", "elapsed": 1791.590836, "delta": 5.578707}}
