{"target": -0.4404940592716981, "params": {"bus_acc": 0.8399, "bus_dcc": 2.3749, "bus_lcAssertive": 40.8004, "bus_lcCooperative": 0.6934, "bus_lcLookaheadLeft": 95.7789, "bus_lcPushy": 0.8771, "bus_lcSigma": 0.5525, "bus_lcSpeedGainRight": 2.6937, "bus_lcSublane": 0.6394, "bus_sigma": 0.4201, "bus_tau_mean": 1.4856, "bus_tau_std": 2.0812, "bus_v_mean": 8.3645, "bus_v_std": 19.6613, "car_acc": 2.1513, "car_dcc": 3.0123, "car_lcAssertive": 53.3262, "car_lcCooperative": 0.5755, "car_lcLookaheadLeft": 67.7022, "car_lcPushy": 0.1044, "car_lcSigma": 0.7307, "car_lcSpeedGainRight": 2.5489, "car_lcSublane": 0.4178, "car_sigma": 0.2078, "car_tau_mean": 3.6581, "car_tau_std": 3.041, "car_v_mean": 15.1494, "car_v_std": 19.9893}, "datetime": {"datetime": "2024-08-12 00:54:23", "elapsed": 703.373755, "delta": 2.243206}}
{"target": -0.3756296288467847, "params": {"bus_acc": 1.9301, "bus_dcc": 3.9422, "bus_lcAssertive": 44.1306, "bus_lcCooperative": 0.9203, "bus_lcLookaheadLeft": 97.2846, "bus_lcPushy": 0.1444, "bus_lcSigma": 0.97, "bus_lcSpeedGainRight": 3.5339, "bus_lcSublane": 0.2294, "bus_sigma": 0.0514, "bus_tau_mean": 2.0628, "bus_tau_std": 3.2974, "bus_v_mean": 24.4528, "bus_v_std": 15.8474, "car_acc": 1.4112, "car_dcc": 3.7621, "car_lcAssertive": 51.3599, "car_lcCooperative": 0.2862, "car_lcLookaheadLeft": 92.6702, "car_lcPushy": 0.9386, "car_lcSigma": 0.7234, "car_lcSpeedGainRight": 2.0403, "car_lcSublane": 0.7308, "car_sigma": 0.0046, "car_tau_mean": 1.8321, "car_tau_std": 8.1585, "car_v_mean": 25.8474, "car_v_std": 5.8043}, "datetime": {"datetime": "2024-08-12 00:54:26", "elapsed": 706.808202, "delta": 3.434447}}
{"target": -0.5236191388224379, "params": {"bus_acc": 0.3083, "bus_dcc": 1.5056, "bus_lcAssertive": 93.6803, "bus_lcCooperative": 0.4423, "bus_lcLookaheadLeft": 64.6147, "bus_lcPushy": 0.265, "bus_lcSigma": 0.0222, "bus_lcSpeedGainRight": 3.6465, "bus_lcSublane": 0.0034, "bus_sigma": 0.5223, "bus_tau_mean": 3.3548, "bus_tau_std": 8.4706, "bus_v_mean": 24.4573, "bus_v_std": 14.3069, "car_acc": 1.1068, "car_dcc": 3.8264, "car_lcAssertive": 72.9435, "car_lcCooperative": 0.3289, "car_lcLookaheadLeft": 57.0374, "car_lcPushy": 0.2066, "car_lcSigma": 0.0338, "car_lcSpeedGainRight": 4.504, "car_lcSublane": 0.6629, "car_sigma": 0.2603, "car_tau_mean": 3.3311, "car_tau_std": 5.2797, "car_v_mean": 13.2983, "car_v_std": 14.5962}, "datetime": {"datetime": "2024-08-12 00:54:29", "elapsed": 709.284248, "delta": 2.476046}}
{"target": -0.4428967782518198, "params": {"bus_acc": 0.5526, "bus_dcc": 2.5584, "bus_lcAssertive": 7.5058, "bus_lcCooperative": 0.5446, "bus_lcLookaheadLeft": 76.7145, "bus_lcPushy": 0.4178, "bus_lcSigma": 0.2252, "bus_lcSpeedGainRight": 4.0511, "bus_lcSublane": 0.1703, "bus_sigma": 0.5659, "bus_tau_mean": 2.4045, "bus_tau_std": 9.7133, "bus_v_mean": 10.9158, "bus_v_std": 3.0339, "car_acc": 1.3562, "car_dcc": 0.8631, "car_lcAssertive": 93.0963, "car_lcCooperative": 0.1269, "car_lcLookaheadLeft": 93.5865, "car_lcPushy": 0.6718, "car_lcSigma": 0.398, "car_lcSpeedGainRight": 4.0339, "car_lcSublane": 0.2517, "car_sigma": 0.406, "car_tau_mean": 1.6091, "car_tau_std": 2.8146, "car_v_mean": 25.1511, "car_v_std": 5.0454}, "datetime": {"datetime": "2024-08-12 00:54:31", "elapsed": 711.570845, "delta": 2.286597}}
{"target": -0.2788401899362541, "params": {"bus_acc": 1.9559, "bus_dcc": 3.1289, "bus_lcAssertive": 87.3034, "bus_lcCooperative": 0.5078, "bus_lcLookaheadLeft": 10.3551, "bus_lcPushy": 0.6851, "bus_lcSigma": 0.725, "bus_lcSpeedGainRight": 2.6408, "bus_lcSublane": 0.7224, "bus_sigma": 0.7106, "bus_tau_mean": 1.0381, "bus_tau_std": 4.0561, "bus_v_mean": 9.9136, "bus_v_std": 19.9036, "car_acc": 0.3922, "car_dcc": 1.61, "car_lcAssertive": 72.7022, "car_lcCooperative": 0.8449, "car_lcLookaheadLeft": 14.4352, "car_lcPushy": 0.6651, "car_lcSigma": 0.5069, "car_lcSpeedGainRight": 3.5825, "car_lcSublane": 0.7276, "car_sigma": 0.4687, "car_tau_mean": 3.601, "car_tau_std": 7.2174, "car_v_mean": 24.7126, "car_v_std": 3.1504}, "datetime": {"datetime": "2024-08-12 00:54:34", "elapsed": 714.612135, "delta": 3.04129}}
{"target": -0.6807051944437948, "params": {"bus_acc": 1.4208, "bus_dcc": 3.1663, "bus_lcAssertive": 55.1684, "bus_lcCooperative": 0.8614, "bus_lcLookaheadLeft": 30.738, "bus_lcPushy": 0.1559, "bus_lcSigma": 0.0554, "bus_lcSpeedGainRight": 0.9558, "bus_lcSublane": 0.858, "bus_sigma": 0.2339, "bus_tau_mean": 1.4264, "bus_tau_std": 8.3648, "bus_v_mean": 24.0637, "bus_v_std": 6.5757, "car_acc": 3.5929, "car_dcc": 0.5329, "car_lcAssertive": 63.5563, "car_lcCooperative": 0.0098, "car_lcLookaheadLeft": 4.5392, "car_lcPushy": 0.3605, "car_lcSigma": 0.0601, "car_lcSpeedGainRight": 0.6278, "car_lcSublane": 0.8369, "car_sigma": 0.9067, "car_tau_mean": 3.7155, "car_tau_std": 8.3959, "car_v_mean": 14.7404, "car_v_std": 2.1274}, "datetime": {"datetime": "2024-08-12 00:54:40", "elapsed": 720.583349, "delta": 5.971214}}
{"target": -0.5708857142545573, "params": {"bus_acc": 1.5561, "bus_dcc": 2.0251, "bus_lcAssertive": 72.3979, "bus_lcCooperative": 0.5548, "bus_lcLookaheadLeft": 76.7492, "bus_lcPushy": 0.0401, "bus_lcSigma": 0.6952, "bus_lcSpeedGainRight": 0.8391, "bus_lcSublane": 0.8322, "bus_sigma": 0.5852, "bus_tau_mean": 1.952, "bus_tau_std": 0.8985, "bus_v_mean": 15.8569, "bus_v_std": 1.6019, "car_acc": 2.085, "car_dcc": 2.4166, "car_lcAssertive": 83.5505, "car_lcCooperative": 0.6621, "car_lcLookaheadLeft": 22.1125, "car_lcPushy": 0.9087, "car_lcSigma": 0.5808, "car_lcSpeedGainRight": 4.0591, "car_lcSublane": 0.6427, "car_sigma": 0.063, "car_tau_mean": 3.2849, "car_tau_std": 9.6113, "car_v_mean": 20.0164, "car_v_std": 3.3463}, "datetime": {"datetime": "2024-08-12 00:54:42", "elapsed": 722.680829, "delta": 2.09748}}
{"target": -0.5699813823732126, "params": {"bus_acc": 2.7702, "bus_dcc": 1.7875, "bus_lcAssertive": 51.3815, "bus_lcCooperative": 0.5029, "bus_lcLookaheadLeft": 38.8267, "bus_lcPushy": 0.2738, "bus_lcSigma": 0.6384, "bus_lcSpeedGainRight": 4.2474, "bus_lcSublane": 0.3845, "bus_sigma": 0.3137, "bus_tau_mean": 2.0476, "bus_tau_std": 0.2886, "bus_v_mean": 21.5208, "bus_v_std": 0.2865, "car_acc": 2.9696, "car_dcc": 3.1062, "car_lcAssertive": 16.1493, "car_lcCooperative": 0.5399, "car_lcLookaheadLeft": 86.8982, "car_lcPushy": 0.6902, "car_lcSigma": 0.0935, "car_lcSpeedGainRight": 1.5635, "car_lcSublane": 0.3055, "car_sigma": 0.2369, "car_tau_mean": 2.3133, "car_tau_std": 8.041, "car_v_mean": 24.7478, "car_v_std": 5.3365}, "datetime": {"datetime": "2024-08-12 00:54:46", "elapsed": 726.297082, "delta": 3.616253}}
{"target": -0.4064718493242241, "params": {"bus_acc": 0.7713, "bus_dcc": 1.4423, "bus_lcAssertive": 42.768, "bus_lcCooperative": 0.6282, "bus_lcLookaheadLeft": 35.2607, "bus_lcPushy": 0.0958, "bus_lcSigma": 0.0977, "bus_lcSpeedGainRight": 2.8981, "bus_lcSublane": 0.6512, "bus_sigma": 0.7225, "bus_tau_mean": 2.3213, "bus_tau_std": 3.557, "bus_v_mean": 19.663, "bus_v_std": 11.0876, "car_acc": 0.5054, "car_dcc": 1.9894, "car_lcAssertive": 48.4973, "car_lcCooperative": 0.5742, "car_lcLookaheadLeft": 78.4327, "car_lcPushy": 0.8054, "car_lcSigma": 0.6701, "car_lcSpeedGainRight": 1.8869, "car_lcSublane": 0.0995, "car_sigma": 0.1267, "car_tau_mean": 2.0626, "car_tau_std": 3.3558, "car_v_mean": 16.7057, "car_v_std": 10.0445}, "datetime": {"datetime": "2024-08-12 00:54:50", "elapsed": 730.583056, "delta": 4.285974}}
{"target": -0.6850904139568756, "params": {"bus_acc": 1.0809, "bus_dcc": 1.9725, "bus_lcAssertive": 91.4035, "bus_lcCooperative": 0.2806, "bus_lcLookaheadLeft": 48.9387, "bus_lcPushy": 0.6378, "bus_lcSigma": 0.9253, "bus_lcSpeedGainRight": 1.6646, "bus_lcSublane": 0.3101, "bus_sigma": 0.4095, "bus_tau_mean": 1.1833, "bus_tau_std": 2.2378, "bus_v_mean": 20.8472, "bus_v_std": 19.7342, "car_acc": 3.8535, "car_dcc": 0.324, "car_lcAssertive": 53.9023, "car_lcCooperative": 0.1222, "car_lcLookaheadLeft": 94.1141, "car_lcPushy": 0.0492, "car_lcSigma": 0.4173, "car_lcSpeedGainRight": 1.4996, "car_lcSublane": 0.3761, "car_sigma": 0.0375, "car_tau_mean": 2.278, "car_tau_std": 6.3917, "car_v_mean": 19.0999, "car_v_std": 18.6089}, "datetime": {"datetime": "2024-08-12 00:54:52", "elapsed": 732.892677, "delta": 2.309621}}
{"target": -0.7354084731188109, "params": {"bus_acc": 0.5644, "bus_dcc": 1.9378, "bus_lcAssertive": 44.2302, "bus_lcCooperative": 0.1931, "bus_lcLookaheadLeft": 95.7752, "bus_lcPushy": 0.714, "bus_lcSigma": 0.4395, "bus_lcSpeedGainRight": 2.3972, "bus_lcSublane": 0.0567, "bus_sigma": 0.3792, "bus_tau_mean": 3.5754, "bus_tau_std": 1.7104, "bus_v_mean": 11.8307, "bus_v_std": 10.6411, "car_acc": 3.6198, "car_dcc": 0.4313, "car_lcAssertive": 49.8777, "car_lcCooperative": 0.5445, "car_lcLookaheadLeft": 94.4047, "car_lcPushy": 0.179, "car_lcSigma": 0.112, "car_lcSpeedGainRight": 0.3962, "car_lcSublane": 0.1027, "car_sigma": 0.8395, "car_tau_mean": 2.3108, "car_tau_std": 8.7715, "car_v_mean": 22.2752, "car_v_std": 18.0194}, "datetime": {"datetime": "2024-08-12 00:54:54", "elapsed": 734.396631, "delta": 1.503954}}
{"target": -0.8571158698380076, "params": {"bus_acc": 2.7398, "bus_dcc": 0.5751, "bus_lcAssertive": 16.867, "bus_lcCooperative": 0.0217, "bus_lcLookaheadLeft": 32.5921, "bus_lcPushy": 0.7631, "bus_lcSigma": 0.0264, "bus_lcSpeedGainRight": 4.4942, "bus_lcSublane": 0.015, "bus_sigma": 0.1808, "bus_tau_mean": 1.9483, "bus_tau_std": 3.5125, "bus_v_mean": 18.7754, "bus_v_std": 0.6955, "car_acc": 1.9419, "car_dcc": 2.5094, "car_lcAssertive": 50.5435, "car_lcCooperative": 0.4007, "car_lcLookaheadLeft": 12.226, "car_lcPushy": 0.8925, "car_lcSigma": 0.8079, "car_lcSpeedGainRight": 0.0569, "car_lcSublane": 0.9312, "car_sigma": 0.6338, "car_tau_mean": 2.8069, "car_tau_std": 1.9068, "car_v_mean": 12.1141, "car_v_std": 11.1115}, "datetime": {"datetime": "2024-08-12 00:54:56", "elapsed": 736.27196, "delta": 1.875329}}
{"target": -0.5976068532770938, "params": {"bus_acc": 0.4228, "bus_dcc": 3.0987, "bus_lcAssertive": 89.7942, "bus_lcCooperative": 0.3435, "bus_lcLookaheadLeft": 22.0915, "bus_lcPushy": 0.1168, "bus_lcSigma": 0.4817, "bus_lcSpeedGainRight": 4.1651, "bus_lcSublane": 0.3874, "bus_sigma": 0.9973, "bus_tau_mean": 0.5373, "bus_tau_std": 0.9242, "bus_v_mean": 16.059, "bus_v_std": 9.3009, "car_acc": 0.8026, "car_dcc": 1.5203, "car_lcAssertive": 27.5006, "car_lcCooperative": 0.3598, "car_lcLookaheadLeft": 25.3683, "car_lcPushy": 0.6051, "car_lcSigma": 0.3295, "car_lcSpeedGainRight": 0.6633, "car_lcSublane": 0.8246, "car_sigma": 0.28, "car_tau_mean": 3.9674, "car_tau_std": 1.7699, "car_v_mean": 9.8318, "car_v_std": 14.9895}, "datetime": {"datetime": "2024-08-12 00:54:58", "elapsed": 738.240525, "delta": 1.968565}}
{"target": -0.5753364555033403, "params": {"bus_acc": 1.0175, "bus_dcc": 2.6367, "bus_lcAssertive": 22.1262, "bus_lcCooperative": 0.7477, "bus_lcLookaheadLeft": 6.3593, "bus_lcPushy": 0.6847, "bus_lcSigma": 0.7508, "bus_lcSpeedGainRight": 4.7616, "bus_lcSublane": 0.6942, "bus_sigma": 0.8117, "bus_tau_mean": 3.8402, "bus_tau_std": 9.304, "bus_v_mean": 9.7618, "bus_v_std": 14.6941, "car_acc": 1.6962, "car_dcc": 1.0729, "car_lcAssertive": 23.0095, "car_lcCooperative": 0.44, "car_lcLookaheadLeft": 90.7891, "car_lcPushy": 0.5283, "car_lcSigma": 0.5729, "car_lcSpeedGainRight": 0.851, "car_lcSublane": 0.0612, "car_sigma": 0.2422, "car_tau_mean": 0.542, "car_tau_std": 6.4913, "car_v_mean": 22.3076, "car_v_std": 13.9737}, "datetime": {"datetime": "2024-08-12 00:54:59", "elapsed": 739.86433, "delta": 1.623805}}
{"target": -0.8813539864768399, "params": {"bus_acc": 3.0882, "bus_dcc": 2.9724, "bus_lcAssertive": 44.8301, "bus_lcCooperative": 0.493, "bus_lcLookaheadLeft": 17.0511, "bus_lcPushy": 0.4126, "bus_lcSigma": 0.0708, "bus_lcSpeedGainRight": 1.0041, "bus_lcSublane": 0.0658, "bus_sigma": 0.2045, "bus_tau_mean": 0.595, "bus_tau_std": 4.6756, "bus_v_mean": 11.1335, "bus_v_std": 19.329, "car_acc": 3.2575, "car_dcc": 2.1428, "car_lcAssertive": 11.5313, "car_lcCooperative": 0.6761, "car_lcLookaheadLeft": 16.0321, "car_lcPushy": 0.7968, "car_lcSigma": 0.741, "car_lcSpeedGainRight": 3.881, "car_lcSublane": 0.0788, "car_sigma": 0.0045, "car_tau_mean": 0.6938, "car_tau_std": 1.4519, "car_v_mean": 8.1622, "car_v_std": 9.5659}, "datetime": {"datetime": "2024-08-12 00:55:02", "elapsed": 742.471057, "delta": 2.606727}}
{"target": -0.6113769157203698, "params": {"bus_acc": 1.1426, "bus_dcc": 2.7364, "bus_lcAssertive": 6.9134, "bus_lcCooperative": 0.3525, "bus_lcLookaheadLeft": 34.8293, "bus_lcPushy": 0.9321, "bus_lcSigma": 0.2987, "bus_lcSpeedGainRight": 1.946, "bus_lcSublane": 0.3715, "bus_sigma": 0.7064, "bus_tau_mean": 0.8744, "bus_tau_std": 6.8764, "bus_v_mean": 15.34, "bus_v_std": 3.5874, "car_acc": 3.3957, "car_dcc": 0.4574, "car_lcAssertive": 65.2212, "car_lcCooperative": 0.5081, "car_lcLookaheadLeft": 97.7144, "car_lcPushy": 0.43, "car_lcSigma": 0.7065, "car_lcSpeedGainRight": 4.8178, "car_lcSublane": 0.639, "car_sigma": 0.2877, "car_tau_mean": 3.7388, "car_tau_std": 2.9122, "car_v_mean": 14.7483, "car_v_std": 18.7598}, "datetime": {"datetime": "2024-08-12 00:55:03", "elapsed": 744.122264, "delta": 1.651207}}
{"target": -0.6724343581566546, "params": {"bus_acc": 3.4036, "bus_dcc": 1.4612, "bus_lcAssertive": 78.6589, "bus_lcCooperative": 0.6676, "bus_lcLookaheadLeft": 57.6293, "bus_lcPushy": 0.1904, "bus_lcSigma": 0.0664, "bus_lcSpeedGainRight": 0.1414, "bus_lcSublane": 0.0625, "bus_sigma": 0.08, "bus_tau_mean": 3.9669, "bus_tau_std": 6.8323, "bus_v_mean": 10.6313, "bus_v_std": 8.0454, "car_acc": 2.4566, "car_dcc": 2.2243, "car_lcAssertive": 56.8189, "car_lcCooperative": 0.9724, "car_lcLookaheadLeft": 10.4238, "car_lcPushy": 0.9809, "car_lcSigma": 0.0685, "car_lcSpeedGainRight": 2.7273, "car_lcSublane": 0.0442, "car_sigma": 0.2358, "car_tau_mean": 1.8227, "car_tau_std": 9.0989, "car_v_mean": 14.645, "car_v_std": 18.9238}, "datetime": {"datetime": "2024-08-12 00:55:05", "elapsed": 746.09628, "delta": 1.974016}}
{"target": -0.44397070357675766, "params": {"bus_acc": 2.1176, "bus_dcc": 3.2734, "bus_lcAssertive": 52.3127, "bus_lcCooperative": 0.6127, "bus_lcLookaheadLeft": 36.6747, "bus_lcPushy": 0.4523, "bus_lcSigma": 0.4503, "bus_lcSpeedGainRight": 2.5491, "bus_lcSublane": 0.8718, "bus_sigma": 0.8232, "bus_tau_mean": 0.6936, "bus_tau_std": 0.6541, "bus_v_mean": 9.0347, "bus_v_std": 11.9492, "car_acc": 0.7618, "car_dcc": 2.1501, "car_lcAssertive": 81.5233, "car_lcCooperative": 0.7706, "car_lcLookaheadLeft": 69.6446, "car_lcPushy": 0.9558, "car_lcSigma": 0.0888, "car_lcSpeedGainRight": 2.7949, "car_lcSublane": 0.3614, "car_sigma": 0.2342, "car_tau_mean": 1.2027, "car_tau_std": 5.5101, "car_v_mean": 11.939, "car_v_std": 0.4542}, "datetime": {"datetime": "2024-08-12 00:55:09", "elapsed": 749.763451, "delta": 3.667171}}
{"target": -0.44209131476262437, "params": {"bus_acc": 2.4292, "bus_dcc": 0.605, "bus_lcAssertive": 22.89, "bus_lcCooperative": 0.7656, "bus_lcLookaheadLeft": 51.5756, "bus_lcPushy": 0.8222, "bus_lcSigma": 0.2341, "bus_lcSpeedGainRight": 3.7151, "bus_lcSublane": 0.6222, "bus_sigma": 0.3147, "bus_tau_mean": 3.7297, "bus_tau_std": 2.6899, "bus_v_mean": 22.2771, "bus_v_std": 10.375, "car_acc": 0.3989, "car_dcc": 1.5252, "car_lcAssertive": 99.7835, "car_lcCooperative": 0.5668, "car_lcLookaheadLeft": 30.3425, "car_lcPushy": 0.2399, "car_lcSigma": 0.7451, "car_lcSpeedGainRight": 0.5838, "car_lcSublane": 0.0484, "car_sigma": 0.8918, "car_tau_mean": 1.0573, "car_tau_std": 1.591, "car_v_mean": 9.9068, "car_v_std": 11.8462}, "datetime": {"datetime": "2024-08-12 00:55:12", "elapsed": 752.247174, "delta": 2.483723}}
{"target": -0.8406551679877893, "params": {"bus_acc": 3.0453, "bus_dcc": 1.0553, "bus_lcAssertive": 27.3855, "bus_lcCooperative": 0.1144, "bus_lcLookaheadLeft": 2.4621, "bus_lcPushy": 0.5267, "bus_lcSigma": 0.7898, "bus_lcSpeedGainRight": 3.4287, "bus_lcSublane": 0.3679, "bus_sigma": 0.2809, "bus_tau_mean": 2.785, "bus_tau_std": 2.5391, "bus_v_mean": 11.1, "bus_v_std": 19.992, "car_acc": 3.583, "car_dcc": 2.2595, "car_lcAssertive": 42.2256, "car_lcCooperative": 0.61, "car_lcLookaheadLeft": 17.8752, "car_lcPushy": 0.7171, "car_lcSigma": 0.1833, "car_lcSpeedGainRight": 0.233, "car_lcSublane": 0.5431, "car_sigma": 0.5196, "car_tau_mean": 3.1163, "car_tau_std": 0.886, "car_v_mean": 13.012, "car_v_std": 5.9302}, "datetime": {"datetime": "2024-08-12 00:55:13", "elapsed": 753.840204, "delta": 1.59303}}
{"target": -0.5830783736411621, "params": {"bus_acc": 0.5318, "bus_dcc": 0.5163, "bus_lcAssertive": 9.5697, "bus_lcCooperative": 0.178, "bus_lcLookaheadLeft": 82.9364, "bus_lcPushy": 0.8105, "bus_lcSigma": 0.4825, "bus_lcSpeedGainRight": 3.3249, "bus_lcSublane": 0.4719, "bus_sigma": 0.1169, "bus_tau_mean": 3.719, "bus_tau_std": 8.568, "bus_v_mean": 12.2344, "bus_v_std": 2.561, "car_acc": 3.1082, "car_dcc": 1.2278, "car_lcAssertive": 64.2449, "car_lcCooperative": 0.1324, "car_lcLookaheadLeft": 13.3331, "car_lcPushy": 0.1376, "car_lcSigma": 0.6411, "car_lcSpeedGainRight": 1.0821, "car_lcSublane": 0.9109, "car_sigma": 0.3791, "car_tau_mean": 3.3567, "car_tau_std": 9.1948, "car_v_mean": 17.1118, "car_v_std": 19.9934}, "datetime": {"datetime": "2024-08-12 00:55:15", "elapsed": 755.775254, "delta": 1.93505}}
{"target": -0.7656303517810034, "params": {"bus_acc": 2.0643, "bus_dcc": 1.1981, "bus_lcAssertive": 99.2988, "bus_lcCooperative": 0.9065, "bus_lcLookaheadLeft": 71.6298, "bus_lcPushy": 0.2766, "bus_lcSigma": 0.7132, "bus_lcSpeedGainRight": 2.972, "bus_lcSublane": 0.9999, "bus_sigma": 0.9226, "bus_tau_mean": 2.8854, "bus_tau_std": 6.816, "bus_v_mean": 10.3274, "bus_v_std": 3.6012, "car_acc": 0.6907, "car_dcc": 0.7964, "car_lcAssertive": 44.5788, "car_lcCooperative": 0.1484, "car_lcLookaheadLeft": 47.4228, "car_lcPushy": 0.3944, "car_lcSigma": 0.4937, "car_lcSpeedGainRight": 2.9781, "car_lcSublane": 0.2488, "car_sigma": 0.7175, "car_tau_mean": 3.6256, "car_tau_std": 4.9105, "car_v_mean": 10.1063, "car_v_std": 4.6849}, "datetime": {"datetime": "2024-08-12 00:55:17", "elapsed": 758.164334, "delta": 2.38908}}
{"target": -0.6373321458475805, "params": {"bus_acc": 1.9673, "bus_dcc": 1.7222, "bus_lcAssertive": 44.9914, "bus_lcCooperative": 0.7225, "bus_lcLookaheadLeft": 21.1168, "bus_lcPushy": 0.5763, "bus_lcSigma": 0.205, "bus_lcSpeedGainRight": 0.6183, "bus_lcSublane": 0.3786, "bus_sigma": 0.5329, "bus_tau_mean": 3.3321, "bus_tau_std": 7.8039, "bus_v_mean": 23.3391, "bus_v_std": 13.307, "car_acc": 3.2154, "car_dcc": 1.9833, "car_lcAssertive": 52.8031, "car_lcCooperative": 0.181, "car_lcLookaheadLeft": 89.9896, "car_lcPushy": 0.1869, "car_lcSigma": 0.5856, "car_lcSpeedGainRight": 0.7478, "car_lcSublane": 0.6352, "car_sigma": 0.4077, "car_tau_mean": 1.1616, "car_tau_std": 3.6588, "car_v_mean": 16.4407, "car_v_std": 9.2739}, "datetime": {"datetime": "2024-08-12 00:55:20", "elapsed": 760.224409, "delta": 2.060075}}
{"target": -0.8612534359474537, "params": {"bus_acc": 2.9321, "bus_dcc": 0.9223, "bus_lcAssertive": 23.7443, "bus_lcCooperative": 0.0196, "bus_lcLookaheadLeft": 9.5809, "bus_lcPushy": 0.8909, "bus_lcSigma": 0.0393, "bus_lcSpeedGainRight": 3.0506, "bus_lcSublane": 0.1336, "bus_sigma": 0.4875, "bus_tau_mean": 3.4862, "bus_tau_std": 8.8202, "bus_v_mean": 17.4959, "bus_v_std": 4.3016, "car_acc": 2.8204, "car_dcc": 1.3742, "car_lcAssertive": 44.8768, "car_lcCooperative": 0.8377, "car_lcLookaheadLeft": 90.1887, "car_lcPushy": 0.5285, "car_lcSigma": 0.2506, "car_lcSpeedGainRight": 0.8831, "car_lcSublane": 0.9813, "car_sigma": 0.37, "car_tau_mean": 2.4392, "car_tau_std": 6.2636, "car_v_mean": 16.9223, "car_v_std": 4.2135}, "datetime": {"datetime": "2024-08-12 00:55:22", "elapsed": 762.30799, "delta": 2.083581}}
{"target": -0.5626671170292004, "params": {"bus_acc": 2.6774, "bus_dcc": 3.7314, "bus_lcAssertive": 81.4509, "bus_lcCooperative": 0.9861, "bus_lcLookaheadLeft": 97.6226, "bus_lcPushy": 0.6969, "bus_lcSigma": 0.8136, "bus_lcSpeedGainRight": 4.3699, "bus_lcSublane": 0.6469, "bus_sigma": 0.1627, "bus_tau_mean": 0.724, "bus_tau_std": 6.8641, "bus_v_mean": 24.4863, "bus_v_std": 14.1845, "car_acc": 3.9574, "car_dcc": 3.3896, "car_lcAssertive": 83.227, "car_lcCooperative": 0.1563, "car_lcLookaheadLeft": 66.3361, "car_lcPushy": 0.1028, "car_lcSigma": 0.1547, "car_lcSpeedGainRight": 4.1921, "car_lcSublane": 0.1838, "car_sigma": 0.1085, "car_tau_mean": 2.4822, "car_tau_std": 8.3839, "car_v_mean": 8.0412, "car_v_std": 2.5591}, "datetime": {"datetime": "2024-08-12 00:55:25", "elapsed": 765.996115, "delta": 3.688125}}
{"target": -0.5659066385591927, "params": {"bus_acc": 2.8263, "bus_dcc": 0.3024, "bus_lcAssertive": 10.9206, "bus_lcCooperative": 0.0041, "bus_lcLookaheadLeft": 48.5163, "bus_lcPushy": 0.8986, "bus_lcSigma": 0.3649, "bus_lcSpeedGainRight": 1.611, "bus_lcSublane": 0.6935, "bus_sigma": 0.6725, "bus_tau_mean": 2.096, "bus_tau_std": 3.1371, "bus_v_mean": 17.7882, "bus_v_std": 12.8111, "car_acc": 0.8033, "car_dcc": 1.8894, "car_lcAssertive": 81.3251, "car_lcCooperative": 0.2179, "car_lcLookaheadLeft": 51.8543, "car_lcPushy": 0.4378, "car_lcSigma": 0.458, "car_lcSpeedGainRight": 1.4607, "car_lcSublane": 0.3218, "car_sigma": 0.7696, "car_tau_mean": 2.9081, "car_tau_std": 5.193, "car_v_mean": 20.9128, "car_v_std": 19.5826}, "datetime": {"datetime": "2024-08-12 00:55:28", "elapsed": 769.154969, "delta": 3.158854}}
