{"target": -0.5374206387141989, "params": {"bus_acc": 1.322, "bus_dcc": 0.8326, "bus_lcAssertive": 17.1492, "bus_lcCooperative": 0.4041, "bus_lcLookaheadLeft": 49.8591, "bus_lcPushy": 0.2073, "bus_lcSigma": 0.771, "bus_lcSpeedGainRight": 0.61, "bus_lcSublane": 0.4672, "bus_sigma": 0.0387, "bus_tau_mean": 2.9986, "bus_tau_std": 7.4713, "bus_v_mean": 21.5646, "bus_v_std": 15.4507, "car_acc": 0.4909, "car_dcc": 1.5193, "car_lcAssertive": 11.3764, "car_lcCooperative": 0.8395, "car_lcLookaheadLeft": 17.2303, "car_lcPushy": 0.9475, "car_lcSigma": 0.6715, "car_lcSpeedGainRight": 2.5811, "car_lcSublane": 0.9748, "car_sigma": 0.1937, "car_tau_mean": 0.6299, "car_tau_std": 3.3191, "car_v_mean": 11.7383, "car_v_std": 18.2886}, "datetime": {"datetime": "2024-08-12 03:11:06", "elapsed": 8906.348396, "delta": 7.68667}}
{"target": -0.44853780371663227, "params": {"bus_acc": 2.4004, "bus_dcc": 2.9685, "bus_lcAssertive": 47.8888, "bus_lcCooperative": 0.2885, "bus_lcLookaheadLeft": 17.8353, "bus_lcPushy": 0.7534, "bus_lcSigma": 0.6702, "bus_lcSpeedGainRight": 0.1998, "bus_lcSublane": 0.9192, "bus_sigma": 0.1878, "bus_tau_mean": 3.3739, "bus_tau_std": 5.8365, "bus_v_mean": 14.7576, "bus_v_std": 19.4679, "car_acc": 1.3587, "car_dcc": 2.8807, "car_lcAssertive": 44.9231, "car_lcCooperative": 0.7511, "car_lcLookaheadLeft": 62.8736, "car_lcPushy": 0.8633, "car_lcSigma": 0.1698, "car_lcSpeedGainRight": 0.7448, "car_lcSublane": 0.9744, "car_sigma": 0.7382, "car_tau_mean": 1.4822, "car_tau_std": 1.6406, "car_v_mean": 17.6233, "car_v_std": 12.7557}, "datetime": {"datetime": "2024-08-12 03:11:15", "elapsed": 8916.130449, "delta": 9.782053}}
{"target": -0.6704788899314615, "params": {"bus_acc": 1.581, "bus_dcc": 2.4132, "bus_lcAssertive": 78.5836, "bus_lcCooperative": 0.4922, "bus_lcLookaheadLeft": 52.986, "bus_lcPushy": 0.9265, "bus_lcSigma": 0.5479, "bus_lcSpeedGainRight": 0.0721, "bus_lcSublane": 0.9568, "bus_sigma": 0.9632, "bus_tau_mean": 0.997, "bus_tau_std": 1.3632, "bus_v_mean": 10.9721, "bus_v_std": 7.2258, "car_acc": 3.8698, "car_dcc": 3.4182, "car_lcAssertive": 94.3672, "car_lcCooperative": 0.308, "car_lcLookaheadLeft": 80.5531, "car_lcPushy": 0.697, "car_lcSigma": 0.144, "car_lcSpeedGainRight": 3.5027, "car_lcSublane": 0.731, "car_sigma": 0.644, "car_tau_mean": 2.9291, "car_tau_std": 9.6134, "car_v_mean": 15.341, "car_v_std": 5.877}, "datetime": {"datetime": "2024-08-12 03:11:24", "elapsed": 8925.080303, "delta": 8.949854}}
{"target": -0.7843823231023394, "params": {"bus_acc": 3.3867, "bus_dcc": 1.4267, "bus_lcAssertive": 72.7217, "bus_lcCooperative": 0.9524, "bus_lcLookaheadLeft": 70.4411, "bus_lcPushy": 0.5477, "bus_lcSigma": 0.4081, "bus_lcSpeedGainRight": 2.4287, "bus_lcSublane": 0.497, "bus_sigma": 0.2071, "bus_tau_mean": 2.5808, "bus_tau_std": 0.5405, "bus_v_mean": 20.3924, "bus_v_std": 7.1524, "car_acc": 3.0932, "car_dcc": 1.1009, "car_lcAssertive": 96.3784, "car_lcCooperative": 0.3161, "car_lcLookaheadLeft": 39.3294, "car_lcPushy": 0.6336, "car_lcSigma": 0.5939, "car_lcSpeedGainRight": 4.1111, "car_lcSublane": 0.0814, "car_sigma": 0.7554, "car_tau_mean": 2.1773, "car_tau_std": 5.0968, "car_v_mean": 15.0096, "car_v_std": 6.485}, "datetime": {"datetime": "2024-08-12 03:11:33", "elapsed": 8934.004406, "delta": 8.924103}}
{"target": -0.6718800483745898, "params": {"bus_acc": 0.9804, "bus_dcc": 2.6551, "bus_lcAssertive": 87.8095, "bus_lcCooperative": 0.6626, "bus_lcLookaheadLeft": 28.8217, "bus_lcPushy": 0.5752, "bus_lcSigma": 0.2705, "bus_lcSpeedGainRight": 1.0709, "bus_lcSublane": 0.679, "bus_sigma": 0.6371, "bus_tau_mean": 1.518, "bus_tau_std": 3.4038, "bus_v_mean": 23.1994, "bus_v_std": 0.0128, "car_acc": 3.0391, "car_dcc": 0.5852, "car_lcAssertive": 34.4258, "car_lcCooperative": 0.6433, "car_lcLookaheadLeft": 78.3135, "car_lcPushy": 0.3809, "car_lcSigma": 0.8836, "car_lcSpeedGainRight": 3.7287, "car_lcSublane": 0.8743, "car_sigma": 0.3789, "car_tau_mean": 3.4413, "car_tau_std": 5.6884, "car_v_mean": 20.3599, "car_v_std": 5.8118}, "datetime": {"datetime": "2024-08-12 03:11:48", "elapsed": 8948.58152, "delta": 14.577114}}
{"target": -0.5863908067081255, "params": {"bus_acc": 0.253, "bus_dcc": 3.738, "bus_lcAssertive": 31.7894, "bus_lcCooperative": 0.8865, "bus_lcLookaheadLeft": 31.6267, "bus_lcPushy": 0.582, "bus_lcSigma": 0.076, "bus_lcSpeedGainRight": 2.3712, "bus_lcSublane": 0.0391, "bus_sigma": 0.0269, "bus_tau_mean": 3.1126, "bus_tau_std": 0.6862, "bus_v_mean": 14.1367, "bus_v_std": 3.7636, "car_acc": 1.2904, "car_dcc": 1.8607, "car_lcAssertive": 30.4514, "car_lcCooperative": 0.7441, "car_lcLookaheadLeft": 71.0632, "car_lcPushy": 0.7275, "car_lcSigma": 0.8827, "car_lcSpeedGainRight": 3.6155, "car_lcSublane": 0.5303, "car_sigma": 0.7175, "car_tau_mean": 3.5876, "car_tau_std": 1.3886, "car_v_mean": 17.0188, "car_v_std": 19.4439}, "datetime": {"datetime": "2024-08-12 03:11:54", "elapsed": 8954.452344, "delta": 5.870824}}
{"target": -0.6168613146288274, "params": {"bus_acc": 0.7285, "bus_dcc": 2.8325, "bus_lcAssertive": 59.8731, "bus_lcCooperative": 0.7061, "bus_lcLookaheadLeft": 64.5394, "bus_lcPushy": 0.6012, "bus_lcSigma": 0.4247, "bus_lcSpeedGainRight": 0.0716, "bus_lcSublane": 0.7796, "bus_sigma": 0.2216, "bus_tau_mean": 1.2271, "bus_tau_std": 5.5686, "bus_v_mean": 16.3646, "bus_v_std": 11.3971, "car_acc": 0.6632, "car_dcc": 0.621, "car_lcAssertive": 27.0497, "car_lcCooperative": 0.5406, "car_lcLookaheadLeft": 53.3208, "car_lcPushy": 0.6094, "car_lcSigma": 0.2649, "car_lcSpeedGainRight": 2.7981, "car_lcSublane": 0.6799, "car_sigma": 0.2634, "car_tau_mean": 1.2066, "car_tau_std": 6.2574, "car_v_mean": 19.5308, "car_v_std": 15.4543}, "datetime": {"datetime": "2024-08-12 03:12:02", "elapsed": 8963.172846, "delta": 8.720502}}
{"target": -0.5879764204750063, "params": {"bus_acc": 3.5132, "bus_dcc": 3.7504, "bus_lcAssertive": 44.8197, "bus_lcCooperative": 0.4433, "bus_lcLookaheadLeft": 62.9607, "bus_lcPushy": 0.568, "bus_lcSigma": 0.8702, "bus_lcSpeedGainRight": 3.8135, "bus_lcSublane": 0.7142, "bus_sigma": 0.5832, "bus_tau_mean": 0.5209, "bus_tau_std": 2.1059, "bus_v_mean": 21.441, "bus_v_std": 12.7541, "car_acc": 3.4353, "car_dcc": 1.3579, "car_lcAssertive": 7.0223, "car_lcCooperative": 0.8708, "car_lcLookaheadLeft": 76.7961, "car_lcPushy": 0.4126, "car_lcSigma": 0.7228, "car_lcSpeedGainRight": 2.4685, "car_lcSublane": 0.9644, "car_sigma": 0.7865, "car_tau_mean": 3.4546, "car_tau_std": 8.2688, "car_v_mean": 21.6662, "car_v_std": 14.4846}, "datetime": {"datetime": "2024-08-12 03:12:08", "elapsed": 8969.12728, "delta": 5.954434}}
{"target": -0.43052334899955663, "params": {"bus_acc": 0.5208, "bus_dcc": 1.533, "bus_lcAssertive": 4.9014, "bus_lcCooperative": 0.6755, "bus_lcLookaheadLeft": 63.3842, "bus_lcPushy": 0.48, "bus_lcSigma": 0.1673, "bus_lcSpeedGainRight": 1.5239, "bus_lcSublane": 0.6086, "bus_sigma": 0.8314, "bus_tau_mean": 1.5831, "bus_tau_std": 5.6529, "bus_v_mean": 16.691, "bus_v_std": 9.5597, "car_acc": 2.4664, "car_dcc": 2.6741, "car_lcAssertive": 89.8213, "car_lcCooperative": 0.4091, "car_lcLookaheadLeft": 63.3464, "car_lcPushy": 0.8362, "car_lcSigma": 0.8985, "car_lcSpeedGainRight": 3.9511, "car_lcSublane": 0.6711, "car_sigma": 0.7913, "car_tau_mean": 3.1855, "car_tau_std": 0.5183, "car_v_mean": 20.1387, "car_v_std": 5.4563}, "datetime": {"datetime": "2024-08-12 03:12:17", "elapsed": 8978.168952, "delta": 9.041672}}
{"target": -0.5984937537934031, "params": {"bus_acc": 1.2559, "bus_dcc": 3.9212, "bus_lcAssertive": 3.1763, "bus_lcCooperative": 0.3976, "bus_lcLookaheadLeft": 46.8049, "bus_lcPushy": 0.6821, "bus_lcSigma": 0.279, "bus_lcSpeedGainRight": 0.7806, "bus_lcSublane": 0.9741, "bus_sigma": 0.5731, "bus_tau_mean": 1.3637, "bus_tau_std": 3.5052, "bus_v_mean": 11.11, "bus_v_std": 19.1891, "car_acc": 2.2256, "car_dcc": 1.5801, "car_lcAssertive": 81.7761, "car_lcCooperative": 0.2131, "car_lcLookaheadLeft": 88.1408, "car_lcPushy": 0.1667, "car_lcSigma": 0.9378, "car_lcSpeedGainRight": 0.6209, "car_lcSublane": 0.0819, "car_sigma": 0.9311, "car_tau_mean": 3.4171, "car_tau_std": 8.0206, "car_v_mean": 11.7551, "car_v_std": 4.3695}, "datetime": {"datetime": "2024-08-12 03:12:23", "elapsed": 8983.34187, "delta": 5.172918}}
{"target": -0.5972417224556729, "params": {"bus_acc": 3.5109, "bus_dcc": 3.6721, "bus_lcAssertive": 77.2785, "bus_lcCooperative": 0.2421, "bus_lcLookaheadLeft": 26.5829, "bus_lcPushy": 0.7919, "bus_lcSigma": 0.4413, "bus_lcSpeedGainRight": 1.9205, "bus_lcSublane": 0.4924, "bus_sigma": 0.1279, "bus_tau_mean": 3.2134, "bus_tau_std": 4.4502, "bus_v_mean": 24.7496, "bus_v_std": 0.7488, "car_acc": 1.9673, "car_dcc": 3.0071, "car_lcAssertive": 83.6539, "car_lcCooperative": 0.0064, "car_lcLookaheadLeft": 70.6742, "car_lcPushy": 0.9843, "car_lcSigma": 0.3302, "car_lcSpeedGainRight": 3.0343, "car_lcSublane": 0.1284, "car_sigma": 0.2038, "car_tau_mean": 1.5086, "car_tau_std": 7.5965, "car_v_mean": 8.629, "car_v_std": 17.1237}, "datetime": {"datetime": "2024-08-12 03:12:32", "elapsed": 8992.403467, "delta": 9.061597}}
{"target": -0.5608829143596356, "params": {"bus_acc": 2.9228, "bus_dcc": 3.0002, "bus_lcAssertive": 82.1726, "bus_lcCooperative": 0.1272, "bus_lcLookaheadLeft": 56.2855, "bus_lcPushy": 0.0623, "bus_lcSigma": 0.518, "bus_lcSpeedGainRight": 3.0319, "bus_lcSublane": 0.7409, "bus_sigma": 0.9391, "bus_tau_mean": 2.0524, "bus_tau_std": 1.6583, "bus_v_mean": 24.8931, "bus_v_std": 2.312, "car_acc": 3.6008, "car_dcc": 1.2202, "car_lcAssertive": 86.7883, "car_lcCooperative": 0.1853, "car_lcLookaheadLeft": 76.039, "car_lcPushy": 0.6086, "car_lcSigma": 0.309, "car_lcSpeedGainRight": 1.6133, "car_lcSublane": 0.1972, "car_sigma": 0.5367, "car_tau_mean": 1.0907, "car_tau_std": 7.8259, "car_v_mean": 14.27, "car_v_std": 18.4842}, "datetime": {"datetime": "2024-08-12 03:12:43", "elapsed": 9003.256326, "delta": 10.852859}}
{"target": -0.7079494834687567, "params": {"bus_acc": 3.5127, "bus_dcc": 2.2784, "bus_lcAssertive": 11.6747, "bus_lcCooperative": 0.2771, "bus_lcLookaheadLeft": 20.3038, "bus_lcPushy": 0.5489, "bus_lcSigma": 0.4469, "bus_lcSpeedGainRight": 2.4747, "bus_lcSublane": 0.2231, "bus_sigma": 0.9565, "bus_tau_mean": 2.3334, "bus_tau_std": 6.7059, "bus_v_mean": 22.1191, "bus_v_std": 4.2142, "car_acc": 3.2689, "car_dcc": 3.611, "car_lcAssertive": 38.1762, "car_lcCooperative": 0.0126, "car_lcLookaheadLeft": 27.0675, "car_lcPushy": 0.778, "car_lcSigma": 0.0774, "car_lcSpeedGainRight": 2.6455, "car_lcSublane": 0.7146, "car_sigma": 0.9614, "car_tau_mean": 1.8382, "car_tau_std": 4.5922, "car_v_mean": 9.4659, "car_v_std": 7.4464}, "datetime": {"datetime": "2024-08-12 03:12:48", "elapsed": 9008.916582, "delta": 5.660256}}
{"target": -0.46549650642520324, "params": {"bus_acc": 3.082, "bus_dcc": 3.9465, "bus_lcAssertive": 91.816, "bus_lcCooperative": 0.576, "bus_lcLookaheadLeft": 19.059, "bus_lcPushy": 0.9696, "bus_lcSigma": 0.4905, "bus_lcSpeedGainRight": 1.002, "bus_lcSublane": 0.2701, "bus_sigma": 0.5811, "bus_tau_mean": 0.653, "bus_tau_std": 7.6234, "bus_v_mean": 24.4567, "bus_v_std": 4.1699, "car_acc": 1.0137, "car_dcc": 2.7074, "car_lcAssertive": 67.6234, "car_lcCooperative": 0.6847, "car_lcLookaheadLeft": 48.356, "car_lcPushy": 0.2393, "car_lcSigma": 0.9572, "car_lcSpeedGainRight": 4.6131, "car_lcSublane": 0.5604, "car_sigma": 0.3342, "car_tau_mean": 1.6846, "car_tau_std": 7.3344, "car_v_mean": 16.7274, "car_v_std": 9.7209}, "datetime": {"datetime": "2024-08-12 03:12:54", "elapsed": 9015.014973, "delta": 6.098391}}
{"target": -0.5030838250031898, "params": {"bus_acc": 2.2835, "bus_dcc": 2.6997, "bus_lcAssertive": 32.1791, "bus_lcCooperative": 0.2608, "bus_lcLookaheadLeft": 2.5215, "bus_lcPushy": 0.7006, "bus_lcSigma": 0.4467, "bus_lcSpeedGainRight": 3.8658, "bus_lcSublane": 0.4599, "bus_sigma": 0.5242, "bus_tau_mean": 2.7644, "bus_tau_std": 0.1904, "bus_v_mean": 23.8477, "bus_v_std": 4.1179, "car_acc": 1.8658, "car_dcc": 1.34, "car_lcAssertive": 53.2151, "car_lcCooperative": 0.4394, "car_lcLookaheadLeft": 18.968, "car_lcPushy": 0.23, "car_lcSigma": 0.6285, "car_lcSpeedGainRight": 3.7548, "car_lcSublane": 0.2817, "car_sigma": 0.1349, "car_tau_mean": 1.1974, "car_tau_std": 9.3129, "car_v_mean": 22.6186, "car_v_std": 4.8491}, "datetime": {"datetime": "2024-08-12 03:13:00", "elapsed": 9020.381821, "delta": 5.366848}}
{"target": -0.6038588319302894, "params": {"bus_acc": 3.4442, "bus_dcc": 3.1637, "bus_lcAssertive": 74.9799, "bus_lcCooperative": 0.333, "bus_lcLookaheadLeft": 59.6763, "bus_lcPushy": 0.168, "bus_lcSigma": 0.189, "bus_lcSpeedGainRight": 0.4956, "bus_lcSublane": 0.3901, "bus_sigma": 0.4297, "bus_tau_mean": 2.1983, "bus_tau_std": 9.8758, "bus_v_mean": 16.2397, "bus_v_std": 18.1182, "car_acc": 3.4784, "car_dcc": 1.2901, "car_lcAssertive": 42.5152, "car_lcCooperative": 0.5123, "car_lcLookaheadLeft": 85.3884, "car_lcPushy": 0.0333, "car_lcSigma": 0.4476, "car_lcSpeedGainRight": 3.8672, "car_lcSublane": 0.8551, "car_sigma": 0.1434, "car_tau_mean": 0.9518, "car_tau_std": 7.6359, "car_v_mean": 18.8623, "car_v_std": 14.677}, "datetime": {"datetime": "2024-08-12 03:13:06", "elapsed": 9026.814133, "delta": 6.432312}}
{"target": -0.8163029808459186, "params": {"bus_acc": 3.3242, "bus_dcc": 1.3505, "bus_lcAssertive": 32.5338, "bus_lcCooperative": 0.2222, "bus_lcLookaheadLeft": 37.4829, "bus_lcPushy": 0.557, "bus_lcSigma": 0.2024, "bus_lcSpeedGainRight": 1.2598, "bus_lcSublane": 0.369, "bus_sigma": 0.4632, "bus_tau_mean": 2.0939, "bus_tau_std": 7.1599, "bus_v_mean": 9.2223, "bus_v_std": 13.1064, "car_acc": 2.0507, "car_dcc": 0.2481, "car_lcAssertive": 27.7826, "car_lcCooperative": 0.5886, "car_lcLookaheadLeft": 9.2453, "car_lcPushy": 0.9932, "car_lcSigma": 0.0232, "car_lcSpeedGainRight": 1.8617, "car_lcSublane": 0.3368, "car_sigma": 0.6611, "car_tau_mean": 3.8235, "car_tau_std": 7.5534, "car_v_mean": 25.1587, "car_v_std": 2.7003}, "datetime": {"datetime": "2024-08-12 03:13:12", "elapsed": 9032.576741, "delta": 5.762608}}
{"target": -0.38355646231903845, "params": {"bus_acc": 2.0653, "bus_dcc": 1.8275, "bus_lcAssertive": 59.3302, "bus_lcCooperative": 0.648, "bus_lcLookaheadLeft": 36.1564, "bus_lcPushy": 0.7497, "bus_lcSigma": 0.2135, "bus_lcSpeedGainRight": 4.3465, "bus_lcSublane": 0.345, "bus_sigma": 0.2028, "bus_tau_mean": 3.2589, "bus_tau_std": 7.8795, "bus_v_mean": 16.1696, "bus_v_std": 3.8537, "car_acc": 1.1649, "car_dcc": 1.7262, "car_lcAssertive": 24.8192, "car_lcCooperative": 0.0911, "car_lcLookaheadLeft": 60.8392, "car_lcPushy": 0.3609, "car_lcSigma": 0.2567, "car_lcSpeedGainRight": 1.6246, "car_lcSublane": 0.606, "car_sigma": 0.9674, "car_tau_mean": 2.4447, "car_tau_std": 9.6271, "car_v_mean": 15.5412, "car_v_std": 1.0361}, "datetime": {"datetime": "2024-08-12 03:13:17", "elapsed": 9037.831848, "delta": 5.255107}}
{"target": -0.5840669539549902, "params": {"bus_acc": 1.4596, "bus_dcc": 2.0719, "bus_lcAssertive": 84.9593, "bus_lcCooperative": 0.191, "bus_lcLookaheadLeft": 95.3231, "bus_lcPushy": 0.7203, "bus_lcSigma": 0.9505, "bus_lcSpeedGainRight": 0.7612, "bus_lcSublane": 0.3752, "bus_sigma": 0.3609, "bus_tau_mean": 3.036, "bus_tau_std": 2.685, "bus_v_mean": 16.1435, "bus_v_std": 14.9163, "car_acc": 2.8346, "car_dcc": 2.1797, "car_lcAssertive": 80.6019, "car_lcCooperative": 0.9419, "car_lcLookaheadLeft": 11.3097, "car_lcPushy": 0.553, "car_lcSigma": 0.3973, "car_lcSpeedGainRight": 1.4537, "car_lcSublane": 0.6398, "car_sigma": 0.4771, "car_tau_mean": 3.0699, "car_tau_std": 8.2876, "car_v_mean": 23.0199, "car_v_std": 19.9154}, "datetime": {"datetime": "2024-08-12 03:13:23", "elapsed": 9043.696208, "delta": 5.86436}}
{"target": -0.7383153785001589, "params": {"bus_acc": 3.5527, "bus_dcc": 0.7783, "bus_lcAssertive": 63.0194, "bus_lcCooperative": 0.5058, "bus_lcLookaheadLeft": 52.6205, "bus_lcPushy": 0.9779, "bus_lcSigma": 0.1525, "bus_lcSpeedGainRight": 2.0353, "bus_lcSublane": 0.9208, "bus_sigma": 0.2847, "bus_tau_mean": 1.5783, "bus_tau_std": 0.9052, "bus_v_mean": 14.2919, "bus_v_std": 10.5424, "car_acc": 2.402, "car_dcc": 0.2636, "car_lcAssertive": 53.8464, "car_lcCooperative": 0.6168, "car_lcLookaheadLeft": 49.2932, "car_lcPushy": 0.9734, "car_lcSigma": 0.7647, "car_lcSpeedGainRight": 4.4667, "car_lcSublane": 0.1292, "car_sigma": 0.431, "car_tau_mean": 2.825, "car_tau_std": 5.3904, "car_v_mean": 10.9037, "car_v_std": 5.5078}, "datetime": {"datetime": "2024-08-12 03:13:31", "elapsed": 9051.721927, "delta": 8.025719}}
{"target": -0.44109756726970484, "params": {"bus_acc": 0.5219, "bus_dcc": 1.9329, "bus_lcAssertive": 79.0009, "bus_lcCooperative": 0.0072, "bus_lcLookaheadLeft": 81.7017, "bus_lcPushy": 0.7342, "bus_lcSigma": 0.7656, "bus_lcSpeedGainRight": 4.1987, "bus_lcSublane": 0.4076, "bus_sigma": 0.735, "bus_tau_mean": 1.6776, "bus_tau_std": 5.6826, "bus_v_mean": 25.6626, "bus_v_std": 16.5333, "car_acc": 1.3683, "car_dcc": 3.7434, "car_lcAssertive": 19.8565, "car_lcCooperative": 0.9535, "car_lcLookaheadLeft": 35.0913, "car_lcPushy": 0.5332, "car_lcSigma": 0.556, "car_lcSpeedGainRight": 3.8553, "car_lcSublane": 0.6998, "car_sigma": 0.8406, "car_tau_mean": 3.5583, "car_tau_std": 1.2196, "car_v_mean": 23.2629, "car_v_std": 5.6524}, "datetime": {"datetime": "2024-08-12 03:13:37", "elapsed": 9057.326341, "delta": 5.604414}}
{"target": -0.6994279274661844, "params": {"bus_acc": 1.9453, "bus_dcc": 3.3491, "bus_lcAssertive": 83.3961, "bus_lcCooperative": 0.783, "bus_lcLookaheadLeft": 8.3228, "bus_lcPushy": 0.1123, "bus_lcSigma": 0.7331, "bus_lcSpeedGainRight": 3.2526, "bus_lcSublane": 0.893, "bus_sigma": 0.129, "bus_tau_mean": 2.7858, "bus_tau_std": 6.9984, "bus_v_mean": 14.3674, "bus_v_std": 10.9016, "car_acc": 2.1421, "car_dcc": 3.6647, "car_lcAssertive": 51.2424, "car_lcCooperative": 0.588, "car_lcLookaheadLeft": 72.6133, "car_lcPushy": 0.4764, "car_lcSigma": 0.6376, "car_lcSpeedGainRight": 0.3233, "car_lcSublane": 0.4847, "car_sigma": 0.7253, "car_tau_mean": 0.5338, "car_tau_std": 3.4473, "car_v_mean": 23.4458, "car_v_std": 13.3431}, "datetime": {"datetime": "2024-08-12 03:13:43", "elapsed": 9063.616733, "delta": 6.290392}}
{"target": -0.6089644614077855, "params": {"bus_acc": 1.1475, "bus_dcc": 1.8174, "bus_lcAssertive": 63.4249, "bus_lcCooperative": 0.1925, "bus_lcLookaheadLeft": 69.161, "bus_lcPushy": 0.9332, "bus_lcSigma": 0.142, "bus_lcSpeedGainRight": 4.9687, "bus_lcSublane": 0.942, "bus_sigma": 0.5669, "bus_tau_mean": 0.6184, "bus_tau_std": 3.123, "bus_v_mean": 25.4416, "bus_v_std": 6.264, "car_acc": 3.077, "car_dcc": 3.0079, "car_lcAssertive": 23.3341, "car_lcCooperative": 0.8716, "car_lcLookaheadLeft": 28.8419, "car_lcPushy": 0.3203, "car_lcSigma": 0.3623, "car_lcSpeedGainRight": 4.2572, "car_lcSublane": 0.5675, "car_sigma": 0.1125, "car_tau_mean": 3.1854, "car_tau_std": 2.5106, "car_v_mean": 25.5922, "car_v_std": 6.2726}, "datetime": {"datetime": "2024-08-12 03:13:51", "elapsed": 9071.407803, "delta": 7.79107}}
{"target": -0.31038686895579143, "params": {"bus_acc": 1.3155, "bus_dcc": 1.572, "bus_lcAssertive": 20.604, "bus_lcCooperative": 0.3738, "bus_lcLookaheadLeft": 73.4478, "bus_lcPushy": 0.3712, "bus_lcSigma": 0.0647, "bus_lcSpeedGainRight": 3.125, "bus_lcSublane": 0.3906, "bus_sigma": 0.4392, "bus_tau_mean": 1.9302, "bus_tau_std": 3.3238, "bus_v_mean": 11.047, "bus_v_std": 7.7078, "car_acc": 0.565, "car_dcc": 3.4132, "car_lcAssertive": 39.9465, "car_lcCooperative": 0.8402, "car_lcLookaheadLeft": 99.674, "car_lcPushy": 0.3728, "car_lcSigma": 0.5011, "car_lcSpeedGainRight": 4.2183, "car_lcSublane": 0.396, "car_sigma": 0.0241, "car_tau_mean": 0.512, "car_tau_std": 9.0658, "car_v_mean": 18.124, "car_v_std": 16.7039}, "datetime": {"datetime": "2024-08-12 03:13:59", "elapsed": 9079.645892, "delta": 8.238089}}
{"target": -0.5125468786431476, "params": {"bus_acc": 0.9958, "bus_dcc": 1.6544, "bus_lcAssertive": 6.7471, "bus_lcCooperative": 0.2535, "bus_lcLookaheadLeft": 63.423, "bus_lcPushy": 0.0808, "bus_lcSigma": 0.4741, "bus_lcSpeedGainRight": 2.7729, "bus_lcSublane": 0.5432, "bus_sigma": 0.2958, "bus_tau_mean": 2.1819, "bus_tau_std": 5.2467, "bus_v_mean": 16.1474, "bus_v_std": 15.062, "car_acc": 1.044, "car_dcc": 0.8286, "car_lcAssertive": 30.4868, "car_lcCooperative": 0.3914, "car_lcLookaheadLeft": 30.6782, "car_lcPushy": 0.0286, "car_lcSigma": 0.8222, "car_lcSpeedGainRight": 4.3722, "car_lcSublane": 0.4872, "car_sigma": 0.1425, "car_tau_mean": 3.3963, "car_tau_std": 4.918, "car_v_mean": 12.1622, "car_v_std": 5.6363}, "datetime": {"datetime": "2024-08-12 03:14:05", "elapsed": 9085.568367, "delta": 5.922475}}
{"target": -0.6884110613104685, "params": {"bus_acc": 0.6738, "bus_dcc": 1.476, "bus_lcAssertive": 42.8017, "bus_lcCooperative": 0.3796, "bus_lcLookaheadLeft": 87.7618, "bus_lcPushy": 0.0413, "bus_lcSigma": 0.3509, "bus_lcSpeedGainRight": 0.5338, "bus_lcSublane": 0.456, "bus_sigma": 0.651, "bus_tau_mean": 2.6311, "bus_tau_std": 6.8463, "bus_v_mean": 24.2537, "bus_v_std": 7.8305, "car_acc": 3.5804, "car_dcc": 1.2397, "car_lcAssertive": 7.0731, "car_lcCooperative": 0.3155, "car_lcLookaheadLeft": 82.2566, "car_lcPushy": 0.9865, "car_lcSigma": 0.6101, "car_lcSpeedGainRight": 3.2622, "car_lcSublane": 0.08, "car_sigma": 0.9752, "car_tau_mean": 3.3486, "car_tau_std": 1.8387, "car_v_mean": 18.5738, "car_v_std": 13.2821}, "datetime": {"datetime": "2024-08-12 03:14:12", "elapsed": 9092.797494, "delta": 7.229127}}
