{"target": -0.6566867339543935, "params": {"bus_acc": 2.4076, "bus_dcc": 3.4301, "bus_lcAssertive": 9.491, "bus_lcCooperative": 0.7219, "bus_lcLookaheadLeft": 80.9108, "bus_lcPushy": 0.5449, "bus_lcSigma": 0.5667, "bus_lcSpeedGainRight": 3.5071, "bus_lcSublane": 0.4367, "bus_sigma": 0.2315, "bus_tau_mean": 3.8974, "bus_tau_std": 7.5622, "bus_v_mean": 20.9323, "bus_v_std": 0.7974, "car_acc": 2.9152, "car_dcc": 1.1684, "car_lcAssertive": 21.8032, "car_lcCooperative": 0.6687, "car_lcLookaheadLeft": 92.9964, "car_lcPushy": 0.4892, "car_lcSigma": 0.601, "car_lcSpeedGainRight": 3.9766, "car_lcSublane": 0.6796, "car_sigma": 0.9712, "car_tau_mean": 0.9167, "car_tau_std": 8.2223, "car_v_mean": 8.3147, "car_v_std": 4.2969}, "datetime": {"datetime": "2024-08-12 02:48:26", "elapsed": 7546.626739, "delta": 6.361772}}
{"target": -0.6676295606939182, "params": {"bus_acc": 1.2677, "bus_dcc": 1.4652, "bus_lcAssertive": 26.2261, "bus_lcCooperative": 0.1846, "bus_lcLookaheadLeft": 33.6261, "bus_lcPushy": 0.854, "bus_lcSigma": 0.3798, "bus_lcSpeedGainRight": 4.1118, "bus_lcSublane": 0.6952, "bus_sigma": 0.949, "bus_tau_mean": 1.7358, "bus_tau_std": 7.9662, "bus_v_mean": 23.2065, "bus_v_std": 8.5086, "car_acc": 1.3106, "car_dcc": 2.3455, "car_lcAssertive": 14.0982, "car_lcCooperative": 0.737, "car_lcLookaheadLeft": 26.9172, "car_lcPushy": 0.4175, "car_lcSigma": 0.9527, "car_lcSpeedGainRight": 4.8316, "car_lcSublane": 0.6454, "car_sigma": 0.5939, "car_tau_mean": 1.8713, "car_tau_std": 5.798, "car_v_mean": 18.853, "car_v_std": 2.6812}, "datetime": {"datetime": "2024-08-12 02:48:35", "elapsed": 7555.210242, "delta": 8.583503}}
{"target": -0.6273240452879164, "params": {"bus_acc": 1.2669, "bus_dcc": 3.2562, "bus_lcAssertive": 51.9728, "bus_lcCooperative": 0.3244, "bus_lcLookaheadLeft": 96.4366, "bus_lcPushy": 0.8032, "bus_lcSigma": 0.4362, "bus_lcSpeedGainRight": 1.0896, "bus_lcSublane": 0.3926, "bus_sigma": 0.9822, "bus_tau_mean": 1.1296, "bus_tau_std": 8.9912, "bus_v_mean": 11.6985, "bus_v_std": 18.5585, "car_acc": 3.2519, "car_dcc": 3.222, "car_lcAssertive": 76.3027, "car_lcCooperative": 0.8261, "car_lcLookaheadLeft": 33.1667, "car_lcPushy": 0.4995, "car_lcSigma": 0.2315, "car_lcSpeedGainRight": 0.1854, "car_lcSublane": 0.3085, "car_sigma": 0.2981, "car_tau_mean": 1.2073, "car_tau_std": 1.5301, "car_v_mean": 16.9041, "car_v_std": 6.1693}, "datetime": {"datetime": "2024-08-12 02:48:43", "elapsed": 7563.822671, "delta": 8.612429}}
{"target": -0.44925360429434474, "params": {"bus_acc": 1.9131, "bus_dcc": 1.5648, "bus_lcAssertive": 72.8297, "bus_lcCooperative": 0.2941, "bus_lcLookaheadLeft": 40.4433, "bus_lcPushy": 0.6462, "bus_lcSigma": 0.261, "bus_lcSpeedGainRight": 3.7398, "bus_lcSublane": 0.6993, "bus_sigma": 0.7989, "bus_tau_mean": 0.6041, "bus_tau_std": 6.8774, "bus_v_mean": 22.1297, "bus_v_std": 5.82, "car_acc": 0.408, "car_dcc": 0.9539, "car_lcAssertive": 87.8138, "car_lcCooperative": 0.9952, "car_lcLookaheadLeft": 88.9167, "car_lcPushy": 0.5287, "car_lcSigma": 0.4286, "car_lcSpeedGainRight": 1.3496, "car_lcSublane": 0.7291, "car_sigma": 0.1304, "car_tau_mean": 3.2963, "car_tau_std": 2.952, "car_v_mean": 17.9951, "car_v_std": 7.7682}, "datetime": {"datetime": "2024-08-12 02:48:48", "elapsed": 7568.956765, "delta": 5.134094}}
{"target": -0.6527630206255196, "params": {"bus_acc": 2.0334, "bus_dcc": 2.0265, "bus_lcAssertive": 74.8457, "bus_lcCooperative": 0.7834, "bus_lcLookaheadLeft": 92.8596, "bus_lcPushy": 0.8352, "bus_lcSigma": 0.7567, "bus_lcSpeedGainRight": 2.0497, "bus_lcSublane": 0.9415, "bus_sigma": 0.0729, "bus_tau_mean": 2.1163, "bus_tau_std": 8.8783, "bus_v_mean": 11.2662, "bus_v_std": 19.7154, "car_acc": 3.6589, "car_dcc": 0.7886, "car_lcAssertive": 73.7519, "car_lcCooperative": 0.2266, "car_lcLookaheadLeft": 58.3664, "car_lcPushy": 0.0772, "car_lcSigma": 0.8661, "car_lcSpeedGainRight": 2.3624, "car_lcSublane": 0.5193, "car_sigma": 0.7398, "car_tau_mean": 2.1481, "car_tau_std": 0.3329, "car_v_mean": 17.7362, "car_v_std": 0.3122}, "datetime": {"datetime": "2024-08-12 02:48:54", "elapsed": 7574.445098, "delta": 5.488333}}
{"target": -0.5287789805742572, "params": {"bus_acc": 0.6853, "bus_dcc": 3.5316, "bus_lcAssertive": 37.2385, "bus_lcCooperative": 0.872, "bus_lcLookaheadLeft": 65.332, "bus_lcPushy": 0.8592, "bus_lcSigma": 0.4793, "bus_lcSpeedGainRight": 1.6243, "bus_lcSublane": 0.9229, "bus_sigma": 0.733, "bus_tau_mean": 2.6565, "bus_tau_std": 5.595, "bus_v_mean": 23.9014, "bus_v_std": 16.8847, "car_acc": 3.4336, "car_dcc": 3.1007, "car_lcAssertive": 71.2789, "car_lcCooperative": 0.4345, "car_lcLookaheadLeft": 23.9088, "car_lcPushy": 0.7924, "car_lcSigma": 0.4293, "car_lcSpeedGainRight": 4.6261, "car_lcSublane": 0.94, "car_sigma": 0.5468, "car_tau_mean": 1.6756, "car_tau_std": 6.3123, "car_v_mean": 15.6232, "car_v_std": 12.986}, "datetime": {"datetime": "2024-08-12 02:48:59", "elapsed": 7580.171974, "delta": 5.726876}}
{"target": -0.7092483682838471, "params": {"bus_acc": 2.5703, "bus_dcc": 0.8747, "bus_lcAssertive": 43.1946, "bus_lcCooperative": 0.3466, "bus_lcLookaheadLeft": 18.768, "bus_lcPushy": 0.7525, "bus_lcSigma": 0.2669, "bus_lcSpeedGainRight": 2.1949, "bus_lcSublane": 0.953, "bus_sigma": 0.4737, "bus_tau_mean": 0.6043, "bus_tau_std": 2.2292, "bus_v_mean": 21.5312, "bus_v_std": 4.3713, "car_acc": 2.0299, "car_dcc": 0.4875, "car_lcAssertive": 55.1906, "car_lcCooperative": 0.2624, "car_lcLookaheadLeft": 19.7042, "car_lcPushy": 0.006, "car_lcSigma": 0.4958, "car_lcSpeedGainRight": 0.3532, "car_lcSublane": 0.9599, "car_sigma": 0.2214, "car_tau_mean": 2.1768, "car_tau_std": 1.9278, "car_v_mean": 24.8596, "car_v_std": 5.2513}, "datetime": {"datetime": "2024-08-12 02:49:07", "elapsed": 7587.366937, "delta": 7.194963}}
{"target": -0.22316977552797446, "params": {"bus_acc": 3.7924, "bus_dcc": 2.8285, "bus_lcAssertive": 13.2973, "bus_lcCooperative": 0.4881, "bus_lcLookaheadLeft": 48.9262, "bus_lcPushy": 0.2171, "bus_lcSigma": 0.1159, "bus_lcSpeedGainRight": 2.8693, "bus_lcSublane": 0.0357, "bus_sigma": 0.6801, "bus_tau_mean": 2.3274, "bus_tau_std": 8.6964, "bus_v_mean": 13.1091, "bus_v_std": 15.421, "car_acc": 0.4215, "car_dcc": 2.7541, "car_lcAssertive": 17.3018, "car_lcCooperative": 0.3273, "car_lcLookaheadLeft": 66.3838, "car_lcPushy": 0.6398, "car_lcSigma": 0.3375, "car_lcSpeedGainRight": 0.3966, "car_lcSublane": 0.7069, "car_sigma": 0.6713, "car_tau_mean": 1.858, "car_tau_std": 8.3593, "car_v_mean": 18.4474, "car_v_std": 15.2508}, "datetime": {"datetime": "2024-08-12 02:49:11", "elapsed": 7592.016052, "delta": 4.649115}}
{"target": -0.19915076750250862, "params": {"bus_acc": 3.8697, "bus_dcc": 1.0438, "bus_lcAssertive": 47.7854, "bus_lcCooperative": 0.126, "bus_lcLookaheadLeft": 25.2275, "bus_lcPushy": 0.8765, "bus_lcSigma": 0.7861, "bus_lcSpeedGainRight": 3.5784, "bus_lcSublane": 0.3627, "bus_sigma": 0.6321, "bus_tau_mean": 1.7809, "bus_tau_std": 1.81, "bus_v_mean": 12.0709, "bus_v_std": 9.9674, "car_acc": 0.3131, "car_dcc": 3.8749, "car_lcAssertive": 63.0289, "car_lcCooperative": 0.779, "car_lcLookaheadLeft": 62.4346, "car_lcPushy": 0.6149, "car_lcSigma": 0.1264, "car_lcSpeedGainRight": 1.7931, "car_lcSublane": 0.0834, "car_sigma": 0.8989, "car_tau_mean": 2.0784, "car_tau_std": 5.0843, "car_v_mean": 14.6351, "car_v_std": 4.0645}, "datetime": {"datetime": "2024-08-12 02:49:18", "elapsed": 7598.92825, "delta": 6.912198}}
{"target": -0.28958067093350154, "params": {"bus_acc": 1.4052, "bus_dcc": 0.7042, "bus_lcAssertive": 68.0775, "bus_lcCooperative": 0.6295, "bus_lcLookaheadLeft": 70.1822, "bus_lcPushy": 0.8973, "bus_lcSigma": 0.9255, "bus_lcSpeedGainRight": 2.4493, "bus_lcSublane": 0.2831, "bus_sigma": 0.3759, "bus_tau_mean": 2.8749, "bus_tau_std": 1.9204, "bus_v_mean": 9.0282, "bus_v_std": 0.3237, "car_acc": 0.2795, "car_dcc": 1.587, "car_lcAssertive": 10.7723, "car_lcCooperative": 0.3932, "car_lcLookaheadLeft": 81.2121, "car_lcPushy": 0.7703, "car_lcSigma": 0.3192, "car_lcSpeedGainRight": 0.5106, "car_lcSublane": 0.6434, "car_sigma": 0.1149, "car_tau_mean": 2.5772, "car_tau_std": 9.9527, "car_v_mean": 13.7254, "car_v_std": 2.2344}, "datetime": {"datetime": "2024-08-12 02:49:23", "elapsed": 7604.063264, "delta": 5.135014}}
{"target": -0.3484182368671256, "params": {"bus_acc": 1.9329, "bus_dcc": 3.175, "bus_lcAssertive": 28.8895, "bus_lcCooperative": 0.3016, "bus_lcLookaheadLeft": 34.9788, "bus_lcPushy": 0.5361, "bus_lcSigma": 0.4303, "bus_lcSpeedGainRight": 3.581, "bus_lcSublane": 0.7659, "bus_sigma": 0.9426, "bus_tau_mean": 3.3194, "bus_tau_std": 3.3588, "bus_v_mean": 9.9661, "bus_v_std": 10.9588, "car_acc": 0.3002, "car_dcc": 2.5891, "car_lcAssertive": 42.4307, "car_lcCooperative": 0.2057, "car_lcLookaheadLeft": 92.0509, "car_lcPushy": 0.0153, "car_lcSigma": 0.1191, "car_lcSpeedGainRight": 2.576, "car_lcSublane": 0.1273, "car_sigma": 0.8862, "car_tau_mean": 3.1593, "car_tau_std": 5.4617, "car_v_mean": 10.3324, "car_v_std": 7.7225}, "datetime": {"datetime": "2024-08-12 02:49:29", "elapsed": 7610.132637, "delta": 6.069373}}
{"target": -0.6728145983321471, "params": {"bus_acc": 3.6825, "bus_dcc": 3.8085, "bus_lcAssertive": 54.4601, "bus_lcCooperative": 0.6745, "bus_lcLookaheadLeft": 25.8899, "bus_lcPushy": 0.795, "bus_lcSigma": 0.747, "bus_lcSpeedGainRight": 0.1726, "bus_lcSublane": 0.8496, "bus_sigma": 0.172, "bus_tau_mean": 1.625, "bus_tau_std": 4.4851, "bus_v_mean": 13.1014, "bus_v_std": 4.6249, "car_acc": 0.2794, "car_dcc": 3.2458, "car_lcAssertive": 93.7265, "car_lcCooperative": 0.4056, "car_lcLookaheadLeft": 34.0858, "car_lcPushy": 0.5931, "car_lcSigma": 0.8854, "car_lcSpeedGainRight": 3.2167, "car_lcSublane": 0.1901, "car_sigma": 0.1267, "car_tau_mean": 0.9787, "car_tau_std": 0.7124, "car_v_mean": 18.7923, "car_v_std": 16.6991}, "datetime": {"datetime": "2024-08-12 02:49:35", "elapsed": 7615.504241, "delta": 5.371604}}
{"target": -0.5583412769086993, "params": {"bus_acc": 3.7464, "bus_dcc": 3.9439, "bus_lcAssertive": 17.3481, "bus_lcCooperative": 0.6851, "bus_lcLookaheadLeft": 98.2049, "bus_lcPushy": 0.7851, "bus_lcSigma": 0.2564, "bus_lcSpeedGainRight": 0.6197, "bus_lcSublane": 0.3001, "bus_sigma": 0.5707, "bus_tau_mean": 2.3168, "bus_tau_std": 6.7913, "bus_v_mean": 12.9535, "bus_v_std": 8.1885, "car_acc": 2.3928, "car_dcc": 3.0843, "car_lcAssertive": 29.7752, "car_lcCooperative": 0.0431, "car_lcLookaheadLeft": 84.4398, "car_lcPushy": 0.8138, "car_lcSigma": 0.093, "car_lcSpeedGainRight": 2.9347, "car_lcSublane": 0.636, "car_sigma": 0.2391, "car_tau_mean": 1.4883, "car_tau_std": 7.2968, "car_v_mean": 24.5049, "car_v_std": 16.7263}, "datetime": {"datetime": "2024-08-12 02:49:43", "elapsed": 7623.728914, "delta": 8.224673}}
{"target": -0.5223644118476641, "params": {"bus_acc": 0.7078, "bus_dcc": 1.2172, "bus_lcAssertive": 55.9736, "bus_lcCooperative": 0.4514, "bus_lcLookaheadLeft": 91.9794, "bus_lcPushy": 0.0912, "bus_lcSigma": 0.7832, "bus_lcSpeedGainRight": 3.4783, "bus_lcSublane": 0.8706, "bus_sigma": 0.2872, "bus_tau_mean": 3.1499, "bus_tau_std": 5.8559, "bus_v_mean": 22.2731, "bus_v_std": 9.1061, "car_acc": 2.5987, "car_dcc": 2.1643, "car_lcAssertive": 12.2193, "car_lcCooperative": 0.0289, "car_lcLookaheadLeft": 69.7907, "car_lcPushy": 0.0116, "car_lcSigma": 0.7428, "car_lcSpeedGainRight": 1.5233, "car_lcSublane": 0.3318, "car_sigma": 0.5362, "car_tau_mean": 0.5313, "car_tau_std": 4.1684, "car_v_mean": 21.3311, "car_v_std": 12.983}, "datetime": {"datetime": "2024-08-12 02:49:50", "elapsed": 7630.280576, "delta": 6.551662}}
{"target": -0.8039590382008908, "params": {"bus_acc": 1.3663, "bus_dcc": 3.0982, "bus_lcAssertive": 3.5977, "bus_lcCooperative": 0.2602, "bus_lcLookaheadLeft": 5.3384, "bus_lcPushy": 0.9066, "bus_lcSigma": 0.1333, "bus_lcSpeedGainRight": 0.6781, "bus_lcSublane": 0.1655, "bus_sigma": 0.9182, "bus_tau_mean": 1.3678, "bus_tau_std": 7.8015, "bus_v_mean": 12.6911, "bus_v_std": 14.5093, "car_acc": 3.9979, "car_dcc": 2.6291, "car_lcAssertive": 31.633, "car_lcCooperative": 0.8794, "car_lcLookaheadLeft": 95.1161, "car_lcPushy": 0.0985, "car_lcSigma": 0.8005, "car_lcSpeedGainRight": 0.3917, "car_lcSublane": 0.9608, "car_sigma": 0.8002, "car_tau_mean": 2.2268, "car_tau_std": 7.3839, "car_v_mean": 22.0954, "car_v_std": 11.7821}, "datetime": {"datetime": "2024-08-12 02:49:58", "elapsed": 7638.839442, "delta": 8.558866}}
{"target": -0.5731437380287483, "params": {"bus_acc": 2.4535, "bus_dcc": 3.8869, "bus_lcAssertive": 12.6319, "bus_lcCooperative": 0.1212, "bus_lcLookaheadLeft": 81.6227, "bus_lcPushy": 0.8251, "bus_lcSigma": 0.7269, "bus_lcSpeedGainRight": 1.5627, "bus_lcSublane": 0.8241, "bus_sigma": 0.4394, "bus_tau_mean": 1.448, "bus_tau_std": 7.9435, "bus_v_mean": 23.0127, "bus_v_std": 0.7102, "car_acc": 2.2389, "car_dcc": 1.2256, "car_lcAssertive": 31.0357, "car_lcCooperative": 0.1323, "car_lcLookaheadLeft": 34.0429, "car_lcPushy": 0.5938, "car_lcSigma": 0.9457, "car_lcSpeedGainRight": 0.4736, "car_lcSublane": 0.6551, "car_sigma": 0.3023, "car_tau_mean": 1.4256, "car_tau_std": 2.3881, "car_v_mean": 20.1205, "car_v_std": 1.1272}, "datetime": {"datetime": "2024-08-12 02:50:06", "elapsed": 7646.276987, "delta": 7.437545}}
{"target": -0.6222225305348439, "params": {"bus_acc": 2.8604, "bus_dcc": 3.5165, "bus_lcAssertive": 99.7417, "bus_lcCooperative": 0.2901, "bus_lcLookaheadLeft": 47.4541, "bus_lcPushy": 0.8108, "bus_lcSigma": 0.1063, "bus_lcSpeedGainRight": 3.5349, "bus_lcSublane": 0.0655, "bus_sigma": 0.3347, "bus_tau_mean": 2.0848, "bus_tau_std": 3.2434, "bus_v_mean": 14.354, "bus_v_std": 10.726, "car_acc": 2.4557, "car_dcc": 2.7941, "car_lcAssertive": 41.1748, "car_lcCooperative": 0.1262, "car_lcLookaheadLeft": 80.2616, "car_lcPushy": 0.3664, "car_lcSigma": 0.5423, "car_lcSpeedGainRight": 3.4983, "car_lcSublane": 0.0065, "car_sigma": 0.3517, "car_tau_mean": 2.0436, "car_tau_std": 6.8057, "car_v_mean": 25.5713, "car_v_std": 6.5108}, "datetime": {"datetime": "2024-08-12 02:50:11", "elapsed": 7651.356343, "delta": 5.079356}}
{"target": -0.41225555250128343, "params": {"bus_acc": 2.1649, "bus_dcc": 1.2787, "bus_lcAssertive": 73.6747, "bus_lcCooperative": 0.1684, "bus_lcLookaheadLeft": 7.495, "bus_lcPushy": 0.2695, "bus_lcSigma": 0.4652, "bus_lcSpeedGainRight": 4.2435, "bus_lcSublane": 0.2603, "bus_sigma": 0.6418, "bus_tau_mean": 1.4412, "bus_tau_std": 6.3091, "bus_v_mean": 18.4982, "bus_v_std": 6.7509, "car_acc": 1.2325, "car_dcc": 3.6413, "car_lcAssertive": 41.213, "car_lcCooperative": 0.3743, "car_lcLookaheadLeft": 23.2534, "car_lcPushy": 0.7347, "car_lcSigma": 0.1827, "car_lcSpeedGainRight": 4.9366, "car_lcSublane": 0.4889, "car_sigma": 0.0366, "car_tau_mean": 2.5232, "car_tau_std": 8.9372, "car_v_mean": 20.5563, "car_v_std": 6.8071}, "datetime": {"datetime": "2024-08-12 02:50:19", "elapsed": 7659.425396, "delta": 8.069053}}
{"target": -0.4118959970257155, "params": {"bus_acc": 1.8782, "bus_dcc": 2.6195, "bus_lcAssertive": 43.9019, "bus_lcCooperative": 0.7256, "bus_lcLookaheadLeft": 37.834, "bus_lcPushy": 0.8708, "bus_lcSigma": 0.6123, "bus_lcSpeedGainRight": 1.1416, "bus_lcSublane": 0.805, "bus_sigma": 0.0855, "bus_tau_mean": 2.1814, "bus_tau_std": 8.5378, "bus_v_mean": 18.5066, "bus_v_std": 0.0221, "car_acc": 1.1268, "car_dcc": 2.0725, "car_lcAssertive": 82.7322, "car_lcCooperative": 0.9261, "car_lcLookaheadLeft": 77.909, "car_lcPushy": 0.4043, "car_lcSigma": 0.7508, "car_lcSpeedGainRight": 0.608, "car_lcSublane": 0.9306, "car_sigma": 0.9667, "car_tau_mean": 1.3744, "car_tau_std": 8.4885, "car_v_mean": 14.8121, "car_v_std": 15.4722}, "datetime": {"datetime": "2024-08-12 02:50:28", "elapsed": 7668.289752, "delta": 8.864356}}
{"target": -0.2576023317415905, "params": {"bus_acc": 0.4451, "bus_dcc": 3.3249, "bus_lcAssertive": 80.5583, "bus_lcCooperative": 0.8634, "bus_lcLookaheadLeft": 86.4334, "bus_lcPushy": 0.4537, "bus_lcSigma": 0.6966, "bus_lcSpeedGainRight": 2.5586, "bus_lcSublane": 0.0245, "bus_sigma": 0.4898, "bus_tau_mean": 2.1333, "bus_tau_std": 4.6585, "bus_v_mean": 24.2028, "bus_v_std": 5.2849, "car_acc": 1.0218, "car_dcc": 3.456, "car_lcAssertive": 58.0988, "car_lcCooperative": 0.9732, "car_lcLookaheadLeft": 62.6486, "car_lcPushy": 0.8822, "car_lcSigma": 0.701, "car_lcSpeedGainRight": 4.9454, "car_lcSublane": 0.5675, "car_sigma": 0.5433, "car_tau_mean": 3.1651, "car_tau_std": 6.7383, "car_v_mean": 22.7601, "car_v_std": 1.6013}, "datetime": {"datetime": "2024-08-12 02:50:37", "elapsed": 7677.406629, "delta": 9.116877}}
{"target": -0.7062482658415202, "params": {"bus_acc": 0.4471, "bus_dcc": 1.0158, "bus_lcAssertive": 97.6556, "bus_lcCooperative": 0.0747, "bus_lcLookaheadLeft": 47.8277, "bus_lcPushy": 0.0756, "bus_lcSigma": 0.1557, "bus_lcSpeedGainRight": 2.8846, "bus_lcSublane": 0.4496, "bus_sigma": 0.8461, "bus_tau_mean": 0.9949, "bus_tau_std": 8.2266, "bus_v_mean": 17.3842, "bus_v_std": 7.6411, "car_acc": 0.9125, "car_dcc": 0.8517, "car_lcAssertive": 58.6049, "car_lcCooperative": 0.9744, "car_lcLookaheadLeft": 46.3529, "car_lcPushy": 0.3876, "car_lcSigma": 0.8405, "car_lcSpeedGainRight": 3.9898, "car_lcSublane": 0.5961, "car_sigma": 0.5967, "car_tau_mean": 1.1883, "car_tau_std": 3.8372, "car_v_mean": 11.1614, "car_v_std": 4.0935}, "datetime": {"datetime": "2024-08-12 02:50:44", "elapsed": 7685.132974, "delta": 7.726345}}
{"target": -0.23132885022510355, "params": {"bus_acc": 1.3767, "bus_dcc": 1.7224, "bus_lcAssertive": 24.0512, "bus_lcCooperative": 0.6483, "bus_lcLookaheadLeft": 20.5029, "bus_lcPushy": 0.7835, "bus_lcSigma": 0.5202, "bus_lcSpeedGainRight": 0.5297, "bus_lcSublane": 0.344, "bus_sigma": 0.8281, "bus_tau_mean": 3.4316, "bus_tau_std": 2.4801, "bus_v_mean": 12.3542, "bus_v_std": 5.3076, "car_acc": 0.4119, "car_dcc": 2.9326, "car_lcAssertive": 35.5004, "car_lcCooperative": 0.1245, "car_lcLookaheadLeft": 46.6175, "car_lcPushy": 0.1438, "car_lcSigma": 0.5953, "car_lcSpeedGainRight": 3.2767, "car_lcSublane": 0.6875, "car_sigma": 0.366, "car_tau_mean": 1.6711, "car_tau_std": 7.3415, "car_v_mean": 18.8384, "car_v_std": 4.6085}, "datetime": {"datetime": "2024-08-12 02:50:55", "elapsed": 7695.843228, "delta": 10.710254}}
{"target": -0.8401244526102203, "params": {"bus_acc": 1.9452, "bus_dcc": 3.8525, "bus_lcAssertive": 62.3698, "bus_lcCooperative": 0.0694, "bus_lcLookaheadLeft": 68.8299, "bus_lcPushy": 0.7078, "bus_lcSigma": 0.1009, "bus_lcSpeedGainRight": 2.8512, "bus_lcSublane": 0.3216, "bus_sigma": 0.9999, "bus_tau_mean": 1.0054, "bus_tau_std": 2.0934, "bus_v_mean": 10.0193, "bus_v_std": 14.741, "car_acc": 2.4219, "car_dcc": 0.3978, "car_lcAssertive": 2.2586, "car_lcCooperative": 0.1388, "car_lcLookaheadLeft": 33.9144, "car_lcPushy": 0.4431, "car_lcSigma": 0.3341, "car_lcSpeedGainRight": 2.5329, "car_lcSublane": 0.9429, "car_sigma": 0.2651, "car_tau_mean": 2.2178, "car_tau_std": 0.9091, "car_v_mean": 12.0978, "car_v_std": 5.3875}, "datetime": {"datetime": "2024-08-12 02:51:00", "elapsed": 7700.980081, "delta": 5.136853}}
{"target": -0.652050785512415, "params": {"bus_acc": 2.0899, "bus_dcc": 3.0861, "bus_lcAssertive": 45.5752, "bus_lcCooperative": 0.3351, "bus_lcLookaheadLeft": 15.3317, "bus_lcPushy": 0.6938, "bus_lcSigma": 0.3936, "bus_lcSpeedGainRight": 2.6083, "bus_lcSublane": 0.1475, "bus_sigma": 0.3963, "bus_tau_mean": 1.4768, "bus_tau_std": 8.7253, "bus_v_mean": 23.6613, "bus_v_std": 4.9767, "car_acc": 2.422, "car_dcc": 3.9282, "car_lcAssertive": 47.6202, "car_lcCooperative": 0.779, "car_lcLookaheadLeft": 52.6115, "car_lcPushy": 0.6204, "car_lcSigma": 0.2971, "car_lcSpeedGainRight": 0.5339, "car_lcSublane": 0.8624, "car_sigma": 0.9828, "car_tau_mean": 1.6533, "car_tau_std": 9.5974, "car_v_mean": 23.6735, "car_v_std": 9.7285}, "datetime": {"datetime": "2024-08-12 02:51:05", "elapsed": 7706.104843, "delta": 5.124762}}
{"target": -0.6686358946131598, "params": {"bus_acc": 0.7509, "bus_dcc": 3.5786, "bus_lcAssertive": 79.728, "bus_lcCooperative": 0.4668, "bus_lcLookaheadLeft": 9.5557, "bus_lcPushy": 0.0358, "bus_lcSigma": 0.0351, "bus_lcSpeedGainRight": 3.5092, "bus_lcSublane": 0.1249, "bus_sigma": 0.3299, "bus_tau_mean": 2.95, "bus_tau_std": 3.6065, "bus_v_mean": 25.3429, "bus_v_std": 14.9761, "car_acc": 2.1601, "car_dcc": 3.538, "car_lcAssertive": 58.5937, "car_lcCooperative": 0.615, "car_lcLookaheadLeft": 7.4637, "car_lcPushy": 0.7862, "car_lcSigma": 0.1839, "car_lcSpeedGainRight": 4.913, "car_lcSublane": 0.3742, "car_sigma": 0.6324, "car_tau_mean": 2.8033, "car_tau_std": 0.3735, "car_v_mean": 22.8266, "car_v_std": 8.1414}, "datetime": {"datetime": "2024-08-12 02:51:11", "elapsed": 7711.63276, "delta": 5.527917}}
{"target": -0.5145895638281864, "params": {"bus_acc": 0.9672, "bus_dcc": 2.6523, "bus_lcAssertive": 59.3696, "bus_lcCooperative": 0.2835, "bus_lcLookaheadLeft": 25.5939, "bus_lcPushy": 0.4512, "bus_lcSigma": 0.1278, "bus_lcSpeedGainRight": 2.7702, "bus_lcSublane": 0.1286, "bus_sigma": 0.5439, "bus_tau_mean": 2.6032, "bus_tau_std": 1.5307, "bus_v_mean": 19.6535, "bus_v_std": 9.2074, "car_acc": 2.3726, "car_dcc": 1.5184, "car_lcAssertive": 31.4738, "car_lcCooperative": 0.8279, "car_lcLookaheadLeft": 70.3777, "car_lcPushy": 0.4285, "car_lcSigma": 0.6784, "car_lcSpeedGainRight": 1.9781, "car_lcSublane": 0.5239, "car_sigma": 0.5629, "car_tau_mean": 2.0655, "car_tau_std": 3.2424, "car_v_mean": 13.7758, "car_v_std": 0.4839}, "datetime": {"datetime": "2024-08-12 02:51:16", "elapsed": 7717.157406, "delta": 5.524646}}
