{"target": -0.6355531036420263, "params": {"bus_acc": 2.9668, "bus_dcc": 3.8103, "bus_lcAssertive": 34.6648, "bus_lcCooperative": 0.0984, "bus_lcLookaheadLeft": 31.989, "bus_lcPushy": 0.0797, "bus_lcSigma": 0.6607, "bus_lcSpeedGainRight": 1.7753, "bus_lcSublane": 0.7578, "bus_sigma": 0.2688, "bus_tau_mean": 3.57, "bus_tau_std": 2.8381, "bus_v_mean": 13.7851, "bus_v_std": 8.4945, "car_acc": 3.5335, "car_dcc": 3.0314, "car_lcAssertive": 66.1158, "car_lcCooperative": 0.6869, "car_lcLookaheadLeft": 72.9903, "car_lcPushy": 0.9076, "car_lcSigma": 0.2485, "car_lcSpeedGainRight": 1.4302, "car_lcSublane": 0.5002, "car_sigma": 0.0739, "car_tau_mean": 3.0779, "car_tau_std": 7.7256, "car_v_mean": 22.2226, "car_v_std": 10.6775}, "datetime": {"datetime": "2024-08-12 02:36:55", "elapsed": 6855.89798, "delta": 4.42359}}
{"target": -0.48735075865254646, "params": {"bus_acc": 2.2587, "bus_dcc": 2.4045, "bus_lcAssertive": 56.0496, "bus_lcCooperative": 0.129, "bus_lcLookaheadLeft": 83.6324, "bus_lcPushy": 0.5115, "bus_lcSigma": 0.5504, "bus_lcSpeedGainRight": 3.2175, "bus_lcSublane": 0.6296, "bus_sigma": 0.9244, "bus_tau_mean": 1.6114, "bus_tau_std": 6.0155, "bus_v_mean": 17.4112, "bus_v_std": 18.8697, "car_acc": 0.3445, "car_dcc": 1.0713, "car_lcAssertive": 26.954, "car_lcCooperative": 0.2857, "car_lcLookaheadLeft": 27.3533, "car_lcPushy": 0.2307, "car_lcSigma": 0.2561, "car_lcSpeedGainRight": 0.1621, "car_lcSublane": 0.1691, "car_sigma": 0.2703, "car_tau_mean": 0.7337, "car_tau_std": 3.7763, "car_v_mean": 14.6275, "car_v_std": 13.4214}, "datetime": {"datetime": "2024-08-12 02:37:02", "elapsed": 6862.193318, "delta": 6.295338}}
{"target": -0.4782126709566786, "params": {"bus_acc": 1.773, "bus_dcc": 3.8194, "bus_lcAssertive": 62.6707, "bus_lcCooperative": 0.5556, "bus_lcLookaheadLeft": 42.7967, "bus_lcPushy": 0.0243, "bus_lcSigma": 0.7571, "bus_lcSpeedGainRight": 1.8034, "bus_lcSublane": 0.0523, "bus_sigma": 0.6202, "bus_tau_mean": 3.4316, "bus_tau_std": 1.5423, "bus_v_mean": 13.9788, "bus_v_std": 4.5456, "car_acc": 3.4573, "car_dcc": 3.5837, "car_lcAssertive": 43.7709, "car_lcCooperative": 0.2715, "car_lcLookaheadLeft": 58.1549, "car_lcPushy": 0.1032, "car_lcSigma": 0.2163, "car_lcSpeedGainRight": 3.2173, "car_lcSublane": 0.5397, "car_sigma": 0.5533, "car_tau_mean": 2.918, "car_tau_std": 9.844, "car_v_mean": 17.8091, "car_v_std": 13.4539}, "datetime": {"datetime": "2024-08-12 02:37:08", "elapsed": 6868.348948, "delta": 6.15563}}
{"target": -0.3994554207138454, "params": {"bus_acc": 0.7694, "bus_dcc": 3.5374, "bus_lcAssertive": 83.5366, "bus_lcCooperative": 0.0975, "bus_lcLookaheadLeft": 68.6577, "bus_lcPushy": 0.2864, "bus_lcSigma": 0.5554, "bus_lcSpeedGainRight": 4.9759, "bus_lcSublane": 0.1967, "bus_sigma": 0.7101, "bus_tau_mean": 2.4728, "bus_tau_std": 1.3314, "bus_v_mean": 8.9479, "bus_v_std": 11.1588, "car_acc": 1.0417, "car_dcc": 2.5372, "car_lcAssertive": 82.8162, "car_lcCooperative": 0.6013, "car_lcLookaheadLeft": 3.4645, "car_lcPushy": 0.9873, "car_lcSigma": 0.6568, "car_lcSpeedGainRight": 1.0536, "car_lcSublane": 0.5855, "car_sigma": 0.4642, "car_tau_mean": 3.3081, "car_tau_std": 3.3204, "car_v_mean": 22.4136, "car_v_std": 11.2326}, "datetime": {"datetime": "2024-08-12 02:37:13", "elapsed": 6873.79295, "delta": 5.444002}}
{"target": -0.5157435997436389, "params": {"bus_acc": 1.8312, "bus_dcc": 0.7943, "bus_lcAssertive": 94.2917, "bus_lcCooperative": 0.6401, "bus_lcLookaheadLeft": 51.0819, "bus_lcPushy": 0.6997, "bus_lcSigma": 0.8053, "bus_lcSpeedGainRight": 2.3156, "bus_lcSublane": 0.7806, "bus_sigma": 0.5751, "bus_tau_mean": 3.1291, "bus_tau_std": 5.5617, "bus_v_mean": 11.9564, "bus_v_std": 17.761, "car_acc": 3.1429, "car_dcc": 2.3899, "car_lcAssertive": 19.6581, "car_lcCooperative": 0.1391, "car_lcLookaheadLeft": 8.4835, "car_lcPushy": 0.4611, "car_lcSigma": 0.1915, "car_lcSpeedGainRight": 3.889, "car_lcSublane": 0.97, "car_sigma": 0.9306, "car_tau_mean": 3.1901, "car_tau_std": 9.1221, "car_v_mean": 14.3989, "car_v_std": 1.608}, "datetime": {"datetime": "2024-08-12 02:37:20", "elapsed": 6880.414827, "delta": 6.621877}}
{"target": -0.6317222437780742, "params": {"bus_acc": 3.4488, "bus_dcc": 0.4862, "bus_lcAssertive": 34.2777, "bus_lcCooperative": 0.8765, "bus_lcLookaheadLeft": 76.4367, "bus_lcPushy": 0.8816, "bus_lcSigma": 0.9052, "bus_lcSpeedGainRight": 3.688, "bus_lcSublane": 0.7906, "bus_sigma": 0.5606, "bus_tau_mean": 1.8679, "bus_tau_std": 9.2677, "bus_v_mean": 15.3209, "bus_v_std": 1.3536, "car_acc": 2.706, "car_dcc": 3.3369, "car_lcAssertive": 78.7308, "car_lcCooperative": 0.9862, "car_lcLookaheadLeft": 67.234, "car_lcPushy": 0.6675, "car_lcSigma": 0.6904, "car_lcSpeedGainRight": 0.3576, "car_lcSublane": 0.801, "car_sigma": 0.431, "car_tau_mean": 0.9626, "car_tau_std": 9.7759, "car_v_mean": 12.0468, "car_v_std": 7.1483}, "datetime": {"datetime": "2024-08-12 02:37:25", "elapsed": 6886.106038, "delta": 5.691211}}
{"target": -0.6026893587248116, "params": {"bus_acc": 2.6066, "bus_dcc": 0.8206, "bus_lcAssertive": 28.7485, "bus_lcCooperative": 0.5267, "bus_lcLookaheadLeft": 60.2485, "bus_lcPushy": 0.1131, "bus_lcSigma": 0.9876, "bus_lcSpeedGainRight": 1.3344, "bus_lcSublane": 0.7941, "bus_sigma": 0.1321, "bus_tau_mean": 1.7528, "bus_tau_std": 7.4034, "bus_v_mean": 12.2773, "bus_v_std": 11.5261, "car_acc": 2.9156, "car_dcc": 3.1281, "car_lcAssertive": 77.6962, "car_lcCooperative": 0.0972, "car_lcLookaheadLeft": 83.8531, "car_lcPushy": 0.1268, "car_lcSigma": 0.2505, "car_lcSpeedGainRight": 4.1833, "car_lcSublane": 0.3162, "car_sigma": 0.7373, "car_tau_mean": 3.2971, "car_tau_std": 6.9228, "car_v_mean": 18.3134, "car_v_std": 4.6419}, "datetime": {"datetime": "2024-08-12 02:37:35", "elapsed": 6896.121465, "delta": 10.015427}}
{"target": -0.548184089394556, "params": {"bus_acc": 1.012, "bus_dcc": 2.5864, "bus_lcAssertive": 7.0946, "bus_lcCooperative": 0.9157, "bus_lcLookaheadLeft": 3.9843, "bus_lcPushy": 0.5858, "bus_lcSigma": 0.8059, "bus_lcSpeedGainRight": 0.456, "bus_lcSublane": 0.9324, "bus_sigma": 0.4725, "bus_tau_mean": 1.756, "bus_tau_std": 6.69, "bus_v_mean": 22.2204, "bus_v_std": 4.67, "car_acc": 2.0094, "car_dcc": 0.8633, "car_lcAssertive": 62.8449, "car_lcCooperative": 0.0056, "car_lcLookaheadLeft": 92.1328, "car_lcPushy": 0.9344, "car_lcSigma": 0.9662, "car_lcSpeedGainRight": 4.1167, "car_lcSublane": 0.7647, "car_sigma": 0.7548, "car_tau_mean": 1.2363, "car_tau_std": 3.7711, "car_v_mean": 23.701, "car_v_std": 0.7262}, "datetime": {"datetime": "2024-08-12 02:37:42", "elapsed": 6902.248664, "delta": 6.127199}}
{"target": -0.49554075683684456, "params": {"bus_acc": 1.2024, "bus_dcc": 1.4921, "bus_lcAssertive": 8.7311, "bus_lcCooperative": 0.1695, "bus_lcLookaheadLeft": 12.5675, "bus_lcPushy": 0.9307, "bus_lcSigma": 0.8612, "bus_lcSpeedGainRight": 3.447, "bus_lcSublane": 0.6999, "bus_sigma": 0.118, "bus_tau_mean": 3.5489, "bus_tau_std": 2.2282, "bus_v_mean": 9.384, "bus_v_std": 0.4183, "car_acc": 0.7726, "car_dcc": 2.5965, "car_lcAssertive": 62.0205, "car_lcCooperative": 0.2157, "car_lcLookaheadLeft": 42.4706, "car_lcPushy": 0.6338, "car_lcSigma": 0.038, "car_lcSpeedGainRight": 3.9569, "car_lcSublane": 0.585, "car_sigma": 0.3154, "car_tau_mean": 1.9571, "car_tau_std": 5.3887, "car_v_mean": 17.8326, "car_v_std": 0.262}, "datetime": {"datetime": "2024-08-12 02:37:50", "elapsed": 6910.362956, "delta": 8.114292}}
{"target": -0.4577010501686383, "params": {"bus_acc": 2.1255, "bus_dcc": 1.8317, "bus_lcAssertive": 25.279, "bus_lcCooperative": 0.7141, "bus_lcLookaheadLeft": 19.2747, "bus_lcPushy": 0.9904, "bus_lcSigma": 0.6429, "bus_lcSpeedGainRight": 0.2928, "bus_lcSublane": 0.5871, "bus_sigma": 0.5823, "bus_tau_mean": 3.653, "bus_tau_std": 4.242, "bus_v_mean": 23.6466, "bus_v_std": 13.8722, "car_acc": 0.833, "car_dcc": 2.1477, "car_lcAssertive": 69.9375, "car_lcCooperative": 0.8571, "car_lcLookaheadLeft": 89.9911, "car_lcPushy": 0.036, "car_lcSigma": 0.2444, "car_lcSpeedGainRight": 2.5089, "car_lcSublane": 0.2791, "car_sigma": 0.1662, "car_tau_mean": 0.9098, "car_tau_std": 2.5771, "car_v_mean": 22.902, "car_v_std": 10.9157}, "datetime": {"datetime": "2024-08-12 02:37:59", "elapsed": 6919.293604, "delta": 8.930648}}
{"target": -0.5670870872992467, "params": {"bus_acc": 2.7615, "bus_dcc": 1.5867, "bus_lcAssertive": 66.0741, "bus_lcCooperative": 0.8059, "bus_lcLookaheadLeft": 54.8334, "bus_lcPushy": 0.9856, "bus_lcSigma": 0.1628, "bus_lcSpeedGainRight": 4.7636, "bus_lcSublane": 0.3298, "bus_sigma": 0.1881, "bus_tau_mean": 1.931, "bus_tau_std": 2.2556, "bus_v_mean": 15.5191, "bus_v_std": 1.7115, "car_acc": 3.0601, "car_dcc": 3.0752, "car_lcAssertive": 71.4797, "car_lcCooperative": 0.2021, "car_lcLookaheadLeft": 77.3045, "car_lcPushy": 0.3698, "car_lcSigma": 0.9148, "car_lcSpeedGainRight": 2.3756, "car_lcSublane": 0.8472, "car_sigma": 0.5841, "car_tau_mean": 1.1251, "car_tau_std": 3.2335, "car_v_mean": 22.2132, "car_v_std": 14.8118}, "datetime": {"datetime": "2024-08-12 02:38:03", "elapsed": 6923.729786, "delta": 4.436182}}
{"target": -0.24761120771701658, "params": {"bus_acc": 0.3421, "bus_dcc": 1.9016, "bus_lcAssertive": 66.0721, "bus_lcCooperative": 0.3083, "bus_lcLookaheadLeft": 21.3903, "bus_lcPushy": 0.1298, "bus_lcSigma": 0.2422, "bus_lcSpeedGainRight": 0.9068, "bus_lcSublane": 0.3066, "bus_sigma": 0.3971, "bus_tau_mean": 0.8138, "bus_tau_std": 9.4561, "bus_v_mean": 21.3345, "bus_v_std": 12.8982, "car_acc": 0.8936, "car_dcc": 2.0375, "car_lcAssertive": 49.8802, "car_lcCooperative": 0.8867, "car_lcLookaheadLeft": 86.3306, "car_lcPushy": 0.3642, "car_lcSigma": 0.1098, "car_lcSpeedGainRight": 0.7044, "car_lcSublane": 0.8518, "car_sigma": 0.4336, "car_tau_mean": 1.033, "car_tau_std": 4.4198, "car_v_mean": 9.624, "car_v_std": 16.6141}, "datetime": {"datetime": "2024-08-12 02:38:09", "elapsed": 6929.673023, "delta": 5.943237}}
{"target": -0.6309905470649398, "params": {"bus_acc": 2.2031, "bus_dcc": 3.8803, "bus_lcAssertive": 30.8005, "bus_lcCooperative": 0.2193, "bus_lcLookaheadLeft": 69.5162, "bus_lcPushy": 0.3618, "bus_lcSigma": 0.9649, "bus_lcSpeedGainRight": 4.5353, "bus_lcSublane": 0.9768, "bus_sigma": 0.006, "bus_tau_mean": 2.3435, "bus_tau_std": 9.8603, "bus_v_mean": 24.4301, "bus_v_std": 3.5786, "car_acc": 3.8688, "car_dcc": 3.2444, "car_lcAssertive": 84.4854, "car_lcCooperative": 0.8573, "car_lcLookaheadLeft": 12.0286, "car_lcPushy": 0.7872, "car_lcSigma": 0.3001, "car_lcSpeedGainRight": 3.1407, "car_lcSublane": 0.1177, "car_sigma": 0.1471, "car_tau_mean": 2.4559, "car_tau_std": 5.3713, "car_v_mean": 22.1842, "car_v_std": 10.0067}, "datetime": {"datetime": "2024-08-12 02:38:15", "elapsed": 6936.095909, "delta": 6.422886}}
{"target": -0.3644897183597844, "params": {"bus_acc": 1.7426, "bus_dcc": 2.2306, "bus_lcAssertive": 7.5469, "bus_lcCooperative": 0.2094, "bus_lcLookaheadLeft": 87.7232, "bus_lcPushy": 0.9363, "bus_lcSigma": 0.0843, "bus_lcSpeedGainRight": 4.1928, "bus_lcSublane": 0.328, "bus_sigma": 0.876, "bus_tau_mean": 2.061, "bus_tau_std": 6.5846, "bus_v_mean": 13.3172, "bus_v_std": 14.4832, "car_acc": 0.6103, "car_dcc": 2.739, "car_lcAssertive": 4.418, "car_lcCooperative": 0.3043, "car_lcLookaheadLeft": 91.6484, "car_lcPushy": 0.6123, "car_lcSigma": 0.0229, "car_lcSpeedGainRight": 4.2285, "car_lcSublane": 0.7516, "car_sigma": 0.0551, "car_tau_mean": 3.6774, "car_tau_std": 7.7729, "car_v_mean": 24.4131, "car_v_std": 6.5107}, "datetime": {"datetime": "2024-08-12 02:38:22", "elapsed": 6942.776463, "delta": 6.680554}}
{"target": -0.6156458998334733, "params": {"bus_acc": 3.9292, "bus_dcc": 2.5467, "bus_lcAssertive": 78.0703, "bus_lcCooperative": 0.0442, "bus_lcLookaheadLeft": 76.0703, "bus_lcPushy": 0.5397, "bus_lcSigma": 0.9268, "bus_lcSpeedGainRight": 0.4255, "bus_lcSublane": 0.0425, "bus_sigma": 0.8389, "bus_tau_mean": 1.682, "bus_tau_std": 2.0218, "bus_v_mean": 16.076, "bus_v_std": 4.5506, "car_acc": 0.644, "car_dcc": 1.1194, "car_lcAssertive": 74.0833, "car_lcCooperative": 0.0851, "car_lcLookaheadLeft": 62.6512, "car_lcPushy": 0.7734, "car_lcSigma": 0.6963, "car_lcSpeedGainRight": 4.5246, "car_lcSublane": 0.7435, "car_sigma": 0.8847, "car_tau_mean": 0.8186, "car_tau_std": 0.7126, "car_v_mean": 23.484, "car_v_std": 10.0224}, "datetime": {"datetime": "2024-08-12 02:38:30", "elapsed": 6950.207774, "delta": 7.431311}}
{"target": -0.6267528615053529, "params": {"bus_acc": 2.0459, "bus_dcc": 1.157, "bus_lcAssertive": 22.1234, "bus_lcCooperative": 0.2028, "bus_lcLookaheadLeft": 65.4999, "bus_lcPushy": 0.08, "bus_lcSigma": 0.796, "bus_lcSpeedGainRight": 1.3402, "bus_lcSublane": 0.7592, "bus_sigma": 0.4923, "bus_tau_mean": 1.076, "bus_tau_std": 3.9717, "bus_v_mean": 20.5478, "bus_v_std": 10.0267, "car_acc": 3.8199, "car_dcc": 3.7746, "car_lcAssertive": 18.1511, "car_lcCooperative": 0.3192, "car_lcLookaheadLeft": 27.7723, "car_lcPushy": 0.4705, "car_lcSigma": 0.0124, "car_lcSpeedGainRight": 4.4997, "car_lcSublane": 0.1587, "car_sigma": 0.7063, "car_tau_mean": 0.8727, "car_tau_std": 2.7308, "car_v_mean": 21.0502, "car_v_std": 2.1073}, "datetime": {"datetime": "2024-08-12 02:38:35", "elapsed": 6955.248071, "delta": 5.040297}}
{"target": -0.2986127850010911, "params": {"bus_acc": 1.2413, "bus_dcc": 0.3111, "bus_lcAssertive": 47.2077, "bus_lcCooperative": 0.6393, "bus_lcLookaheadLeft": 12.0765, "bus_lcPushy": 0.0782, "bus_lcSigma": 0.0482, "bus_lcSpeedGainRight": 4.3553, "bus_lcSublane": 0.6274, "bus_sigma": 0.2381, "bus_tau_mean": 0.8631, "bus_tau_std": 2.4652, "bus_v_mean": 22.7433, "bus_v_std": 3.8531, "car_acc": 0.2982, "car_dcc": 3.5477, "car_lcAssertive": 23.3338, "car_lcCooperative": 0.2376, "car_lcLookaheadLeft": 73.6915, "car_lcPushy": 0.4254, "car_lcSigma": 0.9486, "car_lcSpeedGainRight": 0.1983, "car_lcSublane": 0.1125, "car_sigma": 0.2421, "car_tau_mean": 1.6463, "car_tau_std": 1.634, "car_v_mean": 25.7376, "car_v_std": 7.0282}, "datetime": {"datetime": "2024-08-12 02:38:40", "elapsed": 6961.117502, "delta": 5.869431}}
{"target": -0.6371177076565983, "params": {"bus_acc": 3.7672, "bus_dcc": 1.3865, "bus_lcAssertive": 33.8732, "bus_lcCooperative": 0.7116, "bus_lcLookaheadLeft": 79.2271, "bus_lcPushy": 0.0036, "bus_lcSigma": 0.8101, "bus_lcSpeedGainRight": 3.932, "bus_lcSublane": 0.1075, "bus_sigma": 0.9147, "bus_tau_mean": 3.9312, "bus_tau_std": 7.1318, "bus_v_mean": 10.764, "bus_v_std": 7.5587, "car_acc": 3.6552, "car_dcc": 0.4644, "car_lcAssertive": 26.3191, "car_lcCooperative": 0.112, "car_lcLookaheadLeft": 5.5126, "car_lcPushy": 0.2235, "car_lcSigma": 0.9023, "car_lcSpeedGainRight": 2.5155, "car_lcSublane": 0.2237, "car_sigma": 0.8444, "car_tau_mean": 1.4507, "car_tau_std": 7.712, "car_v_mean": 13.1535, "car_v_std": 0.7452}, "datetime": {"datetime": "2024-08-12 02:38:47", "elapsed": 6967.96433, "delta": 6.846828}}
{"target": -0.7712399210127407, "params": {"bus_acc": 3.3247, "bus_dcc": 1.8514, "bus_lcAssertive": 93.4866, "bus_lcCooperative": 0.7896, "bus_lcLookaheadLeft": 80.1533, "bus_lcPushy": 0.6559, "bus_lcSigma": 0.3371, "bus_lcSpeedGainRight": 2.974, "bus_lcSublane": 0.0406, "bus_sigma": 0.8767, "bus_tau_mean": 3.4719, "bus_tau_std": 3.0094, "bus_v_mean": 21.9662, "bus_v_std": 16.6669, "car_acc": 3.5913, "car_dcc": 3.3761, "car_lcAssertive": 89.8777, "car_lcCooperative": 0.248, "car_lcLookaheadLeft": 42.62, "car_lcPushy": 0.2859, "car_lcSigma": 0.8009, "car_lcSpeedGainRight": 2.0215, "car_lcSublane": 0.7581, "car_sigma": 0.2906, "car_tau_mean": 1.571, "car_tau_std": 4.9262, "car_v_mean": 12.3024, "car_v_std": 17.5568}, "datetime": {"datetime": "2024-08-12 02:38:52", "elapsed": 6972.936562, "delta": 4.972232}}
{"target": -0.6071089627718164, "params": {"bus_acc": 1.0899, "bus_dcc": 3.3636, "bus_lcAssertive": 28.8584, "bus_lcCooperative": 0.0056, "bus_lcLookaheadLeft": 56.2354, "bus_lcPushy": 0.456, "bus_lcSigma": 0.6926, "bus_lcSpeedGainRight": 2.8846, "bus_lcSublane": 0.3613, "bus_sigma": 0.7267, "bus_tau_mean": 1.5521, "bus_tau_std": 0.6794, "bus_v_mean": 8.0617, "bus_v_std": 9.4394, "car_acc": 2.4285, "car_dcc": 0.9726, "car_lcAssertive": 85.7636, "car_lcCooperative": 0.9979, "car_lcLookaheadLeft": 31.5094, "car_lcPushy": 0.0923, "car_lcSigma": 0.4634, "car_lcSpeedGainRight": 1.2331, "car_lcSublane": 0.0155, "car_sigma": 0.8702, "car_tau_mean": 3.2968, "car_tau_std": 6.5207, "car_v_mean": 17.6669, "car_v_std": 5.974}, "datetime": {"datetime": "2024-08-12 02:38:57", "elapsed": 6977.407638, "delta": 4.471076}}
{"target": -0.6124397880194578, "params": {"bus_acc": 3.2486, "bus_dcc": 2.5427, "bus_lcAssertive": 46.486, "bus_lcCooperative": 0.6617, "bus_lcLookaheadLeft": 25.3372, "bus_lcPushy": 0.4104, "bus_lcSigma": 0.4097, "bus_lcSpeedGainRight": 3.9018, "bus_lcSublane": 0.1858, "bus_sigma": 0.8114, "bus_tau_mean": 0.5029, "bus_tau_std": 4.1537, "bus_v_mean": 10.7569, "bus_v_std": 12.6135, "car_acc": 2.7021, "car_dcc": 3.5178, "car_lcAssertive": 82.2492, "car_lcCooperative": 0.0461, "car_lcLookaheadLeft": 13.074, "car_lcPushy": 0.8645, "car_lcSigma": 0.4492, "car_lcSpeedGainRight": 2.4613, "car_lcSublane": 0.7485, "car_sigma": 0.1787, "car_tau_mean": 1.8416, "car_tau_std": 5.3977, "car_v_mean": 25.7707, "car_v_std": 5.3341}, "datetime": {"datetime": "2024-08-12 02:39:08", "elapsed": 6988.456293, "delta": 11.048655}}
{"target": -0.5342260827742824, "params": {"bus_acc": 2.2919, "bus_dcc": 0.955, "bus_lcAssertive": 32.39, "bus_lcCooperative": 0.1778, "bus_lcLookaheadLeft": 4.8878, "bus_lcPushy": 0.3828, "bus_lcSigma": 0.6479, "bus_lcSpeedGainRight": 0.7516, "bus_lcSublane": 0.6626, "bus_sigma": 0.8005, "bus_tau_mean": 0.8731, "bus_tau_std": 2.3629, "bus_v_mean": 19.3954, "bus_v_std": 9.6954, "car_acc": 3.8796, "car_dcc": 3.0157, "car_lcAssertive": 62.9064, "car_lcCooperative": 0.4834, "car_lcLookaheadLeft": 67.2964, "car_lcPushy": 0.7607, "car_lcSigma": 0.7587, "car_lcSpeedGainRight": 4.3632, "car_lcSublane": 0.8666, "car_sigma": 0.2095, "car_tau_mean": 2.9187, "car_tau_std": 9.5695, "car_v_mean": 17.9963, "car_v_std": 7.4357}, "datetime": {"datetime": "2024-08-12 02:39:12", "elapsed": 6993.110007, "delta": 4.653714}}
{"target": -0.5249996006107799, "params": {"bus_acc": 3.7318, "bus_dcc": 2.0377, "bus_lcAssertive": 6.2798, "bus_lcCooperative": 0.5464, "bus_lcLookaheadLeft": 59.0146, "bus_lcPushy": 0.188, "bus_lcSigma": 0.6845, "bus_lcSpeedGainRight": 3.2251, "bus_lcSublane": 0.1727, "bus_sigma": 0.4941, "bus_tau_mean": 3.9996, "bus_tau_std": 9.7624, "bus_v_mean": 20.3475, "bus_v_std": 1.3291, "car_acc": 1.0466, "car_dcc": 3.9547, "car_lcAssertive": 82.9288, "car_lcCooperative": 0.0547, "car_lcLookaheadLeft": 89.1069, "car_lcPushy": 0.8854, "car_lcSigma": 0.8793, "car_lcSpeedGainRight": 1.3021, "car_lcSublane": 0.2274, "car_sigma": 0.9636, "car_tau_mean": 3.645, "car_tau_std": 7.9947, "car_v_mean": 19.3285, "car_v_std": 1.6349}, "datetime": {"datetime": "2024-08-12 02:39:19", "elapsed": 6999.771232, "delta": 6.661225}}
{"target": -0.4468476535352203, "params": {"bus_acc": 1.0314, "bus_dcc": 2.3263, "bus_lcAssertive": 51.6563, "bus_lcCooperative": 0.3451, "bus_lcLookaheadLeft": 94.5635, "bus_lcPushy": 0.2239, "bus_lcSigma": 0.7726, "bus_lcSpeedGainRight": 1.7643, "bus_lcSublane": 0.0588, "bus_sigma": 0.1906, "bus_tau_mean": 1.2059, "bus_tau_std": 3.6427, "bus_v_mean": 20.9249, "bus_v_std": 12.2561, "car_acc": 1.2961, "car_dcc": 3.4629, "car_lcAssertive": 24.1333, "car_lcCooperative": 0.6429, "car_lcLookaheadLeft": 72.7181, "car_lcPushy": 0.1739, "car_lcSigma": 0.4821, "car_lcSpeedGainRight": 3.6797, "car_lcSublane": 0.2451, "car_sigma": 0.7942, "car_tau_mean": 2.7615, "car_tau_std": 4.3794, "car_v_mean": 13.9473, "car_v_std": 17.4975}, "datetime": {"datetime": "2024-08-12 02:39:25", "elapsed": 7005.218245, "delta": 5.447013}}
{"target": -0.6558012595473958, "params": {"bus_acc": 2.9976, "bus_dcc": 1.5747, "bus_lcAssertive": 76.6567, "bus_lcCooperative": 0.363, "bus_lcLookaheadLeft": 57.774, "bus_lcPushy": 0.3207, "bus_lcSigma": 0.2537, "bus_lcSpeedGainRight": 1.7953, "bus_lcSublane": 0.803, "bus_sigma": 0.9289, "bus_tau_mean": 0.8044, "bus_tau_std": 4.7455, "bus_v_mean": 13.7327, "bus_v_std": 4.2588, "car_acc": 2.3355, "car_dcc": 1.1625, "car_lcAssertive": 30.0524, "car_lcCooperative": 0.7158, "car_lcLookaheadLeft": 10.864, "car_lcPushy": 0.7871, "car_lcSigma": 0.1255, "car_lcSpeedGainRight": 0.4146, "car_lcSublane": 0.752, "car_sigma": 0.7513, "car_tau_mean": 1.3036, "car_tau_std": 6.448, "car_v_mean": 18.2971, "car_v_std": 12.41}, "datetime": {"datetime": "2024-08-12 02:39:30", "elapsed": 7010.821059, "delta": 5.602814}}
{"target": -0.4763152072390599, "params": {"bus_acc": 2.2826, "bus_dcc": 2.0262, "bus_lcAssertive": 71.6594, "bus_lcCooperative": 0.4594, "bus_lcLookaheadLeft": 96.8613, "bus_lcPushy": 0.8514, "bus_lcSigma": 0.9858, "bus_lcSpeedGainRight": 2.2858, "bus_lcSublane": 0.3809, "bus_sigma": 0.3362, "bus_tau_mean": 3.2337, "bus_tau_std": 3.2861, "bus_v_mean": 11.026, "bus_v_std": 3.1321, "car_acc": 0.7659, "car_dcc": 3.762, "car_lcAssertive": 15.731, "car_lcCooperative": 0.5556, "car_lcLookaheadLeft": 61.2306, "car_lcPushy": 0.9262, "car_lcSigma": 0.2279, "car_lcSpeedGainRight": 4.6548, "car_lcSublane": 0.7738, "car_sigma": 0.0066, "car_tau_mean": 1.984, "car_tau_std": 1.6275, "car_v_mean": 19.1716, "car_v_std": 14.4871}, "datetime": {"datetime": "2024-08-12 02:39:40", "elapsed": 7020.419301, "delta": 9.598242}}
