{"target": -0.6105115720924207, "params": {"bus_acc": 3.3448, "bus_dcc": 0.5633, "bus_lcAssertive": 72.1626, "bus_lcCooperative": 0.3095, "bus_lcLookaheadLeft": 23.8237, "bus_lcPushy": 0.4987, "bus_lcSigma": 0.183, "bus_lcSpeedGainRight": 0.7019, "bus_lcSublane": 0.8416, "bus_sigma": 0.6679, "bus_tau_mean": 3.4467, "bus_tau_std": 7.5223, "bus_v_mean": 12.5485, "bus_v_std": 3.2867, "car_acc": 2.037, "car_dcc": 3.3593, "car_lcAssertive": 41.4938, "car_lcCooperative": 0.2082, "car_lcLookaheadLeft": 99.1019, "car_lcPushy": 0.5394, "car_lcSigma": 0.899, "car_lcSpeedGainRight": 4.392, "car_lcSublane": 0.632, "car_sigma": 0.0778, "car_tau_mean": 3.0527, "car_tau_std": 5.6896, "car_v_mean": 23.6015, "car_v_std": 3.0521}, "datetime": {"datetime": "2024-08-12 01:21:09", "elapsed": 2309.360632, "delta": 2.946429}}
{"target": -0.4467545128788482, "params": {"bus_acc": 3.0328, "bus_dcc": 2.5539, "bus_lcAssertive": 41.6104, "bus_lcCooperative": 0.4735, "bus_lcLookaheadLeft": 11.3521, "bus_lcPushy": 0.1605, "bus_lcSigma": 0.1716, "bus_lcSpeedGainRight": 1.7581, "bus_lcSublane": 0.0074, "bus_sigma": 0.632, "bus_tau_mean": 3.2523, "bus_tau_std": 1.476, "bus_v_mean": 12.7776, "bus_v_std": 13.851, "car_acc": 0.7444, "car_dcc": 0.9181, "car_lcAssertive": 70.8126, "car_lcCooperative": 0.5777, "car_lcLookaheadLeft": 8.8363, "car_lcPushy": 0.1291, "car_lcSigma": 0.5042, "car_lcSpeedGainRight": 1.0849, "car_lcSublane": 0.2618, "car_sigma": 0.7594, "car_tau_mean": 2.4536, "car_tau_std": 3.4313, "car_v_mean": 23.1676, "car_v_std": 3.62}, "datetime": {"datetime": "2024-08-12 01:21:11", "elapsed": 2311.90765, "delta": 2.547018}}
{"target": -0.8578597638519495, "params": {"bus_acc": 0.6479, "bus_dcc": 0.8442, "bus_lcAssertive": 44.0243, "bus_lcCooperative": 0.0214, "bus_lcLookaheadLeft": 86.1937, "bus_lcPushy": 0.2062, "bus_lcSigma": 0.6938, "bus_lcSpeedGainRight": 2.8222, "bus_lcSublane": 0.8162, "bus_sigma": 0.4223, "bus_tau_mean": 3.2039, "bus_tau_std": 0.4241, "bus_v_mean": 18.5451, "bus_v_std": 7.551, "car_acc": 2.7738, "car_dcc": 2.8137, "car_lcAssertive": 68.7718, "car_lcCooperative": 0.2534, "car_lcLookaheadLeft": 24.547, "car_lcPushy": 0.4046, "car_lcSigma": 0.2934, "car_lcSpeedGainRight": 0.6484, "car_lcSublane": 0.2235, "car_sigma": 0.5822, "car_tau_mean": 1.5949, "car_tau_std": 0.1197, "car_v_mean": 12.9091, "car_v_std": 9.6628}, "datetime": {"datetime": "2024-08-12 01:21:14", "elapsed": 2314.407746, "delta": 2.500096}}
{"target": -0.8270480252718033, "params": {"bus_acc": 3.1081, "bus_dcc": 3.6937, "bus_lcAssertive": 64.4204, "bus_lcCooperative": 0.4657, "bus_lcLookaheadLeft": 69.9898, "bus_lcPushy": 0.6986, "bus_lcSigma": 0.8552, "bus_lcSpeedGainRight": 3.9803, "bus_lcSublane": 0.6605, "bus_sigma": 0.221, "bus_tau_mean": 2.6669, "bus_tau_std": 0.7607, "bus_v_mean": 14.7652, "bus_v_std": 18.3924, "car_acc": 3.7737, "car_dcc": 2.9302, "car_lcAssertive": 99.8496, "car_lcCooperative": 0.7118, "car_lcLookaheadLeft": 65.1869, "car_lcPushy": 0.1618, "car_lcSigma": 0.4328, "car_lcSpeedGainRight": 1.7573, "car_lcSublane": 0.3662, "car_sigma": 0.8746, "car_tau_mean": 0.7153, "car_tau_std": 0.877, "car_v_mean": 15.8305, "car_v_std": 19.7997}, "datetime": {"datetime": "2024-08-12 01:21:20", "elapsed": 2320.357114, "delta": 5.949368}}
{"target": -0.6926881871364986, "params": {"bus_acc": 3.6387, "bus_dcc": 1.9849, "bus_lcAssertive": 35.307, "bus_lcCooperative": 0.0048, "bus_lcLookaheadLeft": 57.9774, "bus_lcPushy": 0.3788, "bus_lcSigma": 0.62, "bus_lcSpeedGainRight": 4.3636, "bus_lcSublane": 0.621, "bus_sigma": 0.2732, "bus_tau_mean": 1.2575, "bus_tau_std": 9.5255, "bus_v_mean": 16.2673, "bus_v_std": 7.4943, "car_acc": 3.3553, "car_dcc": 0.9909, "car_lcAssertive": 59.5121, "car_lcCooperative": 0.8757, "car_lcLookaheadLeft": 19.8618, "car_lcPushy": 0.6791, "car_lcSigma": 0.0974, "car_lcSpeedGainRight": 1.259, "car_lcSublane": 0.2783, "car_sigma": 0.51, "car_tau_mean": 3.9491, "car_tau_std": 6.6327, "car_v_mean": 12.4747, "car_v_std": 5.4797}, "datetime": {"datetime": "2024-08-12 01:21:23", "elapsed": 2323.421292, "delta": 3.064178}}
{"target": -0.7036909664209253, "params": {"bus_acc": 1.8861, "bus_dcc": 2.0809, "bus_lcAssertive": 92.3341, "bus_lcCooperative": 0.8428, "bus_lcLookaheadLeft": 38.3829, "bus_lcPushy": 0.782, "bus_lcSigma": 0.835, "bus_lcSpeedGainRight": 3.4714, "bus_lcSublane": 0.4142, "bus_sigma": 0.8383, "bus_tau_mean": 2.9692, "bus_tau_std": 9.9251, "bus_v_mean": 14.607, "bus_v_std": 5.9394, "car_acc": 1.9111, "car_dcc": 2.0968, "car_lcAssertive": 49.5941, "car_lcCooperative": 0.7737, "car_lcLookaheadLeft": 26.9996, "car_lcPushy": 0.3484, "car_lcSigma": 0.6896, "car_lcSpeedGainRight": 2.44, "car_lcSublane": 0.8954, "car_sigma": 0.7859, "car_tau_mean": 0.9881, "car_tau_std": 0.5363, "car_v_mean": 9.1379, "car_v_std": 11.4205}, "datetime": {"datetime": "2024-08-12 01:21:26", "elapsed": 2326.410133, "delta": 2.988841}}
{"target": -0.5795489543490951, "params": {"bus_acc": 1.9915, "bus_dcc": 1.8822, "bus_lcAssertive": 75.879, "bus_lcCooperative": 0.4322, "bus_lcLookaheadLeft": 53.8477, "bus_lcPushy": 0.2134, "bus_lcSigma": 0.1474, "bus_lcSpeedGainRight": 3.2563, "bus_lcSublane": 0.7383, "bus_sigma": 0.2793, "bus_tau_mean": 3.4803, "bus_tau_std": 8.5444, "bus_v_mean": 21.7362, "bus_v_std": 8.5067, "car_acc": 2.0615, "car_dcc": 3.5922, "car_lcAssertive": 83.284, "car_lcCooperative": 0.396, "car_lcLookaheadLeft": 97.341, "car_lcPushy": 0.8404, "car_lcSigma": 0.2521, "car_lcSpeedGainRight": 0.8222, "car_lcSublane": 0.4072, "car_sigma": 0.9387, "car_tau_mean": 2.7225, "car_tau_std": 6.9453, "car_v_mean": 9.4543, "car_v_std": 6.3916}, "datetime": {"datetime": "2024-08-12 01:21:30", "elapsed": 2330.488579, "delta": 4.078446}}
{"target": -0.8172865257838353, "params": {"bus_acc": 3.7139, "bus_dcc": 0.9161, "bus_lcAssertive": 31.3214, "bus_lcCooperative": 0.9183, "bus_lcLookaheadLeft": 98.6191, "bus_lcPushy": 0.1898, "bus_lcSigma": 0.8653, "bus_lcSpeedGainRight": 4.0232, "bus_lcSublane": 0.9792, "bus_sigma": 0.7202, "bus_tau_mean": 3.9907, "bus_tau_std": 7.2016, "bus_v_mean": 15.2823, "bus_v_std": 1.9741, "car_acc": 0.6948, "car_dcc": 2.4251, "car_lcAssertive": 1.0446, "car_lcCooperative": 0.5489, "car_lcLookaheadLeft": 87.724, "car_lcPushy": 0.8058, "car_lcSigma": 0.6399, "car_lcSpeedGainRight": 1.2122, "car_lcSublane": 0.1445, "car_sigma": 0.9204, "car_tau_mean": 2.7523, "car_tau_std": 6.1858, "car_v_mean": 19.2032, "car_v_std": 0.4595}, "datetime": {"datetime": "2024-08-12 01:21:33", "elapsed": 2333.249012, "delta": 2.760433}}
{"target": -0.5703508711627082, "params": {"bus_acc": 1.6089, "bus_dcc": 3.6318, "bus_lcAssertive": 93.2326, "bus_lcCooperative": 0.8525, "bus_lcLookaheadLeft": 34.2533, "bus_lcPushy": 0.1563, "bus_lcSigma": 0.5679, "bus_lcSpeedGainRight": 1.0845, "bus_lcSublane": 0.9503, "bus_sigma": 0.0293, "bus_tau_mean": 2.8517, "bus_tau_std": 0.917, "bus_v_mean": 13.7593, "bus_v_std": 5.4647, "car_acc": 1.3827, "car_dcc": 3.1137, "car_lcAssertive": 32.2695, "car_lcCooperative": 0.1624, "car_lcLookaheadLeft": 42.0137, "car_lcPushy": 0.36, "car_lcSigma": 0.0271, "car_lcSpeedGainRight": 3.152, "car_lcSublane": 0.028, "car_sigma": 0.6857, "car_tau_mean": 3.7409, "car_tau_std": 2.0185, "car_v_mean": 18.3282, "car_v_std": 14.8934}, "datetime": {"datetime": "2024-08-12 01:21:35", "elapsed": 2336.074717, "delta": 2.825705}}
{"target": -0.6367878641168246, "params": {"bus_acc": 1.2746, "bus_dcc": 3.1359, "bus_lcAssertive": 44.2132, "bus_lcCooperative": 0.7916, "bus_lcLookaheadLeft": 38.6244, "bus_lcPushy": 0.1161, "bus_lcSigma": 0.3765, "bus_lcSpeedGainRight": 2.4746, "bus_lcSublane": 0.8593, "bus_sigma": 0.484, "bus_tau_mean": 1.4312, "bus_tau_std": 8.5971, "bus_v_mean": 20.3355, "bus_v_std": 12.422, "car_acc": 3.452, "car_dcc": 3.8358, "car_lcAssertive": 36.8974, "car_lcCooperative": 0.0541, "car_lcLookaheadLeft": 29.2014, "car_lcPushy": 0.5466, "car_lcSigma": 0.3538, "car_lcSpeedGainRight": 4.1283, "car_lcSublane": 0.4337, "car_sigma": 0.051, "car_tau_mean": 3.9835, "car_tau_std": 5.6801, "car_v_mean": 14.8429, "car_v_std": 9.6481}, "datetime": {"datetime": "2024-08-12 01:21:39", "elapsed": 2339.837231, "delta": 3.762514}}
{"target": -0.5928757200579202, "params": {"bus_acc": 1.1377, "bus_dcc": 3.8621, "bus_lcAssertive": 8.8657, "bus_lcCooperative": 0.2107, "bus_lcLookaheadLeft": 6.754, "bus_lcPushy": 0.3456, "bus_lcSigma": 0.2612, "bus_lcSpeedGainRight": 3.5311, "bus_lcSublane": 0.8439, "bus_sigma": 0.8126, "bus_tau_mean": 0.9971, "bus_tau_std": 3.8744, "bus_v_mean": 13.1564, "bus_v_std": 5.408, "car_acc": 3.3866, "car_dcc": 0.3448, "car_lcAssertive": 80.1897, "car_lcCooperative": 0.7047, "car_lcLookaheadLeft": 26.4628, "car_lcPushy": 0.7535, "car_lcSigma": 0.9786, "car_lcSpeedGainRight": 2.5393, "car_lcSublane": 0.4417, "car_sigma": 0.4902, "car_tau_mean": 3.1872, "car_tau_std": 7.0772, "car_v_mean": 25.3162, "car_v_std": 1.2067}, "datetime": {"datetime": "2024-08-12 01:21:44", "elapsed": 2344.488243, "delta": 4.651012}}
{"target": -0.4595827668834733, "params": {"bus_acc": 0.7716, "bus_dcc": 2.3369, "bus_lcAssertive": 30.9926, "bus_lcCooperative": 0.5817, "bus_lcLookaheadLeft": 97.1134, "bus_lcPushy": 0.9489, "bus_lcSigma": 0.1474, "bus_lcSpeedGainRight": 2.0831, "bus_lcSublane": 0.9457, "bus_sigma": 0.6295, "bus_tau_mean": 1.8151, "bus_tau_std": 4.6012, "bus_v_mean": 16.9171, "bus_v_std": 9.9921, "car_acc": 1.6115, "car_dcc": 3.1465, "car_lcAssertive": 38.6079, "car_lcCooperative": 0.7489, "car_lcLookaheadLeft": 68.3676, "car_lcPushy": 0.2335, "car_lcSigma": 0.1289, "car_lcSpeedGainRight": 1.3295, "car_lcSublane": 0.166, "car_sigma": 0.7303, "car_tau_mean": 3.3405, "car_tau_std": 5.4708, "car_v_mean": 13.4007, "car_v_std": 9.2277}, "datetime": {"datetime": "2024-08-12 01:21:47", "elapsed": 2347.92667, "delta": 3.438427}}
{"target": -0.6145645919403829, "params": {"bus_acc": 2.6974, "bus_dcc": 2.014, "bus_lcAssertive": 3.3111, "bus_lcCooperative": 0.9376, "bus_lcLookaheadLeft": 13.0592, "bus_lcPushy": 0.0515, "bus_lcSigma": 0.4687, "bus_lcSpeedGainRight": 3.759, "bus_lcSublane": 0.6211, "bus_sigma": 0.8593, "bus_tau_mean": 2.9328, "bus_tau_std": 6.1931, "bus_v_mean": 9.3376, "bus_v_std": 18.1029, "car_acc": 0.5131, "car_dcc": 1.9251, "car_lcAssertive": 5.1473, "car_lcCooperative": 0.3368, "car_lcLookaheadLeft": 45.8609, "car_lcPushy": 0.6843, "car_lcSigma": 0.3511, "car_lcSpeedGainRight": 2.7734, "car_lcSublane": 0.9721, "car_sigma": 0.0741, "car_tau_mean": 2.5108, "car_tau_std": 0.9445, "car_v_mean": 18.8718, "car_v_std": 0.5757}, "datetime": {"datetime": "2024-08-12 01:21:52", "elapsed": 2352.226012, "delta": 4.299342}}
{"target": -0.7210255112190276, "params": {"bus_acc": 3.236, "bus_dcc": 0.5571, "bus_lcAssertive": 70.9481, "bus_lcCooperative": 0.3885, "bus_lcLookaheadLeft": 74.3151, "bus_lcPushy": 0.3805, "bus_lcSigma": 0.8834, "bus_lcSpeedGainRight": 4.8446, "bus_lcSublane": 0.4609, "bus_sigma": 0.4785, "bus_tau_mean": 1.2443, "bus_tau_std": 0.0665, "bus_v_mean": 10.2567, "bus_v_std": 18.1391, "car_acc": 2.5005, "car_dcc": 0.6018, "car_lcAssertive": 23.8344, "car_lcCooperative": 0.1848, "car_lcLookaheadLeft": 82.437, "car_lcPushy": 0.2964, "car_lcSigma": 0.5707, "car_lcSpeedGainRight": 1.5889, "car_lcSublane": 0.8833, "car_sigma": 0.6848, "car_tau_mean": 0.6439, "car_tau_std": 5.9691, "car_v_mean": 24.1722, "car_v_std": 15.934}, "datetime": {"datetime": "2024-08-12 01:21:55", "elapsed": 2356.080641, "delta": 3.854629}}
{"target": -0.5059815205172762, "params": {"bus_acc": 3.6292, "bus_dcc": 0.3062, "bus_lcAssertive": 12.4192, "bus_lcCooperative": 0.0231, "bus_lcLookaheadLeft": 74.815, "bus_lcPushy": 0.0258, "bus_lcSigma": 0.1938, "bus_lcSpeedGainRight": 2.3522, "bus_lcSublane": 0.16, "bus_sigma": 0.6274, "bus_tau_mean": 2.8854, "bus_tau_std": 2.7782, "bus_v_mean": 11.6393, "bus_v_std": 7.3807, "car_acc": 1.3219, "car_dcc": 3.7508, "car_lcAssertive": 43.1695, "car_lcCooperative": 0.4444, "car_lcLookaheadLeft": 86.0356, "car_lcPushy": 0.0033, "car_lcSigma": 0.3109, "car_lcSpeedGainRight": 3.998, "car_lcSublane": 0.2951, "car_sigma": 0.8515, "car_tau_mean": 2.85, "car_tau_std": 5.5221, "car_v_mean": 17.6524, "car_v_std": 17.6815}, "datetime": {"datetime": "2024-08-12 01:21:58", "elapsed": 2358.526249, "delta": 2.445608}}
{"target": -0.45140029885419114, "params": {"bus_acc": 0.6347, "bus_dcc": 3.8476, "bus_lcAssertive": 71.848, "bus_lcCooperative": 0.9017, "bus_lcLookaheadLeft": 78.2656, "bus_lcPushy": 0.6022, "bus_lcSigma": 0.7317, "bus_lcSpeedGainRight": 0.0185, "bus_lcSublane": 0.6606, "bus_sigma": 0.9711, "bus_tau_mean": 1.1778, "bus_tau_std": 0.3304, "bus_v_mean": 22.8032, "bus_v_std": 2.4949, "car_acc": 2.5037, "car_dcc": 3.6388, "car_lcAssertive": 61.7415, "car_lcCooperative": 0.591, "car_lcLookaheadLeft": 57.3631, "car_lcPushy": 0.8375, "car_lcSigma": 0.1433, "car_lcSpeedGainRight": 1.9944, "car_lcSublane": 0.4578, "car_sigma": 0.3504, "car_tau_mean": 2.9092, "car_tau_std": 7.6602, "car_v_mean": 9.4486, "car_v_std": 9.371}, "datetime": {"datetime": "2024-08-12 01:22:01", "elapsed": 2361.444926, "delta": 2.918677}}
{"target": -0.6792578667657431, "params": {"bus_acc": 2.113, "bus_dcc": 2.8181, "bus_lcAssertive": 2.1078, "bus_lcCooperative": 0.3416, "bus_lcLookaheadLeft": 93.9532, "bus_lcPushy": 0.5661, "bus_lcSigma": 0.4861, "bus_lcSpeedGainRight": 4.6961, "bus_lcSublane": 0.6466, "bus_sigma": 0.573, "bus_tau_mean": 0.8392, "bus_tau_std": 6.1609, "bus_v_mean": 14.8696, "bus_v_std": 7.8624, "car_acc": 3.718, "car_dcc": 2.8128, "car_lcAssertive": 82.1841, "car_lcCooperative": 0.5111, "car_lcLookaheadLeft": 98.643, "car_lcPushy": 0.2842, "car_lcSigma": 0.204, "car_lcSpeedGainRight": 0.6228, "car_lcSublane": 0.5594, "car_sigma": 0.7591, "car_tau_mean": 3.2024, "car_tau_std": 5.1468, "car_v_mean": 16.4234, "car_v_std": 11.702}, "datetime": {"datetime": "2024-08-12 01:22:04", "elapsed": 2364.583657, "delta": 3.138731}}
{"target": -0.45628668203217143, "params": {"bus_acc": 0.6978, "bus_dcc": 0.9899, "bus_lcAssertive": 57.9607, "bus_lcCooperative": 0.2153, "bus_lcLookaheadLeft": 40.5018, "bus_lcPushy": 0.95, "bus_lcSigma": 0.0913, "bus_lcSpeedGainRight": 4.1778, "bus_lcSublane": 0.6829, "bus_sigma": 0.6161, "bus_tau_mean": 2.4209, "bus_tau_std": 9.8962, "bus_v_mean": 16.1334, "bus_v_std": 12.0731, "car_acc": 2.5153, "car_dcc": 3.4049, "car_lcAssertive": 85.738, "car_lcCooperative": 0.9345, "car_lcLookaheadLeft": 94.2614, "car_lcPushy": 0.5162, "car_lcSigma": 0.6937, "car_lcSpeedGainRight": 1.9384, "car_lcSublane": 0.4362, "car_sigma": 0.0367, "car_tau_mean": 3.6277, "car_tau_std": 3.0871, "car_v_mean": 25.3777, "car_v_std": 14.5047}, "datetime": {"datetime": "2024-08-12 01:22:06", "elapsed": 2367.118287, "delta": 2.53463}}
{"target": -0.5787947058166956, "params": {"bus_acc": 1.8593, "bus_dcc": 2.939, "bus_lcAssertive": 88.5568, "bus_lcCooperative": 0.2054, "bus_lcLookaheadLeft": 13.3418, "bus_lcPushy": 0.6724, "bus_lcSigma": 0.7998, "bus_lcSpeedGainRight": 4.9021, "bus_lcSublane": 0.0212, "bus_sigma": 0.271, "bus_tau_mean": 3.6978, "bus_tau_std": 6.5669, "bus_v_mean": 23.789, "bus_v_std": 3.0648, "car_acc": 3.6255, "car_dcc": 3.6927, "car_lcAssertive": 59.8262, "car_lcCooperative": 0.1507, "car_lcLookaheadLeft": 57.3756, "car_lcPushy": 0.8282, "car_lcSigma": 0.9678, "car_lcSpeedGainRight": 1.7399, "car_lcSublane": 0.7563, "car_sigma": 0.6837, "car_tau_mean": 1.1852, "car_tau_std": 8.2619, "car_v_mean": 18.402, "car_v_std": 11.4172}, "datetime": {"datetime": "2024-08-12 01:22:12", "elapsed": 2372.451223, "delta": 5.332936}}
{"target": -0.7360344482296997, "params": {"bus_acc": 2.2459, "bus_dcc": 3.9792, "bus_lcAssertive": 89.7144, "bus_lcCooperative": 0.6354, "bus_lcLookaheadLeft": 33.4935, "bus_lcPushy": 0.6945, "bus_lcSigma": 0.612, "bus_lcSpeedGainRight": 0.2917, "bus_lcSublane": 0.0066, "bus_sigma": 0.7765, "bus_tau_mean": 2.8898, "bus_tau_std": 3.8632, "bus_v_mean": 16.3134, "bus_v_std": 8.2274, "car_acc": 0.9411, "car_dcc": 0.3982, "car_lcAssertive": 11.7344, "car_lcCooperative": 0.5456, "car_lcLookaheadLeft": 98.073, "car_lcPushy": 0.0514, "car_lcSigma": 0.5963, "car_lcSpeedGainRight": 2.4172, "car_lcSublane": 0.7003, "car_sigma": 0.0221, "car_tau_mean": 1.5752, "car_tau_std": 3.1075, "car_v_mean": 25.2872, "car_v_std": 4.3996}, "datetime": {"datetime": "2024-08-12 01:22:16", "elapsed": 2376.52387, "delta": 4.072647}}
{"target": -0.7002074205768691, "params": {"bus_acc": 0.8643, "bus_dcc": 1.9279, "bus_lcAssertive": 40.5021, "bus_lcCooperative": 0.7026, "bus_lcLookaheadLeft": 8.7352, "bus_lcPushy": 0.8854, "bus_lcSigma": 0.5133, "bus_lcSpeedGainRight": 3.4215, "bus_lcSublane": 0.001, "bus_sigma": 0.5445, "bus_tau_mean": 2.3966, "bus_tau_std": 6.9244, "bus_v_mean": 16.5352, "bus_v_std": 19.1033, "car_acc": 3.7134, "car_dcc": 3.1011, "car_lcAssertive": 10.3805, "car_lcCooperative": 0.9915, "car_lcLookaheadLeft": 82.7015, "car_lcPushy": 0.2377, "car_lcSigma": 0.2753, "car_lcSpeedGainRight": 3.6425, "car_lcSublane": 0.285, "car_sigma": 0.9085, "car_tau_mean": 3.0373, "car_tau_std": 6.3785, "car_v_mean": 15.9852, "car_v_std": 2.0496}, "datetime": {"datetime": "2024-08-12 01:22:20", "elapsed": 2381.112919, "delta": 4.589049}}
{"target": -0.6421318776368685, "params": {"bus_acc": 1.9376, "bus_dcc": 0.5087, "bus_lcAssertive": 82.1655, "bus_lcCooperative": 0.9553, "bus_lcLookaheadLeft": 99.9066, "bus_lcPushy": 0.1804, "bus_lcSigma": 0.2701, "bus_lcSpeedGainRight": 3.5373, "bus_lcSublane": 0.7282, "bus_sigma": 0.8367, "bus_tau_mean": 3.476, "bus_tau_std": 8.2593, "bus_v_mean": 10.1833, "bus_v_std": 9.4492, "car_acc": 1.1982, "car_dcc": 1.901, "car_lcAssertive": 4.828, "car_lcCooperative": 0.5589, "car_lcLookaheadLeft": 98.8365, "car_lcPushy": 0.0991, "car_lcSigma": 0.6552, "car_lcSpeedGainRight": 3.4595, "car_lcSublane": 0.3984, "car_sigma": 0.0633, "car_tau_mean": 2.7967, "car_tau_std": 3.5916, "car_v_mean": 13.8422, "car_v_std": 16.1062}, "datetime": {"datetime": "2024-08-12 01:22:24", "elapsed": 2384.239265, "delta": 3.126346}}
{"target": -0.534544415526736, "params": {"bus_acc": 0.6382, "bus_dcc": 1.0041, "bus_lcAssertive": 5.99, "bus_lcCooperative": 0.8308, "bus_lcLookaheadLeft": 45.7692, "bus_lcPushy": 0.4783, "bus_lcSigma": 0.6295, "bus_lcSpeedGainRight": 4.1693, "bus_lcSublane": 0.6659, "bus_sigma": 0.5931, "bus_tau_mean": 3.5073, "bus_tau_std": 0.9258, "bus_v_mean": 25.6063, "bus_v_std": 11.2913, "car_acc": 2.7902, "car_dcc": 3.0583, "car_lcAssertive": 27.6818, "car_lcCooperative": 0.8074, "car_lcLookaheadLeft": 21.4702, "car_lcPushy": 0.7823, "car_lcSigma": 0.7899, "car_lcSpeedGainRight": 1.8631, "car_lcSublane": 0.7853, "car_sigma": 0.9834, "car_tau_mean": 2.7496, "car_tau_std": 9.1332, "car_v_mean": 17.4028, "car_v_std": 19.6209}, "datetime": {"datetime": "2024-08-12 01:22:27", "elapsed": 2387.73458, "delta": 3.495315}}
{"target": -0.8894834836002278, "params": {"bus_acc": 1.3078, "bus_dcc": 3.9606, "bus_lcAssertive": 32.4185, "bus_lcCooperative": 0.3503, "bus_lcLookaheadLeft": 25.4859, "bus_lcPushy": 0.3381, "bus_lcSigma": 0.1028, "bus_lcSpeedGainRight": 2.5897, "bus_lcSublane": 0.0635, "bus_sigma": 0.0436, "bus_tau_mean": 1.2839, "bus_tau_std": 5.6662, "bus_v_mean": 21.3421, "bus_v_std": 19.355, "car_acc": 1.5551, "car_dcc": 2.3228, "car_lcAssertive": 1.5638, "car_lcCooperative": 0.6354, "car_lcLookaheadLeft": 22.5564, "car_lcPushy": 0.7189, "car_lcSigma": 0.7613, "car_lcSpeedGainRight": 0.8218, "car_lcSublane": 0.1116, "car_sigma": 0.4478, "car_tau_mean": 3.2321, "car_tau_std": 1.5347, "car_v_mean": 22.9251, "car_v_std": 4.0773}, "datetime": {"datetime": "2024-08-12 01:22:32", "elapsed": 2392.67456, "delta": 4.93998}}
{"target": -0.6883300958490226, "params": {"bus_acc": 2.2251, "bus_dcc": 1.5439, "bus_lcAssertive": 80.709, "bus_lcCooperative": 0.1023, "bus_lcLookaheadLeft": 31.2001, "bus_lcPushy": 0.656, "bus_lcSigma": 0.4295, "bus_lcSpeedGainRight": 2.1124, "bus_lcSublane": 0.7606, "bus_sigma": 0.9888, "bus_tau_mean": 3.7489, "bus_tau_std": 6.4634, "bus_v_mean": 13.2904, "bus_v_std": 13.4653, "car_acc": 1.9342, "car_dcc": 0.7274, "car_lcAssertive": 28.2278, "car_lcCooperative": 0.0405, "car_lcLookaheadLeft": 87.9059, "car_lcPushy": 0.5959, "car_lcSigma": 0.2235, "car_lcSpeedGainRight": 3.9598, "car_lcSublane": 0.5675, "car_sigma": 0.5592, "car_tau_mean": 1.1914, "car_tau_std": 3.015, "car_v_mean": 8.299, "car_v_std": 4.6499}, "datetime": {"datetime": "2024-08-12 01:22:35", "elapsed": 2395.67932, "delta": 3.00476}}
{"target": -0.7700999520675585, "params": {"bus_acc": 2.6635, "bus_dcc": 0.5855, "bus_lcAssertive": 92.7607, "bus_lcCooperative": 0.3831, "bus_lcLookaheadLeft": 50.0743, "bus_lcPushy": 0.4586, "bus_lcSigma": 0.0884, "bus_lcSpeedGainRight": 1.6804, "bus_lcSublane": 0.8698, "bus_sigma": 0.2502, "bus_tau_mean": 3.8428, "bus_tau_std": 0.8966, "bus_v_mean": 12.4252, "bus_v_std": 0.6198, "car_acc": 2.8616, "car_dcc": 0.6156, "car_lcAssertive": 99.4367, "car_lcCooperative": 0.0309, "car_lcLookaheadLeft": 28.1172, "car_lcPushy": 0.3728, "car_lcSigma": 0.6735, "car_lcSpeedGainRight": 1.6926, "car_lcSublane": 0.6515, "car_sigma": 0.5345, "car_tau_mean": 3.4245, "car_tau_std": 9.063, "car_v_mean": 12.2557, "car_v_std": 7.961}, "datetime": {"datetime": "2024-08-12 01:22:38", "elapsed": 2398.840587, "delta": 3.161267}}
