{"target": -0.6366894767230681, "params": {"bus_acc": 0.3501, "bus_dcc": 1.0181, "bus_lcAssertive": 7.839, "bus_lcCooperative": 0.6278, "bus_lcLookaheadLeft": 16.0161, "bus_lcPushy": 0.2058, "bus_lcSigma": 0.7069, "bus_lcSpeedGainRight": 2.4122, "bus_lcSublane": 0.0802, "bus_sigma": 0.3189, "bus_tau_mean": 3.9946, "bus_tau_std": 2.5736, "bus_v_mean": 10.5878, "bus_v_std": 4.9474, "car_acc": 3.8223, "car_dcc": 2.799, "car_lcAssertive": 11.6617, "car_lcCooperative": 0.635, "car_lcLookaheadLeft": 35.6561, "car_lcPushy": 0.7849, "car_lcSigma": 0.6007, "car_lcSpeedGainRight": 0.8461, "car_lcSublane": 0.5681, "car_sigma": 0.8497, "car_tau_mean": 0.8654, "car_tau_std": 6.3903, "car_v_mean": 9.1272, "car_v_std": 7.449}, "datetime": {"datetime": "2024-08-12 01:41:31", "elapsed": 3531.364074, "delta": 4.840259}}
{"target": -0.6739620616231136, "params": {"bus_acc": 1.8394, "bus_dcc": 1.2188, "bus_lcAssertive": 31.9863, "bus_lcCooperative": 0.4337, "bus_lcLookaheadLeft": 88.0805, "bus_lcPushy": 0.9354, "bus_lcSigma": 0.3853, "bus_lcSpeedGainRight": 4.7893, "bus_lcSublane": 0.8399, "bus_sigma": 0.3532, "bus_tau_mean": 1.7231, "bus_tau_std": 3.9345, "bus_v_mean": 16.705, "bus_v_std": 13.0496, "car_acc": 2.9179, "car_dcc": 1.3357, "car_lcAssertive": 45.5924, "car_lcCooperative": 0.38, "car_lcLookaheadLeft": 15.2298, "car_lcPushy": 0.8922, "car_lcSigma": 0.8967, "car_lcSpeedGainRight": 0.3464, "car_lcSublane": 0.102, "car_sigma": 0.3456, "car_tau_mean": 3.0661, "car_tau_std": 7.4325, "car_v_mean": 12.1106, "car_v_std": 3.1922}, "datetime": {"datetime": "2024-08-12 01:41:34", "elapsed": 3534.744512, "delta": 3.380438}}
{"target": -0.6904475255883948, "params": {"bus_acc": 3.3452, "bus_dcc": 1.7018, "bus_lcAssertive": 59.5272, "bus_lcCooperative": 0.3046, "bus_lcLookaheadLeft": 29.2083, "bus_lcPushy": 0.6085, "bus_lcSigma": 0.9074, "bus_lcSpeedGainRight": 0.1432, "bus_lcSublane": 0.7098, "bus_sigma": 0.846, "bus_tau_mean": 3.557, "bus_tau_std": 1.0375, "bus_v_mean": 25.9375, "bus_v_std": 11.9195, "car_acc": 1.9282, "car_dcc": 3.3316, "car_lcAssertive": 78.1884, "car_lcCooperative": 0.268, "car_lcLookaheadLeft": 30.368, "car_lcPushy": 0.7079, "car_lcSigma": 0.5802, "car_lcSpeedGainRight": 3.6933, "car_lcSublane": 0.3483, "car_sigma": 0.5958, "car_tau_mean": 2.4711, "car_tau_std": 5.706, "car_v_mean": 21.2236, "car_v_std": 8.423}, "datetime": {"datetime": "2024-08-12 01:41:39", "elapsed": 3540.098654, "delta": 5.354142}}
{"target": -0.44829734687280354, "params": {"bus_acc": 0.9839, "bus_dcc": 3.0182, "bus_lcAssertive": 59.5479, "bus_lcCooperative": 0.5977, "bus_lcLookaheadLeft": 77.0409, "bus_lcPushy": 0.9796, "bus_lcSigma": 0.8205, "bus_lcSpeedGainRight": 2.1698, "bus_lcSublane": 0.2936, "bus_sigma": 0.6678, "bus_tau_mean": 0.8666, "bus_tau_std": 6.8604, "bus_v_mean": 10.1726, "bus_v_std": 19.5814, "car_acc": 1.3199, "car_dcc": 3.3226, "car_lcAssertive": 11.9995, "car_lcCooperative": 0.4571, "car_lcLookaheadLeft": 67.6985, "car_lcPushy": 0.8268, "car_lcSigma": 0.8937, "car_lcSpeedGainRight": 4.7608, "car_lcSublane": 0.6846, "car_sigma": 0.6245, "car_tau_mean": 2.249, "car_tau_std": 7.1808, "car_v_mean": 14.5096, "car_v_std": 18.8369}, "datetime": {"datetime": "2024-08-12 01:41:44", "elapsed": 3544.830242, "delta": 4.731588}}
{"target": -0.6127001999238114, "params": {"bus_acc": 3.9391, "bus_dcc": 1.6221, "bus_lcAssertive": 83.2636, "bus_lcCooperative": 0.8812, "bus_lcLookaheadLeft": 21.4958, "bus_lcPushy": 0.8609, "bus_lcSigma": 0.2748, "bus_lcSpeedGainRight": 0.5174, "bus_lcSublane": 0.1814, "bus_sigma": 0.8355, "bus_tau_mean": 2.8143, "bus_tau_std": 6.6602, "bus_v_mean": 22.2617, "bus_v_std": 17.6753, "car_acc": 1.8561, "car_dcc": 0.6905, "car_lcAssertive": 32.6693, "car_lcCooperative": 0.3471, "car_lcLookaheadLeft": 31.1536, "car_lcPushy": 0.3595, "car_lcSigma": 0.6362, "car_lcSpeedGainRight": 3.035, "car_lcSublane": 0.9098, "car_sigma": 0.5961, "car_tau_mean": 0.9926, "car_tau_std": 1.5453, "car_v_mean": 12.1254, "car_v_std": 12.769}, "datetime": {"datetime": "2024-08-12 01:41:48", "elapsed": 3548.825551, "delta": 3.995309}}
{"target": -0.5485364206668989, "params": {"bus_acc": 1.9023, "bus_dcc": 2.2571, "bus_lcAssertive": 93.4348, "bus_lcCooperative": 0.6128, "bus_lcLookaheadLeft": 15.9182, "bus_lcPushy": 0.1592, "bus_lcSigma": 0.5082, "bus_lcSpeedGainRight": 0.1247, "bus_lcSublane": 0.6086, "bus_sigma": 0.2443, "bus_tau_mean": 2.1623, "bus_tau_std": 7.7532, "bus_v_mean": 22.3813, "bus_v_std": 2.0979, "car_acc": 1.4582, "car_dcc": 3.1061, "car_lcAssertive": 79.1655, "car_lcCooperative": 0.9637, "car_lcLookaheadLeft": 86.614, "car_lcPushy": 0.3614, "car_lcSigma": 0.8671, "car_lcSpeedGainRight": 2.7232, "car_lcSublane": 0.0976, "car_sigma": 0.3314, "car_tau_mean": 1.3962, "car_tau_std": 7.4759, "car_v_mean": 23.2852, "car_v_std": 8.5225}, "datetime": {"datetime": "2024-08-12 01:41:51", "elapsed": 3552.166935, "delta": 3.341384}}
{"target": -0.4679682024035376, "params": {"bus_acc": 3.6473, "bus_dcc": 3.1602, "bus_lcAssertive": 38.2838, "bus_lcCooperative": 0.8945, "bus_lcLookaheadLeft": 92.7651, "bus_lcPushy": 0.7207, "bus_lcSigma": 0.0138, "bus_lcSpeedGainRight": 2.7698, "bus_lcSublane": 0.9755, "bus_sigma": 0.654, "bus_tau_mean": 2.0102, "bus_tau_std": 8.7015, "bus_v_mean": 19.0459, "bus_v_std": 4.6468, "car_acc": 0.8337, "car_dcc": 3.178, "car_lcAssertive": 76.3605, "car_lcCooperative": 0.9894, "car_lcLookaheadLeft": 76.1589, "car_lcPushy": 0.0607, "car_lcSigma": 0.3302, "car_lcSpeedGainRight": 1.8435, "car_lcSublane": 0.3953, "car_sigma": 0.6078, "car_tau_mean": 3.1565, "car_tau_std": 1.5125, "car_v_mean": 21.3087, "car_v_std": 12.6142}, "datetime": {"datetime": "2024-08-12 01:41:57", "elapsed": 3558.171454, "delta": 6.004519}}
{"target": -0.4470218719517951, "params": {"bus_acc": 2.079, "bus_dcc": 2.8694, "bus_lcAssertive": 30.6479, "bus_lcCooperative": 0.9349, "bus_lcLookaheadLeft": 42.202, "bus_lcPushy": 0.6987, "bus_lcSigma": 0.5738, "bus_lcSpeedGainRight": 1.255, "bus_lcSublane": 0.5549, "bus_sigma": 0.4518, "bus_tau_mean": 0.5092, "bus_tau_std": 6.2642, "bus_v_mean": 14.5871, "bus_v_std": 14.2529, "car_acc": 0.8403, "car_dcc": 0.3982, "car_lcAssertive": 50.1643, "car_lcCooperative": 0.4564, "car_lcLookaheadLeft": 83.9297, "car_lcPushy": 0.6661, "car_lcSigma": 0.8521, "car_lcSpeedGainRight": 3.5378, "car_lcSublane": 0.3782, "car_sigma": 0.9546, "car_tau_mean": 0.6361, "car_tau_std": 3.2908, "car_v_mean": 17.7351, "car_v_std": 17.8038}, "datetime": {"datetime": "2024-08-12 01:42:02", "elapsed": 3562.383344, "delta": 4.21189}}
{"target": -0.5693217808666416, "params": {"bus_acc": 2.1212, "bus_dcc": 0.4104, "bus_lcAssertive": 10.0936, "bus_lcCooperative": 0.8632, "bus_lcLookaheadLeft": 18.7256, "bus_lcPushy": 0.4493, "bus_lcSigma": 0.619, "bus_lcSpeedGainRight": 3.8848, "bus_lcSublane": 0.7684, "bus_sigma": 0.437, "bus_tau_mean": 2.9483, "bus_tau_std": 9.4819, "bus_v_mean": 13.2312, "bus_v_std": 14.6304, "car_acc": 0.7796, "car_dcc": 2.9746, "car_lcAssertive": 16.7218, "car_lcCooperative": 0.9183, "car_lcLookaheadLeft": 17.9619, "car_lcPushy": 0.0294, "car_lcSigma": 0.4556, "car_lcSpeedGainRight": 4.5823, "car_lcSublane": 0.4625, "car_sigma": 0.3141, "car_tau_mean": 3.4786, "car_tau_std": 0.9577, "car_v_mean": 12.6051, "car_v_std": 9.2699}, "datetime": {"datetime": "2024-08-12 01:42:06", "elapsed": 3566.456827, "delta": 4.073483}}
{"target": -0.8058457604712957, "params": {"bus_acc": 1.6181, "bus_dcc": 0.4428, "bus_lcAssertive": 21.488, "bus_lcCooperative": 0.2563, "bus_lcLookaheadLeft": 47.3459, "bus_lcPushy": 0.7005, "bus_lcSigma": 0.7967, "bus_lcSpeedGainRight": 0.6517, "bus_lcSublane": 0.6486, "bus_sigma": 0.6575, "bus_tau_mean": 2.212, "bus_tau_std": 4.2354, "bus_v_mean": 14.0834, "bus_v_std": 10.9119, "car_acc": 0.8217, "car_dcc": 0.3865, "car_lcAssertive": 57.3753, "car_lcCooperative": 0.9413, "car_lcLookaheadLeft": 20.6933, "car_lcPushy": 0.032, "car_lcSigma": 0.5235, "car_lcSpeedGainRight": 1.4254, "car_lcSublane": 0.8502, "car_sigma": 0.9663, "car_tau_mean": 0.7765, "car_tau_std": 2.9091, "car_v_mean": 12.0799, "car_v_std": 19.8329}, "datetime": {"datetime": "2024-08-12 01:42:12", "elapsed": 3572.284807, "delta": 5.82798}}
{"target": -0.8284088506338021, "params": {"bus_acc": 1.4706, "bus_dcc": 0.9522, "bus_lcAssertive": 77.0979, "bus_lcCooperative": 0.0972, "bus_lcLookaheadLeft": 37.5172, "bus_lcPushy": 0.0648, "bus_lcSigma": 0.267, "bus_lcSpeedGainRight": 4.099, "bus_lcSublane": 0.8288, "bus_sigma": 0.6539, "bus_tau_mean": 1.804, "bus_tau_std": 3.5816, "bus_v_mean": 11.288, "bus_v_std": 12.6627, "car_acc": 3.6786, "car_dcc": 0.5613, "car_lcAssertive": 71.7583, "car_lcCooperative": 0.3544, "car_lcLookaheadLeft": 28.4054, "car_lcPushy": 0.5135, "car_lcSigma": 0.0796, "car_lcSpeedGainRight": 3.1006, "car_lcSublane": 0.9657, "car_sigma": 0.2039, "car_tau_mean": 0.5482, "car_tau_std": 0.8706, "car_v_mean": 10.2527, "car_v_std": 9.5211}, "datetime": {"datetime": "2024-08-12 01:42:17", "elapsed": 3578.103264, "delta": 5.818457}}
{"target": -0.5954217440529822, "params": {"bus_acc": 2.0058, "bus_dcc": 2.4566, "bus_lcAssertive": 84.217, "bus_lcCooperative": 0.2616, "bus_lcLookaheadLeft": 59.0632, "bus_lcPushy": 0.4243, "bus_lcSigma": 0.6839, "bus_lcSpeedGainRight": 4.8722, "bus_lcSublane": 0.4088, "bus_sigma": 0.4175, "bus_tau_mean": 3.1413, "bus_tau_std": 0.9128, "bus_v_mean": 8.6272, "bus_v_std": 3.741, "car_acc": 0.5017, "car_dcc": 2.8914, "car_lcAssertive": 76.8076, "car_lcCooperative": 0.8529, "car_lcLookaheadLeft": 56.1228, "car_lcPushy": 0.1529, "car_lcSigma": 0.6976, "car_lcSpeedGainRight": 0.092, "car_lcSublane": 0.2439, "car_sigma": 0.982, "car_tau_mean": 3.092, "car_tau_std": 0.7327, "car_v_mean": 12.8081, "car_v_std": 1.9735}, "datetime": {"datetime": "2024-08-12 01:42:22", "elapsed": 3582.373115, "delta": 4.269851}}
{"target": -0.41581290737473026, "params": {"bus_acc": 3.7674, "bus_dcc": 1.2367, "bus_lcAssertive": 98.9723, "bus_lcCooperative": 0.2234, "bus_lcLookaheadLeft": 13.3365, "bus_lcPushy": 0.4538, "bus_lcSigma": 0.6641, "bus_lcSpeedGainRight": 0.8085, "bus_lcSublane": 0.2681, "bus_sigma": 0.6975, "bus_tau_mean": 2.2398, "bus_tau_std": 8.6746, "bus_v_mean": 24.9684, "bus_v_std": 7.4987, "car_acc": 0.9639, "car_dcc": 1.2608, "car_lcAssertive": 89.3402, "car_lcCooperative": 0.0013, "car_lcLookaheadLeft": 56.0605, "car_lcPushy": 0.5676, "car_lcSigma": 0.7786, "car_lcSpeedGainRight": 4.5267, "car_lcSublane": 0.7271, "car_sigma": 0.4362, "car_tau_mean": 1.6365, "car_tau_std": 2.9896, "car_v_mean": 21.6097, "car_v_std": 12.2588}, "datetime": {"datetime": "2024-08-12 01:42:25", "elapsed": 3586.013859, "delta": 3.640744}}
{"target": -0.6386597260777216, "params": {"bus_acc": 0.4338, "bus_dcc": 0.4055, "bus_lcAssertive": 93.1513, "bus_lcCooperative": 0.9877, "bus_lcLookaheadLeft": 35.7034, "bus_lcPushy": 0.6825, "bus_lcSigma": 0.4723, "bus_lcSpeedGainRight": 4.975, "bus_lcSublane": 0.8616, "bus_sigma": 0.5683, "bus_tau_mean": 2.5738, "bus_tau_std": 4.4992, "bus_v_mean": 12.7219, "bus_v_std": 9.0656, "car_acc": 1.1388, "car_dcc": 3.4082, "car_lcAssertive": 12.2541, "car_lcCooperative": 0.9353, "car_lcLookaheadLeft": 39.8102, "car_lcPushy": 0.4351, "car_lcSigma": 0.2088, "car_lcSpeedGainRight": 3.9512, "car_lcSublane": 0.3041, "car_sigma": 0.5254, "car_tau_mean": 1.1531, "car_tau_std": 0.2862, "car_v_mean": 19.2147, "car_v_std": 19.5948}, "datetime": {"datetime": "2024-08-12 01:42:31", "elapsed": 3592.097018, "delta": 6.083159}}
{"target": -0.4949288126701759, "params": {"bus_acc": 0.3667, "bus_dcc": 1.0362, "bus_lcAssertive": 86.9818, "bus_lcCooperative": 0.8812, "bus_lcLookaheadLeft": 38.0991, "bus_lcPushy": 0.883, "bus_lcSigma": 0.4942, "bus_lcSpeedGainRight": 3.5595, "bus_lcSublane": 0.964, "bus_sigma": 0.8748, "bus_tau_mean": 0.676, "bus_tau_std": 9.2159, "bus_v_mean": 8.1897, "bus_v_std": 0.0707, "car_acc": 2.3317, "car_dcc": 1.5596, "car_lcAssertive": 88.8627, "car_lcCooperative": 0.5885, "car_lcLookaheadLeft": 52.6268, "car_lcPushy": 0.6268, "car_lcSigma": 0.7024, "car_lcSpeedGainRight": 2.0388, "car_lcSublane": 0.8361, "car_sigma": 0.5244, "car_tau_mean": 1.2271, "car_tau_std": 1.2124, "car_v_mean": 19.2063, "car_v_std": 5.7582}, "datetime": {"datetime": "2024-08-12 01:42:34", "elapsed": 3595.161126, "delta": 3.064108}}
{"target": -0.4574312270900087, "params": {"bus_acc": 3.1704, "bus_dcc": 2.7763, "bus_lcAssertive": 3.9362, "bus_lcCooperative": 0.8982, "bus_lcLookaheadLeft": 69.6079, "bus_lcPushy": 0.7563, "bus_lcSigma": 0.2325, "bus_lcSpeedGainRight": 4.7456, "bus_lcSublane": 0.6204, "bus_sigma": 0.9431, "bus_tau_mean": 3.2329, "bus_tau_std": 3.5362, "bus_v_mean": 17.4789, "bus_v_std": 6.5792, "car_acc": 1.2902, "car_dcc": 2.9357, "car_lcAssertive": 81.4755, "car_lcCooperative": 0.7, "car_lcLookaheadLeft": 83.1735, "car_lcPushy": 0.8493, "car_lcSigma": 0.032, "car_lcSpeedGainRight": 3.3031, "car_lcSublane": 0.7166, "car_sigma": 0.3293, "car_tau_mean": 3.1301, "car_tau_std": 5.7081, "car_v_mean": 19.3923, "car_v_std": 12.6068}, "datetime": {"datetime": "2024-08-12 01:42:39", "elapsed": 3599.312548, "delta": 4.151422}}
{"target": -0.3557971510904763, "params": {"bus_acc": 3.7846, "bus_dcc": 3.1576, "bus_lcAssertive": 58.1481, "bus_lcCooperative": 0.4294, "bus_lcLookaheadLeft": 40.2507, "bus_lcPushy": 0.5873, "bus_lcSigma": 0.5751, "bus_lcSpeedGainRight": 3.1594, "bus_lcSublane": 0.1722, "bus_sigma": 0.1823, "bus_tau_mean": 3.5257, "bus_tau_std": 9.2246, "bus_v_mean": 25.0438, "bus_v_std": 18.6096, "car_acc": 0.5117, "car_dcc": 3.187, "car_lcAssertive": 63.4866, "car_lcCooperative": 0.1533, "car_lcLookaheadLeft": 29.3607, "car_lcPushy": 0.7185, "car_lcSigma": 0.4458, "car_lcSpeedGainRight": 3.2208, "car_lcSublane": 0.4698, "car_sigma": 0.9241, "car_tau_mean": 2.615, "car_tau_std": 8.3799, "car_v_mean": 24.4835, "car_v_std": 10.7295}, "datetime": {"datetime": "2024-08-12 01:42:42", "elapsed": 3602.635663, "delta": 3.323115}}
{"target": -0.5144684334580402, "params": {"bus_acc": 2.5831, "bus_dcc": 3.1698, "bus_lcAssertive": 47.6254, "bus_lcCooperative": 0.2435, "bus_lcLookaheadLeft": 73.9125, "bus_lcPushy": 0.6054, "bus_lcSigma": 0.3341, "bus_lcSpeedGainRight": 2.8614, "bus_lcSublane": 0.2552, "bus_sigma": 0.9115, "bus_tau_mean": 1.812, "bus_tau_std": 3.2424, "bus_v_mean": 22.7725, "bus_v_std": 8.7871, "car_acc": 0.423, "car_dcc": 1.4387, "car_lcAssertive": 74.3788, "car_lcCooperative": 0.9671, "car_lcLookaheadLeft": 22.4418, "car_lcPushy": 0.338, "car_lcSigma": 0.6774, "car_lcSpeedGainRight": 4.6949, "car_lcSublane": 0.6154, "car_sigma": 0.5975, "car_tau_mean": 3.0595, "car_tau_std": 1.5715, "car_v_mean": 12.7615, "car_v_std": 11.3062}, "datetime": {"datetime": "2024-08-12 01:42:45", "elapsed": 3605.955455, "delta": 3.319792}}
{"target": -0.40506112290721524, "params": {"bus_acc": 0.7593, "bus_dcc": 2.3995, "bus_lcAssertive": 54.3415, "bus_lcCooperative": 0.7825, "bus_lcLookaheadLeft": 49.6152, "bus_lcPushy": 0.872, "bus_lcSigma": 0.001, "bus_lcSpeedGainRight": 2.1778, "bus_lcSublane": 0.1594, "bus_sigma": 0.7395, "bus_tau_mean": 2.1254, "bus_tau_std": 9.9834, "bus_v_mean": 18.1199, "bus_v_std": 18.8598, "car_acc": 1.4158, "car_dcc": 3.7039, "car_lcAssertive": 11.9958, "car_lcCooperative": 0.0538, "car_lcLookaheadLeft": 91.6497, "car_lcPushy": 0.1476, "car_lcSigma": 0.5198, "car_lcSpeedGainRight": 3.6064, "car_lcSublane": 0.1752, "car_sigma": 0.9755, "car_tau_mean": 2.3206, "car_tau_std": 7.9012, "car_v_mean": 18.6872, "car_v_std": 0.3871}, "datetime": {"datetime": "2024-08-12 01:42:48", "elapsed": 3608.909633, "delta": 2.954178}}
{"target": -0.5925807256347965, "params": {"bus_acc": 3.9248, "bus_dcc": 3.8864, "bus_lcAssertive": 74.1954, "bus_lcCooperative": 0.5488, "bus_lcLookaheadLeft": 14.0853, "bus_lcPushy": 0.6908, "bus_lcSigma": 0.7608, "bus_lcSpeedGainRight": 3.3191, "bus_lcSublane": 0.6127, "bus_sigma": 0.3213, "bus_tau_mean": 0.9167, "bus_tau_std": 6.5145, "bus_v_mean": 8.2356, "bus_v_std": 10.2551, "car_acc": 3.6215, "car_dcc": 2.9656, "car_lcAssertive": 92.4618, "car_lcCooperative": 0.09, "car_lcLookaheadLeft": 60.3745, "car_lcPushy": 0.2107, "car_lcSigma": 0.9033, "car_lcSpeedGainRight": 3.6812, "car_lcSublane": 0.8348, "car_sigma": 0.5998, "car_tau_mean": 1.797, "car_tau_std": 6.1961, "car_v_mean": 24.0166, "car_v_std": 16.7671}, "datetime": {"datetime": "2024-08-12 01:42:53", "elapsed": 3613.870587, "delta": 4.960954}}
{"target": -0.666272562677913, "params": {"bus_acc": 0.2937, "bus_dcc": 1.5268, "bus_lcAssertive": 23.7844, "bus_lcCooperative": 0.508, "bus_lcLookaheadLeft": 20.1308, "bus_lcPushy": 0.148, "bus_lcSigma": 0.5334, "bus_lcSpeedGainRight": 2.5562, "bus_lcSublane": 0.9639, "bus_sigma": 0.3356, "bus_tau_mean": 3.0006, "bus_tau_std": 4.1434, "bus_v_mean": 9.9963, "bus_v_std": 3.489, "car_acc": 1.9179, "car_dcc": 1.6747, "car_lcAssertive": 14.3658, "car_lcCooperative": 0.9334, "car_lcLookaheadLeft": 77.7167, "car_lcPushy": 0.9357, "car_lcSigma": 0.4499, "car_lcSpeedGainRight": 0.9118, "car_lcSublane": 0.0011, "car_sigma": 0.1281, "car_tau_mean": 0.7907, "car_tau_std": 7.7183, "car_v_mean": 25.0408, "car_v_std": 12.5572}, "datetime": {"datetime": "2024-08-12 01:42:57", "elapsed": 3617.570838, "delta": 3.700251}}
{"target": -0.6038482535470423, "params": {"bus_acc": 2.744, "bus_dcc": 2.8507, "bus_lcAssertive": 67.1749, "bus_lcCooperative": 0.0017, "bus_lcLookaheadLeft": 45.934, "bus_lcPushy": 0.0204, "bus_lcSigma": 0.0742, "bus_lcSpeedGainRight": 2.7404, "bus_lcSublane": 0.1639, "bus_sigma": 0.4098, "bus_tau_mean": 3.5129, "bus_tau_std": 5.4949, "bus_v_mean": 13.0133, "bus_v_std": 5.9683, "car_acc": 3.0869, "car_dcc": 3.7986, "car_lcAssertive": 8.2044, "car_lcCooperative": 0.2981, "car_lcLookaheadLeft": 12.6783, "car_lcPushy": 0.1073, "car_lcSigma": 0.8524, "car_lcSpeedGainRight": 1.7182, "car_lcSublane": 0.487, "car_sigma": 0.6064, "car_tau_mean": 3.7903, "car_tau_std": 8.905, "car_v_mean": 15.2103, "car_v_std": 6.3409}, "datetime": {"datetime": "2024-08-12 01:43:00", "elapsed": 3621.172304, "delta": 3.601466}}
{"target": -0.5756364486117738, "params": {"bus_acc": 2.1272, "bus_dcc": 1.4074, "bus_lcAssertive": 74.0924, "bus_lcCooperative": 0.433, "bus_lcLookaheadLeft": 62.271, "bus_lcPushy": 0.881, "bus_lcSigma": 0.881, "bus_lcSpeedGainRight": 1.7403, "bus_lcSublane": 0.2811, "bus_sigma": 0.9123, "bus_tau_mean": 2.8158, "bus_tau_std": 3.7437, "bus_v_mean": 20.7735, "bus_v_std": 16.8443, "car_acc": 2.9171, "car_dcc": 2.559, "car_lcAssertive": 14.4135, "car_lcCooperative": 0.3618, "car_lcLookaheadLeft": 83.2461, "car_lcPushy": 0.2457, "car_lcSigma": 0.1825, "car_lcSpeedGainRight": 0.2783, "car_lcSublane": 0.4408, "car_sigma": 0.7173, "car_tau_mean": 2.6282, "car_tau_std": 3.9901, "car_v_mean": 9.8565, "car_v_std": 7.6735}, "datetime": {"datetime": "2024-08-12 01:43:04", "elapsed": 3624.906712, "delta": 3.734408}}
{"target": -0.6753344128548447, "params": {"bus_acc": 1.5263, "bus_dcc": 1.7524, "bus_lcAssertive": 29.6829, "bus_lcCooperative": 0.3233, "bus_lcLookaheadLeft": 70.9276, "bus_lcPushy": 0.7145, "bus_lcSigma": 0.52, "bus_lcSpeedGainRight": 3.4085, "bus_lcSublane": 0.6458, "bus_sigma": 0.5312, "bus_tau_mean": 0.5033, "bus_tau_std": 3.553, "bus_v_mean": 8.0338, "bus_v_std": 5.7144, "car_acc": 2.2397, "car_dcc": 2.8103, "car_lcAssertive": 70.1076, "car_lcCooperative": 0.0141, "car_lcLookaheadLeft": 4.387, "car_lcPushy": 0.9848, "car_lcSigma": 0.4688, "car_lcSpeedGainRight": 0.07, "car_lcSublane": 0.393, "car_sigma": 0.1035, "car_tau_mean": 1.8495, "car_tau_std": 8.1565, "car_v_mean": 24.8824, "car_v_std": 19.7336}, "datetime": {"datetime": "2024-08-12 01:43:08", "elapsed": 3628.395074, "delta": 3.488362}}
{"target": -0.38209150283706483, "params": {"bus_acc": 3.3985, "bus_dcc": 0.7807, "bus_lcAssertive": 25.1097, "bus_lcCooperative": 0.663, "bus_lcLookaheadLeft": 26.3754, "bus_lcPushy": 0.0425, "bus_lcSigma": 0.4905, "bus_lcSpeedGainRight": 2.0191, "bus_lcSublane": 0.1711, "bus_sigma": 0.4509, "bus_tau_mean": 3.56, "bus_tau_std": 6.1355, "bus_v_mean": 24.8918, "bus_v_std": 3.3166, "car_acc": 0.3381, "car_dcc": 2.3703, "car_lcAssertive": 29.7258, "car_lcCooperative": 0.6703, "car_lcLookaheadLeft": 54.8496, "car_lcPushy": 0.6587, "car_lcSigma": 0.9419, "car_lcSpeedGainRight": 2.7071, "car_lcSublane": 0.5278, "car_sigma": 0.4247, "car_tau_mean": 1.7539, "car_tau_std": 9.6455, "car_v_mean": 19.898, "car_v_std": 4.2132}, "datetime": {"datetime": "2024-08-12 01:43:11", "elapsed": 3632.044886, "delta": 3.649812}}
{"target": -0.4998893110021941, "params": {"bus_acc": 1.2818, "bus_dcc": 0.2577, "bus_lcAssertive": 50.1619, "bus_lcCooperative": 0.7194, "bus_lcLookaheadLeft": 51.9215, "bus_lcPushy": 0.8567, "bus_lcSigma": 0.2087, "bus_lcSpeedGainRight": 3.3661, "bus_lcSublane": 0.4674, "bus_sigma": 0.6818, "bus_tau_mean": 1.4261, "bus_tau_std": 1.4851, "bus_v_mean": 20.9709, "bus_v_std": 12.6937, "car_acc": 1.418, "car_dcc": 2.4404, "car_lcAssertive": 52.8519, "car_lcCooperative": 0.9739, "car_lcLookaheadLeft": 36.5137, "car_lcPushy": 0.0647, "car_lcSigma": 0.533, "car_lcSpeedGainRight": 2.167, "car_lcSublane": 0.1848, "car_sigma": 0.2998, "car_tau_mean": 1.0283, "car_tau_std": 4.885, "car_v_mean": 15.7186, "car_v_std": 14.2264}, "datetime": {"datetime": "2024-08-12 01:43:16", "elapsed": 3636.751049, "delta": 4.706163}}
