{"target": -0.39550353957607204, "params": {"bus_acc": 0.8257, "bus_dcc": 2.5543, "bus_lcAssertive": 91.0013, "bus_lcCooperative": 0.4723, "bus_lcLookaheadLeft": 17.3652, "bus_lcPushy": 0.189, "bus_lcSigma": 0.5158, "bus_lcSpeedGainRight": 4.6495, "bus_lcSublane": 0.0351, "bus_sigma": 0.431, "bus_tau_mean": 0.6985, "bus_tau_std": 8.3801, "bus_v_mean": 11.3611, "bus_v_std": 14.5802, "car_acc": 0.8796, "car_dcc": 1.4133, "car_lcAssertive": 43.1121, "car_lcCooperative": 0.8993, "car_lcLookaheadLeft": 27.9853, "car_lcPushy": 0.3024, "car_lcSigma": 0.6667, "car_lcSpeedGainRight": 2.9807, "car_lcSublane": 0.6735, "car_sigma": 0.861, "car_tau_mean": 3.3384, "car_tau_std": 6.2999, "car_v_mean": 19.6793, "car_v_std": 11.4291}, "datetime": {"datetime": "2024-08-12 02:18:36", "elapsed": 5756.217881, "delta": 6.937591}}
{"target": -0.7576084026759154, "params": {"bus_acc": 1.0063, "bus_dcc": 1.065, "bus_lcAssertive": 62.278, "bus_lcCooperative": 0.7422, "bus_lcLookaheadLeft": 59.1052, "bus_lcPushy": 0.9025, "bus_lcSigma": 0.8275, "bus_lcSpeedGainRight": 4.847, "bus_lcSublane": 0.4722, "bus_sigma": 0.7104, "bus_tau_mean": 2.004, "bus_tau_std": 0.7059, "bus_v_mean": 23.6386, "bus_v_std": 6.2826, "car_acc": 3.3937, "car_dcc": 1.3907, "car_lcAssertive": 94.6593, "car_lcCooperative": 0.2445, "car_lcLookaheadLeft": 13.5473, "car_lcPushy": 0.5004, "car_lcSigma": 0.0034, "car_lcSpeedGainRight": 0.987, "car_lcSublane": 0.0877, "car_sigma": 0.0865, "car_tau_mean": 1.3427, "car_tau_std": 6.3038, "car_v_mean": 12.7035, "car_v_std": 18.2999}, "datetime": {"datetime": "2024-08-12 02:18:40", "elapsed": 5760.536614, "delta": 4.318733}}
{"target": -0.5973582777834293, "params": {"bus_acc": 1.3458, "bus_dcc": 1.4214, "bus_lcAssertive": 84.4173, "bus_lcCooperative": 0.5451, "bus_lcLookaheadLeft": 3.7685, "bus_lcPushy": 0.6997, "bus_lcSigma": 0.4932, "bus_lcSpeedGainRight": 3.7701, "bus_lcSublane": 0.5275, "bus_sigma": 0.3314, "bus_tau_mean": 1.2717, "bus_tau_std": 3.706, "bus_v_mean": 18.8803, "bus_v_std": 0.0718, "car_acc": 3.0969, "car_dcc": 0.9641, "car_lcAssertive": 64.5106, "car_lcCooperative": 0.7034, "car_lcLookaheadLeft": 14.2067, "car_lcPushy": 0.3939, "car_lcSigma": 0.0091, "car_lcSpeedGainRight": 1.5535, "car_lcSublane": 0.8288, "car_sigma": 0.7742, "car_tau_mean": 3.7876, "car_tau_std": 5.1656, "car_v_mean": 24.6703, "car_v_std": 1.9422}, "datetime": {"datetime": "2024-08-12 02:18:44", "elapsed": 5764.846597, "delta": 4.309983}}
{"target": -0.6119928782736891, "params": {"bus_acc": 3.222, "bus_dcc": 2.5873, "bus_lcAssertive": 71.0901, "bus_lcCooperative": 0.3603, "bus_lcLookaheadLeft": 78.2495, "bus_lcPushy": 0.6372, "bus_lcSigma": 0.1386, "bus_lcSpeedGainRight": 3.0029, "bus_lcSublane": 0.574, "bus_sigma": 0.9637, "bus_tau_mean": 3.3652, "bus_tau_std": 9.8064, "bus_v_mean": 22.3917, "bus_v_std": 14.0046, "car_acc": 3.0828, "car_dcc": 2.7002, "car_lcAssertive": 61.3873, "car_lcCooperative": 0.5397, "car_lcLookaheadLeft": 49.8413, "car_lcPushy": 0.5667, "car_lcSigma": 0.3005, "car_lcSpeedGainRight": 2.4534, "car_lcSublane": 0.9302, "car_sigma": 0.3855, "car_tau_mean": 3.8128, "car_tau_std": 4.0616, "car_v_mean": 12.2181, "car_v_std": 19.5285}, "datetime": {"datetime": "2024-08-12 02:18:51", "elapsed": 5771.23806, "delta": 6.391463}}
{"target": -0.5221339620120503, "params": {"bus_acc": 0.7371, "bus_dcc": 3.3501, "bus_lcAssertive": 50.734, "bus_lcCooperative": 0.484, "bus_lcLookaheadLeft": 21.7627, "bus_lcPushy": 0.8076, "bus_lcSigma": 0.8537, "bus_lcSpeedGainRight": 2.2307, "bus_lcSublane": 0.3343, "bus_sigma": 0.5224, "bus_tau_mean": 1.1738, "bus_tau_std": 8.5627, "bus_v_mean": 24.6964, "bus_v_std": 17.9623, "car_acc": 3.4822, "car_dcc": 2.4318, "car_lcAssertive": 33.3153, "car_lcCooperative": 0.966, "car_lcLookaheadLeft": 57.2239, "car_lcPushy": 0.8727, "car_lcSigma": 0.1132, "car_lcSpeedGainRight": 2.3186, "car_lcSublane": 0.4065, "car_sigma": 0.0888, "car_tau_mean": 3.8151, "car_tau_std": 6.8041, "car_v_mean": 14.3361, "car_v_std": 1.4741}, "datetime": {"datetime": "2024-08-12 02:18:55", "elapsed": 5776.13887, "delta": 4.90081}}
{"target": -0.48062065138520804, "params": {"bus_acc": 0.3586, "bus_dcc": 3.4542, "bus_lcAssertive": 10.3904, "bus_lcCooperative": 0.6645, "bus_lcLookaheadLeft": 65.4074, "bus_lcPushy": 0.4518, "bus_lcSigma": 0.3571, "bus_lcSpeedGainRight": 4.2885, "bus_lcSublane": 0.3348, "bus_sigma": 0.9469, "bus_tau_mean": 3.1367, "bus_tau_std": 1.3292, "bus_v_mean": 21.7879, "bus_v_std": 17.631, "car_acc": 1.3279, "car_dcc": 1.8177, "car_lcAssertive": 56.052, "car_lcCooperative": 0.0757, "car_lcLookaheadLeft": 8.4287, "car_lcPushy": 0.6099, "car_lcSigma": 0.5758, "car_lcSpeedGainRight": 0.697, "car_lcSublane": 0.858, "car_sigma": 0.216, "car_tau_mean": 3.3076, "car_tau_std": 5.7599, "car_v_mean": 9.5488, "car_v_std": 9.7202}, "datetime": {"datetime": "2024-08-12 02:18:59", "elapsed": 5779.834651, "delta": 3.695781}}
{"target": -0.5363784915823689, "params": {"bus_acc": 1.0099, "bus_dcc": 3.8235, "bus_lcAssertive": 79.3862, "bus_lcCooperative": 0.0489, "bus_lcLookaheadLeft": 77.2799, "bus_lcPushy": 0.4535, "bus_lcSigma": 0.6673, "bus_lcSpeedGainRight": 0.412, "bus_lcSublane": 0.0279, "bus_sigma": 0.8949, "bus_tau_mean": 1.295, "bus_tau_std": 3.945, "bus_v_mean": 8.9541, "bus_v_std": 19.8023, "car_acc": 1.9308, "car_dcc": 1.3856, "car_lcAssertive": 60.2942, "car_lcCooperative": 0.5929, "car_lcLookaheadLeft": 84.2563, "car_lcPushy": 0.3582, "car_lcSigma": 0.8437, "car_lcSpeedGainRight": 4.0153, "car_lcSublane": 0.3917, "car_sigma": 0.7059, "car_tau_mean": 1.1524, "car_tau_std": 8.5881, "car_v_mean": 12.9322, "car_v_std": 5.52}, "datetime": {"datetime": "2024-08-12 02:19:06", "elapsed": 5786.708156, "delta": 6.873505}}
{"target": -0.4931080746640066, "params": {"bus_acc": 3.8177, "bus_dcc": 1.6029, "bus_lcAssertive": 64.2146, "bus_lcCooperative": 0.0562, "bus_lcLookaheadLeft": 39.9793, "bus_lcPushy": 0.3308, "bus_lcSigma": 0.3134, "bus_lcSpeedGainRight": 4.5628, "bus_lcSublane": 0.4212, "bus_sigma": 0.4566, "bus_tau_mean": 1.5871, "bus_tau_std": 6.6278, "bus_v_mean": 8.7998, "bus_v_std": 14.6577, "car_acc": 0.9505, "car_dcc": 1.1309, "car_lcAssertive": 27.3443, "car_lcCooperative": 0.5446, "car_lcLookaheadLeft": 73.3999, "car_lcPushy": 0.1481, "car_lcSigma": 0.6323, "car_lcSpeedGainRight": 4.3226, "car_lcSublane": 0.1545, "car_sigma": 0.4006, "car_tau_mean": 0.5003, "car_tau_std": 2.3488, "car_v_mean": 20.414, "car_v_std": 11.1398}, "datetime": {"datetime": "2024-08-12 02:19:10", "elapsed": 5791.107928, "delta": 4.399772}}
{"target": -0.5272092652216075, "params": {"bus_acc": 1.0862, "bus_dcc": 2.5914, "bus_lcAssertive": 28.3989, "bus_lcCooperative": 0.0096, "bus_lcLookaheadLeft": 47.7435, "bus_lcPushy": 0.636, "bus_lcSigma": 0.0253, "bus_lcSpeedGainRight": 2.043, "bus_lcSublane": 0.9037, "bus_sigma": 0.5006, "bus_tau_mean": 2.6211, "bus_tau_std": 0.4757, "bus_v_mean": 9.3804, "bus_v_std": 6.3042, "car_acc": 2.3223, "car_dcc": 1.9508, "car_lcAssertive": 32.8611, "car_lcCooperative": 0.9011, "car_lcLookaheadLeft": 59.1995, "car_lcPushy": 0.9559, "car_lcSigma": 0.7139, "car_lcSpeedGainRight": 0.6262, "car_lcSublane": 0.4642, "car_sigma": 0.2408, "car_tau_mean": 2.9799, "car_tau_std": 2.6375, "car_v_mean": 23.1906, "car_v_std": 10.4739}, "datetime": {"datetime": "2024-08-12 02:19:17", "elapsed": 5797.520551, "delta": 6.412623}}
{"target": -0.3878350131764676, "params": {"bus_acc": 3.1885, "bus_dcc": 1.7279, "bus_lcAssertive": 64.7396, "bus_lcCooperative": 0.1618, "bus_lcLookaheadLeft": 69.9142, "bus_lcPushy": 0.2278, "bus_lcSigma": 0.8522, "bus_lcSpeedGainRight": 1.2342, "bus_lcSublane": 0.9209, "bus_sigma": 0.8227, "bus_tau_mean": 3.2314, "bus_tau_std": 4.7859, "bus_v_mean": 10.1606, "bus_v_std": 17.8568, "car_acc": 0.5194, "car_dcc": 2.7371, "car_lcAssertive": 11.2772, "car_lcCooperative": 0.2587, "car_lcLookaheadLeft": 72.1866, "car_lcPushy": 0.1644, "car_lcSigma": 0.9333, "car_lcSpeedGainRight": 4.919, "car_lcSublane": 0.0183, "car_sigma": 0.2955, "car_tau_mean": 2.235, "car_tau_std": 2.5228, "car_v_mean": 12.9494, "car_v_std": 8.3603}, "datetime": {"datetime": "2024-08-12 02:19:21", "elapsed": 5801.726596, "delta": 4.206045}}
{"target": -0.46929103755258844, "params": {"bus_acc": 0.2122, "bus_dcc": 3.9403, "bus_lcAssertive": 7.4776, "bus_lcCooperative": 0.8006, "bus_lcLookaheadLeft": 53.7352, "bus_lcPushy": 0.4235, "bus_lcSigma": 0.3647, "bus_lcSpeedGainRight": 4.5211, "bus_lcSublane": 0.313, "bus_sigma": 0.0801, "bus_tau_mean": 3.1869, "bus_tau_std": 9.1735, "bus_v_mean": 10.4495, "bus_v_std": 0.0728, "car_acc": 2.7887, "car_dcc": 3.238, "car_lcAssertive": 54.4555, "car_lcCooperative": 0.8822, "car_lcLookaheadLeft": 23.3908, "car_lcPushy": 0.9135, "car_lcSigma": 0.0494, "car_lcSpeedGainRight": 2.4615, "car_lcSublane": 0.8023, "car_sigma": 0.0065, "car_tau_mean": 2.507, "car_tau_std": 4.692, "car_v_mean": 21.8644, "car_v_std": 12.2368}, "datetime": {"datetime": "2024-08-12 02:19:25", "elapsed": 5805.589103, "delta": 3.862507}}
{"target": -0.5449674376363898, "params": {"bus_acc": 2.9052, "bus_dcc": 3.4816, "bus_lcAssertive": 78.4142, "bus_lcCooperative": 0.54, "bus_lcLookaheadLeft": 98.938, "bus_lcPushy": 0.4624, "bus_lcSigma": 0.868, "bus_lcSpeedGainRight": 3.9206, "bus_lcSublane": 0.9085, "bus_sigma": 0.391, "bus_tau_mean": 0.8959, "bus_tau_std": 6.942, "bus_v_mean": 21.4818, "bus_v_std": 8.6564, "car_acc": 0.8636, "car_dcc": 0.5518, "car_lcAssertive": 99.3686, "car_lcCooperative": 0.2969, "car_lcLookaheadLeft": 71.176, "car_lcPushy": 0.4587, "car_lcSigma": 0.778, "car_lcSpeedGainRight": 2.9732, "car_lcSublane": 0.2086, "car_sigma": 0.0797, "car_tau_mean": 2.7354, "car_tau_std": 3.1549, "car_v_mean": 17.4843, "car_v_std": 2.1795}, "datetime": {"datetime": "2024-08-12 02:19:33", "elapsed": 5813.57338, "delta": 7.984277}}
{"target": -0.7085784503832316, "params": {"bus_acc": 1.7353, "bus_dcc": 3.5688, "bus_lcAssertive": 47.27, "bus_lcCooperative": 0.0431, "bus_lcLookaheadLeft": 71.884, "bus_lcPushy": 0.0477, "bus_lcSigma": 0.2998, "bus_lcSpeedGainRight": 1.747, "bus_lcSublane": 0.7567, "bus_sigma": 0.9161, "bus_tau_mean": 3.9585, "bus_tau_std": 1.8688, "bus_v_mean": 16.5286, "bus_v_std": 9.1205, "car_acc": 2.6693, "car_dcc": 1.6088, "car_lcAssertive": 49.3561, "car_lcCooperative": 0.1258, "car_lcLookaheadLeft": 53.4297, "car_lcPushy": 0.1886, "car_lcSigma": 0.5865, "car_lcSpeedGainRight": 2.8565, "car_lcSublane": 0.8654, "car_sigma": 0.5636, "car_tau_mean": 2.8314, "car_tau_std": 4.0999, "car_v_mean": 9.7358, "car_v_std": 15.2575}, "datetime": {"datetime": "2024-08-12 02:19:42", "elapsed": 5822.573304, "delta": 8.999924}}
{"target": -0.3871108478055209, "params": {"bus_acc": 1.1263, "bus_dcc": 0.4348, "bus_lcAssertive": 55.2762, "bus_lcCooperative": 0.0006, "bus_lcLookaheadLeft": 58.5882, "bus_lcPushy": 0.3513, "bus_lcSigma": 0.3179, "bus_lcSpeedGainRight": 2.7625, "bus_lcSublane": 0.4468, "bus_sigma": 0.0573, "bus_tau_mean": 2.5042, "bus_tau_std": 3.1612, "bus_v_mean": 17.1845, "bus_v_std": 15.2558, "car_acc": 0.8929, "car_dcc": 3.9774, "car_lcAssertive": 11.2954, "car_lcCooperative": 0.0015, "car_lcLookaheadLeft": 30.0456, "car_lcPushy": 0.0124, "car_lcSigma": 0.1402, "car_lcSpeedGainRight": 0.8509, "car_lcSublane": 0.7836, "car_sigma": 0.987, "car_tau_mean": 2.8682, "car_tau_std": 4.533, "car_v_mean": 17.8849, "car_v_std": 0.1878}, "datetime": {"datetime": "2024-08-12 02:19:48", "elapsed": 5829.016208, "delta": 6.442904}}
{"target": -0.5665392817040092, "params": {"bus_acc": 2.5764, "bus_dcc": 3.2865, "bus_lcAssertive": 10.6638, "bus_lcCooperative": 0.6807, "bus_lcLookaheadLeft": 99.8695, "bus_lcPushy": 0.0108, "bus_lcSigma": 0.7576, "bus_lcSpeedGainRight": 0.6411, "bus_lcSublane": 0.4675, "bus_sigma": 0.7794, "bus_tau_mean": 0.6883, "bus_tau_std": 6.5714, "bus_v_mean": 12.5548, "bus_v_std": 19.7042, "car_acc": 2.6715, "car_dcc": 1.2452, "car_lcAssertive": 95.4691, "car_lcCooperative": 0.7871, "car_lcLookaheadLeft": 27.7625, "car_lcPushy": 0.6904, "car_lcSigma": 0.819, "car_lcSpeedGainRight": 2.2887, "car_lcSublane": 0.0432, "car_sigma": 0.442, "car_tau_mean": 0.8157, "car_tau_std": 2.7326, "car_v_mean": 9.2767, "car_v_std": 11.9459}, "datetime": {"datetime": "2024-08-12 02:19:52", "elapsed": 5832.674725, "delta": 3.658517}}
{"target": -0.39147992830599265, "params": {"bus_acc": 0.3004, "bus_dcc": 3.4703, "bus_lcAssertive": 41.5813, "bus_lcCooperative": 0.2266, "bus_lcLookaheadLeft": 40.627, "bus_lcPushy": 0.5135, "bus_lcSigma": 0.4357, "bus_lcSpeedGainRight": 1.9837, "bus_lcSublane": 0.6733, "bus_sigma": 0.7282, "bus_tau_mean": 0.83, "bus_tau_std": 6.1977, "bus_v_mean": 19.1627, "bus_v_std": 4.7869, "car_acc": 2.8645, "car_dcc": 3.0992, "car_lcAssertive": 10.6125, "car_lcCooperative": 0.1225, "car_lcLookaheadLeft": 48.8866, "car_lcPushy": 0.629, "car_lcSigma": 0.2864, "car_lcSpeedGainRight": 1.544, "car_lcSublane": 0.8356, "car_sigma": 0.302, "car_tau_mean": 3.0886, "car_tau_std": 0.7913, "car_v_mean": 20.4221, "car_v_std": 4.0999}, "datetime": {"datetime": "2024-08-12 02:19:58", "elapsed": 5838.309356, "delta": 5.634631}}
{"target": -0.6747895465533046, "params": {"bus_acc": 2.568, "bus_dcc": 2.8177, "bus_lcAssertive": 51.4048, "bus_lcCooperative": 0.7728, "bus_lcLookaheadLeft": 11.8651, "bus_lcPushy": 0.3832, "bus_lcSigma": 0.9235, "bus_lcSpeedGainRight": 1.2693, "bus_lcSublane": 0.3401, "bus_sigma": 0.3932, "bus_tau_mean": 3.3566, "bus_tau_std": 1.3408, "bus_v_mean": 9.2505, "bus_v_std": 4.5463, "car_acc": 3.353, "car_dcc": 1.565, "car_lcAssertive": 11.7571, "car_lcCooperative": 0.6803, "car_lcLookaheadLeft": 21.8937, "car_lcPushy": 0.7831, "car_lcSigma": 0.6119, "car_lcSpeedGainRight": 2.7359, "car_lcSublane": 0.4469, "car_sigma": 0.7813, "car_tau_mean": 1.8909, "car_tau_std": 9.379, "car_v_mean": 19.1628, "car_v_std": 9.5025}, "datetime": {"datetime": "2024-08-12 02:20:02", "elapsed": 5842.809145, "delta": 4.499789}}
{"target": -0.7234051161945283, "params": {"bus_acc": 3.1353, "bus_dcc": 0.8447, "bus_lcAssertive": 41.6796, "bus_lcCooperative": 0.7164, "bus_lcLookaheadLeft": 96.9212, "bus_lcPushy": 0.9698, "bus_lcSigma": 0.5307, "bus_lcSpeedGainRight": 1.4335, "bus_lcSublane": 0.3904, "bus_sigma": 0.2497, "bus_tau_mean": 3.636, "bus_tau_std": 7.8226, "bus_v_mean": 21.9975, "bus_v_std": 5.023, "car_acc": 2.3892, "car_dcc": 0.3827, "car_lcAssertive": 43.3059, "car_lcCooperative": 0.8547, "car_lcLookaheadLeft": 65.6787, "car_lcPushy": 0.5873, "car_lcSigma": 0.1627, "car_lcSpeedGainRight": 2.1266, "car_lcSublane": 0.2908, "car_sigma": 0.0592, "car_tau_mean": 2.0519, "car_tau_std": 7.985, "car_v_mean": 10.9403, "car_v_std": 13.5193}, "datetime": {"datetime": "2024-08-12 02:20:06", "elapsed": 5847.048732, "delta": 4.239587}}
{"target": -0.7035311520188191, "params": {"bus_acc": 2.715, "bus_dcc": 3.4679, "bus_lcAssertive": 89.7012, "bus_lcCooperative": 0.288, "bus_lcLookaheadLeft": 46.9549, "bus_lcPushy": 0.5799, "bus_lcSigma": 0.473, "bus_lcSpeedGainRight": 2.538, "bus_lcSublane": 0.1002, "bus_sigma": 0.5316, "bus_tau_mean": 2.6735, "bus_tau_std": 8.5085, "bus_v_mean": 8.0797, "bus_v_std": 2.7863, "car_acc": 3.5041, "car_dcc": 2.3382, "car_lcAssertive": 7.0169, "car_lcCooperative": 0.9832, "car_lcLookaheadLeft": 32.1012, "car_lcPushy": 0.4727, "car_lcSigma": 0.8014, "car_lcSpeedGainRight": 0.6712, "car_lcSublane": 0.4181, "car_sigma": 0.5622, "car_tau_mean": 3.3305, "car_tau_std": 7.2696, "car_v_mean": 17.8968, "car_v_std": 0.6374}, "datetime": {"datetime": "2024-08-12 02:20:11", "elapsed": 5851.651438, "delta": 4.602706}}
{"target": -0.5391088187399512, "params": {"bus_acc": 1.7779, "bus_dcc": 2.2712, "bus_lcAssertive": 38.2593, "bus_lcCooperative": 0.0812, "bus_lcLookaheadLeft": 22.1099, "bus_lcPushy": 0.8461, "bus_lcSigma": 0.494, "bus_lcSpeedGainRight": 1.8939, "bus_lcSublane": 0.1485, "bus_sigma": 0.9962, "bus_tau_mean": 0.5229, "bus_tau_std": 7.4516, "bus_v_mean": 24.1717, "bus_v_std": 6.3245, "car_acc": 2.5784, "car_dcc": 2.8397, "car_lcAssertive": 66.8135, "car_lcCooperative": 0.4728, "car_lcLookaheadLeft": 15.1204, "car_lcPushy": 0.8297, "car_lcSigma": 0.29, "car_lcSpeedGainRight": 0.7901, "car_lcSublane": 0.4478, "car_sigma": 0.1414, "car_tau_mean": 1.7783, "car_tau_std": 2.7854, "car_v_mean": 12.5489, "car_v_std": 2.6707}, "datetime": {"datetime": "2024-08-12 02:20:16", "elapsed": 5856.564515, "delta": 4.913077}}
{"target": -0.4137664097239822, "params": {"bus_acc": 0.7843, "bus_dcc": 3.6674, "bus_lcAssertive": 11.2461, "bus_lcCooperative": 0.9954, "bus_lcLookaheadLeft": 65.5277, "bus_lcPushy": 0.4601, "bus_lcSigma": 0.4267, "bus_lcSpeedGainRight": 3.6034, "bus_lcSublane": 0.8716, "bus_sigma": 0.908, "bus_tau_mean": 3.2567, "bus_tau_std": 6.3388, "bus_v_mean": 24.8883, "bus_v_std": 18.6527, "car_acc": 1.2034, "car_dcc": 3.5935, "car_lcAssertive": 90.6947, "car_lcCooperative": 0.2735, "car_lcLookaheadLeft": 97.3724, "car_lcPushy": 0.8537, "car_lcSigma": 0.7504, "car_lcSpeedGainRight": 4.0087, "car_lcSublane": 0.0046, "car_sigma": 0.5741, "car_tau_mean": 0.6407, "car_tau_std": 6.0002, "car_v_mean": 14.8417, "car_v_std": 0.6637}, "datetime": {"datetime": "2024-08-12 02:20:22", "elapsed": 5862.197543, "delta": 5.633028}}
{"target": -0.6664583580850006, "params": {"bus_acc": 3.5085, "bus_dcc": 0.6729, "bus_lcAssertive": 69.1124, "bus_lcCooperative": 0.4868, "bus_lcLookaheadLeft": 5.8316, "bus_lcPushy": 0.1432, "bus_lcSigma": 0.1243, "bus_lcSpeedGainRight": 0.1598, "bus_lcSublane": 0.3834, "bus_sigma": 0.9711, "bus_tau_mean": 3.5615, "bus_tau_std": 0.3784, "bus_v_mean": 24.773, "bus_v_std": 7.0397, "car_acc": 1.6596, "car_dcc": 3.3134, "car_lcAssertive": 44.0314, "car_lcCooperative": 0.1631, "car_lcLookaheadLeft": 6.4582, "car_lcPushy": 0.2777, "car_lcSigma": 0.3792, "car_lcSpeedGainRight": 4.8238, "car_lcSublane": 0.6915, "car_sigma": 0.8783, "car_tau_mean": 3.9508, "car_tau_std": 7.8396, "car_v_mean": 10.2792, "car_v_std": 17.0823}, "datetime": {"datetime": "2024-08-12 02:20:27", "elapsed": 5868.160573, "delta": 5.96303}}
{"target": -0.4173508233609427, "params": {"bus_acc": 0.7996, "bus_dcc": 2.854, "bus_lcAssertive": 4.4809, "bus_lcCooperative": 0.9486, "bus_lcLookaheadLeft": 94.1298, "bus_lcPushy": 0.4864, "bus_lcSigma": 0.7356, "bus_lcSpeedGainRight": 1.675, "bus_lcSublane": 0.9836, "bus_sigma": 0.5328, "bus_tau_mean": 2.9778, "bus_tau_std": 4.0024, "bus_v_mean": 13.509, "bus_v_std": 5.8029, "car_acc": 0.6872, "car_dcc": 2.6714, "car_lcAssertive": 30.3492, "car_lcCooperative": 0.9423, "car_lcLookaheadLeft": 24.7626, "car_lcPushy": 0.9743, "car_lcSigma": 0.3461, "car_lcSpeedGainRight": 3.3475, "car_lcSublane": 0.4483, "car_sigma": 0.9477, "car_tau_mean": 3.7995, "car_tau_std": 8.8921, "car_v_mean": 12.863, "car_v_std": 18.1771}, "datetime": {"datetime": "2024-08-12 02:20:32", "elapsed": 5872.192985, "delta": 4.032412}}
{"target": -0.6584590824701311, "params": {"bus_acc": 3.2951, "bus_dcc": 2.6902, "bus_lcAssertive": 64.6628, "bus_lcCooperative": 0.4018, "bus_lcLookaheadLeft": 32.6798, "bus_lcPushy": 0.0799, "bus_lcSigma": 0.1091, "bus_lcSpeedGainRight": 4.466, "bus_lcSublane": 0.391, "bus_sigma": 0.2008, "bus_tau_mean": 0.6586, "bus_tau_std": 4.9488, "bus_v_mean": 11.3975, "bus_v_std": 6.3454, "car_acc": 3.6486, "car_dcc": 2.6921, "car_lcAssertive": 8.7572, "car_lcCooperative": 0.9199, "car_lcLookaheadLeft": 23.5867, "car_lcPushy": 0.8845, "car_lcSigma": 0.1633, "car_lcSpeedGainRight": 0.3122, "car_lcSublane": 0.5878, "car_sigma": 0.4681, "car_tau_mean": 0.9203, "car_tau_std": 9.824, "car_v_mean": 15.3285, "car_v_std": 0.0195}, "datetime": {"datetime": "2024-08-12 02:20:36", "elapsed": 5877.000854, "delta": 4.807869}}
{"target": -0.6316664590854706, "params": {"bus_acc": 3.0911, "bus_dcc": 2.7439, "bus_lcAssertive": 58.2267, "bus_lcCooperative": 0.9384, "bus_lcLookaheadLeft": 13.8187, "bus_lcPushy": 0.3096, "bus_lcSigma": 0.8091, "bus_lcSpeedGainRight": 4.1003, "bus_lcSublane": 0.2161, "bus_sigma": 0.137, "bus_tau_mean": 1.1532, "bus_tau_std": 1.1726, "bus_v_mean": 16.5024, "bus_v_std": 11.8859, "car_acc": 3.4452, "car_dcc": 1.4671, "car_lcAssertive": 67.9339, "car_lcCooperative": 0.4428, "car_lcLookaheadLeft": 79.2646, "car_lcPushy": 0.3944, "car_lcSigma": 0.1267, "car_lcSpeedGainRight": 0.519, "car_lcSublane": 0.2433, "car_sigma": 0.536, "car_tau_mean": 0.8959, "car_tau_std": 7.0377, "car_v_mean": 25.9029, "car_v_std": 15.4217}, "datetime": {"datetime": "2024-08-12 02:20:43", "elapsed": 5883.858545, "delta": 6.857691}}
{"target": -0.37618640251923435, "params": {"bus_acc": 3.1188, "bus_dcc": 2.7634, "bus_lcAssertive": 5.1818, "bus_lcCooperative": 0.8715, "bus_lcLookaheadLeft": 13.6496, "bus_lcPushy": 0.3679, "bus_lcSigma": 0.8718, "bus_lcSpeedGainRight": 0.3289, "bus_lcSublane": 0.5536, "bus_sigma": 0.1193, "bus_tau_mean": 2.9103, "bus_tau_std": 6.7412, "bus_v_mean": 10.3721, "bus_v_std": 14.8587, "car_acc": 0.6649, "car_dcc": 0.9832, "car_lcAssertive": 68.6638, "car_lcCooperative": 0.4305, "car_lcLookaheadLeft": 91.2125, "car_lcPushy": 0.6849, "car_lcSigma": 0.7483, "car_lcSpeedGainRight": 1.4605, "car_lcSublane": 0.502, "car_sigma": 0.1182, "car_tau_mean": 1.7625, "car_tau_std": 6.2352, "car_v_mean": 25.3558, "car_v_std": 1.5433}, "datetime": {"datetime": "2024-08-12 02:20:50", "elapsed": 5890.623007, "delta": 6.764462}}
