{"target": -0.7087192213120496, "params": {"bus_acc": 0.3907, "bus_dcc": 3.4891, "bus_lcAssertive": 33.899, "bus_lcCooperative": 0.2092, "bus_lcLookaheadLeft": 2.1914, "bus_lcPushy": 0.9234, "bus_lcSigma": 0.7456, "bus_lcSpeedGainRight": 4.5897, "bus_lcSublane": 0.3575, "bus_sigma": 0.817, "bus_tau_mean": 3.9905, "bus_tau_std": 2.2106, "bus_v_mean": 25.6183, "bus_v_std": 10.9059, "car_acc": 3.6381, "car_dcc": 2.9591, "car_lcAssertive": 74.4928, "car_lcCooperative": 0.6879, "car_lcLookaheadLeft": 42.8132, "car_lcPushy": 0.6485, "car_lcSigma": 0.2936, "car_lcSpeedGainRight": 0.3791, "car_lcSublane": 0.8008, "car_sigma": 0.3006, "car_tau_mean": 3.2334, "car_tau_std": 6.5626, "car_v_mean": 20.2986, "car_v_std": 6.2494}, "datetime": {"datetime": "2024-08-12 01:59:45", "elapsed": 4625.935155, "delta": 4.886715}}
{"target": -0.42499320575533367, "params": {"bus_acc": 2.5637, "bus_dcc": 2.0253, "bus_lcAssertive": 63.1541, "bus_lcCooperative": 0.7624, "bus_lcLookaheadLeft": 45.3785, "bus_lcPushy": 0.7882, "bus_lcSigma": 0.6976, "bus_lcSpeedGainRight": 0.7924, "bus_lcSublane": 0.7972, "bus_sigma": 0.4699, "bus_tau_mean": 1.4659, "bus_tau_std": 6.153, "bus_v_mean": 12.4322, "bus_v_std": 1.8961, "car_acc": 0.9471, "car_dcc": 2.1271, "car_lcAssertive": 42.4787, "car_lcCooperative": 0.6731, "car_lcLookaheadLeft": 4.338, "car_lcPushy": 0.2543, "car_lcSigma": 0.31, "car_lcSpeedGainRight": 3.5833, "car_lcSublane": 0.463, "car_sigma": 0.742, "car_tau_mean": 0.7568, "car_tau_std": 6.9319, "car_v_mean": 15.1787, "car_v_std": 1.5098}, "datetime": {"datetime": "2024-08-12 01:59:48", "elapsed": 4628.998743, "delta": 3.063588}}
{"target": -0.4157760055589737, "params": {"bus_acc": 0.376, "bus_dcc": 2.8077, "bus_lcAssertive": 46.1126, "bus_lcCooperative": 0.4994, "bus_lcLookaheadLeft": 63.8923, "bus_lcPushy": 0.5477, "bus_lcSigma": 0.3919, "bus_lcSpeedGainRight": 4.4266, "bus_lcSublane": 0.4752, "bus_sigma": 0.9542, "bus_tau_mean": 3.4343, "bus_tau_std": 7.0193, "bus_v_mean": 14.6054, "bus_v_std": 5.0909, "car_acc": 1.3784, "car_dcc": 2.4475, "car_lcAssertive": 24.6649, "car_lcCooperative": 0.994, "car_lcLookaheadLeft": 89.737, "car_lcPushy": 0.6749, "car_lcSigma": 0.8956, "car_lcSpeedGainRight": 3.9609, "car_lcSublane": 0.1608, "car_sigma": 0.5769, "car_tau_mean": 3.4812, "car_tau_std": 2.0446, "car_v_mean": 23.6029, "car_v_std": 13.0179}, "datetime": {"datetime": "2024-08-12 01:59:51", "elapsed": 4631.949377, "delta": 2.950634}}
{"target": -0.4952249774909674, "params": {"bus_acc": 1.0217, "bus_dcc": 0.5752, "bus_lcAssertive": 10.4318, "bus_lcCooperative": 0.9805, "bus_lcLookaheadLeft": 62.3037, "bus_lcPushy": 0.1382, "bus_lcSigma": 0.7682, "bus_lcSpeedGainRight": 1.8169, "bus_lcSublane": 0.0854, "bus_sigma": 0.1523, "bus_tau_mean": 0.6811, "bus_tau_std": 2.9209, "bus_v_mean": 15.9826, "bus_v_std": 15.27, "car_acc": 0.4714, "car_dcc": 2.1955, "car_lcAssertive": 30.6105, "car_lcCooperative": 0.5846, "car_lcLookaheadLeft": 21.7262, "car_lcPushy": 0.9779, "car_lcSigma": 0.7683, "car_lcSpeedGainRight": 2.326, "car_lcSublane": 0.7431, "car_sigma": 0.5538, "car_tau_mean": 2.5375, "car_tau_std": 9.6591, "car_v_mean": 18.7235, "car_v_std": 19.7186}, "datetime": {"datetime": "2024-08-12 01:59:57", "elapsed": 4637.231245, "delta": 5.281868}}
{"target": -0.610521360196503, "params": {"bus_acc": 0.5539, "bus_dcc": 3.6722, "bus_lcAssertive": 88.9221, "bus_lcCooperative": 0.8562, "bus_lcLookaheadLeft": 16.9757, "bus_lcPushy": 0.4005, "bus_lcSigma": 0.0245, "bus_lcSpeedGainRight": 1.4996, "bus_lcSublane": 0.7112, "bus_sigma": 0.3019, "bus_tau_mean": 2.1818, "bus_tau_std": 7.1542, "bus_v_mean": 14.0806, "bus_v_std": 4.881, "car_acc": 3.7421, "car_dcc": 2.5402, "car_lcAssertive": 12.5436, "car_lcCooperative": 0.311, "car_lcLookaheadLeft": 93.3529, "car_lcPushy": 0.208, "car_lcSigma": 0.8362, "car_lcSpeedGainRight": 0.0587, "car_lcSublane": 0.7173, "car_sigma": 0.9618, "car_tau_mean": 0.6441, "car_tau_std": 4.7373, "car_v_mean": 19.4909, "car_v_std": 10.0376}, "datetime": {"datetime": "2024-08-12 02:00:01", "elapsed": 4641.833321, "delta": 4.602076}}
{"target": -0.8338950680214426, "params": {"bus_acc": 1.6806, "bus_dcc": 1.6743, "bus_lcAssertive": 90.1682, "bus_lcCooperative": 0.1357, "bus_lcLookaheadLeft": 65.0979, "bus_lcPushy": 0.8897, "bus_lcSigma": 0.6934, "bus_lcSpeedGainRight": 4.4476, "bus_lcSublane": 0.7167, "bus_sigma": 0.4481, "bus_tau_mean": 2.465, "bus_tau_std": 3.5431, "bus_v_mean": 14.8397, "bus_v_std": 17.3844, "car_acc": 2.7971, "car_dcc": 2.3149, "car_lcAssertive": 2.6594, "car_lcCooperative": 0.915, "car_lcLookaheadLeft": 64.5742, "car_lcPushy": 0.7012, "car_lcSigma": 0.2114, "car_lcSpeedGainRight": 1.0905, "car_lcSublane": 0.915, "car_sigma": 0.4419, "car_tau_mean": 2.9682, "car_tau_std": 2.6562, "car_v_mean": 13.4333, "car_v_std": 1.8647}, "datetime": {"datetime": "2024-08-12 02:00:07", "elapsed": 4648.051074, "delta": 6.217753}}
{"target": -0.4752639968152632, "params": {"bus_acc": 1.3091, "bus_dcc": 3.2846, "bus_lcAssertive": 20.6569, "bus_lcCooperative": 0.3069, "bus_lcLookaheadLeft": 19.958, "bus_lcPushy": 0.7826, "bus_lcSigma": 0.9163, "bus_lcSpeedGainRight": 4.2222, "bus_lcSublane": 0.1944, "bus_sigma": 0.039, "bus_tau_mean": 1.7787, "bus_tau_std": 2.9084, "bus_v_mean": 21.8273, "bus_v_std": 15.063, "car_acc": 1.6447, "car_dcc": 1.0641, "car_lcAssertive": 70.708, "car_lcCooperative": 0.5132, "car_lcLookaheadLeft": 92.9421, "car_lcPushy": 0.5053, "car_lcSigma": 0.1167, "car_lcSpeedGainRight": 4.9653, "car_lcSublane": 0.7296, "car_sigma": 0.1549, "car_tau_mean": 1.9003, "car_tau_std": 8.6744, "car_v_mean": 11.0745, "car_v_std": 4.9885}, "datetime": {"datetime": "2024-08-12 02:00:13", "elapsed": 4654.089951, "delta": 6.038877}}
{"target": -0.6503810236664284, "params": {"bus_acc": 1.9463, "bus_dcc": 2.7827, "bus_lcAssertive": 84.5092, "bus_lcCooperative": 0.6145, "bus_lcLookaheadLeft": 12.5533, "bus_lcPushy": 0.2327, "bus_lcSigma": 0.4671, "bus_lcSpeedGainRight": 0.4244, "bus_lcSublane": 0.0129, "bus_sigma": 0.6805, "bus_tau_mean": 2.9892, "bus_tau_std": 5.2689, "bus_v_mean": 13.3731, "bus_v_std": 13.0122, "car_acc": 3.2162, "car_dcc": 3.6234, "car_lcAssertive": 31.6139, "car_lcCooperative": 0.1806, "car_lcLookaheadLeft": 36.5731, "car_lcPushy": 0.4389, "car_lcSigma": 0.1602, "car_lcSpeedGainRight": 4.738, "car_lcSublane": 0.1252, "car_sigma": 0.4917, "car_tau_mean": 2.6848, "car_tau_std": 1.4512, "car_v_mean": 8.11, "car_v_std": 17.6293}, "datetime": {"datetime": "2024-08-12 02:00:18", "elapsed": 4659.024602, "delta": 4.934651}}
{"target": -0.442099533625721, "params": {"bus_acc": 1.475, "bus_dcc": 3.4476, "bus_lcAssertive": 94.2972, "bus_lcCooperative": 0.8743, "bus_lcLookaheadLeft": 35.7514, "bus_lcPushy": 0.7982, "bus_lcSigma": 0.3719, "bus_lcSpeedGainRight": 4.6999, "bus_lcSublane": 0.8147, "bus_sigma": 0.5304, "bus_tau_mean": 0.5605, "bus_tau_std": 6.8091, "bus_v_mean": 17.8178, "bus_v_std": 15.261, "car_acc": 1.9616, "car_dcc": 2.4279, "car_lcAssertive": 92.9221, "car_lcCooperative": 0.5405, "car_lcLookaheadLeft": 53.6261, "car_lcPushy": 0.8222, "car_lcSigma": 0.3795, "car_lcSpeedGainRight": 0.5008, "car_lcSublane": 0.585, "car_sigma": 0.7632, "car_tau_mean": 1.778, "car_tau_std": 1.822, "car_v_mean": 19.8484, "car_v_std": 2.9678}, "datetime": {"datetime": "2024-08-12 02:00:23", "elapsed": 4663.979277, "delta": 4.954675}}
{"target": -0.22738004988426438, "params": {"bus_acc": 1.9483, "bus_dcc": 3.2071, "bus_lcAssertive": 61.3121, "bus_lcCooperative": 0.7848, "bus_lcLookaheadLeft": 41.5377, "bus_lcPushy": 0.0221, "bus_lcSigma": 0.3376, "bus_lcSpeedGainRight": 1.9166, "bus_lcSublane": 0.2719, "bus_sigma": 0.6773, "bus_tau_mean": 1.1658, "bus_tau_std": 9.0834, "bus_v_mean": 19.066, "bus_v_std": 6.4641, "car_acc": 0.3905, "car_dcc": 3.8986, "car_lcAssertive": 22.6898, "car_lcCooperative": 0.82, "car_lcLookaheadLeft": 47.2486, "car_lcPushy": 0.0094, "car_lcSigma": 0.8051, "car_lcSpeedGainRight": 3.7013, "car_lcSublane": 0.9116, "car_sigma": 0.673, "car_tau_mean": 3.847, "car_tau_std": 8.5623, "car_v_mean": 11.0287, "car_v_std": 16.0722}, "datetime": {"datetime": "2024-08-12 02:00:29", "elapsed": 4669.902453, "delta": 5.923176}}
{"target": -0.6431308520924627, "params": {"bus_acc": 3.6889, "bus_dcc": 1.744, "bus_lcAssertive": 16.8434, "bus_lcCooperative": 0.5158, "bus_lcLookaheadLeft": 44.0223, "bus_lcPushy": 0.8926, "bus_lcSigma": 0.9563, "bus_lcSpeedGainRight": 4.022, "bus_lcSublane": 0.3072, "bus_sigma": 0.9007, "bus_tau_mean": 0.6846, "bus_tau_std": 2.6456, "bus_v_mean": 20.1234, "bus_v_std": 10.5782, "car_acc": 2.0884, "car_dcc": 2.6363, "car_lcAssertive": 72.6905, "car_lcCooperative": 0.2582, "car_lcLookaheadLeft": 52.1143, "car_lcPushy": 0.6272, "car_lcSigma": 0.5632, "car_lcSpeedGainRight": 3.3842, "car_lcSublane": 0.2448, "car_sigma": 0.0252, "car_tau_mean": 2.932, "car_tau_std": 1.9521, "car_v_mean": 20.0941, "car_v_std": 14.7403}, "datetime": {"datetime": "2024-08-12 02:00:32", "elapsed": 4672.856443, "delta": 2.95399}}
{"target": -0.6314931369260383, "params": {"bus_acc": 0.7468, "bus_dcc": 2.2051, "bus_lcAssertive": 42.9902, "bus_lcCooperative": 0.3949, "bus_lcLookaheadLeft": 79.4344, "bus_lcPushy": 0.824, "bus_lcSigma": 0.16, "bus_lcSpeedGainRight": 2.6569, "bus_lcSublane": 0.8127, "bus_sigma": 0.1177, "bus_tau_mean": 3.8287, "bus_tau_std": 7.397, "bus_v_mean": 13.1045, "bus_v_std": 7.3626, "car_acc": 3.1002, "car_dcc": 2.021, "car_lcAssertive": 69.0675, "car_lcCooperative": 0.2435, "car_lcLookaheadLeft": 95.8075, "car_lcPushy": 0.4312, "car_lcSigma": 0.0035, "car_lcSpeedGainRight": 2.6302, "car_lcSublane": 0.9156, "car_sigma": 0.9667, "car_tau_mean": 1.0851, "car_tau_std": 4.7303, "car_v_mean": 25.4903, "car_v_std": 8.1819}, "datetime": {"datetime": "2024-08-12 02:00:38", "elapsed": 4679.014382, "delta": 6.157939}}
{"target": -0.538192282904124, "params": {"bus_acc": 1.3689, "bus_dcc": 0.8955, "bus_lcAssertive": 74.2192, "bus_lcCooperative": 0.7394, "bus_lcLookaheadLeft": 63.5442, "bus_lcPushy": 0.833, "bus_lcSigma": 0.2756, "bus_lcSpeedGainRight": 4.3277, "bus_lcSublane": 0.6287, "bus_sigma": 0.2852, "bus_tau_mean": 0.9711, "bus_tau_std": 7.5088, "bus_v_mean": 14.5679, "bus_v_std": 2.588, "car_acc": 0.8464, "car_dcc": 3.8171, "car_lcAssertive": 40.652, "car_lcCooperative": 0.9588, "car_lcLookaheadLeft": 65.8439, "car_lcPushy": 0.2633, "car_lcSigma": 0.7467, "car_lcSpeedGainRight": 2.9702, "car_lcSublane": 0.4777, "car_sigma": 0.8489, "car_tau_mean": 3.686, "car_tau_std": 1.3515, "car_v_mean": 24.6268, "car_v_std": 8.7319}, "datetime": {"datetime": "2024-08-12 02:00:42", "elapsed": 4683.078324, "delta": 4.063942}}
{"target": -0.6765540081959923, "params": {"bus_acc": 1.2899, "bus_dcc": 3.6196, "bus_lcAssertive": 99.9657, "bus_lcCooperative": 0.4921, "bus_lcLookaheadLeft": 39.9547, "bus_lcPushy": 0.2613, "bus_lcSigma": 0.9625, "bus_lcSpeedGainRight": 3.885, "bus_lcSublane": 0.3198, "bus_sigma": 0.4756, "bus_tau_mean": 2.8657, "bus_tau_std": 7.9043, "bus_v_mean": 17.9547, "bus_v_std": 14.3896, "car_acc": 2.8415, "car_dcc": 3.1784, "car_lcAssertive": 87.2906, "car_lcCooperative": 0.3674, "car_lcLookaheadLeft": 69.1305, "car_lcPushy": 0.5533, "car_lcSigma": 0.6524, "car_lcSpeedGainRight": 1.8687, "car_lcSublane": 0.8538, "car_sigma": 0.5025, "car_tau_mean": 2.8067, "car_tau_std": 0.3604, "car_v_mean": 8.5841, "car_v_std": 15.4117}, "datetime": {"datetime": "2024-08-12 02:00:46", "elapsed": 4686.793348, "delta": 3.715024}}
{"target": -0.6884477320581288, "params": {"bus_acc": 2.7992, "bus_dcc": 0.5673, "bus_lcAssertive": 18.1889, "bus_lcCooperative": 0.0971, "bus_lcLookaheadLeft": 90.0061, "bus_lcPushy": 0.0865, "bus_lcSigma": 0.7779, "bus_lcSpeedGainRight": 1.2333, "bus_lcSublane": 0.5271, "bus_sigma": 0.3277, "bus_tau_mean": 0.7698, "bus_tau_std": 5.3407, "bus_v_mean": 25.0521, "bus_v_std": 15.3444, "car_acc": 2.7954, "car_dcc": 2.2596, "car_lcAssertive": 90.2276, "car_lcCooperative": 0.3047, "car_lcLookaheadLeft": 34.2271, "car_lcPushy": 0.9192, "car_lcSigma": 0.7753, "car_lcSpeedGainRight": 1.2498, "car_lcSublane": 0.1833, "car_sigma": 0.3927, "car_tau_mean": 3.5514, "car_tau_std": 7.1375, "car_v_mean": 8.3252, "car_v_std": 1.9171}, "datetime": {"datetime": "2024-08-12 02:00:51", "elapsed": 4692.155394, "delta": 5.362046}}
{"target": -0.8981237363638179, "params": {"bus_acc": 1.4824, "bus_dcc": 1.8982, "bus_lcAssertive": 1.5103, "bus_lcCooperative": 0.0383, "bus_lcLookaheadLeft": 54.3633, "bus_lcPushy": 0.1847, "bus_lcSigma": 0.4446, "bus_lcSpeedGainRight": 0.2391, "bus_lcSublane": 0.2332, "bus_sigma": 0.483, "bus_tau_mean": 0.5822, "bus_tau_std": 2.1388, "bus_v_mean": 23.5482, "bus_v_std": 15.9405, "car_acc": 2.7442, "car_dcc": 0.3289, "car_lcAssertive": 62.0503, "car_lcCooperative": 0.7656, "car_lcLookaheadLeft": 33.0336, "car_lcPushy": 0.8113, "car_lcSigma": 0.9789, "car_lcSpeedGainRight": 0.3762, "car_lcSublane": 0.8948, "car_sigma": 0.5603, "car_tau_mean": 1.0657, "car_tau_std": 2.1188, "car_v_mean": 11.1277, "car_v_std": 11.8123}, "datetime": {"datetime": "2024-08-12 02:00:56", "elapsed": 4696.879023, "delta": 4.723629}}
{"target": -0.6325736601670102, "params": {"bus_acc": 0.9595, "bus_dcc": 0.3663, "bus_lcAssertive": 53.2225, "bus_lcCooperative": 0.1191, "bus_lcLookaheadLeft": 84.9855, "bus_lcPushy": 0.099, "bus_lcSigma": 0.938, "bus_lcSpeedGainRight": 1.718, "bus_lcSublane": 0.6822, "bus_sigma": 0.8379, "bus_tau_mean": 1.2809, "bus_tau_std": 9.4344, "bus_v_mean": 10.7452, "bus_v_std": 0.5277, "car_acc": 2.9213, "car_dcc": 2.2145, "car_lcAssertive": 11.5595, "car_lcCooperative": 0.4233, "car_lcLookaheadLeft": 99.2117, "car_lcPushy": 0.0146, "car_lcSigma": 0.7961, "car_lcSpeedGainRight": 3.5711, "car_lcSublane": 0.764, "car_sigma": 0.1102, "car_tau_mean": 1.566, "car_tau_std": 1.8397, "car_v_mean": 13.1446, "car_v_std": 1.0872}, "datetime": {"datetime": "2024-08-12 02:01:00", "elapsed": 4700.744423, "delta": 3.8654}}
{"target": -0.5627195543982636, "params": {"bus_acc": 2.9555, "bus_dcc": 2.8411, "bus_lcAssertive": 72.1613, "bus_lcCooperative": 0.5891, "bus_lcLookaheadLeft": 20.6885, "bus_lcPushy": 0.6985, "bus_lcSigma": 0.9372, "bus_lcSpeedGainRight": 0.0814, "bus_lcSublane": 0.751, "bus_sigma": 0.6524, "bus_tau_mean": 3.0983, "bus_tau_std": 6.5777, "bus_v_mean": 12.5696, "bus_v_std": 4.6224, "car_acc": 3.3799, "car_dcc": 3.7078, "car_lcAssertive": 21.7478, "car_lcCooperative": 0.7796, "car_lcLookaheadLeft": 45.9786, "car_lcPushy": 0.381, "car_lcSigma": 0.7302, "car_lcSpeedGainRight": 4.5865, "car_lcSublane": 0.1459, "car_sigma": 0.0933, "car_tau_mean": 1.9133, "car_tau_std": 6.7199, "car_v_mean": 16.8361, "car_v_std": 2.8445}, "datetime": {"datetime": "2024-08-12 02:01:07", "elapsed": 4707.901604, "delta": 7.157181}}
{"target": -0.6186439383971777, "params": {"bus_acc": 3.266, "bus_dcc": 3.1242, "bus_lcAssertive": 16.307, "bus_lcCooperative": 0.2153, "bus_lcLookaheadLeft": 84.923, "bus_lcPushy": 0.7174, "bus_lcSigma": 0.5167, "bus_lcSpeedGainRight": 0.8598, "bus_lcSublane": 0.2151, "bus_sigma": 0.1351, "bus_tau_mean": 1.9822, "bus_tau_std": 7.9468, "bus_v_mean": 17.6357, "bus_v_std": 19.7806, "car_acc": 3.1229, "car_dcc": 2.7475, "car_lcAssertive": 6.7394, "car_lcCooperative": 0.947, "car_lcLookaheadLeft": 10.0777, "car_lcPushy": 0.1299, "car_lcSigma": 0.6556, "car_lcSpeedGainRight": 2.1036, "car_lcSublane": 0.3197, "car_sigma": 0.347, "car_tau_mean": 3.0041, "car_tau_std": 7.1619, "car_v_mean": 8.2073, "car_v_std": 6.742}, "datetime": {"datetime": "2024-08-12 02:01:11", "elapsed": 4711.589863, "delta": 3.688259}}
{"target": -0.3706801782666915, "params": {"bus_acc": 0.4413, "bus_dcc": 2.8463, "bus_lcAssertive": 40.9185, "bus_lcCooperative": 0.6914, "bus_lcLookaheadLeft": 20.5495, "bus_lcPushy": 0.4982, "bus_lcSigma": 0.5749, "bus_lcSpeedGainRight": 4.297, "bus_lcSublane": 0.2734, "bus_sigma": 0.462, "bus_tau_mean": 0.7586, "bus_tau_std": 7.1184, "bus_v_mean": 14.943, "bus_v_std": 6.2803, "car_acc": 1.5526, "car_dcc": 3.7784, "car_lcAssertive": 86.8981, "car_lcCooperative": 0.9342, "car_lcLookaheadLeft": 48.2685, "car_lcPushy": 0.6244, "car_lcSigma": 0.3605, "car_lcSpeedGainRight": 0.4337, "car_lcSublane": 0.654, "car_sigma": 0.1113, "car_tau_mean": 2.2995, "car_tau_std": 0.4222, "car_v_mean": 19.4458, "car_v_std": 18.939}, "datetime": {"datetime": "2024-08-12 02:01:16", "elapsed": 4716.474618, "delta": 4.884755}}
{"target": -0.7408189105604532, "params": {"bus_acc": 2.7052, "bus_dcc": 2.0292, "bus_lcAssertive": 32.5911, "bus_lcCooperative": 0.9317, "bus_lcLookaheadLeft": 86.0078, "bus_lcPushy": 0.8424, "bus_lcSigma": 0.6512, "bus_lcSpeedGainRight": 0.562, "bus_lcSublane": 0.1564, "bus_sigma": 0.4753, "bus_tau_mean": 2.6606, "bus_tau_std": 2.5656, "bus_v_mean": 20.4336, "bus_v_std": 4.8147, "car_acc": 2.8405, "car_dcc": 0.6419, "car_lcAssertive": 39.7918, "car_lcCooperative": 0.6142, "car_lcLookaheadLeft": 26.1499, "car_lcPushy": 0.4673, "car_lcSigma": 0.1201, "car_lcSpeedGainRight": 2.3347, "car_lcSublane": 0.0599, "car_sigma": 0.1715, "car_tau_mean": 3.8107, "car_tau_std": 0.0402, "car_v_mean": 23.1085, "car_v_std": 4.5297}, "datetime": {"datetime": "2024-08-12 02:01:20", "elapsed": 4720.797862, "delta": 4.323244}}
{"target": -0.6887729504471712, "params": {"bus_acc": 2.7954, "bus_dcc": 1.1015, "bus_lcAssertive": 62.3967, "bus_lcCooperative": 0.2185, "bus_lcLookaheadLeft": 17.4163, "bus_lcPushy": 0.6955, "bus_lcSigma": 0.9839, "bus_lcSpeedGainRight": 0.4446, "bus_lcSublane": 0.5537, "bus_sigma": 0.2197, "bus_tau_mean": 2.7332, "bus_tau_std": 3.8629, "bus_v_mean": 12.0699, "bus_v_std": 15.8721, "car_acc": 2.0705, "car_dcc": 0.562, "car_lcAssertive": 88.7693, "car_lcCooperative": 0.6096, "car_lcLookaheadLeft": 22.3344, "car_lcPushy": 0.7679, "car_lcSigma": 0.9539, "car_lcSpeedGainRight": 4.715, "car_lcSublane": 0.0969, "car_sigma": 0.5301, "car_tau_mean": 0.8593, "car_tau_std": 2.5268, "car_v_mean": 8.8144, "car_v_std": 11.7129}, "datetime": {"datetime": "2024-08-12 02:01:26", "elapsed": 4726.67402, "delta": 5.876158}}
{"target": -0.389497337709189, "params": {"bus_acc": 2.3829, "bus_dcc": 0.3922, "bus_lcAssertive": 43.1648, "bus_lcCooperative": 0.1013, "bus_lcLookaheadLeft": 19.5266, "bus_lcPushy": 0.2766, "bus_lcSigma": 0.0218, "bus_lcSpeedGainRight": 1.0791, "bus_lcSublane": 0.4896, "bus_sigma": 0.7121, "bus_tau_mean": 3.5255, "bus_tau_std": 8.095, "bus_v_mean": 19.7521, "bus_v_std": 19.1775, "car_acc": 1.1467, "car_dcc": 3.5669, "car_lcAssertive": 56.8186, "car_lcCooperative": 0.296, "car_lcLookaheadLeft": 15.4702, "car_lcPushy": 0.5883, "car_lcSigma": 0.6845, "car_lcSpeedGainRight": 4.0479, "car_lcSublane": 0.0631, "car_sigma": 0.2658, "car_tau_mean": 1.2712, "car_tau_std": 6.1102, "car_v_mean": 11.8614, "car_v_std": 17.8059}, "datetime": {"datetime": "2024-08-12 02:01:30", "elapsed": 4730.292452, "delta": 3.618432}}
{"target": -0.6501321553109122, "params": {"bus_acc": 2.4239, "bus_dcc": 2.829, "bus_lcAssertive": 56.0619, "bus_lcCooperative": 0.0457, "bus_lcLookaheadLeft": 62.0556, "bus_lcPushy": 0.7739, "bus_lcSigma": 0.3734, "bus_lcSpeedGainRight": 2.8995, "bus_lcSublane": 0.9389, "bus_sigma": 0.2638, "bus_tau_mean": 1.7327, "bus_tau_std": 6.5274, "bus_v_mean": 12.0507, "bus_v_std": 3.203, "car_acc": 2.1009, "car_dcc": 2.438, "car_lcAssertive": 42.0633, "car_lcCooperative": 0.135, "car_lcLookaheadLeft": 98.573, "car_lcPushy": 0.2557, "car_lcSigma": 0.1797, "car_lcSpeedGainRight": 4.8266, "car_lcSublane": 0.9554, "car_sigma": 0.859, "car_tau_mean": 3.8386, "car_tau_std": 0.0006, "car_v_mean": 9.7206, "car_v_std": 3.1733}, "datetime": {"datetime": "2024-08-12 02:01:36", "elapsed": 4736.911309, "delta": 6.618857}}
{"target": -0.6651444201285531, "params": {"bus_acc": 1.7548, "bus_dcc": 2.5928, "bus_lcAssertive": 30.4051, "bus_lcCooperative": 0.9154, "bus_lcLookaheadLeft": 61.5199, "bus_lcPushy": 0.5762, "bus_lcSigma": 0.5721, "bus_lcSpeedGainRight": 3.5933, "bus_lcSublane": 0.9186, "bus_sigma": 0.327, "bus_tau_mean": 3.5776, "bus_tau_std": 1.322, "bus_v_mean": 25.1138, "bus_v_std": 9.4197, "car_acc": 2.8536, "car_dcc": 1.8858, "car_lcAssertive": 70.7953, "car_lcCooperative": 0.3668, "car_lcLookaheadLeft": 7.6445, "car_lcPushy": 0.369, "car_lcSigma": 0.5228, "car_lcSpeedGainRight": 2.1357, "car_lcSublane": 0.5561, "car_sigma": 0.3416, "car_tau_mean": 1.3259, "car_tau_std": 5.9149, "car_v_mean": 16.9814, "car_v_std": 11.9911}, "datetime": {"datetime": "2024-08-12 02:01:41", "elapsed": 4741.868993, "delta": 4.957684}}
{"target": -0.49523187958790277, "params": {"bus_acc": 1.2943, "bus_dcc": 1.3845, "bus_lcAssertive": 78.9869, "bus_lcCooperative": 0.412, "bus_lcLookaheadLeft": 47.7962, "bus_lcPushy": 0.7861, "bus_lcSigma": 0.499, "bus_lcSpeedGainRight": 2.4933, "bus_lcSublane": 0.7619, "bus_sigma": 0.2882, "bus_tau_mean": 2.0647, "bus_tau_std": 5.3803, "bus_v_mean": 18.5611, "bus_v_std": 15.6901, "car_acc": 2.4113, "car_dcc": 2.1181, "car_lcAssertive": 72.6229, "car_lcCooperative": 0.7165, "car_lcLookaheadLeft": 74.3402, "car_lcPushy": 0.9819, "car_lcSigma": 0.3035, "car_lcSpeedGainRight": 2.1727, "car_lcSublane": 0.2425, "car_sigma": 0.555, "car_tau_mean": 3.5607, "car_tau_std": 7.7711, "car_v_mean": 14.6196, "car_v_std": 18.5998}, "datetime": {"datetime": "2024-08-12 02:01:45", "elapsed": 4745.413224, "delta": 3.544231}}
